1.295150017738342285e+01
2.574932575225830078e-01
2.469029426574707031e-01
2.452065944671630859e-01
2.401931285858154297e-01
2.371692657470703125e-01
2.377529144287109375e-01
2.396528720855712891e-01
2.351427078247070312e-01
2.371869087219238281e-01
2.367572784423828125e-01
2.379291057586669922e-01
2.380359172821044922e-01
2.378406524658203125e-01
2.031211853027343750e-01
2.034976482391357422e-01
2.027127742767333984e-01
2.039067745208740234e-01
2.022945880889892578e-01
2.021594047546386719e-01
2.016901969909667969e-01
2.017552852630615234e-01
2.015385627746582031e-01
2.022597789764404297e-01
2.029962539672851562e-01
2.018249034881591797e-01
2.016606330871582031e-01
2.019770145416259766e-01
2.023050785064697266e-01
1.038203239440917969e-01
2.526822090148925781e-01
2.477746009826660156e-01
2.437391281127929688e-01
2.422890663146972656e-01
2.456758022308349609e-01
2.455701828002929688e-01
2.429449558258056641e-01
2.407054901123046875e-01
2.403473854064941406e-01
2.405073642730712891e-01
2.404625415802001953e-01
2.408187389373779297e-01
2.404987812042236328e-01
2.410042285919189453e-01
1.981525421142578125e-01
1.980154514312744141e-01
2.005872726440429688e-01
2.003970146179199219e-01
2.003920078277587891e-01
2.003660202026367188e-01
2.002477645874023438e-01
2.005641460418701172e-01
2.005932331085205078e-01
1.932868957519531250e-01
1.918702125549316406e-01
1.967651844024658203e-01
2.004201412200927734e-01
2.086009979248046875e-01
2.017211914062500000e-01
5.560588836669921875e-02
2.540283203125000000e-01
2.450540065765380859e-01
2.405664920806884766e-01
2.358093261718750000e-01
2.360498905181884766e-01
2.385492324829101562e-01
2.382540702819824219e-01
2.383317947387695312e-01
2.382695674896240234e-01
2.383923530578613281e-01
2.385566234588623047e-01
2.383434772491455078e-01
2.380962371826171875e-01
2.385280132293701172e-01
1.994211673736572266e-01
2.004501819610595703e-01
1.952428817749023438e-01
1.945829391479492188e-01
2.000465393066406250e-01
2.005159854888916016e-01
1.982774734497070312e-01
2.006056308746337891e-01
2.007851600646972656e-01
2.005980014801025391e-01
2.031450271606445312e-01
2.040736675262451172e-01
2.046499252319335938e-01
2.045929431915283203e-01
2.045736312866210938e-01
5.895614624023437500e-02
2.550239562988281250e-01
2.436041831970214844e-01
2.425880432128906250e-01
2.363085746765136719e-01
2.388737201690673828e-01
2.386472225189208984e-01
2.384448051452636719e-01
2.401802539825439453e-01
2.380685806274414062e-01
2.353949546813964844e-01
2.316834926605224609e-01
2.283029556274414062e-01
2.405903339385986328e-01
2.034428119659423828e-01
2.011461257934570312e-01
2.004921436309814453e-01
2.005519866943359375e-01
2.008481025695800781e-01
2.008843421936035156e-01
2.005033493041992188e-01
2.009384632110595703e-01
2.031044960021972656e-01
2.041575908660888672e-01
2.039158344268798828e-01
2.045466899871826172e-01
2.052245140075683594e-01
2.040197849273681641e-01
2.040166854858398438e-01
2.037053108215332031e-01
7.248449325561523438e-02
2.525935173034667969e-01
2.501370906829833984e-01
2.413928508758544922e-01
2.369108200073242188e-01
2.323114871978759766e-01
2.345285415649414062e-01
2.373328208923339844e-01
2.372498512268066406e-01
2.373571395874023438e-01
2.369995117187500000e-01
2.371737957000732422e-01
2.369365692138671875e-01
2.370214462280273438e-01
2.370305061340332031e-01
2.039370536804199219e-01
2.038605213165283203e-01
2.039210796356201172e-01
2.034571170806884766e-01
2.064583301544189453e-01
2.056822776794433594e-01
2.055118083953857422e-01
2.049221992492675781e-01
2.041070461273193359e-01
2.035994529724121094e-01
2.041285037994384766e-01
2.036485671997070312e-01
2.035169601440429688e-01
2.036712169647216797e-01
2.039477825164794922e-01
7.337474822998046875e-02
2.558727264404296875e-01
2.518842220306396484e-01
2.392842769622802734e-01
2.373089790344238281e-01
2.394216060638427734e-01
2.346930503845214844e-01
2.372202873229980469e-01
2.370464801788330078e-01
2.343020439147949219e-01
2.366242408752441406e-01
2.393374443054199219e-01
2.395100593566894531e-01
2.392919063568115234e-01
2.393987178802490234e-01
1.943588256835937500e-01
2.065970897674560547e-01
2.028253078460693359e-01
2.033808231353759766e-01
2.058639526367187500e-01
2.039203643798828125e-01
2.040743827819824219e-01
2.043251991271972656e-01
2.032318115234375000e-01
2.039461135864257812e-01
2.041811943054199219e-01
2.067260742187500000e-01
2.055048942565917969e-01
2.035870552062988281e-01
2.019352912902832031e-01
7.731604576110839844e-02
2.555127143859863281e-01
2.480318546295166016e-01
2.452230453491210938e-01
2.458727359771728516e-01
2.445192337036132812e-01
2.429771423339843750e-01
2.449886798858642578e-01
2.449529170989990234e-01
2.448906898498535156e-01
2.452437877655029297e-01
2.431263923645019531e-01
2.449548244476318359e-01
2.445020675659179688e-01
2.428836822509765625e-01
2.077167034149169922e-01
2.062568664550781250e-01
2.044026851654052734e-01
2.045247554779052734e-01
2.072639465332031250e-01
2.056477069854736328e-01
2.059900760650634766e-01
2.042829990386962891e-01
1.997251510620117188e-01
2.014830112457275391e-01
2.019150257110595703e-01
2.013456821441650391e-01
2.016234397888183594e-01
2.016096115112304688e-01
2.016336917877197266e-01
7.729339599609375000e-02
2.542500495910644531e-01
2.467706203460693359e-01
2.471194267272949219e-01
2.465746402740478516e-01
2.466304302215576172e-01
2.462093830108642578e-01
2.464728355407714844e-01
2.514758110046386719e-01
2.499582767486572266e-01
2.496049404144287109e-01
2.482516765594482422e-01
2.475507259368896484e-01
2.443537712097167969e-01
2.417488098144531250e-01
2.049119472503662109e-01
2.039625644683837891e-01
2.037374973297119141e-01
2.041764259338378906e-01
2.042145729064941406e-01
2.040982246398925781e-01
1.997065544128417969e-01
1.995911598205566406e-01
1.993920803070068359e-01
2.016518115997314453e-01
2.015266418457031250e-01
2.064347267150878906e-01
2.016570568084716797e-01
2.019109725952148438e-01
2.017567157745361328e-01
7.733130455017089844e-02
2.563238143920898438e-01
2.482275962829589844e-01
2.447123527526855469e-01
2.449703216552734375e-01
2.412314414978027344e-01
2.468461990356445312e-01
2.437739372253417969e-01
2.423849105834960938e-01
2.395808696746826172e-01
2.400157451629638672e-01
2.375395298004150391e-01
2.333965301513671875e-01
2.354683876037597656e-01
2.145960330963134766e-01
2.070407867431640625e-01
2.050552368164062500e-01
2.002713680267333984e-01
2.000284194946289062e-01
1.997671127319335938e-01
1.999607086181640625e-01
2.003202438354492188e-01
1.998167037963867188e-01
1.997888088226318359e-01
1.999208927154541016e-01
1.998469829559326172e-01
2.001276016235351562e-01
1.997981071472167969e-01
2.023401260375976562e-01
2.021691799163818359e-01
7.694602012634277344e-02
2.567574977874755859e-01
2.526021003723144531e-01
2.475116252899169922e-01
2.451891899108886719e-01
2.414984703063964844e-01
2.416284084320068359e-01
2.415871620178222656e-01
2.417545318603515625e-01
2.390534877777099609e-01
2.377715110778808594e-01
2.377202510833740234e-01
2.379813194274902344e-01
2.378826141357421875e-01
2.377498149871826172e-01
2.047991752624511719e-01
2.051088809967041016e-01
2.079637050628662109e-01
2.063364982604980469e-01
2.050290107727050781e-01
2.019622325897216797e-01
2.023682594299316406e-01
2.023472785949707031e-01
2.022829055786132812e-01
2.025456428527832031e-01
2.025125026702880859e-01
2.021756172180175781e-01
2.023377418518066406e-01
1.970398426055908203e-01
1.944577693939208984e-01
9.092187881469726562e-02
2.562725543975830078e-01
2.495746612548828125e-01
2.449245452880859375e-01
2.423932552337646484e-01
2.402176856994628906e-01
2.352547645568847656e-01
2.327654361724853516e-01
2.352266311645507812e-01
2.402358055114746094e-01
2.352447509765625000e-01
2.424359321594238281e-01
2.426397800445556641e-01
2.425773143768310547e-01
2.423229217529296875e-01
1.962771415710449219e-01
2.030572891235351562e-01
1.998438835144042969e-01
2.000479698181152344e-01
2.001376152038574219e-01
1.999487876892089844e-01
1.974315643310546875e-01
1.943938732147216797e-01
2.013089656829833984e-01
1.975493431091308594e-01
2.021934986114501953e-01
2.019417285919189453e-01
2.021865844726562500e-01
2.025148868560791016e-01
2.021079063415527344e-01
7.736778259277343750e-02
2.570309638977050781e-01
2.489020824432373047e-01
2.471027374267578125e-01
2.428295612335205078e-01
2.429077625274658203e-01
2.427997589111328125e-01
2.358131408691406250e-01
2.427632808685302734e-01
2.426917552947998047e-01
2.425558567047119141e-01
2.426009178161621094e-01
2.424020767211914062e-01
2.426950931549072266e-01
2.377979755401611328e-01
1.963171958923339844e-01
1.999123096466064453e-01
1.977472305297851562e-01
2.001502513885498047e-01
2.002434730529785156e-01
2.000916004180908203e-01
1.997992992401123047e-01
2.001650333404541016e-01
1.996927261352539062e-01
1.999046802520751953e-01
2.004036903381347656e-01
1.999840736389160156e-01
2.000586986541748047e-01
2.074282169342041016e-01
2.087125778198242188e-01
2.428364753723144531e-02
2.556846141815185547e-01
2.525105476379394531e-01
2.471611499786376953e-01
2.449436187744140625e-01
2.381355762481689453e-01
2.377526760101318359e-01
2.347693443298339844e-01
2.349548339843750000e-01
2.399096488952636719e-01
2.381482124328613281e-01
2.353007793426513672e-01
2.423820495605468750e-01
2.425613403320312500e-01
2.425775527954101562e-01
1.965672969818115234e-01
2.018978595733642578e-01
2.021417617797851562e-01
2.031331062316894531e-01
2.023365497589111328e-01
2.023682594299316406e-01
2.021582126617431641e-01
2.022664546966552734e-01
1.998212337493896484e-01
1.997249126434326172e-01
2.075583934783935547e-01
2.077746391296386719e-01
2.083978652954101562e-01
2.081241607666015625e-01
2.084069252014160156e-01
2.434468269348144531e-02
2.566809654235839844e-01
2.555749416351318359e-01
2.472665309906005859e-01
2.469553947448730469e-01
2.421967983245849609e-01
2.402255535125732422e-01
2.424447536468505859e-01
2.353284358978271484e-01
2.378478050231933594e-01
2.378234863281250000e-01
2.402365207672119141e-01
2.401633262634277344e-01
2.426633834838867188e-01
2.450969219207763672e-01
2.037572860717773438e-01
2.074623107910156250e-01
2.046687602996826172e-01
2.022330760955810547e-01
1.999039649963378906e-01
2.003057003021240234e-01
2.028660774230957031e-01
2.075855731964111328e-01
2.089519500732421875e-01
2.084782123565673828e-01
2.121400833129882812e-01
2.117338180541992188e-01
2.100915908813476562e-01
2.021684646606445312e-01
2.018129825592041016e-01
5.914330482482910156e-02
2.571990489959716797e-01
2.508246898651123047e-01
2.399718761444091797e-01
2.424702644348144531e-01
2.403578758239746094e-01
2.402770519256591797e-01
2.404510974884033203e-01
2.404930591583251953e-01
2.401573657989501953e-01
2.398934364318847656e-01
2.405722141265869141e-01
2.405695915222167969e-01
2.403655052185058594e-01
2.403075695037841797e-01
2.051751613616943359e-01
2.002706527709960938e-01
2.004740238189697266e-01
2.056775093078613281e-01
2.069311141967773438e-01
2.086544036865234375e-01
2.087881565093994141e-01
2.086703777313232422e-01
2.084746360778808594e-01
2.098436355590820312e-01
2.085363864898681641e-01
2.060148715972900391e-01
2.014312744140625000e-01
2.033221721649169922e-01
2.020716667175292969e-01
7.740616798400878906e-02
2.529637813568115234e-01
2.479412555694580078e-01
2.433366775512695312e-01
2.433745861053466797e-01
2.433192729949951172e-01
2.458641529083251953e-01
2.413740158081054688e-01
2.419531345367431641e-01
2.409253120422363281e-01
2.417697906494140625e-01
2.406826019287109375e-01
2.407100200653076172e-01
2.421391010284423828e-01
2.415828704833984375e-01
2.013323307037353516e-01
1.719956398010253906e-01
1.900117397308349609e-01
1.717987060546875000e-01
1.831257343292236328e-01
1.692457199096679688e-01
1.627197265625000000e-01
1.668336391448974609e-01
1.519737243652343750e-01
1.358826160430908203e-01
1.804182529449462891e-01
1.917266845703125000e-01
1.981530189514160156e-01
1.958756446838378906e-01
1.971979141235351562e-01
8.906412124633789062e-02
2.538285255432128906e-01
2.484478950500488281e-01
2.488791942596435547e-01
2.485551834106445312e-01
2.484378814697265625e-01
2.460756301879882812e-01
2.484838962554931641e-01
2.493703365325927734e-01
2.444016933441162109e-01
2.461757659912109375e-01
2.468619346618652344e-01
2.487792968750000000e-01
2.452399730682373047e-01
2.417681217193603516e-01
2.128450870513916016e-01
2.125263214111328125e-01
2.075161933898925781e-01
2.053909301757812500e-01
2.029476165771484375e-01
2.078232765197753906e-01
2.075614929199218750e-01
2.081184387207031250e-01
2.082703113555908203e-01
2.127311229705810547e-01
2.053222656250000000e-01
2.053401470184326172e-01
2.100770473480224609e-01
2.062845230102539062e-01
2.044355869293212891e-01
9.144592285156250000e-02
2.567493915557861328e-01
2.480807304382324219e-01
2.454380989074707031e-01
2.433347702026367188e-01
2.434260845184326172e-01
2.431912422180175781e-01
2.451405525207519531e-01
2.411980628967285156e-01
2.409336566925048828e-01
2.485351562500000000e-01
2.451958656311035156e-01
2.429721355438232422e-01
2.439589500427246094e-01
2.410066127777099609e-01
2.080235481262207031e-01
2.041192054748535156e-01
2.066857814788818359e-01
2.087650299072265625e-01
2.081437110900878906e-01
2.071592807769775391e-01
2.066047191619873047e-01
2.034585475921630859e-01
2.066009044647216797e-01
2.082462310791015625e-01
2.061059474945068359e-01
2.087907791137695312e-01
2.037951946258544922e-01
2.012505531311035156e-01
2.014594078063964844e-01
8.724570274353027344e-02
2.520370483398437500e-01
2.485213279724121094e-01
2.473483085632324219e-01
2.487442493438720703e-01
2.483067512512207031e-01
2.477822303771972656e-01
2.455074787139892578e-01
2.455222606658935547e-01
2.457132339477539062e-01
2.458460330963134766e-01
2.455062866210937500e-01
2.462742328643798828e-01
2.461667060852050781e-01
2.463703155517578125e-01
2.091352939605712891e-01
2.128713130950927734e-01
2.111761569976806641e-01
2.123043537139892578e-01
2.103855609893798828e-01
2.080402374267578125e-01
2.057063579559326172e-01
2.100129127502441406e-01
2.040495872497558594e-01
2.096898555755615234e-01
1.980586051940917969e-01
1.890721321105957031e-01
1.909933090209960938e-01
1.918954849243164062e-01
1.914706230163574219e-01
9.670710563659667969e-02
2.570614814758300781e-01
2.511560916900634766e-01
2.415361404418945312e-01
2.538721561431884766e-01
2.548842430114746094e-01
2.549185752868652344e-01
2.550420761108398438e-01
2.534370422363281250e-01
2.551348209381103516e-01
2.521684169769287109e-01
2.460508346557617188e-01
2.389919757843017578e-01
2.395172119140625000e-01
2.415242195129394531e-01
1.974110603332519531e-01
2.066984176635742188e-01
2.088177204132080078e-01
2.076511383056640625e-01
2.079615592956542969e-01
2.029545307159423828e-01
2.110819816589355469e-01
2.082948684692382812e-01
2.051763534545898438e-01
2.060949802398681641e-01
2.081964015960693359e-01
2.122752666473388672e-01
2.081265449523925781e-01
2.073919773101806641e-01
2.061727046966552734e-01
9.073233604431152344e-02
2.543902397155761719e-01
2.544758319854736328e-01
2.521862983703613281e-01
2.519364356994628906e-01
2.435967922210693359e-01
2.419679164886474609e-01
2.406895160675048828e-01
2.404966354370117188e-01
2.347962856292724609e-01
2.391226291656494141e-01
2.313227653503417969e-01
2.269968986511230469e-01
2.102465629577636719e-01
1.898291110992431641e-01
1.707963943481445312e-01
1.403257846832275391e-01
1.616241931915283203e-01
1.953752040863037109e-01
2.050240039825439453e-01
1.960778236389160156e-01
2.004079818725585938e-01
2.038273811340332031e-01
2.034611701965332031e-01
2.118060588836669922e-01
2.002296447753906250e-01
2.028970718383789062e-01
2.033331394195556641e-01
2.011680603027343750e-01
2.042067050933837891e-01
7.905077934265136719e-02
2.589805126190185547e-01
2.538418769836425781e-01
2.446942329406738281e-01
2.391905784606933594e-01
2.297351360321044922e-01
2.389948368072509766e-01
2.375109195709228516e-01
2.393717765808105469e-01
2.433068752288818359e-01
2.444069385528564453e-01
2.444398403167724609e-01
2.455408573150634766e-01
2.458775043487548828e-01
2.454540729522705078e-01
2.032191753387451172e-01
2.084243297576904297e-01
2.093813419342041016e-01
2.126922607421875000e-01
2.134220600128173828e-01
2.115781307220458984e-01
2.124865055084228516e-01
2.052829265594482422e-01
2.112598419189453125e-01
2.073695659637451172e-01
2.081980705261230469e-01
2.101488113403320312e-01
2.072176933288574219e-01
2.087397575378417969e-01
2.080070972442626953e-01
2.758431434631347656e-02
2.577018737792968750e-01
2.569129467010498047e-01
2.506213188171386719e-01
2.464146614074707031e-01
2.432606220245361328e-01
2.406363487243652344e-01
2.382090091705322266e-01
2.367446422576904297e-01
2.324204444885253906e-01
2.297735214233398438e-01
2.409214973449707031e-01
2.388324737548828125e-01
2.412610054016113281e-01
2.397084236145019531e-01
2.132077217102050781e-01
2.128317356109619141e-01
2.135198116302490234e-01
2.100982666015625000e-01
2.050578594207763672e-01
2.058942317962646484e-01
2.041294574737548828e-01
2.068724632263183594e-01
2.079300880432128906e-01
2.093257904052734375e-01
2.130367755889892578e-01
2.099089622497558594e-01
2.091944217681884766e-01
2.111837863922119141e-01
2.132658958435058594e-01
7.527375221252441406e-02
2.584252357482910156e-01
2.563862800598144531e-01
2.553117275238037109e-01
2.572286128997802734e-01
2.560024261474609375e-01
2.492315769195556641e-01
2.421104907989501953e-01
2.410051822662353516e-01
2.401618957519531250e-01
2.357380390167236328e-01
2.315840721130371094e-01
2.267909049987792969e-01
2.399640083312988281e-01
2.392761707305908203e-01
2.026996612548828125e-01
2.091677188873291016e-01
2.096781730651855469e-01
2.112784385681152344e-01
2.134530544281005859e-01
2.091472148895263672e-01
2.047138214111328125e-01
2.075428962707519531e-01
2.070560455322265625e-01
2.101476192474365234e-01
2.126567363739013672e-01
2.135305404663085938e-01
2.105367183685302734e-01
2.068903446197509766e-01
2.071781158447265625e-01
7.809567451477050781e-02
2.582626342773437500e-01
2.592244148254394531e-01
2.535147666931152344e-01
2.459855079650878906e-01
2.369928359985351562e-01
2.344133853912353516e-01
2.372760772705078125e-01
2.387301921844482422e-01
2.391901016235351562e-01
2.381508350372314453e-01
2.384390830993652344e-01
2.384734153747558594e-01
2.340464591979980469e-01
2.313492298126220703e-01
1.914312839508056641e-01
1.843411922454833984e-01
1.869962215423583984e-01
1.759002208709716797e-01
2.096910476684570312e-01
2.085335254669189453e-01
2.086133956909179688e-01
2.084817886352539062e-01
2.082283496856689453e-01
2.090671062469482422e-01
2.083265781402587891e-01
2.087368965148925781e-01
2.079439163208007812e-01
2.101237773895263672e-01
2.083802223205566406e-01
8.482050895690917969e-02
2.594382762908935547e-01
2.511985301971435547e-01
2.554955482482910156e-01
2.520787715911865234e-01
2.459917068481445312e-01
2.398724555969238281e-01
2.453501224517822266e-01
2.498216629028320312e-01
2.429730892181396484e-01
2.440359592437744141e-01
2.461266517639160156e-01
2.432408332824707031e-01
2.431964874267578125e-01
2.434277534484863281e-01
1.952393054962158203e-01
2.106220722198486328e-01
2.119863033294677734e-01
2.124483585357666016e-01
2.153623104095458984e-01
2.140076160430908203e-01
2.129487991333007812e-01
2.106146812438964844e-01
2.070639133453369141e-01
2.050032615661621094e-01
2.054831981658935547e-01
2.057964801788330078e-01
2.049438953399658203e-01
2.051515579223632812e-01
2.054114341735839844e-01
7.685828208923339844e-02
2.592313289642333984e-01
2.547125816345214844e-01
2.519838809967041016e-01
2.455229759216308594e-01
2.428567409515380859e-01
2.396845817565917969e-01
2.408680915832519531e-01
2.408876419067382812e-01
2.408595085144042969e-01
2.423713207244873047e-01
2.448945045471191406e-01
2.447283267974853516e-01
2.430620193481445312e-01
2.382259368896484375e-01
2.076060771942138672e-01
2.078180313110351562e-01
2.089533805847167969e-01
2.088065147399902344e-01
2.105751037597656250e-01
2.100505828857421875e-01
2.097361087799072266e-01
2.102067470550537109e-01
2.087452411651611328e-01
2.090325355529785156e-01
2.089271545410156250e-01
2.086770534515380859e-01
2.087600231170654297e-01
2.089419364929199219e-01
2.022845745086669922e-01
2.281498908996582031e-02
2.595140933990478516e-01
2.569105625152587891e-01
2.488386631011962891e-01
2.411592006683349609e-01
2.395963668823242188e-01
2.441225051879882812e-01
2.457537651062011719e-01
2.457787990570068359e-01
2.462682723999023438e-01
2.439775466918945312e-01
2.444398403167724609e-01
2.401185035705566406e-01
2.412500381469726562e-01
2.417395114898681641e-01
2.019400596618652344e-01
2.087392807006835938e-01
2.084865570068359375e-01
2.090678215026855469e-01
2.087152004241943359e-01
2.097730636596679688e-01
2.099745273590087891e-01
1.988613605499267578e-01
2.059469223022460938e-01
2.087061405181884766e-01
2.087719440460205078e-01
2.086138725280761719e-01
2.111909389495849609e-01
2.146310806274414062e-01
2.115216255187988281e-01
7.377743721008300781e-02
2.574763298034667969e-01
2.504994869232177734e-01
2.475106716156005859e-01
2.430179119110107422e-01
2.393281459808349609e-01
2.323007583618164062e-01
2.501256465911865234e-01
2.497243881225585938e-01
2.475428581237792969e-01
2.453949451446533203e-01
2.474193572998046875e-01
2.468237876892089844e-01
2.421016693115234375e-01
2.441756725311279297e-01
2.024538516998291016e-01
2.086150646209716797e-01
2.096478939056396484e-01
2.090966701507568359e-01
2.096936702728271484e-01
2.129540443420410156e-01
2.119007110595703125e-01
2.118301391601562500e-01
2.117321491241455078e-01
2.117624282836914062e-01
2.141597270965576172e-01
2.099070549011230469e-01
2.095754146575927734e-01
2.053339481353759766e-01
2.100408077239990234e-01
5.912041664123535156e-02
2.554223537445068359e-01
2.532668113708496094e-01
2.523643970489501953e-01
2.465257644653320312e-01
2.462334632873535156e-01
2.460000514984130859e-01
2.455706596374511719e-01
2.346715927124023438e-01
2.330019474029541016e-01
2.238838672637939453e-01
1.892974376678466797e-01
1.475985050201416016e-01
1.640112400054931641e-01
2.352552413940429688e-01
2.492587566375732422e-01
2.021868228912353516e-01
2.089459896087646484e-01
2.085416316986083984e-01
2.095818519592285156e-01
2.085680961608886719e-01
2.081277370452880859e-01
2.089500427246093750e-01
2.088334560394287109e-01
2.101244926452636719e-01
2.086386680603027344e-01
2.089402675628662109e-01
2.073073387145996094e-01
2.086651325225830078e-01
2.088267803192138672e-01
8.362197875976562500e-02
2.570834159851074219e-01
2.531783580780029297e-01
2.528650760650634766e-01
2.527592182159423828e-01
2.528028488159179688e-01
2.531630992889404297e-01
2.529361248016357422e-01
2.530601024627685547e-01
2.527828216552734375e-01
2.528319358825683594e-01
2.524111270904541016e-01
2.519328594207763672e-01
2.523622512817382812e-01
2.526316642761230469e-01
2.112309932708740234e-01
2.136762142181396484e-01
2.124102115631103516e-01
2.081184387207031250e-01
2.075030803680419922e-01
2.056264877319335938e-01
2.091660499572753906e-01
2.082598209381103516e-01
2.082312107086181641e-01
2.115182876586914062e-01
2.126238346099853516e-01
2.081155776977539062e-01
2.079958915710449219e-01
2.101039886474609375e-01
2.079520225524902344e-01
7.169890403747558594e-02
2.595107555389404297e-01
2.522392272949218750e-01
2.469410896301269531e-01
2.438926696777343750e-01
2.418494224548339844e-01
2.375679016113281250e-01
2.349886894226074219e-01
2.435424327850341797e-01
2.395224571228027344e-01
2.443149089813232422e-01
2.447409629821777344e-01
2.447693347930908203e-01
2.449285984039306641e-01
2.445380687713623047e-01
2.045760154724121094e-01
2.079799175262451172e-01
2.120013236999511719e-01
2.124822139739990234e-01
2.114565372467041016e-01
2.125976085662841797e-01
2.117872238159179688e-01
2.120227813720703125e-01
2.114398479461669922e-01
2.062664031982421875e-01
2.113630771636962891e-01
2.110364437103271484e-01
2.001619338989257812e-01
2.061064243316650391e-01
2.083127498626708984e-01
2.461504936218261719e-02
2.580854892730712891e-01
2.581815719604492188e-01
2.560198307037353516e-01
2.499189376831054688e-01
2.453198432922363281e-01
2.430338859558105469e-01
2.453861236572265625e-01
2.453408241271972656e-01
2.453708648681640625e-01
2.460029125213623047e-01
2.454202175140380859e-01
2.439520359039306641e-01
2.431528568267822266e-01
2.429966926574707031e-01
1.996006965637207031e-01
2.082262039184570312e-01
2.030909061431884766e-01
2.044649124145507812e-01
1.984164714813232422e-01
2.021746635437011719e-01
2.080035209655761719e-01
2.052750587463378906e-01
2.052288055419921875e-01
2.051413059234619141e-01
2.050163745880126953e-01
2.083232402801513672e-01
2.075254917144775391e-01
2.078475952148437500e-01
2.089204788208007812e-01
2.878808975219726562e-02
2.571308612823486328e-01
2.557015419006347656e-01
2.556328773498535156e-01
2.555625438690185547e-01
2.555143833160400391e-01
2.571859359741210938e-01
2.552270889282226562e-01
2.566022872924804688e-01
2.541370391845703125e-01
2.435057163238525391e-01
2.427415847778320312e-01
2.415049076080322266e-01
2.430768013000488281e-01
2.428834438323974609e-01
2.076900005340576172e-01
1.983978748321533203e-01
2.035708427429199219e-01
2.045722007751464844e-01
2.054634094238281250e-01
2.053720951080322266e-01
2.053294181823730469e-01
2.073550224304199219e-01
2.078175544738769531e-01
2.078795433044433594e-01
2.081758975982666016e-01
2.101299762725830078e-01
2.099900245666503906e-01
2.097470760345458984e-01
2.096269130706787109e-01
2.297329902648925781e-02
2.569794654846191406e-01
2.575440406799316406e-01
2.425551414489746094e-01
2.471244335174560547e-01
2.487883567810058594e-01
2.491457462310791016e-01
2.483098506927490234e-01
2.461256980895996094e-01
2.529304027557373047e-01
2.517719268798828125e-01
2.485735416412353516e-01
2.510790824890136719e-01
2.509696483612060547e-01
2.480008602142333984e-01
2.101383209228515625e-01
2.117724418640136719e-01
2.117645740509033203e-01
2.116456031799316406e-01
2.020986080169677734e-01
2.051527500152587891e-01
2.077865600585937500e-01
2.087802886962890625e-01
2.090315818786621094e-01
2.101275920867919922e-01
2.131836414337158203e-01
2.117593288421630859e-01
2.116308212280273438e-01
2.129418849945068359e-01
2.114584445953369141e-01
6.710863113403320312e-02
2.574563026428222656e-01
2.555761337280273438e-01
2.530167102813720703e-01
2.479691505432128906e-01
2.500336170196533203e-01
2.483880519866943359e-01
2.487471103668212891e-01
2.486052513122558594e-01
2.487325668334960938e-01
2.493195533752441406e-01
2.498872280120849609e-01
2.515602111816406250e-01
2.440042495727539062e-01
2.458665370941162109e-01
1.943280696868896484e-01
2.078211307525634766e-01
2.093081474304199219e-01
2.083253860473632812e-01
2.085199356079101562e-01
2.099239826202392578e-01
2.095770835876464844e-01
2.127134799957275391e-01
2.130749225616455078e-01
2.111999988555908203e-01
2.140090465545654297e-01
2.004063129425048828e-01
1.991598606109619141e-01
2.048883438110351562e-01
2.056374549865722656e-01
8.425283432006835938e-02
2.571127414703369141e-01
2.555570602416992188e-01
2.555108070373535156e-01
2.566635608673095703e-01
2.522082328796386719e-01
2.456579208374023438e-01
2.456488609313964844e-01
2.456011772155761719e-01
2.474977970123291016e-01
2.431652545928955078e-01
2.431521415710449219e-01
2.432987689971923828e-01
2.454555034637451172e-01
2.453775405883789062e-01
2.087759971618652344e-01
2.097325325012207031e-01
2.096562385559082031e-01
2.093782424926757812e-01
1.990349292755126953e-01
2.103669643402099609e-01
2.129864692687988281e-01
2.109119892120361328e-01
2.113378047943115234e-01
2.114601135253906250e-01
2.112445831298828125e-01
2.096168994903564453e-01
2.072846889495849609e-01
2.059190273284912109e-01
2.060980796813964844e-01
8.564114570617675781e-02
2.589874267578125000e-01
2.544791698455810547e-01
2.467629909515380859e-01
2.432124614715576172e-01
2.438776493072509766e-01
2.439959049224853516e-01
2.393231391906738281e-01
2.409479618072509766e-01
2.409858703613281250e-01
2.468879222869873047e-01
2.460737228393554688e-01
2.383902072906494141e-01
2.332201004028320312e-01
2.389366626739501953e-01
2.051830291748046875e-01
2.143735885620117188e-01
2.078440189361572266e-01
2.071802616119384766e-01
2.087638378143310547e-01
2.087862491607666016e-01
2.097473144531250000e-01
2.096066474914550781e-01
2.100117206573486328e-01
2.096445560455322266e-01
2.097930908203125000e-01
2.102439403533935547e-01
2.096960544586181641e-01
2.097427845001220703e-01
2.093789577484130859e-01
4.305362701416015625e-02
2.521066665649414062e-01
2.481102943420410156e-01
2.461192607879638672e-01
2.498083114624023438e-01
2.429997920989990234e-01
2.448487281799316406e-01
2.394311428070068359e-01
2.364168167114257812e-01
2.355251312255859375e-01
2.332963943481445312e-01
2.283616065979003906e-01
2.390429973602294922e-01
2.384250164031982422e-01
2.084143161773681641e-01
2.093114852905273438e-01
2.084698677062988281e-01
2.098438739776611328e-01
2.090411186218261719e-01
2.125422954559326172e-01
2.120680809020996094e-01
2.117791175842285156e-01
2.114603519439697266e-01
2.123796939849853516e-01
2.112417221069335938e-01
2.114245891571044922e-01
2.112283706665039062e-01
2.103967666625976562e-01
2.116699218750000000e-01
2.110800743103027344e-01
7.925343513488769531e-02
2.573425769805908203e-01
2.506248950958251953e-01
2.509860992431640625e-01
2.461316585540771484e-01
2.451751232147216797e-01
2.458233833312988281e-01
2.460625171661376953e-01
2.459311485290527344e-01
2.454924583435058594e-01
2.455890178680419922e-01
2.454998493194580078e-01
2.455794811248779297e-01
2.460649013519287109e-01
2.459595203399658203e-01
2.049908638000488281e-01
2.079362869262695312e-01
2.079317569732666016e-01
2.100729942321777344e-01
2.121307849884033203e-01
2.127707004547119141e-01
2.109296321868896484e-01
2.109496593475341797e-01
2.110686302185058594e-01
2.112402915954589844e-01
2.108280658721923828e-01
2.106497287750244141e-01
2.110865116119384766e-01
2.021620273590087891e-01
2.019979953765869141e-01
6.478714942932128906e-02
2.551765441894531250e-01
2.560625076293945312e-01
2.560646533966064453e-01
2.518129348754882812e-01
2.457048892974853516e-01
2.476298809051513672e-01
2.430782318115234375e-01
2.439849376678466797e-01
2.431199550628662109e-01
2.427523136138916016e-01
2.427754402160644531e-01
2.438085079193115234e-01
2.429833412170410156e-01
2.437844276428222656e-01
2.020316123962402344e-01
2.027087211608886719e-01
2.109901905059814453e-01
2.124915122985839844e-01
2.053403854370117188e-01
1.982619762420654297e-01
2.000558376312255859e-01
1.992018222808837891e-01
2.047405242919921875e-01
2.075359821319580078e-01
2.090339660644531250e-01
2.107329368591308594e-01
2.123897075653076172e-01
2.110285758972167969e-01
2.117848396301269531e-01
4.123902320861816406e-02
2.580735683441162109e-01
2.554430961608886719e-01
2.556672096252441406e-01
2.551324367523193359e-01
2.551288604736328125e-01
2.549738883972167969e-01
2.552385330200195312e-01
2.556135654449462891e-01
2.550351619720458984e-01
2.549505233764648438e-01
2.527701854705810547e-01
2.489023208618164062e-01
2.492926120758056641e-01
2.462856769561767578e-01
2.018902301788330078e-01
2.078394889831542969e-01
2.077035903930664062e-01
2.080452442169189453e-01
2.076234817504882812e-01
2.079329490661621094e-01
2.075221538543701172e-01
2.077543735504150391e-01
2.087562084197998047e-01
2.085630893707275391e-01
2.088325023651123047e-01
2.087850570678710938e-01
2.082693576812744141e-01
1.969940662384033203e-01
2.042698860168457031e-01
2.482318878173828125e-02
2.546720504760742188e-01
2.566616535186767578e-01
2.565815448760986328e-01
2.546141147613525391e-01
2.534437179565429688e-01
2.538595199584960938e-01
2.476181983947753906e-01
2.518103122711181641e-01
2.523574829101562500e-01
2.523524761199951172e-01
2.519824504852294922e-01
2.518854141235351562e-01
2.521278858184814453e-01
2.524738311767578125e-01
2.077214717864990234e-01
2.085733413696289062e-01
2.086493968963623047e-01
2.088890075683593750e-01
2.081122398376464844e-01
2.090239524841308594e-01
2.089288234710693359e-01
2.082293033599853516e-01
2.084636688232421875e-01
2.087447643280029297e-01
1.997876167297363281e-01
2.056221961975097656e-01
2.073752880096435547e-01
2.074329853057861328e-01
2.070949077606201172e-01
2.468705177307128906e-02
2.550210952758789062e-01
2.548506259918212891e-01
2.531635761260986328e-01
2.522299289703369141e-01
2.519261837005615234e-01
2.522931098937988281e-01
2.520320415496826172e-01
2.524211406707763672e-01
2.519066333770751953e-01
2.521238327026367188e-01
2.516963481903076172e-01
2.522969245910644531e-01
2.521705627441406250e-01
2.524368762969970703e-01
2.010285854339599609e-01
2.067365646362304688e-01
2.076871395111083984e-01
2.092039585113525391e-01
2.087442874908447266e-01
2.086470127105712891e-01
2.089123725891113281e-01
1.972973346710205078e-01
2.046253681182861328e-01
2.100300788879394531e-01
2.073683738708496094e-01
2.069616317749023438e-01
2.072048187255859375e-01
2.076785564422607422e-01
2.076656818389892578e-01
2.474713325500488281e-02
2.585890293121337891e-01
2.560238838195800781e-01
2.539095878601074219e-01
2.535614967346191406e-01
2.538120746612548828e-01
2.533161640167236328e-01
2.531604766845703125e-01
2.531270980834960938e-01
2.537727355957031250e-01
2.482221126556396484e-01
2.442946434020996094e-01
2.431507110595703125e-01
2.449896335601806641e-01
2.459855079650878906e-01
2.068796157836914062e-01
2.066547870635986328e-01
2.077467441558837891e-01
2.070538997650146484e-01
1.943254470825195312e-01
1.961407661437988281e-01
2.044312953948974609e-01
2.054924964904785156e-01
1.886255741119384766e-01
1.826498508453369141e-01
1.894569396972656250e-01
1.852138042449951172e-01
1.646611690521240234e-01
1.415262222290039062e-01
1.241452693939208984e-01
1.069107055664062500e-01
2.570536136627197266e-01
2.524976730346679688e-01
2.532370090484619141e-01
2.517485618591308594e-01
2.515330314636230469e-01
2.510063648223876953e-01
2.515547275543212891e-01
2.522401809692382812e-01
2.525825500488281250e-01
2.522156238555908203e-01
2.525651454925537109e-01
2.523181438446044922e-01
2.521419525146484375e-01
2.525322437286376953e-01
2.018270492553710938e-01
1.226968765258789062e-01
1.304590702056884766e-01
1.830670833587646484e-01
1.941249370574951172e-01
2.024853229522705078e-01
2.100372314453125000e-01
2.108736038208007812e-01
2.117350101470947266e-01
2.112483978271484375e-01
2.095406055450439453e-01
2.084417343139648438e-01
2.084605693817138672e-01
2.088680267333984375e-01
2.087342739105224609e-01
3.211522102355957031e-02
2.555153369903564453e-01
2.501091957092285156e-01
2.494251728057861328e-01
2.497217655181884766e-01
2.496178150177001953e-01
2.495963573455810547e-01
2.498769760131835938e-01
2.488024234771728516e-01
2.433726787567138672e-01
2.474112510681152344e-01
2.475035190582275391e-01
2.480227947235107422e-01
2.400038242340087891e-01
2.447667121887207031e-01
2.046973705291748047e-01
2.051973342895507812e-01
2.042298316955566406e-01
2.064046859741210938e-01
2.077326774597167969e-01
2.079265117645263672e-01
2.075078487396240234e-01
2.080652713775634766e-01
2.082853317260742188e-01
2.083549499511718750e-01
2.083864212036132812e-01
2.089126110076904297e-01
2.087445259094238281e-01
2.092919349670410156e-01
2.093567848205566406e-01
2.500414848327636719e-02
2.588162422180175781e-01
2.470071315765380859e-01
2.451093196868896484e-01
2.452683448791503906e-01
2.453777790069580078e-01
2.450904846191406250e-01
2.453529834747314453e-01
2.446386814117431641e-01
2.450149059295654297e-01
2.405564785003662109e-01
2.399718761444091797e-01
2.426581382751464844e-01
2.427101135253906250e-01
2.426612377166748047e-01
2.020454406738281250e-01
2.073218822479248047e-01
2.087728977203369141e-01
2.085514068603515625e-01
2.074778079986572266e-01
2.079179286956787109e-01
2.081813812255859375e-01
2.080037593841552734e-01
2.089469432830810547e-01
2.087843418121337891e-01
2.087490558624267578e-01
2.084252834320068359e-01
2.086744308471679688e-01
2.089350223541259766e-01
2.086179256439208984e-01
2.480077743530273438e-02
2.591893672943115234e-01
2.585661411285400391e-01
2.583270072937011719e-01
2.585082054138183594e-01
2.583451271057128906e-01
2.562725543975830078e-01
2.506854534149169922e-01
2.534790039062500000e-01
2.530789375305175781e-01
2.537791728973388672e-01
2.537448406219482422e-01
2.528443336486816406e-01
2.533879280090332031e-01
2.523696422576904297e-01
2.107090950012207031e-01
2.127556800842285156e-01
2.125582695007324219e-01
2.122659683227539062e-01
2.127437591552734375e-01
2.125780582427978516e-01
2.105076313018798828e-01
2.123217582702636719e-01
2.102656364440917969e-01
2.079415321350097656e-01
1.970767974853515625e-01
2.054572105407714844e-01
2.078123092651367188e-01
2.074255943298339844e-01
2.076051235198974609e-01
2.514481544494628906e-02
2.568395137786865234e-01
2.546989917755126953e-01
2.460937500000000000e-01
2.433793544769287109e-01
2.361891269683837891e-01
2.334842681884765625e-01
2.310276031494140625e-01
2.376008033752441406e-01
2.380175590515136719e-01
2.399897575378417969e-01
2.441008090972900391e-01
2.456846237182617188e-01
2.454895973205566406e-01
2.024345397949218750e-01
2.074661254882812500e-01
2.075788974761962891e-01
2.074573040008544922e-01
1.951415538787841797e-01
2.056241035461425781e-01
2.079160213470458984e-01
2.069916725158691406e-01
2.081990242004394531e-01
2.078249454498291016e-01
2.078726291656494141e-01
2.085757255554199219e-01
2.088105678558349609e-01
2.074999809265136719e-01
2.097187042236328125e-01
2.077808380126953125e-01
2.519154548645019531e-02
2.585861682891845703e-01
2.511219978332519531e-01
2.484960556030273438e-01
2.461881637573242188e-01
2.458388805389404297e-01
2.458801269531250000e-01
2.459480762481689453e-01
2.458772659301757812e-01
2.460827827453613281e-01
2.462832927703857422e-01
2.392003536224365234e-01
2.341086864471435547e-01
2.293205261230468750e-01
2.304337024688720703e-01
2.088155746459960938e-01
2.087149620056152344e-01
2.085199356079101562e-01
2.085540294647216797e-01
2.089712619781494141e-01
2.090051174163818359e-01
2.072422504425048828e-01
2.078785896301269531e-01
2.089679241180419922e-01
2.089803218841552734e-01
2.085349559783935547e-01
2.079603672027587891e-01
2.088689804077148438e-01
2.084875106811523438e-01
2.085828781127929688e-01
2.479600906372070312e-02
2.557051181793212891e-01
2.537453174591064453e-01
2.529716491699218750e-01
2.445595264434814453e-01
2.528245449066162109e-01
2.531514167785644531e-01
2.532837390899658203e-01
2.535414695739746094e-01
2.534208297729492188e-01
2.535870075225830078e-01
2.533864974975585938e-01
2.532052993774414062e-01
2.531175613403320312e-01
2.537083625793457031e-01
2.049822807312011719e-01
2.117624282836914062e-01
2.119238376617431641e-01
2.127592563629150391e-01
2.126507759094238281e-01
2.122988700866699219e-01
2.125720977783203125e-01
2.123560905456542969e-01
2.122397422790527344e-01
2.125289440155029297e-01
2.123761177062988281e-01
2.121262550354003906e-01
2.124330997467041016e-01
2.072618007659912109e-01
2.092278003692626953e-01
1.746869087219238281e-02
2.557253837585449219e-01
2.536721229553222656e-01
2.519941329956054688e-01
2.525937557220458984e-01
2.521889209747314453e-01
2.526578903198242188e-01
2.526459693908691406e-01
2.523438930511474609e-01
2.520234584808349609e-01
2.523064613342285156e-01
2.522382736206054688e-01
2.525024414062500000e-01
2.521014213562011719e-01
2.523109912872314453e-01
2.064969539642333984e-01
2.077906131744384766e-01
2.079949378967285156e-01
2.088139057159423828e-01
2.089350223541259766e-01
2.088587284088134766e-01
2.089073657989501953e-01
2.087955474853515625e-01
2.090330123901367188e-01
2.086389064788818359e-01
1.945950984954833984e-01
2.009482383728027344e-01
1.859071254730224609e-01
2.024707794189453125e-01
2.044527530670166016e-01
1.750636100769042969e-02
2.587304115295410156e-01
2.513182163238525391e-01
2.476708889007568359e-01
2.456908226013183594e-01
2.453088760375976562e-01
2.451441287994384766e-01
2.449555397033691406e-01
2.452378273010253906e-01
2.454090118408203125e-01
2.450015544891357422e-01
2.436649799346923828e-01
2.435634136199951172e-01
2.440063953399658203e-01
2.439417839050292969e-01
2.066128253936767578e-01
2.157654762268066406e-01
2.112567424774169922e-01
2.087624073028564453e-01
2.089147567749023438e-01
1.982080936431884766e-01
2.132172584533691406e-01
1.882636547088623047e-01
2.025969028472900391e-01
2.039337158203125000e-01
2.076463699340820312e-01
2.079086303710937500e-01
2.075707912445068359e-01
2.072432041168212891e-01
2.079124450683593750e-01
2.488398551940917969e-02
2.556967735290527344e-01
2.510423660278320312e-01
2.486519813537597656e-01
2.484445571899414062e-01
2.477624416351318359e-01
2.477278709411621094e-01
2.484550476074218750e-01
2.485437393188476562e-01
2.481703758239746094e-01
2.483718395233154297e-01
2.479574680328369141e-01
2.477707862854003906e-01
2.373554706573486328e-01
2.424581050872802734e-01
2.080497741699218750e-01
2.082495689392089844e-01
2.076148986816406250e-01
2.088012695312500000e-01
1.921825408935546875e-01
2.083590030670166016e-01
2.136862277984619141e-01
2.071094512939453125e-01
2.078583240509033203e-01
2.085373401641845703e-01
2.090170383453369141e-01
2.093710899353027344e-01
2.089707851409912109e-01
2.088308334350585938e-01
2.092890739440917969e-01
2.490544319152832031e-02
2.589917182922363281e-01
2.587800025939941406e-01
2.582199573516845703e-01
2.581942081451416016e-01
2.580146789550781250e-01
2.462081909179687500e-01
2.552254199981689453e-01
2.557191848754882812e-01
2.554717063903808594e-01
2.563171386718750000e-01
2.552559375762939453e-01
2.560577392578125000e-01
2.558572292327880859e-01
2.533333301544189453e-01
2.018446922302246094e-01
1.944782733917236328e-01
1.967623233795166016e-01
2.014017105102539062e-01
2.132260799407958984e-01
2.068214416503906250e-01
2.077822685241699219e-01
2.079036235809326172e-01
2.089748382568359375e-01
2.099847793579101562e-01
2.088923454284667969e-01
2.082817554473876953e-01
2.071499824523925781e-01
2.080099582672119141e-01
2.075555324554443359e-01
2.545237541198730469e-02
2.592518329620361328e-01
2.517349720001220703e-01
2.476518154144287109e-01
2.452578544616699219e-01
2.451927661895751953e-01
2.452993392944335938e-01
2.451899051666259766e-01
2.449874877929687500e-01
2.450754642486572266e-01
2.450900077819824219e-01
2.450869083404541016e-01
2.449688911437988281e-01
2.405922412872314453e-01
2.377498149871826172e-01
2.066333293914794922e-01
2.068991661071777344e-01
2.079112529754638672e-01
2.077128887176513672e-01
2.085688114166259766e-01
2.085335254669189453e-01
2.090301513671875000e-01
2.091338634490966797e-01
2.088489532470703125e-01
2.088696956634521484e-01
2.086553573608398438e-01
2.080137729644775391e-01
2.074189186096191406e-01
2.074327468872070312e-01
1.979677677154541016e-01
2.093076705932617188e-02
2.571029663085937500e-01
2.549645900726318359e-01
2.554397583007812500e-01
2.508568763732910156e-01
2.477393150329589844e-01
2.478775978088378906e-01
2.461760044097900391e-01
2.458090782165527344e-01
2.443060874938964844e-01
2.384712696075439453e-01
2.355108261108398438e-01
2.333719730377197266e-01
2.284061908721923828e-01
2.321956157684326172e-01
2.089290618896484375e-01
2.091286182403564453e-01
2.084791660308837891e-01
2.087614536285400391e-01
2.093482017517089844e-01
2.088577747344970703e-01
2.089569568634033203e-01
1.950366497039794922e-01
2.075693607330322266e-01
2.092356681823730469e-01
2.090158462524414062e-01
2.081282138824462891e-01
2.092764377593994141e-01
2.086527347564697266e-01
2.091498374938964844e-01
2.787184715270996094e-02
2.588295936584472656e-01
2.585368156433105469e-01
2.585048675537109375e-01
2.585940361022949219e-01
2.584743499755859375e-01
2.598557472229003906e-01
2.518606185913085938e-01
2.553753852844238281e-01
2.561302185058593750e-01
2.536087036132812500e-01
2.538909912109375000e-01
2.538795471191406250e-01
2.540185451507568359e-01
2.538883686065673828e-01
1.975007057189941406e-01
2.061176300048828125e-01
2.048983573913574219e-01
2.071783542633056641e-01
2.080967426300048828e-01
2.086808681488037109e-01
2.084002494812011719e-01
2.087612152099609375e-01
2.085595130920410156e-01
2.084252834320068359e-01
2.082600593566894531e-01
2.084329128265380859e-01
2.086231708526611328e-01
2.086012363433837891e-01
2.088046073913574219e-01
2.491497993469238281e-02
2.592577934265136719e-01
2.552373409271240234e-01
2.546341419219970703e-01
2.516090869903564453e-01
2.546343803405761719e-01
2.549252510070800781e-01
2.558305263519287109e-01
2.409176826477050781e-01
2.493329048156738281e-01
2.482342720031738281e-01
2.464900016784667969e-01
2.454919815063476562e-01
2.455422878265380859e-01
2.451338768005371094e-01
2.015223503112792969e-01
2.050902843475341797e-01
2.062749862670898438e-01
2.082674503326416016e-01
2.068014144897460938e-01
2.069263458251953125e-01
2.067193984985351562e-01
2.063057422637939453e-01
2.080240249633789062e-01
2.080333232879638672e-01
2.085344791412353516e-01
2.088084220886230469e-01
2.089993953704833984e-01
2.092034816741943359e-01
2.082986831665039062e-01
2.507925033569335938e-02
2.591981887817382812e-01
2.535305023193359375e-01
2.541565895080566406e-01
2.535862922668457031e-01
2.503020763397216797e-01
2.484691143035888672e-01
2.485439777374267578e-01
2.483532428741455078e-01
2.484977245330810547e-01
2.483389377593994141e-01
2.486894130706787109e-01
2.483813762664794922e-01
2.480809688568115234e-01
2.479608058929443359e-01
2.063844203948974609e-01
2.079293727874755859e-01
2.076625823974609375e-01
2.089328765869140625e-01
2.089886665344238281e-01
2.094180583953857422e-01
2.101364135742187500e-01
2.086532115936279297e-01
2.089118957519531250e-01
2.083597183227539062e-01
2.084922790527343750e-01
2.087404727935791016e-01
2.087442874908447266e-01
2.084836959838867188e-01
2.083675861358642578e-01
2.479386329650878906e-02
2.589457035064697266e-01
2.571895122528076172e-01
2.548069953918457031e-01
2.547829151153564453e-01
2.547528743743896484e-01
2.547516822814941406e-01
2.550840377807617188e-01
2.551081180572509766e-01
2.550294399261474609e-01
2.508530616760253906e-01
2.485392093658447266e-01
2.478468418121337891e-01
2.482523918151855469e-01
2.480616569519042969e-01
2.015099525451660156e-01
2.080581188201904297e-01
2.077369689941406250e-01
2.079920768737792969e-01
2.079825401306152344e-01
2.101910114288330078e-01
2.096149921417236328e-01
2.092683315277099609e-01
2.082664966583251953e-01
1.977345943450927734e-01
2.068800926208496094e-01
2.076914310455322266e-01
2.091257572174072266e-01
1.953330039978027344e-01
2.069396972656250000e-01
2.469682693481445312e-02
2.596435546875000000e-01
2.551820278167724609e-01
2.551476955413818359e-01
2.551472187042236328e-01
2.547752857208251953e-01
2.553975582122802734e-01
2.560772895812988281e-01
2.552602291107177734e-01
2.547347545623779297e-01
2.553515434265136719e-01
2.541525363922119141e-01
2.548878192901611328e-01
2.549049854278564453e-01
2.551333904266357422e-01
2.126500606536865234e-01
2.122139930725097656e-01
2.011456489562988281e-01
2.075183391571044922e-01
2.087771892547607422e-01
2.091009616851806641e-01
2.087922096252441406e-01
2.087845802307128906e-01
2.087032794952392578e-01
2.087776660919189453e-01
1.949701309204101562e-01
2.022578716278076172e-01
2.142143249511718750e-01
2.107045650482177734e-01
2.083034515380859375e-01
2.465033531188964844e-02
2.587621212005615234e-01
2.544667720794677734e-01
2.546648979187011719e-01
2.540929317474365234e-01
2.495417594909667969e-01
2.453091144561767578e-01
2.416753768920898438e-01
2.372682094573974609e-01
2.345771789550781250e-01
2.263257503509521484e-01
2.341599464416503906e-01
2.365186214447021484e-01
2.364313602447509766e-01
1.984555721282958984e-01
2.058010101318359375e-01
2.083010673522949219e-01
2.081346511840820312e-01
2.087171077728271484e-01
2.086248397827148438e-01
2.086534500122070312e-01
2.088456153869628906e-01
1.902892589569091797e-01
2.017138004302978516e-01
2.039031982421875000e-01
2.048606872558593750e-01
2.053279876708984375e-01
2.045927047729492188e-01
2.060706615447998047e-01
2.077116966247558594e-01
2.520632743835449219e-02
2.580339908599853516e-01
2.567527294158935547e-01
2.509098052978515625e-01
2.556126117706298828e-01
2.562077045440673828e-01
2.561185359954833984e-01
2.556934356689453125e-01
2.560064792633056641e-01
2.555732727050781250e-01
2.556657791137695312e-01
2.567183971405029297e-01
2.558991909027099609e-01
2.532730102539062500e-01
2.539300918579101562e-01
2.123692035675048828e-01
2.146303653717041016e-01
2.099452018737792969e-01
2.083356380462646484e-01
1.945011615753173828e-01
1.969292163848876953e-01
2.051956653594970703e-01
2.068145275115966797e-01
2.087867259979248047e-01
2.086763381958007812e-01
2.086021900177001953e-01
2.084946632385253906e-01
2.087016105651855469e-01
2.085330486297607422e-01
2.086036205291748047e-01
2.477669715881347656e-02
2.602107524871826172e-01
2.566461563110351562e-01
2.568056583404541016e-01
2.547826766967773438e-01
2.550592422485351562e-01
2.554593086242675781e-01
2.551333904266357422e-01
2.536027431488037109e-01
2.538671493530273438e-01
2.534394264221191406e-01
2.525098323822021484e-01
2.521500587463378906e-01
2.522318363189697266e-01
2.520210742950439453e-01
2.015399932861328125e-01
2.038607597351074219e-01
2.064316272735595703e-01
2.050108909606933594e-01
2.050719261169433594e-01
2.060203552246093750e-01
2.130839824676513672e-01
2.100369930267333984e-01
2.097876071929931641e-01
2.123129367828369141e-01
2.052245140075683594e-01
2.030801773071289062e-01
2.081305980682373047e-01
2.090497016906738281e-01
2.058928012847900391e-01
9.208059310913085938e-02
2.589807510375976562e-01
2.559807300567626953e-01
2.551786899566650391e-01
2.510824203491210938e-01
2.487661838531494141e-01
2.464003562927246094e-01
2.451090812683105469e-01
2.427687644958496094e-01
2.427525520324707031e-01
2.428510189056396484e-01
2.426762580871582031e-01
2.429242134094238281e-01
2.366125583648681641e-01
2.271544933319091797e-01
1.828980445861816406e-01
1.775686740875244141e-01
1.872909069061279297e-01
1.673057079315185547e-01
2.074890136718750000e-01
2.074489593505859375e-01
2.076981067657470703e-01
2.078208923339843750e-01
2.075130939483642578e-01
2.075042724609375000e-01
2.074568271636962891e-01
2.073612213134765625e-01
2.072424888610839844e-01
2.069442272186279297e-01
2.072343826293945312e-01
8.214998245239257812e-02
2.575452327728271484e-01
2.560012340545654297e-01
2.557632923126220703e-01
2.539498805999755859e-01
2.530913352966308594e-01
2.528667449951171875e-01
2.530813217163085938e-01
2.533469200134277344e-01
2.530236244201660156e-01
2.475295066833496094e-01
2.519090175628662109e-01
2.418034076690673828e-01
2.442944049835205078e-01
2.455992698669433594e-01
2.052371501922607422e-01
2.077262401580810547e-01
2.100031375885009766e-01
2.088081836700439453e-01
2.092249393463134766e-01
2.097964286804199219e-01
2.100422382354736328e-01
2.086956501007080078e-01
2.085294723510742188e-01
2.087173461914062500e-01
2.129671573638916016e-01
2.138051986694335938e-01
2.060964107513427734e-01
2.085628509521484375e-01
2.061238288879394531e-01
8.887410163879394531e-02
2.553164958953857422e-01
2.535276412963867188e-01
2.530577182769775391e-01
2.527251243591308594e-01
2.293028831481933594e-01
2.432250976562500000e-01
2.296814918518066406e-01
2.194561958312988281e-01
1.940698623657226562e-01
1.522061824798583984e-01
1.552569866180419922e-01
2.206175327301025391e-01
2.371096611022949219e-01
2.406804561614990234e-01
2.457575798034667969e-01
2.070987224578857422e-01
2.069213390350341797e-01
2.076644897460937500e-01
2.077267169952392578e-01
2.077341079711914062e-01
2.102229595184326172e-01
2.048971652984619141e-01
2.073748111724853516e-01
2.069480419158935547e-01
2.073185443878173828e-01
2.075943946838378906e-01
2.074255943298339844e-01
2.069184780120849609e-01
2.073078155517578125e-01
8.118891716003417969e-02
2.577681541442871094e-01
2.551240921020507812e-01
2.541904449462890625e-01
2.427599430084228516e-01
2.453830242156982422e-01
2.459249496459960938e-01
2.458312511444091797e-01
2.452712059020996094e-01
2.454352378845214844e-01
2.468173503875732422e-01
2.476909160614013672e-01
2.477278709411621094e-01
2.483546733856201172e-01
2.480235099792480469e-01
1.995646953582763672e-01
2.088778018951416016e-01
2.087178230285644531e-01
2.091467380523681641e-01
2.088191509246826172e-01
2.084257602691650391e-01
2.085397243499755859e-01
2.086110115051269531e-01
2.086915969848632812e-01
2.082228660583496094e-01
2.078723907470703125e-01
2.079477310180664062e-01
2.069597244262695312e-01
1.881294250488281250e-01
2.024109363555908203e-01
2.440881729125976562e-02
2.566370964050292969e-01
2.552583217620849609e-01
2.544329166412353516e-01
2.552504539489746094e-01
2.544057369232177734e-01
2.484910488128662109e-01
2.453293800354003906e-01
2.428944110870361328e-01
2.429509162902832031e-01
2.422220706939697266e-01
2.390942573547363281e-01
2.392683029174804688e-01
2.391386032104492188e-01
2.368271350860595703e-01
2.120783329010009766e-01
2.113556861877441406e-01
2.114412784576416016e-01
2.115199565887451172e-01
2.130155563354492188e-01
2.113103866577148438e-01
2.023093700408935547e-01
2.082486152648925781e-01
2.065801620483398438e-01
2.067427635192871094e-01
2.071132659912109375e-01
2.070965766906738281e-01
2.043657302856445312e-01
2.053730487823486328e-01
2.046682834625244141e-01
6.147027015686035156e-02
2.580235004425048828e-01
2.527883052825927734e-01
2.496125698089599609e-01
2.474355697631835938e-01
2.455561161041259766e-01
2.430846691131591797e-01
2.460529804229736328e-01
2.406501770019531250e-01
2.409832477569580078e-01
2.405688762664794922e-01
2.404584884643554688e-01
2.452208995819091797e-01
2.406358718872070312e-01
2.374114990234375000e-01
2.025866508483886719e-01
2.114162445068359375e-01
2.123384475708007812e-01
2.099356651306152344e-01
2.090682983398437500e-01
2.088491916656494141e-01
2.084877490997314453e-01
2.081832885742187500e-01
2.085597515106201172e-01
2.088320255279541016e-01
2.086205482482910156e-01
2.088592052459716797e-01
2.084605693817138672e-01
1.899936199188232422e-01
2.022626399993896484e-01
1.746606826782226562e-02
2.571127414703369141e-01
2.527201175689697266e-01
2.502856254577636719e-01
2.471647262573242188e-01
2.452170848846435547e-01
2.427461147308349609e-01
2.259540557861328125e-01
2.310011386871337891e-01
2.381837368011474609e-01
2.379300594329833984e-01
2.403392791748046875e-01
2.441394329071044922e-01
2.458620071411132812e-01
2.093570232391357422e-01
2.096934318542480469e-01
2.097313404083251953e-01
2.098910808563232422e-01
2.099647521972656250e-01
2.122638225555419922e-01
2.113976478576660156e-01
2.117416858673095703e-01
2.116677761077880859e-01
2.119252681732177734e-01
2.132248878479003906e-01
1.978771686553955078e-01
2.054715156555175781e-01
2.070813179016113281e-01
2.077958583831787109e-01
2.080094814300537109e-01
2.898740768432617188e-02
2.569930553436279297e-01
2.516860961914062500e-01
2.466681003570556641e-01
2.441163063049316406e-01
2.439551353454589844e-01
2.413539886474609375e-01
2.391207218170166016e-01
2.386188507080078125e-01
2.378857135772705078e-01
2.358849048614501953e-01
2.354612350463867188e-01
2.446913719177246094e-01
2.397117614746093750e-01
1.938166618347167969e-01
2.029619216918945312e-01
2.043023109436035156e-01
2.054257392883300781e-01
2.044548988342285156e-01
2.068150043487548828e-01
2.067813873291015625e-01
2.047441005706787109e-01
2.006237506866455078e-01
2.052981853485107422e-01
2.071192264556884766e-01
2.078065872192382812e-01
2.081336975097656250e-01
2.096898555755615234e-01
2.098193168640136719e-01
2.091655731201171875e-01
2.964186668395996094e-02
2.592353820800781250e-01
2.497072219848632812e-01
2.464423179626464844e-01
2.415587902069091797e-01
2.410283088684082031e-01
2.388455867767333984e-01
2.371292114257812500e-01
2.363309860229492188e-01
2.364058494567871094e-01
2.355701923370361328e-01
2.340981960296630859e-01
2.289552688598632812e-01
2.392976284027099609e-01
2.153093814849853516e-01
2.089073657989501953e-01
2.087116241455078125e-01
2.086117267608642578e-01
2.087407112121582031e-01
1.905951499938964844e-01
2.048094272613525391e-01
2.048006057739257812e-01
2.058279514312744141e-01
1.878280639648437500e-01
1.953735351562500000e-01
2.126243114471435547e-01
2.105522155761718750e-01
2.085592746734619141e-01
2.088201045989990234e-01
2.083194255828857422e-01
2.745652198791503906e-02
2.582345008850097656e-01
2.556021213531494141e-01
2.504289150238037109e-01
2.522845268249511719e-01
2.528946399688720703e-01
2.530820369720458984e-01
2.556099891662597656e-01
2.524254322052001953e-01
2.474355697631835938e-01
2.432913780212402344e-01
2.433037757873535156e-01
2.431817054748535156e-01
2.431561946868896484e-01
2.476854324340820312e-01
1.976199150085449219e-01
1.223196983337402344e-01
1.395978927612304688e-01
1.622905731201171875e-01
1.966388225555419922e-01
2.066321372985839844e-01
2.029848098754882812e-01
2.063565254211425781e-01
2.070720195770263672e-01
2.068037986755371094e-01
2.068631649017333984e-01
2.054181098937988281e-01
2.051384449005126953e-01
2.069699764251708984e-01
2.068357467651367188e-01
7.755470275878906250e-02
2.563254833221435547e-01
2.533268928527832031e-01
2.531485557556152344e-01
2.527532577514648438e-01
2.472739219665527344e-01
2.457799911499023438e-01
2.459301948547363281e-01
2.481327056884765625e-01
2.410452365875244141e-01
2.361309528350830078e-01
2.359061241149902344e-01
2.339460849761962891e-01
2.267742156982421875e-01
2.320804595947265625e-01
2.047846317291259766e-01
2.056057453155517578e-01
2.080023288726806641e-01
2.084839344024658203e-01
2.088203430175781250e-01
2.086770534515380859e-01
2.089343070983886719e-01
2.088286876678466797e-01
2.086660861968994141e-01
2.088885307312011719e-01
2.084813117980957031e-01
2.075958251953125000e-01
2.082488536834716797e-01
2.084147930145263672e-01
2.087464332580566406e-01
2.505970001220703125e-02
2.583475112915039062e-01
2.411046028137207031e-01
2.456910610198974609e-01
2.510809898376464844e-01
2.471630573272705078e-01
2.416679859161376953e-01
2.413938045501708984e-01
2.411732673645019531e-01
2.432985305786132812e-01
2.343785762786865234e-01
2.346277236938476562e-01
2.287333011627197266e-01
2.379889488220214844e-01
2.169589996337890625e-01
2.077143192291259766e-01
2.083313465118408203e-01
2.076163291931152344e-01
2.092227935791015625e-01
2.124688625335693359e-01
2.122850418090820312e-01
2.116792201995849609e-01
2.114291191101074219e-01
2.104971408843994141e-01
2.105779647827148438e-01
2.117478847503662109e-01
2.125821113586425781e-01
2.111322879791259766e-01
2.106804847717285156e-01
2.107822895050048828e-01
6.896853446960449219e-02
2.567627429962158203e-01
2.505683898925781250e-01
2.524697780609130859e-01
2.477982044219970703e-01
2.500355243682861328e-01
2.478592395782470703e-01
2.327511310577392578e-01
2.385995388031005859e-01
2.337751388549804688e-01
2.311160564422607422e-01
2.381410598754882812e-01
2.373592853546142578e-01
2.422175407409667969e-01
2.089846134185791016e-01
2.087061405181884766e-01
2.098422050476074219e-01
2.124497890472412109e-01
2.120006084442138672e-01
2.111847400665283203e-01
2.124283313751220703e-01
2.111959457397460938e-01
2.109513282775878906e-01
2.109320163726806641e-01
2.114341259002685547e-01
2.015056610107421875e-01
2.087998390197753906e-01
2.068874835968017578e-01
2.068107128143310547e-01
2.068748474121093750e-01
7.422065734863281250e-02
2.574262619018554688e-01
2.540695667266845703e-01
2.502911090850830078e-01
2.455554008483886719e-01
2.433986663818359375e-01
2.430198192596435547e-01
2.435083389282226562e-01
2.435150146484375000e-01
2.436058521270751953e-01
2.434420585632324219e-01
2.434651851654052734e-01
2.436103820800781250e-01
2.434859275817871094e-01
2.433185577392578125e-01
2.034194469451904297e-01
2.101087570190429688e-01
2.097477912902832031e-01
1.964194774627685547e-01
2.077560424804687500e-01
2.099771499633789062e-01
2.126948833465576172e-01
2.112858295440673828e-01
2.115657329559326172e-01
2.115228176116943359e-01
2.120640277862548828e-01
2.125990390777587891e-01
2.109179496765136719e-01
2.110011577606201172e-01
2.073826789855957031e-01
7.046818733215332031e-02
2.592697143554687500e-01
2.502608299255371094e-01
2.439777851104736328e-01
2.418730258941650391e-01
2.394418716430664062e-01
2.368252277374267578e-01
2.364771366119384766e-01
2.399199008941650391e-01
2.401075363159179688e-01
2.437586784362792969e-01
2.221591472625732422e-01
2.387869358062744141e-01
2.294614315032958984e-01
1.836204528808593750e-01
1.840150356292724609e-01
1.797139644622802734e-01
1.926505565643310547e-01
1.943466663360595703e-01
1.927018165588378906e-01
1.664881706237792969e-01
1.517295837402343750e-01
1.124372482299804688e-01
1.847348213195800781e-01
2.026450634002685547e-01
2.062602043151855469e-01
2.051956653594970703e-01
2.049612998962402344e-01
2.028961181640625000e-01
2.077682018280029297e-01
6.423091888427734375e-02
2.581555843353271484e-01
2.513797283172607422e-01
2.464394569396972656e-01
2.367396354675292969e-01
2.270572185516357422e-01
2.383806705474853516e-01
2.383458614349365234e-01
2.483212947845458984e-01
2.532353401184082031e-01
2.561957836151123047e-01
2.524628639221191406e-01
2.450962066650390625e-01
2.472259998321533203e-01
1.948125362396240234e-01
2.049331665039062500e-01
2.047860622406005859e-01
2.049264907836914062e-01
2.046184539794921875e-01
2.049167156219482422e-01
2.104623317718505859e-01
2.073268890380859375e-01
2.071204185485839844e-01
2.071022987365722656e-01
2.068603038787841797e-01
2.069039344787597656e-01
2.072579860687255859e-01
2.071006298065185547e-01
2.001607418060302734e-01
2.045149803161621094e-01
1.787686347961425781e-02
2.568249702453613281e-01
2.529261112213134766e-01
2.491099834442138672e-01
2.478435039520263672e-01
2.453203201293945312e-01
2.456793785095214844e-01
2.435286045074462891e-01
2.475802898406982422e-01
2.438063621520996094e-01
2.408125400543212891e-01
2.453303337097167969e-01
2.453186511993408203e-01
2.429761886596679688e-01
2.433950901031494141e-01
2.026717662811279297e-01
2.105770111083984375e-01
2.072260379791259766e-01
2.072010040283203125e-01
2.071452140808105469e-01
2.069513797760009766e-01
2.069177627563476562e-01
2.067275047302246094e-01
2.070853710174560547e-01
2.068529129028320312e-01
2.001714706420898438e-01
2.052996158599853516e-01
1.853063106536865234e-01
1.985630989074707031e-01
2.059195041656494141e-01
1.750493049621582031e-02
2.546052932739257812e-01
2.509081363677978516e-01
2.429285049438476562e-01
2.432465553283691406e-01
2.426228523254394531e-01
2.407388687133789062e-01
2.407305240631103516e-01
2.410237789154052734e-01
2.406413555145263672e-01
2.399418354034423828e-01
2.414031028747558594e-01
2.406668663024902344e-01
2.383508682250976562e-01
2.383615970611572266e-01
1.972744464874267578e-01
2.018785476684570312e-01
2.017724514007568359e-01
2.014021873474121094e-01
2.073290348052978516e-01
1.956000328063964844e-01
1.978166103363037109e-01
2.076683044433593750e-01
2.122197151184082031e-01
2.145116329193115234e-01
2.151575088500976562e-01
2.105219364166259766e-01
2.041993141174316406e-01
2.014062404632568359e-01
2.038886547088623047e-01
8.594632148742675781e-02
2.574896812438964844e-01
2.507576942443847656e-01
2.509999275207519531e-01
2.507073879241943359e-01
2.468972206115722656e-01
2.454831600189208984e-01
2.485411167144775391e-01
2.454683780670166016e-01
2.419612407684326172e-01
2.392175197601318359e-01
2.415010929107666016e-01
2.395114898681640625e-01
2.352750301361083984e-01
2.386827468872070312e-01
2.072331905364990234e-01
2.056186199188232422e-01
2.058074474334716797e-01
2.021019458770751953e-01
2.067792415618896484e-01
2.108390331268310547e-01
2.116317749023437500e-01
2.112519741058349609e-01
2.139925956726074219e-01
2.138893604278564453e-01
2.130501270294189453e-01
2.088761329650878906e-01
2.070975303649902344e-01
2.059493064880371094e-01
2.033817768096923828e-01
7.679843902587890625e-02
2.549211978912353516e-01
2.523055076599121094e-01
2.486944198608398438e-01
2.493553161621093750e-01
2.420365810394287109e-01
2.420237064361572266e-01
2.339491844177246094e-01
2.388379573822021484e-01
2.401447296142578125e-01
2.389571666717529297e-01
2.347869873046875000e-01
2.347936630249023438e-01
2.349421977996826172e-01
2.345845699310302734e-01
2.085595130920410156e-01
2.040328979492187500e-01
2.039783000946044922e-01
2.110216617584228516e-01
2.139778137207031250e-01
2.106745243072509766e-01
2.103557586669921875e-01
2.095630168914794922e-01
2.088618278503417969e-01
2.061119079589843750e-01
2.061395645141601562e-01
2.057356834411621094e-01
2.062160968780517578e-01
2.063410282135009766e-01
2.059159278869628906e-01
7.957792282104492188e-02
2.572240829467773438e-01
2.511734962463378906e-01
2.505688667297363281e-01
2.467718124389648438e-01
2.445747852325439453e-01
2.440805435180664062e-01
2.447152137756347656e-01
2.445881366729736328e-01
2.447233200073242188e-01
2.436866760253906250e-01
2.412295341491699219e-01
2.391676902770996094e-01
2.375488281250000000e-01
2.405638694763183594e-01
2.079596519470214844e-01
2.063634395599365234e-01
2.065205574035644531e-01
2.058143615722656250e-01
2.062931060791015625e-01
2.062253952026367188e-01
2.060041427612304688e-01
2.061204910278320312e-01
2.012064456939697266e-01
2.033915519714355469e-01
2.032315731048583984e-01
2.031981945037841797e-01
2.036452293395996094e-01
2.038106918334960938e-01
2.042217254638671875e-01
7.251858711242675781e-02
2.576293945312500000e-01
2.514097690582275391e-01
2.465422153472900391e-01
2.481567859649658203e-01
2.480747699737548828e-01
2.490806579589843750e-01
2.478368282318115234e-01
2.489776611328125000e-01
2.464950084686279297e-01
2.421543598175048828e-01
2.332749366760253906e-01
2.311933040618896484e-01
2.277235984802246094e-01
2.269365787506103516e-01
2.038483619689941406e-01
2.101144790649414062e-01
2.084789276123046875e-01
2.060079574584960938e-01
2.058033943176269531e-01
2.036497592926025391e-01
2.036871910095214844e-01
1.931350231170654297e-01
1.995055675506591797e-01
2.042462825775146484e-01
2.051782608032226562e-01
2.052080631256103516e-01
2.051422595977783203e-01
2.034263610839843750e-01
2.033014297485351562e-01
7.753467559814453125e-02
2.549555301666259766e-01
2.511551380157470703e-01
2.417578697204589844e-01
2.431874275207519531e-01
2.431514263153076172e-01
2.430574893951416016e-01
2.408640384674072266e-01
2.268116474151611328e-01
2.424356937408447266e-01
2.533855438232421875e-01
2.522416114807128906e-01
2.533302307128906250e-01
2.532176971435546875e-01
2.115392684936523438e-01
1.955215930938720703e-01
2.098946571350097656e-01
2.098808288574218750e-01
2.069218158721923828e-01
2.055950164794921875e-01
2.029469013214111328e-01
2.047193050384521484e-01
2.046046257019042969e-01
2.049894332885742188e-01
2.036340236663818359e-01
2.074611186981201172e-01
2.044022083282470703e-01
2.046799659729003906e-01
2.080349922180175781e-01
2.098917961120605469e-01
6.933283805847167969e-02
2.573184967041015625e-01
2.507278919219970703e-01
2.483100891113281250e-01
2.439186573028564453e-01
2.351732254028320312e-01
2.344174385070800781e-01
2.323153018951416016e-01
2.294654846191406250e-01
2.377190589904785156e-01
2.371566295623779297e-01
2.404813766479492188e-01
2.462732791900634766e-01
2.488906383514404297e-01
2.065145969390869141e-01
2.132220268249511719e-01
2.097015380859375000e-01
2.068557739257812500e-01
2.045364379882812500e-01
2.048547267913818359e-01
2.047891616821289062e-01
2.053661346435546875e-01
2.045903205871582031e-01
2.058367729187011719e-01
2.079069614410400391e-01
2.071650028228759766e-01
2.053747177124023438e-01
2.058181762695312500e-01
2.047605514526367188e-01
2.073822021484375000e-01
8.161377906799316406e-02
2.562098503112792969e-01
2.519235610961914062e-01
2.462880611419677734e-01
2.457652091979980469e-01
2.441039085388183594e-01
2.427859306335449219e-01
2.435743808746337891e-01
2.434272766113281250e-01
2.428231239318847656e-01
2.426123619079589844e-01
2.432188987731933594e-01
2.433578968048095703e-01
2.432675361633300781e-01
2.432551383972167969e-01
2.088449001312255859e-01
2.087032794952392578e-01
2.088544368743896484e-01
2.087745666503906250e-01
2.088315486907958984e-01
2.089774608612060547e-01
2.086393833160400391e-01
2.086980342864990234e-01
2.086484432220458984e-01
2.083804607391357422e-01
2.086985111236572266e-01
2.086939811706542969e-01
2.084913253784179688e-01
2.091019153594970703e-01
2.085344791412353516e-01
2.477312088012695312e-02
2.596111297607421875e-01
2.510128021240234375e-01
2.479169368743896484e-01
2.497086524963378906e-01
2.433860301971435547e-01
2.400331497192382812e-01
2.382347583770751953e-01
2.366576194763183594e-01
2.320327758789062500e-01
2.330341339111328125e-01
2.401797771453857422e-01
2.466111183166503906e-01
2.502996921539306641e-01
2.026968002319335938e-01
2.098510265350341797e-01
2.101349830627441406e-01
2.097649574279785156e-01
2.094459533691406250e-01
2.096431255340576172e-01
2.099874019622802734e-01
2.101352214813232422e-01
2.101199626922607422e-01
2.099869251251220703e-01
1.964714527130126953e-01
2.073438167572021484e-01
2.087860107421875000e-01
2.085275650024414062e-01
1.928894519805908203e-01
2.014355659484863281e-01
2.462244033813476562e-02
2.583355903625488281e-01
2.531266212463378906e-01
2.472004890441894531e-01
2.429888248443603516e-01
2.422423362731933594e-01
2.391231060028076172e-01
2.391028404235839844e-01
2.388184070587158203e-01
2.385973930358886719e-01
2.387902736663818359e-01
2.391827106475830078e-01
2.407927513122558594e-01
2.414155006408691406e-01
2.413082122802734375e-01
2.099566459655761719e-01
2.085762023925781250e-01
1.908841133117675781e-01
2.062256336212158203e-01
2.091264724731445312e-01
2.087910175323486328e-01
2.086641788482666016e-01
2.085385322570800781e-01
2.086958885192871094e-01
2.093949317932128906e-01
1.929965019226074219e-01
2.021443843841552734e-01
2.074313163757324219e-01
2.085909843444824219e-01
2.085213661193847656e-01
2.527642250061035156e-02
2.573919296264648438e-01
2.538359165191650391e-01
2.483711242675781250e-01
2.417125701904296875e-01
2.416019439697265625e-01
2.403049468994140625e-01
2.361571788787841797e-01
2.315423488616943359e-01
2.275245189666748047e-01
2.325768470764160156e-01
2.350387573242187500e-01
2.379922866821289062e-01
2.389807701110839844e-01
1.919360160827636719e-01
2.023262977600097656e-01
2.124636173248291016e-01
2.105138301849365234e-01
2.116987705230712891e-01
2.127294540405273438e-01
2.104547023773193359e-01
2.055804729461669922e-01
2.121117115020751953e-01
2.125034332275390625e-01
2.152082920074462891e-01
2.122964859008789062e-01
2.095062732696533203e-01
2.075395584106445312e-01
2.073862552642822266e-01
2.051031589508056641e-01
7.957196235656738281e-02
2.532286643981933594e-01
2.462494373321533203e-01
2.328636646270751953e-01
2.292873859405517578e-01
2.280697822570800781e-01
2.391686439514160156e-01
2.374167442321777344e-01
2.340812683105468750e-01
2.413184642791748047e-01
2.501559257507324219e-01
2.499184608459472656e-01
2.489194869995117188e-01
2.502963542938232422e-01
2.075450420379638672e-01
2.097902297973632812e-01
2.122509479522705078e-01
2.125046253204345703e-01
2.030599117279052734e-01
2.118897438049316406e-01
2.124271392822265625e-01
2.153491973876953125e-01
2.156794071197509766e-01
2.086796760559082031e-01
2.081506252288818359e-01
2.076036930084228516e-01
2.058744430541992188e-01
2.056992053985595703e-01
2.058098316192626953e-01
2.054972648620605469e-01
7.690572738647460938e-02
2.553935050964355469e-01
2.527375221252441406e-01
2.484738826751708984e-01
2.483310699462890625e-01
2.469198703765869141e-01
2.455246448516845703e-01
2.464537620544433594e-01
2.457630634307861328e-01
2.468149662017822266e-01
2.445633411407470703e-01
2.455928325653076172e-01
2.456967830657958984e-01
2.460799217224121094e-01
2.465634346008300781e-01
2.041001319885253906e-01
2.070856094360351562e-01
2.054007053375244141e-01
2.075412273406982422e-01
2.075653076171875000e-01
2.036094665527343750e-01
2.012910842895507812e-01
2.039012908935546875e-01
2.064511775970458984e-01
2.093811035156250000e-01
2.078688144683837891e-01
2.043769359588623047e-01
2.065632343292236328e-01
2.052209377288818359e-01
2.043867111206054688e-01
6.627035140991210938e-02
2.576391696929931641e-01
2.528419494628906250e-01
2.463011741638183594e-01
2.482557296752929688e-01
2.485363483428955078e-01
2.484474182128906250e-01
2.490608692169189453e-01
2.423343658447265625e-01
2.478861808776855469e-01
2.471404075622558594e-01
2.487249374389648438e-01
2.498400211334228516e-01
2.391405105590820312e-01
2.365596294403076172e-01
2.073006629943847656e-01
2.125201225280761719e-01
2.117352485656738281e-01
2.097311019897460938e-01
1.818599700927734375e-01
2.028563022613525391e-01
1.974895000457763672e-01
2.036120891571044922e-01
2.095618247985839844e-01
2.075879573822021484e-01
2.009575366973876953e-01
2.035725116729736328e-01
2.081401348114013672e-01
2.056095600128173828e-01
2.064890861511230469e-01
8.203387260437011719e-02
2.519969940185546875e-01
2.488524913787841797e-01
2.447640895843505859e-01
2.419404983520507812e-01
2.419316768646240234e-01
2.415878772735595703e-01
2.472887039184570312e-01
2.478463649749755859e-01
2.477879524230957031e-01
2.438361644744873047e-01
2.377936840057373047e-01
2.270498275756835938e-01
2.343690395355224609e-01
2.272238731384277344e-01
2.110157012939453125e-01
2.097468376159667969e-01
2.049539089202880859e-01
2.046153545379638672e-01
2.045083045959472656e-01
2.051115036010742188e-01
2.032737731933593750e-01
2.080011367797851562e-01
2.104737758636474609e-01
2.072396278381347656e-01
2.028787136077880859e-01
2.055802345275878906e-01
2.029538154602050781e-01
2.047319412231445312e-01
2.033071517944335938e-01
7.721114158630371094e-02
2.578437328338623047e-01
2.531783580780029297e-01
2.484478950500488281e-01
2.483363151550292969e-01
2.339384555816650391e-01
2.405271530151367188e-01
2.432835102081298828e-01
2.385802268981933594e-01
2.368900775909423828e-01
2.367908954620361328e-01
2.365710735321044922e-01
2.365672588348388672e-01
2.367019653320312500e-01
2.367355823516845703e-01
2.114384174346923828e-01
2.119395732879638672e-01
2.099516391754150391e-01
2.069156169891357422e-01
2.045540809631347656e-01
2.046780586242675781e-01
2.044374942779541016e-01
2.049193382263183594e-01
2.077381610870361328e-01
2.069957256317138672e-01
2.056360244750976562e-01
2.034199237823486328e-01
2.033932209014892578e-01
2.035763263702392578e-01
2.087857723236083984e-01
7.492041587829589844e-02
2.586185932159423828e-01
2.544064521789550781e-01
2.453446388244628906e-01
2.452719211578369141e-01
2.398245334625244141e-01
2.362155914306640625e-01
2.368569374084472656e-01
2.364845275878906250e-01
2.368655204772949219e-01
2.368052005767822266e-01
2.366244792938232422e-01
2.341210842132568359e-01
2.317628860473632812e-01
2.283072471618652344e-01
2.071061134338378906e-01
1.984078884124755859e-01
2.022845745086669922e-01
2.051694393157958984e-01
2.045793533325195312e-01
2.067549228668212891e-01
2.091176509857177734e-01
2.073249816894531250e-01
2.079243659973144531e-01
2.053515911102294922e-01
2.043998241424560547e-01
2.043840885162353516e-01
2.046451568603515625e-01
1.904089450836181641e-01
1.944301128387451172e-01
9.340977668762207031e-02
