9.070987701416015625e-01
2.465691566467285156e-01
2.457847595214843750e-01
2.449705600738525391e-01
2.460958957672119141e-01
2.447340488433837891e-01
2.434909343719482422e-01
2.423002719879150391e-01
2.431974411010742188e-01
2.453482151031494141e-01
2.469804286956787109e-01
2.471065521240234375e-01
2.470319271087646484e-01
2.469439506530761719e-01
2.467019557952880859e-01
2.465548515319824219e-01
2.470712661743164062e-01
2.037727832794189453e-01
1.880502700805664062e-01
2.187201976776123047e-01
1.869478225708007812e-01
1.924009323120117188e-01
2.181861400604248047e-01
1.880557537078857422e-01
1.732883453369140625e-01
1.264486312866210938e-01
1.853506565093994141e-01
3.334593772888183594e-02
2.559933662414550781e-01
2.529823780059814453e-01
2.536342144012451172e-01
2.520337104797363281e-01
2.523162364959716797e-01
2.523128986358642578e-01
2.526257038116455078e-01
2.524497509002685547e-01
2.523756027221679688e-01
2.526135444641113281e-01
2.523479461669921875e-01
2.527837753295898438e-01
2.496514320373535156e-01
2.490239143371582031e-01
2.478535175323486328e-01
2.484941482543945312e-01
2.479367256164550781e-01
2.047624588012695312e-01
1.881139278411865234e-01
1.979157924652099609e-01
2.207214832305908203e-01
1.890060901641845703e-01
2.205126285552978516e-01
1.893742084503173828e-01
2.203271389007568359e-01
1.386137008666992188e-01
1.578953266143798828e-01
4.177594184875488281e-02
2.554283142089843750e-01
2.530729770660400391e-01
2.527823448181152344e-01
2.525796890258789062e-01
2.095980644226074219e-01
2.368021011352539062e-01
1.736478805541992188e-01
2.474613189697265625e-01
2.162177562713623047e-01
2.380850315093994141e-01
2.380790710449218750e-01
2.395427227020263672e-01
2.408151626586914062e-01
2.432041168212890625e-01
2.457041740417480469e-01
2.481880187988281250e-01
2.473912239074707031e-01
2.037305831909179688e-01
1.893744468688964844e-01
2.097909450531005859e-01
2.160189151763916016e-01
1.862182617187500000e-01
2.208147048950195312e-01
1.904642581939697266e-01
2.214980125427246094e-01
1.399650573730468750e-01
1.609451770782470703e-01
5.051231384277343750e-02
2.587807178497314453e-01
2.542853355407714844e-01
2.536849975585937500e-01
2.500255107879638672e-01
2.489478588104248047e-01
2.479021549224853516e-01
1.865310668945312500e-01
2.379181385040283203e-01
2.382304668426513672e-01
2.340734004974365234e-01
2.155110836029052734e-01
1.891958713531494141e-01
1.499361991882324219e-01
1.680059432983398438e-01
2.266185283660888672e-01
2.403995990753173828e-01
2.440440654754638672e-01
2.408854961395263672e-01
2.430369853973388672e-01
1.976170539855957031e-01
1.852343082427978516e-01
2.021515369415283203e-01
2.209608554840087891e-01
1.871848106384277344e-01
2.171640396118164062e-01
1.871430873870849609e-01
1.577322483062744141e-01
1.720404624938964844e-02
2.587659358978271484e-01
2.544100284576416016e-01
2.536840438842773438e-01
2.529911994934082031e-01
2.535264492034912109e-01
2.539896965026855469e-01
2.531867027282714844e-01
2.533712387084960938e-01
2.098450660705566406e-01
2.299568653106689453e-01
2.348642349243164062e-01
2.323067188262939453e-01
1.899418830871582031e-01
2.104001045227050781e-01
2.185640335083007812e-01
2.291300296783447266e-01
1.987919807434082031e-01
1.733384132385253906e-01
1.776120662689208984e-01
1.753246784210205078e-01
1.960277557373046875e-01
1.641623973846435547e-01
1.790909767150878906e-01
1.319727897644042969e-01
1.814446449279785156e-01
1.140189170837402344e-01
1.464364528656005859e-01
5.466437339782714844e-02
2.573273181915283203e-01
2.542216777801513672e-01
2.471790313720703125e-01
2.470221519470214844e-01
2.542545795440673828e-01
2.470781803131103516e-01
2.473132610321044922e-01
2.527160644531250000e-01
2.549993991851806641e-01
2.503221035003662109e-01
2.499227523803710938e-01
2.505719661712646484e-01
2.481825351715087891e-01
2.546038627624511719e-01
2.480380535125732422e-01
2.486734390258789062e-01
2.480125427246093750e-01
1.963412761688232422e-01
2.203271389007568359e-01
1.803665161132812500e-01
2.169122695922851562e-01
1.864454746246337891e-01
1.875853538513183594e-01
2.206058502197265625e-01
1.740713119506835938e-01
1.629524230957031250e-01
1.570851802825927734e-01
1.725983619689941406e-02
2.518773078918457031e-01
2.499341964721679688e-01
2.444565296173095703e-01
2.487614154815673828e-01
2.487323284149169922e-01
2.489056587219238281e-01
2.483949661254882812e-01
2.485027313232421875e-01
2.485945224761962891e-01
2.492680549621582031e-01
2.477507591247558594e-01
2.483632564544677734e-01
2.388420104980468750e-01
2.337238788604736328e-01
2.383723258972167969e-01
2.435936927795410156e-01
2.381262779235839844e-01
1.294760704040527344e-01
2.147679328918457031e-01
1.869215965270996094e-01
2.204480171203613281e-01
1.812264919281005859e-01
2.155809402465820312e-01
1.386649608612060547e-01
1.919775009155273438e-01
1.281120777130126953e-01
1.855983734130859375e-01
1.751065254211425781e-02
2.589671611785888672e-01
2.577264308929443359e-01
2.486035823822021484e-01
2.476048469543457031e-01
2.444641590118408203e-01
2.483990192413330078e-01
2.502098083496093750e-01
2.487251758575439453e-01
2.457804679870605469e-01
2.456090450286865234e-01
2.430260181427001953e-01
2.411756515502929688e-01
2.384705543518066406e-01
2.334654331207275391e-01
2.315974235534667969e-01
2.432470321655273438e-01
2.432391643524169922e-01
1.993179321289062500e-01
1.841988563537597656e-01
2.007014751434326172e-01
2.207672595977783203e-01
1.869509220123291016e-01
2.193243503570556641e-01
1.895673274993896484e-01
1.687996387481689453e-01
1.252942085266113281e-01
1.844489574432373047e-01
1.767134666442871094e-02
2.599723339080810547e-01
2.519118785858154297e-01
2.448287010192871094e-01
2.441282272338867188e-01
2.407796382904052734e-01
2.321555614471435547e-01
2.334821224212646484e-01
2.405748367309570312e-01
2.419586181640625000e-01
2.361533641815185547e-01
2.378215789794921875e-01
2.429695129394531250e-01
2.445831298828125000e-01
2.468352317810058594e-01
2.485299110412597656e-01
2.481014728546142578e-01
1.563487052917480469e-01
1.566622257232666016e-01
2.124612331390380859e-01
1.850750446319580078e-01
2.170977592468261719e-01
2.012851238250732422e-01
1.731340885162353516e-01
1.878256797790527344e-01
1.076946258544921875e-01
1.332492828369140625e-01
9.659409523010253906e-02
1.758408546447753906e-02
2.608234882354736328e-01
2.563059329986572266e-01
2.532975673675537109e-01
2.528717517852783203e-01
2.517535686492919922e-01
2.524414062500000000e-01
2.240643501281738281e-01
2.440190315246582031e-01
2.408311367034912109e-01
2.376408576965332031e-01
2.421543598175048828e-01
2.433249950408935547e-01
2.406547069549560547e-01
2.297854423522949219e-01
1.945707798004150391e-01
1.443943977355957031e-01
1.703786849975585938e-01
1.848187446594238281e-01
1.847760677337646484e-01
2.169897556304931641e-01
1.836524009704589844e-01
2.208187580108642578e-01
1.910290718078613281e-01
2.007889747619628906e-01
2.246742248535156250e-01
1.930632591247558594e-01
1.786248683929443359e-01
1.739525794982910156e-02
2.564842700958251953e-01
2.551221847534179688e-01
2.546994686126708984e-01
2.518253326416015625e-01
2.474689483642578125e-01
2.446722984313964844e-01
2.451844215393066406e-01
2.434258460998535156e-01
2.384896278381347656e-01
2.339665889739990234e-01
2.439000606536865234e-01
2.409291267395019531e-01
2.355322837829589844e-01
2.329363822937011719e-01
2.110738754272460938e-01
1.715238094329833984e-01
1.277816295623779297e-01
1.743166446685791016e-01
2.158970832824707031e-01
1.736690998077392578e-01
1.447160243988037109e-01
1.348540782928466797e-01
1.303358078002929688e-01
1.951797008514404297e-01
1.620261669158935547e-01
2.105202674865722656e-01
1.309061050415039062e-01
1.798772811889648438e-02
2.575318813323974609e-01
2.553949356079101562e-01
2.557933330535888672e-01
2.142906188964843750e-01
2.421116828918457031e-01
2.457311153411865234e-01
2.441585063934326172e-01
2.396249771118164062e-01
2.306056022644042969e-01
1.991529464721679688e-01
1.527483463287353516e-01
1.584470272064208984e-01
2.286264896392822266e-01
2.460343837738037109e-01
2.514746189117431641e-01
2.102913856506347656e-01
2.371764183044433594e-01
1.906027793884277344e-01
1.563687324523925781e-01
2.153670787811279297e-01
1.934571266174316406e-01
1.366848945617675781e-01
8.516001701354980469e-02
1.885862350463867188e-01
2.115380764007568359e-01
1.861588954925537109e-01
2.246422767639160156e-01
5.467271804809570312e-02
2.575178146362304688e-01
2.546770572662353516e-01
2.513630390167236328e-01
2.493693828582763672e-01
2.473502159118652344e-01
2.469203472137451172e-01
2.471599578857421875e-01
2.467122077941894531e-01
2.423448562622070312e-01
2.376992702484130859e-01
2.275657653808593750e-01
1.993675231933593750e-01
1.525194644927978516e-01
1.586825847625732422e-01
2.294309139251708984e-01
2.496798038482666016e-01
2.515761852264404297e-01
2.048900127410888672e-01
1.901123523712158203e-01
1.890509128570556641e-01
2.248210906982421875e-01
1.926641464233398438e-01
2.167613506317138672e-01
2.241504192352294922e-01
2.206425666809082031e-01
1.332156658172607422e-01
1.651144027709960938e-01
1.771306991577148438e-02
2.572777271270751953e-01
2.521607875823974609e-01
2.473015785217285156e-01
2.430164813995361328e-01
2.321565151214599609e-01
2.064952850341796875e-01
1.439373493194580078e-01
1.870644092559814453e-01
1.983783245086669922e-01
2.337372303009033203e-01
1.988406181335449219e-01
2.254471778869628906e-01
2.252449989318847656e-01
2.254328727722167969e-01
2.249851226806640625e-01
2.257966995239257812e-01
2.253446578979492188e-01
2.253165245056152344e-01
1.289896965026855469e-01
1.605165004730224609e-01
2.110669612884521484e-01
1.859269142150878906e-01
2.204079627990722656e-01
1.479983329772949219e-01
2.136175632476806641e-01
1.847181320190429688e-01
1.466715335845947266e-01
1.748490333557128906e-02
2.612144947052001953e-01
2.602241039276123047e-01
2.572247982025146484e-01
2.557942867279052734e-01
2.538876533508300781e-01
2.497732639312744141e-01
2.470924854278564453e-01
2.416448593139648438e-01
2.328832149505615234e-01
2.067048549652099609e-01
1.551165580749511719e-01
1.490201950073242188e-01
2.273035049438476562e-01
2.334418296813964844e-01
2.361314296722412109e-01
2.479782104492187500e-01
2.478876113891601562e-01
2.443649768829345703e-01
1.973314285278320312e-01
1.876099109649658203e-01
1.923215389251708984e-01
2.252128124237060547e-01
1.942207813262939453e-01
2.260673046112060547e-01
1.914820671081542969e-01
2.087316513061523438e-01
1.779673099517822266e-01
1.896142959594726562e-02
2.577910423278808594e-01
2.526967525482177734e-01
2.479658126831054688e-01
2.459323406219482422e-01
2.418723106384277344e-01
2.332000732421875000e-01
2.142078876495361328e-01
1.805958747863769531e-01
1.370439529418945312e-01
2.050673961639404297e-01
2.407541275024414062e-01
2.457227706909179688e-01
2.378640174865722656e-01
2.520818710327148438e-01
2.569715976715087891e-01
2.543218135833740234e-01
2.382779121398925781e-01
2.207937240600585938e-01
1.670212745666503906e-01
1.023004055023193359e-01
1.750330924987792969e-01
1.552045345306396484e-01
2.077479362487792969e-01
1.773443222045898438e-01
2.155265808105468750e-01
1.891102790832519531e-01
1.622455120086669922e-01
1.782321929931640625e-02
2.632861137390136719e-01
2.571320533752441406e-01
2.517919540405273438e-01
2.516736984252929688e-01
1.928582191467285156e-01
2.411692142486572266e-01
2.427508831024169922e-01
2.418611049652099609e-01
2.446267604827880859e-01
2.446856498718261719e-01
2.442610263824462891e-01
2.448554039001464844e-01
2.334980964660644531e-01
2.419645786285400391e-01
2.404813766479492188e-01
2.384622097015380859e-01
2.334063053131103516e-01
1.780838966369628906e-01
1.740839481353759766e-01
1.892569065093994141e-01
1.913125514984130859e-01
1.791722774505615234e-01
2.157795429229736328e-01
1.866760253906250000e-01
2.207853794097900391e-01
1.431174278259277344e-01
9.769940376281738281e-02
1.775050163269042969e-02
2.566781044006347656e-01
2.515740394592285156e-01
2.487971782684326172e-01
2.448952198028564453e-01
2.185759544372558594e-01
2.484636306762695312e-01
2.475516796112060547e-01
2.447249889373779297e-01
2.375993728637695312e-01
2.454280853271484375e-01
2.454338073730468750e-01
2.467019557952880859e-01
2.440307140350341797e-01
2.374908924102783203e-01
2.183356285095214844e-01
1.746542453765869141e-01
1.166021823883056641e-01
2.278826236724853516e-01
2.009866237640380859e-01
2.075088024139404297e-01
1.909346580505371094e-01
1.589288711547851562e-01
1.916973590850830078e-01
2.243738174438476562e-01
1.885802745819091797e-01
2.206907272338867188e-01
1.297085285186767578e-01
1.754140853881835938e-02
2.629270553588867188e-01
2.569389343261718750e-01
2.527527809143066406e-01
2.530484199523925781e-01
2.530231475830078125e-01
2.530446052551269531e-01
2.532260417938232422e-01
2.531511783599853516e-01
2.508029937744140625e-01
2.510800361633300781e-01
2.516307830810546875e-01
2.526288032531738281e-01
2.017104625701904297e-01
2.375137805938720703e-01
2.352676391601562500e-01
2.421422004699707031e-01
2.379074096679687500e-01
1.878428459167480469e-01
2.223088741302490234e-01
1.884038448333740234e-01
1.969296932220458984e-01
2.222459316253662109e-01
1.902074813842773438e-01
2.194314002990722656e-01
2.014303207397460938e-01
1.316628456115722656e-01
1.426334381103515625e-01
1.799869537353515625e-02
2.610330581665039062e-01
2.572269439697265625e-01
2.542264461517333984e-01
2.552378177642822266e-01
2.551257610321044922e-01
2.545175552368164062e-01
2.542600631713867188e-01
2.557015419006347656e-01
1.237273216247558594e-01
2.198319435119628906e-01
2.485592365264892578e-01
2.488465309143066406e-01
2.493021488189697266e-01
2.467281818389892578e-01
2.528259754180908203e-01
2.518768310546875000e-01
2.486000061035156250e-01
1.947665214538574219e-01
1.876437664031982422e-01
2.224504947662353516e-01
1.901514530181884766e-01
2.223203182220458984e-01
1.896128654479980469e-01
2.206418514251708984e-01
2.154157161712646484e-01
1.435708999633789062e-01
1.559207439422607422e-01
1.747179031372070312e-02
2.602195739746093750e-01
2.542290687561035156e-01
2.504298686981201172e-01
2.491483688354492188e-01
2.475929260253906250e-01
2.420587539672851562e-01
2.311344146728515625e-01
2.119700908660888672e-01
1.735765933990478516e-01
1.395366191864013672e-01
2.154302597045898438e-01
2.426826953887939453e-01
2.378909587860107422e-01
2.353942394256591797e-01
2.466914653778076172e-01
2.466359138488769531e-01
2.514429092407226562e-01
2.532796859741210938e-01
2.093906402587890625e-01
1.939649581909179688e-01
1.623065471649169922e-01
2.055156230926513672e-01
1.702837944030761719e-01
1.934437751770019531e-01
1.390573978424072266e-01
1.166560649871826172e-01
1.046504974365234375e-01
5.475330352783203125e-02
2.561504840850830078e-01
2.562804222106933594e-01
2.555201053619384766e-01
2.554988861083984375e-01
2.556793689727783203e-01
2.536053657531738281e-01
2.517004013061523438e-01
2.501173019409179688e-01
2.481307983398437500e-01
2.475910186767578125e-01
2.480373382568359375e-01
2.479970455169677734e-01
1.674733161926269531e-01
2.246792316436767578e-01
2.497482299804687500e-01
2.554998397827148438e-01
2.057967185974121094e-01
2.142570018768310547e-01
1.788997650146484375e-01
2.125246524810791016e-01
1.845524311065673828e-01
2.044293880462646484e-01
2.223777770996093750e-01
1.925497055053710938e-01
2.258775234222412109e-01
1.399042606353759766e-01
1.588482856750488281e-01
2.972722053527832031e-02
2.579438686370849609e-01
2.525329589843750000e-01
2.488110065460205078e-01
2.444627285003662109e-01
2.409658432006835938e-01
2.302944660186767578e-01
1.541004180908203125e-01
2.459809780120849609e-01
2.385711669921875000e-01
2.252936363220214844e-01
1.927540302276611328e-01
1.506268978118896484e-01
1.680493354797363281e-01
2.364375591278076172e-01
2.406919002532958984e-01
2.388489246368408203e-01
2.386591434478759766e-01
2.478070259094238281e-01
1.918592453002929688e-01
2.044095993041992188e-01
1.676595211029052734e-01
2.137873172760009766e-01
1.736366748809814453e-01
2.119691371917724609e-01
1.822977066040039062e-01
1.772992610931396484e-01
1.283545494079589844e-01
1.751732826232910156e-02
2.575440406799316406e-01
2.563121318817138672e-01
1.898202896118164062e-01
2.424662113189697266e-01
2.418107986450195312e-01
2.449560165405273438e-01
1.867043972015380859e-01
2.288465499877929688e-01
2.225711345672607422e-01
2.104709148406982422e-01
1.986238956451416016e-01
1.656637191772460938e-01
2.131030559539794922e-01
2.364196777343750000e-01
2.470369338989257812e-01
2.487268447875976562e-01
2.042465209960937500e-01
1.735863685607910156e-01
1.292667388916015625e-01
2.012407779693603516e-01
1.704959869384765625e-01
2.117786407470703125e-01
1.924073696136474609e-01
1.849021911621093750e-01
2.217826843261718750e-01
1.401853561401367188e-01
1.543138027191162109e-01
1.749086380004882812e-02
2.568347454071044922e-01
2.557775974273681641e-01
2.553038597106933594e-01
2.554159164428710938e-01
2.556612491607666016e-01
2.558333873748779297e-01
2.558555603027343750e-01
2.543990612030029297e-01
2.518544197082519531e-01
2.507715225219726562e-01
2.491652965545654297e-01
2.494430541992187500e-01
2.268192768096923828e-01
2.263729572296142578e-01
2.043757438659667969e-01
1.717112064361572266e-01
1.421587467193603516e-01
2.213943004608154297e-01
1.888029575347900391e-01
2.259087562561035156e-01
1.929640769958496094e-01
2.220015525817871094e-01
2.239861488342285156e-01
1.923601627349853516e-01
2.264714241027832031e-01
1.919407844543457031e-01
1.455333232879638672e-01
1.750516891479492188e-02
2.568786144256591797e-01
2.565484046936035156e-01
2.555465698242187500e-01
2.557356357574462891e-01
2.570381164550781250e-01
2.558507919311523438e-01
2.548916339874267578e-01
2.558698654174804688e-01
2.551276683807373047e-01
2.546246051788330078e-01
2.139904499053955078e-01
2.408931255340576172e-01
2.402374744415283203e-01
2.286357879638671875e-01
1.904411315917968750e-01
1.646628379821777344e-01
1.564133167266845703e-01
2.274703979492187500e-01
1.926846504211425781e-01
2.240610122680664062e-01
1.927270889282226562e-01
1.886229515075683594e-01
1.947481632232666016e-01
2.290215492248535156e-01
1.948564052581787109e-01
1.643140316009521484e-01
1.289629936218261719e-01
1.763224601745605469e-02
2.622673511505126953e-01
2.589716911315917969e-01
2.578928470611572266e-01
2.568271160125732422e-01
2.508280277252197266e-01
2.429573535919189453e-01
2.428667545318603516e-01
2.409377098083496094e-01
2.385365962982177734e-01
2.313745021820068359e-01
2.444462776184082031e-01
2.069132328033447266e-01
2.563798427581787109e-01
2.559511661529541016e-01
2.550351619720458984e-01
2.558310031890869141e-01
2.538483142852783203e-01
2.053778171539306641e-01
1.273758411407470703e-01
2.010495662689208984e-01
1.912822723388671875e-01
1.780445575714111328e-01
2.165369987487792969e-01
1.891744136810302734e-01
2.227194309234619141e-01
1.443259716033935547e-01
1.502838134765625000e-01
2.155876159667968750e-02
2.617394924163818359e-01
2.522337436676025391e-01
2.534356117248535156e-01
2.530503273010253906e-01
2.535355091094970703e-01
2.465806007385253906e-01
2.464337348937988281e-01
2.518932819366455078e-01
2.532014846801757812e-01
2.502515316009521484e-01
2.510712146759033203e-01
2.510683536529541016e-01
2.512683868408203125e-01
2.507469654083251953e-01
2.508637905120849609e-01
2.505211830139160156e-01
2.504315376281738281e-01
1.966197490692138672e-01
1.637301445007324219e-01
1.739726066589355469e-01
2.089095115661621094e-01
1.818482875823974609e-01
2.187619209289550781e-01
1.885366439819335938e-01
1.449508666992187500e-01
1.540162563323974609e-01
1.559188365936279297e-01
1.773190498352050781e-02
2.612531185150146484e-01
2.526888847351074219e-01
2.524459362030029297e-01
2.525196075439453125e-01
2.525269985198974609e-01
2.522647380828857422e-01
2.528042793273925781e-01
2.527999877929687500e-01
2.517464160919189453e-01
2.527010440826416016e-01
2.520885467529296875e-01
2.521798610687255859e-01
2.524294853210449219e-01
2.521708011627197266e-01
2.518126964569091797e-01
2.522912025451660156e-01
2.521991729736328125e-01
1.961688995361328125e-01
2.186360359191894531e-01
1.775932312011718750e-01
2.106389999389648438e-01
1.755323410034179688e-01
2.080955505371093750e-01
1.756594181060791016e-01
1.665542125701904297e-01
1.173048019409179688e-01
9.050822257995605469e-02
5.909204483032226562e-02
2.571022510528564453e-01
2.522556781768798828e-01
2.524967193603515625e-01
2.524807453155517578e-01
2.528953552246093750e-01
2.535119056701660156e-01
2.510075569152832031e-01
2.514929771423339844e-01
2.482411861419677734e-01
2.464642524719238281e-01
2.462370395660400391e-01
2.464969158172607422e-01
2.461619377136230469e-01
2.438395023345947266e-01
2.435061931610107422e-01
2.441778182983398438e-01
2.437803745269775391e-01
1.879637241363525391e-01
2.151064872741699219e-01
1.660625934600830078e-01
2.149395942687988281e-01
1.867208480834960938e-01
2.010555267333984375e-01
2.219994068145751953e-01
1.435236930847167969e-01
1.618127822875976562e-01
1.287035942077636719e-01
1.779723167419433594e-02
2.568211555480957031e-01
2.560594081878662109e-01
2.554619312286376953e-01
2.558968067169189453e-01
2.559947967529296875e-01
2.558155059814453125e-01
2.557501792907714844e-01
2.550184726715087891e-01
2.546184062957763672e-01
2.563679218292236328e-01
2.555725574493408203e-01
2.560751438140869141e-01
2.557170391082763672e-01
2.557621002197265625e-01
2.563459873199462891e-01
2.558357715606689453e-01
2.551910877227783203e-01
2.010946273803710938e-01
2.144749164581298828e-01
1.809396743774414062e-01
2.134726047515869141e-01
1.809797286987304688e-01
2.213339805603027344e-01
2.063784599304199219e-01
1.706051826477050781e-01
1.676106452941894531e-01
1.243352890014648438e-01
1.762771606445312500e-02
2.613651752471923828e-01
2.530627250671386719e-01
2.509939670562744141e-01
2.178142070770263672e-01
2.390713691711425781e-01
2.378187179565429688e-01
2.434334754943847656e-01
2.442696094512939453e-01
2.447450160980224609e-01
2.461867332458496094e-01
2.477931976318359375e-01
2.481858730316162109e-01
2.485795021057128906e-01
2.483227252960205078e-01
2.482316493988037109e-01
2.484862804412841797e-01
2.058856487274169922e-01
1.989686489105224609e-01
1.781270503997802734e-01
2.155909538269042969e-01
1.875619888305664062e-01
2.218732833862304688e-01
1.982841491699218750e-01
1.809339523315429688e-01
2.196190357208251953e-01
1.449608802795410156e-01
1.614243984222412109e-01
1.805424690246582031e-02
2.576718330383300781e-01
2.539484500885009766e-01
2.490060329437255859e-01
2.471122741699218750e-01
2.095320224761962891e-01
2.410659790039062500e-01
2.435710430145263672e-01
2.367730140686035156e-01
2.052297592163085938e-01
2.252976894378662109e-01
2.252044677734375000e-01
2.260138988494873047e-01
2.256009578704833984e-01
2.254738807678222656e-01
2.254569530487060547e-01
2.245447635650634766e-01
2.241213321685791016e-01
1.388950347900390625e-01
1.657557487487792969e-01
2.162959575653076172e-01
1.908147335052490234e-01
1.961157321929931641e-01
2.259719371795654297e-01
1.923592090606689453e-01
2.229578495025634766e-01
2.066130638122558594e-01
1.410071849822998047e-01
1.753926277160644531e-02
2.584404945373535156e-01
2.512392997741699219e-01
2.442581653594970703e-01
2.357971668243408203e-01
2.087521553039550781e-01
1.593263149261474609e-01
1.447668075561523438e-01
2.255885601043701172e-01
2.392339706420898438e-01
2.155842781066894531e-01
2.535810470581054688e-01
2.564983367919921875e-01
2.563705444335937500e-01
2.530004978179931641e-01
2.502946853637695312e-01
2.472124099731445312e-01
2.441506385803222656e-01
2.385392189025878906e-01
1.853787899017333984e-01
1.565344333648681641e-01
1.755037307739257812e-01
1.183183193206787109e-01
1.852867603302001953e-01
1.336162090301513672e-01
2.041995525360107422e-01
1.649520397186279297e-01
2.127649784088134766e-01
4.549932479858398438e-02
2.594547271728515625e-01
2.581856250762939453e-01
2.543213367462158203e-01
2.515130043029785156e-01
2.502415180206298828e-01
2.485651969909667969e-01
2.485353946685791016e-01
2.487030029296875000e-01
2.298860549926757812e-01
2.452239990234375000e-01
2.434012889862060547e-01
2.477855682373046875e-01
2.457175254821777344e-01
2.392973899841308594e-01
2.454535961151123047e-01
2.442333698272705078e-01
1.405820846557617188e-01
1.703999042510986328e-01
2.109301090240478516e-01
1.854596138000488281e-01
2.068643569946289062e-01
2.296133041381835938e-01
1.913008689880371094e-01
2.230026721954345703e-01
1.892220973968505859e-01
1.923322677612304688e-01
1.776111125946044922e-01
1.755833625793457031e-02
2.572257518768310547e-01
2.566044330596923828e-01
2.559459209442138672e-01
2.557933330535888672e-01
2.556619644165039062e-01
2.555410861968994141e-01
2.552692890167236328e-01
2.553172111511230469e-01
2.549567222595214844e-01
2.556259632110595703e-01
2.554192543029785156e-01
2.554266452789306641e-01
2.553639411926269531e-01
2.557702064514160156e-01
2.555999755859375000e-01
1.933541297912597656e-01
2.497456073760986328e-01
2.073390483856201172e-01
1.943490505218505859e-01
1.891057491302490234e-01
2.206494808197021484e-01
1.887004375457763672e-01
2.222135066986083984e-01
1.898932456970214844e-01
2.042176723480224609e-01
1.710307598114013672e-01
1.264741420745849609e-01
6.867623329162597656e-02
2.597825527191162109e-01
2.571601867675781250e-01
2.563877105712890625e-01
2.558598518371582031e-01
2.573647499084472656e-01
2.556414604187011719e-01
2.557473182678222656e-01
2.557170391082763672e-01
2.562091350555419922e-01
2.555658817291259766e-01
2.556879520416259766e-01
2.555532455444335938e-01
2.265264987945556641e-01
2.279038429260253906e-01
2.323443889617919922e-01
2.358329296112060547e-01
2.469694614410400391e-01
2.055921554565429688e-01
2.108845710754394531e-01
1.948122978210449219e-01
2.229809761047363281e-01
1.902487277984619141e-01
2.022466659545898438e-01
1.595635414123535156e-01
1.731257438659667969e-01
1.627538204193115234e-01
1.617891788482666016e-01
1.756572723388671875e-02
2.565789222717285156e-01
2.557654380798339844e-01
2.569260597229003906e-01
2.553141117095947266e-01
2.571661472320556641e-01
2.556521892547607422e-01
2.557005882263183594e-01
2.544798851013183594e-01
2.552716732025146484e-01
2.552971839904785156e-01
2.560300827026367188e-01
2.519066333770751953e-01
2.520041465759277344e-01
2.521326541900634766e-01
2.519366741180419922e-01
2.505297660827636719e-01
2.500412464141845703e-01
2.022633552551269531e-01
2.107098102569580078e-01
1.709132194519042969e-01
2.007808685302734375e-01
9.493494033813476562e-02
2.095067501068115234e-01
1.717998981475830078e-01
1.911129951477050781e-01
1.255154609680175781e-01
1.924617290496826172e-01
1.749944686889648438e-02
2.568428516387939453e-01
2.567918300628662109e-01
2.564816474914550781e-01
2.564392089843750000e-01
2.567143440246582031e-01
2.566545009613037109e-01
2.564165592193603516e-01
2.559981346130371094e-01
2.563691139221191406e-01
2.565617561340332031e-01
2.566246986389160156e-01
2.562668323516845703e-01
2.564899921417236328e-01
2.550652027130126953e-01
2.534837722778320312e-01
2.620699405670166016e-01
1.783180236816406250e-01
1.467778682708740234e-01
1.973524093627929688e-01
1.400263309478759766e-01
1.944184303283691406e-01
1.263127326965332031e-01
1.615509986877441406e-01
1.649281978607177734e-01
2.019913196563720703e-01
1.320216655731201172e-01
1.943194866180419922e-01
1.747679710388183594e-02
2.600512504577636719e-01
2.554783821105957031e-01
2.567331790924072266e-01
2.557327747344970703e-01
2.546694278717041016e-01
2.546434402465820312e-01
1.923577785491943359e-01
2.495613098144531250e-01
2.480595111846923828e-01
2.485945224761962891e-01
2.472124099731445312e-01
2.422022819519042969e-01
2.375581264495849609e-01
2.300825119018554688e-01
1.991066932678222656e-01
1.513335704803466797e-01
1.612255573272705078e-01
2.370440959930419922e-01
1.994962692260742188e-01
1.877160072326660156e-01
2.175972461700439453e-01
1.851725578308105469e-01
2.171838283538818359e-01
1.869027614593505859e-01
2.203550338745117188e-01
1.899724006652832031e-01
1.907269954681396484e-01
4.749011993408203125e-02
2.604060173034667969e-01
2.572562694549560547e-01
2.558436393737792969e-01
2.529489994049072266e-01
2.515885829925537109e-01
2.516136169433593750e-01
2.436163425445556641e-01
2.524213790893554688e-01
2.512531280517578125e-01
2.355470657348632812e-01
2.433674335479736328e-01
2.435078620910644531e-01
2.282989025115966797e-01
2.022294998168945312e-01
1.729762554168701172e-01
1.371865272521972656e-01
2.205920219421386719e-01
2.408232688903808594e-01
1.935331821441650391e-01
2.223308086395263672e-01
1.633682250976562500e-01
1.082901954650878906e-01
1.362788677215576172e-01
1.959838867187500000e-01
2.208900451660156250e-01
1.766552925109863281e-01
1.617338657379150391e-01
1.778388023376464844e-02
2.674880027770996094e-01
2.484281063079833984e-01
2.487692832946777344e-01
2.477884292602539062e-01
2.501018047332763672e-01
2.394034862518310547e-01
2.507071495056152344e-01
2.484354972839355469e-01
2.411847114562988281e-01
2.569057941436767578e-01
2.499828338623046875e-01
2.471418380737304688e-01
2.481682300567626953e-01
2.470450401306152344e-01
1.878006458282470703e-01
2.500531673431396484e-01
2.544329166412353516e-01
1.987371444702148438e-01
2.196698188781738281e-01
1.799190044403076172e-01
2.127063274383544922e-01
1.801216602325439453e-01
2.045564651489257812e-01
2.203640937805175781e-01
1.849679946899414062e-01
2.171797752380371094e-01
1.295266151428222656e-01
1.778888702392578125e-02
2.619183063507080078e-01
2.600007057189941406e-01
2.558097839355468750e-01
2.533459663391113281e-01
2.523455619812011719e-01
2.499551773071289062e-01
2.049314975738525391e-01
2.370865345001220703e-01
2.434799671173095703e-01
2.372710704803466797e-01
2.402222156524658203e-01
2.380115985870361328e-01
2.376842498779296875e-01
2.450485229492187500e-01
2.433526515960693359e-01
2.407231330871582031e-01
1.850504875183105469e-01
1.681506633758544922e-01
1.833879947662353516e-01
2.115759849548339844e-01
1.653506755828857422e-01
1.939496994018554688e-01
1.664519309997558594e-01
1.868193149566650391e-01
9.961128234863281250e-02
6.221675872802734375e-02
1.301696300506591797e-01
2.409052848815917969e-02
2.581961154937744141e-01
2.568790912628173828e-01
2.506041526794433594e-01
2.505171298980712891e-01
2.469980716705322266e-01
2.449133396148681641e-01
1.907217502593994141e-01
2.350981235504150391e-01
2.443549633026123047e-01
2.450697422027587891e-01
2.463328838348388672e-01
2.448170185089111328e-01
2.447576522827148438e-01
2.446825504302978516e-01
2.515881061553955078e-01
2.293694019317626953e-01
2.438511848449707031e-01
1.925628185272216797e-01
1.657569408416748047e-01
1.843698024749755859e-01
1.242613792419433594e-01
1.586930751800537109e-01
1.244316101074218750e-01
1.590707302093505859e-01
1.804454326629638672e-01
2.124526500701904297e-01
2.176237106323242188e-01
1.780009269714355469e-02
2.595951557159423828e-01
2.573254108428955078e-01
2.564971446990966797e-01
2.560536861419677734e-01
2.564628124237060547e-01
2.570250034332275391e-01
2.563288211822509766e-01
2.565913200378417969e-01
2.558245658874511719e-01
2.559843063354492188e-01
2.565314769744873047e-01
2.558937072753906250e-01
2.169387340545654297e-01
2.452561855316162109e-01
2.503747940063476562e-01
2.507405281066894531e-01
2.505664825439453125e-01
2.065498828887939453e-01
2.030627727508544922e-01
1.782054901123046875e-01
2.162895202636718750e-01
1.880645751953125000e-01
2.217624187469482422e-01
1.883041858673095703e-01
2.127625942230224609e-01
1.571426391601562500e-01
1.230113506317138672e-01
1.757192611694335938e-02
2.602338790893554688e-01
2.576634883880615234e-01
2.528085708618164062e-01
2.526578903198242188e-01
2.529394626617431641e-01
2.523891925811767578e-01
2.522740364074707031e-01
2.552518844604492188e-01
2.521963119506835938e-01
2.524130344390869141e-01
2.527463436126708984e-01
2.521708011627197266e-01
2.522706985473632812e-01
2.522342205047607422e-01
2.522392272949218750e-01
2.527325153350830078e-01
2.518029212951660156e-01
1.997132301330566406e-01
2.202818393707275391e-01
1.802291870117187500e-01
2.151505947113037109e-01
1.847341060638427734e-01
2.046506404876708984e-01
2.083032131195068359e-01
1.749398708343505859e-01
1.604919433593750000e-01
1.586894989013671875e-01
1.743125915527343750e-02
2.601542472839355469e-01
2.542002201080322266e-01
2.494289875030517578e-01
2.498307228088378906e-01
1.915302276611328125e-01
2.389972209930419922e-01
2.327556610107421875e-01
2.379903793334960938e-01
2.282719612121582031e-01
2.465710639953613281e-01
2.476830482482910156e-01
2.174417972564697266e-01
2.433705329895019531e-01
2.442715167999267578e-01
2.478487491607666016e-01
2.503633499145507812e-01
2.070159912109375000e-01
2.068500518798828125e-01
1.305038928985595703e-01
2.118680477142333984e-01
1.831846237182617188e-01
2.259416580200195312e-01
2.026641368865966797e-01
1.843948364257812500e-01
2.172927856445312500e-01
1.290874481201171875e-01
1.843154430389404297e-01
1.772308349609375000e-02
2.598180770874023438e-01
2.552542686462402344e-01
2.503311634063720703e-01
2.506210803985595703e-01
1.396341323852539062e-01
2.261819839477539062e-01
2.487974166870117188e-01
2.457730770111083984e-01
2.452523708343505859e-01
2.432208061218261719e-01
2.437915802001953125e-01
2.439398765563964844e-01
2.460765838623046875e-01
2.460877895355224609e-01
2.467191219329833984e-01
2.461440563201904297e-01
2.462258338928222656e-01
1.915481090545654297e-01
2.222800254821777344e-01
1.853470802307128906e-01
2.197911739349365234e-01
2.082791328430175781e-01
1.707046031951904297e-01
2.005696296691894531e-01
1.692349910736083984e-01
1.612737178802490234e-01
1.618969440460205078e-01
2.817511558532714844e-02
2.575783729553222656e-01
2.546520233154296875e-01
2.511947154998779297e-01
2.488358020782470703e-01
2.492702007293701172e-01
2.477934360504150391e-01
2.474069595336914062e-01
2.449171543121337891e-01
2.417051792144775391e-01
2.328674793243408203e-01
2.089755535125732422e-01
1.740581989288330078e-01
1.463391780853271484e-01
2.204468250274658203e-01
2.277302742004394531e-01
2.280912399291992188e-01
2.332608699798583984e-01
2.231645584106445312e-01
1.893463134765625000e-01
2.261192798614501953e-01
1.943230628967285156e-01
1.898787021636962891e-01
2.207105159759521484e-01
1.872670650482177734e-01
2.227334976196289062e-01
1.279673576354980469e-01
1.732082366943359375e-01
1.754140853881835938e-02
2.614850997924804688e-01
2.556116580963134766e-01
2.546277046203613281e-01
2.522313594818115234e-01
2.544350624084472656e-01
2.532885074615478516e-01
2.546882629394531250e-01
2.546794414520263672e-01
2.087404727935791016e-01
2.510859966278076172e-01
2.538797855377197266e-01
2.544946670532226562e-01
2.544932365417480469e-01
2.545390129089355469e-01
2.544040679931640625e-01
2.544236183166503906e-01
2.543511390686035156e-01
1.984803676605224609e-01
1.881203651428222656e-01
2.222654819488525391e-01
1.901128292083740234e-01
2.225093841552734375e-01
2.058808803558349609e-01
1.844944953918457031e-01
2.173418998718261719e-01
1.288638114929199219e-01
1.820714473724365234e-01
1.744866371154785156e-02
2.564198970794677734e-01
2.544021606445312500e-01
2.518172264099121094e-01
2.504086494445800781e-01
2.480959892272949219e-01
2.469637393951416016e-01
2.465136051177978516e-01
2.472887039184570312e-01
2.468018531799316406e-01
2.472391128540039062e-01
2.468879222869873047e-01
2.466475963592529297e-01
2.446973323822021484e-01
2.413303852081298828e-01
2.331569194793701172e-01
2.137050628662109375e-01
1.808829307556152344e-01
1.533935070037841797e-01
1.455426216125488281e-01
2.136230468750000000e-01
1.838726997375488281e-01
1.628794670104980469e-01
1.856915950775146484e-01
2.184500694274902344e-01
2.183499336242675781e-01
1.708605289459228516e-01
2.106983661651611328e-01
1.747632026672363281e-02
2.587304115295410156e-01
2.549779415130615234e-01
2.558519840240478516e-01
1.933515071868896484e-01
2.458982467651367188e-01
2.459506988525390625e-01
2.462291717529296875e-01
2.464475631713867188e-01
2.464814186096191406e-01
2.484288215637207031e-01
2.495479583740234375e-01
2.456293106079101562e-01
1.837534904479980469e-01
1.592268943786621094e-01
2.147998809814453125e-01
2.361981868743896484e-01
2.430868148803710938e-01
1.886408329010009766e-01
1.983332633972167969e-01
1.725711822509765625e-01
2.132523059844970703e-01
1.886556148529052734e-01
2.161347866058349609e-01
2.096006870269775391e-01
1.814260482788085938e-01
1.677348613739013672e-01
1.293935775756835938e-01
5.738782882690429688e-02
2.572653293609619141e-01
2.559404373168945312e-01
2.538428306579589844e-01
2.515223026275634766e-01
2.496612071990966797e-01
2.480115890502929688e-01
2.478086948394775391e-01
2.480361461639404297e-01
2.467956542968750000e-01
2.451341152191162109e-01
2.410745620727539062e-01
2.308948040008544922e-01
2.042493820190429688e-01
1.693270206451416016e-01
1.467781066894531250e-01
2.194869518280029297e-01
2.403802871704101562e-01
2.375774383544921875e-01
1.900227069854736328e-01
2.226142883300781250e-01
1.897640228271484375e-01
2.134366035461425781e-01
2.253093719482421875e-01
1.944630146026611328e-01
2.246952056884765625e-01
1.900827884674072266e-01
1.487007141113281250e-01
1.747465133666992188e-02
2.578473091125488281e-01
2.531535625457763672e-01
1.874136924743652344e-01
2.416272163391113281e-01
2.437777519226074219e-01
2.410967350006103516e-01
1.582741737365722656e-01
2.055892944335937500e-01
2.079234123229980469e-01
1.931440830230712891e-01
1.732342243194580078e-01
2.311840057373046875e-01
2.425835132598876953e-01
2.311806678771972656e-01
2.443575859069824219e-01
2.434139251708984375e-01
1.625669002532958984e-01
1.713917255401611328e-01
1.834936141967773438e-01
2.139754295349121094e-01
1.689794063568115234e-01
2.144470214843750000e-01
1.774072647094726562e-01
2.153530120849609375e-01
1.445603370666503906e-01
1.611230373382568359e-01
1.616675853729248047e-01
1.750731468200683594e-02
2.610688209533691406e-01
2.585477828979492188e-01
2.539973258972167969e-01
2.516469955444335938e-01
2.496180534362792969e-01
2.476971149444580078e-01
2.463042736053466797e-01
2.444610595703125000e-01
2.408888339996337891e-01
2.321486473083496094e-01
2.090754508972167969e-01
1.638121604919433594e-01
1.397395133972167969e-01
2.276501655578613281e-01
2.509086132049560547e-01
2.535011768341064453e-01
2.529494762420654297e-01
2.499616146087646484e-01
1.996922492980957031e-01
2.182092666625976562e-01
1.766896247863769531e-01
2.181529998779296875e-01
1.880500316619873047e-01
2.120285034179687500e-01
2.251298427581787109e-01
1.935179233551025391e-01
1.674518585205078125e-01
1.756191253662109375e-02
2.580232620239257812e-01
2.544028759002685547e-01
2.559151649475097656e-01
2.560007572174072266e-01
2.555727958679199219e-01
2.532615661621093750e-01
2.526967525482177734e-01
2.523398399353027344e-01
2.510306835174560547e-01
2.497134208679199219e-01
1.833384037017822266e-01
2.343316078186035156e-01
2.161045074462890625e-01
1.870050430297851562e-01
1.512708663940429688e-01
1.821806430816650391e-01
1.697607040405273438e-01
2.343139648437500000e-01
1.945414543151855469e-01
2.105329036712646484e-01
2.064452171325683594e-01
1.867952346801757812e-01
2.257483005523681641e-01
1.897974014282226562e-01
2.111947536468505859e-01
2.194728851318359375e-01
1.280460357666015625e-01
1.746511459350585938e-02
2.564399242401123047e-01
2.560122013092041016e-01
2.553775310516357422e-01
2.559983730316162109e-01
2.555952072143554688e-01
2.565131187438964844e-01
2.563951015472412109e-01
2.563097476959228516e-01
2.561817169189453125e-01
2.565503120422363281e-01
2.564437389373779297e-01
2.566819190979003906e-01
2.162091732025146484e-01
2.446632385253906250e-01
2.458605766296386719e-01
2.445275783538818359e-01
2.439856529235839844e-01
2.012076377868652344e-01
1.869356632232666016e-01
1.903016567230224609e-01
2.202234268188476562e-01
1.888475418090820312e-01
2.217082977294921875e-01
1.980803012847900391e-01
1.836674213409423828e-01
1.775391101837158203e-01
1.262309551239013672e-01
4.206395149230957031e-02
2.601573467254638672e-01
2.566754817962646484e-01
2.553594112396240234e-01
2.558193206787109375e-01
2.553551197052001953e-01
2.550897598266601562e-01
2.558717727661132812e-01
2.560012340545654297e-01
2.562706470489501953e-01
2.559058666229248047e-01
2.559864521026611328e-01
2.558758258819580078e-01
2.559623718261718750e-01
2.557783126831054688e-01
2.546479701995849609e-01
2.556927204132080078e-01
2.557072639465332031e-01
2.106044292449951172e-01
1.281514167785644531e-01
2.217986583709716797e-01
1.891500949859619141e-01
1.460645198822021484e-01
1.637597084045410156e-01
1.904091835021972656e-01
2.142722606658935547e-01
1.443421840667724609e-01
1.616373062133789062e-01
2.777862548828125000e-02
2.578654289245605469e-01
2.559404373168945312e-01
2.564842700958251953e-01
2.566421031951904297e-01
2.549355030059814453e-01
2.553875446319580078e-01
2.556183338165283203e-01
2.553925514221191406e-01
2.562937736511230469e-01
2.556266784667968750e-01
2.560782432556152344e-01
2.555236816406250000e-01
2.557246685028076172e-01
2.535974979400634766e-01
2.514495849609375000e-01
2.511048316955566406e-01
2.496116161346435547e-01
2.072715759277343750e-01
1.901578903198242188e-01
2.022345066070556641e-01
2.216131687164306641e-01
1.892895698547363281e-01
2.214705944061279297e-01
1.907534599304199219e-01
2.216453552246093750e-01
1.429598331451416016e-01
1.461534500122070312e-01
3.442382812500000000e-02
2.630586624145507812e-01
2.593624591827392578e-01
2.537572383880615234e-01
2.509810924530029297e-01
2.510917186737060547e-01
2.506434917449951172e-01
2.486953735351562500e-01
2.485609054565429688e-01
2.460176944732666016e-01
2.461085319519042969e-01
2.457861900329589844e-01
2.461760044097900391e-01
2.459220886230468750e-01
2.463982105255126953e-01
2.463786602020263672e-01
2.460756301879882812e-01
2.458193302154541016e-01
1.984620094299316406e-01
1.814455986022949219e-01
2.183742523193359375e-01
1.859931945800781250e-01
2.180757522583007812e-01
1.861126422882080078e-01
2.032568454742431641e-01
2.185115814208984375e-01
1.336488723754882812e-01
1.564602851867675781e-01
1.758694648742675781e-02
2.585892677307128906e-01
2.562906742095947266e-01
2.554593086242675781e-01
2.551677227020263672e-01
2.552351951599121094e-01
2.555804252624511719e-01
2.553105354309082031e-01
2.547476291656494141e-01
2.555985450744628906e-01
2.555575370788574219e-01
2.553613185882568359e-01
2.552297115325927734e-01
2.547237873077392578e-01
2.546982765197753906e-01
2.553975582122802734e-01
2.553799152374267578e-01
2.556591033935546875e-01
2.093708515167236328e-01
1.938068866729736328e-01
1.948750019073486328e-01
2.260723114013671875e-01
1.938967704772949219e-01
2.259953022003173828e-01
1.928763389587402344e-01
2.253730297088623047e-01
1.372549533843994141e-01
1.623656749725341797e-01
2.668881416320800781e-02
2.578921318054199219e-01
2.557320594787597656e-01
2.560207843780517578e-01
2.563443183898925781e-01
2.549331188201904297e-01
2.564117908477783203e-01
2.552268505096435547e-01
2.561397552490234375e-01
2.563827037811279297e-01
2.556118965148925781e-01
2.554402351379394531e-01
2.553722858428955078e-01
2.561712265014648438e-01
2.561891078948974609e-01
2.559504508972167969e-01
2.564911842346191406e-01
2.555453777313232422e-01
2.078728675842285156e-01
2.132728099822998047e-01
1.921663284301757812e-01
2.251565456390380859e-01
1.920778751373291016e-01
2.046751976013183594e-01
2.250993251800537109e-01
1.923935413360595703e-01
1.746084690093994141e-01
1.293075084686279297e-01
1.756477355957031250e-02
2.625200748443603516e-01
2.607436180114746094e-01
2.587113380432128906e-01
2.506577968597412109e-01
1.932697296142578125e-01
2.379443645477294922e-01
1.684939861297607422e-01
2.001984119415283203e-01
2.450454235076904297e-01
2.536618709564208984e-01
2.547399997711181641e-01
2.544798851013183594e-01
2.489070892333984375e-01
2.462880611419677734e-01
2.450330257415771484e-01
2.339231967926025391e-01
2.305378913879394531e-01
1.793329715728759766e-01
2.206220626831054688e-01
1.877710819244384766e-01
2.205646038055419922e-01
2.193908691406250000e-01
1.770155429840087891e-01
2.105987071990966797e-01
1.825888156890869141e-01
1.605494022369384766e-01
1.516335010528564453e-01
1.758527755737304688e-02
2.580506801605224609e-01
2.538678646087646484e-01
2.494101524353027344e-01
2.447254657745361328e-01
2.353723049163818359e-01
2.091274261474609375e-01
1.364212036132812500e-01
1.686689853668212891e-01
2.216911315917968750e-01
2.389185428619384766e-01
2.485477924346923828e-01
2.460401058197021484e-01
2.450413703918457031e-01
2.425913810729980469e-01
2.448647022247314453e-01
2.421896457672119141e-01
2.394540309906005859e-01
2.313234806060791016e-01
1.809446811676025391e-01
1.746025085449218750e-01
2.138700485229492188e-01
1.815087795257568359e-01
1.960084438323974609e-01
2.207584381103515625e-01
1.881968975067138672e-01
2.207360267639160156e-01
1.431288719177246094e-01
1.748776435852050781e-02
2.570080757141113281e-01
2.552742958068847656e-01
2.502679824829101562e-01
2.481632232666015625e-01
2.448878288269042969e-01
2.414577007293701172e-01
2.308123111724853516e-01
1.998050212860107422e-01
1.792612075805664062e-01
2.289109230041503906e-01
2.485506534576416016e-01
2.002122402191162109e-01
2.538785934448242188e-01
2.532458305358886719e-01
2.528669834136962891e-01
2.535061836242675781e-01
1.941306591033935547e-01
2.056293487548828125e-01
2.229650020599365234e-01
1.828212738037109375e-01
2.219648361206054688e-01
1.895480155944824219e-01
1.921424865722656250e-01
2.220396995544433594e-01
1.925621032714843750e-01
2.179899215698242188e-01
1.601638793945312500e-01
1.750063896179199219e-02
2.576692104339599609e-01
2.553031444549560547e-01
2.494409084320068359e-01
2.442088127136230469e-01
2.344243526458740234e-01
2.022418975830078125e-01
1.524574756622314453e-01
1.588437557220458984e-01
2.293777465820312500e-01
2.435488700866699219e-01
2.449493408203125000e-01
2.495868206024169922e-01
2.522747516632080078e-01
2.569375038146972656e-01
2.566711902618408203e-01
2.570309638977050781e-01
2.558038234710693359e-01
2.525897026062011719e-01
2.060053348541259766e-01
2.052764892578125000e-01
1.949155330657958984e-01
2.260110378265380859e-01
1.920294761657714844e-01
2.163231372833251953e-01
2.156865596771240234e-01
1.808114051818847656e-01
1.760737895965576172e-01
1.747560501098632812e-02
2.588002681732177734e-01
2.575211524963378906e-01
2.540552616119384766e-01
2.523379325866699219e-01
2.485134601593017578e-01
2.469625473022460938e-01
2.476768493652343750e-01
2.395961284637451172e-01
2.288718223571777344e-01
1.951594352722167969e-01
1.601514816284179688e-01
1.569910049438476562e-01
2.320342063903808594e-01
2.513077259063720703e-01
2.519907951354980469e-01
2.527165412902832031e-01
2.456164360046386719e-01
1.965010166168212891e-01
1.305480003356933594e-01
2.112791538238525391e-01
2.231049537658691406e-01
1.810054779052734375e-01
2.179791927337646484e-01
1.881780624389648438e-01
1.314663887023925781e-01
2.136750221252441406e-01
1.304144859313964844e-01
1.808810234069824219e-02
2.615478038787841797e-01
2.572088241577148438e-01
2.510957717895507812e-01
2.417824268341064453e-01
2.411007881164550781e-01
2.485022544860839844e-01
2.459001541137695312e-01
2.386434078216552734e-01
2.393014430999755859e-01
2.394340038299560547e-01
2.383692264556884766e-01
2.390353679656982422e-01
2.409505844116210938e-01
2.415633201599121094e-01
2.486433982849121094e-01
2.484736442565917969e-01
2.405898571014404297e-01
1.949846744537353516e-01
2.140905857086181641e-01
1.683924198150634766e-01
2.165637016296386719e-01
1.917803287506103516e-01
1.940348148345947266e-01
2.269127368927001953e-01
1.412558555603027344e-01
1.614155769348144531e-01
1.369917392730712891e-01
1.774287223815917969e-02
2.596704959869384766e-01
2.529261112213134766e-01
2.478725910186767578e-01
2.536373138427734375e-01
2.495768070220947266e-01
2.433683872222900391e-01
2.448370456695556641e-01
2.449169158935546875e-01
2.422838211059570312e-01
2.497513294219970703e-01
2.528309822082519531e-01
2.479941844940185547e-01
2.477052211761474609e-01
2.457919120788574219e-01
2.416818141937255859e-01
2.435607910156250000e-01
1.296856403350830078e-01
2.023231983184814453e-01
1.625432968139648438e-01
2.156994342803955078e-01
1.874756813049316406e-01
1.926472187042236328e-01
2.253119945526123047e-01
1.935429573059082031e-01
9.648323059082031250e-02
6.229496002197265625e-02
8.903646469116210938e-02
1.015202999114990234e-01
2.548601627349853516e-01
2.533142566680908203e-01
2.507598400115966797e-01
2.502894401550292969e-01
2.476508617401123047e-01
2.455165386199951172e-01
1.783633232116699219e-01
2.457375526428222656e-01
2.432763576507568359e-01
2.325320243835449219e-01
1.996288299560546875e-01
1.528999805450439453e-01
1.589164733886718750e-01
2.225522994995117188e-01
2.475593090057373047e-01
2.487103939056396484e-01
2.465288639068603516e-01
2.009665966033935547e-01
1.877810955047607422e-01
2.201876640319824219e-01
1.901054382324218750e-01
2.255430221557617188e-01
1.979682445526123047e-01
1.913957595825195312e-01
2.258718013763427734e-01
1.937458515167236328e-01
2.271535396575927734e-01
2.393984794616699219e-02
2.561740875244140625e-01
2.558889389038085938e-01
2.557764053344726562e-01
2.543814182281494141e-01
2.514982223510742188e-01
2.508771419525146484e-01
2.478408813476562500e-01
2.445988655090332031e-01
2.439031600952148438e-01
2.441234588623046875e-01
2.441086769104003906e-01
2.440118789672851562e-01
2.435512542724609375e-01
2.437124252319335938e-01
2.440047264099121094e-01
2.440345287322998047e-01
2.443025112152099609e-01
2.013380527496337891e-01
1.894574165344238281e-01
1.865220069885253906e-01
1.833930015563964844e-01
2.196445465087890625e-01
1.892416477203369141e-01
2.241251468658447266e-01
1.440045833587646484e-01
1.288039684295654297e-01
9.850168228149414062e-02
4.952955245971679688e-02
2.579629421234130859e-01
2.539217472076416016e-01
2.509300708770751953e-01
1.877417564392089844e-01
2.416703701019287109e-01
2.440485954284667969e-01
2.445225715637207031e-01
2.495608329772949219e-01
2.519166469573974609e-01
2.551817893981933594e-01
2.563116550445556641e-01
2.567660808563232422e-01
2.511866092681884766e-01
2.465910911560058594e-01
1.827528476715087891e-01
2.504422664642333984e-01
2.435164451599121094e-01
2.006464004516601562e-01
1.915411949157714844e-01
1.765081882476806641e-01
2.106771469116210938e-01
1.830024719238281250e-01
2.184703350067138672e-01
1.892132759094238281e-01
1.920528411865234375e-01
2.226066589355468750e-01
1.434459686279296875e-01
1.749658584594726562e-02
2.611014842987060547e-01
2.587966918945312500e-01
2.542130947113037109e-01
2.548673152923583984e-01
2.549238204956054688e-01
2.521045207977294922e-01
2.520129680633544922e-01
2.522387504577636719e-01
2.522315979003906250e-01
2.517020702362060547e-01
2.520198822021484375e-01
2.520668506622314453e-01
2.520015239715576172e-01
2.523672580718994141e-01
2.523887157440185547e-01
2.519423961639404297e-01
2.517998218536376953e-01
1.962294578552246094e-01
2.200593948364257812e-01
1.871442794799804688e-01
2.174339294433593750e-01
1.875803470611572266e-01
1.905219554901123047e-01
2.221829891204833984e-01
1.530132293701171875e-01
1.190960407257080078e-01
7.239413261413574219e-02
3.032469749450683594e-02
2.563564777374267578e-01
2.556378841400146484e-01
2.556169033050537109e-01
2.557780742645263672e-01
2.548470497131347656e-01
2.552733421325683594e-01
2.315371036529541016e-01
2.115092277526855469e-01
1.686625480651855469e-01
1.354081630706787109e-01
1.795492172241210938e-01
2.193465232849121094e-01
2.352986335754394531e-01
2.442164421081542969e-01
2.442810535430908203e-01
2.495775222778320312e-01
2.516036033630371094e-01
2.495844364166259766e-01
1.997926235198974609e-01
2.226328849792480469e-01
1.869161128997802734e-01
2.221336364746093750e-01
1.922991275787353516e-01
1.495394706726074219e-01
2.149796485900878906e-01
1.774406433105468750e-01
2.102863788604736328e-01
3.820943832397460938e-02
2.624104022979736328e-01
2.571561336517333984e-01
2.529458999633789062e-01
2.524211406707763672e-01
2.499878406524658203e-01
2.482733726501464844e-01
2.451865673065185547e-01
2.451050281524658203e-01
2.449831962585449219e-01
2.447040081024169922e-01
2.478446960449218750e-01
2.474081516265869141e-01
2.474317550659179688e-01
2.481241226196289062e-01
2.465097904205322266e-01
2.486019134521484375e-01
2.479734420776367188e-01
1.970241069793701172e-01
2.158234119415283203e-01
1.639170646667480469e-01
2.141947746276855469e-01
1.848130226135253906e-01
1.976878643035888672e-01
2.234268188476562500e-01
1.443014144897460938e-01
1.607716083526611328e-01
1.368148326873779297e-01
1.761555671691894531e-02
2.584891319274902344e-01
2.553436756134033203e-01
2.561702728271484375e-01
2.559561729431152344e-01
2.560198307037353516e-01
2.571659088134765625e-01
2.556219100952148438e-01
2.555000782012939453e-01
2.550261020660400391e-01
2.554304599761962891e-01
2.554535865783691406e-01
2.556700706481933594e-01
2.552618980407714844e-01
2.551031112670898438e-01
2.555036544799804688e-01
2.439982891082763672e-01
2.539987564086914062e-01
2.071835994720458984e-01
1.999974250793457031e-01
1.841404438018798828e-01
2.198340892791748047e-01
1.871566772460937500e-01
2.193374633789062500e-01
1.871876716613769531e-01
2.153654098510742188e-01
1.348052024841308594e-01
1.464402675628662109e-01
1.754188537597656250e-02
2.615501880645751953e-01
2.538654804229736328e-01
2.511610984802246094e-01
2.490317821502685547e-01
2.084398269653320312e-01
2.402160167694091797e-01
2.324512004852294922e-01
1.948935985565185547e-01
1.476204395294189453e-01
1.685006618499755859e-01
2.344503402709960938e-01
2.414653301239013672e-01
2.415525913238525391e-01
2.318093776702880859e-01
2.311525344848632812e-01
2.445325851440429688e-01
2.453603744506835938e-01
2.477922439575195312e-01
1.997964382171630859e-01
1.856050491333007812e-01
1.971387863159179688e-01
2.243952751159667969e-01
1.873009204864501953e-01
2.228052616119384766e-01
1.903209686279296875e-01
2.114605903625488281e-01
1.479184627532958984e-01
1.754593849182128906e-02
2.589824199676513672e-01
2.547576427459716797e-01
2.549407482147216797e-01
2.549920082092285156e-01
1.953618526458740234e-01
2.433269023895263672e-01
2.474610805511474609e-01
2.487509250640869141e-01
2.503654956817626953e-01
2.518956661224365234e-01
2.522289752960205078e-01
2.516596317291259766e-01
2.523155212402343750e-01
2.562475204467773438e-01
2.561094760894775391e-01
2.573294639587402344e-01
2.540426254272460938e-01
2.063612937927246094e-01
1.999843120574951172e-01
1.850941181182861328e-01
2.204554080963134766e-01
1.284444332122802734e-01
2.043380737304687500e-01
1.805977821350097656e-01
1.759912967681884766e-01
1.267466545104980469e-01
1.934156417846679688e-01
1.757907867431640625e-02
2.629683017730712891e-01
2.570173740386962891e-01
2.563021183013916016e-01
2.560434341430664062e-01
2.558336257934570312e-01
2.532691955566406250e-01
2.532739639282226562e-01
2.500381469726562500e-01
2.484712600708007812e-01
2.468545436859130859e-01
2.467410564422607422e-01
2.472143173217773438e-01
1.843185424804687500e-01
2.374451160430908203e-01
2.404410839080810547e-01
2.406644821166992188e-01
2.363767623901367188e-01
1.810140609741210938e-01
1.465916633605957031e-01
2.019858360290527344e-01
1.458239555358886719e-01
1.158890724182128906e-01
1.550915241241455078e-01
2.159881591796875000e-01
2.091414928436279297e-01
1.744337081909179688e-01
1.675999164581298828e-01
3.870272636413574219e-02
2.625672817230224609e-01
2.561378479003906250e-01
2.504978179931640625e-01
2.460646629333496094e-01
2.434208393096923828e-01
2.384119033813476562e-01
2.490992546081542969e-01
2.474849224090576172e-01
1.956658363342285156e-01
2.058019638061523438e-01
2.255492210388183594e-01
2.350120544433593750e-01
2.428753376007080078e-01
2.377643585205078125e-01
2.403402328491210938e-01
2.354636192321777344e-01
2.351803779602050781e-01
1.885519027709960938e-01
1.861042976379394531e-01
2.181365489959716797e-01
1.859054565429687500e-01
2.125139236450195312e-01
2.164540290832519531e-01
1.718943119049072266e-01
1.594212055206298828e-01
1.536433696746826172e-01
6.218147277832031250e-02
3.163123130798339844e-02
2.596981525421142578e-01
2.577524185180664062e-01
2.566444873809814453e-01
2.557260990142822266e-01
2.552747726440429688e-01
2.561578750610351562e-01
2.537143230438232422e-01
2.503676414489746094e-01
2.485046386718750000e-01
2.470026016235351562e-01
2.450995445251464844e-01
2.412810325622558594e-01
2.313044071197509766e-01
2.020235061645507812e-01
1.572363376617431641e-01
1.543295383453369141e-01
2.271516323089599609e-01
2.436635494232177734e-01
1.904828548431396484e-01
2.255847454071044922e-01
1.928956508636474609e-01
1.638517379760742188e-01
1.901099681854248047e-01
2.021636962890625000e-01
2.224235534667968750e-01
1.888403892517089844e-01
2.210600376129150391e-01
1.760888099670410156e-02
2.596089839935302734e-01
2.551481723785400391e-01
2.516689300537109375e-01
2.521612644195556641e-01
2.497351169586181641e-01
2.483558654785156250e-01
2.482447624206542969e-01
2.443001270294189453e-01
2.399880886077880859e-01
2.308485507965087891e-01
2.019994258880615234e-01
1.572163105010986328e-01
2.232849597930908203e-01
2.457859516143798828e-01
2.444925308227539062e-01
2.423629760742187500e-01
2.473976612091064453e-01
1.919291019439697266e-01
2.251703739166259766e-01
1.931021213531494141e-01
2.235062122344970703e-01
2.141771316528320312e-01
1.852746009826660156e-01
2.205915451049804688e-01
1.881577968597412109e-01
1.772923469543457031e-01
1.302766799926757812e-01
1.765561103820800781e-02
2.572820186614990234e-01
2.520108222961425781e-01
2.482795715332031250e-01
2.450480461120605469e-01
2.397279739379882812e-01
2.278802394866943359e-01
1.440603733062744141e-01
2.256596088409423828e-01
1.981940269470214844e-01
1.702761650085449219e-01
1.613533496856689453e-01
2.273464202880859375e-01
2.365503311157226562e-01
2.406144142150878906e-01
2.426030635833740234e-01
2.470817565917968750e-01
2.536685466766357422e-01
2.545688152313232422e-01
2.084896564483642578e-01
2.037682533264160156e-01
1.772489547729492188e-01
2.116441726684570312e-01
1.824107170104980469e-01
2.172746658325195312e-01
1.867265701293945312e-01
2.160172462463378906e-01
1.326560974121093750e-01
3.578996658325195312e-02
2.624611854553222656e-01
2.593395709991455078e-01
2.117609977722167969e-01
2.471864223480224609e-01
2.486226558685302734e-01
2.472395896911621094e-01
2.328999042510986328e-01
2.364554405212402344e-01
2.430050373077392578e-01
2.450821399688720703e-01
2.529702186584472656e-01
2.562141418457031250e-01
2.559409141540527344e-01
2.546765804290771484e-01
2.470941543579101562e-01
2.448596954345703125e-01
1.977214813232421875e-01
1.247265338897705078e-01
1.559817790985107422e-01
1.930973529815673828e-01
1.622753143310546875e-01
2.087311744689941406e-01
1.827161312103271484e-01
1.987321376800537109e-01
1.694259643554687500e-01
1.139490604400634766e-01
9.752345085144042969e-02
2.540922164916992188e-02
2.617921829223632812e-01
2.528901100158691406e-01
2.478539943695068359e-01
2.459189891815185547e-01
2.426204681396484375e-01
2.376008033752441406e-01
2.465789318084716797e-01
2.452054023742675781e-01
2.402529716491699219e-01
2.344744205474853516e-01
2.451539039611816406e-01
1.976978778839111328e-01
2.416994571685791016e-01
2.513797283172607422e-01
2.511298656463623047e-01
2.491247653961181641e-01
2.490944862365722656e-01
2.053737640380859375e-01
1.895232200622558594e-01
2.229959964752197266e-01
1.999692916870117188e-01
1.903088092803955078e-01
2.220633029937744141e-01
1.897761821746826172e-01
1.763906478881835938e-01
1.277756690979003906e-01
1.904881000518798828e-01
1.748180389404296875e-02
2.571623325347900391e-01
2.551546096801757812e-01
2.548601627349853516e-01
2.558145523071289062e-01
2.559125423431396484e-01
2.554380893707275391e-01
2.556698322296142578e-01
2.558057308197021484e-01
2.553689479827880859e-01
2.549517154693603516e-01
1.881706714630126953e-01
2.402727603912353516e-01
2.299048900604248047e-01
1.975932121276855469e-01
1.526720523834228516e-01
1.613068580627441406e-01
2.269594669342041016e-01
2.448000907897949219e-01
1.899468898773193359e-01
2.253496646881103516e-01
1.997864246368408203e-01
1.835541725158691406e-01
2.096805572509765625e-01
2.185688018798828125e-01
1.764593124389648438e-01
2.126855850219726562e-01
1.287443637847900391e-01
1.783156394958496094e-02
2.602257728576660156e-01
2.588107585906982422e-01
2.568774223327636719e-01
2.526051998138427734e-01
2.517850399017333984e-01
2.523915767669677734e-01
2.516965866088867188e-01
2.519981861114501953e-01
2.517282962799072266e-01
2.522239685058593750e-01
2.519640922546386719e-01
2.522687911987304688e-01
2.310183048248291016e-01
2.427532672882080078e-01
2.449727058410644531e-01
2.417900562286376953e-01
2.460787296295166016e-01
1.955854892730712891e-01
1.223993301391601562e-01
2.013773918151855469e-01
1.782689094543457031e-01
2.150020599365234375e-01
1.871910095214843750e-01
2.179384231567382812e-01
1.422007083892822266e-01
1.414885520935058594e-01
1.610698699951171875e-01
2.425146102905273438e-02
2.620439529418945312e-01
2.561769485473632812e-01
2.525892257690429688e-01
2.519989013671875000e-01
2.519612312316894531e-01
2.529249191284179688e-01
2.525098323822021484e-01
2.513287067413330078e-01
2.550897598266601562e-01
2.460124492645263672e-01
2.438104152679443359e-01
2.440872192382812500e-01
2.440240383148193359e-01
2.430396080017089844e-01
2.437343597412109375e-01
2.450320720672607422e-01
2.439517974853515625e-01
1.886293888092041016e-01
1.662354469299316406e-01
1.944873332977294922e-01
2.285928726196289062e-01
1.952428817749023438e-01
1.990520954132080078e-01
2.274646759033203125e-01
2.001452445983886719e-01
1.234941482543945312e-01
9.405684471130371094e-02
4.196763038635253906e-02
2.622294425964355469e-01
2.670953273773193359e-01
2.562668323516845703e-01
2.518169879913330078e-01
2.515547275543212891e-01
2.519152164459228516e-01
2.517549991607666016e-01
2.519254684448242188e-01
2.521488666534423828e-01
2.497532367706298828e-01
2.518436908721923828e-01
2.524187564849853516e-01
2.529904842376708984e-01
2.500052452087402344e-01
2.478878498077392578e-01
2.474942207336425781e-01
2.452316284179687500e-01
1.960349082946777344e-01
1.837277412414550781e-01
1.909279823303222656e-01
2.219080924987792969e-01
1.915271282196044922e-01
2.214231491088867188e-01
1.893661022186279297e-01
1.396918296813964844e-01
6.592273712158203125e-02
1.423108577728271484e-01
5.829071998596191406e-02
2.606825828552246094e-01
2.620620727539062500e-01
2.599091529846191406e-01
2.551593780517578125e-01
2.525517940521240234e-01
2.565116882324218750e-01
2.595133781433105469e-01
2.530877590179443359e-01
2.505578994750976562e-01
2.523038387298583984e-01
2.515325546264648438e-01
2.497959136962890625e-01
2.560534477233886719e-01
2.494359016418457031e-01
2.423701286315917969e-01
2.375717163085937500e-01
2.489206790924072266e-01
1.890492439270019531e-01
1.821839809417724609e-01
2.184581756591796875e-01
1.884028911590576172e-01
2.220797538757324219e-01
1.906774044036865234e-01
2.260429859161376953e-01
1.437821388244628906e-01
1.621556282043457031e-01
1.257596015930175781e-01
1.758956909179687500e-02
2.545120716094970703e-01
2.396206855773925781e-01
2.462553977966308594e-01
2.463061809539794922e-01
2.486586570739746094e-01
2.522087097167968750e-01
2.487010955810546875e-01
2.486460208892822266e-01
2.520298957824707031e-01
2.546021938323974609e-01
2.537562847137451172e-01
2.515525817871093750e-01
2.516381740570068359e-01
2.517638206481933594e-01
2.524180412292480469e-01
2.553393840789794922e-01
2.527229785919189453e-01
1.997053623199462891e-01
2.219145298004150391e-01
1.765544414520263672e-01
2.089834213256835938e-01
1.754870414733886719e-01
2.077441215515136719e-01
2.036366462707519531e-01
1.693363189697265625e-01
1.602811813354492188e-01
1.615285873413085938e-01
1.872062683105468750e-02
2.630274295806884766e-01
2.514204978942871094e-01
2.525496482849121094e-01
1.850807666778564453e-01
2.548360824584960938e-01
2.560012340545654297e-01
2.483611106872558594e-01
2.413799762725830078e-01
2.431097030639648438e-01
2.436079978942871094e-01
2.434368133544921875e-01
2.468302249908447266e-01
2.388374805450439453e-01
2.366833686828613281e-01
2.355716228485107422e-01
2.353475093841552734e-01
2.496638298034667969e-01
1.972181797027587891e-01
2.202157974243164062e-01
1.852087974548339844e-01
2.203304767608642578e-01
1.882843971252441406e-01
2.051932811737060547e-01
2.252137660980224609e-01
1.387209892272949219e-01
1.637835502624511719e-01
1.486742496490478516e-01
2.950406074523925781e-02
2.585027217864990234e-01
2.568728923797607422e-01
2.526831626892089844e-01
2.565844058990478516e-01
1.562416553497314453e-01
2.353143692016601562e-01
2.542986869812011719e-01
2.557742595672607422e-01
1.914014816284179688e-01
2.478628158569335938e-01
2.480320930480957031e-01
2.478806972503662109e-01
2.473337650299072266e-01
2.476391792297363281e-01
2.501397132873535156e-01
2.502317428588867188e-01
2.525134086608886719e-01
1.986463069915771484e-01
2.204627990722656250e-01
1.821916103363037109e-01
2.185046672821044922e-01
1.898467540740966797e-01
2.211186885833740234e-01
2.145786285400390625e-01
1.825683116912841797e-01
2.174103260040283203e-01
1.286604404449462891e-01
1.758885383605957031e-02
2.575256824493408203e-01
2.518868446350097656e-01
2.479798793792724609e-01
2.443060874938964844e-01
2.362546920776367188e-01
2.164137363433837891e-01
1.539030075073242188e-01
2.168018817901611328e-01
2.178750038146972656e-01
1.894803047180175781e-01
2.183866500854492188e-01
2.425386905670166016e-01
2.435595989227294922e-01
2.412307262420654297e-01
2.412824630737304688e-01
2.405278682708740234e-01
2.438962459564208984e-01
2.413649559020996094e-01
1.889464855194091797e-01
2.197077274322509766e-01
1.875309944152832031e-01
2.191834449768066406e-01
1.874318122863769531e-01
2.200293540954589844e-01
1.876592636108398438e-01
1.780533790588378906e-01
1.287767887115478516e-01
1.763033866882324219e-02
2.599022388458251953e-01
2.582781314849853516e-01
2.535650730133056641e-01
2.483761310577392578e-01
2.469849586486816406e-01
2.472198009490966797e-01
2.418906688690185547e-01
2.334468364715576172e-01
1.705520153045654297e-01
2.322649955749511719e-01
2.368676662445068359e-01
2.364559173583984375e-01
2.461385726928710938e-01
2.454333305358886719e-01
2.476413249969482422e-01
1.802589893341064453e-01
2.309358119964599609e-01
1.800973415374755859e-01
1.738562583923339844e-01
2.147765159606933594e-01
2.041184902191162109e-01
1.786487102508544922e-01
2.114450931549072266e-01
1.858031749725341797e-01
1.761434078216552734e-01
1.308920383453369141e-01
1.927003860473632812e-01
1.861572265625000000e-02
2.651579380035400391e-01
2.636008262634277344e-01
2.539620399475097656e-01
2.474901676177978516e-01
2.453577518463134766e-01
2.381439208984375000e-01
2.478699684143066406e-01
2.477779388427734375e-01
2.485826015472412109e-01
2.472269535064697266e-01
2.460379600524902344e-01
2.481746673583984375e-01
2.470428943634033203e-01
2.500681877136230469e-01
1.861510276794433594e-01
2.498760223388671875e-01
2.492196559906005859e-01
1.925454139709472656e-01
2.232275009155273438e-01
1.886627674102783203e-01
2.219798564910888672e-01
2.096040248870849609e-01
1.864736080169677734e-01
2.230532169342041016e-01
1.862125396728515625e-01
1.601336002349853516e-01
1.271851062774658203e-01
6.245708465576171875e-02
2.610309123992919922e-01
2.577314376831054688e-01
2.563836574554443359e-01
2.577228546142578125e-01
2.573809623718261719e-01
2.608599662780761719e-01
2.594995498657226562e-01
2.558352947235107422e-01
2.558255195617675781e-01
2.552187442779541016e-01
2.554044723510742188e-01
2.561464309692382812e-01
2.020542621612548828e-01
2.278029918670654297e-01
2.452208995819091797e-01
2.484881877899169922e-01
2.488567829132080078e-01
1.999950408935546875e-01
1.981861591339111328e-01
1.886811256408691406e-01
2.196733951568603516e-01
1.898868083953857422e-01
2.209203243255615234e-01
2.206387519836425781e-01
1.319108009338378906e-01
2.043492794036865234e-01
1.467821598052978516e-01
1.753973960876464844e-02
2.627320289611816406e-01
2.540497779846191406e-01
2.477855682373046875e-01
2.429397106170654297e-01
2.348251342773437500e-01
2.041745185852050781e-01
1.533558368682861328e-01
1.519880294799804688e-01
2.295892238616943359e-01
2.449834346771240234e-01
2.447264194488525391e-01
2.448494434356689453e-01
2.449591159820556641e-01
2.449810504913330078e-01
2.446234226226806641e-01
2.451641559600830078e-01
2.449908256530761719e-01
2.445085048675537109e-01
1.916735172271728516e-01
2.120163440704345703e-01
1.742644309997558594e-01
2.092912197113037109e-01
1.147661209106445312e-01
2.248215675354003906e-01
1.946883201599121094e-01
2.281129360198974609e-01
1.405026912689208984e-01
1.885533332824707031e-02
2.578392028808593750e-01
2.547459602355957031e-01
2.495586872100830078e-01
2.477467060089111328e-01
2.457828521728515625e-01
2.415282726287841797e-01
2.355659008026123047e-01
2.099888324737548828e-01
1.637933254241943359e-01
1.388454437255859375e-01
2.281467914581298828e-01
2.474930286407470703e-01
2.512075901031494141e-01
2.505354881286621094e-01
2.507719993591308594e-01
2.503767013549804688e-01
