6.997015953063964844e+00
5.848948478698730469e+00
4.854130744934082031e+00
4.114391803741455078e+00
3.040360927581787109e+00
2.408914089202880859e+00
2.139072895050048828e+00
1.686297655105590820e+00
1.465961217880249023e+00
1.869890093803405762e+00
1.533025503158569336e+00
1.517261624336242676e+00
1.707295179367065430e+00
1.386657476425170898e+00
1.254815220832824707e+00
1.541986107826232910e+00
1.176398277282714844e+00
1.061711072921752930e+00
1.440822005271911621e+00
1.176684975624084473e+00
1.099054932594299316e+00
1.380085349082946777e+00
1.112780690193176270e+00
1.015639901161193848e+00
1.212615966796875000e+00
1.045070171356201172e+00
7.215887308120727539e-01
1.202798485755920410e+00
7.693037390708923340e-01
7.288335561752319336e-01
1.110603094100952148e+00
6.123743057250976562e-01
4.049445390701293945e-01
1.100325703620910645e+00
4.931835532188415527e-01
5.544005632400512695e-01
1.026255130767822266e+00
5.906016826629638672e-01
8.773981928825378418e-01
1.019771218299865723e+00
3.497355878353118896e-01
7.914487719535827637e-01
1.175492048263549805e+00
3.572647273540496826e-01
8.548299670219421387e-01
1.002605319023132324e+00
6.065693497657775879e-01
9.371026158332824707e-01
7.825140357017517090e-01
2.734195590019226074e-01
7.373403906822204590e-01
7.749990224838256836e-01
2.372335493564605713e-01
3.175755739212036133e-01
5.737594962120056152e-01
1.241882219910621643e-01
2.129462510347366333e-01
6.607448458671569824e-01
1.057712063193321228e-01
4.204185307025909424e-01
4.558432996273040771e-01
1.258495151996612549e-01
1.430231481790542603e-01
5.419549345970153809e-01
7.334677875041961670e-02
1.025188714265823364e-01
4.791986942291259766e-01
6.126030161976814270e-02
2.817582488059997559e-01
4.052812755107879639e-01
5.499719455838203430e-02
1.078680455684661865e-01
3.237614035606384277e-01
4.966337978839874268e-02
1.844259202480316162e-01
3.361629247665405273e-01
4.499989002943038940e-02
2.945445179939270020e-01
2.375992238521575928e-01
9.315458685159683228e-02
9.098646789789199829e-02
3.186607956886291504e-01
5.056954920291900635e-02
3.756505846977233887e-01
2.160524278879165649e-01
7.981043308973312378e-02
7.396395802497863770e-01
2.148560285568237305e-01
1.046631708741188049e-01
4.329311549663543701e-01
1.896847933530807495e-01
2.520454525947570801e-01
4.004971981048583984e-01
8.227355033159255981e-02
1.954306066036224365e-01
5.587478876113891602e-01
1.188636273145675659e-01
1.178613975644111633e-01
5.214840173721313477e-01
9.917903691530227661e-02
7.251363247632980347e-02
6.299721598625183105e-01
8.400829136371612549e-02
9.147372841835021973e-02
3.160770237445831299e-01
6.802612543106079102e-02
8.971776068210601807e-02
1.074502542614936829e-01
1.027507632970809937e-01
3.094246238470077515e-02
3.030186332762241364e-02
1.666001677513122559e-01
2.025373466312885284e-02
2.293933033943176270e-01
8.891479671001434326e-02
1.737376302480697632e-01
4.907515272498130798e-02
7.107738405466079712e-02
1.992031186819076538e-02
1.200992465019226074e-01
5.699616670608520508e-02
2.543031051754951477e-02
2.311920560896396637e-02
1.261385828256607056e-01
1.266458351165056229e-02
1.627240777015686035e-01
4.292925074696540833e-02
1.349605061113834381e-02
1.048594787716865540e-01
7.951506227254867554e-02
2.083451673388481140e-02
3.121214807033538818e-01
8.515086770057678223e-02
8.970545232295989990e-02
4.810597300529479980e-01
5.476493388414382935e-02
3.745007887482643127e-02
3.941025137901306152e-01
2.387759648263454437e-02
1.166896373033523560e-01
6.692579984664916992e-01
5.677877366542816162e-02
4.482899233698844910e-02
1.968027502298355103e-01
6.278813630342483521e-02
4.272127524018287659e-02
1.744497120380401611e-01
5.519234016537666321e-02
3.423830121755599976e-02
4.783700406551361084e-01
5.368069186806678772e-02
1.358695924282073975e-01
1.361357569694519043e-01
7.128274440765380859e-02
2.607286162674427032e-02
5.569314584136009216e-02
5.149180442094802856e-02
9.762067347764968872e-03
1.388565301895141602e-01
5.548534169793128967e-02
3.333821520209312439e-02
2.562962174415588379e-01
8.669144660234451294e-02
1.281157135963439941e-02
8.132673054933547974e-02
3.522611409425735474e-02
1.618220470845699310e-02
1.087276414036750793e-01
2.332556433975696564e-02
1.322668883949518204e-02
2.133079320192337036e-01
3.239698335528373718e-02
1.783608198165893555e-01
6.716866493225097656e-01
5.752067267894744873e-02
8.682274073362350464e-02
9.022966623306274414e-01
3.907709941267967224e-02
2.562168240547180176e-01
7.895726561546325684e-01
3.276367858052253723e-02
3.962002694606781006e-02
3.045126795768737793e-01
3.298605233430862427e-02
8.483070880174636841e-02
2.878938615322113037e-01
2.298827096819877625e-02
6.233843043446540833e-02
2.415818721055984497e-01
3.254987299442291260e-02
9.014333598315715790e-03
2.332645207643508911e-01
1.832890138030052185e-02
3.430892527103424072e-02
1.323848664760589600e-01
2.597134560346603394e-02
7.928667590022087097e-03
1.589658856391906738e-01
1.724240183830261230e-02
2.414743974804878235e-02
8.454091101884841919e-02
3.534386679530143738e-02
8.335878700017929077e-02
3.498157262802124023e-01
2.705387212336063385e-02
1.362865418195724487e-01
1.243198588490486145e-01
2.118718251585960388e-02
3.917318955063819885e-02
4.348070323467254639e-01
1.687208004295825958e-02
1.802975125610828400e-02
2.399925701320171356e-02
1.586617529392242432e-02
1.246658246964216232e-02
7.654003798961639404e-02
3.834819793701171875e-02
6.870204582810401917e-03
8.225862681865692139e-02
2.206784859299659729e-02
2.007908374071121216e-02
3.295709937810897827e-02
3.181770816445350647e-02
1.040098629891872406e-02
7.647855672985315323e-03
3.681500628590583801e-02
6.329404655843973160e-03
8.119007572531700134e-03
6.366608291864395142e-02
4.723584745079278946e-03
6.195582915097475052e-03
4.976012185215950012e-02
5.744646303355693817e-03
4.608701914548873901e-02
1.700732298195362091e-02
5.293487105518579483e-03
4.900907874107360840e-01
5.035110563039779663e-02
2.341522723436355591e-01
1.196736335754394531e+00
3.592078387737274170e-02
3.381385207176208496e-01
9.205970764160156250e-01
2.076817117631435394e-02
8.934637159109115601e-02
3.365135490894317627e-01
1.768802292644977570e-02
2.663273550570011139e-02
1.509343385696411133e-01
1.771009899675846100e-02
6.790027953684329987e-03
2.224139124155044556e-01
8.380458690226078033e-03
8.256449364125728607e-03
5.525270476937294006e-02
1.693714037537574768e-02
3.918549511581659317e-03
6.141354516148567200e-02
2.274838835000991821e-02
1.664479263126850128e-02
3.774490058422088623e-01
1.999188959598541260e-02
3.009700030088424683e-02
1.073744669556617737e-01
1.878314465284347534e-02
9.032385423779487610e-03
5.316327512264251709e-02
2.639659307897090912e-02
4.882918205112218857e-03
6.072367727756500244e-02
3.144115954637527466e-02
8.736391365528106689e-02
1.896082796156406403e-02
9.518149308860301971e-03
7.616079412400722504e-03
1.581659913063049316e-02
1.599468477070331573e-02
5.105157382786273956e-03
5.190596450120210648e-03
1.216706819832324982e-02
4.001757595688104630e-03
2.008382417261600494e-02
2.204163372516632080e-02
4.581827204674482346e-03
5.740617401897907257e-03
1.795668341219425201e-02
4.166154656559228897e-03
3.463016822934150696e-03
1.022066269069910049e-02
3.352642059326171875e-03
2.085480140522122383e-03
1.792703755199909210e-02
6.144352257251739502e-03
3.151437500491738319e-03
9.117962792515754700e-03
3.282396588474512100e-03
7.904019206762313843e-03
3.052459470927715302e-02
2.665138104930520058e-03
1.608311431482434273e-03
