2.468562126159667969e-02
2.126598358154296875e-02
1.527142524719238281e-02
1.096653938293457031e-02
1.187515258789062500e-02
1.214098930358886719e-02
2.543425559997558594e-02
2.011799812316894531e-02
2.137517929077148438e-02
2.027702331542968750e-02
1.647424697875976562e-02
1.600813865661621094e-02
2.246117591857910156e-02
2.317261695861816406e-02
2.114248275756835938e-02
1.317882537841796875e-02
9.114980697631835938e-03
7.191896438598632812e-03
2.456164360046386719e-02
2.159261703491210938e-02
1.554465293884277344e-02
1.117014884948730469e-02
1.242184638977050781e-02
1.222753524780273438e-02
2.444815635681152344e-02
2.483892440795898438e-02
1.992321014404296875e-02
7.616281509399414062e-03
2.145743370056152344e-02
2.276134490966796875e-02
2.018642425537109375e-02
2.295994758605957031e-02
1.997089385986328125e-02
1.131939888000488281e-02
7.078886032104492188e-03
7.132768630981445312e-03
1.961421966552734375e-02
2.188897132873535156e-02
2.322649955749511719e-02
2.404284477233886719e-02
2.342343330383300781e-02
1.880502700805664062e-02
2.427411079406738281e-02
1.927256584167480469e-02
1.533651351928710938e-02
1.093053817749023438e-02
1.197290420532226562e-02
1.205778121948242188e-02
2.388882637023925781e-02
2.358102798461914062e-02
2.360868453979492188e-02
2.366089820861816406e-02
2.344322204589843750e-02
2.348566055297851562e-02
2.493715286254882812e-02
1.030683517456054688e-02
2.729034423828125000e-02
2.307653427124023438e-02
2.075481414794921875e-02
1.616096496582031250e-02
2.516078948974609375e-02
2.218723297119140625e-02
1.931357383728027344e-02
1.772594451904296875e-02
1.267981529235839844e-02
1.250839233398437500e-02
2.274131774902343750e-02
2.329325675964355469e-02
2.090287208557128906e-02
1.770401000976562500e-02
1.346826553344726562e-02
1.294040679931640625e-02
2.335453033447265625e-02
2.267885208129882812e-02
2.065730094909667969e-02
1.350617408752441406e-02
7.200717926025390625e-03
7.375955581665039062e-03
2.440094947814941406e-02
2.309799194335937500e-02
2.210760116577148438e-02
1.949954032897949219e-02
1.398253440856933594e-02
5.888223648071289062e-03
2.250576019287109375e-02
1.959609985351562500e-02
7.444381713867187500e-03
7.204055786132812500e-03
7.157087326049804688e-03
1.498341560363769531e-02
1.994013786315917969e-02
1.931214332580566406e-02
1.809525489807128906e-02
7.200002670288085938e-03
7.349252700805664062e-03
7.509946823120117188e-03
2.249121665954589844e-02
1.751208305358886719e-02
8.157730102539062500e-03
7.416486740112304688e-03
7.293462753295898438e-03
1.586961746215820312e-02
2.246356010437011719e-02
1.741003990173339844e-02
1.357412338256835938e-02
1.245355606079101562e-02
1.221656799316406250e-02
1.207089424133300781e-02
2.263522148132324219e-02
2.113437652587890625e-02
1.554632186889648438e-02
5.705356597900390625e-03
2.483916282653808594e-02
2.404260635375976562e-02
2.304530143737792969e-02
2.266287803649902344e-02
1.999139785766601562e-02
7.443189620971679688e-03
7.150650024414062500e-03
7.117509841918945312e-03
2.187466621398925781e-02
1.960730552673339844e-02
1.377725601196289062e-02
7.420539855957031250e-03
7.384061813354492188e-03
7.288932800292968750e-03
2.439761161804199219e-02
2.281188964843750000e-02
2.171874046325683594e-02
2.023243904113769531e-02
1.547527313232421875e-02
7.507324218750000000e-03
2.257823944091796875e-02
2.257132530212402344e-02
1.983284950256347656e-02
7.291316986083984375e-03
7.058143615722656250e-03
7.147789001464843750e-03
2.254939079284667969e-02
1.065015792846679688e-02
2.242088317871093750e-02
2.075600624084472656e-02
1.706409454345703125e-02
1.149129867553710938e-02
2.420353889465332031e-02
2.297401428222656250e-02
2.208948135375976562e-02
1.986217498779296875e-02
7.409572601318359375e-03
7.141590118408203125e-03
1.995253562927246094e-02
1.545119285583496094e-02
7.191419601440429688e-03
7.148027420043945312e-03
7.180690765380859375e-03
1.468873023986816406e-02
2.258539199829101562e-02
1.991486549377441406e-02
7.297277450561523438e-03
7.055521011352539062e-03
7.157325744628906250e-03
1.596426963806152344e-02
2.312254905700683594e-02
2.207875251770019531e-02
1.745057106018066406e-02
7.067918777465820312e-03
7.055759429931640625e-03
1.087236404418945312e-02
2.205657958984375000e-02
2.314758300781250000e-02
2.196359634399414062e-02
1.941633224487304688e-02
1.357436180114746094e-02
7.213830947875976562e-03
2.199935913085937500e-02
2.089571952819824219e-02
1.383447647094726562e-02
7.455587387084960938e-03
7.390022277832031250e-03
7.578372955322265625e-03
1.951098442077636719e-02
1.128745079040527344e-02
7.122516632080078125e-03
7.212877273559570312e-03
9.222745895385742188e-03
1.484704017639160156e-02
2.451682090759277344e-02
2.262353897094726562e-02
1.363253593444824219e-02
7.198095321655273438e-03
7.238626480102539062e-03
7.145881652832031250e-03
2.498483657836914062e-02
2.430009841918945312e-02
2.431917190551757812e-02
9.089469909667968750e-03
2.533745765686035156e-02
2.434086799621582031e-02
2.517676353454589844e-02
2.432250976562500000e-02
2.256631851196289062e-02
1.981639862060546875e-02
7.194995880126953125e-03
7.100582122802734375e-03
2.452468872070312500e-02
2.374625205993652344e-02
2.329134941101074219e-02
2.164983749389648438e-02
2.051925659179687500e-02
1.763963699340820312e-02
7.649898529052734375e-03
7.273912429809570312e-03
7.093191146850585938e-03
1.073646545410156250e-02
1.731967926025390625e-02
1.870417594909667969e-02
2.261757850646972656e-02
2.009558677673339844e-02
7.107496261596679688e-03
7.204771041870117188e-03
7.065773010253906250e-03
1.537966728210449219e-02
2.439332008361816406e-02
1.122617721557617188e-02
2.375841140747070312e-02
2.379131317138671875e-02
2.040529251098632812e-02
1.554584503173828125e-02
2.471280097961425781e-02
2.415394783020019531e-02
2.461671829223632812e-02
2.406716346740722656e-02
2.389860153198242188e-02
2.232265472412109375e-02
2.530455589294433594e-02
2.367544174194335938e-02
2.403211593627929688e-02
2.258467674255371094e-02
2.039504051208496094e-02
1.809120178222656250e-02
2.273297309875488281e-02
2.428603172302246094e-02
2.408647537231445312e-02
2.399134635925292969e-02
2.355909347534179688e-02
2.400231361389160156e-02
2.446627616882324219e-02
2.281546592712402344e-02
2.016067504882812500e-02
7.285118103027343750e-03
7.119178771972656250e-03
1.088643074035644531e-02
2.249073982238769531e-02
2.307009696960449219e-02
2.314734458923339844e-02
1.767969131469726562e-02
7.105588912963867188e-03
7.233381271362304688e-03
2.272868156433105469e-02
2.326798439025878906e-02
1.138496398925781250e-02
7.186889648437500000e-03
7.083892822265625000e-03
7.066965103149414062e-03
2.054309844970703125e-02
1.135754585266113281e-02
7.071733474731445312e-03
7.209539413452148438e-03
9.868383407592773438e-03
1.665115356445312500e-02
2.298998832702636719e-02
2.301383018493652344e-02
2.119946479797363281e-02
2.177882194519042969e-02
2.179980278015136719e-02
1.682591438293457031e-02
2.451443672180175781e-02
2.253651618957519531e-02
2.272987365722656250e-02
1.071333885192871094e-02
2.726626396179199219e-02
2.506923675537109375e-02
2.502107620239257812e-02
2.376151084899902344e-02
2.144432067871093750e-02
1.907753944396972656e-02
1.367974281311035156e-02
1.336503028869628906e-02
2.350664138793945312e-02
2.387332916259765625e-02
1.598048210144042969e-02
7.330417633056640625e-03
7.335186004638671875e-03
7.228851318359375000e-03
2.268743515014648438e-02
2.276468276977539062e-02
2.309703826904296875e-02
2.262377738952636719e-02
2.318811416625976562e-02
1.733851432800292969e-02
2.133107185363769531e-02
2.179503440856933594e-02
2.339148521423339844e-02
2.292227745056152344e-02
1.350903511047363281e-02
7.135152816772460938e-03
2.265977859497070312e-02
8.391857147216796875e-03
2.391552925109863281e-02
2.249312400817871094e-02
1.928782463073730469e-02
9.103775024414062500e-03
2.311325073242187500e-02
1.752305030822753906e-02
8.981466293334960938e-03
7.103204727172851562e-03
7.090568542480468750e-03
7.058382034301757812e-03
2.275609970092773438e-02
1.725745201110839844e-02
9.022951126098632812e-03
7.082223892211914062e-03
7.107734680175781250e-03
7.050514221191406250e-03
2.285790443420410156e-02
1.727461814880371094e-02
7.097482681274414062e-03
7.134437561035156250e-03
7.100820541381835938e-03
1.265478134155273438e-02
9.158134460449218750e-03
7.156610488891601562e-03
7.106065750122070312e-03
1.284170150756835938e-02
2.040672302246093750e-02
6.281137466430664062e-03
2.251744270324707031e-02
2.299666404724121094e-02
2.033376693725585938e-02
1.692175865173339844e-02
1.239991188049316406e-02
1.236176490783691406e-02
2.243590354919433594e-02
2.250051498413085938e-02
1.919484138488769531e-02
1.467585563659667969e-02
1.214265823364257812e-02
1.249527931213378906e-02
2.384424209594726562e-02
2.346611022949218750e-02
2.256202697753906250e-02
1.940226554870605469e-02
1.621127128601074219e-02
1.254558563232421875e-02
2.293515205383300781e-02
1.898789405822753906e-02
1.095271110534667969e-02
8.066177368164062500e-03
7.328510284423828125e-03
7.139921188354492188e-03
9.066343307495117188e-03
6.975412368774414062e-03
7.984399795532226562e-03
7.187128067016601562e-03
2.392053604125976562e-02
2.259135246276855469e-02
2.362775802612304688e-02
2.394390106201171875e-02
2.390313148498535156e-02
2.364492416381835938e-02
2.379179000854492188e-02
2.371668815612792969e-02
2.392768859863281250e-02
2.433681488037109375e-02
2.394819259643554688e-02
2.370929718017578125e-02
2.185010910034179688e-02
1.885271072387695312e-02
2.442908287048339844e-02
2.277588844299316406e-02
1.950001716613769531e-02
1.641225814819335938e-02
1.254558563232421875e-02
1.226449012756347656e-02
2.278399467468261719e-02
1.592516899108886719e-02
7.427692413330078125e-03
7.475376129150390625e-03
7.191658020019531250e-03
1.721453666687011719e-02
1.491165161132812500e-02
7.045030593872070312e-03
2.251863479614257812e-02
2.032804489135742188e-02
1.844072341918945312e-02
1.771926879882812500e-02
2.392458915710449219e-02
2.442908287048339844e-02
2.356624603271484375e-02
1.878714561462402344e-02
1.776504516601562500e-02
1.712346076965332031e-02
2.386164665222167969e-02
2.486681938171386719e-02
2.157187461853027344e-02
1.262307167053222656e-02
1.301145553588867188e-02
1.130294799804687500e-02
2.457666397094726562e-02
2.146172523498535156e-02
1.542067527770996094e-02
1.094579696655273438e-02
1.209068298339843750e-02
1.238965988159179688e-02
2.400708198547363281e-02
2.255105972290039062e-02
2.272939682006835938e-02
2.253508567810058594e-02
2.265501022338867188e-02
8.586168289184570312e-03
2.249431610107421875e-02
1.622581481933593750e-02
1.242041587829589844e-02
1.236987113952636719e-02
1.247143745422363281e-02
1.245141029357910156e-02
2.459788322448730469e-02
2.483296394348144531e-02
2.171850204467773438e-02
2.140879631042480469e-02
2.147269248962402344e-02
2.095150947570800781e-02
2.004265785217285156e-02
2.190995216369628906e-02
2.291846275329589844e-02
2.377605438232421875e-02
2.390217781066894531e-02
2.290081977844238281e-02
2.464962005615234375e-02
2.340197563171386719e-02
1.947808265686035156e-02
1.660370826721191406e-02
1.780748367309570312e-02
1.873397827148437500e-02
2.500295639038085938e-02
2.170109748840332031e-02
2.150583267211914062e-02
9.851694107055664062e-03
2.473211288452148438e-02
2.309083938598632812e-02
1.983499526977539062e-02
2.158808708190917969e-02
2.363061904907226562e-02
2.308249473571777344e-02
2.259159088134765625e-02
2.466583251953125000e-02
2.373003959655761719e-02
2.413177490234375000e-02
2.386569976806640625e-02
2.351975440979003906e-02
2.384305000305175781e-02
2.390813827514648438e-02
2.529525756835937500e-02
2.131605148315429688e-02
2.390217781066894531e-02
2.333426475524902344e-02
1.919674873352050781e-02
1.639699935913085938e-02
2.292776107788085938e-02
2.179026603698730469e-02
1.858305931091308594e-02
1.763963699340820312e-02
1.821756362915039062e-02
1.886487007141113281e-02
2.428460121154785156e-02
1.091837882995605469e-02
2.485156059265136719e-02
2.283453941345214844e-02
2.366352081298828125e-02
2.244830131530761719e-02
1.823997497558593750e-02
1.719236373901367188e-02
1.551342010498046875e-02
1.756095886230468750e-02
2.180910110473632812e-02
1.215529441833496094e-02
2.528834342956542969e-02
2.217745780944824219e-02
2.140927314758300781e-02
2.154278755187988281e-02
2.143740653991699219e-02
2.133250236511230469e-02
2.449369430541992188e-02
2.371168136596679688e-02
2.178740501403808594e-02
2.152490615844726562e-02
2.170372009277343750e-02
2.317523956298828125e-02
2.484393119812011719e-02
2.225637435913085938e-02
2.151346206665039062e-02
2.153611183166503906e-02
2.206873893737792969e-02
9.483098983764648438e-03
2.812170982360839844e-02
2.600336074829101562e-02
2.368807792663574219e-02
2.152132987976074219e-02
1.655769348144531250e-02
1.256752014160156250e-02
2.378129959106445312e-02
2.094841003417968750e-02
7.676839828491210938e-03
7.230043411254882812e-03
7.316827774047851562e-03
7.988929748535156250e-03
2.427124977111816406e-02
2.277946472167968750e-02
1.779603958129882812e-02
7.275342941284179688e-03
7.116317749023437500e-03
7.143020629882812500e-03
2.412343025207519531e-02
2.423191070556640625e-02
2.136373519897460938e-02
1.746773719787597656e-02
1.295042037963867188e-02
1.122713088989257812e-02
2.245044708251953125e-02
1.732182502746582031e-02
7.249355316162109375e-03
7.231950759887695312e-03
2.235746383666992188e-02
1.993632316589355469e-02
2.254390716552734375e-02
1.532459259033203125e-02
7.273912429809570312e-03
7.121324539184570312e-03
7.167339324951171875e-03
7.029771804809570312e-03
9.340524673461914062e-03
7.162332534790039062e-03
7.162332534790039062e-03
7.125377655029296875e-03
1.242280006408691406e-02
1.875114440917968750e-02
2.459740638732910156e-02
2.067089080810546875e-02
1.568818092346191406e-02
1.098465919494628906e-02
1.203060150146484375e-02
1.237845420837402344e-02
2.261948585510253906e-02
1.765704154968261719e-02
1.269841194152832031e-02
1.119184494018554688e-02
1.316308975219726562e-02
1.114392280578613281e-02
2.458500862121582031e-02
1.030039787292480469e-02
2.257275581359863281e-02
1.729106903076171875e-02
1.298546791076660156e-02
1.308989524841308594e-02
2.459430694580078125e-02
2.157402038574218750e-02
1.553773880004882812e-02
1.116323471069335938e-02
1.203012466430664062e-02
1.230382919311523438e-02
2.415013313293457031e-02
2.001118659973144531e-02
1.148629188537597656e-02
7.128000259399414062e-03
7.255792617797851562e-03
7.360935211181640625e-03
2.198362350463867188e-02
2.120399475097656250e-02
1.695275306701660156e-02
1.269412040710449219e-02
1.208615303039550781e-02
1.213622093200683594e-02
2.375173568725585938e-02
2.284717559814453125e-02
2.308678627014160156e-02
2.311587333679199219e-02
2.281928062438964844e-02
1.054453849792480469e-02
2.421736717224121094e-02
1.760935783386230469e-02
1.475429534912109375e-02
7.317543029785156250e-03
7.389068603515625000e-03
7.358551025390625000e-03
2.400159835815429688e-02
2.162933349609375000e-02
1.833128929138183594e-02
1.554393768310546875e-02
1.140189170837402344e-02
7.241487503051757812e-03
1.858186721801757812e-02
1.125526428222656250e-02
7.097005844116210938e-03
7.056474685668945312e-03
7.118463516235351562e-03
7.640838623046875000e-03
2.265977859497070312e-02
2.188563346862792969e-02
2.161359786987304688e-02
1.785087585449218750e-02
1.422476768493652344e-02
7.059097290039062500e-03
2.401041984558105469e-02
2.326178550720214844e-02
1.847720146179199219e-02
7.631063461303710938e-03
2.202177047729492188e-02
2.296972274780273438e-02
2.429676055908203125e-02
1.978278160095214844e-02
1.952528953552246094e-02
1.140928268432617188e-02
7.024765014648437500e-03
7.033586502075195312e-03
2.231502532958984375e-02
2.106666564941406250e-02
1.710987091064453125e-02
1.275897026062011719e-02
1.241326332092285156e-02
1.225876808166503906e-02
1.573467254638671875e-02
9.354591369628906250e-03
7.120132446289062500e-03
7.033109664916992188e-03
7.058382034301757812e-03
7.021427154541015625e-03
2.199244499206542969e-02
2.083611488342285156e-02
1.710891723632812500e-02
1.303601264953613281e-02
7.677316665649414062e-03
9.037971496582031250e-03
2.298736572265625000e-02
1.071310043334960938e-02
2.452898025512695312e-02
2.326083183288574219e-02
1.741552352905273438e-02
1.789760589599609375e-02
2.310252189636230469e-02
2.326846122741699219e-02
1.830625534057617188e-02
1.851940155029296875e-02
2.013230323791503906e-02
1.669025421142578125e-02
2.429485321044921875e-02
2.327132225036621094e-02
1.716899871826171875e-02
1.820778846740722656e-02
1.778268814086914062e-02
7.337331771850585938e-03
2.103734016418457031e-02
1.948475837707519531e-02
1.525330543518066406e-02
1.052188873291015625e-02
1.116108894348144531e-02
1.102542877197265625e-02
2.413272857666015625e-02
1.991701126098632812e-02
1.928496360778808594e-02
1.785635948181152344e-02
1.843619346618652344e-02
8.708477020263671875e-03
2.442741394042968750e-02
1.982188224792480469e-02
1.972842216491699219e-02
1.120781898498535156e-02
7.025241851806640625e-03
7.047176361083984375e-03
2.416992187500000000e-02
2.334856986999511719e-02
1.755976676940917969e-02
1.890921592712402344e-02
1.818656921386718750e-02
1.118850708007812500e-02
2.306437492370605469e-02
2.335667610168457031e-02
1.750326156616210938e-02
1.502847671508789062e-02
9.018421173095703125e-03
7.089138031005859375e-03
2.178502082824707031e-02
1.970815658569335938e-02
1.812934875488281250e-02
1.802825927734375000e-02
1.670813560485839844e-02
1.226592063903808594e-02
2.418589591979980469e-02
2.339267730712890625e-02
1.741170883178710938e-02
5.886793136596679688e-03
2.445507049560546875e-02
2.340698242187500000e-02
2.427172660827636719e-02
2.332949638366699219e-02
1.745414733886718750e-02
1.879382133483886719e-02
2.034091949462890625e-02
1.440858840942382812e-02
2.420258522033691406e-02
2.030372619628906250e-02
1.500368118286132812e-02
1.406002044677734375e-02
7.428646087646484375e-03
7.402420043945312500e-03
2.421188354492187500e-02
2.283477783203125000e-02
1.741528511047363281e-02
1.878237724304199219e-02
1.809763908386230469e-02
1.456141471862792969e-02
1.904201507568359375e-02
1.715493202209472656e-02
1.726984977722167969e-02
2.149224281311035156e-02
2.125835418701171875e-02
1.326084136962890625e-02
2.166318893432617188e-02
1.021099090576171875e-02
2.789258956909179688e-02
2.589201927185058594e-02
2.582192420959472656e-02
2.453541755676269531e-02
2.500724792480468750e-02
2.436661720275878906e-02
2.095818519592285156e-02
1.592445373535156250e-02
1.127147674560546875e-02
7.088184356689453125e-03
2.395439147949218750e-02
2.306032180786132812e-02
1.775503158569335938e-02
1.793742179870605469e-02
1.792836189270019531e-02
1.680040359497070312e-02
2.566862106323242188e-02
2.330756187438964844e-02
2.264690399169921875e-02
2.319836616516113281e-02
1.735067367553710938e-02
1.735115051269531250e-02
2.311778068542480469e-02
2.325320243835449219e-02
1.739716529846191406e-02
1.751995086669921875e-02
1.510763168334960938e-02
6.099700927734375000e-03
2.434802055358886719e-02
2.330470085144042969e-02
1.752209663391113281e-02
1.517438888549804688e-02
1.115393638610839844e-02
7.094860076904296875e-03
2.501940727233886719e-02
2.388668060302734375e-02
2.141904830932617188e-02
2.142715454101562500e-02
2.295279502868652344e-02
2.312111854553222656e-02
2.420687675476074219e-02
2.134990692138671875e-02
1.950669288635253906e-02
1.121187210083007812e-02
7.069349288940429688e-03
7.102489471435546875e-03
2.168941497802734375e-02
2.295923233032226562e-02
2.286434173583984375e-02
2.282404899597167969e-02
2.104711532592773438e-02
1.822471618652343750e-02
1.928496360778808594e-02
1.773476600646972656e-02
1.969480514526367188e-02
6.606101989746093750e-03
2.240252494812011719e-02
2.088999748229980469e-02
2.408957481384277344e-02
2.322721481323242188e-02
1.730704307556152344e-02
1.791691780090332031e-02
1.522493362426757812e-02
7.195234298706054688e-03
2.404618263244628906e-02
2.322936058044433594e-02
1.760149002075195312e-02
1.491522789001464844e-02
9.007930755615234375e-03
7.052898406982421875e-03
2.439594268798828125e-02
2.184224128723144531e-02
1.775097846984863281e-02
1.220703125000000000e-02
1.082730293273925781e-02
1.100730895996093750e-02
2.410197257995605469e-02
2.324938774108886719e-02
1.753902435302734375e-02
1.857924461364746094e-02
2.023577690124511719e-02
1.873016357421875000e-02
2.134656906127929688e-02
7.066011428833007812e-03
2.433848381042480469e-02
2.321171760559082031e-02
1.908087730407714844e-02
1.643919944763183594e-02
2.425217628479003906e-02
2.331304550170898438e-02
1.782131195068359375e-02
1.797676086425781250e-02
1.796507835388183594e-02
1.677680015563964844e-02
2.414917945861816406e-02
2.306389808654785156e-02
2.120709419250488281e-02
1.737141609191894531e-02
1.460933685302734375e-02
7.045507431030273438e-03
2.456212043762207031e-02
2.143287658691406250e-02
2.145957946777343750e-02
1.834106445312500000e-02
1.797056198120117188e-02
1.775813102722167969e-02
2.216911315917968750e-02
1.966381072998046875e-02
7.686853408813476562e-03
7.051706314086914062e-03
7.116556167602539062e-03
5.362033843994140625e-03
2.411746978759765625e-02
2.313494682312011719e-02
1.985740661621093750e-02
1.954603195190429688e-02
1.131939888000488281e-02
7.082700729370117188e-03
2.333593368530273438e-02
2.112817764282226562e-02
2.290439605712890625e-02
1.739454269409179688e-02
1.850557327270507812e-02
1.781845092773437500e-02
2.418518066406250000e-02
2.306485176086425781e-02
2.307987213134765625e-02
2.166175842285156250e-02
1.991987228393554688e-02
1.859307289123535156e-02
2.232336997985839844e-02
2.092170715332031250e-02
1.481294631958007812e-02
1.221704483032226562e-02
1.216506958007812500e-02
1.243996620178222656e-02
2.413058280944824219e-02
1.986336708068847656e-02
1.964926719665527344e-02
5.924701690673828125e-03
2.446436882019042969e-02
2.334856986999511719e-02
2.307653427124023438e-02
2.288126945495605469e-02
1.751923561096191406e-02
1.831173896789550781e-02
1.803660392761230469e-02
1.129627227783203125e-02
2.388834953308105469e-02
2.257776260375976562e-02
1.788568496704101562e-02
1.791191101074218750e-02
2.004528045654296875e-02
1.484036445617675781e-02
2.435636520385742188e-02
2.327108383178710938e-02
1.742935180664062500e-02
1.572847366333007812e-02
1.766586303710937500e-02
1.453137397766113281e-02
2.311825752258300781e-02
1.947832107543945312e-02
1.735472679138183594e-02
1.791715621948242188e-02
2.001333236694335938e-02
1.455426216125488281e-02
2.412343025207519531e-02
9.971857070922851562e-03
2.384209632873535156e-02
2.473068237304687500e-02
2.327752113342285156e-02
1.843523979187011719e-02
2.153873443603515625e-02
2.099990844726562500e-02
1.712036132812500000e-02
1.348996162414550781e-02
1.216435432434082031e-02
1.225686073303222656e-02
2.262902259826660156e-02
2.131009101867675781e-02
1.705217361450195312e-02
1.301193237304687500e-02
1.223993301391601562e-02
1.216363906860351562e-02
2.198624610900878906e-02
2.152347564697265625e-02
2.217316627502441406e-02
1.711440086364746094e-02
1.282930374145507812e-02
1.199698448181152344e-02
2.206301689147949219e-02
2.158927917480468750e-02
2.173638343811035156e-02
1.690030097961425781e-02
1.247334480285644531e-02
6.711244583129882812e-03
2.302908897399902344e-02
2.171468734741210938e-02
2.169823646545410156e-02
2.124071121215820312e-02
1.639509201049804688e-02
1.256823539733886719e-02
1.469326019287109375e-02
1.706576347351074219e-02
1.288342475891113281e-02
1.220059394836425781e-02
1.212072372436523438e-02
1.224422454833984375e-02
2.335286140441894531e-02
2.162957191467285156e-02
1.702857017517089844e-02
1.246476173400878906e-02
1.224994659423828125e-02
1.230478286743164062e-02
2.331066131591796875e-02
2.149462699890136719e-02
1.698994636535644531e-02
1.302075386047363281e-02
1.219511032104492188e-02
1.222920417785644531e-02
2.233910560607910156e-02
2.133083343505859375e-02
1.655673980712890625e-02
6.710529327392578125e-03
2.410650253295898438e-02
2.259206771850585938e-02
2.668762207031250000e-02
2.597498893737792969e-02
2.459120750427246094e-02
2.358412742614746094e-02
2.148723602294921875e-02
1.832413673400878906e-02
2.094793319702148438e-02
2.015280723571777344e-02
1.522946357727050781e-02
1.640796661376953125e-02
1.336979866027832031e-02
7.214069366455078125e-03
2.343821525573730469e-02
1.998782157897949219e-02
1.710700988769531250e-02
1.289868354797363281e-02
1.122760772705078125e-02
1.224613189697265625e-02
2.162265777587890625e-02
2.227711677551269531e-02
1.712584495544433594e-02
1.252079010009765625e-02
1.226544380187988281e-02
1.234197616577148438e-02
2.341032028198242188e-02
9.301424026489257812e-03
2.448248863220214844e-02
2.350735664367675781e-02
2.146744728088378906e-02
1.705884933471679688e-02
2.316236495971679688e-02
2.157044410705566406e-02
1.702833175659179688e-02
1.234436035156250000e-02
1.219391822814941406e-02
1.235437393188476562e-02
1.730442047119140625e-02
1.251459121704101562e-02
1.213788986206054688e-02
1.215744018554687500e-02
1.217818260192871094e-02
1.203417778015136719e-02
2.296710014343261719e-02
2.295494079589843750e-02
2.242255210876464844e-02
1.862001419067382812e-02
1.389074325561523438e-02
1.235699653625488281e-02
2.283048629760742188e-02
2.164888381958007812e-02
2.189493179321289062e-02
1.684093475341796875e-02
1.281213760375976562e-02
6.468296051025390625e-03
2.161478996276855469e-02
2.232193946838378906e-02
2.129507064819335938e-02
1.641869544982910156e-02
1.279282569885253906e-02
1.225805282592773438e-02
2.202987670898437500e-02
2.152085304260253906e-02
2.301096916198730469e-02
2.105402946472167969e-02
1.628208160400390625e-02
1.273465156555175781e-02
1.514625549316406250e-02
1.221060752868652344e-02
1.202011108398437500e-02
1.220011711120605469e-02
1.217818260192871094e-02
1.222920417785644531e-02
2.214002609252929688e-02
2.154684066772460938e-02
2.303051948547363281e-02
2.118301391601562500e-02
1.700043678283691406e-02
1.231908798217773438e-02
2.182793617248535156e-02
2.152824401855468750e-02
2.201247215270996094e-02
8.677005767822265625e-03
2.335238456726074219e-02
2.149939537048339844e-02
2.362251281738281250e-02
2.161931991577148438e-02
1.724505424499511719e-02
1.302123069763183594e-02
1.201200485229492188e-02
1.212835311889648438e-02
2.154827117919921875e-02
2.211809158325195312e-02
1.718854904174804688e-02
1.262116432189941406e-02
1.219296455383300781e-02
1.219964027404785156e-02
1.855731010437011719e-02
1.354861259460449219e-02
1.278281211853027344e-02
1.232433319091796875e-02
1.219606399536132812e-02
1.219224929809570312e-02
2.350687980651855469e-02
2.134466171264648438e-02
1.669836044311523438e-02
1.221680641174316406e-02
1.213955879211425781e-02
1.287293434143066406e-02
1.964926719665527344e-02
8.412599563598632812e-03
2.168250083923339844e-02
2.157711982727050781e-02
2.212429046630859375e-02
1.711225509643554688e-02
2.328443527221679688e-02
1.712989807128906250e-02
1.254749298095703125e-02
1.229667663574218750e-02
1.232528686523437500e-02
1.214933395385742188e-02
2.335715293884277344e-02
1.718831062316894531e-02
1.264524459838867188e-02
1.201343536376953125e-02
1.204204559326171875e-02
1.119399070739746094e-02
1.879858970642089844e-02
1.632046699523925781e-02
1.729178428649902344e-02
1.927995681762695312e-02
2.156996726989746094e-02
1.700448989868164062e-02
2.173757553100585938e-02
2.100968360900878906e-02
2.007460594177246094e-02
1.708698272705078125e-02
1.711726188659667969e-02
8.229017257690429688e-03
2.195358276367187500e-02
2.216076850891113281e-02
1.659417152404785156e-02
1.232981681823730469e-02
1.255059242248535156e-02
1.246261596679687500e-02
2.334332466125488281e-02
2.060317993164062500e-02
1.636672019958496094e-02
1.213884353637695312e-02
1.244091987609863281e-02
1.244068145751953125e-02
2.261567115783691406e-02
2.241492271423339844e-02
1.731300354003906250e-02
1.593089103698730469e-02
1.568388938903808594e-02
1.164221763610839844e-02
1.930904388427734375e-02
2.098631858825683594e-02
1.929473876953125000e-02
1.807856559753417969e-02
1.588630676269531250e-02
1.241445541381835938e-02
2.200579643249511719e-02
2.158212661743164062e-02
2.190709114074707031e-02
6.578445434570312500e-03
2.195119857788085938e-02
2.149033546447753906e-02
2.199101448059082031e-02
2.164411544799804688e-02
2.168798446655273438e-02
2.126598358154296875e-02
1.667928695678710938e-02
1.247453689575195312e-02
2.144265174865722656e-02
2.225732803344726562e-02
2.115654945373535156e-02
1.659703254699707031e-02
1.228141784667968750e-02
1.241111755371093750e-02
2.162957191467285156e-02
2.216577529907226562e-02
1.741814613342285156e-02
1.265454292297363281e-02
1.232862472534179688e-02
1.218676567077636719e-02
1.893949508666992188e-02
1.590085029602050781e-02
1.243400573730468750e-02
1.261782646179199219e-02
1.238012313842773438e-02
1.325273513793945312e-02
2.245068550109863281e-02
9.908199310302734375e-03
2.140069007873535156e-02
2.174162864685058594e-02
1.647806167602539062e-02
1.249742507934570312e-02
2.153611183166503906e-02
2.202367782592773438e-02
2.075242996215820312e-02
1.611852645874023438e-02
1.277971267700195312e-02
1.219177246093750000e-02
2.182507514953613281e-02
2.157354354858398438e-02
2.229809761047363281e-02
1.641130447387695312e-02
1.302838325500488281e-02
1.226663589477539062e-02
2.199602127075195312e-02
2.141571044921875000e-02
2.272319793701171875e-02
2.172207832336425781e-02
1.711368560791015625e-02
1.274728775024414062e-02
2.331137657165527344e-02
1.912927627563476562e-02
1.682949066162109375e-02
1.375961303710937500e-02
1.141333580017089844e-02
7.069826126098632812e-03
2.648496627807617188e-02
2.300071716308593750e-02
2.294564247131347656e-02
2.261900901794433594e-02
8.393526077270507812e-03
1.203107833862304688e-02
2.215456962585449219e-02
2.454805374145507812e-02
2.071714401245117188e-02
1.602935791015625000e-02
1.721382141113281250e-02
7.062435150146484375e-03
2.184653282165527344e-02
2.039837837219238281e-02
1.990532875061035156e-02
1.742100715637207031e-02
1.308131217956542969e-02
1.356029510498046875e-02
2.310299873352050781e-02
2.428722381591796875e-02
2.140736579895019531e-02
2.125239372253417969e-02
1.793694496154785156e-02
1.849603652954101562e-02
2.156043052673339844e-02
1.931428909301757812e-02
1.941752433776855469e-02
6.327629089355468750e-03
2.323079109191894531e-02
2.126455307006835938e-02
2.197217941284179688e-02
2.003669738769531250e-02
2.002215385437011719e-02
2.019858360290527344e-02
1.979398727416992188e-02
1.941967010498046875e-02
2.197384834289550781e-02
2.056384086608886719e-02
2.118778228759765625e-02
1.660895347595214844e-02
1.675009727478027344e-02
1.673913002014160156e-02
2.176427841186523438e-02
2.010655403137207031e-02
2.007150650024414062e-02
2.078223228454589844e-02
2.135539054870605469e-02
2.144145965576171875e-02
2.192258834838867188e-02
2.302575111389160156e-02
2.302408218383789062e-02
2.360367774963378906e-02
1.780200004577636719e-02
1.763987541198730469e-02
2.127242088317871094e-02
8.813381195068359375e-03
2.184033393859863281e-02
2.053570747375488281e-02
1.969575881958007812e-02
1.997613906860351562e-02
2.309513092041015625e-02
2.135491371154785156e-02
2.015876770019531250e-02
2.034807205200195312e-02
1.960277557373046875e-02
1.984238624572753906e-02
2.196121215820312500e-02
2.058410644531250000e-02
2.160763740539550781e-02
2.086925506591796875e-02
1.928830146789550781e-02
1.769375801086425781e-02
2.198648452758789062e-02
2.065014839172363281e-02
1.796078681945800781e-02
1.928520202636718750e-02
1.687622070312500000e-02
1.619386672973632812e-02
2.204465866088867188e-02
2.153635025024414062e-02
2.124381065368652344e-02
2.252101898193359375e-02
2.176213264465332031e-02
5.447149276733398438e-03
2.502989768981933594e-02
2.002930641174316406e-02
2.059531211853027344e-02
1.986050605773925781e-02
1.978087425231933594e-02
1.974272727966308594e-02
2.271842956542968750e-02
2.227830886840820312e-02
2.230715751647949219e-02
1.985955238342285156e-02
1.982140541076660156e-02
1.978659629821777344e-02
2.283263206481933594e-02
2.235054969787597656e-02
2.233028411865234375e-02
2.234387397766113281e-02
2.221393585205078125e-02
2.011775970458984375e-02
2.249503135681152344e-02
2.231121063232421875e-02
2.234315872192382812e-02
2.248787879943847656e-02
2.233099937438964844e-02
2.204895019531250000e-02
2.489948272705078125e-02
2.366733551025390625e-02
1.964592933654785156e-02
7.850646972656250000e-03
2.468824386596679688e-02
2.350163459777832031e-02
2.212858200073242188e-02
2.119541168212890625e-02
2.138805389404296875e-02
1.541733741760253906e-02
1.098752021789550781e-02
1.196742057800292969e-02
2.233839035034179688e-02
2.001500129699707031e-02
2.012538909912109375e-02
1.964974403381347656e-02
1.992797851562500000e-02
1.991748809814453125e-02
2.528667449951171875e-02
2.160716056823730469e-02
2.085399627685546875e-02
1.710605621337890625e-02
1.277351379394531250e-02
1.094555854797363281e-02
2.398157119750976562e-02
2.387833595275878906e-02
2.249264717102050781e-02
2.319264411926269531e-02
2.112746238708496094e-02
2.122521400451660156e-02
2.241182327270507812e-02
1.102709770202636719e-02
2.402687072753906250e-02
2.257013320922851562e-02
2.046990394592285156e-02
1.879501342773437500e-02
2.102732658386230469e-02
2.269577980041503906e-02
2.135944366455078125e-02
1.644277572631835938e-02
1.302027702331542969e-02
1.244068145751953125e-02
2.481412887573242188e-02
2.008843421936035156e-02
2.194523811340332031e-02
1.695966720581054688e-02
1.300907135009765625e-02
1.233816146850585938e-02
2.537846565246582031e-02
2.187609672546386719e-02
1.712656021118164062e-02
1.280093193054199219e-02
1.275181770324707031e-02
1.250004768371582031e-02
2.224206924438476562e-02
2.226710319519042969e-02
2.240896224975585938e-02
2.240896224975585938e-02
2.161622047424316406e-02
1.113414764404296875e-02
2.396798133850097656e-02
2.262401580810546875e-02
1.889896392822265625e-02
1.898574829101562500e-02
9.475946426391601562e-03
6.931781768798828125e-03
1.950311660766601562e-02
2.253293991088867188e-02
2.000308036804199219e-02
1.666498184204101562e-02
1.823806762695312500e-02
1.818370819091796875e-02
2.434682846069335938e-02
2.229475975036621094e-02
2.240037918090820312e-02
2.247667312622070312e-02
1.770162582397460938e-02
1.309633255004882812e-02
2.276253700256347656e-02
2.032327651977539062e-02
1.772952079772949219e-02
6.911754608154296875e-03
6.927490234375000000e-03
6.938457489013671875e-03
2.436327934265136719e-02
2.140450477600097656e-02
1.543164253234863281e-02
5.199670791625976562e-03
2.390193939208984375e-02
2.381920814514160156e-02
2.389836311340332031e-02
2.438926696777343750e-02
2.142882347106933594e-02
1.543879508972167969e-02
1.199412345886230469e-02
1.060605049133300781e-02
