5.445348262786865234e+00
2.561655044555664062e-01
2.464904785156250000e-01
2.445321083068847656e-01
2.453861236572265625e-01
2.456407546997070312e-01
2.454783916473388672e-01
2.462360858917236328e-01
2.449731826782226562e-01
2.446093559265136719e-01
2.450628280639648438e-01
2.443540096282958984e-01
2.452461719512939453e-01
2.445662021636962891e-01
2.441587448120117188e-01
2.443118095397949219e-01
2.456927299499511719e-01
2.433302402496337891e-01
2.439351081848144531e-01
2.443659305572509766e-01
2.441923618316650391e-01
2.442402839660644531e-01
2.444241046905517578e-01
5.396771430969238281e-02
2.487256526947021484e-01
2.462956905364990234e-01
2.413079738616943359e-01
2.413721084594726562e-01
2.387664318084716797e-01
2.386047840118408203e-01
2.367556095123291016e-01
2.367565631866455078e-01
2.354261875152587891e-01
2.344069480895996094e-01
2.364788055419921875e-01
2.367374897003173828e-01
2.367882728576660156e-01
2.387199401855468750e-01
2.370572090148925781e-01
2.366333007812500000e-01
2.369384765625000000e-01
2.377042770385742188e-01
2.370846271514892578e-01
2.377893924713134766e-01
2.393839359283447266e-01
2.395958900451660156e-01
2.401959896087646484e-01
3.587603569030761719e-02
2.514040470123291016e-01
2.484104633331298828e-01
2.419245243072509766e-01
2.395107746124267578e-01
2.373409271240234375e-01
2.378697395324707031e-01
2.371697425842285156e-01
2.375066280364990234e-01
2.368688583374023438e-01
2.372097969055175781e-01
2.419919967651367188e-01
2.452352046966552734e-01
2.376091480255126953e-01
2.417378425598144531e-01
2.399604320526123047e-01
2.408473491668701172e-01
2.409856319427490234e-01
2.412204742431640625e-01
2.411589622497558594e-01
2.416238784790039062e-01
2.416272163391113281e-01
2.409758567810058594e-01
2.416269779205322266e-01
3.627371788024902344e-02
2.462542057037353516e-01
2.439920902252197266e-01
2.418544292449951172e-01
2.418937683105468750e-01
2.420144081115722656e-01
2.417752742767333984e-01
2.417516708374023438e-01
2.417151927947998047e-01
2.412419319152832031e-01
2.411048412322998047e-01
2.403390407562255859e-01
2.414417266845703125e-01
2.414584159851074219e-01
2.416672706604003906e-01
2.419545650482177734e-01
2.416422367095947266e-01
2.417902946472167969e-01
2.418773174285888672e-01
2.421221733093261719e-01
2.416880130767822266e-01
2.415659427642822266e-01
2.417149543762207031e-01
2.419967651367187500e-01
2.767705917358398438e-02
2.512438297271728516e-01
2.472119331359863281e-01
2.439904212951660156e-01
2.430276870727539062e-01
2.431478500366210938e-01
2.428953647613525391e-01
2.427222728729248047e-01
2.428133487701416016e-01
2.429563999176025391e-01
2.430784702301025391e-01
2.428851127624511719e-01
2.427077293395996094e-01
2.429900169372558594e-01
2.421841621398925781e-01
2.426896095275878906e-01
2.420055866241455078e-01
2.409780025482177734e-01
2.399301528930664062e-01
2.418293952941894531e-01
2.428908348083496094e-01
2.324681282043457031e-01
2.306928634643554688e-01
2.322063446044921875e-01
3.562641143798828125e-02
2.541699409484863281e-01
2.495152950286865234e-01
2.441864013671875000e-01
2.388570308685302734e-01
2.390789985656738281e-01
2.389767169952392578e-01
2.390813827514648438e-01
2.384512424468994141e-01
2.382135391235351562e-01
2.384400367736816406e-01
2.389652729034423828e-01
2.391207218170166016e-01
2.383778095245361328e-01
2.382228374481201172e-01
2.379837036132812500e-01
2.383227348327636719e-01
2.381713390350341797e-01
2.385241985321044922e-01
2.388021945953369141e-01
2.402060031890869141e-01
2.412226200103759766e-01
2.408308982849121094e-01
2.433381080627441406e-01
2.673029899597167969e-02
2.542142868041992188e-01
2.505276203155517578e-01
2.503879070281982422e-01
2.508053779602050781e-01
2.479844093322753906e-01
2.479655742645263672e-01
2.480790615081787109e-01
2.431347370147705078e-01
2.338771820068359375e-01
2.387912273406982422e-01
2.339177131652832031e-01
2.344748973846435547e-01
2.364802360534667969e-01
2.365794181823730469e-01
2.365756034851074219e-01
2.365877628326416016e-01
2.361688613891601562e-01
2.364742755889892578e-01
2.365939617156982422e-01
2.366628646850585938e-01
2.366757392883300781e-01
2.358744144439697266e-01
2.396278381347656250e-01
2.153968811035156250e-02
2.544128894805908203e-01
2.502021789550781250e-01
2.445425987243652344e-01
2.401130199432373047e-01
2.386612892150878906e-01
2.367057800292968750e-01
2.368612289428710938e-01
2.367532253265380859e-01
2.388353347778320312e-01
2.389113903045654297e-01
2.384886741638183594e-01
2.390532493591308594e-01
2.351887226104736328e-01
2.355935573577880859e-01
2.346615791320800781e-01
2.362911701202392578e-01
2.386581897735595703e-01
2.412033081054687500e-01
2.413887977600097656e-01
2.413859367370605469e-01
2.416667938232421875e-01
2.417380809783935547e-01
2.440712451934814453e-01
3.293895721435546875e-02
2.544915676116943359e-01
2.497210502624511719e-01
2.453222274780273438e-01
2.448158264160156250e-01
2.445650100708007812e-01
2.442674636840820312e-01
2.430288791656494141e-01
2.434902191162109375e-01
2.433872222900390625e-01
2.429485321044921875e-01
2.431242465972900391e-01
2.434799671173095703e-01
2.433583736419677734e-01
2.429170608520507812e-01
2.427151203155517578e-01
2.431187629699707031e-01
2.434754371643066406e-01
2.431435585021972656e-01
2.430915832519531250e-01
2.428703308105468750e-01
2.429697513580322266e-01
2.430388927459716797e-01
2.433390617370605469e-01
3.130531311035156250e-02
2.583608627319335938e-01
2.509872913360595703e-01
2.485282421112060547e-01
2.460086345672607422e-01
2.435419559478759766e-01
2.435204982757568359e-01
2.434747219085693359e-01
2.436339855194091797e-01
2.434928417205810547e-01
2.435908317565917969e-01
2.432870864868164062e-01
2.436003684997558594e-01
2.434659004211425781e-01
2.434723377227783203e-01
2.460255622863769531e-01
2.461228370666503906e-01
2.448334693908691406e-01
2.439982891082763672e-01
2.424666881561279297e-01
2.419641017913818359e-01
2.413992881774902344e-01
2.436873912811279297e-01
2.441489696502685547e-01
2.557611465454101562e-02
2.549607753753662109e-01
2.493560314178466797e-01
2.482852935791015625e-01
2.471301555633544922e-01
2.470765113830566406e-01
2.474720478057861328e-01
2.449991703033447266e-01
2.478523254394531250e-01
2.471785545349121094e-01
2.449004650115966797e-01
2.445297241210937500e-01
2.436466217041015625e-01
2.428314685821533203e-01
2.432105541229248047e-01
2.430465221405029297e-01
2.434270381927490234e-01
2.433283329010009766e-01
2.430894374847412109e-01
2.428855895996093750e-01
2.431004047393798828e-01
2.425611019134521484e-01
2.430553436279296875e-01
2.424151897430419922e-01
3.219127655029296875e-02
2.578363418579101562e-01
2.515108585357666016e-01
2.509481906890869141e-01
2.466249465942382812e-01
2.441818714141845703e-01
2.414495944976806641e-01
2.417685985565185547e-01
2.395503520965576172e-01
2.393798828125000000e-01
2.419831752777099609e-01
2.414474487304687500e-01
2.416405677795410156e-01
2.416231632232666016e-01
2.416906356811523438e-01
2.414090633392333984e-01
2.416872978210449219e-01
2.418363094329833984e-01
2.417733669281005859e-01
2.415635585784912109e-01
2.416555881500244141e-01
2.415320873260498047e-01
2.417528629302978516e-01
2.418358325958251953e-01
3.573608398437500000e-02
2.568857669830322266e-01
2.505083084106445312e-01
2.449753284454345703e-01
2.432086467742919922e-01
2.402157783508300781e-01
2.407953739166259766e-01
2.383873462677001953e-01
2.400267124176025391e-01
2.400476932525634766e-01
2.424108982086181641e-01
2.413461208343505859e-01
2.422275543212890625e-01
2.418117523193359375e-01
2.424952983856201172e-01
2.419834136962890625e-01
2.421898841857910156e-01
2.421889305114746094e-01
2.432804107666015625e-01
2.433407306671142578e-01
2.435390949249267578e-01
2.434570789337158203e-01
2.433929443359375000e-01
2.433142662048339844e-01
3.534984588623046875e-02
2.582020759582519531e-01
2.516753673553466797e-01
2.499623298645019531e-01
2.470521926879882812e-01
2.440676689147949219e-01
2.442221641540527344e-01
2.427272796630859375e-01
2.433657646179199219e-01
2.432951927185058594e-01
2.435424327850341797e-01
2.432253360748291016e-01
2.432684898376464844e-01
2.433102130889892578e-01
2.433757781982421875e-01
2.422866821289062500e-01
2.422749996185302734e-01
2.425458431243896484e-01
2.426214218139648438e-01
2.422821521759033203e-01
2.420082092285156250e-01
2.425904273986816406e-01
2.420518398284912109e-01
2.435991764068603516e-01
2.992010116577148438e-02
2.570044994354248047e-01
2.519340515136718750e-01
2.511289119720458984e-01
2.476379871368408203e-01
2.409708499908447266e-01
2.415707111358642578e-01
2.424156665802001953e-01
2.421090602874755859e-01
2.399189472198486328e-01
2.397119998931884766e-01
2.380895614624023438e-01
2.384607791900634766e-01
2.388894557952880859e-01
2.390472888946533203e-01
2.384967803955078125e-01
2.387866973876953125e-01
2.394292354583740234e-01
2.398462295532226562e-01
2.395730018615722656e-01
2.400910854339599609e-01
2.418584823608398438e-01
2.421009540557861328e-01
2.450542449951171875e-01
2.708983421325683594e-02
2.515695095062255859e-01
2.459976673126220703e-01
2.423620223999023438e-01
2.431595325469970703e-01
2.428462505340576172e-01
2.429480552673339844e-01
2.426102161407470703e-01
2.428371906280517578e-01
2.430374622344970703e-01
2.431704998016357422e-01
2.428052425384521484e-01
2.430469989776611328e-01
2.432999610900878906e-01
2.430911064147949219e-01
2.427775859832763672e-01
2.431252002716064453e-01
2.434966564178466797e-01
2.434389591217041016e-01
2.436828613281250000e-01
2.431635856628417969e-01
2.432630062103271484e-01
2.434387207031250000e-01
2.434804439544677734e-01
2.992844581604003906e-02
2.541170120239257812e-01
2.467734813690185547e-01
2.440731525421142578e-01
2.433357238769531250e-01
2.431046962738037109e-01
2.436232566833496094e-01
2.435674667358398438e-01
2.437202930450439453e-01
2.435348033905029297e-01
2.433879375457763672e-01
2.437067031860351562e-01
2.435665130615234375e-01
2.434823513031005859e-01
2.435646057128906250e-01
2.437508106231689453e-01
2.447836399078369141e-01
2.449665069580078125e-01
2.447323799133300781e-01
2.449963092803955078e-01
2.441828250885009766e-01
2.378265857696533203e-01
2.398102283477783203e-01
2.401981353759765625e-01
3.511786460876464844e-02
2.564525604248046875e-01
2.507193088531494141e-01
2.440018653869628906e-01
2.395703792572021484e-01
2.397174835205078125e-01
2.396044731140136719e-01
2.397677898406982422e-01
2.394971847534179688e-01
2.396116256713867188e-01
2.395412921905517578e-01
2.398414611816406250e-01
2.396528720855712891e-01
2.411284446716308594e-01
2.430400848388671875e-01
2.449808120727539062e-01
2.451672554016113281e-01
2.450845241546630859e-01
2.448749542236328125e-01
2.470972537994384766e-01
2.467246055603027344e-01
2.466917037963867188e-01
2.439134120941162109e-01
2.420656681060791016e-01
3.779721260070800781e-02
2.524619102478027344e-01
2.466511726379394531e-01
2.448825836181640625e-01
2.446067333221435547e-01
2.449247837066650391e-01
2.437057495117187500e-01
2.437231540679931641e-01
2.442824840545654297e-01
2.428214550018310547e-01
2.431869506835937500e-01
2.432298660278320312e-01
2.438564300537109375e-01
2.436327934265136719e-01
2.433164119720458984e-01
2.432844638824462891e-01
2.436408996582031250e-01
2.434804439544677734e-01
2.433500289916992188e-01
2.434833049774169922e-01
2.432405948638916016e-01
2.429172992706298828e-01
2.429161071777343750e-01
2.432527542114257812e-01
2.992868423461914062e-02
2.526178359985351562e-01
2.491185665130615234e-01
2.454183101654052734e-01
2.447543144226074219e-01
2.430367469787597656e-01
2.321431636810302734e-01
2.300965785980224609e-01
2.178406715393066406e-01
2.056543827056884766e-01
1.770868301391601562e-01
1.675932407379150391e-01
1.772158145904541016e-01
2.235558032989501953e-01
2.257671356201171875e-01
2.254924774169921875e-01
2.365291118621826172e-01
2.386400699615478516e-01
2.431471347808837891e-01
2.474410533905029297e-01
2.440907955169677734e-01
2.418296337127685547e-01
2.406079769134521484e-01
2.399902343750000000e-01
3.042101860046386719e-02
2.555658817291259766e-01
2.497141361236572266e-01
2.455239295959472656e-01
2.418534755706787109e-01
2.394206523895263672e-01
2.362983226776123047e-01
2.339847087860107422e-01
2.298436164855957031e-01
2.373344898223876953e-01
2.384548187255859375e-01
2.435317039489746094e-01
2.485163211822509766e-01
2.492053508758544922e-01
2.492482662200927734e-01
2.494480609893798828e-01
2.470140457153320312e-01
2.464275360107421875e-01
2.444376945495605469e-01
2.434933185577392578e-01
2.435355186462402344e-01
2.432081699371337891e-01
2.436995506286621094e-01
1.816699504852294922e-01
2.390146255493164062e-02
2.509822845458984375e-01
2.524855136871337891e-01
2.469339370727539062e-01
2.423930168151855469e-01
2.409117221832275391e-01
2.377300262451171875e-01
2.357327938079833984e-01
2.333366870880126953e-01
2.285988330841064453e-01
2.397303581237792969e-01
2.380006313323974609e-01
2.380795478820800781e-01
2.404525279998779297e-01
2.404203414916992188e-01
2.415065765380859375e-01
2.329726219177246094e-01
2.365441322326660156e-01
2.390379905700683594e-01
2.421441078186035156e-01
2.435586452484130859e-01
2.448301315307617188e-01
2.450788021087646484e-01
1.832323074340820312e-01
1.863241195678710938e-02
2.553079128265380859e-01
2.473709583282470703e-01
2.450971603393554688e-01
2.429335117340087891e-01
2.429502010345458984e-01
2.427899837493896484e-01
2.474370002746582031e-01
2.450041770935058594e-01
2.379293441772460938e-01
2.428998947143554688e-01
2.429275512695312500e-01
2.361454963684082031e-01
2.506010532379150391e-01
2.515933513641357422e-01
2.512488365173339844e-01
2.495639324188232422e-01
2.406077384948730469e-01
2.388293743133544922e-01
2.384521961212158203e-01
2.375540733337402344e-01
2.383463382720947266e-01
2.381255626678466797e-01
2.428357601165771484e-01
2.744364738464355469e-02
2.525067329406738281e-01
2.494838237762451172e-01
2.494547367095947266e-01
2.496018409729003906e-01
2.495694160461425781e-01
2.498013973236083984e-01
2.493853569030761719e-01
2.498772144317626953e-01
2.492747306823730469e-01
2.448782920837402344e-01
2.423584461212158203e-01
2.424814701080322266e-01
2.420072555541992188e-01
2.419128417968750000e-01
2.426280975341796875e-01
2.422623634338378906e-01
2.416393756866455078e-01
2.437305450439453125e-01
2.433307170867919922e-01
2.440888881683349609e-01
2.433526515960693359e-01
2.419700622558593750e-01
2.443182468414306641e-01
2.613353729248046875e-02
2.527108192443847656e-01
2.487466335296630859e-01
2.488374710083007812e-01
2.476758956909179688e-01
2.489435672760009766e-01
2.500238418579101562e-01
2.521889209747314453e-01
2.520556449890136719e-01
2.500803470611572266e-01
2.492475509643554688e-01
2.523350715637207031e-01
2.554614543914794922e-01
2.547962665557861328e-01
2.543609142303466797e-01
2.521722316741943359e-01
2.506906986236572266e-01
2.496395111083984375e-01
2.493190765380859375e-01
2.487325668334960938e-01
2.489438056945800781e-01
2.493565082550048828e-01
2.504069805145263672e-01
2.504453659057617188e-01
2.985477447509765625e-02
2.544934749603271484e-01
2.489037513732910156e-01
2.489128112792968750e-01
2.491517066955566406e-01
2.490532398223876953e-01
2.490534782409667969e-01
2.480807304382324219e-01
2.450642585754394531e-01
2.491230964660644531e-01
2.548453807830810547e-01
2.563889026641845703e-01
2.521095275878906250e-01
2.506744861602783203e-01
2.488899230957031250e-01
2.462677955627441406e-01
2.450633049011230469e-01
2.429687976837158203e-01
2.426705360412597656e-01
2.429339885711669922e-01
2.426495552062988281e-01
2.430725097656250000e-01
2.440869808197021484e-01
2.425851821899414062e-01
3.268456459045410156e-02
2.527494430541992188e-01
2.454514503479003906e-01
2.449402809143066406e-01
2.440261840820312500e-01
2.447516918182373047e-01
2.439320087432861328e-01
2.444591522216796875e-01
2.464323043823242188e-01
2.510368824005126953e-01
2.520997524261474609e-01
2.448759078979492188e-01
2.465939521789550781e-01
2.443842887878417969e-01
2.448458671569824219e-01
2.444937229156494141e-01
2.489225864410400391e-01
2.549440860748291016e-01
2.564187049865722656e-01
2.551128864288330078e-01
2.520730495452880859e-01
2.490353584289550781e-01
2.471525669097900391e-01
2.443284988403320312e-01
3.358054161071777344e-02
2.558586597442626953e-01
2.514693737030029297e-01
2.449946403503417969e-01
2.458932399749755859e-01
2.471513748168945312e-01
2.459683418273925781e-01
2.428033351898193359e-01
2.406840324401855469e-01
2.430102825164794922e-01
2.469699382781982422e-01
2.464280128479003906e-01
2.407913208007812500e-01
2.463288307189941406e-01
2.444450855255126953e-01
2.426755428314208984e-01
2.440879344940185547e-01
2.470250129699707031e-01
2.448999881744384766e-01
2.445490360260009766e-01
2.453444004058837891e-01
2.462298870086669922e-01
2.466642856597900391e-01
2.482266426086425781e-01
3.910875320434570312e-02
2.618777751922607422e-01
2.499265670776367188e-01
2.431230545043945312e-01
2.389256954193115234e-01
2.359437942504882812e-01
2.297589778900146484e-01
2.336676120758056641e-01
2.381441593170166016e-01
2.409751415252685547e-01
2.325258255004882812e-01
2.342190742492675781e-01
2.403626441955566406e-01
2.422585487365722656e-01
2.438573837280273438e-01
2.462186813354492188e-01
2.452285289764404297e-01
2.457449436187744141e-01
2.463810443878173828e-01
2.452149391174316406e-01
2.412378787994384766e-01
2.445681095123291016e-01
2.460782527923583984e-01
2.467858791351318359e-01
3.695559501647949219e-02
2.604815959930419922e-01
2.534105777740478516e-01
2.497224807739257812e-01
2.411806583404541016e-01
2.448408603668212891e-01
2.405557632446289062e-01
2.389352321624755859e-01
2.422406673431396484e-01
2.451658248901367188e-01
2.364041805267333984e-01
2.338709831237792969e-01
2.392005920410156250e-01
2.384569644927978516e-01
2.417087554931640625e-01
2.442598342895507812e-01
2.448685169219970703e-01
2.458937168121337891e-01
2.459077835083007812e-01
2.457797527313232422e-01
2.464034557342529297e-01
2.454781532287597656e-01
2.472255229949951172e-01
2.501628398895263672e-01
4.603910446166992188e-02
2.625274658203125000e-01
2.456026077270507812e-01
2.430136203765869141e-01
2.413222789764404297e-01
2.445740699768066406e-01
2.468385696411132812e-01
2.440454959869384766e-01
2.328240871429443359e-01
2.488722801208496094e-01
2.481651306152343750e-01
2.395324707031250000e-01
2.434530258178710938e-01
2.417433261871337891e-01
2.425656318664550781e-01
2.447853088378906250e-01
2.424535751342773438e-01
2.364940643310546875e-01
2.364444732666015625e-01
2.410221099853515625e-01
2.412989139556884766e-01
2.419893741607666016e-01
2.413065433502197266e-01
2.444062232971191406e-01
3.813862800598144531e-02
2.683136463165283203e-01
2.520823478698730469e-01
2.437930107116699219e-01
2.416002750396728516e-01
2.403678894042968750e-01
2.527029514312744141e-01
2.599840164184570312e-01
2.598466873168945312e-01
2.545976638793945312e-01
2.571754455566406250e-01
2.536609172821044922e-01
2.442145347595214844e-01
2.408943176269531250e-01
2.442123889923095703e-01
2.455379962921142578e-01
2.507843971252441406e-01
2.597680091857910156e-01
2.584269046783447266e-01
2.527403831481933594e-01
2.495799064636230469e-01
2.484924793243408203e-01
2.446095943450927734e-01
2.483351230621337891e-01
2.067923545837402344e-02
2.551882266998291016e-01
2.507245540618896484e-01
2.445454597473144531e-01
2.408349514007568359e-01
2.357182502746582031e-01
2.332332134246826172e-01
2.528059482574462891e-01
2.573533058166503906e-01
2.450089454650878906e-01
2.410070896148681641e-01
2.393593788146972656e-01
2.345368862152099609e-01
2.273926734924316406e-01
2.426707744598388672e-01
2.373573780059814453e-01
2.290315628051757812e-01
2.124896049499511719e-01
1.933155059814453125e-01
1.824896335601806641e-01
1.626505851745605469e-01
2.231733798980712891e-01
2.339191436767578125e-01
2.441318035125732422e-01
2.364706993103027344e-02
2.568635940551757812e-01
2.490551471710205078e-01
2.465815544128417969e-01
2.446315288543701172e-01
2.445178031921386719e-01
2.440581321716308594e-01
2.436482906341552734e-01
2.452375888824462891e-01
2.437775135040283203e-01
2.445101737976074219e-01
2.446293830871582031e-01
2.429661750793457031e-01
2.431609630584716797e-01
2.460143566131591797e-01
2.458713054656982422e-01
2.383732795715332031e-01
2.385067939758300781e-01
2.383503913879394531e-01
2.403659820556640625e-01
2.336330413818359375e-01
2.284929752349853516e-01
2.261295318603515625e-01
1.966080665588378906e-01
8.743667602539062500e-02
2.571027278900146484e-01
2.506926059722900391e-01
2.492852210998535156e-01
2.491226196289062500e-01
2.500216960906982422e-01
2.466678619384765625e-01
2.451090812683105469e-01
2.494742870330810547e-01
2.528271675109863281e-01
2.514207363128662109e-01
2.452230453491210938e-01
2.455222606658935547e-01
2.473053932189941406e-01
2.450232505798339844e-01
2.445771694183349609e-01
2.455770969390869141e-01
2.444348335266113281e-01
2.452731132507324219e-01
2.473156452178955078e-01
2.470943927764892578e-01
2.459957599639892578e-01
2.440967559814453125e-01
2.429795265197753906e-01
3.537487983703613281e-02
2.661550045013427734e-01
2.542059421539306641e-01
2.528564929962158203e-01
2.510037422180175781e-01
2.522900104522705078e-01
2.516365051269531250e-01
2.513926029205322266e-01
2.496089935302734375e-01
2.493829727172851562e-01
2.482659816741943359e-01
2.462024688720703125e-01
2.441289424896240234e-01
2.434031963348388672e-01
2.448928356170654297e-01
2.446682453155517578e-01
2.427451610565185547e-01
2.425210475921630859e-01
2.423961162567138672e-01
2.420060634613037109e-01
2.421562671661376953e-01
2.425353527069091797e-01
2.427287101745605469e-01
2.426586151123046875e-01
3.410553932189941406e-02
2.661781311035156250e-01
2.548027038574218750e-01
2.544529438018798828e-01
2.515809535980224609e-01
2.459638118743896484e-01
2.458369731903076172e-01
2.452273368835449219e-01
2.448847293853759766e-01
2.457025051116943359e-01
2.508602142333984375e-01
2.515125274658203125e-01
2.478044033050537109e-01
2.430167198181152344e-01
2.433092594146728516e-01
2.437829971313476562e-01
2.433080673217773438e-01
2.437503337860107422e-01
2.468681335449218750e-01
2.452428340911865234e-01
2.489840984344482422e-01
2.539658546447753906e-01
2.542428970336914062e-01
2.560021877288818359e-01
2.719330787658691406e-02
2.623128890991210938e-01
2.541821002960205078e-01
2.521443367004394531e-01
2.474308013916015625e-01
2.510671615600585938e-01
2.551853656768798828e-01
2.545287609100341797e-01
2.529470920562744141e-01
2.521727085113525391e-01
2.483146190643310547e-01
2.472252845764160156e-01
2.479293346405029297e-01
2.404985427856445312e-01
2.530324459075927734e-01
2.564918994903564453e-01
2.567522525787353516e-01
2.427701950073242188e-01
2.349045276641845703e-01
2.386083602905273438e-01
2.383658885955810547e-01
2.424585819244384766e-01
2.582759857177734375e-01
2.232987880706787109e-01
2.355742454528808594e-02
2.563400268554687500e-01
2.539803981781005859e-01
2.535009384155273438e-01
2.559754848480224609e-01
2.523791790008544922e-01
2.459793090820312500e-01
2.469453811645507812e-01
2.454144954681396484e-01
2.386822700500488281e-01
2.366573810577392578e-01
2.312788963317871094e-01
2.423095703125000000e-01
2.487761974334716797e-01
2.507846355438232422e-01
2.407677173614501953e-01
2.419564723968505859e-01
2.381083965301513672e-01
2.391357421875000000e-01
2.402255535125732422e-01
2.411594390869140625e-01
2.416491508483886719e-01
2.421815395355224609e-01
2.469596862792968750e-01
2.420878410339355469e-02
2.677788734436035156e-01
2.470266819000244141e-01
2.465960979461669922e-01
2.461028099060058594e-01
2.442274093627929688e-01
2.488522529602050781e-01
2.521355152130126953e-01
2.493288516998291016e-01
2.435503005981445312e-01
2.397053241729736328e-01
2.394247055053710938e-01
2.383489608764648438e-01
2.417252063751220703e-01
2.431693077087402344e-01
2.424829006195068359e-01
2.404358386993408203e-01
2.432341575622558594e-01
2.431032657623291016e-01
2.445180416107177734e-01
2.440462112426757812e-01
2.481646537780761719e-01
2.519540786743164062e-01
2.529363632202148438e-01
3.008317947387695312e-02
2.541294097900390625e-01
2.485721111297607422e-01
2.448565959930419922e-01
2.428822517395019531e-01
2.419493198394775391e-01
2.411596775054931641e-01
2.411670684814453125e-01
2.422947883605957031e-01
2.403113842010498047e-01
2.432365417480468750e-01
2.444100379943847656e-01
2.456593513488769531e-01
2.434275150299072266e-01
2.439880371093750000e-01
2.436316013336181641e-01
2.451438903808593750e-01
2.427310943603515625e-01
2.431633472442626953e-01
2.437965869903564453e-01
2.432630062103271484e-01
2.422866821289062500e-01
2.428607940673828125e-01
2.376308441162109375e-01
3.309965133666992188e-02
2.831783294677734375e-01
2.779724597930908203e-01
2.732024192810058594e-01
2.676925659179687500e-01
2.593522071838378906e-01
2.527301311492919922e-01
2.514071464538574219e-01
2.481701374053955078e-01
2.458260059356689453e-01
2.422425746917724609e-01
2.417118549346923828e-01
2.405309677124023438e-01
2.404568195343017578e-01
2.417111396789550781e-01
2.408761978149414062e-01
2.410445213317871094e-01
2.421205043792724609e-01
2.405705451965332031e-01
2.414467334747314453e-01
2.422549724578857422e-01
2.404751777648925781e-01
2.413449287414550781e-01
2.426285743713378906e-01
3.847122192382812500e-02
2.796118259429931641e-01
2.745621204376220703e-01
2.699565887451171875e-01
2.625517845153808594e-01
2.540743350982666016e-01
2.466506958007812500e-01
2.301805019378662109e-01
2.112765312194824219e-01
1.851749420166015625e-01
1.805119514465332031e-01
1.846508979797363281e-01
2.281999588012695312e-01
2.253296375274658203e-01
2.552816867828369141e-01
2.531170845031738281e-01
2.491953372955322266e-01
2.487914562225341797e-01
2.545852661132812500e-01
2.582683563232421875e-01
2.588486671447753906e-01
2.478914260864257812e-01
2.459294795989990234e-01
2.472555637359619141e-01
1.549625396728515625e-02
2.717914581298828125e-01
2.742002010345458984e-01
2.671675682067871094e-01
2.623009681701660156e-01
2.544550895690917969e-01
2.538154125213623047e-01
2.493803501129150391e-01
2.470703125000000000e-01
2.446765899658203125e-01
2.408707141876220703e-01
2.413625717163085938e-01
2.419912815093994141e-01
2.410187721252441406e-01
2.411448955535888672e-01
2.420401573181152344e-01
2.408502101898193359e-01
2.423660755157470703e-01
2.407553195953369141e-01
2.393980026245117188e-01
2.425923347473144531e-01
2.441060543060302734e-01
2.481722831726074219e-01
2.512490749359130859e-01
2.523326873779296875e-02
2.553112506866455078e-01
2.545964717864990234e-01
2.524917125701904297e-01
2.533779144287109375e-01
2.529776096343994141e-01
2.536520957946777344e-01
2.545378208160400391e-01
2.480225563049316406e-01
2.461371421813964844e-01
2.437813282012939453e-01
2.400519847869873047e-01
2.406361103057861328e-01
2.419946193695068359e-01
2.434504032135009766e-01
2.462992668151855469e-01
2.442991733551025391e-01
2.573177814483642578e-01
2.589361667633056641e-01
2.579553127288818359e-01
2.509732246398925781e-01
2.514176368713378906e-01
2.469003200531005859e-01
2.323637008666992188e-01
2.545166015625000000e-02
2.547669410705566406e-01
2.500665187835693359e-01
2.464907169342041016e-01
2.458629608154296875e-01
2.484629154205322266e-01
2.479937076568603516e-01
2.411904335021972656e-01
2.418286800384521484e-01
2.416152954101562500e-01
2.425117492675781250e-01
2.444045543670654297e-01
2.437927722930908203e-01
2.468864917755126953e-01
2.448742389678955078e-01
2.285192012786865234e-01
2.369956970214843750e-01
2.201478481292724609e-01
2.040951251983642578e-01
1.661651134490966797e-01
1.519949436187744141e-01
2.250003814697265625e-01
2.408335208892822266e-01
2.414164543151855469e-01
1.295828819274902344e-02
2.635071277618408203e-01
2.472188472747802734e-01
2.449276447296142578e-01
2.439646720886230469e-01
2.467544078826904297e-01
2.489635944366455078e-01
2.499706745147705078e-01
2.464015483856201172e-01
2.442796230316162109e-01
2.447528839111328125e-01
2.436060905456542969e-01
2.439157962799072266e-01
2.441096305847167969e-01
2.438833713531494141e-01
2.444086074829101562e-01
2.460544109344482422e-01
2.460513114929199219e-01
2.471563816070556641e-01
2.507805824279785156e-01
2.538292407989501953e-01
2.553951740264892578e-01
2.539677619934082031e-01
2.567257881164550781e-01
3.864812850952148438e-02
2.822358608245849609e-01
2.641246318817138672e-01
2.595264911651611328e-01
2.535173892974853516e-01
2.515048980712890625e-01
2.511909008026123047e-01
2.474439144134521484e-01
2.460534572601318359e-01
2.474768161773681641e-01
2.421870231628417969e-01
2.421073913574218750e-01
2.478234767913818359e-01
2.290463447570800781e-01
2.384951114654541016e-01
2.375900745391845703e-01
2.330567836761474609e-01
2.367401123046875000e-01
2.352449893951416016e-01
2.378921508789062500e-01
2.410237789154052734e-01
2.420623302459716797e-01
2.422642707824707031e-01
2.449340820312500000e-01
2.453637123107910156e-02
2.640621662139892578e-01
2.563748359680175781e-01
2.555356025695800781e-01
2.518565654754638672e-01
2.489221096038818359e-01
2.492601871490478516e-01
2.497792243957519531e-01
2.495532035827636719e-01
2.492318153381347656e-01
2.488100528717041016e-01
2.485959529876708984e-01
2.502336502075195312e-01
2.513422966003417969e-01
2.519345283508300781e-01
2.495832443237304688e-01
2.487556934356689453e-01
2.490763664245605469e-01
2.492468357086181641e-01
2.488846778869628906e-01
2.489640712738037109e-01
2.485208511352539062e-01
2.506539821624755859e-01
2.467937469482421875e-01
2.975392341613769531e-02
2.656095027923583984e-01
2.633452415466308594e-01
2.557525634765625000e-01
2.514128684997558594e-01
2.555348873138427734e-01
2.572066783905029297e-01
2.548987865447998047e-01
2.468037605285644531e-01
2.452223300933837891e-01
2.496559619903564453e-01
2.505664825439453125e-01
2.492334842681884766e-01
2.434635162353515625e-01
2.425680160522460938e-01
2.446105480194091797e-01
2.432169914245605469e-01
2.448942661285400391e-01
2.444705963134765625e-01
2.456665039062500000e-01
2.461714744567871094e-01
2.450575828552246094e-01
2.449619770050048828e-01
2.452936172485351562e-01
2.583169937133789062e-02
2.757999897003173828e-01
2.584989070892333984e-01
2.514517307281494141e-01
2.400512695312500000e-01
2.389450073242187500e-01
2.375736236572265625e-01
2.541158199310302734e-01
2.658445835113525391e-01
2.672598361968994141e-01
2.627291679382324219e-01
2.561395168304443359e-01
2.541649341583251953e-01
2.585048675537109375e-01
2.491359710693359375e-01
2.484436035156250000e-01
2.399284839630126953e-01
2.409236431121826172e-01
2.400057315826416016e-01
2.385618686676025391e-01
2.393932342529296875e-01
2.405791282653808594e-01
2.386739253997802734e-01
2.465865612030029297e-01
3.464984893798828125e-02
2.680611610412597656e-01
2.736697196960449219e-01
2.724533081054687500e-01
2.721314430236816406e-01
2.762529850006103516e-01
2.636697292327880859e-01
2.604250907897949219e-01
2.585208415985107422e-01
2.583494186401367188e-01
2.578604221343994141e-01
2.582666873931884766e-01
2.598814964294433594e-01
2.564575672149658203e-01
2.523200511932373047e-01
2.543933391571044922e-01
2.643487453460693359e-01
2.718091011047363281e-01
2.697210311889648438e-01
2.632672786712646484e-01
2.588391304016113281e-01
2.549953460693359375e-01
2.503602504730224609e-01
2.457542419433593750e-01
2.289199829101562500e-02
2.626664638519287109e-01
2.676315307617187500e-01
2.642807960510253906e-01
2.622029781341552734e-01
2.587325572967529297e-01
2.558770179748535156e-01
2.511641979217529297e-01
2.519092559814453125e-01
2.579171657562255859e-01
2.590675354003906250e-01
2.575697898864746094e-01
2.516255378723144531e-01
2.384984493255615234e-01
2.461273670196533203e-01
2.455391883850097656e-01
2.463881969451904297e-01
2.510178089141845703e-01
2.489635944366455078e-01
2.426204681396484375e-01
2.388150691986083984e-01
2.386524677276611328e-01
2.430226802825927734e-01
2.454690933227539062e-01
2.598738670349121094e-02
2.784295082092285156e-01
2.711203098297119141e-01
2.640581130981445312e-01
2.614760398864746094e-01
2.559821605682373047e-01
2.526123523712158203e-01
2.474708557128906250e-01
2.464745044708251953e-01
2.458312511444091797e-01
2.441484928131103516e-01
2.450180053710937500e-01
2.480580806732177734e-01
2.515625953674316406e-01
2.545139789581298828e-01
2.488987445831298828e-01
2.490363121032714844e-01
2.531108856201171875e-01
2.499127388000488281e-01
2.505905628204345703e-01
2.439036369323730469e-01
2.439947128295898438e-01
2.445950508117675781e-01
2.444431781768798828e-01
3.142499923706054688e-02
2.566747665405273438e-01
2.563488483428955078e-01
2.581968307495117188e-01
2.592551708221435547e-01
2.534368038177490234e-01
2.602782249450683594e-01
2.573385238647460938e-01
2.418758869171142578e-01
2.223217487335205078e-01
1.945397853851318359e-01
1.867098808288574219e-01
1.678454875946044922e-01
2.306702136993408203e-01
2.323505878448486328e-01
2.455987930297851562e-01
2.393498420715332031e-01
2.394263744354248047e-01
2.404408454895019531e-01
2.413606643676757812e-01
2.456581592559814453e-01
2.482898235321044922e-01
2.477343082427978516e-01
2.456896305084228516e-01
7.736611366271972656e-02
2.703847885131835938e-01
2.643184661865234375e-01
2.546205520629882812e-01
2.523450851440429688e-01
2.551195621490478516e-01
2.537763118743896484e-01
2.479488849639892578e-01
2.381529808044433594e-01
2.412726879119873047e-01
2.450809478759765625e-01
2.476871013641357422e-01
2.505347728729248047e-01
2.554383277893066406e-01
2.562289237976074219e-01
2.551412582397460938e-01
2.517244815826416016e-01
2.497093677520751953e-01
2.552115917205810547e-01
2.561531066894531250e-01
2.585501670837402344e-01
2.577891349792480469e-01
2.625861167907714844e-01
2.663536071777343750e-01
2.212977409362792969e-02
2.618563175201416016e-01
2.580304145812988281e-01
2.537610530853271484e-01
2.534847259521484375e-01
2.507188320159912109e-01
2.454164028167724609e-01
2.449746131896972656e-01
2.448027133941650391e-01
2.444899082183837891e-01
2.468645572662353516e-01
2.519419193267822266e-01
2.537198066711425781e-01
2.517447471618652344e-01
2.440748214721679688e-01
2.450203895568847656e-01
2.456803321838378906e-01
2.441723346710205078e-01
2.438142299652099609e-01
2.428801059722900391e-01
2.432320117950439453e-01
2.446944713592529297e-01
2.400786876678466797e-01
2.392861843109130859e-01
4.013562202453613281e-02
2.598729133605957031e-01
2.603001594543457031e-01
2.665750980377197266e-01
2.636082172393798828e-01
2.600395679473876953e-01
2.557194232940673828e-01
2.535767555236816406e-01
2.521588802337646484e-01
2.587435245513916016e-01
2.719404697418212891e-01
2.631328105926513672e-01
2.570431232452392578e-01
2.417109012603759766e-01
2.474663257598876953e-01
2.340333461761474609e-01
2.447543144226074219e-01
2.511126995086669922e-01
2.331047058105468750e-01
2.072753906250000000e-01
1.753072738647460938e-01
1.554515361785888672e-01
2.401657104492187500e-01
2.518501281738281250e-01
1.269483566284179688e-02
2.738726139068603516e-01
2.579841613769531250e-01
2.526571750640869141e-01
2.485787868499755859e-01
2.458546161651611328e-01
2.415215969085693359e-01
2.408909797668457031e-01
2.382075786590576172e-01
2.385854721069335938e-01
2.405459880828857422e-01
2.383816242218017578e-01
2.385272979736328125e-01
2.406008243560791016e-01
2.385482788085937500e-01
2.384333610534667969e-01
2.385020256042480469e-01
2.386255264282226562e-01
2.390675544738769531e-01
2.409620285034179688e-01
2.392950057983398438e-01
2.408404350280761719e-01
2.423343658447265625e-01
2.418344020843505859e-01
3.044867515563964844e-02
2.686982154846191406e-01
2.731471061706542969e-01
2.690229415893554688e-01
2.605226039886474609e-01
2.554535865783691406e-01
2.494494915008544922e-01
2.489480972290039062e-01
2.441780567169189453e-01
2.420578002929687500e-01
2.435436248779296875e-01
2.428596019744873047e-01
2.437553405761718750e-01
2.439839839935302734e-01
2.425327301025390625e-01
2.431092262268066406e-01
2.449843883514404297e-01
2.425532341003417969e-01
2.443056106567382812e-01
2.480146884918212891e-01
2.532711029052734375e-01
2.538528442382812500e-01
2.445020675659179688e-01
2.423863410949707031e-01
3.016924858093261719e-02
2.733237743377685547e-01
2.485227584838867188e-01
2.421472072601318359e-01
2.410676479339599609e-01
2.406709194183349609e-01
2.436702251434326172e-01
2.441947460174560547e-01
2.424387931823730469e-01
2.447924613952636719e-01
2.453718185424804688e-01
2.489080429077148438e-01
2.484090328216552734e-01
2.433333396911621094e-01
2.436823844909667969e-01
2.442364692687988281e-01
2.429273128509521484e-01
2.463328838348388672e-01
2.509593963623046875e-01
2.534036636352539062e-01
2.492864131927490234e-01
2.410373687744140625e-01
2.429180145263671875e-01
2.462291717529296875e-01
2.542710304260253906e-02
2.838358879089355469e-01
2.810878753662109375e-01
2.745904922485351562e-01
2.718625068664550781e-01
2.699584960937500000e-01
2.690749168395996094e-01
2.603912353515625000e-01
2.677068710327148438e-01
2.595589160919189453e-01
2.576677799224853516e-01
2.497236728668212891e-01
2.491247653961181641e-01
2.431018352508544922e-01
2.434368133544921875e-01
2.457880973815917969e-01
2.446672916412353516e-01
2.422537803649902344e-01
2.426242828369140625e-01
2.473649978637695312e-01
2.489876747131347656e-01
2.528972625732421875e-01
2.578153610229492188e-01
2.576375007629394531e-01
4.695534706115722656e-02
2.647967338562011719e-01
2.638895511627197266e-01
2.519381046295166016e-01
2.463796138763427734e-01
2.462625503540039062e-01
2.482662200927734375e-01
2.508673667907714844e-01
2.423832416534423828e-01
2.458939552307128906e-01
2.437062263488769531e-01
2.399849891662597656e-01
2.399775981903076172e-01
2.384948730468750000e-01
2.461524009704589844e-01
2.479114532470703125e-01
2.463152408599853516e-01
2.511403560638427734e-01
2.540466785430908203e-01
2.586262226104736328e-01
2.567977905273437500e-01
2.518899440765380859e-01
2.523975372314453125e-01
2.495207786560058594e-01
3.095126152038574219e-02
2.613346576690673828e-01
2.616987228393554688e-01
2.658648490905761719e-01
2.627711296081542969e-01
2.549254894256591797e-01
2.538833618164062500e-01
2.477242946624755859e-01
2.467608451843261719e-01
2.497510910034179688e-01
2.527451515197753906e-01
2.492296695709228516e-01
2.426023483276367188e-01
2.427365779876708984e-01
2.446303367614746094e-01
2.427699565887451172e-01
2.439498901367187500e-01
2.438256740570068359e-01
2.439169883728027344e-01
2.452049255371093750e-01
2.485632896423339844e-01
2.519643306732177734e-01
2.498440742492675781e-01
2.417459487915039062e-01
2.979588508605957031e-02
2.764813899993896484e-01
2.793071269989013672e-01
2.772107124328613281e-01
2.728343009948730469e-01
2.632267475128173828e-01
2.574400901794433594e-01
2.522580623626708984e-01
2.492375373840332031e-01
2.513046264648437500e-01
2.513165473937988281e-01
2.480020523071289062e-01
2.421565055847167969e-01
2.412512302398681641e-01
2.412316799163818359e-01
2.409086227416992188e-01
2.422742843627929688e-01
2.434332370758056641e-01
2.412567138671875000e-01
2.419114112854003906e-01
2.427153587341308594e-01
2.304356098175048828e-01
2.289557456970214844e-01
2.250549793243408203e-01
4.044628143310546875e-02
2.679808139801025391e-01
2.614254951477050781e-01
2.575356960296630859e-01
2.490298748016357422e-01
2.460362911224365234e-01
2.482130527496337891e-01
2.423636913299560547e-01
2.393064498901367188e-01
2.389953136444091797e-01
2.397856712341308594e-01
2.402358055114746094e-01
2.384483814239501953e-01
2.387428283691406250e-01
2.399568557739257812e-01
2.397637367248535156e-01
2.401714324951171875e-01
2.423071861267089844e-01
2.384161949157714844e-01
2.404069900512695312e-01
2.451357841491699219e-01
2.467896938323974609e-01
2.516736984252929688e-01
2.369248867034912109e-01
6.170320510864257812e-02
2.719039916992187500e-01
2.738909721374511719e-01
2.531287670135498047e-01
2.483439445495605469e-01
2.506060600280761719e-01
2.516520023345947266e-01
2.476689815521240234e-01
2.384974956512451172e-01
2.429594993591308594e-01
2.428915500640869141e-01
2.390727996826171875e-01
2.380681037902832031e-01
2.392199039459228516e-01
2.504119873046875000e-01
2.503514289855957031e-01
2.522466182708740234e-01
2.576353549957275391e-01
2.607719898223876953e-01
2.709538936614990234e-01
2.720468044281005859e-01
2.694380283355712891e-01
2.695269584655761719e-01
2.679750919342041016e-01
3.971576690673828125e-02
2.585012912750244141e-01
2.507436275482177734e-01
2.460167407989501953e-01
2.469065189361572266e-01
2.462279796600341797e-01
2.439110279083251953e-01
2.414782047271728516e-01
2.426748275756835938e-01
2.295844554901123047e-01
2.388212680816650391e-01
2.398505210876464844e-01
2.271728515625000000e-01
2.487609386444091797e-01
2.465453147888183594e-01
2.482945919036865234e-01
2.493834495544433594e-01
2.473585605621337891e-01
2.446353435516357422e-01
2.463042736053466797e-01
2.521958351135253906e-01
2.524354457855224609e-01
2.552945613861083984e-01
1.956179141998291016e-01
3.273439407348632812e-02
2.821559906005859375e-01
2.773253917694091797e-01
2.719812393188476562e-01
2.726061344146728516e-01
2.649860382080078125e-01
2.545728683471679688e-01
2.504928112030029297e-01
2.488398551940917969e-01
2.575929164886474609e-01
2.710349559783935547e-01
2.687985897064208984e-01
2.622501850128173828e-01
2.506680488586425781e-01
2.397801876068115234e-01
2.564530372619628906e-01
2.570376396179199219e-01
2.489614486694335938e-01
2.457847595214843750e-01
2.434346675872802734e-01
2.523458003997802734e-01
2.474803924560546875e-01
2.536318302154541016e-01
1.867408752441406250e-01
3.564047813415527344e-02
2.708849906921386719e-01
2.744820117950439453e-01
2.727146148681640625e-01
2.639780044555664062e-01
2.595138549804687500e-01
2.536485195159912109e-01
2.474074363708496094e-01
2.397892475128173828e-01
2.374455928802490234e-01
2.362473011016845703e-01
2.344672679901123047e-01
2.374076843261718750e-01
2.316157817840576172e-01
2.405385971069335938e-01
2.429070472717285156e-01
2.499816417694091797e-01
2.453877925872802734e-01
2.443292140960693359e-01
2.421112060546875000e-01
2.407646179199218750e-01
2.408568859100341797e-01
2.391383647918701172e-01
2.396364212036132812e-01
2.204251289367675781e-02
2.557413578033447266e-01
2.507157325744628906e-01
2.525782585144042969e-01
2.509536743164062500e-01
2.505643367767333984e-01
2.511098384857177734e-01
2.514758110046386719e-01
2.487983703613281250e-01
2.500519752502441406e-01
2.534444332122802734e-01
2.544598579406738281e-01
2.543277740478515625e-01
2.515039443969726562e-01
2.505390644073486328e-01
2.499742507934570312e-01
2.494037151336669922e-01
2.498173713684082031e-01
2.461905479431152344e-01
2.456841468811035156e-01
2.457020282745361328e-01
2.465600967407226562e-01
2.448515892028808594e-01
2.439692020416259766e-01
3.180527687072753906e-02
2.759425640106201172e-01
2.536449432373046875e-01
2.525482177734375000e-01
2.528624534606933594e-01
2.560567855834960938e-01
2.547221183776855469e-01
2.545638084411621094e-01
2.506964206695556641e-01
2.513384819030761719e-01
2.554314136505126953e-01
2.596583366394042969e-01
2.652971744537353516e-01
2.620422840118408203e-01
2.611229419708251953e-01
2.511527538299560547e-01
2.486653327941894531e-01
2.499270439147949219e-01
2.509827613830566406e-01
2.511422634124755859e-01
2.490139007568359375e-01
2.489490509033203125e-01
2.507717609405517578e-01
2.494199275970458984e-01
2.672648429870605469e-02
2.783677577972412109e-01
2.574255466461181641e-01
2.548012733459472656e-01
2.544825077056884766e-01
2.537448406219482422e-01
2.524201869964599609e-01
2.489664554595947266e-01
2.487623691558837891e-01
2.499332427978515625e-01
2.506635189056396484e-01
2.504432201385498047e-01
2.489755153656005859e-01
2.382087707519531250e-01
2.403950691223144531e-01
2.384319305419921875e-01
2.432141304016113281e-01
2.410669326782226562e-01
2.430992126464843750e-01
2.430298328399658203e-01
2.427558898925781250e-01
2.432582378387451172e-01
2.438519001007080078e-01
2.428581714630126953e-01
3.513908386230468750e-02
2.793562412261962891e-01
2.736303806304931641e-01
2.649624347686767578e-01
2.650825977325439453e-01
2.592964172363281250e-01
2.556760311126708984e-01
2.573935985565185547e-01
2.598838806152343750e-01
2.650241851806640625e-01
2.729470729827880859e-01
2.670917510986328125e-01
2.605340480804443359e-01
2.580537796020507812e-01
2.527637481689453125e-01
2.565710544586181641e-01
2.503015995025634766e-01
2.501890659332275391e-01
2.462999820709228516e-01
2.420651912689208984e-01
2.425425052642822266e-01
2.432975769042968750e-01
2.427699565887451172e-01
2.432677745819091797e-01
3.234124183654785156e-02
2.699677944183349609e-01
2.704918384552001953e-01
2.598102092742919922e-01
2.580142021179199219e-01
2.520055770874023438e-01
2.449779510498046875e-01
2.262568473815917969e-01
2.108528614044189453e-01
1.825833320617675781e-01
1.557314395904541016e-01
2.233290672302246094e-01
2.381846904754638672e-01
2.464892864227294922e-01
2.490551471710205078e-01
2.437658309936523438e-01
2.363755702972412109e-01
2.098143100738525391e-01
1.760275363922119141e-01
1.638381481170654297e-01
2.049350738525390625e-01
2.388060092926025391e-01
2.430913448333740234e-01
2.415771484375000000e-01
5.395293235778808594e-02
2.578752040863037109e-01
2.447543144226074219e-01
2.406721115112304688e-01
2.390470504760742188e-01
2.348368167877197266e-01
2.240092754364013672e-01
1.931369304656982422e-01
1.605672836303710938e-01
1.619603633880615234e-01
2.313995361328125000e-01
2.452890872955322266e-01
2.457342147827148438e-01
2.507364749908447266e-01
2.533433437347412109e-01
2.493078708648681641e-01
2.502076625823974609e-01
2.446427345275878906e-01
2.441842555999755859e-01
2.437312602996826172e-01
2.438127994537353516e-01
2.445831298828125000e-01
2.444005012512207031e-01
2.439854145050048828e-01
1.249337196350097656e-02
2.767195701599121094e-01
2.746889591217041016e-01
2.714414596557617188e-01
2.654635906219482422e-01
2.594082355499267578e-01
2.522163391113281250e-01
2.509601116180419922e-01
2.522399425506591797e-01
2.529692649841308594e-01
2.550947666168212891e-01
2.434053421020507812e-01
2.395784854888916016e-01
2.346732616424560547e-01
2.062926292419433594e-01
1.779415607452392578e-01
1.592488288879394531e-01
2.250373363494873047e-01
2.466621398925781250e-01
2.517676353454589844e-01
2.451703548431396484e-01
2.463147640228271484e-01
2.418208122253417969e-01
2.548179626464843750e-01
8.945155143737792969e-02
2.541053295135498047e-01
2.524039745330810547e-01
2.527983188629150391e-01
2.531800270080566406e-01
2.539143562316894531e-01
2.536668777465820312e-01
2.520644664764404297e-01
2.522058486938476562e-01
2.496087551116943359e-01
2.451837062835693359e-01
2.503497600555419922e-01
2.538547515869140625e-01
2.417082786560058594e-01
2.498397827148437500e-01
2.518060207366943359e-01
2.512986660003662109e-01
2.498078346252441406e-01
2.506861686706542969e-01
2.504444122314453125e-01
2.504975795745849609e-01
2.503364086151123047e-01
2.505838871002197266e-01
2.507703304290771484e-01
3.424763679504394531e-02
2.615847587585449219e-01
2.607169151306152344e-01
2.605228424072265625e-01
2.604095935821533203e-01
2.567622661590576172e-01
2.517924308776855469e-01
2.472190856933593750e-01
2.461030483245849609e-01
2.523572444915771484e-01
2.581324577331542969e-01
2.596907615661621094e-01
2.544338703155517578e-01
2.589373588562011719e-01
2.510068416595458984e-01
2.440903186798095703e-01
2.412893772125244141e-01
2.439887523651123047e-01
2.435021400451660156e-01
2.430293560028076172e-01
2.474913597106933594e-01
2.471170425415039062e-01
2.385730743408203125e-01
2.430238723754882812e-01
2.573108673095703125e-02
2.619609832763671875e-01
2.555613517761230469e-01
2.567763328552246094e-01
2.503001689910888672e-01
2.495875358581542969e-01
2.432096004486083984e-01
2.426788806915283203e-01
2.432348728179931641e-01
2.437167167663574219e-01
2.416691780090332031e-01
2.410638332366943359e-01
2.416579723358154297e-01
2.430183887481689453e-01
2.450997829437255859e-01
2.511951923370361328e-01
2.545030117034912109e-01
2.515566349029541016e-01
2.434177398681640625e-01
2.439067363739013672e-01
2.452924251556396484e-01
2.442235946655273438e-01
2.458443641662597656e-01
2.530038356781005859e-01
2.704048156738281250e-02
2.515833377838134766e-01
2.423992156982421875e-01
2.408432960510253906e-01
2.319710254669189453e-01
2.345602512359619141e-01
2.355861663818359375e-01
2.326741218566894531e-01
2.296812534332275391e-01
2.300131320953369141e-01
2.310624122619628906e-01
2.339880466461181641e-01
2.303829193115234375e-01
2.312667369842529297e-01
2.295649051666259766e-01
2.301542758941650391e-01
2.342500686645507812e-01
2.389643192291259766e-01
2.401738166809082031e-01
2.369122505187988281e-01
2.374007701873779297e-01
2.389245033264160156e-01
2.272093296051025391e-01
2.312366962432861328e-01
4.964494705200195312e-02
2.739548683166503906e-01
2.692816257476806641e-01
2.634251117706298828e-01
2.594828605651855469e-01
2.470772266387939453e-01
2.460100650787353516e-01
2.352375984191894531e-01
2.341446876525878906e-01
2.332592010498046875e-01
2.293200492858886719e-01
2.301650047302246094e-01
2.299494743347167969e-01
2.307982444763183594e-01
2.296481132507324219e-01
2.301981449127197266e-01
2.283194065093994141e-01
2.312052249908447266e-01
2.349026203155517578e-01
2.327523231506347656e-01
2.224555015563964844e-01
2.228896617889404297e-01
2.203373908996582031e-01
1.681246757507324219e-01
1.443529129028320312e-02
2.598700523376464844e-01
2.428486347198486328e-01
2.352905273437500000e-01
2.374866008758544922e-01
2.366631031036376953e-01
2.383372783660888672e-01
2.348654270172119141e-01
2.329130172729492188e-01
2.369153499603271484e-01
2.322039604187011719e-01
2.334308624267578125e-01
2.333118915557861328e-01
2.315800189971923828e-01
2.364559173583984375e-01
2.314772605895996094e-01
2.263340950012207031e-01
2.375755310058593750e-01
2.334387302398681641e-01
2.345705032348632812e-01
2.287311553955078125e-01
2.043070793151855469e-01
1.825373172760009766e-01
1.703162193298339844e-01
7.827973365783691406e-02
2.828545570373535156e-01
2.796516418457031250e-01
2.784581184387207031e-01
2.785995006561279297e-01
2.779603004455566406e-01
2.754585742950439453e-01
2.675616741180419922e-01
2.546470165252685547e-01
2.413229942321777344e-01
2.296550273895263672e-01
2.247006893157958984e-01
1.965129375457763672e-01
1.844513416290283203e-01
1.884181499481201172e-01
2.296566963195800781e-01
2.443063259124755859e-01
2.457110881805419922e-01
2.463068962097167969e-01
2.472250461578369141e-01
2.393932342529296875e-01
2.454156875610351562e-01
2.449467182159423828e-01
2.424714565277099609e-01
5.019354820251464844e-02
2.795414924621582031e-01
2.748365402221679688e-01
2.715723514556884766e-01
2.642343044281005859e-01
2.518405914306640625e-01
2.431242465972900391e-01
2.213225364685058594e-01
2.091856002807617188e-01
1.812582015991210938e-01
1.491870880126953125e-01
2.196345329284667969e-01
2.375867366790771484e-01
2.423362731933593750e-01
2.441818714141845703e-01
2.441859245300292969e-01
2.446222305297851562e-01
2.439999580383300781e-01
2.438986301422119141e-01
2.484233379364013672e-01
2.522234916687011719e-01
2.461645603179931641e-01
2.426178455352783203e-01
2.434430122375488281e-01
1.267600059509277344e-02
2.651107311248779297e-01
2.721700668334960938e-01
2.662684917449951172e-01
2.574067115783691406e-01
2.523233890533447266e-01
2.491524219512939453e-01
2.495813369750976562e-01
2.427427768707275391e-01
2.380399703979492188e-01
2.446377277374267578e-01
2.512695789337158203e-01
2.520086765289306641e-01
2.531864643096923828e-01
2.485525608062744141e-01
2.428767681121826172e-01
2.410547733306884766e-01
2.383942604064941406e-01
2.431948184967041016e-01
2.434470653533935547e-01
2.459096908569335938e-01
2.382352352142333984e-01
2.364227771759033203e-01
2.455439567565917969e-01
3.691887855529785156e-02
2.540643215179443359e-01
2.359240055084228516e-01
2.383067607879638672e-01
2.429821491241455078e-01
2.424404621124267578e-01
2.403373718261718750e-01
2.373628616333007812e-01
2.358148097991943359e-01
2.334263324737548828e-01
2.352893352508544922e-01
2.325208187103271484e-01
2.484922409057617188e-01
2.503650188446044922e-01
2.467155456542968750e-01
2.439079284667968750e-01
2.415661811828613281e-01
2.472295761108398438e-01
2.453942298889160156e-01
2.483918666839599609e-01
2.406833171844482422e-01
2.369284629821777344e-01
2.203407287597656250e-01
1.359484195709228516e-01
3.201699256896972656e-02
2.519764900207519531e-01
2.498755455017089844e-01
2.503275871276855469e-01
2.482953071594238281e-01
2.451875209808349609e-01
2.428061962127685547e-01
2.404546737670898438e-01
2.406911849975585938e-01
2.409369945526123047e-01
2.382428646087646484e-01
2.354352474212646484e-01
2.336721420288085938e-01
2.057723999023437500e-01
2.223606109619140625e-01
2.362475395202636719e-01
2.318463325500488281e-01
2.355189323425292969e-01
2.317049503326416016e-01
2.299017906188964844e-01
2.399761676788330078e-01
2.385823726654052734e-01
2.412610054016113281e-01
1.816508769989013672e-01
1.777601242065429688e-02
2.654898166656494141e-01
2.585189342498779297e-01
2.517206668853759766e-01
2.494294643402099609e-01
2.418580055236816406e-01
2.413165569305419922e-01
2.388846874237060547e-01
2.324762344360351562e-01
2.403509616851806641e-01
2.432243824005126953e-01
2.458274364471435547e-01
2.480697631835937500e-01
2.481412887573242188e-01
2.484283447265625000e-01
2.447562217712402344e-01
2.425870895385742188e-01
2.444419860839843750e-01
2.459897994995117188e-01
2.445836067199707031e-01
2.457594871520996094e-01
2.370653152465820312e-01
2.437133789062500000e-01
1.833052635192871094e-01
2.413058280944824219e-02
2.751140594482421875e-01
2.769670486450195312e-01
2.704455852508544922e-01
2.628848552703857422e-01
2.560777664184570312e-01
2.510495185852050781e-01
2.482380867004394531e-01
2.451767921447753906e-01
2.456655502319335938e-01
2.520568370819091797e-01
2.650763988494873047e-01
2.637388706207275391e-01
2.594523429870605469e-01
2.498781681060791016e-01
2.444429397583007812e-01
2.406742572784423828e-01
2.360069751739501953e-01
2.297174930572509766e-01
2.382082939147949219e-01
2.423839569091796875e-01
2.325589656829833984e-01
2.311491966247558594e-01
2.239420413970947266e-01
4.434251785278320312e-02
2.626700401306152344e-01
2.543535232543945312e-01
2.501230239868164062e-01
2.415726184844970703e-01
2.265388965606689453e-01
1.905136108398437500e-01
1.443395614624023438e-01
1.765425205230712891e-01
2.389314174652099609e-01
2.424082756042480469e-01
2.449235916137695312e-01
2.442791461944580078e-01
2.444012165069580078e-01
2.436180114746093750e-01
2.447242736816406250e-01
2.420556545257568359e-01
2.398085594177246094e-01
2.401816844940185547e-01
2.453663349151611328e-01
2.462387084960937500e-01
2.452132701873779297e-01
2.437212467193603516e-01
2.470946311950683594e-01
1.282978057861328125e-02
2.611978054046630859e-01
2.685303688049316406e-01
2.690505981445312500e-01
2.589015960693359375e-01
2.563958168029785156e-01
1.930558681488037109e-01
2.532908916473388672e-01
2.535426616668701172e-01
2.531561851501464844e-01
2.521884441375732422e-01
2.537999153137207031e-01
2.527856826782226562e-01
2.512643337249755859e-01
2.526526451110839844e-01
2.504594326019287109e-01
2.496478557586669922e-01
2.491242885589599609e-01
2.503805160522460938e-01
2.493112087249755859e-01
2.444918155670166016e-01
2.448985576629638672e-01
2.474572658538818359e-01
2.453346252441406250e-01
3.294420242309570312e-02
2.580091953277587891e-01
2.616853713989257812e-01
2.594413757324218750e-01
2.550888061523437500e-01
2.501983642578125000e-01
2.505462169647216797e-01
2.526800632476806641e-01
2.540738582611083984e-01
2.519326210021972656e-01
2.497224807739257812e-01
2.491309642791748047e-01
2.467598915100097656e-01
2.360782623291015625e-01
2.178533077239990234e-01
2.031431198120117188e-01
1.718661785125732422e-01
1.584272384643554688e-01
2.111778259277343750e-01
2.305705547332763672e-01
2.308187484741210938e-01
2.407157421112060547e-01
2.387700080871582031e-01
2.424116134643554688e-01
2.881622314453125000e-02
2.560048103332519531e-01
2.533464431762695312e-01
2.545833587646484375e-01
2.539489269256591797e-01
2.495431900024414062e-01
2.492311000823974609e-01
2.518360614776611328e-01
2.485029697418212891e-01
2.456419467926025391e-01
2.453589439392089844e-01
2.532336711883544922e-01
2.471420764923095703e-01
2.430214881896972656e-01
2.453503608703613281e-01
2.476356029510498047e-01
2.196872234344482422e-01
2.305977344512939453e-01
2.035555839538574219e-01
1.874682903289794922e-01
1.705374717712402344e-01
2.404744625091552734e-01
2.435204982757568359e-01
2.515544891357421875e-01
1.253414154052734375e-02
2.628722190856933594e-01
2.526500225067138672e-01
2.513101100921630859e-01
2.514040470123291016e-01
2.492182254791259766e-01
2.492721080780029297e-01
2.492117881774902344e-01
2.489414215087890625e-01
2.501244544982910156e-01
2.555935382843017578e-01
2.613732814788818359e-01
2.601025104522705078e-01
2.538886070251464844e-01
2.524371147155761719e-01
2.528257369995117188e-01
2.531821727752685547e-01
2.534265518188476562e-01
2.522411346435546875e-01
2.527239322662353516e-01
2.521095275878906250e-01
2.477245330810546875e-01
2.461924552917480469e-01
2.446484565734863281e-01
3.169155120849609375e-02
2.803800106048583984e-01
2.783236503601074219e-01
2.784569263458251953e-01
2.754492759704589844e-01
2.650318145751953125e-01
2.619349956512451172e-01
2.576916217803955078e-01
2.550699710845947266e-01
2.559056282043457031e-01
2.559204101562500000e-01
2.542459964752197266e-01
2.554776668548583984e-01
2.571742534637451172e-01
2.552661895751953125e-01
2.516446113586425781e-01
2.485489845275878906e-01
2.435178756713867188e-01
2.438347339630126953e-01
2.435550689697265625e-01
2.441165447235107422e-01
2.449300289154052734e-01
2.449665069580078125e-01
2.439785003662109375e-01
2.878499031066894531e-02
2.756760120391845703e-01
2.658600807189941406e-01
2.605292797088623047e-01
2.617990970611572266e-01
2.569918632507324219e-01
2.561912536621093750e-01
2.520849704742431641e-01
2.526018619537353516e-01
2.490921020507812500e-01
2.472658157348632812e-01
2.479147911071777344e-01
2.506556510925292969e-01
2.502384185791015625e-01
2.473084926605224609e-01
2.408349514007568359e-01
2.401874065399169922e-01
2.418637275695800781e-01
2.418560981750488281e-01
2.435855865478515625e-01
2.446162700653076172e-01
2.435872554779052734e-01
2.454555034637451172e-01
2.551653385162353516e-01
2.331733703613281250e-02
2.721009254455566406e-01
2.640261650085449219e-01
2.591929435729980469e-01
2.529122829437255859e-01
2.486813068389892578e-01
2.450811862945556641e-01
2.429790496826171875e-01
2.439339160919189453e-01
2.430970668792724609e-01
2.430546283721923828e-01
2.430374622344970703e-01
2.429592609405517578e-01
2.485253810882568359e-01
2.622687816619873047e-01
2.509460449218750000e-01
2.501883506774902344e-01
2.399950027465820312e-01
2.376885414123535156e-01
2.380173206329345703e-01
2.382264137268066406e-01
2.382287979125976562e-01
2.384657859802246094e-01
2.404506206512451172e-01
3.255367279052734375e-02
2.629511356353759766e-01
2.579050064086914062e-01
2.556273937225341797e-01
2.519381046295166016e-01
2.480280399322509766e-01
2.438290119171142578e-01
2.421660423278808594e-01
2.419917583465576172e-01
2.465934753417968750e-01
2.519280910491943359e-01
2.570903301239013672e-01
2.499620914459228516e-01
2.527360916137695312e-01
2.508082389831542969e-01
2.497069835662841797e-01
2.510483264923095703e-01
2.520925998687744141e-01
2.520127296447753906e-01
2.482569217681884766e-01
2.471301555633544922e-01
2.459487915039062500e-01
2.413616180419921875e-01
2.444398403167724609e-01
2.433753013610839844e-02
2.692246437072753906e-01
2.564187049865722656e-01
2.562167644500732422e-01
2.700130939483642578e-01
2.652206420898437500e-01
2.552981376647949219e-01
2.515742778778076172e-01
2.477471828460693359e-01
2.451055049896240234e-01
2.476177215576171875e-01
2.474529743194580078e-01
2.431983947753906250e-01
2.391505241394042969e-01
2.387988567352294922e-01
2.388961315155029297e-01
2.377567291259765625e-01
2.412056922912597656e-01
2.420673370361328125e-01
2.402462959289550781e-01
2.407886981964111328e-01
2.491395473480224609e-01
2.517790794372558594e-01
2.494711875915527344e-01
3.410983085632324219e-02
