6.916620254516601562e+00
6.027653694152832031e+00
4.939552307128906250e+00
3.726278781890869141e+00
2.957089185714721680e+00
2.315417766571044922e+00
2.602884292602539062e+00
2.159363508224487305e+00
1.853978633880615234e+00
1.933285474777221680e+00
1.987680912017822266e+00
1.763017177581787109e+00
1.742280840873718262e+00
1.827371120452880859e+00
1.789234876632690430e+00
1.806630849838256836e+00
1.897017121315002441e+00
1.613796830177307129e+00
1.724016547203063965e+00
1.574420213699340820e+00
1.589660048484802246e+00
1.681720495223999023e+00
1.578341126441955566e+00
1.769521117210388184e+00
2.714070796966552734e+00
1.546034693717956543e+00
1.518620371818542480e+00
1.551226973533630371e+00
1.427557349205017090e+00
1.699554800987243652e+00
1.606460928916931152e+00
1.559663772583007812e+00
1.399957299232482910e+00
1.422443270683288574e+00
1.584146380424499512e+00
1.499737143516540527e+00
1.576316833496093750e+00
1.324233293533325195e+00
1.506280541419982910e+00
1.477756261825561523e+00
1.482661247253417969e+00
1.619601726531982422e+00
1.528275251388549805e+00
1.414271116256713867e+00
1.468153595924377441e+00
1.484604477882385254e+00
1.318696975708007812e+00
1.521553874015808105e+00
1.733403682708740234e+00
1.731800436973571777e+00
1.269427895545959473e+00
1.272969722747802734e+00
1.316542267799377441e+00
1.394680619239807129e+00
1.626262187957763672e+00
1.469778060913085938e+00
1.334661245346069336e+00
1.302412986755371094e+00
1.207835316658020020e+00
1.313599705696105957e+00
1.411334276199340820e+00
1.378483057022094727e+00
1.395369291305541992e+00
1.603115797042846680e+00
1.182637214660644531e+00
1.388710975646972656e+00
1.391293287277221680e+00
1.306337833404541016e+00
1.582088351249694824e+00
1.422758102416992188e+00
1.286191463470458984e+00
1.650084495544433594e+00
1.646022200584411621e+00
2.151777505874633789e+00
2.245141029357910156e+00
1.586172819137573242e+00
1.562078833580017090e+00
1.494143366813659668e+00
1.488805055618286133e+00
1.339277267456054688e+00
1.132586121559143066e+00
1.373851180076599121e+00
1.467350840568542480e+00
1.451605796813964844e+00
1.379921674728393555e+00
1.214478611946105957e+00
1.150294423103332520e+00
1.347705841064453125e+00
1.450799226760864258e+00
1.309619784355163574e+00
1.271794676780700684e+00
1.248920083045959473e+00
1.223204612731933594e+00
1.320705533027648926e+00
1.307185173034667969e+00
1.329453468322753906e+00
1.266625404357910156e+00
1.310711145401000977e+00
1.524241089820861816e+00
2.382625818252563477e+00
1.406649231910705566e+00
1.372230052947998047e+00
1.282320261001586914e+00
1.320033550262451172e+00
1.215163350105285645e+00
1.186092972755432129e+00
1.247452497482299805e+00
1.340206623077392578e+00
1.089142680168151855e+00
1.283510684967041016e+00
1.198672533035278320e+00
1.150433301925659180e+00
1.042417764663696289e+00
1.136367917060852051e+00
1.143159866333007812e+00
1.134601712226867676e+00
1.035435795783996582e+00
1.058120489120483398e+00
1.076760649681091309e+00
1.267544865608215332e+00
1.248697400093078613e+00
1.149079799652099609e+00
1.574502348899841309e+00
2.001622676849365234e+00
1.999395608901977539e+00
1.284531712532043457e+00
1.061452507972717285e+00
1.091873049736022949e+00
1.109783530235290527e+00
1.127529501914978027e+00
1.322825193405151367e+00
1.156778573989868164e+00
1.073156595230102539e+00
1.090099096298217773e+00
9.262439012527465820e-01
1.004087090492248535e+00
1.055416703224182129e+00
1.255219340324401855e+00
1.121169686317443848e+00
1.137776970863342285e+00
1.018130660057067871e+00
1.066654443740844727e+00
1.083214640617370605e+00
1.119085788726806641e+00
1.165068745613098145e+00
1.046669840812683105e+00
1.314030885696411133e+00
1.574151515960693359e+00
3.286162376403808594e+00
4.994352340698242188e+00
1.109002470970153809e+00
1.190513968467712402e+00
1.376290202140808105e+00
1.355234146118164062e+00
1.255325198173522949e+00
1.715511322021484375e+00
9.263086915016174316e-01
1.060000777244567871e+00
9.591693878173828125e-01
1.047377705574035645e+00
1.274896502494812012e+00
1.071753621101379395e+00
1.137621402740478516e+00
1.098147749900817871e+00
9.441438913345336914e-01
1.119122505187988281e+00
9.937237501144409180e-01
1.127839565277099609e+00
1.086629390716552734e+00
1.151002526283264160e+00
1.390679597854614258e+00
1.328378796577453613e+00
1.615104436874389648e+00
1.918681621551513672e+00
9.817494153976440430e-01
9.728429317474365234e-01
8.952054381370544434e-01
9.728949666023254395e-01
1.006633996963500977e+00
8.577652573585510254e-01
9.070444703102111816e-01
9.163322448730468750e-01
8.352353572845458984e-01
1.065690875053405762e+00
9.187931418418884277e-01
1.012560009956359863e+00
9.711941480636596680e-01
8.674167394638061523e-01
1.051256895065307617e+00
9.760220646858215332e-01
1.015901207923889160e+00
1.139868736267089844e+00
1.032749295234680176e+00
1.104048490524291992e+00
1.081737160682678223e+00
1.295326948165893555e+00
1.578999757766723633e+00
1.686390399932861328e+00
9.292359352111816406e-01
1.583576202392578125e+00
8.146340847015380859e-01
7.663776874542236328e-01
9.311835765838623047e-01
9.237054586410522461e-01
9.391437768936157227e-01
9.381790161132812500e-01
9.483745694160461426e-01
7.748915553092956543e-01
9.423872828483581543e-01
7.619107961654663086e-01
9.403827190399169922e-01
7.943203449249267578e-01
7.729139924049377441e-01
8.219274282455444336e-01
8.887250423431396484e-01
1.020892500877380371e+00
1.087017536163330078e+00
1.071444034576416016e+00
1.092735290527343750e+00
1.047903299331665039e+00
1.146963000297546387e+00
9.754625558853149414e-01
1.018125295639038086e+00
9.036642909049987793e-01
1.060049772262573242e+00
7.191151976585388184e-01
7.024637460708618164e-01
6.291778087615966797e-01
7.868034839630126953e-01
6.820154190063476562e-01
8.634499907493591309e-01
6.746698617935180664e-01
8.875560760498046875e-01
9.229680299758911133e-01
9.361225962638854980e-01
7.877736091613769531e-01
6.932680010795593262e-01
7.981477379798889160e-01
8.411628603935241699e-01
9.027334451675415039e-01
9.936532974243164062e-01
1.158513426780700684e+00
9.819928407669067383e-01
1.096297979354858398e+00
1.521207332611083984e+00
2.089271545410156250e+00
8.798498511314392090e-01
1.147989153861999512e+00
1.362997055053710938e+00
1.258792996406555176e+00
8.582473397254943848e-01
7.155431509017944336e-01
8.541367053985595703e-01
7.175960540771484375e-01
7.527937293052673340e-01
7.161598205566406250e-01
8.412002325057983398e-01
9.538977742195129395e-01
6.652911901473999023e-01
5.655341148376464844e-01
7.721536159515380859e-01
7.379434704780578613e-01
7.807109355926513672e-01
9.028808474540710449e-01
8.283891677856445312e-01
1.130675554275512695e+00
1.242514610290527344e+00
1.134675621986389160e+00
1.072808504104614258e+00
9.946373105049133301e-01
7.645114660263061523e-01
1.206111550331115723e+00
1.136820793151855469e+00
1.315282702445983887e+00
7.729202508926391602e-01
5.783380270004272461e-01
6.951034069061279297e-01
7.831048369407653809e-01
7.230721712112426758e-01
8.757601380348205566e-01
4.607803821563720703e-01
8.084978461265563965e-01
7.462303638458251953e-01
6.703682541847229004e-01
7.021024823188781738e-01
6.779246926307678223e-01
7.623653411865234375e-01
9.402647018432617188e-01
7.167864441871643066e-01
9.902479052543640137e-01
8.032627701759338379e-01
9.179666042327880859e-01
1.135572433471679688e+00
1.478702187538146973e+00
6.878742575645446777e-01
9.760113358497619629e-01
1.146088838577270508e+00
1.201835513114929199e+00
1.050066709518432617e+00
1.305817484855651855e+00
6.336636543273925781e-01
5.900979042053222656e-01
7.301843762397766113e-01
7.111220955848693848e-01
8.726754188537597656e-01
8.070479631423950195e-01
6.264791488647460938e-01
5.246829986572265625e-01
7.688127160072326660e-01
6.636493206024169922e-01
7.962285280227661133e-01
7.047656774520874023e-01
8.456488251686096191e-01
1.041167616844177246e+00
8.326154351234436035e-01
8.771269321441650391e-01
9.487263560295104980e-01
1.225412964820861816e+00
7.038336396217346191e-01
1.440602302551269531e+00
8.923480510711669922e-01
1.350913643836975098e+00
1.256001353263854980e+00
1.138711094856262207e+00
8.641486763954162598e-01
5.235341191291809082e-01
5.877183079719543457e-01
6.371770501136779785e-01
5.528529286384582520e-01
7.691775560379028320e-01
7.719411253929138184e-01
5.865388512611389160e-01
5.781648755073547363e-01
6.109534502029418945e-01
6.559987664222717285e-01
6.260731220245361328e-01
8.280766010284423828e-01
9.995361566543579102e-01
9.307322502136230469e-01
9.862684011459350586e-01
8.970521688461303711e-01
1.244171380996704102e+00
6.390409469604492188e-01
1.128722071647644043e+00
1.092581629753112793e+00
1.053602576255798340e+00
1.016063094139099121e+00
1.325827836990356445e+00
7.284898161888122559e-01
7.762866616249084473e-01
5.350283980369567871e-01
4.637514650821685791e-01
5.978539586067199707e-01
7.055488824844360352e-01
5.034866929054260254e-01
6.053104996681213379e-01
5.458467602729797363e-01
4.859831333160400391e-01
5.287796258926391602e-01
8.060687780380249023e-01
6.380120515823364258e-01
8.783114552497863770e-01
7.536105513572692871e-01
7.723016738891601562e-01
9.041684865951538086e-01
1.832956314086914062e+00
6.739823818206787109e-01
1.456647515296936035e+00
1.377364397048950195e+00
1.727618575096130371e+00
1.572319507598876953e+00
1.541172385215759277e+00
6.182761192321777344e-01
8.093886971473693848e-01
1.048465967178344727e+00
6.677939891815185547e-01
7.318998575210571289e-01
6.112405061721801758e-01
6.081174612045288086e-01
6.207324266433715820e-01
4.323307871818542480e-01
6.987517476081848145e-01
5.915074944496154785e-01
6.714361906051635742e-01
8.943958878517150879e-01
6.209375858306884766e-01
8.547238111495971680e-01
9.196910262107849121e-01
1.129748463630676270e+00
1.258339881896972656e+00
6.100981831550598145e-01
7.651134133338928223e-01
9.311536550521850586e-01
9.038774967193603516e-01
1.003142952919006348e+00
1.088069915771484375e+00
5.040051937103271484e-01
6.325392723083496094e-01
6.820044517517089844e-01
5.343151688575744629e-01
6.408672928810119629e-01
4.918077588081359863e-01
4.555529057979583740e-01
4.049172401428222656e-01
4.843351244926452637e-01
4.979394972324371338e-01
6.806635856628417969e-01
8.001775741577148438e-01
8.084921240806579590e-01
6.685788035392761230e-01
1.007906317710876465e+00
6.128256320953369141e-01
1.179843902587890625e+00
8.800591230392456055e-01
5.383135080337524414e-01
7.360420823097229004e-01
8.263924121856689453e-01
8.678574562072753906e-01
1.208154439926147461e+00
1.102816343307495117e+00
7.338141798973083496e-01
7.777539491653442383e-01
7.560401558876037598e-01
1.077696442604064941e+00
7.876279354095458984e-01
5.038121938705444336e-01
5.158690214157104492e-01
4.000343084335327148e-01
3.750975728034973145e-01
4.276274144649505615e-01
4.179853200912475586e-01
5.970073938369750977e-01
5.510150194168090820e-01
4.797265827655792236e-01
5.993983745574951172e-01
9.285054206848144531e-01
6.848610043525695801e-01
7.452188134193420410e-01
6.534914374351501465e-01
5.910696983337402344e-01
6.641716361045837402e-01
9.187195301055908203e-01
8.071132302284240723e-01
9.070530533790588379e-01
6.862202286720275879e-01
7.926080822944641113e-01
1.074494481086730957e+00
9.366255998611450195e-01
8.581876754760742188e-01
9.847882986068725586e-01
4.355760216712951660e-01
3.790318667888641357e-01
3.858470320701599121e-01
4.035357832908630371e-01
5.412384867668151855e-01
5.004473328590393066e-01
5.230653882026672363e-01
5.230215787887573242e-01
4.947286546230316162e-01
5.166798233985900879e-01
8.140822052955627441e-01
6.591337323188781738e-01
4.984434247016906738e-01
6.198554635047912598e-01
5.853915214538574219e-01
8.382166624069213867e-01
8.566263914108276367e-01
8.277138471603393555e-01
4.726667702198028564e-01
6.259151101112365723e-01
6.896965503692626953e-01
6.796464920043945312e-01
9.033788442611694336e-01
1.083957433700561523e+00
4.876501560211181641e-01
4.154799282550811768e-01
4.709995985031127930e-01
3.795451521873474121e-01
5.398519635200500488e-01
4.701091945171356201e-01
4.760081470012664795e-01
7.475906610488891602e-01
5.740800499916076660e-01
7.899543642997741699e-01
6.795865297317504883e-01
7.497012615203857422e-01
5.577375888824462891e-01
7.513603568077087402e-01
8.182959556579589844e-01
8.619685769081115723e-01
8.688680529594421387e-01
1.082041740417480469e+00
4.726340770721435547e-01
5.166831612586975098e-01
5.812206864356994629e-01
6.248919367790222168e-01
1.610185503959655762e+00
2.215291976928710938e+00
5.269784927368164062e-01
7.309219837188720703e-01
3.938945829868316650e-01
5.466459989547729492e-01
5.089786648750305176e-01
4.727781116962432861e-01
4.356473386287689209e-01
6.431345939636230469e-01
5.626005530357360840e-01
6.535825729370117188e-01
5.777520537376403809e-01
6.156082749366760254e-01
7.002450823783874512e-01
6.216831207275390625e-01
6.573716402053833008e-01
9.288050532341003418e-01
9.625682234764099121e-01
8.282066583633422852e-01
5.206078290939331055e-01
3.847143650054931641e-01
6.850414872169494629e-01
7.805142998695373535e-01
9.324199557304382324e-01
9.784616827964782715e-01
3.530997633934020996e-01
4.779326319694519043e-01
5.917003750801086426e-01
3.358232378959655762e-01
3.679345548152923584e-01
3.587595224380493164e-01
3.924509584903717041e-01
5.852186083793640137e-01
6.578960418701171875e-01
4.643372893333435059e-01
4.844677448272705078e-01
7.440752387046813965e-01
4.596861600875854492e-01
4.164158403873443604e-01
8.680856823921203613e-01
8.230085372924804688e-01
7.522085905075073242e-01
8.053854107856750488e-01
3.413068354129791260e-01
5.238172411918640137e-01
8.740239143371582031e-01
6.201515793800354004e-01
8.321739435195922852e-01
7.696242928504943848e-01
5.175756216049194336e-01
4.690635502338409424e-01
6.882986426353454590e-01
1.193312764167785645e+00
3.547607660293579102e-01
4.164330065250396729e-01
3.750949501991271973e-01
6.380952000617980957e-01
4.735713005065917969e-01
5.390398502349853516e-01
5.488153100013732910e-01
8.117069602012634277e-01
3.630381822586059570e-01
3.979558944702148438e-01
6.482913494110107422e-01
7.448141574859619141e-01
6.164198517799377441e-01
6.518390774726867676e-01
2.859866917133331299e-01
4.439583122730255127e-01
6.172019243240356445e-01
7.445491552352905273e-01
8.643770217895507812e-01
6.736412048339843750e-01
2.895607650279998779e-01
5.147759318351745605e-01
5.940158963203430176e-01
6.784437894821166992e-01
7.295195460319519043e-01
4.123942852020263672e-01
3.623451888561248779e-01
5.785537362098693848e-01
5.578192472457885742e-01
7.162483930587768555e-01
6.750582456588745117e-01
8.739044070243835449e-01
4.827419817447662354e-01
4.599412679672241211e-01
8.221001029014587402e-01
8.651604056358337402e-01
8.114337325096130371e-01
9.010131359100341797e-01
3.314453363418579102e-01
3.787734508514404297e-01
4.292437434196472168e-01
8.139597773551940918e-01
7.002553343772888184e-01
4.957476258277893066e-01
3.269148468971252441e-01
5.446702241897583008e-01
5.046263933181762695e-01
8.546905517578125000e-01
6.275246143341064453e-01
8.944717645645141602e-01
5.252973437309265137e-01
3.698746562004089355e-01
3.665754497051239014e-01
3.257470428943634033e-01
3.549008369445800781e-01
6.188916563987731934e-01
3.221820294857025146e-01
2.637442946434020996e-01
2.410270720720291138e-01
1.872203946113586426e-01
4.034545123577117920e-01
3.778341114521026611e-01
5.041046738624572754e-01
3.147187530994415283e-01
2.989987730979919434e-01
2.824914157390594482e-01
3.247672915458679199e-01
4.566201865673065186e-01
4.012882411479949951e-01
2.820955514907836914e-01
1.687597930431365967e-01
4.490813314914703369e-01
2.944684922695159912e-01
5.236837863922119141e-01
3.598129451274871826e-01
2.063937336206436157e-01
2.085735052824020386e-01
2.440525144338607788e-01
1.891361474990844727e-01
2.417427152395248413e-01
2.439976930618286133e-01
2.656175494194030762e-01
2.586368620395660400e-01
1.909873485565185547e-01
3.417716324329376221e-01
4.314346909523010254e-01
3.575216829776763916e-01
2.109718620777130127e-01
2.869610488414764404e-01
3.053635656833648682e-01
3.567702174186706543e-01
2.993248105049133301e-01
3.362576961517333984e-01
1.832075119018554688e-01
2.347737252712249756e-01
2.250530570745468140e-01
2.601802349090576172e-01
3.604301810264587402e-01
4.516306519508361816e-01
5.249146223068237305e-01
1.609539091587066650e-01
2.156718969345092773e-01
2.086570560932159424e-01
2.939913272857666016e-01
3.060413599014282227e-01
1.664324849843978882e-01
1.979201436042785645e-01
1.829062104225158691e-01
2.295186072587966919e-01
3.769291341304779053e-01
2.412693649530410767e-01
2.239037454128265381e-01
1.953522562980651855e-01
2.618743777275085449e-01
2.564111649990081787e-01
2.663553655147552490e-01
2.625475823879241943e-01
2.078244239091873169e-01
1.717797219753265381e-01
1.813766211271286011e-01
2.897066473960876465e-01
3.912678956985473633e-01
3.891487717628479004e-01
6.909002065658569336e-01
3.622086346149444580e-01
2.610193789005279541e-01
2.822985351085662842e-01
3.501291871070861816e-01
2.446673214435577393e-01
1.328812092542648315e-01
8.940304815769195557e-02
3.362180590629577637e-01
2.732309997081756592e-01
3.729923367500305176e-01
2.331189066171646118e-01
2.148846387863159180e-01
1.676641255617141724e-01
1.850596070289611816e-01
2.880759239196777344e-01
2.316762059926986694e-01
2.696124315261840820e-01
1.952445060014724731e-01
2.033957242965698242e-01
1.992837339639663696e-01
2.495672255754470825e-01
2.525365650653839111e-01
1.959646940231323242e-01
2.536740005016326904e-01
3.443792462348937988e-01
3.200465440750122070e-01
1.979626119136810303e-01
1.637353748083114624e-01
1.467791050672531128e-01
1.221681684255599976e-01
1.352647542953491211e-01
1.721142083406448364e-01
2.495896220207214355e-01
2.495792061090469360e-01
2.271229326725006104e-01
1.299511194229125977e-01
2.059690505266189575e-01
1.844959706068038940e-01
1.690663248300552368e-01
3.059588074684143066e-01
9.035389870405197144e-02
1.559073626995086670e-01
1.354025453329086304e-01
3.202131390571594238e-01
2.127363234758377075e-01
2.619104385375976562e-01
2.112997472286224365e-01
2.103097736835479736e-01
3.417537212371826172e-01
6.076189875602722168e-01
1.308733344078063965e+00
2.671268582344055176e-01
2.808052599430084229e-01
1.242628619074821472e-01
1.741269379854202271e-01
2.274016141891479492e-01
3.372397422790527344e-01
4.243029356002807617e-01
1.498722136020660400e-01
1.549420356750488281e-01
1.328609138727188110e-01
1.061003059148788452e-01
1.849795728921890259e-01
3.410524129867553711e-01
2.009849697351455688e-01
1.249105334281921387e-01
2.733638584613800049e-01
1.931638717651367188e-01
3.749863803386688232e-01
3.022744357585906982e-01
1.878671646118164062e-01
2.019340991973876953e-01
2.808269560337066650e-01
4.263872504234313965e-01
5.819489359855651855e-01
5.843521356582641602e-01
1.154188662767410278e-01
1.233994588255882263e-01
1.795359402894973755e-01
1.555043011903762817e-01
3.612864017486572266e-01
2.639811933040618896e-01
1.422510445117950439e-01
1.430551856756210327e-01
1.336658000946044922e-01
1.310337930917739868e-01
2.236877381801605225e-01
1.963609904050827026e-01
2.515780329704284668e-01
9.990891069173812866e-02
1.472554355859756470e-01
2.406844347715377808e-01
1.913674920797348022e-01
2.014264315366744995e-01
1.764659583568572998e-01
2.191520631313323975e-01
1.572460979223251343e-01
2.107482552528381348e-01
3.684999644756317139e-01
4.569467306137084961e-01
1.010233312845230103e-01
1.636654138565063477e-01
9.060043096542358398e-02
9.915743768215179443e-02
8.817235380411148071e-02
2.215049564838409424e-01
1.437580883502960205e-01
6.512904167175292969e-02
1.038364171981811523e-01
1.707380264997482300e-01
1.905417144298553467e-01
1.544808894395828247e-01
1.746626049280166626e-01
8.660206198692321777e-02
5.781076103448867798e-02
1.944654881954193115e-01
1.426740139722824097e-01
2.055884003639221191e-01
1.040279939770698547e-01
6.843838840723037720e-02
1.434205174446105957e-01
1.690959781408309937e-01
1.750618964433670044e-01
2.758440971374511719e-01
1.889016777276992798e-01
5.091136693954467773e-01
1.237507238984107971e-01
2.068784385919570923e-01
1.659668684005737305e-01
3.407726287841796875e-01
1.598577499389648438e-01
1.211629062891006470e-01
1.134354174137115479e-01
1.232150942087173462e-01
1.450548171997070312e-01
3.345228135585784912e-01
1.141160503029823303e-01
1.150600165128707886e-01
1.156883239746093750e-01
1.785297393798828125e-01
1.166023761034011841e-01
2.083588093519210815e-01
1.851272881031036377e-01
2.289398461580276489e-01
3.856453895568847656e-01
3.734707534313201904e-01
5.708696246147155762e-01
7.332656979560852051e-01
9.563503414392471313e-02
2.989516556262969971e-01
5.629157423973083496e-01
1.374298632144927979e-01
9.471916407346725464e-02
2.583372592926025391e-01
1.256354749202728271e-01
1.094599068164825439e-01
1.008968353271484375e-01
1.412102282047271729e-01
1.025612801313400269e-01
2.206098735332489014e-01
1.137992665171623230e-01
4.259045422077178955e-02
6.286773830652236938e-02
1.240320205688476562e-01
9.596408903598785400e-02
1.288419663906097412e-01
1.746553331613540649e-01
1.268218159675598145e-01
2.084984928369522095e-01
1.741529852151870728e-01
2.286379188299179077e-01
4.400182366371154785e-01
8.927424252033233643e-02
3.299927711486816406e-01
2.535375058650970459e-01
4.035117030143737793e-01
1.011972203850746155e-01
1.932755559682846069e-01
9.683015197515487671e-02
8.972159773111343384e-02
8.206881582736968994e-02
7.780817896127700806e-02
1.522845476865768433e-01
1.666102260351181030e-01
1.031750887632369995e-01
7.269416749477386475e-02
9.005705267190933228e-02
9.515469521284103394e-02
1.055750399827957153e-01
9.400939196348190308e-02
1.038200631737709045e-01
1.378422528505325317e-01
8.298195898532867432e-02
1.698870658874511719e-01
2.658779919147491455e-01
2.488210201263427734e-01
1.001036316156387329e-01
2.664826810359954834e-01
3.423699438571929932e-01
3.881975412368774414e-01
6.067281365394592285e-01
1.534030884504318237e-01
9.089505672454833984e-02
1.836447268724441528e-01
1.035550832748413086e-01
2.202858030796051025e-01
2.685836255550384521e-01
6.291814446449279785e-01
6.458064913749694824e-02
6.483053416013717651e-02
7.970742881298065186e-02
1.792672723531723022e-01
1.830017417669296265e-01
1.806172728538513184e-01
1.167649105191230774e-01
9.011287987232208252e-02
2.496382892131805420e-01
1.490992754697799683e-01
3.409674167633056641e-01
5.566989779472351074e-01
1.175975427031517029e-01
4.492431879043579102e-01
6.515848636627197266e-01
6.970816850662231445e-01
6.626397371292114258e-01
6.398888826370239258e-01
8.653039485216140747e-02
6.747476011514663696e-02
1.947067677974700928e-01
1.235229149460792542e-01
1.378779858350753784e-01
2.358870357275009155e-01
8.065280318260192871e-02
6.984496861696243286e-02
1.607704311609268188e-01
1.107290983200073242e-01
1.605050712823867798e-01
1.032895967364311218e-01
1.297985017299652100e-01
8.709008991718292236e-02
8.681383728981018066e-02
1.341066360473632812e-01
2.677149772644042969e-01
2.612853944301605225e-01
1.500950753688812256e-01
3.809984326362609863e-01
5.348206162452697754e-01
3.015324473381042480e-01
7.938815951347351074e-01
1.434221863746643066e+00
5.109152942895889282e-02
4.015956073999404907e-02
8.976118266582489014e-02
2.493803501129150391e-01
1.467922925949096680e-01
1.924273371696472168e-01
5.219805240631103516e-02
6.283380836248397827e-02
7.161962985992431641e-02
8.767086267471313477e-02
9.574019163846969604e-02
8.015806972980499268e-02
8.890371769666671753e-02
1.032916456460952759e-01
1.564583778381347656e-01
1.683221906423568726e-01
1.603249609470367432e-01
2.101039886474609375e-01
6.591893732547760010e-02
1.127361357212066650e-01
1.405811756849288940e-01
2.152828574180603027e-01
2.619023621082305908e-01
5.176559686660766602e-01
6.680259108543395996e-02
3.218073546886444092e-01
4.757439345121383667e-02
1.485612988471984863e-01
1.680691391229629517e-01
1.029320061206817627e-01
3.662146255373954773e-02
5.728153511881828308e-02
4.785972461104393005e-02
6.518853455781936646e-02
6.877747178077697754e-02
1.971095800399780273e-01
4.980247840285301208e-02
2.863674983382225037e-02
8.465268462896347046e-02
9.693709760904312134e-02
1.527967303991317749e-01
3.287301659584045410e-01
4.191115126013755798e-02
1.980109959840774536e-01
3.826702535152435303e-01
3.404278159141540527e-01
7.093379497528076172e-01
1.774228215217590332e+00
7.875077426433563232e-02
6.957939863204956055e-01
3.830516338348388672e-01
1.041441783308982849e-01
1.875768303871154785e-01
4.236214458942413330e-01
3.900308161973953247e-02
7.440326362848281860e-02
1.105328053236007690e-01
1.315913051366806030e-01
1.293732970952987671e-01
2.016171216964721680e-01
8.824820816516876221e-02
7.738538086414337158e-02
1.239346340298652649e-01
1.819933652877807617e-01
2.339422851800918579e-01
4.143522977828979492e-01
7.360985130071640015e-02
2.417656779289245605e-01
2.530247867107391357e-01
4.687363803386688232e-01
8.179315924644470215e-01
4.927828609943389893e-01
3.788216784596443176e-02
8.081094920635223389e-02
1.715337187051773071e-01
1.279238164424896240e-01
5.897193774580955505e-02
1.026328802108764648e-01
4.371561110019683838e-02
3.002173453569412231e-02
3.752262890338897705e-02
2.521098032593727112e-02
3.992604091763496399e-02
3.679421544075012207e-02
7.680374383926391602e-02
3.712591528892517090e-02
4.226602241396903992e-02
5.592121556401252747e-02
1.240647435188293457e-01
5.633268505334854126e-02
6.279351562261581421e-02
4.257114976644515991e-02
5.493317916989326477e-02
1.394521296024322510e-01
1.372685432434082031e-01
9.899226576089859009e-02
7.796233892440795898e-02
1.243540793657302856e-01
2.116254270076751709e-01
2.330313771963119507e-01
3.821297585964202881e-01
5.899287387728691101e-02
4.909662902355194092e-02
5.773875862360000610e-02
5.151573196053504944e-02
6.692691147327423096e-02
1.103585734963417053e-01
1.957854479551315308e-01
8.089932054281234741e-02
5.486118048429489136e-02
1.051867604255676270e-01
1.808179765939712524e-01
2.279248684644699097e-01
2.269525229930877686e-01
6.160745397210121155e-02
2.261292785406112671e-01
1.658540815114974976e-01
3.664736151695251465e-01
3.519580066204071045e-01
6.584788560867309570e-01
3.999817743897438049e-02
1.978803575038909912e-01
2.182251662015914917e-01
2.278462648391723633e-01
2.383107542991638184e-01
4.207512438297271729e-01
6.266942620277404785e-02
1.020061373710632324e-01
1.279554963111877441e-01
1.641729027032852173e-01
9.488229453563690186e-02
2.078003734350204468e-01
6.335358321666717529e-02
4.612251371145248413e-02
1.153146475553512573e-01
1.783611327409744263e-01
2.062813490629196167e-01
2.363904118537902832e-01
1.169222444295883179e-01
1.506624519824981689e-01
2.173147946596145630e-01
3.525156378746032715e-01
4.767611324787139893e-01
7.310092449188232422e-01
3.626269474625587463e-02
3.546845912933349609e-01
1.934258043766021729e-01
4.512620568275451660e-01
5.748886466026306152e-01
5.226703882217407227e-01
7.759863883256912231e-02
2.335547842085361481e-02
6.392282992601394653e-02
6.713734567165374756e-02
1.235889345407485962e-01
1.751425564289093018e-01
3.915681317448616028e-02
3.542831912636756897e-02
5.641464516520500183e-02
2.120753526687622070e-01
9.988347440958023071e-02
2.094165682792663574e-01
4.401489719748497009e-02
9.139223396778106689e-02
6.550540030002593994e-02
2.555950284004211426e-01
1.366616636514663696e-01
3.832647502422332764e-01
3.827318176627159119e-02
2.429586499929428101e-01
1.638459414243698120e-01
2.710300385951995850e-01
2.698912024497985840e-01
3.711546659469604492e-01
4.282364994287490845e-02
4.365161061286926270e-02
5.242535099387168884e-02
3.264753893017768860e-02
2.949015051126480103e-02
7.872109115123748779e-02
4.212962463498115540e-02
1.277182251214981079e-02
3.463041782379150391e-02
2.250617183744907379e-02
6.183519214391708374e-02
1.017045900225639343e-01
3.226835653185844421e-02
1.919967681169509888e-02
8.626726269721984863e-02
4.980607703328132629e-02
1.991196162998676300e-02
1.460841000080108643e-01
2.532925456762313843e-02
1.929639726877212524e-01
6.794130057096481323e-02
2.963741421699523926e-01
1.954227983951568604e-01
2.625426948070526123e-01
3.420647606253623962e-02
1.786610335111618042e-01
1.129330918192863464e-01
4.317086189985275269e-02
3.725551813840866089e-02
7.058914750814437866e-02
1.262974087148904800e-02
1.685861870646476746e-02
5.367746204137802124e-02
9.062703698873519897e-02
7.696119695901870728e-02
1.562682241201400757e-01
5.794603377580642700e-02
5.644574388861656189e-02
2.014430016279220581e-01
3.603651523590087891e-01
2.558620274066925049e-01
3.482765853404998779e-01
3.446613624691963196e-02
1.003646329045295715e-01
1.137947440147399902e-01
1.898083537817001343e-01
2.874952554702758789e-01
6.036249995231628418e-01
4.340557008981704712e-02
1.805721223354339600e-01
2.104213833808898926e-01
1.549325883388519287e-01
4.776138067245483398e-02
8.232866227626800537e-02
6.592995673418045044e-02
5.996447429060935974e-02
1.854149624705314636e-02
1.138379275798797607e-01
1.435278356075286865e-01
2.082302123308181763e-01
2.275975421071052551e-02
8.212182670831680298e-02
1.197308897972106934e-01
1.783228069543838501e-01
2.691850662231445312e-01
4.374620020389556885e-01
4.700374230742454529e-02
1.327956914901733398e-01
1.419495046138763428e-01
2.867252230644226074e-01
2.123074829578399658e-01
4.719606041908264160e-01
6.151077523827552795e-02
3.754562139511108398e-02
1.885130703449249268e-01
1.552727818489074707e-01
4.496317803859710693e-01
4.871421679854393005e-02
2.031772956252098083e-02
8.629833906888961792e-02
3.822201788425445557e-01
2.786424160003662109e-01
5.232163071632385254e-01
5.238092541694641113e-01
2.662234008312225342e-02
8.879306167364120483e-02
1.390940397977828979e-01
1.778639256954193115e-01
2.260175198316574097e-01
3.221458196640014648e-01
2.878625318408012390e-02
5.013741552829742432e-02
2.122718095779418945e-01
2.617816627025604248e-01
4.007145166397094727e-01
3.386719822883605957e-01
4.016300663352012634e-02
2.238199710845947266e-01
2.708463668823242188e-01
6.461850404739379883e-01
2.812605202198028564e-01
3.857692778110504150e-01
3.427029028534889221e-02
2.941254898905754089e-02
4.007298126816749573e-02
4.649530351161956787e-02
1.342967599630355835e-01
9.742233157157897949e-02
4.368650913238525391e-02
1.667476072907447815e-02
7.468263804912567139e-02
3.185702115297317505e-02
4.503320157527923584e-02
7.248328626155853271e-02
2.442261949181556702e-02
1.822195015847682953e-02
3.409780561923980713e-02
4.933663457632064819e-02
2.422118373215198517e-02
1.337783504277467728e-02
9.196546673774719238e-02
2.726867422461509705e-02
1.711140386760234833e-02
5.424145236611366272e-02
1.726679503917694092e-02
3.528709709644317627e-02
2.410530857741832733e-02
1.664296165108680725e-02
1.119050104171037674e-02
5.815977696329355240e-03
6.283816415816545486e-03
1.496347598731517792e-02
2.748122625052928925e-02
3.153273835778236389e-02
3.216025978326797485e-02
2.349671721458435059e-02
1.041399408131837845e-02
1.215525250881910324e-02
3.207755088806152344e-02
2.437030151486396790e-02
2.637083269655704498e-02
2.189201302826404572e-02
2.458014898002147675e-02
1.181588973850011826e-02
6.960213184356689453e-02
1.526845619082450867e-02
1.343984156847000122e-02
1.357835438102483749e-02
1.655907183885574341e-02
4.482826590538024902e-02
3.051903843879699707e-02
1.975848153233528137e-02
8.855490945279598236e-03
8.847284130752086639e-03
2.611528337001800537e-02
1.694289222359657288e-02
2.385934628546237946e-02
2.709837257862091064e-02
1.166928000748157501e-02
3.094996511936187744e-02
1.184901501983404160e-02
1.648838445544242859e-02
3.274333104491233826e-02
3.571137413382530212e-02
1.399664953351020813e-02
1.399507187306880951e-02
1.621520146727561951e-02
2.716032043099403381e-02
3.996423631906509399e-02
3.730797022581100464e-02
2.467384189367294312e-02
1.239622198045253754e-02
3.144588321447372437e-02
1.534756645560264587e-02
3.445237129926681519e-02
2.337256073951721191e-02
1.923653855919837952e-02
1.588713005185127258e-02
7.917973212897777557e-03
1.035642623901367188e-02
3.629500791430473328e-02
2.249181456863880157e-02
8.940580300986766815e-03
1.266999263316392899e-02
1.129029411822557449e-02
1.008915342390537262e-02
3.916268795728683472e-02
2.327532134950160980e-02
3.078377991914749146e-02
1.713659614324569702e-02
1.176534034311771393e-02
6.388625502586364746e-02
4.357190802693367004e-02
3.933214768767356873e-02
1.475985813885927200e-02
2.768848836421966553e-02
2.521919459104537964e-02
3.086150623857975006e-02
2.453588321805000305e-02
9.873437695205211639e-03
1.336979307234287262e-02
1.421821396797895432e-02
4.844988696277141571e-03
6.834238767623901367e-03
2.106891013681888580e-02
1.426171138882637024e-02
1.818032748997211456e-02
1.470282953232526779e-02
1.299354527145624161e-02
1.219364628195762634e-02
4.123115912079811096e-02
1.756521500647068024e-02
6.931270007044076920e-03
1.834343001246452332e-02
6.779801566153764725e-03
1.030204072594642639e-02
3.663630783557891846e-02
2.689410746097564697e-02
1.171173807233572006e-02
1.077411230653524399e-02
1.550928596407175064e-02
3.746985644102096558e-02
2.897056378424167633e-02
2.234194241464138031e-02
1.164095569401979446e-02
1.370914932340383530e-02
1.188796088099479675e-01
1.045865658670663834e-02
1.922626420855522156e-02
6.368569564074277878e-03
1.640909165143966675e-02
2.201900258660316467e-02
3.167285025119781494e-02
9.432023763656616211e-02
1.264739688485860825e-02
1.922732032835483551e-02
4.557420313358306885e-02
1.513945031911134720e-02
9.739337489008903503e-03
3.780294582247734070e-02
2.126991562545299530e-02
9.376300498843193054e-03
1.006833836436271667e-02
7.879549637436866760e-03
3.922144323587417603e-02
3.538220748305320740e-02
2.332923188805580139e-02
1.994079723954200745e-02
2.713808417320251465e-02
1.806488260626792908e-02
2.187971398234367371e-02
6.786935031414031982e-02
1.543098129332065582e-02
3.077390417456626892e-02
4.631705954670906067e-02
1.691691949963569641e-02
2.770648896694183350e-02
2.040229551494121552e-02
3.314131498336791992e-02
2.639452368021011353e-02
1.915387623012065887e-02
1.643693074584007263e-02
2.190929464995861053e-02
2.330024912953376770e-02
2.498708851635456085e-02
8.793174289166927338e-03
9.017140604555606842e-03
7.728251628577709198e-03
3.566483035683631897e-02
2.041547000408172607e-02
2.013371698558330536e-02
1.167676039040088654e-02
7.861417718231678009e-03
4.405783116817474365e-02
1.901955157518386841e-02
3.016346693038940430e-02
2.511147782206535339e-02
3.401393815875053406e-02
3.863495588302612305e-02
1.575882919132709503e-02
4.132376983761787415e-02
2.254036627709865570e-02
4.558466374874114990e-02
1.758303679525852203e-02
6.252842023968696594e-03
1.358625292778015137e-02
2.712390571832656860e-02
5.315024033188819885e-02
1.543767191469669342e-02
1.153222378343343735e-02
4.216968547552824020e-03
2.299877256155014038e-02
2.595273032784461975e-02
5.263445526361465454e-02
8.405138738453388214e-03
6.409946829080581665e-03
1.948062516748905182e-02
2.168301306664943695e-02
1.952526532113552094e-02
7.574217766523361206e-02
2.436416409909725189e-02
9.805839508771896362e-02
4.230794310569763184e-02
3.301173821091651917e-02
8.841391652822494507e-02
1.080686822533607483e-01
2.254185639321804047e-02
1.302292570471763611e-02
2.768843062222003937e-02
1.756285876035690308e-02
2.942950651049613953e-02
5.171868577599525452e-02
2.260375767946243286e-02
6.784601137042045593e-03
1.052592042833566666e-02
6.134050432592630386e-03
3.534421324729919434e-02
4.076810926198959351e-02
4.444472119212150574e-02
1.482889335602521896e-02
3.825281560420989990e-02
1.353208422660827637e-01
3.134809434413909912e-02
3.145418167114257812e-01
1.238001324236392975e-02
2.248892039060592651e-01
4.834646582603454590e-01
7.149294763803482056e-02
1.456240713596343994e-01
4.331675767898559570e-01
5.222439765930175781e-02
2.704494819045066833e-02
9.607752412557601929e-02
2.979382276535034180e-01
1.372612267732620239e-01
4.208678603172302246e-01
1.359147392213344574e-02
1.870346628129482269e-02
5.161966755986213684e-02
1.515170931816101074e-01
1.020034253597259521e-01
2.611891925334930420e-01
4.514620080590248108e-02
3.283051773905754089e-02
3.131682053208351135e-02
7.315251976251602173e-02
1.614976972341537476e-01
9.891094267368316650e-02
2.480125054717063904e-02
1.764373853802680969e-02
1.346813589334487915e-01
1.848153620958328247e-01
3.238239139318466187e-02
6.416497379541397095e-02
1.637157611548900604e-02
1.661239936947822571e-02
4.557223245501518250e-02
5.554466694593429565e-02
6.526194512844085693e-02
5.817803367972373962e-02
1.608950830996036530e-02
8.471764624118804932e-03
1.036096364259719849e-02
2.187630720436573029e-02
1.029407512396574020e-02
5.473469197750091553e-02
8.820499293506145477e-03
2.165303751826286316e-02
2.423468418419361115e-02
2.791330777108669281e-02
1.361679881811141968e-01
1.690929383039474487e-01
1.827091909945011139e-02
2.800822071731090546e-02
2.345938682556152344e-01
1.368795782327651978e-01
4.482903182506561279e-01
8.532668650150299072e-02
2.842250838875770569e-02
1.834002882242202759e-02
3.091193363070487976e-02
6.663660705089569092e-02
9.310985356569290161e-02
1.714998483657836914e-01
1.943016424775123596e-02
4.238568246364593506e-02
2.065238729119300842e-02
5.402909964323043823e-02
2.314407005906105042e-02
5.075660347938537598e-02
3.176796063780784607e-02
1.365922670811414719e-02
5.502134189009666443e-02
5.361311510205268860e-02
6.368101388216018677e-02
7.888086140155792236e-02
4.524829238653182983e-02
3.995524719357490540e-02
1.138025224208831787e-01
5.869096517562866211e-02
1.490577757358551025e-01
2.796078324317932129e-01
2.133712917566299438e-02
2.983097732067108154e-02
7.646297663450241089e-02
9.978596121072769165e-02
5.662276595830917358e-02
3.359485268592834473e-01
2.843547612428665161e-02
2.071645297110080719e-02
3.542535752058029175e-02
4.063706845045089722e-02
9.084501117467880249e-02
8.055289089679718018e-02
4.194666817784309387e-02
3.028875030577182770e-02
3.184676542878150940e-02
1.980951242148876190e-02
5.222267284989356995e-02
1.662013977766036987e-01
1.804068125784397125e-02
4.252520948648452759e-02
1.433037519454956055e-01
6.253656744956970215e-02
2.833692431449890137e-01
5.427837967872619629e-01
8.645535446703433990e-03
3.640834987163543701e-02
4.655028134584426880e-02
1.370293349027633667e-01
2.447209060192108154e-01
2.059472203254699707e-01
1.534435711801052094e-02
1.344382762908935547e-02
3.768460452556610107e-02
1.096892207860946655e-01
1.272522956132888794e-01
1.961039453744888306e-01
2.898867800831794739e-02
1.974913850426673889e-02
1.693169772624969482e-02
5.735005065798759460e-02
4.609659314155578613e-02
1.689110696315765381e-01
8.233678527176380157e-03
6.980968266725540161e-02
1.814960390329360962e-01
7.137258350849151611e-02
2.884395718574523926e-01
4.749871492385864258e-01
1.513813249766826630e-02
5.718922615051269531e-02
3.612621873617172241e-02
3.736263513565063477e-02
1.310612261295318604e-01
1.225359216332435608e-01
1.658645644783973694e-02
9.897177107632160187e-03
1.242863759398460388e-02
1.631357707083225250e-02
2.638242766261100769e-02
5.823642387986183167e-02
1.637677662074565887e-02
3.641558578237891197e-03
4.672986455261707306e-03
8.202432654798030853e-03
1.492226589471101761e-02
3.076093271374702454e-02
6.772783119231462479e-03
7.768489886075258255e-03
1.387460809201002121e-02
1.240325439721345901e-02
2.586614899337291718e-02
2.336104214191436768e-02
5.396275781095027924e-03
3.156074322760105133e-03
5.170163139700889587e-02
5.844196770340204239e-03
1.033652760088443756e-02
3.829073160886764526e-02
1.055803429335355759e-02
6.245813332498073578e-03
1.043368224054574966e-02
1.485334243625402451e-02
1.560698151588439941e-01
2.645882405340671539e-02
1.612470671534538269e-02
6.792291067540645599e-03
8.253799378871917725e-02
5.858741700649261475e-02
1.962841153144836426e-01
1.193399429321289062e-01
9.187702089548110962e-03
6.041374802589416504e-02
1.391059160232543945e-01
2.368583679199218750e-01
2.500649094581604004e-01
2.019510716199874878e-01
6.429419387131929398e-03
2.270632795989513397e-02
2.410467416048049927e-01
2.000367790460586548e-01
8.090735226869583130e-02
1.398022919893264771e-01
1.612478867173194885e-02
1.916434615850448608e-02
1.355444453656673431e-02
6.519439816474914551e-02
1.360313147306442261e-01
9.313274919986724854e-02
8.376492187380790710e-03
3.809102997183799744e-02
7.535731047391891479e-02
3.664536029100418091e-02
2.334704995155334473e-01
2.559110820293426514e-01
9.766289964318275452e-03
3.342844843864440918e-01
1.109962016344070435e-01
5.914086699485778809e-01
4.389648735523223877e-01
1.346123218536376953e+00
9.367831982672214508e-03
9.221403598785400391e-01
6.742611527442932129e-01
7.507134675979614258e-01
1.458742976188659668e+00
2.766433060169219971e-01
7.102345582097768784e-03
1.155491825193166733e-02
6.164616718888282776e-02
1.574412733316421509e-01
2.055421620607376099e-01
3.653399348258972168e-01
9.346948564052581787e-02
1.848129928112030029e-01
2.958238422870635986e-01
3.814144134521484375e-01
2.424738407135009766e-01
5.318307280540466309e-01
2.695515006780624390e-02
2.000482976436614990e-01
1.665202379226684570e-01
3.167595863342285156e-01
5.180069804191589355e-01
4.312762320041656494e-01
3.339932858943939209e-02
1.084629222750663757e-01
1.879875659942626953e-01
4.496083557605743408e-01
3.758970499038696289e-01
5.056102275848388672e-01
2.482971735298633575e-02
7.663081400096416473e-03
4.679196327924728394e-02
3.658268973231315613e-02
1.518089175224304199e-01
7.365306466817855835e-02
6.944094598293304443e-02
3.552720323204994202e-02
6.643334031105041504e-02
1.433583945035934448e-01
1.312468945980072021e-01
3.093393146991729736e-01
3.484470024704933167e-02
4.442378506064414978e-02
3.548573851585388184e-01
3.190091550350189209e-01
4.930147528648376465e-01
4.433428347110748291e-01
1.454655919224023819e-02
9.713125228881835938e-02
1.131562888622283936e-01
2.145551741123199463e-01
3.915646672248840332e-01
4.924055933952331543e-01
4.096928238868713379e-02
1.217438187450170517e-02
7.192163914442062378e-02
1.155656576156616211e-01
1.391485184431076050e-01
1.299428194761276245e-01
3.316797688603401184e-02
1.301648933440446854e-02
2.067402377724647522e-02
6.037950888276100159e-02
1.217666268348693848e-01
1.323582530021667480e-01
4.446273297071456909e-02
4.567951336503028870e-02
1.254403591156005859e-01
1.261860281229019165e-01
1.144942864775657654e-01
1.218804046511650085e-01
1.992036961019039154e-02
3.166180849075317383e-02
1.014809608459472656e-01
6.007582694292068481e-02
2.142390161752700806e-01
1.694225519895553589e-01
1.675818674266338348e-02
5.562561564147472382e-03
1.276270113885402679e-02
4.705732688307762146e-02
7.254875451326370239e-02
2.035369351506233215e-02
1.244351919740438461e-02
7.264950312674045563e-03
8.028794080018997192e-03
1.127437129616737366e-02
4.399947822093963623e-02
7.621458917856216431e-02
9.769041091203689575e-03
1.776766218245029449e-02
4.679999873042106628e-02
1.743367165327072144e-01
8.934842050075531006e-02
7.414475083351135254e-02
7.273659575730562210e-03
2.545028738677501678e-02
3.466033935546875000e-02
7.217068225145339966e-02
7.893668860197067261e-02
2.705137133598327637e-01
1.081479806452989578e-02
4.917024821043014526e-02
6.923370063304901123e-02
6.884398311376571655e-02
5.741701647639274597e-02
1.296178102493286133e-01
9.179442189633846283e-03
4.471981432288885117e-03
1.987186446785926819e-02
3.536993265151977539e-02
5.827614665031433105e-02
1.664798557758331299e-01
3.325374424457550049e-02
2.565656304359436035e-01
6.602036952972412109e-02
3.162533342838287354e-01
2.215657532215118408e-01
3.294988572597503662e-01
4.371955525130033493e-03
8.128655701875686646e-02
5.624707043170928955e-02
9.831389039754867554e-02
1.450295597314834595e-01
3.289939761161804199e-01
7.458287756890058517e-03
1.351744867861270905e-02
1.770517677068710327e-01
9.797050803899765015e-02
2.447402104735374451e-02
9.695297479629516602e-02
3.901293035596609116e-03
1.171520166099071503e-02
1.573346257209777832e-01
8.361067622900009155e-02
8.585735410451889038e-02
2.869694232940673828e-01
4.417595453560352325e-03
3.805560246109962463e-02
1.320508420467376709e-01
6.868139654397964478e-02
2.200342118740081787e-01
1.791527867317199707e-01
3.813766641542315483e-03
4.241560399532318115e-02
9.537813067436218262e-02
1.098571866750717163e-01
1.124220564961433411e-01
2.049373388290405273e-01
1.189179439097642899e-02
4.159493371844291687e-02
2.280881702899932861e-01
7.705227285623550415e-02
2.342527210712432861e-01
3.593045845627784729e-02
6.444891914725303650e-03
3.612423315644264221e-02
1.484141945838928223e-01
3.876373916864395142e-02
1.256961673498153687e-01
4.684204161167144775e-01
3.809313755482435226e-03
8.498861454427242279e-03
1.305105090141296387e-01
2.524133324623107910e-01
2.769426703453063965e-01
4.614740610122680664e-01
5.650072358548641205e-03
1.778821498155593872e-01
1.200300157070159912e-01
1.713057905435562134e-01
4.714599251747131348e-01
3.560294806957244873e-01
1.862379908561706543e-02
1.163580548018217087e-02
4.473545774817466736e-02
1.612944602966308594e-01
9.132265299558639526e-02
3.055230975151062012e-01
2.264044806361198425e-02
9.525661356747150421e-03
2.751194499433040619e-02
4.501679912209510803e-02
7.576813548803329468e-02
9.058793634176254272e-02
2.821843139827251434e-02
1.729067601263523102e-02
8.657788857817649841e-03
2.318936213850975037e-02
1.642798632383346558e-02
5.680641159415245056e-03
9.799417108297348022e-03
7.159633096307516098e-03
8.016856387257575989e-03
2.215283922851085663e-02
1.265013869851827621e-02
7.442351430654525757e-03
1.455740351229906082e-02
1.567464880645275116e-02
5.390252918004989624e-03
4.603677894920110703e-03
5.627674981951713562e-03
6.381189450621604919e-03
1.395244430750608444e-02
6.933913100510835648e-03
5.142925772815942764e-03
4.270280711352825165e-03
3.064984921365976334e-03
3.373146988451480865e-03
2.695676498115062714e-02
1.160391420125961304e-02
6.708421278744935989e-03
5.087247584015130997e-03
5.668060854077339172e-03
3.317461814731359482e-03
2.937975712120532990e-02
1.046022865921258926e-02
1.461190264672040939e-02
6.736117880791425705e-03
6.665240041911602020e-03
3.221212886273860931e-03
1.153308339416980743e-02
2.327101863920688629e-02
5.632356274873018265e-03
4.586341790854930878e-03
3.331760643050074577e-03
4.378918558359146118e-03
4.648317582905292511e-03
1.045167539268732071e-02
3.323563607409596443e-03
2.707548206672072411e-03
2.753146691247820854e-03
2.584997098892927170e-03
8.368032984435558319e-03
4.080656450241804123e-03
4.808714613318443298e-03
3.467961214482784271e-03
2.353342482820153236e-03
2.537408843636512756e-03
1.189841330051422119e-02
1.479543559253215790e-02
4.031583666801452637e-03
2.208168618381023407e-03
5.629149265587329865e-03
1.093041338026523590e-02
7.162208668887615204e-03
5.474337842315435410e-03
3.889949992299079895e-03
1.269392855465412140e-02
5.371107254177331924e-03
2.463605487719178200e-03
4.225940909236669540e-03
4.781619645655155182e-03
2.459072042256593704e-03
2.577295526862144470e-03
4.527705721557140350e-03
2.614965662360191345e-03
4.482731595635414124e-02
2.523113042116165161e-02
4.284407943487167358e-03
6.056934595108032227e-03
1.222614292055368423e-02
1.206176541745662689e-02
2.035175636410713196e-02
7.361765019595623016e-03
1.978336460888385773e-02
6.048261187970638275e-03
3.858714364469051361e-03
5.573812872171401978e-03
1.718845963478088379e-02
4.151108674705028534e-03
5.605407059192657471e-03
4.476008936762809753e-03
5.272281356155872345e-03
1.949754660017788410e-03
2.304333820939064026e-02
3.260652534663677216e-03
1.114351861178874969e-02
3.491496434435248375e-03
3.346154000610113144e-03
2.599384170025587082e-03
1.693626493215560913e-02
8.165746927261352539e-03
7.392122410237789154e-03
6.873304955661296844e-03
9.315730072557926178e-03
3.422676119953393936e-03
1.105691306293010712e-02
9.984290227293968201e-03
6.743954028934240341e-03
7.597551681101322174e-03
4.618712700903415680e-03
4.475993104279041290e-03
1.580454036593437195e-02
1.734129153192043304e-02
5.867028143256902695e-03
3.708443371579051018e-03
3.413320984691381454e-03
2.711488399654626846e-03
7.776972837746143341e-03
6.079876795411109924e-03
3.742528846487402916e-03
1.687886775471270084e-03
1.181773096323013306e-02
2.099459059536457062e-03
1.551263034343719482e-02
1.123415958136320114e-02
1.104774046689271927e-02
5.338052287697792053e-03
7.752555888146162033e-03
5.666195880621671677e-03
2.082231082022190094e-02
5.033274646848440170e-03
5.385230761021375656e-03
5.026886239647865295e-03
3.163589397445321083e-03
2.028030576184391975e-03
1.986078917980194092e-02
5.350117571651935577e-03
6.948788650333881378e-03
9.037598967552185059e-03
3.876045811921358109e-03
4.692974966019392014e-03
7.483887020498514175e-03
1.953820232301950455e-03
2.353136427700519562e-03
5.075928289443254471e-03
2.989213680848479271e-03
1.478747697547078133e-03
2.063830569386482239e-02
4.299048800021409988e-03
9.697654284536838531e-03
6.929066963493824005e-03
5.262616556137800217e-03
1.884891651570796967e-03
9.454086422920227051e-03
6.558422930538654327e-03
5.103980656713247299e-03
1.990510895848274231e-02
6.383750122040510178e-03
1.866874168626964092e-03
6.311624776571989059e-03
5.825780332088470459e-03
4.071823321282863617e-03
3.874430200085043907e-03
8.323607034981250763e-03
3.378030844032764435e-03
7.426451425999403000e-03
3.987196832895278931e-03
2.429084386676549911e-03
1.607842044904828072e-03
2.761214273050427437e-03
1.898994902148842812e-03
5.185059737414121628e-03
5.299873650074005127e-03
4.168451763689517975e-03
4.115444608032703400e-03
4.886998329311609268e-03
2.002460649237036705e-03
9.194838814437389374e-03
8.480871096253395081e-03
3.940129186958074570e-03
4.819414578378200531e-03
2.921892795711755753e-03
4.850135184824466705e-03
1.384751778095960617e-02
5.227802786976099014e-03
4.452486988157033920e-03
3.759884741157293320e-03
3.435265738517045975e-03
4.080633632838726044e-03
5.094109568744897842e-03
3.018279094249010086e-03
1.437443890608847141e-03
1.687927520833909512e-03
4.251521080732345581e-03
1.068664249032735825e-03
3.075888613238930702e-03
4.234695341438055038e-03
1.414014678448438644e-02
5.878321826457977295e-03
9.411090984940528870e-03
2.289113588631153107e-03
1.055420003831386566e-02
7.476571947336196899e-03
5.428005941212177277e-03
5.119730718433856964e-03
5.598378833383321762e-03
1.814740896224975586e-02
4.503900185227394104e-03
1.122191920876502991e-02
1.071836333721876144e-02
2.887913957238197327e-03
1.052682008594274521e-02
2.204696834087371826e-02
4.897468723356723785e-03
4.641699604690074921e-03
1.994264777749776840e-03
2.925850916653871536e-03
2.130845328792929649e-03
1.625621225684881210e-03
1.244563795626163483e-02
3.965892829000949860e-03
3.462415561079978943e-02
3.397297114133834839e-03
3.835712326690554619e-03
1.199289225041866302e-02
5.646675359457731247e-03
6.437543313950300217e-03
4.486898891627788544e-03
6.712083704769611359e-03
1.905013062059879303e-02
2.708091028034687042e-02
5.976388696581125259e-03
4.880941938608884811e-03
2.885012421756982803e-03
4.957502707839012146e-03
5.021033808588981628e-03
4.159047268331050873e-03
4.385459702461957932e-03
3.662913804873824120e-03
3.154092701151967049e-03
1.332522369921207428e-03
2.189374295994639397e-03
1.383129507303237915e-03
2.503630006685853004e-03
2.699931152164936066e-03
1.819154014810919762e-03
1.339897047728300095e-03
6.205747369676828384e-03
5.936036817729473114e-03
1.674618758261203766e-02
5.390115547925233841e-03
4.082927480340003967e-03
2.282522851601243019e-03
2.735584275797009468e-03
6.354600191116333008e-03
3.438740503042936325e-03
4.653728567063808441e-03
2.603362314403057098e-03
2.654198789969086647e-03
2.127157291397452354e-03
3.141216933727264404e-03
3.326509846374392509e-03
2.677077893167734146e-03
2.671342808753252029e-03
1.290590269491076469e-03
1.234516617842018604e-03
9.839293779805302620e-04
1.990319695323705673e-03
1.113664242438971996e-03
1.344038057141005993e-03
1.071197213605046272e-03
6.363318534567952156e-04
6.894826889038085938e-03
7.728048600256443024e-03
4.502877127379179001e-03
7.106924429535865784e-03
2.036875346675515175e-03
2.201613271608948708e-03
5.899120587855577469e-03
4.158684052526950836e-03
2.870699856430292130e-03
2.650375012308359146e-03
3.520156256854534149e-03
2.763343742117285728e-03
1.347720506601035595e-03
3.510450245812535286e-03
2.032332122325897217e-03
3.348562400788068771e-03
1.200286322273313999e-03
8.052798802964389324e-04
1.086032018065452576e-03
1.798144890926778316e-03
9.934904519468545914e-04
1.676149899140000343e-03
9.905342012643814087e-04
5.405072006396949291e-04
6.395092350430786610e-04
5.705441348254680634e-03
1.969843916594982147e-02
1.323560625314712524e-02
2.265592338517308235e-03
1.430164463818073273e-02
4.722343757748603821e-03
1.940479502081871033e-02
4.507994744926691055e-03
2.520053647458553314e-03
5.063390824943780899e-03
9.789339266717433929e-03
5.740936379879713058e-03
4.268082324415445328e-03
3.820460755378007889e-03
1.668290933594107628e-03
2.715734764933586121e-03
7.064925972372293472e-03
2.251208294183015823e-03
2.250854484736919403e-02
7.756985258311033249e-03
2.900645136833190918e-03
1.689246483147144318e-02
2.360815927386283875e-02
2.811241149902343750e-02
1.196707412600517273e-02
7.959438487887382507e-03
1.136553753167390823e-02
1.102619618177413940e-02
1.643392257392406464e-02
1.059718243777751923e-02
1.374113280326128006e-02
7.018743548542261124e-03
7.173530757427215576e-03
3.934219479560852051e-03
1.058395300060510635e-02
2.044465765357017517e-02
3.626413643360137939e-02
1.096947770565748215e-02
6.671598181128501892e-03
5.262424238026142120e-03
7.539865374565124512e-02
9.180412441492080688e-02
3.106641396880149841e-02
2.219180762767791748e-02
4.005323350429534912e-02
6.626772135496139526e-02
1.576806604862213135e-01
2.324602901935577393e-01
3.031264059245586395e-02
2.648116946220397949e-01
2.137242630124092102e-02
9.303475916385650635e-02
1.610319167375564575e-01
4.526629447937011719e-01
1.173956692218780518e-02
5.732303019613027573e-03
2.286928333342075348e-02
5.144478008151054382e-02
1.466176360845565796e-01
7.094608992338180542e-02
1.979613006114959717e-01
3.096641600131988525e-02
5.104429274797439575e-02
1.121099963784217834e-01
1.127295568585395813e-01
1.305725872516632080e-01
4.031823202967643738e-02
1.177289802581071854e-02
1.078292578458786011e-01
1.522041410207748413e-01
3.154950141906738281e-01
6.212376356124877930e-01
1.026959996670484543e-02
3.166641294956207275e-01
6.082361340522766113e-01
9.003542363643646240e-02
3.719030916690826416e-01
4.665688872337341309e-01
9.073505178093910217e-03
4.617321304976940155e-03
8.286249637603759766e-02
1.309226900339126587e-01
2.574326992034912109e-01
2.979953587055206299e-01
3.987085074186325073e-02
1.006991192698478699e-01
1.804000884294509888e-01
1.721398979425430298e-01
3.451717793941497803e-01
5.013938546180725098e-01
4.006439819931983948e-02
3.559242188930511475e-01
2.189376205205917358e-01
3.046134114265441895e-01
5.010542273521423340e-01
6.524998545646667480e-01
1.505672466009855270e-02
2.180401980876922607e-01
1.380410045385360718e-01
2.025181651115417480e-01
4.783774539828300476e-02
8.849216997623443604e-02
1.358147710561752319e-02
2.019758149981498718e-02
1.280874107033014297e-02
3.096929192543029785e-02
1.203648224472999573e-01
6.382396817207336426e-02
6.688377354294061661e-03
1.376896072179079056e-02
5.309036001563072205e-02
2.229973487555980682e-02
4.563570767641067505e-02
1.213584840297698975e-01
6.139211822301149368e-03
1.517784502357244492e-02
3.531981632113456726e-02
2.921754121780395508e-02
6.450203806161880493e-02
7.671640813350677490e-02
4.087843000888824463e-03
4.451604932546615601e-02
5.669431760907173157e-02
1.521683782339096069e-01
9.707029163837432861e-02
1.970250159502029419e-02
6.441797129809856415e-03
7.502614520490169525e-03
5.653213243931531906e-03
1.816677860915660858e-02
4.212926328182220459e-02
3.594682365655899048e-02
7.983226329088211060e-03
5.477350205183029175e-03
7.353159133344888687e-03
1.608248613774776459e-02
1.388158276677131653e-02
3.561278805136680603e-02
9.553940966725349426e-03
5.556263960897922516e-03
6.090382114052772522e-02
2.966471202671527863e-02
2.566428296267986298e-02
1.376435458660125732e-01
4.518555942922830582e-03
8.503349125385284424e-02
6.949543207883834839e-02
5.857248231768608093e-02
9.214474260807037354e-02
3.692185282707214355e-01
8.352016098797321320e-03
9.738767519593238831e-03
4.567567259073257446e-02
7.171426713466644287e-02
1.239027529954910278e-01
2.852808684110641479e-02
3.620822727680206299e-02
4.679112695157527924e-03
4.687232524156570435e-02
1.268193311989307404e-02
5.067240819334983826e-02
1.531948000192642212e-01
3.903238102793693542e-03
1.431678142398595810e-02
1.279866881668567657e-02
9.128047525882720947e-02
4.888419434428215027e-02
7.646156847476959229e-02
3.135015722364187241e-03
7.266211323440074921e-03
1.367432717233896255e-02
1.444434076547622681e-01
4.852278903126716614e-02
9.666676074266433716e-02
5.065872799605131149e-03
6.776210851967334747e-03
1.122548896819353104e-02
1.670257374644279480e-02
2.155026346445083618e-01
3.374762088060379028e-02
2.937815617769956589e-03
2.116515859961509705e-02
8.990245871245861053e-03
2.067371271550655365e-02
1.166859790682792664e-01
2.957433462142944336e-02
9.161688387393951416e-03
1.910295523703098297e-02
5.922855809330940247e-02
2.629993297159671783e-02
1.046281680464744568e-01
5.874511972069740295e-02
5.678042303770780563e-03
9.184994734823703766e-03
4.595334082841873169e-02
6.035416573286056519e-02
7.062708586454391479e-02
1.059914827346801758e-01
5.042704753577709198e-03
7.560116238892078400e-03
1.029093749821186066e-02
1.229716930538415909e-02
4.880779236555099487e-02
2.409522049129009247e-02
1.086617261171340942e-02
4.423617850989103317e-03
7.465517614036798477e-03
1.869929023087024689e-02
6.256839726120233536e-03
2.274495549499988556e-02
8.554857224225997925e-03
2.952340757474303246e-03
1.324313413351774216e-02
1.904673688113689423e-02
1.546672359108924866e-02
2.513125911355018616e-02
5.285252816975116730e-03
1.946108182892203331e-03
3.771330788731575012e-02
2.017894759774208069e-02
1.665357872843742371e-02
2.718834206461906433e-02
6.744993384927511215e-03
1.160160079598426819e-02
4.643162339925765991e-02
8.380558341741561890e-03
1.181291136890649796e-02
1.738123036921024323e-02
7.223929744213819504e-03
8.980833925306797028e-03
3.408016264438629150e-02
2.919984236359596252e-02
5.440515279769897461e-02
1.745053827762603760e-01
3.185937181115150452e-03
1.401904691010713577e-02
9.855800867080688477e-02
6.759590655565261841e-02
1.643430441617965698e-01
1.173410937190055847e-01
2.716824179515242577e-03
9.704612195491790771e-03
2.557273507118225098e-01
2.176204919815063477e-01
2.945059239864349365e-01
5.775389075279235840e-01
5.934571381658315659e-03
1.051893234252929688e-01
1.085612997412681580e-01
8.769310265779495239e-02
2.318862453103065491e-02
6.897249817848205566e-02
3.838587319478392601e-03
6.420318502932786942e-03
3.309149295091629028e-02
7.067837752401828766e-03
1.489647105336189270e-02
1.105232834815979004e-01
6.314374040812253952e-03
2.431977353990077972e-02
8.973324298858642578e-02
1.345484517514705658e-02
1.412393450736999512e-01
2.109945118427276611e-01
4.224469419568777084e-03
3.806509077548980713e-03
6.518571078777313232e-02
1.323851197957992554e-01
1.233066171407699585e-01
2.437038868665695190e-01
2.245132997632026672e-02
8.306080847978591919e-02
1.702425330877304077e-01
9.293290972709655762e-02
2.321428060531616211e-01
1.011650562286376953e-01
2.549358876422047615e-03
1.454418804496526718e-02
1.941495835781097412e-01
1.288788914680480957e-01
4.411590099334716797e-01
2.978805601596832275e-01
3.991816658526659012e-03
2.947153709828853607e-02
2.552087008953094482e-01
1.889780014753341675e-01
5.544435381889343262e-01
8.640295267105102539e-01
1.422466058284044266e-02
3.176319301128387451e-01
3.067548274993896484e-01
2.008689492940902710e-01
2.994147539138793945e-01
5.312293171882629395e-01
7.685027550905942917e-03
1.787565089762210846e-02
1.283656060695648193e-01
6.229299679398536682e-02
2.483581602573394775e-01
2.195122838020324707e-01
