2.384669303894042969e+00
1.849014401435852051e+00
1.301358938217163086e+00
9.857521057128906250e-01
8.601908087730407715e-01
7.445269823074340820e-01
1.804409742355346680e+00
1.171619176864624023e+00
9.372299909591674805e-01
8.150453567504882812e-01
8.063458204269409180e-01
5.695432424545288086e-01
1.311412334442138672e+00
9.830719828605651855e-01
8.472138047218322754e-01
7.288742661476135254e-01
6.122590899467468262e-01
5.252467989921569824e-01
1.191919445991516113e+00
7.840486764907836914e-01
6.111963987350463867e-01
5.379313826560974121e-01
4.922870397567749023e-01
3.942087888717651367e-01
1.136313676834106445e+00
6.007652282714843750e-01
5.505433082580566406e-01
3.877300620079040527e-01
8.154115080833435059e-01
6.038450002670288086e-01
7.810884714126586914e-01
5.840641856193542480e-01
4.470425546169281006e-01
3.915432691574096680e-01
3.528917431831359863e-01
3.529942035675048828e-01
6.770714521408081055e-01
4.102656841278076172e-01
3.321973085403442383e-01
3.544687032699584961e-01
3.504509925842285156e-01
2.679665088653564453e-01
5.855191946029663086e-01
3.912538886070251465e-01
2.986228764057159424e-01
2.807554900646209717e-01
2.143551558256149292e-01
2.129930853843688965e-01
5.915622711181640625e-01
3.348800837993621826e-01
2.504543662071228027e-01
2.649964094161987305e-01
2.323653101921081543e-01
2.339872866868972778e-01
5.585265755653381348e-01
3.873443007469177246e-01
5.611238479614257812e-01
3.734196424484252930e-01
3.161771595478057861e-01
2.678533494472503662e-01
4.087460637092590332e-01
3.269995748996734619e-01
2.248282879590988159e-01
2.459766566753387451e-01
1.763180941343307495e-01
1.500979363918304443e-01
4.746435880661010742e-01
1.930944621562957764e-01
1.618521511554718018e-01
1.421555131673812866e-01
2.064946442842483521e-01
1.922020763158798218e-01
3.932869136333465576e-01
2.416016012430191040e-01
1.802489608526229858e-01
1.526256352663040161e-01
1.125447675585746765e-01
1.843930929899215698e-01
2.577706873416900635e-01
2.404242604970932007e-01
2.103355079889297485e-01
1.249446645379066467e-01
2.161330282688140869e-01
1.649163812398910522e-01
3.910520076751708984e-01
1.784119307994842529e-01
2.563557922840118408e-01
1.316957622766494751e-01
1.152581945061683655e-01
1.718321144580841064e-01
3.020110428333282471e-01
3.045228421688079834e-01
1.131779029965400696e-01
1.258312612771987915e-01
1.501528322696685791e-01
2.219012528657913208e-01
3.110693097114562988e-01
1.862876564264297485e-01
1.286836415529251099e-01
8.932895958423614502e-02
1.119484752416610718e-01
9.444072097539901733e-02
2.299971133470535278e-01
1.562733650207519531e-01
1.135783642530441284e-01
8.825062960386276245e-02
8.282099664211273193e-02
8.822610974311828613e-02
3.456922471523284912e-01
1.473223119974136353e-01
1.227045953273773193e-01
1.272192001342773438e-01
2.506539523601531982e-01
1.455619484186172485e-01
2.945942580699920654e-01
1.034358814358711243e-01
8.073444664478302002e-02
2.102113813161849976e-01
8.251979947090148926e-02
2.045642137527465820e-01
2.675185799598693848e-01
1.787631362676620483e-01
1.280240118503570557e-01
8.476117253303527832e-02
1.210765466094017029e-01
7.223255932331085205e-02
2.084040343761444092e-01
1.570743322372436523e-01
8.526877313852310181e-02
9.376687556505203247e-02
1.178224906325340271e-01
7.218482345342636108e-02
2.485736161470413208e-01
9.863153845071792603e-02
8.527337014675140381e-02
6.443953514099121094e-02
6.828526407480239868e-02
6.543458998203277588e-02
2.014953196048736572e-01
9.969721734523773193e-02
2.648053467273712158e-01
1.045301631093025208e-01
1.177017614245414734e-01
1.149311885237693787e-01
1.528289020061492920e-01
1.185700967907905579e-01
8.204661309719085693e-02
9.487399458885192871e-02
1.034858673810958862e-01
7.837591320276260376e-02
2.101853191852569580e-01
8.447829633951187134e-02
1.157644838094711304e-01
6.049754098057746887e-02
1.158139631152153015e-01
7.364742457866668701e-02
2.781109511852264404e-01
1.281994134187698364e-01
7.382320612668991089e-02
9.398696571588516235e-02
6.228160858154296875e-02
5.011001974344253540e-02
1.759116500616073608e-01
9.892448782920837402e-02
5.831966549158096313e-02
7.157777249813079834e-02
4.198624566197395325e-02
5.215576663613319397e-02
1.420910954475402832e-01
1.420011967420578003e-01
7.101558148860931396e-02
4.575511813163757324e-02
7.645662873983383179e-02
4.586691781878471375e-02
2.503009140491485596e-01
6.002105027437210083e-02
7.748431712388992310e-02
5.992836505174636841e-02
5.522566288709640503e-02
7.592833042144775391e-02
7.437682151794433594e-02
1.143721714615821838e-01
5.356465280055999756e-02
5.283424258232116699e-02
5.383070558309555054e-02
4.725735634565353394e-02
2.327338308095932007e-01
5.926451459527015686e-02
4.153035208582878113e-02
6.581791490316390991e-02
7.464085519313812256e-02
6.316013634204864502e-02
9.713654220104217529e-02
6.070294603705406189e-02
5.769510194659233093e-02
9.833464026451110840e-02
1.603830307722091675e-01
7.247333228588104248e-02
1.957505792379379272e-01
5.389455333352088928e-02
4.769495502114295959e-02
5.456814169883728027e-02
1.452466547489166260e-01
1.030679866671562195e-01
1.431229561567306519e-01
7.770007103681564331e-02
5.687279626727104187e-02
4.025277122855186462e-02
4.242023825645446777e-02
4.990670084953308105e-02
2.063580751419067383e-01
4.931924492120742798e-02
4.261687025427818298e-02
5.194813013076782227e-02
3.519944474101066589e-02
7.279731333255767822e-02
1.417149156332015991e-01
1.205742880702018738e-01
5.806090682744979858e-02
4.587086290121078491e-02
3.208160400390625000e-02
2.996974810957908630e-02
1.600979715585708618e-01
4.522913694381713867e-02
2.051826119422912598e-01
4.949700459837913513e-02
7.589724659919738770e-02
1.497698873281478882e-01
6.320772320032119751e-02
1.004205569624900818e-01
4.793894290924072266e-02
3.734926134347915649e-02
3.198146820068359375e-02
5.272288247942924500e-02
9.433029592037200928e-02
5.477558076381683350e-02
6.743530929088592529e-02
4.354528710246086121e-02
5.285093560814857483e-02
3.419130668044090271e-02
1.744433194398880005e-01
7.172844558954238892e-02
4.145118221640586853e-02
3.090475127100944519e-02
5.629767104983329773e-02
4.297266528010368347e-02
8.774694800376892090e-02
4.837642237544059753e-02
7.566995918750762939e-02
2.601219527423381805e-02
4.091113805770874023e-02
3.293908759951591492e-02
7.114531844854354858e-02
4.783812910318374634e-02
3.143842518329620361e-02
6.140065565705299377e-02
3.233963623642921448e-02
2.875565923750400543e-02
9.168750047683715820e-02
4.647467657923698425e-02
4.502618312835693359e-02
2.239733189344406128e-02
4.457013681530952454e-02
3.251161798834800720e-02
6.796072423458099365e-02
5.347977206110954285e-02
3.558529913425445557e-02
2.716753445565700531e-02
2.647588402032852173e-02
3.710146993398666382e-02
1.342377513647079468e-01
5.671546235680580139e-02
2.725212648510932922e-02
2.492821402847766876e-02
3.514719754457473755e-02
5.697086080908775330e-02
8.518959581851959229e-02
8.527866005897521973e-02
3.996833041310310364e-02
2.724071592092514038e-02
7.654266804456710815e-02
5.578566715121269226e-02
7.830388098955154419e-02
5.465345457196235657e-02
2.198366075754165649e-02
4.321707040071487427e-02
4.246246442198753357e-02
8.018895983695983887e-02
6.042522192001342773e-02
2.852595597505569458e-02
5.942427739500999451e-02
2.978719212114810944e-02
4.577957093715667725e-02
4.248712584376335144e-02
3.423113748431205750e-02
3.767784684896469116e-02
3.001171536743640900e-02
3.950688987970352173e-02
3.445087373256683350e-02
3.665082156658172607e-02
9.328338503837585449e-02
4.898682236671447754e-02
4.766964539885520935e-02
1.942775212228298187e-02
2.654811926186084747e-02
2.883292175829410553e-02
7.225549966096878052e-02
9.174706786870956421e-02
4.885090887546539307e-02
9.310199320316314697e-02
1.828803122043609619e-02
2.706114761531352997e-02
3.610957041382789612e-02
2.869419008493423462e-02
4.972365871071815491e-02
3.445026651024818420e-02
5.135774239897727966e-02
2.443276718258857727e-02
4.035052657127380371e-02
8.386089652776718140e-02
5.724722146987915039e-02
1.955194957554340363e-02
3.350961580872535706e-02
3.927254304289817810e-02
5.519022420048713684e-02
1.050368398427963257e-01
2.946380339562892914e-02
2.471102774143218994e-02
2.268572337925434113e-02
1.057061478495597839e-01
6.956264376640319824e-02
3.377927467226982117e-02
5.240175127983093262e-02
3.041624836623668671e-02
3.148569539189338684e-02
3.869557753205299377e-02
4.761800915002822876e-02
4.925021156668663025e-02
1.990391686558723450e-02
4.598274454474449158e-02
2.125610224902629852e-02
1.785441115498542786e-02
1.136760637164115906e-01
4.398923367261886597e-02
2.194380387663841248e-02
3.127720206975936890e-02
2.126491442322731018e-02
3.188718482851982117e-02
5.656493082642555237e-02
4.315359890460968018e-02
3.917418047785758972e-02
1.924372464418411255e-02
2.095361985266208649e-02
2.120814658701419830e-02
7.946773618459701538e-02
3.511833399534225464e-02
2.175456099212169647e-02
2.981556765735149384e-02
4.148250445723533630e-02
3.321857377886772156e-02
5.175449699163436890e-02
5.001575872302055359e-02
1.863920874893665314e-02
1.820801384747028351e-02
4.217671230435371399e-02
5.313028767704963684e-02
3.985487669706344604e-02
3.242834284901618958e-02
3.302084282040596008e-02
2.145330794155597687e-02
3.670310601592063904e-02
2.076259255409240723e-02
4.951361939311027527e-02
4.601629078388214111e-02
1.791888475418090820e-02
3.741995617747306824e-02
2.448162995278835297e-02
2.976283803582191467e-02
5.178020894527435303e-02
2.755916863679885864e-02
3.869013488292694092e-02
2.819685637950897217e-02
2.569770440459251404e-02
4.580677300691604614e-02
8.558288961648941040e-02
6.035850942134857178e-02
4.524817690253257751e-02
3.614483773708343506e-02
2.183536998927593231e-02
2.060966752469539642e-02
6.047203764319419861e-02
3.475568443536758423e-02
3.779813274741172791e-02
2.525335736572742462e-02
1.962652802467346191e-02
2.316505648195743561e-02
9.025765955448150635e-02
1.958658918738365173e-02
1.401466690003871918e-02
2.147010900080204010e-02
2.526679448783397675e-02
1.207800302654504776e-02
4.825219139456748962e-02
3.082263469696044922e-02
1.583191379904747009e-02
1.757848262786865234e-02
1.783576235175132751e-02
2.043906226754188538e-02
3.091883845627307892e-02
2.292937040328979492e-02
3.499634563922882080e-02
1.517586037516593933e-02
1.482627354562282562e-02
2.520099654793739319e-02
3.520682826638221741e-02
5.224427208304405212e-02
2.076904289424419403e-02
8.157190680503845215e-02
2.164326049387454987e-02
1.215023733675479889e-02
6.081369519233703613e-02
1.571547798812389374e-02
1.271441858261823654e-02
1.189310383051633835e-02
1.699362695217132568e-02
2.515846118330955505e-02
2.215930819511413574e-02
1.535611506551504135e-02
1.525273732841014862e-02
1.655928045511245728e-02
1.458090357482433319e-02
4.287336021661758423e-02
4.651108756661415100e-02
2.975295670330524445e-02
2.189567871391773224e-02
2.006535790860652924e-02
1.870210096240043640e-02
1.441326737403869629e-02
3.680720552802085876e-02
3.032065741717815399e-02
1.399432029575109482e-02
1.583104208111763000e-02
2.294852398335933685e-02
1.936667785048484802e-02
9.899248182773590088e-02
1.921595819294452667e-02
1.765774935483932495e-02
1.580932922661304474e-02
1.721016876399517059e-02
8.249387890100479126e-02
1.680790781974792480e-01
2.383399009704589844e-02
1.684883050620555878e-02
2.372827194631099701e-02
9.328728169202804565e-02
3.879750147461891174e-02
4.633915796875953674e-02
3.772528469562530518e-02
3.110747598111629486e-02
2.263356745243072510e-02
4.453999921679496765e-02
1.938309334218502045e-02
2.762409672141075134e-02
4.287270456552505493e-02
2.348608896136283875e-02
2.433926053345203400e-02
1.967021450400352478e-02
1.710368320345878601e-02
4.865700379014015198e-02
1.798946782946586609e-02
1.349892746657133102e-02
1.357514970004558563e-02
1.385273039340972900e-02
2.252083830535411835e-02
7.916370034217834473e-02
3.093894198536872864e-02
3.802499920129776001e-02
1.729164458811283112e-02
1.397812366485595703e-02
1.412556599825620651e-02
3.044410608708858490e-02
1.594544947147369385e-02
1.221276633441448212e-02
2.139322645962238312e-02
1.193564012646675110e-02
1.537617668509483337e-02
5.692864581942558289e-02
2.456759475171566010e-02
2.847823686897754669e-02
1.422716770321130753e-02
3.667955473065376282e-02
1.508223917335271835e-02
4.360788688063621521e-02
2.454702556133270264e-02
3.326895460486412048e-02
2.069061063230037689e-02
1.270388439297676086e-02
1.398248597979545593e-02
4.870862141251564026e-02
2.077397331595420837e-02
1.278756093233823776e-02
2.334543131291866302e-02
1.660059392452239990e-02
1.775790750980377197e-02
3.709233924746513367e-02
1.056362316012382507e-02
1.201695948839187622e-02
1.064650155603885651e-02
1.123108342289924622e-02
9.329413063824176788e-03
6.861097365617752075e-02
1.913943514227867126e-02
1.378033589571714401e-02
2.105152234435081482e-02
1.406162511557340622e-02
3.684229403734207153e-02
5.299182981252670288e-02
1.295351237058639526e-02
1.888566650450229645e-02
1.047401316463947296e-02
1.390100456774234772e-02
1.086486503481864929e-02
5.638097971677780151e-02
2.464237622916698456e-02
2.034133113920688629e-02
1.956122554838657379e-02
1.078108604997396469e-02
2.664224803447723389e-02
2.517000213265419006e-02
2.630077116191387177e-02
1.509454101324081421e-02
1.811710558831691742e-02
4.269535839557647705e-02
2.253006398677825928e-02
8.215169608592987061e-02
2.129115164279937744e-02
9.455838240683078766e-03
1.217330433428287506e-02
3.559980168938636780e-02
2.654526755213737488e-02
5.054721981287002563e-02
1.246615219861268997e-02
1.326631288975477219e-02
7.790540345013141632e-03
2.145435661077499390e-02
3.250570967793464661e-02
2.552953548729419708e-02
1.339975558221340179e-02
1.402309071272611618e-02
9.823902510106563568e-03
1.064010243862867355e-02
1.697889342904090881e-02
4.724025353789329529e-02
1.111937966197729111e-02
1.259212754666805267e-02
1.560172531753778458e-02
8.169089443981647491e-03
9.501740336418151855e-03
4.898136481642723083e-02
9.644121862947940826e-03
3.526116162538528442e-02
1.011016406118869781e-02
1.629548333585262299e-02
1.302870456129312515e-02
4.260486364364624023e-02
1.505684200674295425e-02
2.292738109827041626e-02
9.540869854390621185e-03
2.651210315525531769e-02
1.436197850853204727e-02
4.823033884167671204e-02
2.961850725114345551e-02
2.580134943127632141e-02
8.729953318834304810e-03
1.135622989386320114e-02
1.504643820226192474e-02
6.320513039827346802e-02
1.364459004253149033e-02
1.492404844611883163e-02
8.085612207651138306e-03
7.948424667119979858e-03
1.168183423578739166e-02
3.119649551808834076e-02
2.782794088125228882e-02
1.544642914086580276e-02
1.089931372553110123e-02
7.784198038280010223e-03
9.128285571932792664e-03
2.715274132788181305e-02
1.190848089754581451e-02
1.139834616333246231e-02
9.683891199529170990e-03
1.096185017377138138e-02
1.274149119853973389e-02
1.383777894079685211e-02
1.388752087950706482e-02
1.467021368443965912e-02
9.217117913067340851e-03
9.358013980090618134e-03
7.278625853359699249e-03
1.881457865238189697e-02
1.118025369942188263e-02
1.481701992452144623e-02
2.820988744497299194e-02
3.545006737112998962e-02
9.583640843629837036e-03
2.757810242474079132e-02
1.918147318065166473e-02
1.013294793665409088e-02
5.112872272729873657e-02
3.443515300750732422e-02
4.067524895071983337e-02
6.955207884311676025e-02
3.271009773015975952e-02
1.114100869745016098e-02
1.116844639182090759e-02
1.467774808406829834e-01
1.165126264095306396e-02
3.777246922254562378e-02
1.103139203041791916e-02
1.513403281569480896e-02
1.234951335936784744e-02
2.100397646427154541e-02
1.825304329395294189e-02
2.163385786116123199e-02
1.521676685661077499e-02
1.000102516263723373e-02
1.305922865867614746e-02
1.331698056310415268e-02
9.967888705432415009e-03
2.008583210408687592e-02
9.165314026176929474e-03
9.472573176026344299e-03
1.888443343341350555e-02
5.772523116320371628e-03
1.216453872621059418e-02
6.038628518581390381e-02
1.933487318456172943e-02
1.228100061416625977e-02
1.354561280459165573e-02
8.398768492043018341e-03
1.573006808757781982e-02
2.369773015379905701e-02
1.442312169820070267e-02
6.296952813863754272e-02
1.970386132597923279e-02
1.242323592305183411e-02
8.979693986475467682e-03
7.621580362319946289e-02
2.226359769701957703e-02
1.144571974873542786e-02
7.524864282459020615e-03
6.201256997883319855e-03
1.094785146415233612e-02
1.124666910618543625e-02
1.633273065090179443e-02
1.249414402991533279e-02
1.489071641117334366e-02
8.134045638144016266e-03
1.208684686571359634e-02
2.787425927817821503e-02
2.371122129261493683e-02
8.586246520280838013e-03
1.105393283069133759e-02
8.452127687633037567e-03
1.107501983642578125e-02
2.889945544302463531e-02
1.932492293417453766e-02
7.499872241169214249e-03
9.686778299510478973e-03
1.657113619148731232e-02
2.485231682658195496e-02
1.710920408368110657e-02
1.125524193048477173e-02
1.569767855107784271e-02
7.917577400803565979e-03
7.176961284130811691e-03
1.182690914720296860e-02
9.884836524724960327e-02
7.781469728797674179e-03
9.241325780749320984e-03
9.870096109807491302e-03
7.961759343743324280e-03
8.893590420484542847e-03
3.115152940154075623e-02
1.278274413198232651e-02
1.399791333824396133e-02
1.141910068690776825e-02
6.908918265253305435e-03
8.941583335399627686e-03
3.466322645545005798e-02
2.549878694117069244e-02
1.066460181027650833e-02
1.490223407745361328e-02
2.478992193937301636e-02
9.837436489760875702e-03
2.603443525731563568e-02
1.361398026347160339e-02
1.067526638507843018e-02
9.894772432744503021e-03
4.029906541109085083e-02
7.378471549600362778e-03
2.381657809019088745e-02
1.678582653403282166e-02
6.370565388351678848e-03
5.264635197818279266e-03
1.516446936875581741e-02
7.915705442428588867e-03
2.220612205564975739e-02
8.884946815669536591e-03
7.603256497532129288e-03
6.281966809183359146e-03
1.634932309389114380e-02
6.511571351438760757e-03
2.881479635834693909e-02
3.301559016108512878e-02
1.913942769169807434e-02
7.160791195929050446e-03
7.249518297612667084e-03
9.106202982366085052e-03
1.395876146852970123e-02
2.871530875563621521e-02
1.287086401134729385e-02
1.254231482744216919e-02
7.150776684284210205e-03
9.174738079309463501e-03
1.104640029370784760e-02
3.583695366978645325e-02
2.893137186765670776e-02
3.038465790450572968e-02
9.230658411979675293e-03
8.846838027238845825e-03
5.339027941226959229e-02
2.371376566588878632e-02
1.144275814294815063e-02
2.892787754535675049e-02
1.400042790919542313e-02
3.139589354395866394e-02
1.505547668784856796e-02
1.106254104524850845e-02
1.199689041823148727e-02
1.208263635635375977e-02
5.586924962699413300e-03
8.912086486816406250e-03
1.181420218199491501e-02
2.411499805748462677e-02
1.872518472373485565e-02
9.897135198116302490e-03
6.477582268416881561e-03
1.026742719113826752e-02
2.285820990800857544e-02
1.043112017214298248e-02
7.494500838220119476e-03
6.541098002344369888e-03
8.470564149320125580e-03
7.673421408981084824e-03
1.694163307547569275e-02
9.209319017827510834e-03
1.358821615576744080e-02
8.891648612916469574e-03
7.588054519146680832e-03
4.849538207054138184e-03
1.214284729212522507e-02
1.116782892495393753e-02
2.449482306838035583e-02
1.275279093533754349e-02
5.245146807283163071e-03
6.307698786258697510e-03
1.381408516317605972e-02
2.989127859473228455e-02
9.968888014554977417e-03
1.175824459642171860e-02
5.682401359081268311e-03
9.178319945931434631e-03
3.622829914093017578e-02
1.838306896388530731e-02
1.813449151813983917e-02
2.037968486547470093e-02
6.792537402361631393e-03
9.415910579264163971e-03
3.049607761204242706e-02
5.919746123254299164e-03
6.646073423326015472e-03
1.511285360902547836e-02
1.069377642124891281e-02
6.131189875304698944e-03
1.781201176345348358e-02
7.332413457334041595e-03
6.382562220096588135e-03
5.844889674335718155e-03
4.213254898786544800e-02
6.544318050146102905e-03
9.117763489484786987e-03
8.379659615457057953e-03
1.924331486225128174e-02
7.602097466588020325e-03
6.595727056264877319e-03
8.438019081950187683e-03
1.739286258816719055e-02
8.663071319460868835e-03
1.162008196115493774e-02
6.580774206668138504e-03
6.680317223072052002e-03
5.164349451661109924e-03
9.462292306125164032e-03
1.867612451314926147e-02
6.853898521512746811e-03
7.125493604689836502e-03
4.228209145367145538e-03
4.558136221021413803e-03
2.144309692084789276e-02
3.919699415564537048e-02
1.286265719681978226e-02
7.363793905824422836e-03
5.802230909466743469e-03
1.301983837038278580e-02
9.837859310209751129e-03
1.625164225697517395e-02
6.167504936456680298e-03
7.040078286081552505e-03
5.318783223628997803e-03
7.311399094760417938e-03
1.861125603318214417e-02
2.004385925829410553e-02
8.517068810760974884e-03
5.946345627307891846e-03
6.825839634984731674e-03
4.734881222248077393e-03
1.436181180179119110e-02
1.081151142716407776e-02
6.055377423763275146e-03
4.304252564907073975e-03
1.117089297622442245e-02
4.963859915733337402e-03
6.615550071001052856e-02
7.194993086159229279e-03
6.820695474743843079e-03
6.722270045429468155e-03
1.302072964608669281e-02
6.597871426492929459e-03
3.411503508687019348e-02
3.302874788641929626e-02
1.434303727000951767e-02
5.561734549701213837e-03
3.385722264647483826e-02
9.695454500615596771e-03
2.277716062963008881e-02
9.933121502399444580e-03
7.728840690106153488e-03
2.280196733772754669e-02
5.515127908438444138e-03
5.712295416742563248e-03
5.225303024053573608e-02
6.979078985750675201e-03
1.227803807705640793e-02
1.438536960631608963e-02
5.272949580103158951e-03
6.557563785463571548e-03
3.368689492344856262e-02
7.558401674032211304e-03
1.125125959515571594e-02
6.096693687140941620e-03
1.598596386611461639e-02
1.214167661964893341e-02
3.964910656213760376e-02
5.835346877574920654e-03
9.076906368136405945e-03
6.175389979034662247e-03
1.587493717670440674e-02
1.200775057077407837e-02
2.870683185756206512e-02
1.357130799442529678e-02
7.433792576193809509e-03
5.554828327149152756e-03
1.629518717527389526e-02
2.410629391670227051e-02
2.348466962575912476e-02
6.549626123160123825e-03
6.464911159127950668e-03
6.356700509786605835e-02
4.810316953808069229e-03
1.318480167537927628e-02
1.138395257294178009e-02
1.507977675646543503e-02
1.373088080435991287e-02
6.670427508652210236e-03
5.345786921679973602e-03
1.239032670855522156e-02
1.608561351895332336e-02
2.225727587938308716e-02
5.408810917288064957e-03
5.615882575511932373e-03
5.881540011614561081e-03
5.784237757325172424e-03
7.577550597488880157e-03
1.576477289199829102e-02
1.107290573418140411e-02
4.525983240455389023e-03
4.846471827477216721e-03
4.396234638988971710e-03
1.102322246879339218e-02
7.305002305656671524e-03
9.347621351480484009e-03
7.629998959600925446e-03
4.825811367481946945e-03
3.554700175300240517e-03
9.171503596007823944e-03
7.802500389516353607e-03
1.453850045800209045e-02
6.355633959174156189e-03
6.016338709741830826e-03
5.850319284945726395e-03
1.033930014818906784e-02
4.710438195616006851e-03
9.797813370823860168e-03
5.140655674040317535e-03
5.129091441631317139e-03
1.426587626338005066e-02
1.297207176685333252e-02
7.264458108693361282e-03
5.368669051676988602e-03
4.863234702497720718e-03
5.684210918843746185e-03
4.405381623655557632e-03
1.358945854008197784e-02
7.021643221378326416e-03
1.751339994370937347e-02
4.040929023176431656e-03
7.127528078854084015e-03
4.090642556548118591e-03
3.029219433665275574e-02
2.183968573808670044e-02
2.265959791839122772e-02
5.901524331420660019e-03
6.924185436218976974e-03
4.058790858834981918e-03
8.333342149853706360e-03
1.899342983961105347e-02
6.846717093139886856e-03
5.479270592331886292e-03
7.115600630640983582e-03
5.441903602331876755e-03
5.992585327476263046e-03
2.965271845459938049e-02
7.139994297176599503e-03
1.357010379433631897e-02
5.046423990279436111e-03
4.712078720331192017e-03
7.448061835020780563e-03
1.704586669802665710e-02
7.611235603690147400e-03
3.179418295621871948e-02
3.630445897579193115e-02
7.988790050148963928e-03
1.097913086414337158e-02
5.801527295261621475e-03
8.661853149533271790e-03
5.839957855641841888e-03
4.105001222342252731e-03
5.171212833374738693e-03
7.207872346043586731e-03
6.104318425059318542e-03
9.108603931963443756e-03
7.450660225003957748e-03
7.538145873695611954e-03
3.301954129710793495e-03
3.736558184027671814e-02
6.899960339069366455e-03
9.283488616347312927e-03
5.134012084454298019e-03
5.381555762141942978e-03
3.827036358416080475e-03
1.690234430134296417e-02
7.512378040701150894e-03
1.178644970059394836e-02
3.717278363183140755e-03
1.076744962483644485e-02
4.693172872066497803e-03
1.267959456890821457e-02
9.144272655248641968e-03
5.667133256793022156e-03
1.254458911716938019e-02
9.067098610103130341e-03
9.729632176458835602e-03
1.053533609956502914e-02
8.612639270722866058e-03
9.960081428289413452e-03
1.528319343924522400e-02
3.718831343576312065e-03
1.409934461116790771e-02
9.234664961695671082e-03
4.929990973323583603e-03
6.733696907758712769e-03
5.446327384561300278e-03
3.764300839975476265e-03
4.802002571523189545e-03
1.378599181771278381e-02
3.890240564942359924e-03
6.097601260989904404e-03
4.561284556984901428e-03
3.341298550367355347e-03
4.518361762166023254e-03
5.110905971378087997e-03
7.994424551725387573e-03
7.759051397442817688e-03
4.393728915601968765e-03
3.550201188772916794e-03
3.082913579419255257e-03
1.250538229942321777e-02
4.024760797619819641e-03
8.301335386931896210e-03
6.043563596904277802e-03
3.251071088016033173e-03
3.314648289233446121e-03
1.273840386420488358e-02
9.067382663488388062e-03
9.364345110952854156e-03
4.262968432158231735e-03
7.391743361949920654e-03
3.290657186880707741e-03
1.234464161098003387e-02
1.866446621716022491e-02
7.039782125502824783e-03
5.445226561278104782e-03
4.394360817968845367e-03
5.369083955883979797e-03
1.085941400378942490e-02
5.012327339500188828e-03
4.705412779003381729e-03
3.187088528648018837e-03
1.189123466610908508e-02
2.946007531136274338e-03
1.335943583399057388e-02
9.501612745225429535e-03
5.591715686023235321e-03
1.021901238709688187e-02
1.919818483293056488e-02
3.626629710197448730e-02
1.934156566858291626e-02
5.030225962400436401e-03
5.388227757066488266e-03
9.877891279757022858e-03
2.306070365011692047e-02
7.706594187766313553e-03
9.710576385259628296e-03
1.733507029712200165e-02
9.569139219820499420e-03
5.979904439300298691e-03
4.294359125196933746e-03
5.237323231995105743e-03
1.181539241224527359e-02
2.103660628199577332e-02
1.153981499373912811e-02
3.519988618791103363e-03
3.981817513704299927e-03
4.768900107592344284e-03
8.407160639762878418e-03
1.482133381068706512e-02
3.506017150357365608e-03
4.853628575801849365e-03
5.862915888428688049e-03
5.677879322320222855e-03
9.520672261714935303e-03
7.143134716898202896e-03
9.109836071729660034e-03
3.934977110475301743e-03
3.818002995103597641e-03
5.071620922535657883e-03
1.062699779868125916e-02
6.345518864691257477e-03
5.674575921148061752e-03
8.380800485610961914e-03
6.382378283888101578e-03
2.905419329181313515e-03
1.096783485263586044e-02
3.875417867675423622e-03
6.419758778065443039e-03
4.970130976289510727e-03
3.458999563008546829e-03
9.283340536057949066e-03
6.001593172550201416e-02
5.348397884517908096e-03
6.598346401005983353e-03
4.243738483637571335e-03
4.801045171916484833e-03
3.081184253096580505e-02
6.325823720544576645e-03
6.164071150124073029e-03
5.031306296586990356e-03
7.862008176743984222e-03
1.112030912190675735e-02
1.431930810213088989e-02
6.567959208041429520e-03
1.149260532110929489e-02
3.797554410994052887e-03
6.031899712979793549e-03
4.242875613272190094e-03
8.996225893497467041e-03
1.870186254382133484e-02
7.792385295033454895e-03
5.957289133220911026e-03
2.791514620184898376e-03
5.916770547628402710e-03
5.550751462578773499e-03
7.156420499086380005e-03
1.738060265779495239e-02
4.182274453341960907e-03
3.038552589714527130e-03
4.860052373260259628e-03
4.720542579889297485e-03
4.305767640471458435e-02
4.527262412011623383e-03
4.735118709504604340e-03
7.602162193506956100e-03
3.979170694947242737e-03
1.867594569921493530e-02
7.164063397794961929e-03
5.542942322790622711e-03
4.853498656302690506e-03
1.411593705415725708e-02
1.373431831598281860e-02
3.615906462073326111e-03
9.899044409394264221e-03
9.211617521941661835e-03
4.251761361956596375e-03
6.842165254056453705e-03
3.930086735635995865e-03
6.984193809330463409e-03
2.425482869148254395e-02
4.002668429166078568e-03
4.666609689593315125e-03
4.317886661738157272e-03
4.579806700348854065e-03
4.594208206981420517e-03
7.452150341123342514e-03
4.043803084641695023e-03
3.892791690304875374e-03
3.729654476046562195e-03
8.830793201923370361e-03
5.266583058983087540e-03
2.094222418963909149e-02
1.816567219793796539e-02
4.379117861390113831e-03
5.780436098575592041e-03
2.603041240945458412e-03
2.182414196431636810e-02
7.924905046820640564e-03
4.251004196703433990e-03
3.306425735354423523e-02
1.648425310850143433e-02
4.919203463941812515e-03
4.193238914012908936e-03
1.434960402548313141e-02
1.277256011962890625e-02
4.890691023319959641e-03
4.400881472975015640e-03
3.898224327713251114e-03
3.914812114089727402e-03
9.786718524992465973e-03
1.548257563263177872e-02
3.930574283003807068e-03
5.346657242625951767e-03
5.647234153002500534e-03
1.076112594455480576e-02
5.344206001609563828e-03
5.557476077228784561e-03
1.256379578262567520e-02
4.382771439850330353e-03
2.787817968055605888e-03
3.323836484923958778e-03
1.792360655963420868e-02
1.539587229490280151e-02
3.444267436861991882e-03
3.949276637285947800e-03
3.383513540029525757e-03
4.164692014455795288e-03
4.399324581027030945e-02
9.539810940623283386e-03
5.103270523250102997e-03
5.776893813163042068e-03
4.803129937499761581e-03
3.294607158750295639e-03
6.369559559971094131e-03
6.707570515573024750e-03
3.334750887006521225e-03
3.622386138886213303e-03
3.944170195609331131e-03
3.739249333739280701e-02
3.203475382179021835e-03
4.941743798553943634e-03
5.818801466375589371e-03
9.967096149921417236e-03
5.600704345852136612e-03
8.368240669369697571e-03
2.673817612230777740e-02
6.433695554733276367e-03
6.596240680664777756e-03
3.047405974939465523e-03
4.087903071194887161e-03
1.998462900519371033e-02
1.074662711471319199e-02
1.035299804061651230e-02
2.357984427362680435e-03
3.920208197087049484e-03
6.356428377330303192e-03
3.410611767321825027e-03
7.172428071498870850e-03
2.076270990073680878e-02
7.301880512386560440e-03
3.109800163656473160e-03
8.206812664866447449e-03
1.296065188944339752e-02
4.076581448316574097e-03
3.997831605374813080e-03
3.258696990087628365e-03
4.457730799913406372e-03
3.412539605051279068e-03
5.804811138659715652e-03
1.232733763754367828e-02
7.707395125180482864e-03
4.520201124250888824e-03
3.272436326369643211e-03
4.260058049112558365e-03
3.942097537219524384e-03
1.246210746467113495e-02
1.369206886738538742e-02
6.404371932148933411e-03
3.114934079349040985e-03
2.363875042647123337e-03
3.116539912298321724e-03
6.357995327562093735e-03
2.854089066386222839e-02
6.192507222294807434e-03
4.773815162479877472e-03
3.669006517156958580e-03
6.871341262012720108e-03
4.262944217771291733e-03
5.291585344821214676e-03
3.896787064149975777e-03
3.650971688330173492e-03
4.032386001199483871e-03
1.411611959338188171e-02
4.017252475023269653e-03
8.128274232149124146e-03
2.586520649492740631e-02
7.904794067144393921e-03
1.403424795717000961e-02
3.092161146923899651e-03
3.352336352691054344e-03
8.162287063896656036e-03
3.039414063096046448e-03
3.141203662380576134e-03
3.632941283285617828e-03
2.203913871198892593e-03
7.765249814838171005e-03
4.155790433287620544e-03
2.908383263275027275e-03
4.787476267665624619e-03
3.311492269858717918e-03
3.238765290006995201e-03
8.057003468275070190e-02
4.572018980979919434e-03
4.127399064600467682e-03
2.796859014779329300e-03
3.461945429444313049e-02
3.002508077770471573e-03
4.705033730715513229e-03
5.904997233301401138e-03
3.002707380801439285e-03
3.999273292720317841e-03
2.096779411658644676e-03
2.882102504372596741e-03
1.412101648747920990e-02
5.223299376666545868e-03
6.625456269830465317e-03
2.818404929712414742e-03
4.269504919648170471e-03
5.070874933153390884e-03
2.430560067296028137e-02
3.687116783112287521e-03
2.397513948380947113e-03
3.135632257908582687e-03
3.104725852608680725e-03
1.096935942769050598e-02
1.213284302502870560e-02
5.179055966436862946e-03
7.556901313364505768e-03
4.190970677882432938e-03
3.640536591410636902e-02
2.916173078119754791e-03
4.598817788064479828e-03
4.959085024893283844e-03
4.137864802032709122e-03
3.558020805940032005e-03
2.605006098747253418e-03
2.237289678305387497e-03
5.207986105233430862e-03
2.858245512470602989e-03
4.316405858844518661e-03
3.316725604236125946e-03
3.106608055531978607e-03
3.408790798857808113e-03
6.962152663618326187e-03
1.626397855579853058e-02
5.447969771921634674e-03
8.513746783137321472e-03
4.474401473999023438e-03
6.364025641232728958e-03
1.968059130012989044e-02
2.099145203828811646e-02
7.914273068308830261e-03
5.421464797109365463e-03
4.217375535517930984e-03
3.380949422717094421e-02
1.775421202182769775e-02
4.166262224316596985e-03
4.484754055738449097e-03
5.253584124147891998e-03
4.849887918680906296e-03
3.603617893531918526e-03
4.976842086762189865e-03
4.320709500461816788e-03
1.981934532523155212e-03
3.173265140503644943e-03
3.500099061056971550e-03
2.880824031308293343e-03
1.890966854989528656e-02
4.601611755788326263e-03
5.041774827986955643e-03
3.773288801312446594e-03
4.417045041918754578e-03
4.476218484342098236e-03
3.532319143414497375e-02
6.063445005565881729e-03
4.753434099256992340e-03
5.368118174374103546e-03
6.368136964738368988e-03
3.264842089265584946e-03
2.944720163941383362e-02
2.271946147084236145e-02
3.465633373707532883e-03
2.247892087325453758e-03
5.550705362111330032e-03
1.217804197221994400e-02
3.985633142292499542e-03
1.704398542642593384e-02
1.147923432290554047e-02
3.811994334682822227e-03
2.724459394812583923e-02
1.230697333812713623e-02
3.284233622252941132e-03
6.348033901304006577e-03
3.397981170564889908e-03
5.964654497802257538e-03
1.625883392989635468e-02
1.031589880585670471e-02
8.438370190560817719e-03
4.258751869201660156e-03
1.782767288386821747e-02
4.344072658568620682e-03
2.676562638953328133e-03
2.018286287784576416e-02
9.246399626135826111e-03
5.410199519246816635e-03
6.486176978796720505e-03
3.363329451531171799e-03
5.179196596145629883e-03
4.042639862746000290e-03
1.104746665805578232e-02
1.713573373854160309e-02
2.818625885993242264e-03
1.703887130133807659e-03
8.847258053719997406e-03
5.187625531107187271e-03
7.245386950671672821e-03
4.149553366005420685e-03
4.792150575667619705e-03
2.997104078531265259e-03
3.119144821539521217e-03
4.239163827151060104e-03
