7.286558151245117188e-01
1.380372047424316406e-02
1.351618766784667969e-02
1.283979415893554688e-02
1.272082328796386719e-02
1.273155212402343750e-02
1.217055320739746094e-02
1.212644577026367188e-02
1.221013069152832031e-02
1.269888877868652344e-02
1.265287399291992188e-02
1.219344139099121094e-02
1.248669624328613281e-02
1.231741905212402344e-02
1.220011711120605469e-02
1.206111907958984375e-02
1.234602928161621094e-02
1.171422004699707031e-02
1.108384132385253906e-02
1.181125640869140625e-02
1.112699508666992188e-02
1.174116134643554688e-02
1.169300079345703125e-02
1.109623908996582031e-02
1.182103157043457031e-02
2.014136314392089844e-02
2.641487121582031250e-02
2.404808998107910156e-02
1.344347000122070312e-02
7.521867752075195312e-03
7.597446441650390625e-03
7.364511489868164062e-03
8.296489715576171875e-03
1.360535621643066406e-02
1.515150070190429688e-02
7.531642913818359375e-03
7.282257080078125000e-03
7.224798202514648438e-03
7.025003433227539062e-03
1.439166069030761719e-02
1.676869392395019531e-02
1.797389984130859375e-02
1.677751541137695312e-02
1.425313949584960938e-02
7.210016250610351562e-03
1.010966300964355469e-02
1.176929473876953125e-02
1.334452629089355469e-02
1.241827011108398438e-02
1.247215270996093750e-02
1.254224777221679688e-02
1.002883911132812500e-02
2.221632003784179688e-02
1.988744735717773438e-02
1.980233192443847656e-02
1.965904235839843750e-02
1.281118392944335938e-02
1.196718215942382812e-02
7.014751434326171875e-03
6.983280181884765625e-03
1.667332649230957031e-02
1.139974594116210938e-02
8.933544158935546875e-03
7.147550582885742188e-03
7.190465927124023438e-03
7.101297378540039062e-03
7.187128067016601562e-03
7.087707519531250000e-03
7.275342941284179688e-03
8.800029754638671875e-03
1.129508018493652344e-02
1.188588142395019531e-02
1.108455657958984375e-02
1.307535171508789062e-02
1.522469520568847656e-02
1.032876968383789062e-02
7.219552993774414062e-03
6.975173950195312500e-03
2.198839187622070312e-02
2.098989486694335938e-02
1.632618904113769531e-02
1.251840591430664062e-02
1.261711120605468750e-02
1.215267181396484375e-02
7.297515869140625000e-03
8.929729461669921875e-03
7.407426834106445312e-03
7.104635238647460938e-03
7.096529006958007812e-03
7.115840911865234375e-03
1.272177696228027344e-02
1.196527481079101562e-02
1.196885108947753906e-02
1.188135147094726562e-02
1.450777053833007812e-02
1.508665084838867188e-02
8.676290512084960938e-03
7.018566131591796875e-03
6.947994232177734375e-03
6.994485855102539062e-03
1.063132286071777344e-02
1.313638687133789062e-02
1.276946067810058594e-02
8.276700973510742188e-03
2.451515197753906250e-02
2.095270156860351562e-02
1.905703544616699219e-02
1.877808570861816406e-02
1.733469963073730469e-02
1.774835586547851562e-02
1.756906509399414062e-02
1.179814338684082031e-02
1.096367835998535156e-02
1.493287086486816406e-02
1.722073554992675781e-02
8.698940277099609375e-03
6.947994232177734375e-03
6.971836090087890625e-03
6.992340087890625000e-03
1.091027259826660156e-02
1.661014556884765625e-02
1.618981361389160156e-02
1.595878601074218750e-02
1.221871376037597656e-02
1.179027557373046875e-02
1.209712028503417969e-02
1.099920272827148438e-02
1.191377639770507812e-02
1.202988624572753906e-02
6.589412689208984375e-03
2.183818817138671875e-02
2.208876609802246094e-02
2.010035514831542969e-02
1.972270011901855469e-02
1.984143257141113281e-02
1.971769332885742188e-02
1.416373252868652344e-02
1.186013221740722656e-02
1.195573806762695312e-02
1.181697845458984375e-02
6.867170333862304688e-03
6.908893585205078125e-03
6.820201873779296875e-03
6.775140762329101562e-03
1.170110702514648438e-02
1.195120811462402344e-02
1.196575164794921875e-02
1.196575164794921875e-02
1.196670532226562500e-02
8.629798889160156250e-03
6.960630416870117188e-03
6.934404373168945312e-03
1.215434074401855469e-02
1.884293556213378906e-02
2.121520042419433594e-02
1.684451103210449219e-02
2.258253097534179688e-02
2.208209037780761719e-02
2.102923393249511719e-02
2.276587486267089844e-02
2.008605003356933594e-02
2.199506759643554688e-02
2.203059196472167969e-02
2.207756042480468750e-02
2.228188514709472656e-02
2.234315872192382812e-02
2.196693420410156250e-02
2.312254905700683594e-02
1.208758354187011719e-02
1.190948486328125000e-02
1.191091537475585938e-02
1.257228851318359375e-02
1.673531532287597656e-02
1.598668098449707031e-02
8.691072463989257812e-03
8.515357971191406250e-03
7.375001907348632812e-03
6.755113601684570312e-03
6.821155548095703125e-03
1.174926757812500000e-02
1.121997833251953125e-02
6.449937820434570312e-03
2.361249923706054688e-02
2.237915992736816406e-02
2.104735374450683594e-02
1.671838760375976562e-02
1.217675209045410156e-02
1.196002960205078125e-02
1.202487945556640625e-02
1.208853721618652344e-02
1.179647445678710938e-02
1.185965538024902344e-02
1.203131675720214844e-02
1.205706596374511719e-02
1.196098327636718750e-02
1.207232475280761719e-02
1.193261146545410156e-02
1.186466217041015625e-02
1.182460784912109375e-02
1.196599006652832031e-02
1.477217674255371094e-02
1.295924186706542969e-02
1.254391670227050781e-02
6.948709487915039062e-03
6.963968276977539062e-03
6.839513778686523438e-03
1.046109199523925781e-02
1.830816268920898438e-02
2.229523658752441406e-02
1.803541183471679688e-02
7.046222686767578125e-03
1.073050498962402344e-02
1.231336593627929688e-02
1.262354850769042969e-02
1.474547386169433594e-02
1.323175430297851562e-02
7.402420043945312500e-03
6.996393203735351562e-03
6.916046142578125000e-03
6.881475448608398438e-03
1.428079605102539062e-02
2.000546455383300781e-02
1.372551918029785156e-02
8.673429489135742188e-03
8.629083633422851562e-03
6.838083267211914062e-03
6.868124008178710938e-03
6.978511810302734375e-03
6.966352462768554688e-03
7.077217102050781250e-03
1.111888885498046875e-02
1.114463806152343750e-02
6.979942321777343750e-03
6.456613540649414062e-03
2.232170104980468750e-02
2.005314826965332031e-02
2.011799812316894531e-02
1.993727684020996094e-02
1.995730400085449219e-02
1.879906654357910156e-02
1.469182968139648438e-02
1.139760017395019531e-02
8.689641952514648438e-03
6.914854049682617188e-03
6.946325302124023438e-03
7.056236267089843750e-03
6.966352462768554688e-03
6.913900375366210938e-03
7.111310958862304688e-03
6.931066513061523438e-03
6.921768188476562500e-03
6.923675537109375000e-03
6.928920745849609375e-03
1.366519927978515625e-02
1.197910308837890625e-02
1.028537750244140625e-02
1.033163070678710938e-02
7.025480270385742188e-03
7.097959518432617188e-03
1.144576072692871094e-02
2.220916748046875000e-02
2.004814147949218750e-02
1.995587348937988281e-02
1.660704612731933594e-02
1.474881172180175781e-02
1.275873184204101562e-02
1.194596290588378906e-02
1.420259475708007812e-02
1.427960395812988281e-02
1.438164710998535156e-02
7.080316543579101562e-03
6.877899169921875000e-03
1.025319099426269531e-02
1.124048233032226562e-02
6.941556930541992188e-03
6.951808929443359375e-03
6.951570510864257812e-03
1.419663429260253906e-02
1.644301414489746094e-02
8.670806884765625000e-03
6.956815719604492188e-03
6.875753402709960938e-03
8.635282516479492188e-03
6.987094879150390625e-03
7.072210311889648438e-03
6.478548049926757812e-03
2.234077453613281250e-02
2.003693580627441406e-02
1.991701126098632812e-02
1.431703567504882812e-02
1.207065582275390625e-02
2.000045776367187500e-02
2.000784873962402344e-02
1.999068260192871094e-02
1.982498168945312500e-02
1.991486549377441406e-02
1.998543739318847656e-02
1.982307434082031250e-02
1.990938186645507812e-02
2.005290985107421875e-02
1.754665374755859375e-02
1.414251327514648438e-02
1.109623908996582031e-02
8.571863174438476562e-03
1.015830039978027344e-02
6.985902786254882812e-03
6.879806518554687500e-03
6.969690322875976562e-03
6.867170333862304688e-03
6.821155548095703125e-03
1.076245307922363281e-02
6.450176239013671875e-03
2.744841575622558594e-02
2.739262580871582031e-02
2.315115928649902344e-02
2.434897422790527344e-02
2.176618576049804688e-02
9.146451950073242188e-03
7.045030593872070312e-03
7.097721099853515625e-03
7.139921188354492188e-03
6.970405578613281250e-03
1.015877723693847656e-02
1.115417480468750000e-02
8.724451065063476562e-03
7.009506225585937500e-03
6.953954696655273438e-03
6.924629211425781250e-03
8.119583129882812500e-03
1.079630851745605469e-02
9.911537170410156250e-03
1.467299461364746094e-02
1.492953300476074219e-02
1.550769805908203125e-02
1.119112968444824219e-02
8.616447448730468750e-03
1.085543632507324219e-02
8.279085159301757812e-03
2.342367172241210938e-02
1.982188224792480469e-02
1.669692993164062500e-02
1.221418380737304688e-02
1.198220252990722656e-02
1.208233833312988281e-02
1.198267936706542969e-02
1.204776763916015625e-02
1.202797889709472656e-02
1.205778121948242188e-02
1.235055923461914062e-02
1.203203201293945312e-02
1.194739341735839844e-02
1.432704925537109375e-02
1.436948776245117188e-02
1.430082321166992188e-02
1.208949089050292969e-02
1.200628280639648438e-02
1.208424568176269531e-02
1.206350326538085938e-02
1.254057884216308594e-02
1.195621490478515625e-02
1.493430137634277344e-02
7.051706314086914062e-03
6.978988647460937500e-03
6.628274917602539062e-03
2.257466316223144531e-02
1.687717437744140625e-02
1.212501525878906250e-02
1.203465461730957031e-02
1.257491111755371094e-02
1.201462745666503906e-02
1.205492019653320312e-02
1.194214820861816406e-02
1.207852363586425781e-02
1.209473609924316406e-02
1.209354400634765625e-02
1.224350929260253906e-02
1.191282272338867188e-02
1.199555397033691406e-02
1.206946372985839844e-02
1.279568672180175781e-02
1.272344589233398438e-02
1.207208633422851562e-02
1.206326484680175781e-02
1.209330558776855469e-02
1.218914985656738281e-02
1.255607604980468750e-02
1.215243339538574219e-02
1.205825805664062500e-02
1.214838027954101562e-02
6.765127182006835938e-03
2.292084693908691406e-02
2.130675315856933594e-02
1.443815231323242188e-02
7.213592529296875000e-03
1.068282127380371094e-02
1.187896728515625000e-02
1.205587387084960938e-02
1.215386390686035156e-02
1.245021820068359375e-02
1.219773292541503906e-02
1.206111907958984375e-02
1.210045814514160156e-02
1.262617111206054688e-02
1.201319694519042969e-02
1.201343536376953125e-02
1.198554039001464844e-02
1.197695732116699219e-02
1.251745223999023438e-02
1.189494132995605469e-02
1.272869110107421875e-02
1.439476013183593750e-02
1.471805572509765625e-02
1.135230064392089844e-02
1.181745529174804688e-02
6.960391998291015625e-03
6.541252136230468750e-03
2.371573448181152344e-02
2.032327651977539062e-02
7.151603698730468750e-03
6.860017776489257812e-03
1.427030563354492188e-02
1.455736160278320312e-02
1.671195030212402344e-02
1.776862144470214844e-02
1.430726051330566406e-02
1.205825805664062500e-02
1.228976249694824219e-02
1.197052001953125000e-02
1.199102401733398438e-02
1.199078559875488281e-02
1.200795173645019531e-02
1.185226440429687500e-02
1.236605644226074219e-02
1.203775405883789062e-02
1.202583312988281250e-02
1.198744773864746094e-02
1.203536987304687500e-02
1.229977607727050781e-02
1.392483711242675781e-02
1.322174072265625000e-02
1.497292518615722656e-02
1.655030250549316406e-02
2.237010002136230469e-02
1.678133010864257812e-02
1.209259033203125000e-02
1.260066032409667969e-02
6.979465484619140625e-03
6.927490234375000000e-03
1.200675964355468750e-02
1.192951202392578125e-02
7.164716720581054688e-03
7.060050964355468750e-03
6.926774978637695312e-03
1.277065277099609375e-02
1.310300827026367188e-02
8.681058883666992188e-03
6.946563720703125000e-03
7.139205932617187500e-03
1.081132888793945312e-02
1.220440864562988281e-02
1.117134094238281250e-02
6.967782974243164062e-03
6.884098052978515625e-03
6.853342056274414062e-03
6.818294525146484375e-03
7.104873657226562500e-03
1.175212860107421875e-02
8.125782012939453125e-03
2.264976501464843750e-02
1.664566993713378906e-02
1.223301887512207031e-02
1.194548606872558594e-02
1.201272010803222656e-02
1.193571090698242188e-02
6.990432739257812500e-03
6.858587265014648438e-03
6.942987442016601562e-03
6.895065307617187500e-03
1.646351814270019531e-02
1.522016525268554688e-02
1.431226730346679688e-02
8.895397186279296875e-03
7.159233093261718750e-03
1.012492179870605469e-02
1.189589500427246094e-02
1.215672492980957031e-02
1.209902763366699219e-02
1.209783554077148438e-02
1.220464706420898438e-02
1.197528839111328125e-02
1.205468177795410156e-02
1.202225685119628906e-02
1.744055747985839844e-02
8.250951766967773438e-03
2.257204055786132812e-02
1.666426658630371094e-02
1.209282875061035156e-02
1.189565658569335938e-02
1.204824447631835938e-02
1.193952560424804688e-02
1.263403892517089844e-02
1.188945770263671875e-02
6.971120834350585938e-03
6.884574890136718750e-03
6.862401962280273438e-03
7.159948348999023438e-03
1.210427284240722656e-02
1.636838912963867188e-02
1.817321777343750000e-02
8.743286132812500000e-03
7.041215896606445312e-03
6.840944290161132812e-03
7.002592086791992188e-03
8.346319198608398438e-03
1.577425003051757812e-02
2.002024650573730469e-02
1.450300216674804688e-02
6.916761398315429688e-03
6.968259811401367188e-03
7.147789001464843750e-03
2.151560783386230469e-02
1.670193672180175781e-02
1.192092895507812500e-02
1.247859001159667969e-02
1.209735870361328125e-02
1.203060150146484375e-02
1.211643218994140625e-02
1.206779479980468750e-02
1.200366020202636719e-02
1.190519332885742188e-02
6.933927536010742188e-03
7.101774215698242188e-03
1.075983047485351562e-02
1.228570938110351562e-02
1.104807853698730469e-02
8.651018142700195312e-03
7.123231887817382812e-03
6.971359252929687500e-03
1.089572906494140625e-02
1.124095916748046875e-02
7.083177566528320312e-03
8.991241455078125000e-03
1.674365997314453125e-02
1.899838447570800781e-02
1.989483833312988281e-02
8.218050003051757812e-03
2.192687988281250000e-02
1.880145072937011719e-02
1.456856727600097656e-02
1.191234588623046875e-02
1.199626922607421875e-02
1.206994056701660156e-02
1.210474967956542969e-02
1.236128807067871094e-02
1.217842102050781250e-02
1.209950447082519531e-02
1.202774047851562500e-02
1.200413703918457031e-02
6.940603256225585938e-03
6.805419921875000000e-03
6.957769393920898438e-03
9.744882583618164062e-03
1.212167739868164062e-02
1.118540763854980469e-02
8.681535720825195312e-03
8.615493774414062500e-03
1.196646690368652344e-02
1.683831214904785156e-02
1.312851905822753906e-02
1.224064826965332031e-02
1.878213882446289062e-02
1.435065269470214844e-02
2.201795578002929688e-02
1.670646667480468750e-02
1.198196411132812500e-02
1.189351081848144531e-02
1.197767257690429688e-02
1.191878318786621094e-02
1.212692260742187500e-02
1.217341423034667969e-02
1.828432083129882812e-02
1.668882369995117188e-02
1.218342781066894531e-02
1.191091537475585938e-02
1.209282875061035156e-02
1.203894615173339844e-02
6.961584091186523438e-03
6.945610046386718750e-03
1.243972778320312500e-02
1.232957839965820312e-02
1.230096817016601562e-02
1.197838783264160156e-02
1.353764533996582031e-02
1.351284980773925781e-02
1.283383369445800781e-02
1.306343078613281250e-02
1.215362548828125000e-02
8.370399475097656250e-03
2.725648880004882812e-02
2.729320526123046875e-02
7.497072219848632812e-03
7.440805435180664062e-03
1.110005378723144531e-02
2.355718612670898438e-02
2.328300476074218750e-02
1.597690582275390625e-02
7.215738296508789062e-03
7.049560546875000000e-03
7.102251052856445312e-03
8.278131484985351562e-03
1.262450218200683594e-02
1.621413230895996094e-02
1.962566375732421875e-02
2.047538757324218750e-02
1.819729804992675781e-02
6.998062133789062500e-03
6.958246231079101562e-03
6.924152374267578125e-03
6.955623626708984375e-03
8.599042892456054688e-03
7.010936737060546875e-03
6.887674331665039062e-03
6.851673126220703125e-03
6.448984146118164062e-03
2.240824699401855469e-02
1.320314407348632812e-02
6.796121597290039062e-03
6.867885589599609375e-03
1.241660118103027344e-02
1.953792572021484375e-02
1.480221748352050781e-02
1.959729194641113281e-02
1.980543136596679688e-02
1.035308837890625000e-02
6.975889205932617188e-03
6.977796554565429688e-03
8.520364761352539062e-03
1.356816291809082031e-02
1.293134689331054688e-02
1.110577583312988281e-02
1.041746139526367188e-02
6.983518600463867188e-03
6.932497024536132812e-03
6.933689117431640625e-03
6.906747817993164062e-03
6.918191909790039062e-03
7.132053375244140625e-03
1.057910919189453125e-02
1.255512237548828125e-02
8.392572402954101562e-03
2.386999130249023438e-02
2.245569229125976562e-02
1.625442504882812500e-02
7.392406463623046875e-03
6.883144378662109375e-03
6.827354431152343750e-03
6.780385971069335938e-03
1.678371429443359375e-02
2.134943008422851562e-02
2.140188217163085938e-02
1.503419876098632812e-02
1.144981384277343750e-02
8.799791336059570312e-03
6.910324096679687500e-03
1.134896278381347656e-02
8.737325668334960938e-03
1.200032234191894531e-02
1.426911354064941406e-02
1.496315002441406250e-02
6.965398788452148438e-03
6.981372833251953125e-03
1.419997215270996094e-02
1.743888854980468750e-02
1.757407188415527344e-02
1.599907875061035156e-02
6.556987762451171875e-03
2.375483512878417969e-02
2.222967147827148438e-02
2.022099494934082031e-02
2.016901969909667969e-02
1.817107200622558594e-02
8.776664733886718750e-03
7.010459899902343750e-03
6.937265396118164062e-03
6.898880004882812500e-03
1.457691192626953125e-02
1.962375640869140625e-02
1.702666282653808594e-02
1.282215118408203125e-02
1.106119155883789062e-02
6.904840469360351562e-03
6.790161132812500000e-03
1.077485084533691406e-02
1.117420196533203125e-02
7.184743881225585938e-03
6.978988647460937500e-03
6.868362426757812500e-03
7.002592086791992188e-03
6.927728652954101562e-03
1.203250885009765625e-02
8.580923080444335938e-03
6.508111953735351562e-03
2.359867095947265625e-02
2.252721786499023438e-02
1.631927490234375000e-02
7.540464401245117188e-03
6.969213485717773438e-03
6.932258605957031250e-03
8.450031280517578125e-03
1.803755760192871094e-02
1.851987838745117188e-02
1.424622535705566406e-02
1.129817962646484375e-02
7.035732269287109375e-03
6.881952285766601562e-03
6.934881210327148438e-03
1.009488105773925781e-02
2.069592475891113281e-02
2.274465560913085938e-02
2.308440208435058594e-02
1.501893997192382812e-02
1.470589637756347656e-02
1.979613304138183594e-02
2.021479606628417969e-02
1.772332191467285156e-02
1.170015335083007812e-02
1.088142395019531250e-02
6.745338439941406250e-03
2.289652824401855469e-02
2.047586441040039062e-02
2.052664756774902344e-02
2.048707008361816406e-02
2.056884765625000000e-02
2.065992355346679688e-02
1.874947547912597656e-02
1.882791519165039062e-02
1.535248756408691406e-02
1.098179817199707031e-02
1.099419593811035156e-02
1.186871528625488281e-02
1.099491119384765625e-02
1.090240478515625000e-02
1.094889640808105469e-02
1.084399223327636719e-02
1.096415519714355469e-02
1.090168952941894531e-02
1.080775260925292969e-02
1.072025299072265625e-02
1.095986366271972656e-02
1.081466674804687500e-02
1.809740066528320312e-02
1.652336120605468750e-02
1.777887344360351562e-02
6.606340408325195312e-03
2.296185493469238281e-02
2.165770530700683594e-02
2.178287506103515625e-02
2.069854736328125000e-02
2.044939994812011719e-02
2.018713951110839844e-02
2.078032493591308594e-02
2.140951156616210938e-02
2.143239974975585938e-02
2.192115783691406250e-02
2.098512649536132812e-02
1.749157905578613281e-02
1.920604705810546875e-02
1.507043838500976562e-02
1.231765747070312500e-02
1.109004020690917969e-02
1.205229759216308594e-02
1.109814643859863281e-02
1.107430458068847656e-02
1.102256774902343750e-02
1.104998588562011719e-02
1.110744476318359375e-02
1.112961769104003906e-02
1.109719276428222656e-02
1.099753379821777344e-02
1.298666000366210938e-02
1.722574234008789062e-02
1.882743835449218750e-02
1.543688774108886719e-02
1.232743263244628906e-02
1.106262207031250000e-02
1.100850105285644531e-02
1.110100746154785156e-02
1.111745834350585938e-02
1.113557815551757812e-02
1.108884811401367188e-02
1.104521751403808594e-02
1.163887977600097656e-02
1.216673851013183594e-02
1.221990585327148438e-02
1.182532310485839844e-02
1.192522048950195312e-02
1.107048988342285156e-02
1.109027862548828125e-02
1.114487648010253906e-02
1.113605499267578125e-02
1.119136810302734375e-02
1.116967201232910156e-02
1.120662689208984375e-02
1.114869117736816406e-02
1.119184494018554688e-02
1.283740997314453125e-02
2.180242538452148438e-02
2.191352844238281250e-02
1.066780090332031250e-02
7.100105285644531250e-03
7.327795028686523438e-03
7.172584533691406250e-03
7.166147232055664062e-03
7.392644882202148438e-03
1.268339157104492188e-02
1.096940040588378906e-02
1.107597351074218750e-02
1.114654541015625000e-02
1.105594635009765625e-02
1.101732254028320312e-02
1.107811927795410156e-02
1.117515563964843750e-02
1.099658012390136719e-02
1.109075546264648438e-02
1.239299774169921875e-02
1.106929779052734375e-02
1.111674308776855469e-02
1.112389564514160156e-02
1.110911369323730469e-02
1.105141639709472656e-02
1.107764244079589844e-02
1.266241073608398438e-02
2.155232429504394531e-02
1.771807670593261719e-02
1.886844635009765625e-02
1.514387130737304688e-02
7.244110107421875000e-03
7.160186767578125000e-03
7.105827331542968750e-03
7.154464721679687500e-03
1.152348518371582031e-02
1.209592819213867188e-02
1.100730895996093750e-02
1.303219795227050781e-02
1.343989372253417969e-02
1.333618164062500000e-02
1.338458061218261719e-02
1.320052146911621094e-02
1.102280616760253906e-02
1.099443435668945312e-02
1.099324226379394531e-02
1.234960556030273438e-02
1.096820831298828125e-02
1.111102104187011719e-02
1.095700263977050781e-02
1.098966598510742188e-02
1.092553138732910156e-02
6.733417510986328125e-03
2.133417129516601562e-02
2.146458625793457031e-02
2.095198631286621094e-02
2.104783058166503906e-02
2.119255065917968750e-02
1.755118370056152344e-02
7.196664810180664062e-03
7.140874862670898438e-03
7.090806961059570312e-03
7.021188735961914062e-03
1.026201248168945312e-02
1.310753822326660156e-02
1.845836639404296875e-02
1.887178421020507812e-02
1.757550239562988281e-02
1.794528961181640625e-02
1.629161834716796875e-02
1.884627342224121094e-02
2.130413055419921875e-02
2.112507820129394531e-02
2.084517478942871094e-02
2.284049987792968750e-02
1.685190200805664062e-02
1.273417472839355469e-02
1.176810264587402344e-02
1.233029365539550781e-02
2.586483955383300781e-02
2.185845375061035156e-02
2.242040634155273438e-02
2.085995674133300781e-02
1.831221580505371094e-02
1.767492294311523438e-02
2.249741554260253906e-02
1.697707176208496094e-02
1.098895072937011719e-02
1.103186607360839844e-02
1.103878021240234375e-02
7.137775421142578125e-03
7.450342178344726562e-03
8.948802947998046875e-03
1.292824745178222656e-02
1.111841201782226562e-02
1.212453842163085938e-02
9.045839309692382812e-03
7.132053375244140625e-03
7.112264633178710938e-03
7.257461547851562500e-03
7.206201553344726562e-03
7.230281829833984375e-03
8.633852005004882812e-03
8.341073989868164062e-03
9.661912918090820312e-03
2.155065536499023438e-02
1.795911788940429688e-02
1.526761054992675781e-02
1.229238510131835938e-02
1.125741004943847656e-02
1.107192039489746094e-02
1.110625267028808594e-02
1.113367080688476562e-02
1.118350028991699219e-02
1.114130020141601562e-02
7.144212722778320312e-03
7.117033004760742188e-03
7.061481475830078125e-03
7.128238677978515625e-03
7.162094116210937500e-03
1.037216186523437500e-02
1.419305801391601562e-02
1.271653175354003906e-02
1.108503341674804688e-02
1.109290122985839844e-02
9.121894836425781250e-03
7.250070571899414062e-03
7.121562957763671875e-03
7.307529449462890625e-03
7.182359695434570312e-03
9.660482406616210938e-03
2.149271965026855469e-02
2.146363258361816406e-02
1.793599128723144531e-02
1.896405220031738281e-02
1.435756683349609375e-02
1.211643218994140625e-02
1.098847389221191406e-02
1.099395751953125000e-02
1.107859611511230469e-02
1.113390922546386719e-02
1.118087768554687500e-02
1.120424270629882812e-02
7.148027420043945312e-03
7.185935974121093750e-03
7.187366485595703125e-03
7.199525833129882812e-03
7.184267044067382812e-03
7.917404174804687500e-03
7.297992706298828125e-03
7.456779479980468750e-03
7.158994674682617188e-03
7.112741470336914062e-03
7.094860076904296875e-03
7.148981094360351562e-03
1.058769226074218750e-02
1.128339767456054688e-02
2.146506309509277344e-02
1.770281791687011719e-02
1.855492591857910156e-02
1.442146301269531250e-02
1.179361343383789062e-02
1.227211952209472656e-02
1.110672950744628906e-02
1.109004020690917969e-02
1.092171669006347656e-02
1.111459732055664062e-02
1.190423965454101562e-02
1.111960411071777344e-02
1.113605499267578125e-02
1.078104972839355469e-02
7.212638854980468750e-03
7.185697555541992188e-03
7.122993469238281250e-03
7.213830947875976562e-03
7.216215133666992188e-03
1.249766349792480469e-02
1.094508171081542969e-02
1.449179649353027344e-02
1.375174522399902344e-02
1.549148559570312500e-02
1.116991043090820312e-02
1.215076446533203125e-02
2.239894866943359375e-02
2.124357223510742188e-02
7.264614105224609375e-03
1.036024093627929688e-02
1.132750511169433594e-02
1.450800895690917969e-02
8.879184722900390625e-03
7.141590118408203125e-03
7.111072540283203125e-03
7.186174392700195312e-03
1.084637641906738281e-02
1.240968704223632812e-02
1.217103004455566406e-02
1.125240325927734375e-02
7.008075714111328125e-03
6.949186325073242188e-03
6.945610046386718750e-03
1.083111763000488281e-02
1.119375228881835938e-02
8.652925491333007812e-03
6.864786148071289062e-03
6.823778152465820312e-03
7.176160812377929688e-03
1.089739799499511719e-02
1.257228851318359375e-02
6.534337997436523438e-03
2.350807189941406250e-02
1.723861694335937500e-02
7.296323776245117188e-03
6.928205490112304688e-03
7.005929946899414062e-03
6.896018981933593750e-03
1.360201835632324219e-02
1.208090782165527344e-02
1.106214523315429688e-02
8.709192276000976562e-03
6.984472274780273438e-03
7.051467895507812500e-03
7.052183151245117188e-03
8.382558822631835938e-03
1.229834556579589844e-02
1.265692710876464844e-02
7.652282714843750000e-03
7.045745849609375000e-03
7.031202316284179688e-03
7.046937942504882812e-03
6.920814514160156250e-03
6.880760192871093750e-03
1.241540908813476562e-02
1.214861869812011719e-02
1.107478141784667969e-02
6.647348403930664062e-03
1.979994773864746094e-02
8.910417556762695312e-03
7.014274597167968750e-03
6.935834884643554688e-03
1.041030883789062500e-02
1.441383361816406250e-02
1.240038871765136719e-02
1.136469841003417969e-02
8.864641189575195312e-03
7.188320159912109375e-03
1.216983795166015625e-02
1.258325576782226562e-02
1.269507408142089844e-02
8.752346038818359375e-03
7.226705551147460938e-03
7.180452346801757812e-03
7.107973098754882812e-03
7.123708724975585938e-03
1.048731803894042969e-02
7.273912429809570312e-03
1.124835014343261719e-02
8.715152740478515625e-03
1.332426071166992188e-02
1.111865043640136719e-02
7.210016250610351562e-03
6.561994552612304688e-03
2.424359321594238281e-02
2.049350738525390625e-02
8.866310119628906250e-03
6.988763809204101562e-03
7.007598876953125000e-03
7.095813751220703125e-03
1.038980484008789062e-02
1.694583892822265625e-02
1.736021041870117188e-02
2.036809921264648438e-02
1.692986488342285156e-02
1.258063316345214844e-02
1.242709159851074219e-02
1.248598098754882812e-02
1.153397560119628906e-02
1.292800903320312500e-02
1.285219192504882812e-02
1.105308532714843750e-02
7.096052169799804688e-03
6.821155548095703125e-03
6.976604461669921875e-03
7.042646408081054688e-03
7.071256637573242188e-03
7.043838500976562500e-03
6.880283355712890625e-03
9.608745574951171875e-03
2.367854118347167969e-02
2.260923385620117188e-02
2.012419700622558594e-02
1.401543617248535156e-02
8.684396743774414062e-03
7.031917572021484375e-03
6.961584091186523438e-03
6.898164749145507812e-03
1.503419876098632812e-02
1.747322082519531250e-02
1.505255699157714844e-02
7.152557373046875000e-03
6.901741027832031250e-03
6.877183914184570312e-03
1.780509948730468750e-02
1.900362968444824219e-02
1.514410972595214844e-02
7.127046585083007812e-03
2.291846275329589844e-02
2.303552627563476562e-02
2.226328849792480469e-02
2.061104774475097656e-02
8.700370788574218750e-03
6.946802139282226562e-03
7.068395614624023438e-03
9.758472442626953125e-03
2.400088310241699219e-02
1.800441741943359375e-02
9.006738662719726562e-03
7.293701171875000000e-03
7.066726684570312500e-03
1.537537574768066406e-02
1.751947402954101562e-02
1.798319816589355469e-02
1.748752593994140625e-02
7.296562194824218750e-03
6.931066513061523438e-03
6.900787353515625000e-03
7.787704467773437500e-03
1.031827926635742188e-02
1.518249511718750000e-02
1.324701309204101562e-02
1.193475723266601562e-02
1.288199424743652344e-02
1.202511787414550781e-02
1.171398162841796875e-02
1.188850402832031250e-02
1.197409629821777344e-02
7.091522216796875000e-03
6.958723068237304688e-03
1.734256744384765625e-02
8.299589157104492188e-03
2.235507965087890625e-02
1.716351509094238281e-02
7.380008697509765625e-03
7.311582565307617188e-03
7.121324539184570312e-03
1.182889938354492188e-02
1.649212837219238281e-02
1.747775077819824219e-02
1.720905303955078125e-02
1.349067687988281250e-02
6.987810134887695312e-03
6.999492645263671875e-03
6.973743438720703125e-03
6.973981857299804688e-03
7.211923599243164062e-03
1.117920875549316406e-02
1.138687133789062500e-02
8.860826492309570312e-03
7.303476333618164062e-03
1.068806648254394531e-02
1.191306114196777344e-02
1.109790802001953125e-02
8.896350860595703125e-03
7.070779800415039062e-03
7.006883621215820312e-03
6.540298461914062500e-03
2.726745605468750000e-02
1.967954635620117188e-02
9.572744369506835938e-03
7.182359695434570312e-03
7.184982299804687500e-03
7.194519042968750000e-03
1.710176467895507812e-02
2.144002914428710938e-02
2.314114570617675781e-02
2.256965637207031250e-02
1.841020584106445312e-02
8.791923522949218750e-03
6.844520568847656250e-03
6.859064102172851562e-03
1.496052742004394531e-02
1.306056976318359375e-02
8.607387542724609375e-03
7.436990737915039062e-03
6.850719451904296875e-03
1.712346076965332031e-02
1.261949539184570312e-02
1.266717910766601562e-02
1.278924942016601562e-02
1.255202293395996094e-02
1.225948333740234375e-02
6.947994232177734375e-03
2.352666854858398438e-02
2.235317230224609375e-02
1.181340217590332031e-02
1.224637031555175781e-02
7.111310958862304688e-03
7.011175155639648438e-03
7.013320922851562500e-03
1.051235198974609375e-02
1.534461975097656250e-02
1.990008354187011719e-02
1.563286781311035156e-02
7.155179977416992188e-03
7.338523864746093750e-03
7.091760635375976562e-03
1.214885711669921875e-02
1.370716094970703125e-02
1.098227500915527344e-02
8.630514144897460938e-03
7.074117660522460938e-03
7.237195968627929688e-03
1.100826263427734375e-02
1.223444938659667969e-02
1.281666755676269531e-02
1.266312599182128906e-02
1.119685173034667969e-02
6.525516510009765625e-03
2.367234230041503906e-02
2.112102508544921875e-02
1.655721664428710938e-02
1.204967498779296875e-02
1.276445388793945312e-02
1.192331314086914062e-02
1.437783241271972656e-02
1.544523239135742188e-02
9.511947631835937500e-03
1.211977005004882812e-02
1.331830024719238281e-02
7.372140884399414062e-03
6.945610046386718750e-03
6.913900375366210938e-03
6.894350051879882812e-03
8.283376693725585938e-03
1.469087600708007812e-02
1.760745048522949219e-02
1.050853729248046875e-02
6.917715072631835938e-03
6.913900375366210938e-03
6.931304931640625000e-03
1.270556449890136719e-02
1.774573326110839844e-02
1.758861541748046875e-02
6.877183914184570312e-03
2.387738227844238281e-02
2.245640754699707031e-02
2.233242988586425781e-02
1.867580413818359375e-02
1.448845863342285156e-02
1.206707954406738281e-02
1.183938980102539062e-02
1.194262504577636719e-02
1.199936866760253906e-02
1.190757751464843750e-02
1.199960708618164062e-02
1.188445091247558594e-02
7.042646408081054688e-03
1.801681518554687500e-02
2.051281929016113281e-02
2.227473258972167969e-02
2.200698852539062500e-02
1.509332656860351562e-02
6.971359252929687500e-03
7.005214691162109375e-03
6.978511810302734375e-03
1.716589927673339844e-02
1.842236518859863281e-02
1.623630523681640625e-02
1.303791999816894531e-02
6.549358367919921875e-03
2.318310737609863281e-02
2.254319190979003906e-02
2.009487152099609375e-02
1.662302017211914062e-02
1.221394538879394531e-02
1.200127601623535156e-02
1.207494735717773438e-02
1.213622093200683594e-02
7.016658782958984375e-03
6.927728652954101562e-03
7.000207901000976562e-03
1.113152503967285156e-02
1.206064224243164062e-02
1.254892349243164062e-02
1.468324661254882812e-02
1.450514793395996094e-02
