3.284096717834472656e-02
2.959156036376953125e-02
2.459168434143066406e-02
2.406954765319824219e-02
2.343702316284179688e-02
1.433920860290527344e-02
3.307819366455078125e-02
3.023600578308105469e-02
2.450513839721679688e-02
2.324271202087402344e-02
1.950168609619140625e-02
1.126718521118164062e-02
3.351664543151855469e-02
3.060555458068847656e-02
2.596521377563476562e-02
2.270436286926269531e-02
2.016019821166992188e-02
1.511025428771972656e-02
3.383898735046386719e-02
2.895259857177734375e-02
2.310705184936523438e-02
1.900959014892578125e-02
1.974320411682128906e-02
1.236319541931152344e-02
3.309655189514160156e-02
3.022098541259765625e-02
2.450728416442871094e-02
2.319765090942382812e-02
1.579236984252929688e-02
8.957386016845703125e-03
3.419828414916992188e-02
3.093004226684570312e-02
2.496838569641113281e-02
2.782487869262695312e-02
2.775335311889648438e-02
1.785373687744140625e-02
3.309702873229980469e-02
3.029870986938476562e-02
2.560353279113769531e-02
2.214360237121582031e-02
1.910781860351562500e-02
1.033139228820800781e-02
3.424096107482910156e-02
3.194475173950195312e-02
3.091955184936523438e-02
2.366590499877929688e-02
2.050852775573730469e-02
1.679944992065429688e-02
3.319215774536132812e-02
3.023767471313476562e-02
2.556037902832031250e-02
2.150225639343261719e-02
1.698374748229980469e-02
1.684355735778808594e-02
3.338146209716796875e-02
2.059054374694824219e-02
2.000951766967773438e-02
9.718418121337890625e-03
6.127357482910156250e-03
8.867979049682617188e-03
3.262281417846679688e-02
2.920222282409667969e-02
2.327871322631835938e-02
2.657318115234375000e-02
1.968264579772949219e-02
9.957075119018554688e-03
3.495430946350097656e-02
3.287911415100097656e-02
2.266287803649902344e-02
2.419137954711914062e-02
1.926136016845703125e-02
1.269102096557617188e-02
3.399920463562011719e-02
3.200173377990722656e-02
3.025317192077636719e-02
2.625656127929687500e-02
1.369261741638183594e-02
8.662939071655273438e-03
3.354167938232421875e-02
2.879977226257324219e-02
2.595353126525878906e-02
2.181410789489746094e-02
9.172201156616210938e-03
8.802890777587890625e-03
3.412556648254394531e-02
3.113293647766113281e-02
2.755570411682128906e-02
2.329349517822265625e-02
8.760213851928710938e-03
8.622169494628906250e-03
2.863883972167968750e-02
1.791930198669433594e-02
8.960485458374023438e-03
8.657217025756835938e-03
1.076841354370117188e-02
1.575565338134765625e-02
3.342008590698242188e-02
2.820110321044921875e-02
1.119184494018554688e-02
9.039163589477539062e-03
1.580119132995605469e-02
2.040982246398925781e-02
3.347444534301757812e-02
2.893352508544921875e-02
1.119494438171386719e-02
8.612871170043945312e-03
1.743555068969726562e-02
2.317500114440917969e-02
3.393244743347167969e-02
3.146052360534667969e-02
8.438348770141601562e-03
8.571863174438476562e-03
1.563000679016113281e-02
1.139545440673828125e-02
3.104472160339355469e-02
2.405095100402832031e-02
1.200699806213378906e-02
8.314847946166992188e-03
2.033138275146484375e-02
2.778768539428710938e-02
3.410315513610839844e-02
3.060483932495117188e-02
2.500081062316894531e-02
2.487921714782714844e-02
1.899528503417968750e-02
9.114027023315429688e-03
3.057861328125000000e-02
1.997566223144531250e-02
8.671522140502929688e-03
8.642435073852539062e-03
1.609301567077636719e-02
2.788782119750976562e-02
3.059148788452148438e-02
1.666259765625000000e-02
9.005546569824218750e-03
1.269650459289550781e-02
1.967453956604003906e-02
2.792811393737792969e-02
2.956128120422363281e-02
1.232433319091796875e-02
8.647203445434570312e-03
1.459383964538574219e-02
2.093195915222167969e-02
2.557373046875000000e-02
3.019285202026367188e-02
1.665830612182617188e-02
9.003400802612304688e-03
9.982585906982421875e-03
2.204561233520507812e-02
2.368187904357910156e-02
2.793574333190917969e-02
2.351975440979003906e-02
1.018714904785156250e-02
8.710861206054687500e-03
1.113867759704589844e-02
1.996374130249023438e-02
3.355455398559570312e-02
3.010964393615722656e-02
1.671743392944335938e-02
9.098052978515625000e-03
1.280784606933593750e-02
2.168893814086914062e-02
3.253507614135742188e-02
2.708840370178222656e-02
1.373171806335449219e-02
8.590459823608398438e-03
1.774382591247558594e-02
8.433580398559570312e-03
3.142619132995605469e-02
2.790832519531250000e-02
1.827478408813476562e-02
1.229643821716308594e-02
1.086139678955078125e-02
9.695291519165039062e-03
3.318023681640625000e-02
2.772045135498046875e-02
6.336927413940429688e-03
8.741140365600585938e-03
2.141356468200683594e-02
2.102661132812500000e-02
3.237438201904296875e-02
2.896857261657714844e-02
2.611279487609863281e-02
2.497148513793945312e-02
2.237606048583984375e-02
2.072834968566894531e-02
3.383231163024902344e-02
3.080773353576660156e-02
2.354907989501953125e-02
2.347207069396972656e-02
1.237225532531738281e-02
8.686780929565429688e-03
3.342485427856445312e-02
3.024792671203613281e-02
2.534723281860351562e-02
2.072644233703613281e-02
2.019572257995605469e-02
1.528596878051757812e-02
3.384327888488769531e-02
3.122305870056152344e-02
2.224469184875488281e-02
1.817107200622558594e-02
8.723974227905273438e-03
9.051561355590820312e-03
3.340220451354980469e-02
3.051567077636718750e-02
1.100540161132812500e-02
8.724927902221679688e-03
1.059079170227050781e-02
1.757645606994628906e-02
3.374314308166503906e-02
3.119778633117675781e-02
1.665163040161132812e-02
9.106397628784179688e-03
1.235103607177734375e-02
2.611899375915527344e-02
3.364253044128417969e-02
2.962565422058105469e-02
1.590752601623535156e-02
8.662700653076171875e-03
1.663875579833984375e-02
2.009034156799316406e-02
3.088045120239257812e-02
1.564407348632812500e-02
8.486509323120117188e-03
1.320934295654296875e-02
2.193689346313476562e-02
2.638745307922363281e-02
3.145694732666015625e-02
2.759575843811035156e-02
2.302360534667968750e-02
1.387643814086914062e-02
8.476257324218750000e-03
8.738994598388671875e-03
3.101301193237304688e-02
6.001710891723632812e-03
1.063418388366699219e-02
1.925587654113769531e-02
2.599430084228515625e-02
2.114462852478027344e-02
3.148484230041503906e-02
2.422523498535156250e-02
2.603149414062500000e-02
2.462220191955566406e-02
8.863925933837890625e-03
8.932828903198242188e-03
3.379535675048828125e-02
2.992248535156250000e-02
2.495670318603515625e-02
1.375889778137207031e-02
8.729696273803710938e-03
8.649826049804687500e-03
3.393340110778808594e-02
2.904129028320312500e-02
1.846408843994140625e-02
8.664608001708984375e-03
1.120018959045410156e-02
2.088594436645507812e-02
3.376674652099609375e-02
3.116250038146972656e-02
2.348065376281738281e-02
2.556800842285156250e-02
2.307605743408203125e-02
1.846385002136230469e-02
3.099083900451660156e-02
2.216839790344238281e-02
8.703470230102539062e-03
8.646488189697265625e-03
1.051926612854003906e-02
2.415633201599121094e-02
3.253340721130371094e-02
2.818894386291503906e-02
2.735495567321777344e-02
2.207207679748535156e-02
1.246953010559082031e-02
8.471965789794921875e-03
2.930784225463867188e-02
1.420688629150390625e-02
8.480310440063476562e-03
1.450109481811523438e-02
2.467179298400878906e-02
2.381801605224609375e-02
3.374481201171875000e-02
2.640104293823242188e-02
8.541345596313476562e-03
8.470296859741210938e-03
1.176667213439941406e-02
1.597523689270019531e-02
3.339290618896484375e-02
2.706933021545410156e-02
8.566379547119140625e-03
8.442878723144531250e-03
1.635956764221191406e-02
2.024126052856445312e-02
6.539106369018554688e-03
9.363174438476562500e-03
2.168512344360351562e-02
2.643060684204101562e-02
2.968025207519531250e-02
2.671694755554199219e-02
2.583479881286621094e-02
8.641481399536132812e-03
8.656978607177734375e-03
2.024149894714355469e-02
2.500963211059570312e-02
2.894902229309082031e-02
3.350806236267089844e-02
3.083229064941406250e-02
1.668334007263183594e-02
8.656740188598632812e-03
1.177501678466796875e-02
2.216601371765136719e-02
3.345990180969238281e-02
3.013110160827636719e-02
1.940250396728515625e-02
8.683919906616210938e-03
8.890867233276367188e-03
2.152538299560546875e-02
3.406620025634765625e-02
3.173708915710449219e-02
2.133250236511230469e-02
9.034633636474609375e-03
8.686542510986328125e-03
2.222371101379394531e-02
3.454613685607910156e-02
3.216528892517089844e-02
2.781605720520019531e-02
1.791477203369140625e-02
8.831501007080078125e-03
8.681774139404296875e-03
8.602380752563476562e-03
2.721047401428222656e-02
1.629233360290527344e-02
1.815080642700195312e-02
1.928591728210449219e-02
1.514816284179687500e-02
3.404641151428222656e-02
2.920269966125488281e-02
2.624654769897460938e-02
1.774644851684570312e-02
8.467674255371093750e-03
1.015520095825195312e-02
2.934694290161132812e-02
1.094603538513183594e-02
8.639574050903320312e-03
9.703159332275390625e-03
1.926708221435546875e-02
1.670551300048828125e-02
3.362655639648437500e-02
2.911186218261718750e-02
2.365970611572265625e-02
1.099133491516113281e-02
8.468866348266601562e-03
2.176022529602050781e-02
3.462958335876464844e-02
3.240013122558593750e-02
2.841997146606445312e-02
2.424693107604980469e-02
2.290129661560058594e-02
1.439785957336425781e-02
3.349518775939941406e-02
3.066539764404296875e-02
2.470469474792480469e-02
2.677392959594726562e-02
1.379346847534179688e-02
8.860349655151367188e-03
3.352022171020507812e-02
3.069305419921875000e-02
1.674842834472656250e-02
9.145975112915039062e-03
1.175498962402343750e-02
2.212333679199218750e-02
3.360104560852050781e-02
3.019881248474121094e-02
2.032470703125000000e-02
8.635997772216796875e-03
8.879661560058593750e-03
2.159452438354492188e-02
3.251981735229492188e-02
2.701139450073242188e-02
1.115036010742187500e-02
8.904695510864257812e-03
1.298117637634277344e-02
1.877331733703613281e-02
3.465437889099121094e-02
8.664846420288085938e-03
8.433818817138671875e-03
1.916646957397460938e-02
8.539676666259765625e-03
8.596897125244140625e-03
3.100109100341796875e-02
2.678298950195312500e-02
1.206350326538085938e-02
8.593082427978515625e-03
1.498031616210937500e-02
2.280473709106445312e-02
3.097176551818847656e-02
1.677417755126953125e-02
8.463144302368164062e-03
9.365558624267578125e-03
1.183247566223144531e-02
1.390695571899414062e-02
3.438878059387207031e-02
3.107738494873046875e-02
2.307486534118652344e-02
1.713681221008300781e-02
8.465290069580078125e-03
8.446455001831054688e-03
3.029203414916992188e-02
1.574063301086425781e-02
8.450269699096679688e-03
9.941339492797851562e-03
9.198665618896484375e-03
9.108543395996093750e-03
3.024673461914062500e-02
1.667165756225585938e-02
8.655309677124023438e-03
1.218652725219726562e-02
2.216815948486328125e-02
2.045416831970214844e-02
3.035926818847656250e-02
2.910494804382324219e-02
1.475453376770019531e-02
8.694171905517578125e-03
8.622884750366210938e-03
1.305341720581054688e-02
3.457164764404296875e-02
3.245782852172851562e-02
2.843832969665527344e-02
2.441596984863281250e-02
2.399659156799316406e-02
8.685111999511718750e-03
3.255629539489746094e-02
2.710366249084472656e-02
1.379203796386718750e-02
8.670330047607421875e-03
1.176261901855468750e-02
1.919054985046386719e-02
3.370428085327148438e-02
2.963852882385253906e-02
8.456230163574218750e-03
1.433587074279785156e-02
1.632881164550781250e-02
2.234745025634765625e-02
3.362107276916503906e-02
3.357148170471191406e-02
2.872848510742187500e-02
2.426791191101074219e-02
9.723424911499023438e-03
8.428335189819335938e-03
2.569246292114257812e-02
2.426004409790039062e-02
2.542614936828613281e-02
1.424670219421386719e-02
8.449554443359375000e-03
1.114320755004882812e-02
3.369331359863281250e-02
2.833938598632812500e-02
2.579140663146972656e-02
1.556372642517089844e-02
8.456468582153320312e-03
8.586883544921875000e-03
3.047633171081542969e-02
1.543045043945312500e-02
8.438587188720703125e-03
1.218366622924804688e-02
1.967406272888183594e-02
2.426743507385253906e-02
3.084731101989746094e-02
2.274560928344726562e-02
1.094031333923339844e-02
9.676218032836914062e-03
2.325296401977539062e-02
2.746129035949707031e-02
3.341460227966308594e-02
2.865481376647949219e-02
2.400326728820800781e-02
1.963639259338378906e-02
1.220726966857910156e-02
1.101398468017578125e-02
1.948785781860351562e-02
8.683204650878906250e-03
9.485006332397460938e-03
2.046918869018554688e-02
1.856780052185058594e-02
2.126836776733398438e-02
3.259325027465820312e-02
2.713990211486816406e-02
1.108694076538085938e-02
8.651733398437500000e-03
1.407790184020996094e-02
2.281594276428222656e-02
3.366684913635253906e-02
2.963280677795410156e-02
1.601529121398925781e-02
1.201295852661132812e-02
1.197409629821777344e-02
8.466482162475585938e-03
2.975988388061523438e-02
1.201844215393066406e-02
8.589267730712890625e-03
1.559448242187500000e-02
2.463436126708984375e-02
2.527117729187011719e-02
3.049230575561523438e-02
1.684331893920898438e-02
8.447408676147460938e-03
9.941101074218750000e-03
1.662755012512207031e-02
2.242326736450195312e-02
3.357434272766113281e-02
3.061318397521972656e-02
2.236700057983398438e-02
1.881337165832519531e-02
1.555037498474121094e-02
8.462905883789062500e-03
2.937102317810058594e-02
1.097369194030761719e-02
8.440971374511718750e-03
1.847672462463378906e-02
2.357053756713867188e-02
2.111697196960449219e-02
3.034067153930664062e-02
1.671576499938964844e-02
8.549451828002929688e-03
1.048278808593750000e-02
1.804494857788085938e-02
2.433395385742187500e-02
3.490710258483886719e-02
2.985715866088867188e-02
1.261067390441894531e-02
1.785373687744140625e-02
1.756548881530761719e-02
1.638340950012207031e-02
3.325462341308593750e-02
3.156065940856933594e-02
2.763724327087402344e-02
2.333831787109375000e-02
1.386165618896484375e-02
1.056075096130371094e-02
3.006386756896972656e-02
2.667689323425292969e-02
2.668523788452148438e-02
2.640628814697265625e-02
1.970672607421875000e-02
8.721590042114257812e-03
3.124117851257324219e-02
2.631592750549316406e-02
2.197003364562988281e-02
1.737332344055175781e-02
8.546590805053710938e-03
1.462960243225097656e-02
3.013253211975097656e-02
1.429462432861328125e-02
8.552312850952148438e-03
1.483559608459472656e-02
2.578306198120117188e-02
2.471852302551269531e-02
3.104186058044433594e-02
1.655864715576171875e-02
8.430719375610351562e-03
1.108431816101074219e-02
2.120327949523925781e-02
2.013397216796875000e-02
2.952742576599121094e-02
1.426720619201660156e-02
8.558511734008789062e-03
1.443338394165039062e-02
2.308940887451171875e-02
2.481245994567871094e-02
3.004193305969238281e-02
1.660013198852539062e-02
8.479356765747070312e-03
1.381969451904296875e-02
2.835822105407714844e-02
2.811694145202636719e-02
3.330588340759277344e-02
2.991700172424316406e-02
1.657295227050781250e-02
8.428335189819335938e-03
1.123619079589843750e-02
2.102351188659667969e-02
3.338575363159179688e-02
2.942752838134765625e-02
1.433634757995605469e-02
8.613824844360351562e-03
1.106095314025878906e-02
1.974534988403320312e-02
3.058195114135742188e-02
6.031751632690429688e-03
1.313471794128417969e-02
2.392244338989257812e-02
2.783346176147460938e-02
2.910733222961425781e-02
3.477334976196289062e-02
3.252983093261718750e-02
2.904129028320312500e-02
2.383422851562500000e-02
2.436947822570800781e-02
1.225256919860839844e-02
2.793598175048828125e-02
2.425003051757812500e-02
1.222896575927734375e-02
8.715867996215820312e-03
9.420156478881835938e-03
8.549928665161132812e-03
3.018474578857421875e-02
1.879787445068359375e-02
8.531808853149414062e-03
9.432554244995117188e-03
2.232360839843750000e-02
1.954293251037597656e-02
3.352856636047363281e-02
2.960252761840820312e-02
2.177143096923828125e-02
1.098585128784179688e-02
8.482217788696289062e-03
9.965658187866210938e-03
3.369927406311035156e-02
2.688241004943847656e-02
8.473634719848632812e-03
8.436203002929687500e-03
1.180601119995117188e-02
1.743936538696289062e-02
3.101944923400878906e-02
1.660346984863281250e-02
8.456468582153320312e-03
1.301336288452148438e-02
1.815080642700195312e-02
1.675319671630859375e-02
2.772712707519531250e-02
2.629375457763671875e-02
8.465290069580078125e-03
8.619785308837890625e-03
1.792073249816894531e-02
2.203130722045898438e-02
3.225755691528320312e-02
2.834129333496093750e-02
2.317547798156738281e-02
2.639532089233398438e-02
2.650403976440429688e-02
1.145410537719726562e-02
3.238940238952636719e-02
3.115320205688476562e-02
2.554941177368164062e-02
2.699542045593261719e-02
2.283096313476562500e-02
8.463621139526367188e-03
6.644010543823242188e-03
8.867979049682617188e-03
2.146935462951660156e-02
1.811242103576660156e-02
1.836681365966796875e-02
2.167272567749023438e-02
3.381752967834472656e-02
2.944445610046386719e-02
2.564287185668945312e-02
2.845835685729980469e-02
2.331829071044921875e-02
9.906768798828125000e-03
9.722709655761718750e-03
9.729385375976562500e-03
1.802182197570800781e-02
1.615166664123535156e-02
8.439064025878906250e-03
8.440017700195312500e-03
3.140568733215332031e-02
2.558636665344238281e-02
2.354145050048828125e-02
2.236890792846679688e-02
2.308702468872070312e-02
9.887218475341796875e-03
3.316688537597656250e-02
2.863192558288574219e-02
2.478909492492675781e-02
1.764941215515136719e-02
1.839256286621093750e-02
1.721215248107910156e-02
3.317952156066894531e-02
3.155612945556640625e-02
2.800345420837402344e-02
2.407026290893554688e-02
2.012538909912109375e-02
1.624584197998046875e-02
3.436756134033203125e-02
2.764177322387695312e-02
2.323389053344726562e-02
2.613091468811035156e-02
1.610279083251953125e-02
1.488518714904785156e-02
2.735185623168945312e-02
2.731776237487792969e-02
2.528452873229980469e-02
1.085925102233886719e-02
8.566617965698242188e-03
8.472919464111328125e-03
3.407073020935058594e-02
3.119635581970214844e-02
2.699589729309082031e-02
2.506518363952636719e-02
2.125763893127441406e-02
1.790618896484375000e-02
3.200292587280273438e-02
3.265571594238281250e-02
2.680468559265136719e-02
2.772283554077148438e-02
2.476167678833007812e-02
6.150007247924804688e-03
3.248977661132812500e-02
2.954459190368652344e-02
2.464318275451660156e-02
2.657103538513183594e-02
2.350068092346191406e-02
1.152420043945312500e-02
3.433012962341308594e-02
8.512496948242187500e-03
8.440494537353515625e-03
8.448123931884765625e-03
8.471250534057617188e-03
8.458137512207031250e-03
2.356529235839843750e-02
1.613402366638183594e-02
2.052092552185058594e-02
2.453279495239257812e-02
1.934123039245605469e-02
8.519649505615234375e-03
3.414297103881835938e-02
2.790832519531250000e-02
2.313947677612304688e-02
2.645874023437500000e-02
2.121329307556152344e-02
1.087665557861328125e-02
3.417754173278808594e-02
2.880048751831054688e-02
2.636218070983886719e-02
1.992678642272949219e-02
1.729726791381835938e-02
1.572990417480468750e-02
3.228235244750976562e-02
2.805638313293457031e-02
2.443742752075195312e-02
1.919531822204589844e-02
8.505105972290039062e-03
8.471965789794921875e-03
3.307366371154785156e-02
2.572607994079589844e-02
2.292704582214355469e-02
2.430105209350585938e-02
2.255940437316894531e-02
1.675558090209960938e-02
2.755379676818847656e-02
1.459980010986328125e-02
8.440971374511718750e-03
1.113653182983398438e-02
2.294754981994628906e-02
2.358150482177734375e-02
3.403663635253906250e-02
3.111910820007324219e-02
2.037811279296875000e-02
1.642107963562011719e-02
1.959109306335449219e-02
9.826660156250000000e-03
3.240799903869628906e-02
2.786254882812500000e-02
2.558040618896484375e-02
2.311682701110839844e-02
6.215333938598632812e-03
1.035761833190917969e-02
3.316593170166015625e-02
3.173613548278808594e-02
1.091265678405761719e-02
8.460760116577148438e-03
8.440971374511718750e-03
8.476495742797851562e-03
3.423070907592773438e-02
2.930331230163574219e-02
2.755618095397949219e-02
1.639842987060546875e-02
8.472681045532226562e-03
8.450031280517578125e-03
2.922081947326660156e-02
2.959775924682617188e-02
2.705693244934082031e-02
2.013516426086425781e-02
1.628303527832031250e-02
1.606297492980957031e-02
3.094244003295898438e-02
1.445126533508300781e-02
8.494615554809570312e-03
1.234793663024902344e-02
2.108240127563476562e-02
2.065658569335937500e-02
3.222417831420898438e-02
2.972912788391113281e-02
2.723646163940429688e-02
2.444839477539062500e-02
2.207684516906738281e-02
8.474826812744140625e-03
3.169059753417968750e-02
2.360272407531738281e-02
8.466482162475585938e-03
8.455991744995117188e-03
2.009224891662597656e-02
2.313899993896484375e-02
3.209495544433593750e-02
2.473807334899902344e-02
8.582592010498046875e-03
8.450508117675781250e-03
1.901960372924804688e-02
2.295851707458496094e-02
1.210975646972656250e-02
8.473873138427734375e-03
1.718187332153320312e-02
2.473497390747070312e-02
1.746606826782226562e-02
1.567578315734863281e-02
3.141808509826660156e-02
1.655817031860351562e-02
8.433818817138671875e-03
1.174116134643554688e-02
2.108693122863769531e-02
2.759480476379394531e-02
3.119468688964843750e-02
1.661205291748046875e-02
8.495569229125976562e-03
6.252527236938476562e-03
8.925676345825195312e-03
1.739192008972167969e-02
3.346896171569824219e-02
2.888536453247070312e-02
2.229881286621093750e-02
1.460194587707519531e-02
9.068250656127929688e-03
8.721113204956054688e-03
3.382706642150878906e-02
3.124165534973144531e-02
2.207303047180175781e-02
1.761150360107421875e-02
8.720636367797851562e-03
8.671760559082031250e-03
2.425146102905273438e-02
2.679991722106933594e-02
2.126479148864746094e-02
1.867532730102539062e-02
2.254462242126464844e-02
8.739233016967773438e-03
3.458142280578613281e-02
3.306174278259277344e-02
2.441692352294921875e-02
2.736926078796386719e-02
2.325987815856933594e-02
1.052260398864746094e-02
3.338956832885742188e-02
3.176236152648925781e-02
3.510499000549316406e-02
3.113794326782226562e-02
2.573704719543457031e-02
1.301527023315429688e-02
3.427433967590332031e-02
3.280043601989746094e-02
2.945184707641601562e-02
2.666068077087402344e-02
3.014826774597167969e-02
9.932041168212890625e-03
3.437232971191406250e-02
3.141999244689941406e-02
2.588868141174316406e-02
2.726411819458007812e-02
2.487850189208984375e-02
1.752352714538574219e-02
3.041768074035644531e-02
2.544784545898437500e-02
2.503824234008789062e-02
1.253676414489746094e-02
8.744239807128906250e-03
1.346564292907714844e-02
3.241610527038574219e-02
2.965378761291503906e-02
2.450227737426757812e-02
2.038955688476562500e-02
1.601338386535644531e-02
8.442640304565429688e-03
3.335690498352050781e-02
3.200674057006835938e-02
6.263017654418945312e-03
8.839130401611328125e-03
1.178646087646484375e-02
1.965022087097167969e-02
3.342866897583007812e-02
2.875280380249023438e-02
2.873468399047851562e-02
2.496695518493652344e-02
2.642989158630371094e-02
8.990287780761718750e-03
3.316712379455566406e-02
2.901458740234375000e-02
2.604794502258300781e-02
2.215266227722167969e-02
2.714991569519042969e-02
8.744716644287109375e-03
2.711892127990722656e-02
2.659797668457031250e-02
2.213311195373535156e-02
2.384948730468750000e-02
2.109956741333007812e-02
8.800268173217773438e-03
3.331613540649414062e-02
2.971982955932617188e-02
2.437424659729003906e-02
2.709269523620605469e-02
1.518392562866210938e-02
1.518869400024414062e-02
3.525924682617187500e-02
2.843403816223144531e-02
2.495694160461425781e-02
2.650094032287597656e-02
2.218341827392578125e-02
9.165287017822265625e-03
3.434133529663085938e-02
3.143501281738281250e-02
2.575564384460449219e-02
2.719950675964355469e-02
2.479052543640136719e-02
1.752257347106933594e-02
3.423166275024414062e-02
3.154993057250976562e-02
2.907299995422363281e-02
2.392554283142089844e-02
2.031087875366210938e-02
1.804590225219726562e-02
3.173184394836425781e-02
2.913236618041992188e-02
2.276277542114257812e-02
2.663350105285644531e-02
1.438546180725097656e-02
8.686780929565429688e-03
3.426218032836914062e-02
2.628493309020996094e-02
2.484154701232910156e-02
2.684521675109863281e-02
2.402710914611816406e-02
1.760005950927734375e-02
3.381109237670898438e-02
6.153106689453125000e-03
8.779525756835937500e-03
1.750159263610839844e-02
1.950693130493164062e-02
1.606607437133789062e-02
3.396081924438476562e-02
2.827668190002441406e-02
2.159070968627929688e-02
2.525997161865234375e-02
2.317881584167480469e-02
1.055693626403808594e-02
3.397202491760253906e-02
2.933573722839355469e-02
2.759885787963867188e-02
2.594947814941406250e-02
2.036905288696289062e-02
9.101152420043945312e-03
2.999377250671386719e-02
2.655529975891113281e-02
2.474117279052734375e-02
2.233576774597167969e-02
2.116656303405761719e-02
8.969068527221679688e-03
3.347682952880859375e-02
3.165674209594726562e-02
3.293943405151367188e-02
3.423213958740234375e-02
2.835059165954589844e-02
8.790254592895507812e-03
3.418731689453125000e-02
3.151488304138183594e-02
2.578806877136230469e-02
2.709245681762695312e-02
2.469611167907714844e-02
1.797533035278320312e-02
3.462982177734375000e-02
3.210830688476562500e-02
2.569794654846191406e-02
2.754211425781250000e-02
2.577376365661621094e-02
1.753211021423339844e-02
3.356242179870605469e-02
3.190493583679199219e-02
2.859759330749511719e-02
2.288937568664550781e-02
2.379035949707031250e-02
1.795125007629394531e-02
8.800983428955078125e-03
8.450031280517578125e-03
1.231670379638671875e-02
1.549696922302246094e-02
1.384878158569335938e-02
8.436441421508789062e-03
3.258395195007324219e-02
2.983093261718750000e-02
2.709388732910156250e-02
2.554631233215332031e-02
2.298212051391601562e-02
9.791374206542968750e-03
6.492137908935546875e-03
8.792400360107421875e-03
1.981520652770996094e-02
2.143263816833496094e-02
2.241754531860351562e-02
2.046656608581542969e-02
3.339409828186035156e-02
3.077149391174316406e-02
2.525210380554199219e-02
2.303099632263183594e-02
1.970934867858886719e-02
1.635336875915527344e-02
3.307414054870605469e-02
2.439785003662109375e-02
2.597427368164062500e-02
2.426624298095703125e-02
1.754283905029296875e-02
8.963108062744140625e-03
2.597641944885253906e-02
2.770662307739257812e-02
2.772092819213867188e-02
2.380347251892089844e-02
9.897232055664062500e-03
8.960008621215820312e-03
3.270268440246582031e-02
2.828121185302734375e-02
2.314639091491699219e-02
2.268767356872558594e-02
2.302026748657226562e-02
1.748919486999511719e-02
3.422069549560546875e-02
3.157711029052734375e-02
1.929879188537597656e-02
2.112412452697753906e-02
2.558445930480957031e-02
8.968591690063476562e-03
3.321790695190429688e-02
2.958631515502929688e-02
2.467083930969238281e-02
2.589464187622070312e-02
2.129244804382324219e-02
8.852720260620117188e-03
3.432941436767578125e-02
2.241277694702148438e-02
8.486509323120117188e-03
8.457183837890625000e-03
8.439779281616210938e-03
8.504867553710937500e-03
2.574419975280761719e-02
2.060365676879882812e-02
1.489686965942382812e-02
8.443832397460937500e-03
8.451938629150390625e-03
1.060819625854492188e-02
3.381180763244628906e-02
2.756500244140625000e-02
2.088975906372070312e-02
2.061390876770019531e-02
2.267670631408691406e-02
6.184339523315429688e-03
3.209543228149414062e-02
2.702879905700683594e-02
2.379131317138671875e-02
2.197051048278808594e-02
2.470874786376953125e-02
8.951187133789062500e-03
3.231167793273925781e-02
2.976727485656738281e-02
2.027368545532226562e-02
1.847600936889648438e-02
2.290391921997070312e-02
1.733541488647460938e-02
3.272914886474609375e-02
2.757573127746582031e-02
2.170991897583007812e-02
1.636219024658203125e-02
2.101731300354003906e-02
1.520109176635742188e-02
2.903485298156738281e-02
2.556276321411132812e-02
2.767992019653320312e-02
3.005361557006835938e-02
2.181339263916015625e-02
2.184391021728515625e-02
3.424668312072753906e-02
3.138422966003417969e-02
2.714776992797851562e-02
2.102732658386230469e-02
2.026033401489257812e-02
1.677799224853515625e-02
3.382587432861328125e-02
2.894568443298339844e-02
2.616691589355468750e-02
2.364659309387207031e-02
2.506327629089355469e-02
1.640892028808593750e-02
3.402543067932128906e-02
2.676010131835937500e-02
2.244305610656738281e-02
1.385927200317382812e-02
8.420228958129882812e-03
8.447647094726562500e-03
3.250980377197265625e-02
2.876448631286621094e-02
2.307152748107910156e-02
2.430748939514160156e-02
1.204013824462890625e-02
8.474826812744140625e-03
2.591776847839355469e-02
2.484035491943359375e-02
2.192449569702148438e-02
2.181243896484375000e-02
1.711392402648925781e-02
8.474349975585937500e-03
3.391265869140625000e-02
2.929234504699707031e-02
2.765893936157226562e-02
2.948307991027832031e-02
1.257944107055664062e-02
1.132273674011230469e-02
3.397560119628906250e-02
2.717351913452148438e-02
2.505683898925781250e-02
2.726221084594726562e-02
2.413964271545410156e-02
1.794934272766113281e-02
3.451514244079589844e-02
2.955579757690429688e-02
2.567100524902343750e-02
3.058457374572753906e-02
2.622437477111816406e-02
8.802175521850585938e-03
3.414630889892578125e-02
2.925133705139160156e-02
2.697324752807617188e-02
2.557706832885742188e-02
1.752972602844238281e-02
1.748967170715332031e-02
2.845239639282226562e-02
2.718782424926757812e-02
2.672266960144042969e-02
2.620530128479003906e-02
2.074551582336425781e-02
8.814096450805664062e-03
3.276658058166503906e-02
3.199672698974609375e-02
2.912926673889160156e-02
2.350282669067382812e-02
2.029013633728027344e-02
1.762151718139648438e-02
3.260803222656250000e-02
2.904391288757324219e-02
2.291560173034667969e-02
1.086831092834472656e-02
8.677244186401367188e-03
8.475780487060546875e-03
3.371667861938476562e-02
2.762222290039062500e-02
2.643203735351562500e-02
2.066159248352050781e-02
1.318740844726562500e-02
8.497953414916992188e-03
3.324675559997558594e-02
3.362393379211425781e-02
2.752995491027832031e-02
2.750658988952636719e-02
2.052426338195800781e-02
1.606941223144531250e-02
3.296637535095214844e-02
2.669239044189453125e-02
1.776909828186035156e-02
2.081370353698730469e-02
1.353907585144042969e-02
9.296417236328125000e-03
3.437590599060058594e-02
2.863645553588867188e-02
2.534151077270507812e-02
6.111145019531250000e-03
9.054660797119140625e-03
1.755285263061523438e-02
3.400230407714843750e-02
3.120946884155273438e-02
2.509975433349609375e-02
2.729320526123046875e-02
2.319359779357910156e-02
9.121417999267578125e-03
3.294444084167480469e-02
2.982664108276367188e-02
2.278041839599609375e-02
2.530717849731445312e-02
2.213978767395019531e-02
1.391386985778808594e-02
3.227853775024414062e-02
3.090524673461914062e-02
3.187108039855957031e-02
2.458453178405761719e-02
2.897429466247558594e-02
1.537251472473144531e-02
2.785873413085937500e-02
2.863788604736328125e-02
2.963852882385253906e-02
2.427887916564941406e-02
1.874041557312011719e-02
8.792400360107421875e-03
3.321313858032226562e-02
3.126931190490722656e-02
3.074765205383300781e-02
3.026819229125976562e-02
1.721358299255371094e-02
8.607149124145507812e-03
3.254604339599609375e-02
2.971816062927246094e-02
2.295041084289550781e-02
1.879096031188964844e-02
2.179956436157226562e-02
1.264333724975585938e-02
3.259968757629394531e-02
2.837681770324707031e-02
2.578186988830566406e-02
2.264571189880371094e-02
2.164793014526367188e-02
1.613712310791015625e-02
3.418874740600585938e-02
2.695345878601074219e-02
2.600955963134765625e-02
2.255678176879882812e-02
2.837634086608886719e-02
8.480310440063476562e-03
2.700710296630859375e-02
2.477979660034179688e-02
2.512550354003906250e-02
2.513027191162109375e-02
2.056097984313964844e-02
8.747100830078125000e-03
3.302645683288574219e-02
3.070974349975585938e-02
6.681442260742187500e-03
9.199857711791992188e-03
1.406741142272949219e-02
1.941514015197753906e-02
3.306150436401367188e-02
3.065395355224609375e-02
2.539515495300292969e-02
2.508759498596191406e-02
1.136970520019531250e-02
8.800506591796875000e-03
3.413081169128417969e-02
2.916979789733886719e-02
2.573466300964355469e-02
2.613162994384765625e-02
1.682567596435546875e-02
1.686072349548339844e-02
3.332662582397460938e-02
2.913761138916015625e-02
2.244663238525390625e-02
2.028489112854003906e-02
2.326297760009765625e-02
1.751136779785156250e-02
3.203415870666503906e-02
3.020715713500976562e-02
2.555561065673828125e-02
2.939033508300781250e-02
2.159595489501953125e-02
8.518457412719726562e-03
3.251576423645019531e-02
3.155469894409179688e-02
2.630877494812011719e-02
2.506518363952636719e-02
2.327704429626464844e-02
1.623916625976562500e-02
3.389906883239746094e-02
3.315591812133789062e-02
2.921915054321289062e-02
2.645230293273925781e-02
2.760100364685058594e-02
1.228618621826171875e-02
3.325963020324707031e-02
2.995586395263671875e-02
2.311348915100097656e-02
2.636837959289550781e-02
2.075958251953125000e-02
1.613259315490722656e-02
3.423118591308593750e-02
2.867603302001953125e-02
2.523684501647949219e-02
2.577424049377441406e-02
1.856303215026855469e-02
8.451461791992187500e-03
2.619242668151855469e-02
2.136230468750000000e-02
2.627348899841308594e-02
1.955819129943847656e-02
1.289653778076171875e-02
1.042842864990234375e-02
3.382611274719238281e-02
6.103277206420898438e-03
8.767366409301757812e-03
8.783102035522460938e-03
1.708817481994628906e-02
1.645851135253906250e-02
3.449368476867675781e-02
2.717590332031250000e-02
2.626419067382812500e-02
2.357983589172363281e-02
2.725172042846679688e-02
1.155567169189453125e-02
3.388833999633789062e-02
2.904915809631347656e-02
2.836894989013671875e-02
2.666568756103515625e-02
1.458764076232910156e-02
8.794546127319335938e-03
3.431606292724609375e-02
3.143811225891113281e-02
2.576112747192382812e-02
2.708172798156738281e-02
2.488303184509277344e-02
1.744127273559570312e-02
1.038885116577148438e-02
1.736426353454589844e-02
2.357125282287597656e-02
8.782386779785156250e-03
1.567864418029785156e-02
8.460283279418945312e-03
3.428268432617187500e-02
3.171110153198242188e-02
2.514052391052246094e-02
2.231001853942871094e-02
1.310682296752929688e-02
8.449077606201171875e-03
3.369021415710449219e-02
2.987885475158691406e-02
2.642154693603515625e-02
2.689456939697265625e-02
2.195405960083007812e-02
1.226782798767089844e-02
3.384757041931152344e-02
3.256940841674804688e-02
2.488946914672851562e-02
2.537798881530761719e-02
2.673363685607910156e-02
1.087427139282226562e-02
3.371882438659667969e-02
2.988672256469726562e-02
2.484488487243652344e-02
2.348542213439941406e-02
2.125763893127441406e-02
8.454799652099609375e-03
1.891779899597167969e-02
2.532482147216796875e-02
2.654004096984863281e-02
2.256464958190917969e-02
2.196335792541503906e-02
8.765220642089843750e-03
6.487607955932617188e-03
9.096860885620117188e-03
1.654720306396484375e-02
2.048587799072265625e-02
2.098822593688964844e-02
1.966428756713867188e-02
3.379511833190917969e-02
2.895402908325195312e-02
2.472543716430664062e-02
2.550601959228515625e-02
1.754713058471679688e-02
1.749467849731445312e-02
3.310394287109375000e-02
3.190541267395019531e-02
2.454423904418945312e-02
2.261161804199218750e-02
2.306413650512695312e-02
1.748847961425781250e-02
3.380393981933593750e-02
8.451938629150390625e-03
1.090812683105468750e-02
8.448839187622070312e-03
8.436679840087890625e-03
8.422374725341796875e-03
3.011226654052734375e-02
2.201628684997558594e-02
2.658057212829589844e-02
1.656627655029296875e-02
8.467674255371093750e-03
8.457422256469726562e-03
3.246045112609863281e-02
3.079867362976074219e-02
2.443695068359375000e-02
2.089381217956542969e-02
1.311016082763671875e-02
8.467197418212890625e-03
3.267574310302734375e-02
2.778005599975585938e-02
2.338027954101562500e-02
2.450299263000488281e-02
2.008247375488281250e-02
8.461713790893554688e-03
3.247308731079101562e-02
2.770709991455078125e-02
2.123975753784179688e-02
1.993393898010253906e-02
9.935855865478515625e-03
8.526563644409179688e-03
3.337097167968750000e-02
2.662920951843261719e-02
2.138352394104003906e-02
1.544785499572753906e-02
8.455991744995117188e-03
8.457899093627929688e-03
2.943110466003417969e-02
2.476406097412109375e-02
2.021479606628417969e-02
1.676821708679199219e-02
1.562714576721191406e-02
1.782774925231933594e-02
3.199744224548339844e-02
2.685141563415527344e-02
2.341198921203613281e-02
2.133297920227050781e-02
2.204108238220214844e-02
1.120591163635253906e-02
3.372788429260253906e-02
2.869057655334472656e-02
2.680492401123046875e-02
2.724146842956542969e-02
2.031755447387695312e-02
8.725166320800781250e-03
3.420448303222656250e-02
3.135991096496582031e-02
1.226139068603515625e-02
9.405612945556640625e-03
8.474111557006835938e-03
8.526802062988281250e-03
3.408193588256835938e-02
3.142690658569335938e-02
2.412629127502441406e-02
2.378439903259277344e-02
2.384209632873535156e-02
1.143264770507812500e-02
2.485942840576171875e-02
2.654218673706054688e-02
2.059555053710937500e-02
1.321959495544433594e-02
8.450269699096679688e-03
8.763790130615234375e-03
3.224802017211914062e-02
3.005194664001464844e-02
2.714753150939941406e-02
2.334833145141601562e-02
2.156305313110351562e-02
1.222872734069824219e-02
3.410387039184570312e-02
2.657532691955566406e-02
2.783536911010742188e-02
3.021621704101562500e-02
1.897478103637695312e-02
1.891088485717773438e-02
3.443145751953125000e-02
3.061175346374511719e-02
2.638292312622070312e-02
2.483153343200683594e-02
2.528262138366699219e-02
1.310825347900390625e-02
3.181362152099609375e-02
2.678966522216796875e-02
2.246928215026855469e-02
1.778149604797363281e-02
9.705305099487304688e-03
8.457183837890625000e-03
2.855873107910156250e-02
2.561593055725097656e-02
3.013730049133300781e-02
2.332687377929687500e-02
9.659290313720703125e-03
1.635909080505371094e-02
3.315234184265136719e-02
2.938556671142578125e-02
2.383375167846679688e-02
2.641224861145019531e-02
2.455711364746093750e-02
8.684158325195312500e-03
3.306365013122558594e-02
2.616119384765625000e-02
2.237534523010253906e-02
1.141500473022460938e-02
8.446216583251953125e-03
8.425235748291015625e-03
3.357815742492675781e-02
2.942681312561035156e-02
2.410173416137695312e-02
2.054524421691894531e-02
2.316069602966308594e-02
1.517128944396972656e-02
3.296208381652832031e-02
2.919983863830566406e-02
2.582979202270507812e-02
2.258920669555664062e-02
1.970314979553222656e-02
1.473736763000488281e-02
2.289605140686035156e-02
2.941179275512695312e-02
2.113628387451171875e-02
1.322364807128906250e-02
8.462190628051757812e-03
8.440494537353515625e-03
3.405404090881347656e-02
2.619814872741699219e-02
2.364945411682128906e-02
2.145147323608398438e-02
1.289248466491699219e-02
1.229906082153320312e-02
3.384041786193847656e-02
2.614927291870117188e-02
2.646899223327636719e-02
2.530407905578613281e-02
9.804964065551757812e-03
8.749723434448242188e-03
3.417754173278808594e-02
2.608919143676757812e-02
2.438139915466308594e-02
2.582907676696777344e-02
2.125382423400878906e-02
8.558273315429687500e-03
3.276300430297851562e-02
3.211688995361328125e-02
2.654290199279785156e-02
2.134871482849121094e-02
1.805496215820312500e-02
9.671211242675781250e-03
1.889085769653320312e-02
2.142882347106933594e-02
2.400374412536621094e-02
6.056785583496093750e-03
8.872509002685546875e-03
2.091288566589355469e-02
3.395128250122070312e-02
3.099751472473144531e-02
1.689004898071289062e-02
9.918928146362304688e-03
8.459091186523437500e-03
8.423805236816406250e-03
3.551602363586425781e-02
3.312468528747558594e-02
3.302550315856933594e-02
2.896332740783691406e-02
2.403831481933593750e-02
1.823902130126953125e-02
3.321027755737304688e-02
2.858948707580566406e-02
2.221393585205078125e-02
8.460044860839843750e-03
8.450984954833984375e-03
1.502442359924316406e-02
3.353667259216308594e-02
2.882409095764160156e-02
2.057290077209472656e-02
1.088857650756835938e-02
8.463621139526367188e-03
9.892463684082031250e-03
2.399778366088867188e-02
1.992273330688476562e-02
1.227045059204101562e-02
8.447408676147460938e-03
8.943796157836914062e-03
8.955240249633789062e-03
2.937340736389160156e-02
1.321029663085937500e-02
8.432149887084960938e-03
1.418280601501464844e-02
2.289223670959472656e-02
2.467131614685058594e-02
3.432822227478027344e-02
2.909779548645019531e-02
2.458024024963378906e-02
9.744644165039062500e-03
8.453607559204101562e-03
1.562333106994628906e-02
3.446912765502929688e-02
3.168153762817382812e-02
2.645659446716308594e-02
2.403044700622558594e-02
9.721517562866210938e-03
8.472204208374023438e-03
3.395605087280273438e-02
3.092288970947265625e-02
1.635932922363281250e-02
1.633834838867187500e-02
1.679706573486328125e-02
1.630640029907226562e-02
2.374577522277832031e-02
1.698589324951171875e-02
1.199889183044433594e-02
1.526689529418945312e-02
1.445841789245605469e-02
8.463859558105468750e-03
3.174638748168945312e-02
2.819275856018066406e-02
2.469182014465332031e-02
2.354645729064941406e-02
1.194310188293457031e-02
8.466243743896484375e-03
3.377318382263183594e-02
2.805590629577636719e-02
2.214360237121582031e-02
2.600383758544921875e-02
2.034473419189453125e-02
8.441686630249023438e-03
3.290891647338867188e-02
2.694535255432128906e-02
2.194786071777343750e-02
2.288627624511718750e-02
1.985359191894531250e-02
1.534366607666015625e-02
3.315138816833496094e-02
2.879619598388671875e-02
2.149653434753417969e-02
2.302455902099609375e-02
1.821255683898925781e-02
1.487588882446289062e-02
2.095746994018554688e-02
2.269744873046875000e-02
2.249860763549804688e-02
1.081275939941406250e-02
8.474349975585937500e-03
8.778572082519531250e-03
3.271269798278808594e-02
3.211021423339843750e-02
2.812552452087402344e-02
2.306532859802246094e-02
2.416300773620605469e-02
8.518695831298828125e-03
3.290247917175292969e-02
3.072595596313476562e-02
2.533817291259765625e-02
1.919102668762207031e-02
1.084446907043457031e-02
8.470535278320312500e-03
3.335714340209960938e-02
3.046345710754394531e-02
2.545213699340820312e-02
1.961946487426757812e-02
1.246452331542968750e-02
8.455753326416015625e-03
3.278827667236328125e-02
2.808427810668945312e-02
2.298617362976074219e-02
2.292203903198242188e-02
8.522033691406250000e-03
8.482933044433593750e-03
8.455991744995117188e-03
1.828265190124511719e-02
1.684927940368652344e-02
8.758783340454101562e-03
8.703231811523437500e-03
1.387977600097656250e-02
3.270435333251953125e-02
2.676630020141601562e-02
2.580118179321289062e-02
2.768635749816894531e-02
1.851534843444824219e-02
8.744955062866210938e-03
3.312587738037109375e-02
2.930760383605957031e-02
2.339935302734375000e-02
2.160620689392089844e-02
2.130031585693359375e-02
1.344442367553710938e-02
3.293395042419433594e-02
2.910041809082031250e-02
2.327847480773925781e-02
2.655577659606933594e-02
2.183151245117187500e-02
1.649904251098632812e-02
3.374052047729492188e-02
2.820801734924316406e-02
2.212262153625488281e-02
2.234435081481933594e-02
2.790069580078125000e-02
1.230788230895996094e-02
2.621698379516601562e-02
1.822805404663085938e-02
1.682353019714355469e-02
1.351475715637207031e-02
8.739471435546875000e-03
8.740901947021484375e-03
3.380155563354492188e-02
3.024554252624511719e-02
2.561187744140625000e-02
2.209234237670898438e-02
1.571059226989746094e-02
8.751153945922851562e-03
3.311300277709960938e-02
2.840614318847656250e-02
2.520608901977539062e-02
2.787995338439941406e-02
1.913094520568847656e-02
8.820533752441406250e-03
3.418469429016113281e-02
3.148293495178222656e-02
2.572226524353027344e-02
2.561163902282714844e-02
2.159333229064941406e-02
1.236128807067871094e-02
3.230166435241699219e-02
8.487224578857421875e-03
1.603484153747558594e-02
1.391339302062988281e-02
1.222658157348632812e-02
1.141953468322753906e-02
7.782220840454101562e-03
8.772373199462890625e-03
8.762836456298828125e-03
8.889913558959960938e-03
9.581565856933593750e-03
1.025891304016113281e-02
3.325319290161132812e-02
2.829313278198242188e-02
2.479910850524902344e-02
2.418899536132812500e-02
1.965236663818359375e-02
8.742809295654296875e-03
3.444004058837890625e-02
2.948427200317382812e-02
1.538515090942382812e-02
1.536178588867187500e-02
1.778078079223632812e-02
1.496338844299316406e-02
3.381919860839843750e-02
3.146767616271972656e-02
2.675414085388183594e-02
2.493166923522949219e-02
2.131056785583496094e-02
1.572656631469726562e-02
3.314113616943359375e-02
3.080058097839355469e-02
2.843070030212402344e-02
2.349519729614257812e-02
1.879453659057617188e-02
1.352381706237792969e-02
2.495193481445312500e-02
2.274394035339355469e-02
2.026438713073730469e-02
2.132606506347656250e-02
1.237750053405761719e-02
8.710145950317382812e-03
3.432226181030273438e-02
2.506852149963378906e-02
2.787876129150390625e-02
2.618718147277832031e-02
2.682352066040039062e-02
1.487183570861816406e-02
3.305244445800781250e-02
2.838158607482910156e-02
2.532720565795898438e-02
2.653598785400390625e-02
2.461290359497070312e-02
1.479220390319824219e-02
3.423595428466796875e-02
2.504158020019531250e-02
1.310324668884277344e-02
1.197266578674316406e-02
1.080751419067382812e-02
1.083111763000488281e-02
3.399944305419921875e-02
2.637505531311035156e-02
2.330112457275390625e-02
1.269197463989257812e-02
8.468627929687500000e-03
1.363968849182128906e-02
1.859402656555175781e-02
1.722502708435058594e-02
1.960682868957519531e-02
1.743292808532714844e-02
1.729178428649902344e-02
1.647496223449707031e-02
3.434157371520996094e-02
2.837443351745605469e-02
2.507424354553222656e-02
2.382707595825195312e-02
1.540493965148925781e-02
1.530337333679199219e-02
3.355479240417480469e-02
2.717971801757812500e-02
2.193927764892578125e-02
1.879334449768066406e-02
1.990056037902832031e-02
1.534652709960937500e-02
3.417015075683593750e-02
2.499580383300781250e-02
2.685594558715820312e-02
2.350568771362304688e-02
2.860927581787109375e-02
1.281905174255371094e-02
3.423666954040527344e-02
2.640128135681152344e-02
2.655291557312011719e-02
2.736258506774902344e-02
2.464151382446289062e-02
1.488804817199707031e-02
3.012228012084960938e-02
2.380728721618652344e-02
2.252244949340820312e-02
8.803606033325195312e-03
8.691549301147460938e-03
9.976387023925781250e-03
3.428053855895996094e-02
2.848529815673828125e-02
2.455091476440429688e-02
2.611207962036132812e-02
2.346086502075195312e-02
1.535797119140625000e-02
3.475284576416015625e-02
3.189921379089355469e-02
2.626252174377441406e-02
8.464574813842773438e-03
8.412361145019531250e-03
8.441448211669921875e-03
3.312468528747558594e-02
2.806425094604492188e-02
2.371478080749511719e-02
1.962494850158691406e-02
1.312375068664550781e-02
8.447170257568359375e-03
3.294110298156738281e-02
2.919220924377441406e-02
2.657818794250488281e-02
1.998925209045410156e-02
1.296615600585937500e-02
2.121639251708984375e-02
2.998590469360351562e-02
2.791571617126464844e-02
3.158998489379882812e-02
2.889442443847656250e-02
1.637196540832519531e-02
1.437568664550781250e-02
3.467726707458496094e-02
2.615499496459960938e-02
2.528214454650878906e-02
2.609229087829589844e-02
2.335286140441894531e-02
1.538801193237304688e-02
3.411006927490234375e-02
2.499747276306152344e-02
2.771115303039550781e-02
2.349090576171875000e-02
2.576756477355957031e-02
1.476407051086425781e-02
3.295421600341796875e-02
2.830529212951660156e-02
2.314734458923339844e-02
1.878714561462402344e-02
1.654505729675292969e-02
1.647329330444335938e-02
3.408217430114746094e-02
2.488565444946289062e-02
2.652144432067871094e-02
2.232670783996582031e-02
2.711176872253417969e-02
1.547265052795410156e-02
1.945447921752929688e-02
1.847147941589355469e-02
9.946107864379882812e-03
8.805990219116210938e-03
8.700370788574218750e-03
8.767127990722656250e-03
3.437280654907226562e-02
3.140187263488769531e-02
2.562499046325683594e-02
2.420639991760253906e-02
8.460044860839843750e-03
8.447408676147460938e-03
3.290724754333496094e-02
2.813076972961425781e-02
2.748870849609375000e-02
2.490210533142089844e-02
2.309584617614746094e-02
1.227545738220214844e-02
3.415560722351074219e-02
2.581191062927246094e-02
1.147651672363281250e-02
8.938550949096679688e-03
1.009702682495117188e-02
1.413273811340332031e-02
3.322029113769531250e-02
2.810859680175781250e-02
2.822780609130859375e-02
8.509635925292968750e-03
8.851766586303710938e-03
8.730649948120117188e-03
2.723288536071777344e-02
2.443504333496093750e-02
2.776861190795898438e-02
2.310585975646972656e-02
2.421259880065917969e-02
1.791954040527343750e-02
3.414297103881835938e-02
2.491307258605957031e-02
2.577304840087890625e-02
2.345275878906250000e-02
2.581143379211425781e-02
1.441526412963867188e-02
3.412246704101562500e-02
2.828574180603027344e-02
2.511692047119140625e-02
2.394986152648925781e-02
2.584648132324218750e-02
1.795959472656250000e-02
3.297924995422363281e-02
2.822756767272949219e-02
2.394366264343261719e-02
1.963233947753906250e-02
2.235174179077148438e-02
1.534819602966308594e-02
3.416037559509277344e-02
2.831983566284179688e-02
2.518129348754882812e-02
2.393937110900878906e-02
2.711939811706542969e-02
8.733034133911132812e-03
1.822948455810546875e-02
1.109576225280761719e-02
8.719444274902343750e-03
8.887529373168945312e-03
1.687860488891601562e-02
8.466720581054687500e-03
3.311729431152343750e-02
3.112053871154785156e-02
2.476596832275390625e-02
2.358675003051757812e-02
2.052402496337890625e-02
9.698152542114257812e-03
3.313207626342773438e-02
2.820277214050292969e-02
2.442646026611328125e-02
2.429938316345214844e-02
2.340149879455566406e-02
1.223921775817871094e-02
3.313469886779785156e-02
3.166937828063964844e-02
2.557539939880371094e-02
2.352166175842285156e-02
1.531171798706054688e-02
1.648569107055664062e-02
3.462505340576171875e-02
3.067898750305175781e-02
6.218194961547851562e-03
8.772850036621093750e-03
8.865356445312500000e-03
1.979565620422363281e-02
2.352118492126464844e-02
2.733135223388671875e-02
2.573204040527343750e-02
2.693438529968261719e-02
2.339243888854980469e-02
8.726835250854492188e-03
3.428101539611816406e-02
2.513670921325683594e-02
2.791118621826171875e-02
2.738094329833984375e-02
2.520513534545898438e-02
1.230907440185546875e-02
3.381204605102539062e-02
2.576684951782226562e-02
2.902340888977050781e-02
2.854204177856445312e-02
2.637553215026855469e-02
1.393437385559082031e-02
3.418445587158203125e-02
2.504229545593261719e-02
2.787041664123535156e-02
2.847599983215332031e-02
2.278637886047363281e-02
1.230907440185546875e-02
3.387284278869628906e-02
2.632975578308105469e-02
2.639222145080566406e-02
2.779889106750488281e-02
2.424073219299316406e-02
1.537513732910156250e-02
1.670217514038085938e-02
1.606512069702148438e-02
8.453369140625000000e-03
8.462190628051757812e-03
8.448600769042968750e-03
8.429050445556640625e-03
3.407287597656250000e-02
3.196263313293457031e-02
2.526044845581054688e-02
2.508139610290527344e-02
2.185106277465820312e-02
1.515579223632812500e-02
3.369331359863281250e-02
2.933096885681152344e-02
2.046251296997070312e-02
2.389621734619140625e-02
1.203846931457519531e-02
8.483409881591796875e-03
3.277349472045898438e-02
2.821993827819824219e-02
2.644324302673339844e-02
2.344393730163574219e-02
2.510499954223632812e-02
1.549482345581054688e-02
3.099966049194335938e-02
6.127119064331054688e-03
8.726596832275390625e-03
1.409220695495605469e-02
2.005696296691894531e-02
2.116370201110839844e-02
1.994657516479492188e-02
2.496600151062011719e-02
2.515387535095214844e-02
2.056407928466796875e-02
1.985883712768554688e-02
8.733272552490234375e-03
3.295516967773437500e-02
2.610969543457031250e-02
2.198338508605957031e-02
2.230691909790039062e-02
2.454972267150878906e-02
1.431012153625488281e-02
3.322553634643554688e-02
2.836537361145019531e-02
2.533197402954101562e-02
2.628469467163085938e-02
2.470946311950683594e-02
1.642227172851562500e-02
3.428959846496582031e-02
2.634501457214355469e-02
2.631998062133789062e-02
2.776813507080078125e-02
2.404713630676269531e-02
1.400232315063476562e-02
3.434538841247558594e-02
1.741933822631835938e-02
1.455640792846679688e-02
8.457183837890625000e-03
8.439064025878906250e-03
8.443355560302734375e-03
2.069091796875000000e-02
2.097630500793457031e-02
2.409791946411132812e-02
1.954722404479980469e-02
1.752662658691406250e-02
8.440017700195312500e-03
3.275132179260253906e-02
2.573513984680175781e-02
2.103376388549804688e-02
2.158451080322265625e-02
1.515817642211914062e-02
8.445739746093750000e-03
3.345537185668945312e-02
3.077816963195800781e-02
2.222347259521484375e-02
2.157258987426757812e-02
1.978635787963867188e-02
1.642227172851562500e-02
3.396248817443847656e-02
2.615642547607421875e-02
2.299976348876953125e-02
2.228784561157226562e-02
2.341151237487792969e-02
1.642203330993652344e-02
6.507635116577148438e-03
8.814334869384765625e-03
1.974105834960937500e-02
2.203321456909179688e-02
2.090454101562500000e-02
1.660084724426269531e-02
2.498960494995117188e-02
2.465343475341796875e-02
2.666258811950683594e-02
2.562141418457031250e-02
1.457738876342773438e-02
8.743286132812500000e-03
3.426051139831542969e-02
2.514266967773437500e-02
2.778053283691406250e-02
2.777290344238281250e-02
2.230906486511230469e-02
1.527070999145507812e-02
3.426218032836914062e-02
2.512264251708984375e-02
2.775382995605468750e-02
2.776217460632324219e-02
2.404475212097167969e-02
1.520657539367675781e-02
3.432011604309082031e-02
2.955651283264160156e-02
1.373982429504394531e-02
1.212835311889648438e-02
9.654998779296875000e-03
8.524894714355468750e-03
3.417706489562988281e-02
3.060030937194824219e-02
2.625155448913574219e-02
2.138233184814453125e-02
1.990675926208496094e-02
1.430296897888183594e-02
2.107214927673339844e-02
2.276825904846191406e-02
2.357769012451171875e-02
1.532888412475585938e-02
9.296417236328125000e-03
8.511304855346679688e-03
3.270268440246582031e-02
3.048181533813476562e-02
1.582288742065429688e-02
9.642362594604492188e-03
9.671449661254882812e-03
8.488655090332031250e-03
3.399372100830078125e-02
2.713322639465332031e-02
2.147245407104492188e-02
1.763820648193359375e-02
2.319693565368652344e-02
1.514005661010742188e-02
3.305125236511230469e-02
2.641344070434570312e-02
2.221965789794921875e-02
1.894664764404296875e-02
1.306033134460449219e-02
8.743047714233398438e-03
3.208875656127929688e-02
2.645421028137207031e-02
2.197456359863281250e-02
2.109694480895996094e-02
2.339148521423339844e-02
1.481604576110839844e-02
1.812648773193359375e-02
1.876091957092285156e-02
1.981568336486816406e-02
1.691603660583496094e-02
1.232433319091796875e-02
8.798122406005859375e-03
3.292393684387207031e-02
2.828121185302734375e-02
1.880741119384765625e-02
1.991677284240722656e-02
1.992082595825195312e-02
1.432132720947265625e-02
3.293895721435546875e-02
2.843523025512695312e-02
2.288889884948730469e-02
8.466482162475585938e-03
8.481502532958984375e-03
8.422136306762695312e-03
3.038763999938964844e-02
2.686738967895507812e-02
1.613044738769531250e-02
8.416652679443359375e-03
8.461475372314453125e-03
1.889753341674804688e-02
3.495073318481445312e-02
2.948737144470214844e-02
2.432298660278320312e-02
2.552366256713867188e-02
2.086305618286132812e-02
1.220679283142089844e-02
2.630519866943359375e-02
2.286767959594726562e-02
2.320861816406250000e-02
2.566337585449218750e-02
1.734089851379394531e-02
8.465528488159179688e-03
3.399944305419921875e-02
2.727746963500976562e-02
2.772808074951171875e-02
2.384757995605468750e-02
2.140045166015625000e-02
8.467197418212890625e-03
3.331947326660156250e-02
2.994847297668457031e-02
2.366256713867187500e-02
1.804709434509277344e-02
1.424932479858398438e-02
8.472681045532226562e-03
3.393959999084472656e-02
3.173923492431640625e-02
2.811622619628906250e-02
2.613925933837890625e-02
6.116867065429687500e-03
8.772850036621093750e-03
3.289628028869628906e-02
2.824664115905761719e-02
2.483296394348144531e-02
2.534055709838867188e-02
2.206134796142578125e-02
8.802890777587890625e-03
2.387285232543945312e-02
2.526450157165527344e-02
2.302408218383789062e-02
2.385950088500976562e-02
1.229357719421386719e-02
8.768796920776367188e-03
3.321814537048339844e-02
2.589321136474609375e-02
2.217006683349609375e-02
1.725602149963378906e-02
8.485078811645507812e-03
8.456945419311523438e-03
3.405833244323730469e-02
2.687907218933105469e-02
2.606725692749023438e-02
2.181696891784667969e-02
1.759409904479980469e-02
1.129078865051269531e-02
3.328394889831542969e-02
2.770137786865234375e-02
2.211093902587890625e-02
1.967144012451171875e-02
1.480174064636230469e-02
1.202225685119628906e-02
3.402757644653320312e-02
2.898120880126953125e-02
2.453660964965820312e-02
2.297925949096679688e-02
1.430869102478027344e-02
8.441925048828125000e-03
2.769589424133300781e-02
2.617406845092773438e-02
2.953982353210449219e-02
1.647496223449707031e-02
8.452415466308593750e-03
9.412765502929687500e-03
3.302335739135742188e-02
3.148198127746582031e-02
2.664804458618164062e-02
2.309584617614746094e-02
2.566289901733398438e-02
1.734018325805664062e-02
3.277969360351562500e-02
3.179311752319335938e-02
2.661752700805664062e-02
2.318572998046875000e-02
2.306318283081054688e-02
1.742744445800781250e-02
3.289413452148437500e-02
3.007578849792480469e-02
2.444100379943847656e-02
6.118535995483398438e-03
8.784294128417968750e-03
8.757591247558593750e-03
3.312802314758300781e-02
2.789402008056640625e-02
2.464032173156738281e-02
2.565002441406250000e-02
1.568055152893066406e-02
8.775234222412109375e-03
1.880574226379394531e-02
1.905894279479980469e-02
1.751041412353515625e-02
1.236796379089355469e-02
8.846759796142578125e-03
8.650779724121093750e-03
3.278708457946777344e-02
2.681326866149902344e-02
2.298355102539062500e-02
1.774168014526367188e-02
1.771354675292968750e-02
9.730339050292968750e-03
3.316569328308105469e-02
2.963805198669433594e-02
2.630591392517089844e-02
1.947426795959472656e-02
2.085065841674804688e-02
1.489400863647460938e-02
3.202080726623535156e-02
2.741527557373046875e-02
2.508997917175292969e-02
2.752566337585449219e-02
1.905536651611328125e-02
8.464097976684570312e-03
3.224778175354003906e-02
2.801060676574707031e-02
1.280665397644042969e-02
1.280236244201660156e-02
1.242923736572265625e-02
8.452892303466796875e-03
2.960777282714843750e-02
2.543377876281738281e-02
2.002930641174316406e-02
1.563453674316406250e-02
1.089310646057128906e-02
8.466005325317382812e-03
3.358936309814453125e-02
3.006291389465332031e-02
2.380990982055664062e-02
2.470970153808593750e-02
2.052307128906250000e-02
1.584982872009277344e-02
3.241467475891113281e-02
2.990937232971191406e-02
2.227234840393066406e-02
2.337002754211425781e-02
2.092075347900390625e-02
1.648879051208496094e-02
3.357696533203125000e-02
3.007507324218750000e-02
6.228208541870117188e-03
8.792161941528320312e-03
9.998559951782226562e-03
2.162289619445800781e-02
3.283071517944335938e-02
3.024101257324218750e-02
2.467751502990722656e-02
2.212309837341308594e-02
1.466464996337890625e-02
8.707523345947265625e-03
8.865356445312500000e-03
8.471250534057617188e-03
8.421659469604492188e-03
8.424520492553710938e-03
8.432388305664062500e-03
8.457183837890625000e-03
3.399372100830078125e-02
2.470231056213378906e-02
2.809596061706542969e-02
2.766847610473632812e-02
1.576066017150878906e-02
1.512718200683593750e-02
3.326416015625000000e-02
2.987265586853027344e-02
2.855610847473144531e-02
2.478766441345214844e-02
2.123379707336425781e-02
1.520013809204101562e-02
3.341388702392578125e-02
2.683138847351074219e-02
2.420520782470703125e-02
2.416801452636718750e-02
1.207518577575683594e-02
8.447647094726562500e-03
3.390860557556152344e-02
3.066682815551757812e-02
2.446889877319335938e-02
2.640175819396972656e-02
2.012205123901367188e-02
8.447647094726562500e-03
2.307748794555664062e-02
2.468705177307128906e-02
2.319192886352539062e-02
2.299499511718750000e-02
2.110862731933593750e-02
8.469581604003906250e-03
3.249382972717285156e-02
2.660131454467773438e-02
2.318167686462402344e-02
2.424216270446777344e-02
2.173638343811035156e-02
1.396870613098144531e-02
3.294777870178222656e-02
2.781701087951660156e-02
2.627515792846679688e-02
2.567696571350097656e-02
2.375149726867675781e-02
8.540391921997070312e-03
3.294706344604492188e-02
6.088256835937500000e-03
8.756399154663085938e-03
1.534152030944824219e-02
1.817560195922851562e-02
2.100205421447753906e-02
3.420019149780273438e-02
8.690834045410156250e-03
8.439302444458007812e-03
8.461952209472656250e-03
8.445739746093750000e-03
8.448123931884765625e-03
1.908159255981445312e-02
1.554489135742187500e-02
1.611924171447753906e-02
1.825380325317382812e-02
2.071952819824218750e-02
8.526325225830078125e-03
3.325915336608886719e-02
2.683901786804199219e-02
2.295970916748046875e-02
2.315115928649902344e-02
1.201152801513671875e-02
8.475542068481445312e-03
3.437662124633789062e-02
2.931690216064453125e-02
2.643156051635742188e-02
2.635741233825683594e-02
1.815462112426757812e-02
8.461952209472656250e-03
3.416991233825683594e-02
2.828979492187500000e-02
2.718377113342285156e-02
2.692055702209472656e-02
1.382946968078613281e-02
1.227712631225585938e-02
3.077125549316406250e-02
2.638363838195800781e-02
2.606940269470214844e-02
3.071999549865722656e-02
2.301144599914550781e-02
1.547765731811523438e-02
1.896762847900390625e-02
2.188277244567871094e-02
2.013134956359863281e-02
1.088881492614746094e-02
8.439302444458007812e-03
8.452415466308593750e-03
3.336381912231445312e-02
3.044629096984863281e-02
2.533674240112304688e-02
2.296710014343261719e-02
1.537060737609863281e-02
8.456230163574218750e-03
3.436160087585449219e-02
3.161740303039550781e-02
1.804852485656738281e-02
1.535844802856445312e-02
1.882648468017578125e-02
1.482963562011718750e-02
6.500005722045898438e-03
8.767604827880859375e-03
1.076149940490722656e-02
1.721024513244628906e-02
1.307010650634765625e-02
1.079034805297851562e-02
3.307175636291503906e-02
2.639079093933105469e-02
2.508020401000976562e-02
1.689028739929199219e-02
9.276628494262695312e-03
8.446931838989257812e-03
2.829957008361816406e-02
2.414512634277343750e-02
1.792955398559570312e-02
9.710788726806640625e-03
8.447647094726562500e-03
1.101160049438476562e-02
3.271436691284179688e-02
2.810525894165039062e-02
2.314972877502441406e-02
2.397441864013671875e-02
1.195955276489257812e-02
8.427143096923828125e-03
3.323364257812500000e-02
3.048396110534667969e-02
2.168011665344238281e-02
2.151346206665039062e-02
1.949191093444824219e-02
8.447170257568359375e-03
3.298234939575195312e-02
2.806401252746582031e-02
2.175307273864746094e-02
1.944327354431152344e-02
1.085400581359863281e-02
8.455991744995117188e-03
3.282856941223144531e-02
2.997970581054687500e-02
2.597093582153320312e-02
2.139210700988769531e-02
1.333355903625488281e-02
8.457899093627929688e-03
1.916241645812988281e-02
1.638603210449218750e-02
1.758289337158203125e-02
1.874184608459472656e-02
1.648449897766113281e-02
1.647543907165527344e-02
3.226637840270996094e-02
2.818560600280761719e-02
2.497291564941406250e-02
2.646923065185546875e-02
2.106404304504394531e-02
8.552074432373046875e-03
3.255558013916015625e-02
3.185915946960449219e-02
3.039383888244628906e-02
8.441448211669921875e-03
8.425712585449218750e-03
1.154589653015136719e-02
3.307056427001953125e-02
2.600169181823730469e-02
2.899813652038574219e-02
2.429699897766113281e-02
1.239466667175292969e-02
8.754968643188476562e-03
3.402447700500488281e-02
2.915072441101074219e-02
2.467179298400878906e-02
2.569937705993652344e-02
2.080488204956054688e-02
8.761405944824218750e-03
2.390098571777343750e-02
2.106952667236328125e-02
2.542972564697265625e-02
2.152633666992187500e-02
8.628606796264648438e-03
8.665084838867187500e-03
3.394365310668945312e-02
2.875900268554687500e-02
1.722288131713867188e-02
8.658409118652343750e-03
8.642435073852539062e-03
1.588344573974609375e-02
3.351879119873046875e-02
2.883076667785644531e-02
2.179408073425292969e-02
9.847640991210937500e-03
8.620500564575195312e-03
1.147294044494628906e-02
3.089118003845214844e-02
1.556181907653808594e-02
8.656501770019531250e-03
1.296353340148925781e-02
2.233719825744628906e-02
2.380180358886718750e-02
3.369593620300292969e-02
2.725529670715332031e-02
1.102375984191894531e-02
8.625507354736328125e-03
1.407432556152343750e-02
2.046847343444824219e-02
2.934861183166503906e-02
2.017712593078613281e-02
1.101708412170410156e-02
8.638858795166015625e-03
1.116013526916503906e-02
1.691317558288574219e-02
3.078651428222656250e-02
1.552772521972656250e-02
8.651018142700195312e-03
1.224660873413085938e-02
1.943302154541015625e-02
2.293419837951660156e-02
3.097581863403320312e-02
1.659393310546875000e-02
8.482694625854492188e-03
1.219511032104492188e-02
1.648402214050292969e-02
1.105642318725585938e-02
3.269743919372558594e-02
3.075575828552246094e-02
2.867555618286132812e-02
1.671671867370605469e-02
8.618116378784179688e-03
8.652210235595703125e-03
3.386926651000976562e-02
2.961277961730957031e-02
2.166128158569335938e-02
1.225972175598144531e-02
8.639335632324218750e-03
1.246809959411621094e-02
2.256584167480468750e-02
2.090334892272949219e-02
1.242136955261230469e-02
1.389026641845703125e-02
8.725643157958984375e-03
8.669137954711914062e-03
3.392934799194335938e-02
2.905416488647460938e-02
2.149653434753417969e-02
1.222467422485351562e-02
8.622884750366210938e-03
1.246786117553710938e-02
3.356862068176269531e-02
2.992129325866699219e-02
1.224160194396972656e-02
8.614540100097656250e-03
1.456141471862792969e-02
2.221655845642089844e-02
3.402876853942871094e-02
3.160738945007324219e-02
2.917528152465820312e-02
2.561450004577636719e-02
9.900569915771484375e-03
8.639097213745117188e-03
3.361845016479492188e-02
2.840137481689453125e-02
1.109695434570312500e-02
8.618831634521484375e-03
1.802134513854980469e-02
2.347183227539062500e-02
1.137042045593261719e-02
8.622884750366210938e-03
1.084446907043457031e-02
1.867151260375976562e-02
1.887512207031250000e-02
1.726365089416503906e-02
3.157544136047363281e-02
2.179908752441406250e-02
8.463859558105468750e-03
8.462429046630859375e-03
1.450705528259277344e-02
2.524662017822265625e-02
2.929615974426269531e-02
1.092743873596191406e-02
8.458375930786132812e-03
2.409648895263671875e-02
2.952814102172851562e-02
2.240157127380371094e-02
3.284406661987304688e-02
2.803254127502441406e-02
1.104784011840820312e-02
8.631944656372070312e-03
1.578307151794433594e-02
2.086114883422851562e-02
3.446149826049804688e-02
3.108525276184082031e-02
1.682496070861816406e-02
8.637189865112304688e-03
1.306200027465820312e-02
2.101993560791015625e-02
1.720738410949707031e-02
1.718330383300781250e-02
1.728153228759765625e-02
1.630735397338867188e-02
1.527261734008789062e-02
1.526069641113281250e-02
3.287267684936523438e-02
3.063058853149414062e-02
2.847552299499511719e-02
1.608228683471679688e-02
9.777784347534179688e-03
1.104712486267089844e-02
3.198242187500000000e-02
2.364492416381835938e-02
8.664608001708984375e-03
8.618354797363281250e-03
1.931715011596679688e-02
2.049255371093750000e-02
3.362917900085449219e-02
2.840209007263183594e-02
1.107501983642578125e-02
8.641958236694335938e-03
1.796531677246093750e-02
2.380394935607910156e-02
3.262686729431152344e-02
2.715873718261718750e-02
1.542282104492187500e-02
8.738994598388671875e-03
1.172280311584472656e-02
2.177023887634277344e-02
8.463621139526367188e-03
8.467435836791992188e-03
1.717758178710937500e-02
2.185630798339843750e-02
1.905941963195800781e-02
1.714587211608886719e-02
3.170418739318847656e-02
2.568268775939941406e-02
9.713888168334960938e-03
8.446693420410156250e-03
1.213526725769042969e-02
2.415013313293457031e-02
3.231287002563476562e-02
2.934432029724121094e-02
6.031036376953125000e-03
8.655786514282226562e-03
1.785397529602050781e-02
2.623486518859863281e-02
3.426742553710937500e-02
3.079581260681152344e-02
2.311682701110839844e-02
1.554226875305175781e-02
8.625984191894531250e-03
1.181387901306152344e-02
3.109741210937500000e-02
1.805019378662109375e-02
8.647680282592773438e-03
1.169013977050781250e-02
2.457070350646972656e-02
2.196264266967773438e-02
1.868820190429687500e-02
2.215194702148437500e-02
1.786541938781738281e-02
1.948928833007812500e-02
1.850628852844238281e-02
8.758544921875000000e-03
3.392243385314941406e-02
3.000307083129882812e-02
1.102638244628906250e-02
8.642435073852539062e-03
1.497459411621093750e-02
2.314996719360351562e-02
3.405499458312988281e-02
2.836132049560546875e-02
1.105380058288574219e-02
8.625745773315429688e-03
1.594567298889160156e-02
2.112722396850585938e-02
3.439140319824218750e-02
3.307747840881347656e-02
2.133345603942871094e-02
2.204012870788574219e-02
2.016091346740722656e-02
1.565051078796386719e-02
3.393650054931640625e-02
8.453845977783203125e-03
8.448362350463867188e-03
1.278162002563476562e-02
1.861834526062011719e-02
1.909112930297851562e-02
2.080821990966796875e-02
2.458357810974121094e-02
2.133202552795410156e-02
8.439064025878906250e-03
8.454799652099609375e-03
1.057815551757812500e-02
3.176712989807128906e-02
2.836060523986816406e-02
2.421641349792480469e-02
1.199150085449218750e-02
8.442401885986328125e-03
8.444547653198242188e-03
3.343367576599121094e-02
6.066560745239257812e-03
8.686542510986328125e-03
1.386857032775878906e-02
2.629232406616210938e-02
2.334022521972656250e-02
3.432965278625488281e-02
3.246021270751953125e-02
2.850365638732910156e-02
1.674270629882812500e-02
8.668422698974609375e-03
8.641958236694335938e-03
3.423881530761718750e-02
3.055787086486816406e-02
2.251291275024414062e-02
1.452040672302246094e-02
8.612632751464843750e-03
1.079511642456054688e-02
