1.456000000000000072e-01
2.810000000000000275e-01
3.091999999999999749e-01
3.313999999999999724e-01
3.363999999999999768e-01
3.583000000000000074e-01
3.940000000000000169e-01
3.905000000000000138e-01
4.225999999999999757e-01
4.157000000000000139e-01
4.262000000000000233e-01
4.368000000000000216e-01
4.043999999999999817e-01
4.223999999999999977e-01
4.358000000000000207e-01
4.319000000000000061e-01
4.467999999999999750e-01
4.365999999999999881e-01
4.314999999999999947e-01
4.238999999999999990e-01
4.253000000000000114e-01
4.466999999999999860e-01
4.169999999999999818e-01
4.333000000000000185e-01
4.479000000000000203e-01
4.329999999999999960e-01
4.359000000000000097e-01
4.287000000000000255e-01
4.374000000000000110e-01
4.545000000000000151e-01
4.461999999999999855e-01
4.316999999999999726e-01
4.436999999999999833e-01
4.409000000000000141e-01
4.546000000000000041e-01
4.405999999999999917e-01
4.430000000000000049e-01
4.467999999999999750e-01
4.360999999999999877e-01
4.428000000000000269e-01
4.390000000000000013e-01
4.477999999999999758e-01
4.556999999999999940e-01
4.393000000000000238e-01
4.506999999999999895e-01
4.413000000000000256e-01
4.611999999999999988e-01
4.454000000000000181e-01
4.471999999999999864e-01
4.425000000000000044e-01
4.279999999999999916e-01
4.213000000000000078e-01
4.316999999999999726e-01
4.403000000000000247e-01
4.492999999999999772e-01
4.495000000000000107e-01
4.324000000000000066e-01
4.470000000000000084e-01
4.495999999999999996e-01
4.431999999999999829e-01
4.490999999999999992e-01
4.431999999999999829e-01
4.436999999999999833e-01
4.467999999999999750e-01
4.414000000000000146e-01
3.981000000000000094e-01
4.154999999999999805e-01
4.213999999999999968e-01
4.598999999999999755e-01
4.459000000000000186e-01
4.701000000000000179e-01
4.415999999999999925e-01
4.588999999999999746e-01
4.539000000000000257e-01
4.681000000000000161e-01
4.580000000000000182e-01
4.526000000000000023e-01
4.535000000000000142e-01
4.403000000000000247e-01
4.423000000000000265e-01
4.531000000000000028e-01
4.389000000000000123e-01
4.595000000000000195e-01
4.289999999999999925e-01
4.420999999999999930e-01
4.406999999999999806e-01
4.480000000000000093e-01
4.576999999999999957e-01
4.481999999999999873e-01
4.501000000000000001e-01
4.546000000000000041e-01
4.529000000000000248e-01
4.534000000000000252e-01
4.480999999999999983e-01
4.546999999999999931e-01
4.580000000000000182e-01
4.607999999999999874e-01
4.556999999999999940e-01
4.566000000000000059e-01
4.550000000000000155e-01
