2.302872657775878906e+00
1.769550085067749023e+00
1.296021461486816406e+00
1.105176329612731934e+00
9.683127403259277344e-01
7.405530214309692383e-01
1.704884052276611328e+00
1.255100369453430176e+00
1.062432527542114258e+00
8.942797780036926270e-01
8.507186174392700195e-01
7.081645727157592773e-01
1.343850851058959961e+00
1.006030201911926270e+00
8.448112607002258301e-01
7.364810109138488770e-01
6.293343901634216309e-01
4.980857074260711670e-01
1.116770625114440918e+00
7.957201600074768066e-01
6.517840623855590820e-01
5.708424448966979980e-01
5.372929573059082031e-01
4.899416565895080566e-01
8.600308895111083984e-01
6.553308367729187012e-01
4.818671047687530518e-01
6.660478115081787109e-01
8.198226094245910645e-01
5.496320128440856934e-01
8.093508481979370117e-01
4.726207554340362549e-01
4.201987981796264648e-01
4.266718626022338867e-01
4.473157227039337158e-01
3.586332798004150391e-01
6.170477271080017090e-01
4.316708445549011230e-01
3.354131281375885010e-01
3.571983277797698975e-01
3.171461224555969238e-01
2.533842623233795166e-01
4.879201352596282959e-01
4.362235367298126221e-01
3.335176110267639160e-01
2.914068102836608887e-01
2.621060609817504883e-01
2.842847406864166260e-01
4.350713193416595459e-01
2.817060649394989014e-01
2.520729899406433105e-01
2.463511973619461060e-01
2.076039761304855347e-01
2.284633666276931763e-01
5.579258799552917480e-01
2.341852486133575439e-01
4.312541484832763672e-01
2.970129549503326416e-01
2.483100444078445435e-01
2.870536148548126221e-01
4.131622612476348877e-01
2.376538664102554321e-01
2.730676233768463135e-01
2.131065577268600464e-01
1.743407845497131348e-01
1.862482726573944092e-01
4.395121335983276367e-01
2.497820109128952026e-01
2.247918248176574707e-01
1.793078780174255371e-01
1.488299369812011719e-01
1.539721935987472534e-01
3.245263993740081787e-01
2.267727702856063843e-01
1.864615380764007568e-01
1.570121496915817261e-01
1.540634632110595703e-01
1.406583338975906372e-01
3.110336065292358398e-01
1.936022341251373291e-01
1.669754534959793091e-01
1.323580592870712280e-01
1.216156706213951111e-01
2.408844977617263794e-01
2.916148006916046143e-01
2.231125086545944214e-01
1.604088842868804932e-01
1.557313352823257446e-01
1.254491209983825684e-01
1.471555531024932861e-01
3.039860427379608154e-01
1.784444600343704224e-01
1.257190257310867310e-01
1.080671176314353943e-01
8.550991117954254150e-02
9.081505984067916870e-02
3.019697368144989014e-01
1.502943933010101318e-01
1.360147595405578613e-01
9.535536170005798340e-02
1.347222626209259033e-01
1.329941898584365845e-01
2.105006575584411621e-01
1.277222782373428345e-01
1.580921858549118042e-01
1.154110580682754517e-01
1.339506208896636963e-01
8.661688119173049927e-02
1.579107344150543213e-01
1.348672360181808472e-01
1.276567131280899048e-01
1.143775433301925659e-01
1.870468854904174805e-01
1.538689285516738892e-01
2.323189079761505127e-01
8.077570050954818726e-02
1.148111969232559204e-01
9.892674535512924194e-02
9.293798357248306274e-02
1.101012900471687317e-01
1.721342206001281738e-01
1.237756088376045227e-01
1.456995010375976562e-01
9.396857023239135742e-02
1.395973563194274902e-01
9.681844711303710938e-02
1.783887147903442383e-01
1.408999860286712646e-01
8.838306367397308350e-02
8.616254478693008423e-02
1.091635152697563171e-01
1.078611910343170166e-01
1.221540272235870361e-01
1.068511307239532471e-01
6.475934386253356934e-02
7.377901673316955566e-02
1.109857186675071716e-01
1.440362334251403809e-01
1.486677229404449463e-01
7.284793257713317871e-02
1.651344001293182373e-01
1.153501495718955994e-01
1.143498793244361877e-01
7.678402215242385864e-02
1.193784102797508240e-01
7.980281859636306763e-02
9.551519900560379028e-02
5.368337035179138184e-02
6.451705098152160645e-02
6.270349770784378052e-02
1.391229182481765747e-01
8.765786141157150269e-02
6.001953780651092529e-02
9.094731509685516357e-02
8.361212909221649170e-02
6.646728515625000000e-02
1.204559281468391418e-01
8.685024827718734741e-02
1.011564508080482483e-01
6.364150345325469971e-02
5.380694568157196045e-02
7.616092264652252197e-02
1.183985397219657898e-01
7.690831273794174194e-02
1.096535027027130127e-01
6.949876248836517334e-02
8.608268201351165771e-02
2.769810259342193604e-01
1.651500761508941650e-01
1.247621551156044006e-01
2.014109790325164795e-01
1.202635541558265686e-01
8.800883591175079346e-02
8.706708997488021851e-02
1.426676660776138306e-01
6.887511163949966431e-02
8.241963386535644531e-02
6.977692246437072754e-02
9.658490866422653198e-02
1.495233476161956787e-01
1.031613945960998535e-01
6.799399107694625854e-02
7.768838107585906982e-02
5.560046061873435974e-02
4.019534215331077576e-02
1.023649945855140686e-01
1.442056149244308472e-01
7.887527346611022949e-02
4.701527208089828491e-02
7.599180191755294800e-02
1.039109230041503906e-01
4.817780479788780212e-02
9.555160999298095703e-02
7.498957216739654541e-02
8.143917471170425415e-02
9.049146622419357300e-02
1.219495609402656555e-01
1.110125631093978882e-01
1.435686349868774414e-01
7.632964849472045898e-02
8.823477476835250854e-02
9.736024588346481323e-02
8.393885940313339233e-02
1.064224392175674438e-01
2.008387446403503418e-01
9.131319820880889893e-02
4.672624543309211731e-02
3.707030415534973145e-02
4.339871183037757874e-02
6.898064166307449341e-02
1.028197258710861206e-01
7.871849834918975830e-02
2.674097567796707153e-02
4.274589568376541138e-02
4.207142069935798645e-02
2.387217432260513306e-02
1.117051318287849426e-01
9.002332389354705811e-02
7.547587901353836060e-02
5.175529047846794128e-02
5.848342925310134888e-02
7.805231213569641113e-02
6.360961496829986572e-02
3.272389620542526245e-02
1.065832674503326416e-01
6.235069781541824341e-02
6.450150907039642334e-02
3.079615160822868347e-02
1.196170821785926819e-01
5.417124181985855103e-02
5.692824721336364746e-02
4.224804788827896118e-02
2.924536541104316711e-02
5.746693909168243408e-02
8.019398897886276245e-02
5.041754990816116333e-02
8.398688584566116333e-02
3.285389393568038940e-02
5.033808574080467224e-02
4.259249567985534668e-02
6.828770786523818970e-02
9.823428839445114136e-02
8.062603324651718140e-02
8.129179477691650391e-02
2.797254174947738647e-02
2.534771338105201721e-02
1.184205114841461182e-01
6.673291325569152832e-02
6.795640289783477783e-02
7.274426519870758057e-02
2.620680257678031921e-02
3.232689946889877319e-02
9.285900741815567017e-02
7.589320093393325806e-02
7.078609615564346313e-02
2.233842760324478149e-02
4.156057536602020264e-02
4.052695259451866150e-02
7.379182428121566772e-02
3.544978424906730652e-02
4.120403900742530823e-02
3.783869370818138123e-02
4.524349421262741089e-02
3.244333341717720032e-02
7.228375226259231567e-02
5.665343627333641052e-02
4.461397603154182434e-02
2.630344778299331665e-02
3.271877393126487732e-02
8.462499827146530151e-02
7.328822463750839233e-02
7.239051163196563721e-02
2.463755942881107330e-02
8.681239187717437744e-02
3.080339170992374420e-02
3.149280697107315063e-02
1.283535212278366089e-01
2.716781757771968842e-02
1.919631287455558777e-02
2.200498059391975403e-02
4.843116924166679382e-02
6.637764722108840942e-02
4.471583664417266846e-02
4.473939910531044006e-02
2.696429379284381866e-02
1.795546524226665497e-02
2.291956171393394470e-02
4.767092317342758179e-02
1.156698167324066162e-01
2.658766321837902069e-02
8.409534394741058350e-02
2.738135121762752533e-02
3.217161819338798523e-02
2.739609964191913605e-02
1.249433904886245728e-01
8.764298260211944580e-02
4.323041439056396484e-02
1.985094137489795685e-02
9.746645390987396240e-02
6.185725331306457520e-02
5.885250121355056763e-02
5.019591003656387329e-02
1.799802854657173157e-02
3.656519576907157898e-02
2.116189524531364441e-02
2.925561927258968353e-02
3.902130201458930969e-02
6.426776200532913208e-02
1.028272882103919983e-01
2.624017000198364258e-02
3.574801981449127197e-02
1.930695027112960815e-02
1.019150689244270325e-01
3.257387131452560425e-02
4.091449454426765442e-02
7.672736048698425293e-02
2.858419343829154968e-02
2.344543859362602234e-02
6.107398867607116699e-02
1.273434460163116455e-01
2.085031382739543915e-02
1.758680678904056549e-02
7.332653552293777466e-02
4.802802577614784241e-02
1.728573441505432129e-01
2.997990325093269348e-02
1.776758581399917603e-02
2.052406407892704010e-02
6.041269004344940186e-02
2.154325880110263824e-02
5.095239356160163879e-02
2.265059389173984528e-02
4.324299842119216919e-02
1.913537085056304932e-02
2.896472997963428497e-02
1.088157482445240021e-02
5.395101383328437805e-02
5.259589105844497681e-02
1.429478544741868973e-02
1.686552725732326508e-02
1.070462763309478760e-01
2.473692409694194794e-02
5.672163143754005432e-02
5.072709172964096069e-02
2.182808332145214081e-02
2.512537501752376556e-02
4.170880094170570374e-02
1.616927236318588257e-02
1.185386031866073608e-01
6.646507233381271362e-02
2.946872450411319733e-02
2.140021696686744690e-02
1.777410134673118591e-02
1.570800505578517914e-02
3.831046074628829956e-02
2.068634517490863800e-02
6.375434994697570801e-02
1.369033567607402802e-02
5.425136163830757141e-02
1.855639740824699402e-02
5.701694265007972717e-02
8.597452938556671143e-02
3.585361316800117493e-02
3.650246560573577881e-02
1.152948662638664246e-01
2.146225422620773315e-02
8.959372341632843018e-02
4.910394176840782166e-02
2.868952229619026184e-02
1.690581254661083221e-02
2.687876112759113312e-02
3.545721992850303650e-02
5.631490424275398254e-02
6.832835078239440918e-02
2.430457249283790588e-02
3.426810353994369507e-02
1.803584955632686615e-02
1.735480874776840210e-02
8.730550110340118408e-02
5.896254628896713257e-02
3.748342767357826233e-02
1.349982246756553650e-02
4.201320931315422058e-02
1.911681704223155975e-02
6.523093581199645996e-02
2.221291698515415192e-02
3.806095942854881287e-02
3.842758759856224060e-02
2.988744340837001801e-02
2.695171907544136047e-02
7.866406440734863281e-02
1.141711510717868805e-02
2.620399184525012970e-02
2.966242097318172455e-02
2.821861580014228821e-02
1.585510931909084320e-02
6.799001991748809814e-02
3.939000144600868225e-02
2.243127860128879547e-02
1.174146030098199844e-02
8.483140915632247925e-02
1.559042185544967651e-02
3.886482864618301392e-02
4.391556605696678162e-02
1.460771355777978897e-02
2.173077687621116638e-02
1.986686699092388153e-02
2.290257252752780914e-02
9.656441211700439453e-02
1.614466495811939240e-02
5.852871760725975037e-02
2.769749797880649567e-02
1.250657532364130020e-02
2.041513286530971527e-02
1.079817190766334534e-01
3.532347083091735840e-02
3.350333869457244873e-02
1.262329984456300735e-02
3.560215979814529419e-02
2.453372254967689514e-02
3.505724295973777771e-02
4.491533711552619934e-02
3.953905403614044189e-02
3.605468198657035828e-02
3.399436548352241516e-02
5.824047699570655823e-02
4.597844183444976807e-02
2.605480514466762543e-02
2.698726207017898560e-02
2.615477517247200012e-02
2.293669618666172028e-02
1.230698265135288239e-02
4.967029020190238953e-02
2.492994070053100586e-02
2.010195702314376831e-02
1.582127995789051056e-02
1.414064876735210419e-02
1.404147781431674957e-02
5.376068502664566040e-02
6.764793395996093750e-02
1.741442456841468811e-02
1.487956568598747253e-02
2.086132019758224487e-02
1.659581810235977173e-02
1.852137409150600433e-02
3.577570989727973938e-02
4.210336133837699890e-02
1.804230734705924988e-02
2.716902084648609161e-02
5.349157378077507019e-02
2.312041074037551880e-02
4.556239023804664612e-02
1.829796098172664642e-02
1.007995847612619400e-02
1.747968047857284546e-02
1.138474140316247940e-02
4.961663484573364258e-02
4.528556764125823975e-02
1.137468870729207993e-02
1.034533604979515076e-02
8.989143185317516327e-03
5.320175364613533020e-02
2.931462973356246948e-02
4.690318554639816284e-02
6.162833049893379211e-02
1.447699218988418579e-02
2.658489346504211426e-02
2.413298748433589935e-02
5.134407803416252136e-02
2.172628231346607208e-02
2.089397609233856201e-02
3.927485644817352295e-02
2.581622824072837830e-02
2.798101492226123810e-02
2.042469009757041931e-02
3.396763205528259277e-01
2.454408630728721619e-02
3.408937901258468628e-02
6.432889401912689209e-02
9.290158003568649292e-02
2.172570675611495972e-02
3.545029088854789734e-02
2.743237651884555817e-02
1.747599430382251740e-02
2.349908463656902313e-02
4.613766819238662720e-02
3.324986994266510010e-02
2.898193895816802979e-02
9.931329637765884399e-03
1.764063537120819092e-02
1.487314607948064804e-02
1.332290656864643097e-02
5.750153213739395142e-02
1.418345235288143158e-02
1.869509555399417877e-02
1.860101707279682159e-02
2.487111464142799377e-02
2.146940492093563080e-02
6.774080544710159302e-02
4.497602209448814392e-02
1.109128352254629135e-02
2.215781249105930328e-02
7.262716535478830338e-03
6.369293481111526489e-02
2.497398108243942261e-02
6.371285766363143921e-02
1.179564185440540314e-02
7.936283946037292480e-02
1.537470240145921707e-02
4.311143234372138977e-02
2.331173419952392578e-02
1.529131177812814713e-02
2.688035368919372559e-02
1.476847101002931595e-02
2.844329737126827240e-02
1.479758508503437042e-02
2.475472353398799896e-02
5.155658721923828125e-02
2.270159125328063965e-02
6.024424731731414795e-02
3.017416782677173615e-02
2.667422778904438019e-02
6.570427864789962769e-02
1.305639185011386871e-02
2.499285154044628143e-02
3.034714236855506897e-02
1.671834103763103485e-02
1.302716601639986038e-02
2.888498641550540924e-02
3.172606602311134338e-02
1.237141899764537811e-02
1.293389499187469482e-01
2.098911628127098083e-02
2.047886885702610016e-02
4.551529139280319214e-02
2.335466817021369934e-02
7.002146542072296143e-02
3.748159855604171753e-02
5.434836074709892273e-02
2.442659251391887665e-02
2.188857644796371460e-02
3.983317315578460693e-02
4.225470498204231262e-02
1.176199596375226974e-02
1.427524816244840622e-02
2.508427388966083527e-02
1.417608093470335007e-02
1.794100366532802582e-02
8.575526997447013855e-03
9.827106259763240814e-03
2.620294876396656036e-02
1.454282924532890320e-02
4.332463815808296204e-02
1.480141095817089081e-02
2.256294153630733490e-02
1.113559864461421967e-02
2.453873679041862488e-02
3.669574111700057983e-02
5.385881289839744568e-02
2.329325675964355469e-01
7.368974387645721436e-02
5.315951630473136902e-02
2.859339676797389984e-02
1.266082227230072021e-01
2.729839272797107697e-02
1.738980971276760101e-02
1.351033244282007217e-02
8.960624039173126221e-02
4.183783754706382751e-02
1.580750383436679840e-02
2.603465132415294647e-02
1.259002648293972015e-02
3.404959663748741150e-02
2.435288764536380768e-02
1.156990975141525269e-02
2.011745609343051910e-02
5.809703469276428223e-02
9.667335078120231628e-03
1.123995427042245865e-02
6.533818319439888000e-03
3.985900431871414185e-02
1.381305046379566193e-02
2.506005018949508667e-02
1.398197002708911896e-02
9.478956460952758789e-03
1.101233251392841339e-02
1.217629946768283844e-02
1.679036319255828857e-01
3.199763596057891846e-02
4.912253841757774353e-02
2.275340072810649872e-02
6.939464062452316284e-02
3.882232308387756348e-02
5.858296900987625122e-02
4.308160766959190369e-02
2.896502055227756500e-02
1.394055876880884171e-02
1.141648739576339722e-02
1.817668043076992035e-02
3.246678411960601807e-02
5.462379008531570435e-02
1.208192668855190277e-02
1.056498382240533829e-02
6.284925621002912521e-03
8.238672278821468353e-03
1.934772543609142303e-02
2.909873612225055695e-02
5.818037316203117371e-02
2.474841102957725525e-02
9.556358680129051208e-03
2.787907421588897705e-02
1.908384449779987335e-02
3.088962845504283905e-02
8.053027838468551636e-02
9.315707720816135406e-03
4.340817034244537354e-02
4.083425551652908325e-02
3.752991184592247009e-02
2.951134182512760162e-02
1.032010093331336975e-02
1.654105074703693390e-02
2.958977781236171722e-02
1.412907894700765610e-02
3.493672609329223633e-02
4.011726379394531250e-02
2.170335873961448669e-02
8.925640955567359924e-03
1.151714008301496506e-02
1.469146832823753357e-02
1.044091302901506424e-02
2.423041500151157379e-02
1.352758798748254776e-02
7.773183286190032959e-03
6.398712750524282455e-03
1.609896495938301086e-02
1.987111382186412811e-02
1.874956674873828888e-02
8.067227900028228760e-03
8.873886428773403168e-03
1.316436752676963806e-02
6.705866195261478424e-03
1.048267167061567307e-02
3.936946764588356018e-02
1.393973082304000854e-01
6.204710155725479126e-02
1.194295566529035568e-02
2.655180543661117554e-02
7.224816083908081055e-02
1.858708821237087250e-02
1.290797628462314606e-02
1.975502632558345795e-02
2.047791518270969391e-02
9.511089883744716644e-03
3.711976483464241028e-02
5.522479489445686340e-02
1.097901817411184311e-02
1.207871548831462860e-02
6.949265021830797195e-03
1.820483617484569550e-02
1.960665546357631683e-02
1.862266287207603455e-02
7.296701427549123764e-03
1.037376932799816132e-02
1.038421876728534698e-02
1.256299763917922974e-02
5.120225995779037476e-02
2.929966337978839874e-02
9.653787128627300262e-03
9.985615499317646027e-03
2.198760211467742920e-02
5.849952623248100281e-02
6.585689727216959000e-03
3.193409368395805359e-02
1.483061630278825760e-02
1.615670323371887207e-02
1.684595644474029541e-02
3.637411072850227356e-02
2.985675074160099030e-02
1.140563096851110458e-02
9.585002437233924866e-03
1.158900372684001923e-02
5.159642081707715988e-03
5.477732978761196136e-03
9.436557069420814514e-03
3.640529513359069824e-02
2.682903409004211426e-02
6.665655411779880524e-03
5.382560659199953079e-03
9.491352364420890808e-03
3.023703582584857941e-02
2.106064558029174805e-02
3.084516711533069611e-02
9.414881467819213867e-03
2.184911444783210754e-02
1.092966087162494659e-02
4.130114987492561340e-02
1.874443888664245605e-02
1.041006203740835190e-02
1.206657849252223969e-02
6.525759398937225342e-02
1.081321015954017639e-02
1.330652181059122086e-02
3.090078197419643402e-02
2.613437734544277191e-02
4.090335220098495483e-02
3.814857825636863708e-02
1.420770399272441864e-02
1.488393694162368774e-01
3.452402725815773010e-02
1.410641334950923920e-02
1.062611490488052368e-02
2.867778204381465912e-02
6.872152909636497498e-03
1.634912379086017609e-02
1.242501381784677505e-02
9.948219172656536102e-03
3.432490676641464233e-02
8.841363713145256042e-03
1.691217720508575439e-02
5.594021640717983246e-03
1.622982323169708252e-02
6.483649369329214096e-03
2.070515975356101990e-02
2.106073498725891113e-02
5.035908427089452744e-03
1.395848207175731659e-02
1.295740716159343719e-02
1.740389689803123474e-02
9.758068621158599854e-02
5.265774950385093689e-02
2.691980451345443726e-02
4.792112391442060471e-03
1.460901554673910141e-02
1.343896146863698959e-02
8.049334399402141571e-03
1.432752888649702072e-02
1.441046036779880524e-02
1.744224317371845245e-02
1.841449365019798279e-02
8.633421733975410461e-03
1.220186706632375717e-02
3.757566213607788086e-03
1.084470935165882111e-02
6.760637741535902023e-03
3.552963584661483765e-02
1.720877364277839661e-02
7.337573915719985962e-03
6.662957835942506790e-03
1.664245687425136566e-02
1.848983392119407654e-02
2.959003485739231110e-02
2.828780375421047211e-02
1.017176453024148941e-02
1.184167899191379547e-02
9.287547320127487183e-03
1.201819535344839096e-02
3.579762578010559082e-02
8.486568927764892578e-02
1.163380965590476990e-02
6.115260999649763107e-03
1.059672236442565918e-02
1.974118687212467194e-02
2.660264261066913605e-02
9.596526622772216797e-03
4.933285992592573166e-03
2.294917032122612000e-02
5.246008746325969696e-03
1.181288063526153564e-02
5.089914426207542419e-02
2.902493812143802643e-02
7.842373102903366089e-03
1.002850569784641266e-02
8.118645288050174713e-03
5.752282217144966125e-03
1.520388014614582062e-02
1.558704860508441925e-02
1.227122265845537186e-02
1.877523772418498993e-02
4.514507018029689789e-03
3.958249464631080627e-03
2.293774113059043884e-02
5.013743415474891663e-03
9.441537782549858093e-03
4.567506723105907440e-03
2.172709628939628601e-02
1.340672746300697327e-02
4.004013910889625549e-02
6.607749965041875839e-03
8.899533189833164215e-03
1.238403003662824631e-02
6.773351691663265228e-03
4.273231141269207001e-03
2.170124091207981110e-02
9.162012487649917603e-03
5.905592814087867737e-03
6.969038862735033035e-03
1.059628371149301529e-02
1.831764727830886841e-02
6.819798797369003296e-02
9.381251409649848938e-03
1.233710441738367081e-02
6.102331448346376419e-03
2.332097105681896210e-02
4.084595479071140289e-03
5.687559768557548523e-02
9.586977772414684296e-03
1.223978307098150253e-02
5.161350592970848083e-02
2.435501664876937866e-02
2.637167647480964661e-02
4.092016071081161499e-02
4.417238757014274597e-02
2.155891619622707367e-02
1.409129425883293152e-02
3.106155805289745331e-02
2.505805529654026031e-02
5.280077457427978516e-02
3.767147287726402283e-02
1.653729379177093506e-02
8.533563464879989624e-03
3.192894533276557922e-02
2.708263695240020752e-02
9.715055115520954132e-03
1.973245479166507721e-02
2.029375359416007996e-02
9.727566502988338470e-03
2.194423973560333252e-02
7.170129567384719849e-03
6.924268603324890137e-02
2.125972695648670197e-02
5.759301129728555679e-03
4.376961383968591690e-03
1.409876998513936996e-02
7.538681384176015854e-03
2.565118297934532166e-02
2.912112697958946228e-02
1.267046108841896057e-02
1.335230376571416855e-02
5.835936870425939560e-03
4.868612159043550491e-03
1.773148588836193085e-02
9.930328465998172760e-03
5.403879098594188690e-03
6.954664364457130432e-03
2.526869438588619232e-02
5.602868273854255676e-03
3.845579177141189575e-02
8.726202882826328278e-03
6.381729990243911743e-02
1.036249380558729172e-02
8.699689060449600220e-03
8.527412079274654388e-03
9.061088785529136658e-03
8.154980838298797607e-03
8.471622131764888763e-03
4.228044766932725906e-03
5.102009046822786331e-03
7.552605122327804565e-03
2.309724688529968262e-02
2.976953797042369843e-02
2.517685294151306152e-02
3.736727638170123100e-03
2.454958669841289520e-02
8.341006934642791748e-03
1.546202134341001511e-02
9.811266325414180756e-03
5.501565523445606232e-03
4.724202305078506470e-02
9.384586475789546967e-03
2.026060596108436584e-02
3.908431529998779297e-02
2.556140720844268799e-02
7.765565998852252960e-03
7.151198573410511017e-03
4.281509667634963989e-03
8.202465251088142395e-03
1.558902487158775330e-02
6.373204756528139114e-03
8.712706156075000763e-03
7.652201224118471146e-03
1.815583370625972748e-02
4.895101301372051239e-03
1.104216091334819794e-02
2.247725427150726318e-02
1.777807623147964478e-02
8.252074010670185089e-03
2.197772823274135590e-02
9.911366738379001617e-03
2.815205417573451996e-02
3.719705715775489807e-02
5.786329042166471481e-03
5.528444424271583557e-03
3.107840660959482193e-03
5.095928907394409180e-03
4.869594797492027283e-02
2.623136900365352631e-02
1.939804479479789734e-02
1.548465713858604431e-02
8.592367172241210938e-03
5.946965888142585754e-02
9.074756875634193420e-03
1.630949974060058594e-02
5.078571848571300507e-03
1.219028886407613754e-02
4.983312450349330902e-03
8.174543268978595734e-03
1.031680218875408173e-02
1.793229579925537109e-02
2.493564598262310028e-02
1.116957049816846848e-02
5.517353769391775131e-03
3.960816655308008194e-03
1.203574333339929581e-02
8.507092483341693878e-03
6.639078725129365921e-03
3.916938975453376770e-02
8.243686519563198090e-03
3.182857530191540718e-03
2.592612989246845245e-02
5.889492575079202652e-03
1.181549299508333206e-02
8.813479915261268616e-03
1.759232953190803528e-02
2.292851451784372330e-03
2.881676331162452698e-02
1.681301556527614594e-02
4.689376801252365112e-03
6.496490910649299622e-03
9.165202267467975616e-03
5.560930818319320679e-03
4.964596033096313477e-02
5.507226102054119110e-03
4.985988140106201172e-03
1.506191492080688477e-02
3.608993254601955414e-03
6.700859405100345612e-03
1.148663926869630814e-02
3.904021903872489929e-02
6.062492262572050095e-03
8.529268205165863037e-03
6.981555838137865067e-03
2.171997353434562683e-02
1.002710778266191483e-02
7.606890052556991577e-03
1.660890318453311920e-02
8.144610561430454254e-03
5.606624297797679901e-03
5.001390352845191956e-03
9.627055376768112183e-03
6.443631369620561600e-03
7.320533506572246552e-03
1.658879406750202179e-02
7.312551140785217285e-03
8.814169093966484070e-03
6.028989329934120178e-03
1.242163032293319702e-02
7.876249961555004120e-03
4.723093938082456589e-03
3.307359525933861732e-03
2.435786090791225433e-02
5.731099471449851990e-02
4.231135174632072449e-02
4.267313517630100250e-03
4.459965508431196213e-03
3.971350379288196564e-03
5.765709560364484787e-03
8.246821351349353790e-03
9.235204197466373444e-03
2.621805481612682343e-02
1.330684218555688858e-02
3.495219396427273750e-03
2.701066434383392334e-03
3.604054823517799377e-02
2.782270871102809906e-02
5.611307919025421143e-03
7.652168627828359604e-03
3.962641116231679916e-03
1.258056703954935074e-02
3.140530735254287720e-02
2.637336729094386101e-03
5.841488018631935120e-03
4.350204486399888992e-03
6.870824843645095825e-03
3.345055738463997841e-03
8.939832448959350586e-03
1.822867058217525482e-02
1.203499734401702881e-02
3.440211713314056396e-02
1.390147022902965546e-02
1.012604776769876480e-02
7.280532736331224442e-03
3.356535360217094421e-02
7.796052377671003342e-03
6.460696458816528320e-03
4.537761677056550980e-03
1.100084558129310608e-02
2.646129205822944641e-02
4.729212727397680283e-03
1.183325983583927155e-02
5.043848417699337006e-03
9.725154377520084381e-03
4.042125772684812546e-03
1.725126244127750397e-02
1.621239818632602692e-02
2.278316393494606018e-02
5.358945578336715698e-03
4.852440208196640015e-03
1.563400030136108398e-03
9.885104373097419739e-03
8.106068708002567291e-03
8.020136505365371704e-03
3.196038072928786278e-03
3.137822728604078293e-03
1.824651495553553104e-03
1.629432104527950287e-02
7.914942689239978790e-03
2.435985952615737915e-02
4.235265776515007019e-03
4.328480456024408340e-03
9.741609916090965271e-03
5.349576938897371292e-03
4.021367803215980530e-02
6.945716217160224915e-03
4.852596204727888107e-03
1.088100951164960861e-02
6.257478147745132446e-03
2.813123539090156555e-02
5.189504474401473999e-03
1.467159669846296310e-02
4.388259258121252060e-03
5.713066551834344864e-03
2.990055130794644356e-03
2.648170106112957001e-02
6.551726255565881729e-03
9.940813295543193817e-03
3.670149017125368118e-03
1.073410827666521072e-02
4.909209907054901123e-03
4.231945052742958069e-02
4.558043554425239563e-03
3.812804585322737694e-03
6.229732185602188110e-03
1.158638577908277512e-02
3.244069172069430351e-03
2.697075344622135162e-02
6.457410752773284912e-03
1.212392933666706085e-02
2.984736114740371704e-03
2.542512491345405579e-02
1.649864017963409424e-02
4.012808948755264282e-02
1.615012064576148987e-02
1.744847372174263000e-02
2.979080425575375557e-03
1.664320938289165497e-02
1.388430222868919373e-02
2.014018408954143524e-02
3.244855627417564392e-02
8.569700270891189575e-02
2.470062114298343658e-03
4.754254594445228577e-03
7.667202968150377274e-03
8.893144316971302032e-03
3.961715381592512131e-03
1.637749560177326202e-02
5.428963806480169296e-03
6.842493545264005661e-03
4.132452420890331268e-03
1.017624698579311371e-02
1.514603570103645325e-02
3.395456820726394653e-03
1.333828549832105637e-02
2.331845462322235107e-03
2.981030149385333061e-03
4.836482927203178406e-03
2.585155516862869263e-02
4.000931046903133392e-03
9.986570104956626892e-03
4.396811593323945999e-03
4.146581050008535385e-03
3.399207256734371185e-03
1.719923876225948334e-02
5.961163900792598724e-03
3.555612871423363686e-03
2.546402858570218086e-03
4.181378986686468124e-03
1.368931308388710022e-02
1.104835420846939087e-02
4.838294349610805511e-03
4.167943261563777924e-03
3.384731337428092957e-02
8.980160579085350037e-03
5.171522032469511032e-03
1.137879211455583572e-02
7.523384410887956619e-03
6.865525152534246445e-03
2.159257605671882629e-02
8.561543188989162445e-03
7.031718268990516663e-03
6.225935183465480804e-03
6.550217512995004654e-03
2.682802733033895493e-03
9.002283215522766113e-03
1.987599302083253860e-03
1.722961850464344025e-02
7.019212935119867325e-03
3.269761800765991211e-03
9.449621662497520447e-03
4.623705893754959106e-02
4.790050908923149109e-03
8.048530668020248413e-03
4.400785081088542938e-03
5.264901556074619293e-03
2.662233309820294380e-03
4.706617910414934158e-03
5.313284695148468018e-03
1.055470388382673264e-02
1.636045239865779877e-02
7.551625836640596390e-03
4.056589677929878235e-02
1.222055032849311829e-02
4.818642511963844299e-03
6.338506937026977539e-03
5.010036285966634750e-03
3.007372841238975525e-03
1.663574390113353729e-02
1.014325395226478577e-02
3.552613034844398499e-02
2.884873189032077789e-02
4.638772923499345779e-03
4.244096111506223679e-03
1.313090510666370392e-02
4.936499055474996567e-03
2.521866001188755035e-02
1.977130211889743805e-02
3.514943644404411316e-02
3.536390373483300209e-03
1.810316182672977448e-02
3.865760751068592072e-03
5.575661547482013702e-03
8.343903347849845886e-03
3.140042768791317940e-03
4.018655791878700256e-02
2.632609941065311432e-02
1.061432808637619019e-02
1.160702947527170181e-02
1.470178831368684769e-02
1.379934847354888916e-01
9.867221117019653320e-03
5.850176792591810226e-03
4.785842448472976685e-02
6.949830800294876099e-02
1.052609831094741821e-02
8.301326073706150055e-03
1.100933365523815155e-02
6.707080639898777008e-03
3.754765540361404419e-02
1.809715665876865387e-02
2.528895623981952667e-02
8.694460615515708923e-03
3.007322363555431366e-02
2.198398811742663383e-03
3.670705109834671021e-02
2.155370637774467468e-02
5.290083214640617371e-02
3.025876358151435852e-03
3.974436596035957336e-02
7.798648439347743988e-03
3.963305614888668060e-03
8.289889246225357056e-02
3.466026112437248230e-02
5.661512725055217743e-03
5.733034107834100723e-03
2.405891194939613342e-02
9.645741432905197144e-02
1.108502037823200226e-02
9.681100957095623016e-03
9.066361933946609497e-03
1.492755953222513199e-02
1.135384663939476013e-02
9.423854760825634003e-03
3.196251345798373222e-03
9.625263512134552002e-03
4.448232706636190414e-03
9.904759936034679413e-03
4.759909585118293762e-03
2.014948287978768349e-03
3.738962579518556595e-03
7.037404458969831467e-03
5.419178400188684464e-03
6.854020524770021439e-03
2.201706869527697563e-03
2.747691469267010689e-03
3.538877004757523537e-03
1.492498070001602173e-02
2.660858072340488434e-02
6.133336108177900314e-03
4.952127113938331604e-03
3.980547655373811722e-03
4.518358409404754639e-02
4.981083795428276062e-03
1.708326116204261780e-02
1.738166809082031250e-02
3.301048651337623596e-02
8.139025419950485229e-03
5.953252781182527542e-03
5.126364994794130325e-03
8.394677191972732544e-03
1.570220291614532471e-02
3.552853595465421677e-03
1.587301678955554962e-02
1.475411653518676758e-02
2.703965269029140472e-02
7.928210310637950897e-03
6.743958219885826111e-03
9.342076256871223450e-03
2.950568916276097298e-03
2.777634561061859131e-02
1.005338318645954132e-02
1.621591858565807343e-02
3.969620913267135620e-03
3.830204019322991371e-03
3.301437478512525558e-03
2.450441708788275719e-03
8.940814994275569916e-03
3.304115263745188713e-03
2.227827673777937889e-03
4.009826108813285828e-03
3.200330771505832672e-03
3.467309055849909782e-03
1.260703429579734802e-02
3.356623230502009392e-03
7.766289170831441879e-03
4.629353061318397522e-03
6.382767111063003540e-03
8.719845674932003021e-03
6.804356724023818970e-02
3.863655263558030128e-03
4.324511811137199402e-02
2.722065895795822144e-03
3.614436136558651924e-03
5.054978653788566589e-03
3.866473585367202759e-02
9.321906603872776031e-03
2.340523991733789444e-03
1.163027714937925339e-02
5.894284695386886597e-03
4.332682117819786072e-03
1.307955849915742874e-02
2.455343492329120636e-03
3.415108658373355865e-03
4.122375510632991791e-03
5.233975127339363098e-03
3.739703679457306862e-03
5.154245346784591675e-02
4.410277120769023895e-03
6.514987908303737640e-03
1.971584744751453400e-03
2.262376062572002411e-02
1.156939542852342129e-03
3.509763162583112717e-03
5.269277375191450119e-03
4.442168865352869034e-03
3.614057227969169617e-02
2.679401077330112457e-03
4.199226852506399155e-03
5.921022966504096985e-03
8.177592419087886810e-03
3.459610743448138237e-03
2.760709030553698540e-03
3.831936744973063469e-03
2.882895991206169128e-03
3.930061589926481247e-03
2.407535910606384277e-02
3.878941759467124939e-03
2.567446557804942131e-03
5.322478245943784714e-03
8.469938300549983978e-03
1.092723757028579712e-02
7.021508179605007172e-03
3.065648954361677170e-03
5.287629552185535431e-03
5.271830596029758453e-03
2.575076883658766747e-03
1.333724427968263626e-02
1.919183321297168732e-02
9.463040158152580261e-03
1.270486135035753250e-02
1.453253161162137985e-02
2.684177365154027939e-03
2.282219566404819489e-02
5.130963400006294250e-03
1.901107374578714371e-03
1.390284765511751175e-02
2.516318112611770630e-03
5.170745309442281723e-03
4.417285323143005371e-02
1.792663708329200745e-02
6.475551985204219818e-03
2.014800161123275757e-02
2.367410343140363693e-03
1.484294701367616653e-02
1.284707710146903992e-02
5.031721666455268860e-03
3.854769514873623848e-03
1.955752493813633919e-03
2.542372560128569603e-03
1.914763264358043671e-02
7.970225065946578979e-03
7.717237342149019241e-03
3.036224050447344780e-03
1.094628870487213135e-02
4.479560535401105881e-03
3.442956134676933289e-03
2.589962072670459747e-02
2.787180617451667786e-02
1.426803227514028549e-02
1.227801758795976639e-02
2.544295741245150566e-03
3.935889340937137604e-03
2.086752094328403473e-02
8.932452648878097534e-03
4.627612885087728500e-03
8.128592744469642639e-03
1.345212757587432861e-02
2.105746045708656311e-02
5.779491271823644638e-03
2.481574425473809242e-03
5.270857829600572586e-03
3.709177719429135323e-03
5.731677170842885971e-03
2.500449772924184799e-03
7.874038070440292358e-03
4.844626039266586304e-02
6.168629042804241180e-03
1.318129338324069977e-02
4.670872353017330170e-03
1.470646634697914124e-02
9.737905114889144897e-03
1.335398666560649872e-02
3.933388274163007736e-03
4.947308916598558426e-03
3.971654456108808517e-03
2.174823312088847160e-03
1.080513279885053635e-02
2.454590611159801483e-02
1.567502855323255062e-03
1.201817486435174942e-02
1.706357346847653389e-03
2.115927170962095261e-03
4.286491777747869492e-03
1.083372160792350769e-02
2.713370136916637421e-03
2.858452731743454933e-03
3.991189412772655487e-03
3.768249880522489548e-03
1.605651713907718658e-02
1.249239221215248108e-02
4.156630951911211014e-03
7.751571945846080780e-03
4.996403586119413376e-03
1.842258614487946033e-03
6.323545239865779877e-03
6.092621013522148132e-03
4.095531068742275238e-03
2.332317642867565155e-03
2.198546659201383591e-03
5.853222217410802841e-03
8.660146035254001617e-03
3.253614902496337891e-02
2.562149893492460251e-03
3.358441637828946114e-03
3.496101871132850647e-02
2.938928455114364624e-02
3.694606246426701546e-03
4.701432771980762482e-03
4.518637433648109436e-03
2.109880326315760612e-03
2.554242499172687531e-03
4.293274879455566406e-02
