2.324986457824707031e+00
2.250576496124267578e+00
2.128262042999267578e+00
1.934480786323547363e+00
1.796713829040527344e+00
1.614020943641662598e+00
1.638022899627685547e+00
1.529451251029968262e+00
1.557662248611450195e+00
1.353966593742370605e+00
1.258049488067626953e+00
1.159475922584533691e+00
9.832041859626770020e-01
1.008159041404724121e+00
9.155356884002685547e-01
7.810082435607910156e-01
7.625186443328857422e-01
8.117372989654541016e-01
6.399648189544677734e-01
6.437144279479980469e-01
5.135542750358581543e-01
5.039425492286682129e-01
5.349570512771606445e-01
4.859803915023803711e-01
4.391751885414123535e-01
3.670694231986999512e-01
4.252036809921264648e-01
3.616274595260620117e-01
3.381431698799133301e-01
3.091775476932525635e-01
2.732538580894470215e-01
2.391168326139450073e-01
2.525185048580169678e-01
2.699156105518341064e-01
2.231620848178863525e-01
2.192990481853485107e-01
2.349982112646102905e-01
2.078965157270431519e-01
2.902577221393585205e-01
2.388912290334701538e-01
1.598233878612518311e-01
2.088957875967025757e-01
1.377570033073425293e-01
1.718558222055435181e-01
2.103232145309448242e-01
1.876732409000396729e-01
1.430802196264266968e-01
1.714952141046524048e-01
1.434569209814071655e-01
1.236724406480789185e-01
1.116748079657554626e-01
1.119844466447830200e-01
1.456622332334518433e-01
1.196036189794540405e-01
1.330942958593368530e-01
1.727552264928817749e-01
1.003638878464698792e-01
6.089003384113311768e-02
9.057835489511489868e-02
1.418959349393844604e-01
6.843492388725280762e-02
6.717371940612792969e-02
1.035571768879890442e-01
1.291026026010513306e-01
8.274655789136886597e-02
9.938090294599533081e-02
4.666593298316001892e-02
6.326001882553100586e-02
1.027413457632064819e-01
1.106838583946228027e-01
6.417190283536911011e-02
2.895277738571166992e-01
5.430538952350616455e-02
4.466136917471885681e-02
5.785565450787544250e-02
1.382457762956619263e-01
1.891700923442840576e-01
8.932399749755859375e-02
6.661624461412429810e-02
1.346139907836914062e-01
1.119931936264038086e-01
5.560898780822753906e-02
5.139463394880294800e-02
1.127526983618736267e-01
9.182655811309814453e-02
8.531002700328826904e-02
1.448560953140258789e-01
3.724112734198570251e-02
1.185937523841857910e-01
6.165798008441925049e-02
4.183054715394973755e-02
4.216412082314491272e-02
1.307602524757385254e-01
4.773327335715293884e-02
9.461955726146697998e-02
9.071218967437744141e-02
3.208694607019424438e-02
8.835668116807937622e-02
5.460144579410552979e-02
5.882753059267997742e-02
7.629233598709106445e-02
8.475257456302642822e-02
9.581112861633300781e-02
3.278612345457077026e-02
3.676907718181610107e-02
2.815984189510345459e-02
5.305093154311180115e-02
7.088430970907211304e-02
4.430641978979110718e-02
3.535745292901992798e-02
3.047559410333633423e-02
3.290479630231857300e-02
4.719395935535430908e-02
2.159178070724010468e-02
4.210669547319412231e-02
1.080992668867111206e-01
3.929445892572402954e-02
2.861600182950496674e-02
8.144704997539520264e-02
8.463039249181747437e-02
6.454864889383316040e-02
5.056666955351829529e-02
2.583641000092029572e-02
3.788445517420768738e-02
5.426233634352684021e-02
1.053751558065414429e-01
1.447297167032957077e-02
2.165045216679573059e-02
9.471379220485687256e-02
7.794564962387084961e-02
1.044615581631660461e-01
5.601884424686431885e-02
1.862710155546665192e-02
1.668784953653812408e-02
5.758565664291381836e-02
3.716293349862098694e-02
1.877949945628643036e-02
5.643164739012718201e-02
8.830127306282520294e-03
2.555067650973796844e-02
4.242083802819252014e-02
4.381870478391647339e-02
3.347990661859512329e-02
2.444560080766677856e-02
3.061526827514171600e-02
1.855579018592834473e-02
3.091496974229812622e-02
5.294514447450637817e-02
6.834395229816436768e-02
4.686312004923820496e-02
2.004264108836650848e-02
2.251365780830383301e-02
4.218260571360588074e-02
3.874241560697555542e-02
3.507972881197929382e-02
2.850621379911899567e-02
2.026980184018611908e-02
3.404833003878593445e-02
1.745137758553028107e-02
4.195532575249671936e-02
2.442054264247417450e-02
3.831829875707626343e-02
3.783788532018661499e-02
4.567694291472434998e-02
3.325579315423965454e-02
2.367844805121421814e-02
2.018689177930355072e-02
1.998771727085113525e-01
2.240635640919208527e-02
4.655066877603530884e-02
1.055501103401184082e-01
3.561521694064140320e-02
1.684256345033645630e-01
6.973398476839065552e-02
4.846486076712608337e-02
2.414698712527751923e-02
9.498454630374908447e-02
7.164138555526733398e-02
4.926588386297225952e-02
3.557005152106285095e-02
2.623513713479042053e-02
4.180698469281196594e-02
2.046688646078109741e-02
5.153179168701171875e-02
2.242455258965492249e-02
7.848164439201354980e-02
1.732788234949111938e-02
4.560673609375953674e-02
1.960548199713230133e-02
1.483203377574682236e-02
4.244524240493774414e-02
2.087703533470630646e-02
1.424384675920009613e-02
9.566165506839752197e-03
1.619239337742328644e-02
2.219356782734394073e-02
3.014651685953140259e-02
7.647622842341661453e-03
2.324478141963481903e-02
7.906743139028549194e-02
1.173164229840040207e-02
8.646762929856777191e-03
1.765058003365993500e-02
1.278326287865638733e-02
3.537362441420555115e-02
3.952978178858757019e-02
1.430798694491386414e-02
2.639793604612350464e-02
3.011363372206687927e-02
8.685705810785293579e-02
1.081822626292705536e-02
3.570129722356796265e-02
1.768378727138042450e-02
1.560359355062246323e-02
5.353908240795135498e-02
1.338110212236642838e-02
2.471433766186237335e-02
2.332325465977191925e-02
8.038340136408805847e-03
1.072604022920131683e-02
1.678059995174407959e-02
4.930115491151809692e-02
1.416583172976970673e-02
1.387667655944824219e-02
1.221442501991987228e-02
7.503648288547992706e-03
1.097681745886802673e-02
9.619934484362602234e-03
1.057591754943132401e-02
1.444390881806612015e-02
6.876924540847539902e-03
4.523072857409715652e-03
8.235750719904899597e-03
7.074541412293910980e-03
2.217057161033153534e-02
3.718558326363563538e-02
1.867814362049102783e-02
5.038637295365333557e-02
1.845569908618927002e-02
4.685151204466819763e-02
1.276171300560235977e-02
6.327951326966285706e-03
3.356039524078369141e-02
2.239092998206615448e-02
2.400800585746765137e-02
6.805592775344848633e-02
1.867706328630447388e-02
2.793490327894687653e-02
1.577895320951938629e-02
2.069919370114803314e-02
3.263243287801742554e-02
8.484882861375808716e-02
7.405338343232870102e-03
5.024757236242294312e-02
2.868262678384780884e-02
7.760383188724517822e-02
5.340611562132835388e-02
8.894526213407516479e-02
1.416090410202741623e-02
3.428921103477478027e-02
8.575722575187683105e-03
8.915706723928451538e-02
6.130786612629890442e-02
2.857970260083675385e-02
1.595917530357837677e-02
1.779754646122455597e-02
2.652512490749359131e-02
2.466697432100772858e-02
4.789852723479270935e-02
2.933385595679283142e-02
7.909252308309078217e-03
1.443311478942632675e-02
1.122328266501426697e-02
6.078876089304685593e-03
1.830437034368515015e-02
1.055518351495265961e-02
7.121866568922996521e-03
1.462346501648426056e-02
3.277317434549331665e-02
1.822630874812602997e-02
9.548050351440906525e-03
6.550210528075695038e-03
1.644452475011348724e-02
1.544776372611522675e-02
1.792962290346622467e-02
3.559038415551185608e-02
4.549423977732658386e-02
4.081607982516288757e-02
4.848782904446125031e-03
7.786422967910766602e-03
9.378575719892978668e-03
4.892842099070549011e-02
6.681829690933227539e-03
2.451928704977035522e-02
1.183398999273777008e-02
8.820367977023124695e-03
4.327284637838602066e-03
9.783818386495113373e-03
3.099953196942806244e-02
1.079305447638034821e-02
1.837090589106082916e-02
1.941573992371559143e-02
1.618835702538490295e-02
7.475282996892929077e-03
1.420463994145393372e-02
2.613486535847187042e-02
5.871518049389123917e-03
3.883786499500274658e-03
5.950331687927246094e-03
8.856347762048244476e-03
1.165658049285411835e-02
3.850073367357254028e-02
9.859578683972358704e-03
8.724151179194450378e-03
3.681123256683349609e-03
1.238869689404964447e-02
9.189230389893054962e-03
5.254297703504562378e-02
6.228153128176927567e-03
6.040724460035562515e-03
1.431693974882364273e-02
1.127208676189184189e-02
3.158704563975334167e-02
7.090415805578231812e-03
9.166338481009006500e-03
7.311281748116016388e-03
4.066454991698265076e-02
1.147985830903053284e-02
4.466174170374870300e-03
2.095340564846992493e-02
4.809697158634662628e-03
4.877293016761541367e-03
3.524277126416563988e-03
6.965435110032558441e-03
2.378104813396930695e-02
2.251927927136421204e-02
2.404991537332534790e-02
7.764031644910573959e-03
9.185498580336570740e-03
4.215978085994720459e-02
5.870357155799865723e-02
2.334271371364593506e-02
7.934743538498878479e-03
3.858253825455904007e-03
8.290873840451240540e-03
2.030584588646888733e-02
1.515303179621696472e-02
3.758561983704566956e-02
2.130218595266342163e-02
1.054321415722370148e-02
2.756057074293494225e-03
8.559317328035831451e-03
1.185886468738317490e-02
3.281660005450248718e-02
2.147235348820686340e-02
1.568176597356796265e-02
1.961343921720981598e-02
2.660214342176914215e-02
2.422595769166946411e-02
1.770094223320484161e-02
1.773497276008129120e-02
4.194424021989107132e-03
7.340926676988601685e-03
4.995331540703773499e-02
2.136874385178089142e-02
3.163337241858243942e-03
4.782839678227901459e-03
1.206055376678705215e-02
7.730898447334766388e-03
2.273670025169849396e-02
1.101846713572740555e-02
4.899202287197113037e-02
1.446511782705783844e-02
9.462041780352592468e-03
2.392114885151386261e-02
4.447348415851593018e-03
4.494818393141031265e-03
2.281675115227699280e-02
6.599020678550004959e-03
4.270999692380428314e-03
6.460153032094240189e-03
6.763697136193513870e-03
2.666697837412357330e-02
2.575852908194065094e-03
3.374186530709266663e-02
5.357256624847650528e-03
1.049420610070228577e-02
4.526845365762710571e-02
5.792808253318071365e-03
1.629622653126716614e-02
5.522232502698898315e-03
2.909848932176828384e-03
3.319503040984272957e-03
5.775996483862400055e-03
5.186107940971851349e-03
3.566025523468852043e-03
2.235218323767185211e-02
5.706289783120155334e-03
1.774652116000652313e-02
3.026163578033447266e-02
7.755267433822154999e-03
9.799266234040260315e-03
3.084027441218495369e-03
7.032495923340320587e-03
6.761362776160240173e-03
1.033028028905391693e-02
4.640127997845411301e-03
7.864075712859630585e-03
5.592377856373786926e-03
4.640081431716680527e-03
1.743398257531225681e-03
6.543589290231466293e-03
3.690391778945922852e-03
6.696146912872791290e-03
2.553106518462300301e-03
7.428398355841636658e-03
1.123284734785556793e-02
6.317905616015195847e-03
1.118463091552257538e-02
6.699881050735712051e-03
6.887903902679681778e-03
6.847580429166555405e-03
2.014962024986743927e-03
1.037975959479808807e-02
1.970086013898253441e-03
6.068624556064605713e-03
3.431883640587329865e-03
3.819375112652778625e-02
7.719842251390218735e-03
4.709584638476371765e-03
8.759165182709693909e-03
2.696288982406258583e-03
1.179055031388998032e-02
4.014350939542055130e-03
1.465027313679456711e-02
7.120121736079454422e-03
7.606404833495616913e-03
2.327727898955345154e-02
1.472888328135013580e-02
1.338875759392976761e-02
2.361685782670974731e-02
5.097841098904609680e-02
2.060856483876705170e-02
1.089125499129295349e-02
5.234775599092245102e-03
3.180154599249362946e-03
3.267420688644051552e-03
8.799687027931213379e-03
5.259030964225530624e-03
5.046300124377012253e-03
3.209314495325088501e-02
3.248540218919515610e-03
5.047745071351528168e-03
5.301631987094879150e-03
2.712070383131504059e-02
8.560120128095149994e-03
2.083985833451151848e-03
3.184869419783353806e-03
1.303093321621417999e-02
7.292092777788639069e-03
2.847220934927463531e-02
2.435432560741901398e-02
7.712059188634157181e-03
4.886912181973457336e-02
6.034978665411472321e-03
2.921310253441333771e-03
5.440982058644294739e-02
4.676421731710433960e-02
4.885836970061063766e-03
1.807913556694984436e-02
3.953025210648775101e-03
5.952966958284378052e-02
1.019277796149253845e-02
2.299317903816699982e-02
4.898572340607643127e-03
3.828676184639334679e-03
6.942227482795715332e-03
1.884309109300374985e-03
1.213614083826541901e-02
1.387642323970794678e-02
8.065770380198955536e-03
2.097511664032936096e-03
3.654238069429993629e-03
9.464226663112640381e-03
3.535939380526542664e-02
2.206692099571228027e-02
1.016060635447502136e-02
1.573531888425350189e-03
2.072028582915663719e-03
2.610352076590061188e-02
1.700966805219650269e-02
4.427101463079452515e-02
3.185737179592251778e-03
1.701204688288271427e-03
3.973355516791343689e-02
5.934312194585800171e-02
3.403337672352790833e-02
2.225168794393539429e-02
2.948599867522716522e-03
9.140131995081901550e-03
5.492996890097856522e-03
4.235846921801567078e-03
4.974812734872102737e-03
1.239902526140213013e-01
7.373039145022630692e-03
2.642090432345867157e-03
5.143193528056144714e-03
6.070516258478164673e-02
8.279925584793090820e-02
1.007158458232879639e-01
4.027303773909807205e-03
2.670240588486194611e-03
3.514837101101875305e-02
1.100078132003545761e-02
4.637656733393669128e-02
8.045021444559097290e-02
3.686221083626151085e-03
3.850345034152269363e-03
8.119240403175354004e-03
9.269814938306808472e-03
1.587648503482341766e-02
7.662898302078247070e-02
2.690409310162067413e-03
2.015643520280718803e-03
2.558936364948749542e-03
1.824318245053291321e-02
5.889419000595808029e-03
9.421690367162227631e-03
1.289251260459423065e-02
4.912461154162883759e-03
2.001485042273998260e-02
1.439101528376340866e-03
1.958825625479221344e-03
2.161268610507249832e-03
1.782592618837952614e-03
3.220924409106373787e-03
4.759585857391357422e-02
1.604498177766799927e-02
3.231931477785110474e-02
1.246139034628868103e-02
3.145186463370919228e-03
7.752730976790189743e-03
1.585104037076234818e-03
2.326325746253132820e-03
1.593456603586673737e-02
2.034412929788231850e-03
3.649873193353414536e-03
3.334614681079983711e-03
5.503436550498008728e-03
6.654306314885616302e-03
4.195224493741989136e-03
4.343226086348295212e-03
2.226705662906169891e-03
1.920567266643047333e-02
6.367375608533620834e-03
3.116732463240623474e-03
6.704375613480806351e-03
2.926733111962676048e-03
2.941129263490438461e-03
3.596595022827386856e-03
1.904337294399738312e-02
2.557026222348213196e-03
7.160517387092113495e-03
1.810930483043193817e-02
5.525666754692792892e-03
1.382423331961035728e-03
2.495361724868416786e-03
4.983562976121902466e-03
6.611917167901992798e-03
2.443087054416537285e-03
1.104197115637362003e-03
7.406310644000768661e-03
1.198030426166951656e-03
6.627335213124752045e-03
1.533397706225514412e-03
1.430916017852723598e-03
3.594225971028208733e-03
4.882766399532556534e-03
2.111437730491161346e-03
8.925185538828372955e-03
3.094095503911375999e-03
1.522927079349756241e-03
4.606169648468494415e-03
1.466222922317683697e-03
5.525334738194942474e-03
1.158491359092295170e-03
6.352436263114213943e-03
1.065610209479928017e-03
1.324865152128040791e-03
2.784663811326026917e-03
4.501132760196924210e-03
1.183001976460218430e-02
2.313559642061591148e-03
7.565570529550313950e-03
1.997369574382901192e-03
2.596193226054310799e-03
1.219634339213371277e-02
1.513615716248750687e-03
4.109315574169158936e-03
2.141207689419388771e-03
1.967271557077765465e-03
2.774027874693274498e-03
2.334637101739645004e-03
3.245803061872720718e-03
1.713969279080629349e-03
4.933085292577743530e-03
1.450538542121648788e-02
5.077557172626256943e-03
3.375532571226358414e-03
3.409578232094645500e-03
1.900521921925246716e-03
1.533150020986795425e-02
1.038157963193953037e-03
1.696681138128042221e-03
2.091540768742561340e-02
1.296489965170621872e-03
1.300697331316769123e-03
2.037442289292812347e-03
2.373185707256197929e-03
2.514846390113234520e-03
2.277505118399858475e-03
2.989554312080144882e-03
2.307832706719636917e-03
2.070576651021838188e-03
1.229481492191553116e-02
3.781095147132873535e-03
4.872187040746212006e-03
3.128061536699533463e-03
2.038520574569702148e-02
5.126400385051965714e-03
9.340510703623294830e-03
3.698279848322272301e-03
2.703195065259933472e-02
2.190739102661609650e-02
3.377252025529742241e-03
2.658185362815856934e-02
9.982320480048656464e-04
9.187134564854204655e-04
2.288410905748605728e-03
7.314807269722223282e-03
1.983858179301023483e-03
1.051279809325933456e-02
1.606729626655578613e-02
3.772088792175054550e-03
9.392907959409058094e-04
5.195369012653827667e-03
5.025918129831552505e-03
1.882252865470945835e-03
1.098780892789363861e-03
1.515271957032382488e-03
1.720151863992214203e-03
3.063222160562872887e-03
2.464133780449628830e-03
6.325709633529186249e-03
1.396517036482691765e-03
2.157000452280044556e-02
2.105095423758029938e-03
8.304840885102748871e-03
2.205419121310114861e-03
1.093669328838586807e-03
1.094089471735060215e-03
2.173473360016942024e-03
1.557445270009338856e-03
4.470102023333311081e-03
1.868516905233263969e-03
9.870688430964946747e-03
5.402637645602226257e-03
6.393083371222019196e-03
2.237416803836822510e-03
4.689801018685102463e-03
4.736506845802068710e-03
1.196491764858365059e-03
1.932464889250695705e-03
2.101994818076491356e-03
8.386283298023045063e-04
1.750441733747720718e-03
6.237380206584930420e-03
3.977079875767230988e-03
1.137924264185130596e-03
2.950620837509632111e-03
1.523121632635593414e-02
7.380032446235418320e-03
1.239976752549409866e-02
2.448938088491559029e-03
4.378485493361949921e-03
1.733073219656944275e-02
4.200929310172796249e-03
8.238108828663825989e-03
2.016367763280868530e-02
2.368451561778783798e-03
4.491372499614953995e-03
1.601646095514297485e-02
3.694783663377165794e-03
2.441510790959000587e-03
5.075839348137378693e-03
3.549310192465782166e-02
2.743596443906426430e-03
1.162150059826672077e-03
1.811406458728015423e-03
1.495667267590761185e-03
1.040578819811344147e-03
2.662708749994635582e-03
1.255719736218452454e-02
6.460453849285840988e-03
1.685166964307427406e-03
1.090122666209936142e-02
2.137737115845084190e-03
2.834721934050321579e-03
2.100145444273948669e-03
7.706087199039757252e-04
8.345876121893525124e-04
2.325649606063961983e-03
5.496728699654340744e-03
2.070551272481679916e-03
1.410225871950387955e-03
8.222912438213825226e-04
2.294261008501052856e-03
6.391250062733888626e-03
4.548369441181421280e-03
1.808380126021802425e-03
1.392742153257131577e-03
8.142370497807860374e-04
3.412434598430991173e-03
1.198823563754558563e-03
2.637505531311035156e-03
1.543284859508275986e-02
9.169036522507667542e-03
1.914566732011735439e-03
1.524200080893933773e-03
4.664033651351928711e-03
6.341108586639165878e-03
1.133700460195541382e-02
9.171874262392520905e-04
2.773345913738012314e-03
2.759903669357299805e-03
2.791159087792038918e-03
2.498663729056715965e-03
1.245817728340625763e-02
6.144921062514185905e-04
3.812493057921528816e-03
3.224570769816637039e-03
2.311918418854475021e-03
1.306132879108190536e-03
1.491816481575369835e-03
5.357392132282257080e-03
1.847784267738461494e-03
1.004670630209147930e-03
1.138741266913712025e-03
1.059784553945064545e-03
4.500983282923698425e-03
1.545543433167040348e-03
1.625327160581946373e-03
1.801899168640375137e-03
2.222916344180703163e-03
1.702812383882701397e-03
4.427435051184147596e-04
2.299383515492081642e-03
6.325503345578908920e-03
5.495356163010001183e-04
8.440468227490782738e-04
4.384908359497785568e-03
7.446900708600878716e-04
1.297248061746358871e-02
8.306122035719454288e-04
1.469407114200294018e-03
9.809072129428386688e-03
8.792087319307029247e-04
5.913393571972846985e-03
2.876081038266420364e-03
2.030884474515914917e-02
1.323100994341075420e-03
8.901576511561870575e-03
4.806359112262725830e-02
5.445941910147666931e-02
4.949577618390321732e-03
6.483620963990688324e-03
2.167588472366333008e-02
2.777416259050369263e-03
2.500659786164760590e-03
5.728149786591529846e-02
1.594156143255531788e-03
1.039126515388488770e-02
8.567476645112037659e-03
2.870933152735233307e-03
1.000840775668621063e-02
4.897440318018198013e-03
1.241594320163130760e-03
1.745001063682138920e-03
1.072789891622960567e-03
1.664794050157070160e-03
2.258903812617063522e-03
1.277007441967725754e-02
7.505659945309162140e-03
1.082962471991777420e-02
1.895680907182395458e-03
9.237432852387428284e-03
1.153996214270591736e-03
2.577199600636959076e-03
1.056406879797577858e-03
7.370683015324175358e-04
2.583203837275505066e-03
2.424070378765463829e-03
5.834334879182279110e-04
2.214321866631507874e-03
1.018955744802951813e-02
1.061043795198202133e-02
1.033282605931162834e-03
1.918482827022671700e-03
1.746895350515842438e-02
6.903512869030237198e-03
1.551661407575011253e-03
1.396443229168653488e-03
1.169909909367561340e-02
7.990979356691241264e-04
2.731945132836699486e-03
8.791877189651131630e-04
2.105489932000637054e-02
9.293154580518603325e-04
1.929600490257143974e-03
1.399155589751899242e-03
3.693585982546210289e-03
1.457531820051372051e-03
1.787583227269351482e-03
9.744461625814437866e-03
3.332388587296009064e-03
7.342702010646462440e-04
4.501462914049625397e-03
1.647209632210433483e-03
5.436923820525407791e-04
1.153348595835268497e-03
1.905494602397084236e-03
2.133254194632172585e-03
8.429015288129448891e-04
1.398711930960416794e-03
1.207423396408557892e-03
3.916341811418533325e-03
4.745026119053363800e-03
5.128773860633373260e-03
3.075729822739958763e-03
1.354612060822546482e-03
9.015463292598724365e-04
5.737713072448968887e-03
2.172168809920549393e-03
1.493016257882118225e-03
2.677882323041558266e-03
6.543336436152458191e-03
5.072637461125850677e-03
2.864665817469358444e-03
7.030768319964408875e-03
2.757191425189375877e-03
2.495374064892530441e-03
1.467266469262540340e-03
7.897877367213368416e-04
4.006705712527036667e-03
1.142086228355765343e-03
5.874878843314945698e-04
4.683908540755510330e-03
3.098101122304797173e-03
1.196563127450644970e-03
8.831256418488919735e-04
7.061608135700225830e-03
1.084532123059034348e-02
2.499147551134228706e-03
5.167848896235227585e-03
6.011060439050197601e-03
2.162995748221874237e-03
1.460984000004827976e-03
1.285060890950262547e-03
1.418411079794168472e-02
8.527307771146297455e-03
7.615956128574907780e-04
6.371774361468851566e-04
3.561737947165966034e-03
1.136245322413742542e-03
2.923999913036823273e-03
1.265922677703201771e-03
7.520004175603389740e-03
7.449123659171164036e-04
4.530665464699268341e-03
6.841750349849462509e-03
1.033802982419729233e-03
6.526830838993191719e-04
5.679268389940261841e-03
9.802582208067178726e-04
5.556774325668811798e-03
3.536523319780826569e-03
2.569261938333511353e-03
1.687420299276709557e-03
1.687841839157044888e-03
9.576189913786947727e-04
3.554477822035551071e-03
1.024155179038643837e-03
1.533121336251497269e-03
8.728133398108184338e-04
4.824270028620958328e-03
3.334203269332647324e-03
5.571211688220500946e-03
1.158271916210651398e-03
6.367555470205843449e-04
1.353428978472948074e-02
7.757270243018865585e-03
3.001295030117034912e-03
1.586179598234593868e-03
7.441334892064332962e-03
2.948457375168800354e-03
5.110814701765775681e-03
9.780677035450935364e-03
1.637747162021696568e-03
2.394030569121241570e-03
2.126795006915926933e-03
1.411371980793774128e-03
4.224257171154022217e-02
4.256863147020339966e-03
2.193172927945852280e-03
3.131542354822158813e-03
1.380997127853333950e-03
1.740292273461818695e-02
1.260801800526678562e-03
5.820134538225829601e-04
1.995229627937078476e-03
7.148671895265579224e-03
7.947147241793572903e-04
7.843988016247749329e-03
1.426486764103174210e-03
2.176471287384629250e-03
5.573311354964971542e-03
1.461236737668514252e-03
2.203541109338402748e-03
5.025131395086646080e-04
9.278259240090847015e-04
1.967765856534242630e-03
4.851698875427246094e-03
5.663744523189961910e-04
6.002917420119047165e-03
5.638010916300117970e-04
4.643531050533056259e-03
1.659889356233179569e-03
1.439093379303812981e-03
2.732967026531696320e-03
4.538225010037422180e-03
8.258403977379202843e-04
5.809310358017683029e-03
5.230687675066292286e-04
2.580311615020036697e-03
2.193789463490247726e-03
2.136259572580456734e-03
1.248620217666029930e-03
4.232513718307018280e-03
1.278046169318258762e-03
1.084801857359707355e-03
4.622391890734434128e-03
8.823745301924645901e-04
3.524001920595765114e-03
9.819988161325454712e-03
3.473589196801185608e-03
1.747823669575154781e-03
4.910225048661231995e-03
1.749720191583037376e-03
3.577501745894551277e-03
8.261995390057563782e-04
1.710171811282634735e-02
3.403181442990899086e-03
6.568940007127821445e-04
2.824493683874607086e-03
1.278154086321592331e-03
4.805698059499263763e-03
2.055456396192312241e-03
6.288043805398046970e-04
1.231864746659994125e-02
9.050546213984489441e-04
7.158307125791907310e-04
2.637636847794055939e-02
1.047144178301095963e-03
9.653519955463707447e-04
9.393340442329645157e-04
3.321917261928319931e-03
1.995622646063566208e-03
4.488923586905002594e-03
3.737173276022076607e-03
1.165998401120305061e-03
5.372652667574584484e-04
8.796930196695029736e-04
8.880634559318423271e-04
2.324745059013366699e-03
1.387358177453279495e-03
1.198949106037616730e-02
6.379040423780679703e-04
1.884107943624258041e-03
9.543719701468944550e-03
1.380327623337507248e-03
1.346174511127173901e-03
4.146951716393232346e-03
1.431122538633644581e-03
6.421088473871350288e-04
9.427306358702480793e-04
1.238384842872619629e-02
1.135979662649333477e-03
6.347479647956788540e-04
2.569770440459251404e-03
3.051494248211383820e-03
2.279269974678754807e-03
2.814080798998475075e-03
1.835209317505359650e-02
3.647975157946348190e-03
1.524398918263614178e-03
7.090443745255470276e-03
4.053782299160957336e-02
6.609594076871871948e-02
8.298768661916255951e-04
2.603438450023531914e-03
5.085549200884997845e-04
5.464110523462295532e-03
2.772464649751782417e-03
1.800767518579959869e-02
2.715177251957356930e-04
1.534200087189674377e-02
1.190458773635327816e-03
2.217599190771579742e-03
2.173501299694180489e-03
6.503107957541942596e-03
2.845560899004340172e-03
5.730600561946630478e-03
7.636771770194172859e-04
2.488404978066682816e-03
3.773180767893791199e-03
1.450083102099597454e-03
2.180810319259762764e-03
9.643383091315627098e-04
1.514980220235884190e-03
3.641632851213216782e-03
1.161470543593168259e-03
2.879412204492837191e-04
5.524473963305354118e-04
1.195052405819296837e-03
9.221263462677598000e-04
6.176979746669530869e-03
5.458238301798701286e-04
5.590870976448059082e-03
1.344993594102561474e-03
7.816795259714126587e-04
1.514082541689276695e-03
5.892982590012252331e-04
3.844887716695666313e-03
1.502677099779248238e-03
6.654339958913624287e-04
7.377199945040047169e-04
4.807390796486288309e-04
3.526641521602869034e-03
6.025856127962470055e-04
1.931921206414699554e-02
8.072818163782358170e-04
6.274106563068926334e-04
2.150910673663020134e-03
5.006603896617889404e-03
1.613487722352147102e-03
4.369524866342544556e-02
2.758876653388142586e-03
4.909600247628986835e-04
5.668410565704107285e-03
2.920244121924042702e-03
1.087352051399648190e-03
3.435979830101132393e-03
1.082218135707080364e-03
5.847843713127076626e-04
2.428410574793815613e-03
4.698824195656925440e-04
1.377551932819187641e-03
1.873841625638306141e-03
8.185097249224781990e-04
1.718417508527636528e-03
4.461980424821376801e-03
4.992109024897217751e-04
4.521287628449499607e-04
2.789546269923448563e-03
1.288840430788695812e-03
5.772121949121356010e-04
2.509630285203456879e-04
3.692611062433570623e-04
1.069609657861292362e-03
7.879728218540549278e-04
6.537444889545440674e-03
8.615703321993350983e-03
7.638613460585474968e-04
7.934900349937379360e-04
1.791068236343562603e-03
1.261619734577834606e-03
2.623378997668623924e-03
5.476418300531804562e-04
1.866580732166767120e-02
3.911769017577171326e-04
1.097873086109757423e-03
1.354682818055152893e-02
2.725168305914849043e-04
6.804797449149191380e-04
3.689467208459973335e-03
5.739776883274316788e-03
3.893549740314483643e-02
2.532466128468513489e-02
1.164383487775921822e-03
3.694449784234166145e-03
1.160750631242990494e-03
1.015994418412446976e-02
7.930745929479598999e-02
5.459497496485710144e-02
1.713903504423797131e-03
1.610970124602317810e-03
3.732356475666165352e-03
4.803463816642761230e-03
4.034413024783134460e-03
2.543060295283794403e-02
1.175657729618251324e-03
6.881525041535496712e-04
2.140818396583199501e-03
1.678243395872414112e-03
3.492374904453754425e-03
3.757268888875842094e-03
1.306640915572643280e-03
1.039953785948455334e-03
7.429556571878492832e-04
1.713734120130538940e-03
3.888462670147418976e-04
5.802217405289411545e-03
3.284257138147950172e-03
7.898472249507904053e-04
6.987109780311584473e-03
4.150498716626316309e-04
4.210737533867359161e-04
2.889818279072642326e-04
9.880489669740200043e-04
8.460303652100265026e-04
7.739646825939416885e-03
1.112989382818341255e-03
7.728335913270711899e-04
5.906798178330063820e-04
2.032789401710033417e-03
1.250256551429629326e-03
8.193067624233663082e-04
1.366626587696373463e-03
9.770067408680915833e-04
3.939402289688587189e-03
9.994360152631998062e-04
2.249997807666659355e-03
1.080148038454353809e-03
3.083972726017236710e-03
3.527899039909243584e-03
3.314872155897319317e-04
3.346079902257770300e-04
4.584199050441384315e-04
1.351789454929530621e-03
1.940434100106358528e-03
8.049084572121500969e-04
2.474800217896699905e-03
4.798925947397947311e-04
4.567985888570547104e-03
5.247783847153186798e-03
3.791021881625056267e-03
3.464753681328147650e-04
1.549560343846678734e-03
7.396161090582609177e-03
4.009862022940069437e-04
1.485116896219551563e-03
5.530703347176313400e-03
1.739219180308282375e-03
2.543312683701515198e-02
1.142436359077692032e-02
7.699876558035612106e-03
3.167182579636573792e-02
6.524146883748471737e-04
2.428479725494980812e-03
2.046459820121526718e-03
3.391117323189973831e-03
2.397358650341629982e-03
2.429250860586762428e-03
4.991657100617885590e-03
1.160760293714702129e-03
6.136466399766504765e-04
6.726345163770020008e-04
4.661131184548139572e-03
2.047937363386154175e-03
1.642012735828757286e-03
1.669007819145917892e-03
4.384306375868618488e-04
7.700105779804289341e-04
3.850852372124791145e-03
4.540908848866820335e-04
2.024115994572639465e-03
2.109874272719025612e-03
4.204160650260746479e-04
9.547552908770740032e-04
1.179228071123361588e-03
7.126591634005308151e-03
6.769188679754734039e-03
1.524653285741806030e-03
3.478268533945083618e-02
2.898349775932729244e-04
8.111710776574909687e-04
9.942022152245044708e-04
5.813756142742931843e-04
3.824960812926292419e-02
6.831921171396970749e-03
4.862000234425067902e-03
6.404070300050079823e-04
4.268332850188016891e-03
3.428369236644357443e-04
6.047762581147253513e-04
2.350468857912346721e-04
3.902116441167891026e-04
4.777348367497324944e-04
2.371311187744140625e-03
1.386151416227221489e-03
7.799521554261445999e-04
1.726287999190390110e-03
7.341107702814042568e-04
1.824810751713812351e-03
1.635008957237005234e-03
5.371268489398062229e-04
4.408240492921322584e-04
1.541488431394100189e-02
1.036589266732335091e-03
4.161327378824353218e-04
3.596243215724825859e-03
1.284843962639570236e-02
5.968655459582805634e-03
3.245333209633827209e-03
8.111078292131423950e-03
6.552366539835929871e-04
1.960824243724346161e-02
6.800813716836273670e-04
2.630289644002914429e-03
1.238997094333171844e-03
1.140125677920877934e-03
4.089413268957287073e-04
8.525357581675052643e-03
5.263938219286501408e-04
1.106477691791951656e-03
7.122986484318971634e-03
4.629862669389694929e-04
9.855572134256362915e-04
1.238374784588813782e-02
1.619084505364298820e-03
8.888571523129940033e-03
3.100045723840594292e-03
5.344686214812099934e-04
4.326310008764266968e-03
6.656370242126286030e-04
5.202019819989800453e-04
3.460749052464962006e-03
2.153410576283931732e-03
8.173422538675367832e-04
1.360255526378750801e-03
6.777732050977647305e-04
1.183357788249850273e-03
1.100546447560191154e-03
2.069893060252070427e-03
1.167944539338350296e-02
9.360652184113860130e-04
1.096349023282527924e-02
3.288174280896782875e-03
1.702682231552898884e-03
6.543764472007751465e-02
1.833195448853075504e-03
5.450223572552204132e-03
2.852531615644693375e-03
1.355701033025979996e-02
9.216052293777465820e-02
4.984608292579650879e-02
3.921830211766064167e-04
1.402195077389478683e-03
6.735315546393394470e-04
1.529285404831171036e-02
1.011288538575172424e-02
3.844911977648735046e-02
6.715776398777961731e-04
8.742138743400573730e-04
6.751630571670830250e-04
5.999332759529352188e-03
2.035412006080150604e-03
3.640440851449966431e-02
2.482455456629395485e-03
3.543406724929809570e-03
1.256760209798812866e-03
2.383289393037557602e-03
2.920277416706085205e-03
1.043135952204465866e-02
7.467782706953585148e-04
1.348250266164541245e-02
9.969415841624140739e-04
2.746577747166156769e-02
2.717631286941468716e-04
8.541014394722878933e-04
8.520771516487002373e-04
5.752958240918815136e-04
1.298317126929759979e-02
1.024148520082235336e-02
6.092531839385628700e-04
1.165551366284489632e-03
5.002006073482334614e-04
2.826145384460687637e-03
4.295507387723773718e-04
3.239107085391879082e-03
2.160532958805561066e-02
5.076087266206741333e-02
2.782607916742563248e-03
4.830793943256139755e-03
8.544369484297931194e-04
1.925475895404815674e-02
2.005798742175102234e-02
4.383655264973640442e-03
4.088923742529004812e-04
5.643815966323018074e-04
2.152229659259319305e-03
4.041909240186214447e-03
2.249389188364148140e-03
5.447722505778074265e-03
6.669142749160528183e-04
3.000689612235873938e-04
1.844248734414577484e-03
3.903893812093883753e-04
3.874674730468541384e-04
1.641550473868846893e-02
7.694702129811048508e-03
8.663367480039596558e-04
1.167315174825489521e-03
8.460698649287223816e-03
8.463676786050200462e-04
9.584409184753894806e-03
7.140717352740466595e-04
3.232103772461414337e-04
4.040344501845538616e-04
6.627507973462343216e-04
1.132582314312458038e-03
1.997915562242269516e-03
1.336529501713812351e-03
3.149127005599439144e-04
3.053657128475606441e-04
9.154086001217365265e-04
2.435227943351492286e-04
1.252317521721124649e-02
3.113464917987585068e-04
2.196829009335488081e-04
7.171521428972482681e-04
1.100003020837903023e-03
3.930193837732076645e-03
1.054058074951171875e-01
7.682255818508565426e-04
1.530262525193393230e-03
1.922173984348773956e-02
3.735801950097084045e-02
2.842085249722003937e-02
3.207037225365638733e-02
3.333684056997299194e-03
2.544874441809952259e-04
1.366926124319434166e-03
2.282075118273496628e-03
3.689063712954521179e-03
1.290359999984502792e-03
2.297972096130251884e-04
2.420155215077102184e-04
3.479945589788258076e-04
5.134562961757183075e-04
6.349580362439155579e-04
1.036730408668518066e-02
5.675956490449607372e-04
1.415020320564508438e-03
2.052493859082460403e-03
4.891619901172816753e-04
1.386919990181922913e-03
1.715291291475296021e-03
1.291839638724923134e-03
1.009425497613847256e-03
1.818577386438846588e-02
5.655614659190177917e-04
6.968579837121069431e-04
2.786297700367867947e-04
6.877674022689461708e-04
3.657006600406020880e-04
5.370567669160664082e-04
1.011999789625406265e-03
1.468284637667238712e-03
2.384406980127096176e-03
