6.053776288032531738e+01
1.643352508544921875e-01
2.579736709594726562e-02
2.567744255065917969e-02
2.549839019775390625e-02
2.399492263793945312e-02
2.400064468383789062e-02
2.230834960937500000e-02
2.261638641357421875e-02
2.210140228271484375e-02
2.222537994384765625e-02
2.196121215820312500e-02
2.060508728027343750e-02
1.509451866149902344e-02
1.833105087280273438e-02
1.664090156555175781e-02
1.668643951416015625e-02
1.637959480285644531e-02
2.053332328796386719e-02
2.172493934631347656e-02
1.791024208068847656e-02
1.716256141662597656e-02
1.858592033386230469e-02
2.081942558288574219e-02
2.100157737731933594e-02
2.077031135559082031e-02
1.191854476928710938e-02
2.000045776367187500e-02
2.191329002380371094e-02
2.247953414916992188e-02
7.251739501953125000e-03
7.036209106445312500e-03
7.388353347778320312e-03
7.172822952270507812e-03
7.005453109741210938e-03
7.285356521606445312e-03
8.259057998657226562e-03
1.401257514953613281e-02
1.650953292846679688e-02
1.337194442749023438e-02
1.106142997741699219e-02
1.121425628662109375e-02
1.276564598083496094e-02
1.345062255859375000e-02
1.109051704406738281e-02
1.323986053466796875e-02
1.274132728576660156e-02
1.328301429748535156e-02
1.327729225158691406e-02
1.114153861999511719e-02
1.190161705017089844e-02
1.180577278137207031e-02
1.105213165283203125e-02
1.098752021789550781e-02
7.425308227539062500e-03
5.752086639404296875e-03
2.084708213806152344e-02
2.136993408203125000e-02
2.057909965515136719e-02
2.104878425598144531e-02
2.078008651733398438e-02
2.010560035705566406e-02
2.205276489257812500e-02
2.046823501586914062e-02
2.200198173522949219e-02
2.115297317504882812e-02
2.068758010864257812e-02
2.016210556030273438e-02
2.018690109252929688e-02
1.475191116333007812e-02
1.442575454711914062e-02
1.561498641967773438e-02
1.356267929077148438e-02
1.195979118347167969e-02
1.258444786071777344e-02
1.194524765014648438e-02
1.193857192993164062e-02
1.194047927856445312e-02
1.193594932556152344e-02
1.178455352783203125e-02
1.204681396484375000e-02
1.185679435729980469e-02
1.732087135314941406e-02
6.824254989624023438e-03
2.201437950134277344e-02
2.236294746398925781e-02
2.231740951538085938e-02
2.112364768981933594e-02
2.079987525939941406e-02
2.036833763122558594e-02
2.123546600341796875e-02
2.050399780273437500e-02
2.050662040710449219e-02
2.200984954833984375e-02
2.200531959533691406e-02
2.087187767028808594e-02
2.093791961669921875e-02
2.076220512390136719e-02
2.132797241210937500e-02
2.128458023071289062e-02
2.135872840881347656e-02
1.700091361999511719e-02
1.799607276916503906e-02
1.649308204650878906e-02
1.649451255798339844e-02
1.875090599060058594e-02
2.033686637878417969e-02
1.753997802734375000e-02
1.743578910827636719e-02
1.947426795959472656e-02
1.191163063049316406e-02
6.766557693481445312e-03
2.268743515014648438e-02
2.087044715881347656e-02
2.033138275146484375e-02
2.121138572692871094e-02
2.051043510437011719e-02
2.052426338195800781e-02
2.104330062866210938e-02
2.100729942321777344e-02
1.931333541870117188e-02
1.587152481079101562e-02
1.184821128845214844e-02
1.227498054504394531e-02
1.201319694519042969e-02
1.184082031250000000e-02
1.179504394531250000e-02
1.244115829467773438e-02
1.105380058288574219e-02
1.162004470825195312e-02
1.177692413330078125e-02
1.175069808959960938e-02
1.145529747009277344e-02
1.096081733703613281e-02
1.164197921752929688e-02
1.111912727355957031e-02
1.116681098937988281e-02
1.106643676757812500e-02
1.256155967712402344e-02
6.267070770263671875e-03
2.361130714416503906e-02
2.541732788085937500e-02
2.559041976928710938e-02
2.390694618225097656e-02
1.872658729553222656e-02
1.880359649658203125e-02
2.161383628845214844e-02
1.724076271057128906e-02
1.890826225280761719e-02
1.803851127624511719e-02
1.276636123657226562e-02
1.330733299255371094e-02
1.560807228088378906e-02
1.884508132934570312e-02
2.020931243896484375e-02
1.785469055175781250e-02
1.711988449096679688e-02
1.944041252136230469e-02
1.859593391418457031e-02
1.413846015930175781e-02
1.071381568908691406e-02
1.109290122985839844e-02
1.111555099487304688e-02
1.109099388122558594e-02
1.108932495117187500e-02
1.108336448669433594e-02
7.370233535766601562e-03
5.467653274536132812e-03
2.097630500793457031e-02
2.073621749877929688e-02
2.121305465698242188e-02
2.058768272399902344e-02
2.052712440490722656e-02
2.406597137451171875e-02
2.211809158325195312e-02
2.055454254150390625e-02
2.207708358764648438e-02
2.199983596801757812e-02
2.338600158691406250e-02
2.210950851440429688e-02
1.711392402648925781e-02
1.855945587158203125e-02
1.847910881042480469e-02
1.525592803955078125e-02
1.703619956970214844e-02
1.900506019592285156e-02
2.002859115600585938e-02
1.587629318237304688e-02
1.071381568908691406e-02
1.066088676452636719e-02
1.109838485717773438e-02
1.111841201782226562e-02
1.111078262329101562e-02
1.060557365417480469e-02
7.235527038574218750e-03
5.371332168579101562e-03
2.253150939941406250e-02
1.716089248657226562e-02
1.726770401000976562e-02
1.782226562500000000e-02
1.843404769897460938e-02
1.654243469238281250e-02
1.484656333923339844e-02
1.696681976318359375e-02
1.902818679809570312e-02
1.995944976806640625e-02
1.536083221435546875e-02
1.075196266174316406e-02
1.112174987792968750e-02
7.236003875732421875e-03
1.239609718322753906e-02
1.199126243591308594e-02
1.210594177246093750e-02
1.210880279541015625e-02
1.655149459838867188e-02
1.149392127990722656e-02
1.256847381591796875e-02
1.193690299987792969e-02
1.200842857360839844e-02
1.195001602172851562e-02
1.235151290893554688e-02
1.186180114746093750e-02
7.293462753295898438e-03
5.907297134399414062e-03
2.190566062927246094e-02
2.249264717102050781e-02
2.313780784606933594e-02
2.008795738220214844e-02
2.061390876770019531e-02
1.871943473815917969e-02
1.428318023681640625e-02
1.173591613769531250e-02
1.182317733764648438e-02
1.185131072998046875e-02
1.190781593322753906e-02
1.374006271362304688e-02
1.380872726440429688e-02
1.301026344299316406e-02
1.254177093505859375e-02
1.206517219543457031e-02
1.989269256591796875e-02
1.289129257202148438e-02
7.524013519287109375e-03
7.041931152343750000e-03
7.475614547729492188e-03
1.073169708251953125e-02
1.529240608215332031e-02
1.476216316223144531e-02
1.552414894104003906e-02
2.125692367553710938e-02
1.515316963195800781e-02
6.448268890380859375e-03
2.201485633850097656e-02
2.147912979125976562e-02
1.662445068359375000e-02
1.263403892517089844e-02
1.196646690368652344e-02
1.221704483032226562e-02
1.224756240844726562e-02
1.220130920410156250e-02
1.222586631774902344e-02
1.219296455383300781e-02
1.208114624023437500e-02
1.218104362487792969e-02
1.219439506530761719e-02
1.233339309692382812e-02
1.233315467834472656e-02
1.217627525329589844e-02
1.224184036254882812e-02
1.219296455383300781e-02
1.496934890747070312e-02
7.863521575927734375e-03
7.170915603637695312e-03
6.922721862792968750e-03
1.137995719909667969e-02
1.704382896423339844e-02
1.590609550476074219e-02
1.136732101440429688e-02
1.111221313476562500e-02
5.613803863525390625e-03
2.207040786743164062e-02
2.305126190185546875e-02
2.188014984130859375e-02
1.968693733215332031e-02
1.994299888610839844e-02
1.975274085998535156e-02
1.994299888610839844e-02
1.578927040100097656e-02
1.444530487060546875e-02
1.202726364135742188e-02
1.199984550476074219e-02
1.120042800903320312e-02
1.116800308227539062e-02
1.184535026550292969e-02
1.222252845764160156e-02
1.109743118286132812e-02
1.092672348022460938e-02
1.189923286437988281e-02
1.113605499267578125e-02
1.218652725219726562e-02
2.006483078002929688e-02
2.254867553710937500e-02
2.271771430969238281e-02
2.067661285400390625e-02
2.298879623413085938e-02
2.305483818054199219e-02
2.185153961181640625e-02
9.960651397705078125e-03
2.354574203491210938e-02
2.247452735900878906e-02
2.216100692749023438e-02
2.262759208679199219e-02
2.266740798950195312e-02
2.138853073120117188e-02
2.255249023437500000e-02
2.236771583557128906e-02
1.848864555358886719e-02
1.499390602111816406e-02
1.285648345947265625e-02
1.189041137695312500e-02
1.202917098999023438e-02
1.190710067749023438e-02
1.200604438781738281e-02
1.192736625671386719e-02
1.198673248291015625e-02
1.191687583923339844e-02
1.201844215393066406e-02
1.230406761169433594e-02
1.190757751464843750e-02
1.194953918457031250e-02
7.155656814575195312e-03
7.113456726074218750e-03
1.000142097473144531e-02
7.123470306396484375e-03
6.905078887939453125e-03
7.128953933715820312e-03
2.213287353515625000e-02
2.277350425720214844e-02
2.298712730407714844e-02
2.290439605712890625e-02
2.122974395751953125e-02
1.739001274108886719e-02
1.520848274230957031e-02
1.137495040893554688e-02
7.617235183715820312e-03
7.273197174072265625e-03
7.104396820068359375e-03
7.135629653930664062e-03
1.104283332824707031e-02
1.633906364440917969e-02
1.419353485107421875e-02
1.171135902404785156e-02
1.226019859313964844e-02
1.221799850463867188e-02
1.218914985656738281e-02
1.223397254943847656e-02
1.208472251892089844e-02
1.229214668273925781e-02
1.229906082153320312e-02
1.164460182189941406e-02
1.008129119873046875e-02
1.646161079406738281e-02
1.294684410095214844e-02
9.721279144287109375e-03
2.468657493591308594e-02
2.209734916687011719e-02
2.365922927856445312e-02
2.216482162475585938e-02
2.349400520324707031e-02
2.325153350830078125e-02
2.208089828491210938e-02
2.287101745605468750e-02
2.402257919311523438e-02
2.328968048095703125e-02
2.317166328430175781e-02
2.312541007995605469e-02
2.331781387329101562e-02
2.343511581420898438e-02
2.212047576904296875e-02
2.302217483520507812e-02
2.328538894653320312e-02
2.327227592468261719e-02
2.237844467163085938e-02
2.269268035888671875e-02
2.117800712585449219e-02
2.092432975769042969e-02
1.760935783386230469e-02
1.527428627014160156e-02
1.099944114685058594e-02
1.225209236145019531e-02
9.966611862182617188e-03
9.057044982910156250e-03
2.372050285339355469e-02
2.353215217590332031e-02
2.309012413024902344e-02
2.250194549560546875e-02
2.232670783996582031e-02
2.280879020690917969e-02
2.267050743103027344e-02
2.283906936645507812e-02
2.283930778503417969e-02
2.268147468566894531e-02
2.259063720703125000e-02
2.110815048217773438e-02
2.418398857116699219e-02
2.208375930786132812e-02
2.447938919067382812e-02
2.132439613342285156e-02
2.263474464416503906e-02
2.126932144165039062e-02
2.128314971923828125e-02
2.238845825195312500e-02
2.123951911926269531e-02
2.075386047363281250e-02
2.142691612243652344e-02
2.070212364196777344e-02
2.100419998168945312e-02
2.121496200561523438e-02
2.132630348205566406e-02
9.954929351806640625e-03
2.556538581848144531e-02
2.566361427307128906e-02
2.773737907409667969e-02
2.175831794738769531e-02
1.216316223144531250e-02
7.793664932250976562e-03
7.256269454956054688e-03
1.145887374877929688e-02
1.665401458740234375e-02
1.634430885314941406e-02
1.647734642028808594e-02
2.039933204650878906e-02
2.204680442810058594e-02
2.352333068847656250e-02
2.202224731445312500e-02
2.026009559631347656e-02
1.988148689270019531e-02
1.916384696960449219e-02
1.676201820373535156e-02
1.445889472961425781e-02
1.239871978759765625e-02
1.217627525329589844e-02
1.206183433532714844e-02
1.226019859313964844e-02
1.213598251342773438e-02
1.227068901062011719e-02
1.217627525329589844e-02
5.255699157714843750e-03
2.383160591125488281e-02
2.324604988098144531e-02
2.257037162780761719e-02
2.296304702758789062e-02
2.338695526123046875e-02
2.303051948547363281e-02
2.344989776611328125e-02
2.309155464172363281e-02
2.316403388977050781e-02
2.360486984252929688e-02
2.365612983703613281e-02
2.315068244934082031e-02
2.340006828308105469e-02
2.373719215393066406e-02
2.320981025695800781e-02
2.345514297485351562e-02
2.354097366333007812e-02
2.346634864807128906e-02
2.297639846801757812e-02
2.212834358215332031e-02
2.194142341613769531e-02
2.201962471008300781e-02
2.199268341064453125e-02
2.181267738342285156e-02
2.215075492858886719e-02
2.203774452209472656e-02
2.351570129394531250e-02
1.071333885192871094e-02
2.226924896240234375e-02
2.311348915100097656e-02
2.219653129577636719e-02
2.191805839538574219e-02
1.809072494506835938e-02
1.610875129699707031e-02
1.201939582824707031e-02
1.214671134948730469e-02
1.198148727416992188e-02
1.194167137145996094e-02
1.109981536865234375e-02
1.101088523864746094e-02
1.162862777709960938e-02
1.199364662170410156e-02
1.190233230590820312e-02
1.218628883361816406e-02
1.189684867858886719e-02
1.191067695617675781e-02
1.195907592773437500e-02
1.193332672119140625e-02
1.202559471130371094e-02
1.197147369384765625e-02
1.113939285278320312e-02
1.172184944152832031e-02
1.173901557922363281e-02
1.210808753967285156e-02
1.114797592163085938e-02
6.337404251098632812e-03
2.320456504821777344e-02
1.967501640319824219e-02
1.541018486022949219e-02
7.385969161987304688e-03
7.409334182739257812e-03
7.129192352294921875e-03
7.572174072265625000e-03
7.540941238403320312e-03
7.229804992675781250e-03
1.302957534790039062e-02
7.211685180664062500e-03
7.866621017456054688e-03
1.188611984252929688e-02
1.266312599182128906e-02
1.392245292663574219e-02
1.619386672973632812e-02
1.236009597778320312e-02
1.108074188232421875e-02
1.107597351074218750e-02
1.123833656311035156e-02
1.341748237609863281e-02
1.115107536315917969e-02
1.111197471618652344e-02
1.117491722106933594e-02
1.085448265075683594e-02
1.038837432861328125e-02
1.031970977783203125e-02
6.035327911376953125e-03
2.264571189880371094e-02
2.165770530700683594e-02
2.081036567687988281e-02
2.245497703552246094e-02
1.963257789611816406e-02
1.897072792053222656e-02
1.257848739624023438e-02
1.704430580139160156e-02
1.783752441406250000e-02
1.819062232971191406e-02
1.640391349792480469e-02
1.681089401245117188e-02
2.123689651489257812e-02
2.053189277648925781e-02
1.616120338439941406e-02
1.074266433715820312e-02
1.079535484313964844e-02
1.081299781799316406e-02
1.080060005187988281e-02
1.073145866394042969e-02
1.067447662353515625e-02
1.083612442016601562e-02
1.068592071533203125e-02
1.085591316223144531e-02
1.264023780822753906e-02
1.092314720153808594e-02
7.086277008056640625e-03
5.824327468872070312e-03
2.220678329467773438e-02
2.160787582397460938e-02
1.462960243225097656e-02
1.647782325744628906e-02
1.251888275146484375e-02
1.177763938903808594e-02
1.110839843750000000e-02
1.168346405029296875e-02
1.186704635620117188e-02
1.184701919555664062e-02
7.347583770751953125e-03
1.275396347045898438e-02
7.165908813476562500e-03
7.106542587280273438e-03
7.070302963256835938e-03
7.376670837402343750e-03
1.085448265075683594e-02
1.213836669921875000e-02
1.233863830566406250e-02
1.236701011657714844e-02
1.232767105102539062e-02
1.215648651123046875e-02
1.222825050354003906e-02
1.224040985107421875e-02
1.210975646972656250e-02
1.227593421936035156e-02
1.224470138549804688e-02
5.207061767578125000e-03
2.381205558776855469e-02
2.306938171386718750e-02
2.097916603088378906e-02
2.175545692443847656e-02
2.244114875793457031e-02
2.133083343505859375e-02
2.341032028198242188e-02
2.108025550842285156e-02
2.223467826843261719e-02
2.223014831542968750e-02
2.291464805603027344e-02
2.245807647705078125e-02
1.666855812072753906e-02
1.486992835998535156e-02
1.494455337524414062e-02
1.491832733154296875e-02
2.080607414245605469e-02
2.077865600585937500e-02
1.599621772766113281e-02
1.545572280883789062e-02
1.444506645202636719e-02
1.214504241943359375e-02
1.203298568725585938e-02
1.199960708618164062e-02
1.195859909057617188e-02
1.200962066650390625e-02
7.213592529296875000e-03
5.378007888793945312e-03
2.292227745056152344e-02
2.078366279602050781e-02
2.256774902343750000e-02
2.118992805480957031e-02
2.080869674682617188e-02
2.086663246154785156e-02
2.122926712036132812e-02
2.278518676757812500e-02
2.101182937622070312e-02
2.233409881591796875e-02
2.249121665954589844e-02
2.288317680358886719e-02
2.238345146179199219e-02
2.270960807800292969e-02
1.964259147644042969e-02
2.131271362304687500e-02
2.138710021972656250e-02
2.133798599243164062e-02
2.138066291809082031e-02
1.920604705810546875e-02
1.948595046997070312e-02
1.924538612365722656e-02
1.924467086791992188e-02
1.917791366577148438e-02
1.929235458374023438e-02
1.911473274230957031e-02
1.936078071594238281e-02
8.408784866333007812e-03
2.244949340820312500e-02
1.936292648315429688e-02
1.969027519226074219e-02
1.936960220336914062e-02
1.946163177490234375e-02
2.076792716979980469e-02
2.133274078369140625e-02
2.282071113586425781e-02
2.154374122619628906e-02
2.139377593994140625e-02
1.923012733459472656e-02
1.915168762207031250e-02
1.944470405578613281e-02
1.945328712463378906e-02
1.963305473327636719e-02
1.927685737609863281e-02
1.232647895812988281e-02
1.254558563232421875e-02
1.248264312744140625e-02
1.245927810668945312e-02
1.238799095153808594e-02
1.233696937561035156e-02
1.246285438537597656e-02
1.237034797668457031e-02
1.373004913330078125e-02
1.214289665222167969e-02
1.283311843872070312e-02
5.833387374877929688e-03
2.236604690551757812e-02
1.935601234436035156e-02
1.945066452026367188e-02
2.019429206848144531e-02
2.090740203857421875e-02
2.141094207763671875e-02
2.132534980773925781e-02
2.136158943176269531e-02
1.943111419677734375e-02
1.917719841003417969e-02
1.918148994445800781e-02
1.934933662414550781e-02
1.918840408325195312e-02
1.944422721862792969e-02
1.917862892150878906e-02
1.943707466125488281e-02
1.927280426025390625e-02
1.936411857604980469e-02
1.426076889038085938e-02
1.596903800964355469e-02
1.409268379211425781e-02
1.094460487365722656e-02
1.118469238281250000e-02
1.111674308776855469e-02
1.168775558471679688e-02
1.099061965942382812e-02
1.718831062316894531e-02
6.623744964599609375e-03
2.234864234924316406e-02
1.955389976501464844e-02
2.295708656311035156e-02
2.403545379638671875e-02
2.193880081176757812e-02
1.820898056030273438e-02
1.867723464965820312e-02
1.496005058288574219e-02
1.519608497619628906e-02
1.543664932250976562e-02
2.115249633789062500e-02
2.016639709472656250e-02
1.542782783508300781e-02
1.059103012084960938e-02
1.111769676208496094e-02
1.109337806701660156e-02
1.108407974243164062e-02
1.112318038940429688e-02
1.090073585510253906e-02
7.256031036376953125e-03
7.373094558715820312e-03
1.144099235534667969e-02
1.236200332641601562e-02
1.208472251892089844e-02
1.109862327575683594e-02
7.089853286743164062e-03
7.468223571777343750e-03
5.787372589111328125e-03
2.481460571289062500e-02
2.253580093383789062e-02
2.244973182678222656e-02
2.134299278259277344e-02
1.865792274475097656e-02
1.623010635375976562e-02
1.669025421142578125e-02
1.835155487060546875e-02
1.782989501953125000e-02
1.567268371582031250e-02
1.350331306457519531e-02
1.345539093017578125e-02
1.116514205932617188e-02
1.111197471618652344e-02
1.106381416320800781e-02
1.111984252929687500e-02
1.113772392272949219e-02
1.199269294738769531e-02
1.119494438171386719e-02
1.116061210632324219e-02
1.120328903198242188e-02
1.117825508117675781e-02
1.081800460815429688e-02
1.117944717407226562e-02
1.111769676208496094e-02
1.191091537475585938e-02
1.365733146667480469e-02
6.397962570190429688e-03
2.344489097595214844e-02
2.236223220825195312e-02
2.228426933288574219e-02
2.002024650573730469e-02
2.009487152099609375e-02
2.009534835815429688e-02
2.001118659973144531e-02
1.671838760375976562e-02
1.464009284973144531e-02
1.411628723144531250e-02
1.110982894897460938e-02
1.176548004150390625e-02
1.239109039306640625e-02
1.248860359191894531e-02
1.246690750122070312e-02
1.231384277343750000e-02
1.225256919860839844e-02
1.241731643676757812e-02
1.222324371337890625e-02
1.225376129150390625e-02
1.224517822265625000e-02
1.226973533630371094e-02
1.222610473632812500e-02
1.225233078002929688e-02
1.374220848083496094e-02
7.225751876831054688e-03
1.090455055236816406e-02
6.236791610717773438e-03
2.354860305786132812e-02
2.321243286132812500e-02
2.319049835205078125e-02
2.307772636413574219e-02
2.328252792358398438e-02
2.294969558715820312e-02
2.303910255432128906e-02
2.329850196838378906e-02
2.334713935852050781e-02
2.031993865966796875e-02
2.187681198120117188e-02
2.185130119323730469e-02
2.199840545654296875e-02
2.232098579406738281e-02
2.213263511657714844e-02
2.001547813415527344e-02
1.984190940856933594e-02
1.688575744628906250e-02
1.444888114929199219e-02
1.217627525329589844e-02
1.203918457031250000e-02
1.119089126586914062e-02
1.234889030456542969e-02
1.221585273742675781e-02
1.211190223693847656e-02
1.220583915710449219e-02
1.058697700500488281e-02
6.952762603759765625e-03
2.206182479858398438e-02
1.974749565124511719e-02
1.994109153747558594e-02
1.999211311340332031e-02
1.999258995056152344e-02
1.983952522277832031e-02
1.989936828613281250e-02
1.995134353637695312e-02
1.980090141296386719e-02
1.922512054443359375e-02
2.014160156250000000e-02
2.014255523681640625e-02
1.987338066101074219e-02
1.961040496826171875e-02
1.996064186096191406e-02
2.151346206665039062e-02
2.128171920776367188e-02
1.638627052307128906e-02
1.236534118652343750e-02
1.200652122497558594e-02
1.220369338989257812e-02
1.232481002807617188e-02
1.223397254943847656e-02
1.241779327392578125e-02
1.218485832214355469e-02
1.202392578125000000e-02
1.192498207092285156e-02
6.930589675903320312e-03
2.142477035522460938e-02
1.936602592468261719e-02
2.077126502990722656e-02
2.073192596435546875e-02
1.940631866455078125e-02
1.950120925903320312e-02
1.927113533020019531e-02
1.945066452026367188e-02
2.074432373046875000e-02
2.107930183410644531e-02
2.071762084960937500e-02
2.050995826721191406e-02
2.206373214721679688e-02
2.060127258300781250e-02
2.091717720031738281e-02
2.061438560485839844e-02
2.074050903320312500e-02
2.071142196655273438e-02
1.927900314331054688e-02
2.178931236267089844e-02
1.825237274169921875e-02
1.663947105407714844e-02
1.662206649780273438e-02
2.184486389160156250e-02
1.687407493591308594e-02
1.505541801452636719e-02
1.341223716735839844e-02
6.536245346069335938e-03
2.257013320922851562e-02
2.075672149658203125e-02
1.966977119445800781e-02
1.942515373229980469e-02
2.082157135009765625e-02
1.899719238281250000e-02
1.817536354064941406e-02
1.553320884704589844e-02
1.461505889892578125e-02
7.174491882324218750e-03
7.084369659423828125e-03
7.289886474609375000e-03
7.154703140258789062e-03
7.075786590576171875e-03
1.012849807739257812e-02
1.240277290344238281e-02
1.284933090209960938e-02
1.201272010803222656e-02
1.440024375915527344e-02
1.785922050476074219e-02
1.993536949157714844e-02
2.388691902160644531e-02
2.060770988464355469e-02
2.057194709777832031e-02
2.096104621887207031e-02
2.069163322448730469e-02
1.652526855468750000e-02
6.432771682739257812e-03
2.069067955017089844e-02
2.075815200805664062e-02
2.077531814575195312e-02
2.114868164062500000e-02
1.945972442626953125e-02
2.069091796875000000e-02
2.045774459838867188e-02
2.058243751525878906e-02
2.117896080017089844e-02
1.956272125244140625e-02
2.090811729431152344e-02
1.954412460327148438e-02
2.075815200805664062e-02
1.954340934753417969e-02
1.929187774658203125e-02
2.112102508544921875e-02
2.094292640686035156e-02
1.899552345275878906e-02
1.814746856689453125e-02
1.561403274536132812e-02
1.321268081665039062e-02
1.108956336975097656e-02
1.101112365722656250e-02
1.102876663208007812e-02
1.059222221374511719e-02
1.113939285278320312e-02
1.111531257629394531e-02
5.300998687744140625e-03
2.281713485717773438e-02
2.189350128173828125e-02
2.124643325805664062e-02
2.069377899169921875e-02
1.938700675964355469e-02
1.962304115295410156e-02
2.235531806945800781e-02
2.390003204345703125e-02
2.362728118896484375e-02
2.383852005004882812e-02
2.364039421081542969e-02
2.372407913208007812e-02
2.360510826110839844e-02
2.359533309936523438e-02
2.393651008605957031e-02
2.366423606872558594e-02
2.361631393432617188e-02
2.364587783813476562e-02
2.389645576477050781e-02
2.336502075195312500e-02
2.293825149536132812e-02
2.386736869812011719e-02
2.388048171997070312e-02
2.384591102600097656e-02
2.374625205993652344e-02
2.385902404785156250e-02
2.366685867309570312e-02
9.116888046264648438e-03
2.190566062927246094e-02
2.323746681213378906e-02
2.457857131958007812e-02
2.366375923156738281e-02
2.353000640869140625e-02
2.376842498779296875e-02
2.362227439880371094e-02
2.227473258972167969e-02
2.051281929016113281e-02
1.619267463684082031e-02
1.061129570007324219e-02
1.062822341918945312e-02
1.088428497314453125e-02
1.067805290222167969e-02
1.071214675903320312e-02
1.231145858764648438e-02
1.199507713317871094e-02
1.238703727722167969e-02
1.095032691955566406e-02
1.187992095947265625e-02
1.115155220031738281e-02
1.110649108886718750e-02
1.116204261779785156e-02
1.111936569213867188e-02
1.092720031738281250e-02
1.113963127136230469e-02
1.122355461120605469e-02
6.198406219482421875e-03
2.666258811950683594e-02
2.552938461303710938e-02
2.511763572692871094e-02
2.559208869934082031e-02
2.528142929077148438e-02
2.143335342407226562e-02
2.113556861877441406e-02
2.128219604492187500e-02
2.111530303955078125e-02
2.085161209106445312e-02
2.065587043762207031e-02
1.791787147521972656e-02
1.736831665039062500e-02
1.989817619323730469e-02
2.145147323608398438e-02
2.122449874877929688e-02
1.630163192749023438e-02
1.065754890441894531e-02
1.074171066284179688e-02
1.077055931091308594e-02
1.271486282348632812e-02
1.197314262390136719e-02
1.186656951904296875e-02
1.173186302185058594e-02
1.112675666809082031e-02
1.108264923095703125e-02
7.352352142333984375e-03
5.585908889770507812e-03
2.167320251464843750e-02
2.292656898498535156e-02
2.338862419128417969e-02
2.211737632751464844e-02
2.319121360778808594e-02
2.338147163391113281e-02
2.322840690612792969e-02
2.427411079406738281e-02
2.129673957824707031e-02
2.097058296203613281e-02
2.151131629943847656e-02
2.180886268615722656e-02
2.082633972167968750e-02
2.139115333557128906e-02
2.117395401000976562e-02
2.048659324645996094e-02
2.110981941223144531e-02
2.097225189208984375e-02
2.112150192260742188e-02
2.095484733581542969e-02
2.079081535339355469e-02
2.111816406250000000e-02
1.983499526977539062e-02
1.975440979003906250e-02
2.097368240356445312e-02
1.633858680725097656e-02
1.270675659179687500e-02
6.458044052124023438e-03
2.155995368957519531e-02
2.089095115661621094e-02
2.084851264953613281e-02
1.913881301879882812e-02
1.884746551513671875e-02
1.641035079956054688e-02
1.201319694519042969e-02
1.186037063598632812e-02
1.203298568725585938e-02
1.379847526550292969e-02
1.663589477539062500e-02
1.376438140869140625e-02
7.208108901977539062e-03
7.560491561889648438e-03
1.055932044982910156e-02
1.801156997680664062e-02
1.689887046813964844e-02
1.679110527038574219e-02
2.126574516296386719e-02
2.107000350952148438e-02
1.932358741760253906e-02
1.710867881774902344e-02
1.860952377319335938e-02
2.310419082641601562e-02
2.247118949890136719e-02
1.175093650817871094e-02
1.221323013305664062e-02
5.734205245971679688e-03
2.362060546875000000e-02
2.287769317626953125e-02
2.205705642700195312e-02
1.992678642272949219e-02
2.003169059753417969e-02
1.659870147705078125e-02
1.385235786437988281e-02
1.206231117248535156e-02
1.207971572875976562e-02
1.202130317687988281e-02
1.197671890258789062e-02
1.237940788269042969e-02
1.171350479125976562e-02
1.196551322937011719e-02
1.164817810058593750e-02
1.219820976257324219e-02
1.183509826660156250e-02
1.273179054260253906e-02
1.206517219543457031e-02
1.920294761657714844e-02
1.103806495666503906e-02
1.202058792114257812e-02
1.346969604492187500e-02
1.761221885681152344e-02
1.986312866210937500e-02
2.132678031921386719e-02
1.696205139160156250e-02
6.198167800903320312e-03
2.369236946105957031e-02
2.342200279235839844e-02
2.276301383972167969e-02
2.130746841430664062e-02
2.248167991638183594e-02
2.125477790832519531e-02
1.870274543762207031e-02
1.826548576354980469e-02
1.286888122558593750e-02
9.043455123901367188e-03
7.168292999267578125e-03
7.096052169799804688e-03
7.488965988159179688e-03
7.222414016723632812e-03
1.051139831542968750e-02
1.532030105590820312e-02
1.319289207458496094e-02
1.224637031555175781e-02
7.410764694213867188e-03
9.855508804321289062e-03
1.140046119689941406e-02
8.938074111938476562e-03
7.392168045043945312e-03
7.123708724975585938e-03
7.130861282348632812e-03
7.111549377441406250e-03
7.058382034301757812e-03
5.642652511596679688e-03
2.221727371215820312e-02
2.214217185974121094e-02
2.183151245117187500e-02
2.005863189697265625e-02
1.982426643371582031e-02
1.976704597473144531e-02
1.980209350585937500e-02
1.970958709716796875e-02
2.004289627075195312e-02
2.009773254394531250e-02
1.978993415832519531e-02
1.989603042602539062e-02
1.995396614074707031e-02
1.958465576171875000e-02
1.996493339538574219e-02
1.646232604980468750e-02
1.231765747070312500e-02
1.198840141296386719e-02
1.205015182495117188e-02
1.225423812866210938e-02
8.355855941772460938e-03
1.130867004394531250e-02
1.221942901611328125e-02
1.216506958007812500e-02
1.225233078002929688e-02
1.217985153198242188e-02
1.228761672973632812e-02
6.644487380981445312e-03
2.407431602478027344e-02
2.399682998657226562e-02
2.358007431030273438e-02
2.259397506713867188e-02
2.227401733398437500e-02
2.379345893859863281e-02
2.096009254455566406e-02
2.231931686401367188e-02
1.741504669189453125e-02
7.166862487792968750e-03
7.127046585083007812e-03
7.068157196044921875e-03
1.488208770751953125e-02
2.051806449890136719e-02
2.263069152832031250e-02
2.197694778442382812e-02
2.227282524108886719e-02
2.185297012329101562e-02
1.491236686706542969e-02
7.124900817871093750e-03
6.914854049682617188e-03
7.225990295410156250e-03
7.295846939086914062e-03
7.162332534790039062e-03
1.033306121826171875e-02
1.718592643737792969e-02
1.675868034362792969e-02
5.968570709228515625e-03
2.431702613830566406e-02
2.419304847717285156e-02
2.142167091369628906e-02
2.253556251525878906e-02
2.115058898925781250e-02
1.739788055419921875e-02
1.150941848754882812e-02
7.491588592529296875e-03
7.035017013549804688e-03
7.290601730346679688e-03
7.113933563232421875e-03
1.350688934326171875e-02
1.720952987670898438e-02
1.699471473693847656e-02
1.584959030151367188e-02
1.953029632568359375e-02
1.751828193664550781e-02
1.546168327331542969e-02
1.089668273925781250e-02
1.204395294189453125e-02
1.201820373535156250e-02
1.218676567077636719e-02
1.110363006591796875e-02
1.107072830200195312e-02
7.255077362060546875e-03
7.003545761108398438e-03
7.387161254882812500e-03
5.654573440551757812e-03
2.465915679931640625e-02
2.115511894226074219e-02
2.122259140014648438e-02
1.753115653991699219e-02
1.698040962219238281e-02
1.492357254028320312e-02
1.336956024169921875e-02
7.137537002563476562e-03
6.902933120727539062e-03
7.178544998168945312e-03
1.738357543945312500e-02
2.098679542541503906e-02
1.908612251281738281e-02
2.234554290771484375e-02
2.361059188842773438e-02
2.366757392883300781e-02
2.236294746398925781e-02
2.242827415466308594e-02
2.240753173828125000e-02
2.241587638854980469e-02
2.228736877441406250e-02
2.231526374816894531e-02
2.232670783996582031e-02
2.229952812194824219e-02
2.224898338317871094e-02
2.224278450012207031e-02
1.204586029052734375e-02
6.352186203002929688e-03
2.352952957153320312e-02
2.347183227539062500e-02
2.326488494873046875e-02
2.343392372131347656e-02
2.236938476562500000e-02
2.349352836608886719e-02
2.298498153686523438e-02
2.212738990783691406e-02
2.345347404479980469e-02
2.291560173034667969e-02
2.359461784362792969e-02
2.213931083679199219e-02
2.386689186096191406e-02
2.348423004150390625e-02
2.363324165344238281e-02
2.361488342285156250e-02
2.358031272888183594e-02
2.325177192687988281e-02
2.340841293334960938e-02
2.308869361877441406e-02
2.342081069946289062e-02
2.188515663146972656e-02
2.213096618652343750e-02
2.224922180175781250e-02
2.112770080566406250e-02
2.182912826538085938e-02
2.214646339416503906e-02
1.100373268127441406e-02
2.631402015686035156e-02
2.694153785705566406e-02
2.720427513122558594e-02
2.728271484375000000e-02
2.198767662048339844e-02
2.095317840576171875e-02
1.634168624877929688e-02
7.414579391479492188e-03
7.135868072509765625e-03
7.252693176269531250e-03
7.190227508544921875e-03
1.068687438964843750e-02
1.100063323974609375e-02
1.429772377014160156e-02
1.062941551208496094e-02
7.471799850463867188e-03
7.239341735839843750e-03
7.003307342529296875e-03
7.221937179565429688e-03
1.724743843078613281e-02
1.848745346069335938e-02
1.730108261108398438e-02
1.720643043518066406e-02
1.961421966552734375e-02
2.199625968933105469e-02
2.017545700073242188e-02
1.879811286926269531e-02
5.569219589233398438e-03
2.464246749877929688e-02
2.308487892150878906e-02
2.278065681457519531e-02
2.290034294128417969e-02
2.272200584411621094e-02
2.139687538146972656e-02
2.085065841674804688e-02
2.118372917175292969e-02
1.755642890930175781e-02
1.668214797973632812e-02
1.272821426391601562e-02
7.380247116088867188e-03
7.139921188354492188e-03
7.168769836425781250e-03
7.340431213378906250e-03
9.768009185791015625e-03
1.487946510314941406e-02
2.158689498901367188e-02
1.973509788513183594e-02
1.982593536376953125e-02
1.991605758666992188e-02
1.969027519226074219e-02
2.088856697082519531e-02
2.100729942321777344e-02
1.955246925354003906e-02
1.699161529541015625e-02
1.857471466064453125e-02
6.961822509765625000e-03
2.222299575805664062e-02
2.227544784545898438e-02
2.001476287841796875e-02
1.993203163146972656e-02
2.225303649902343750e-02
2.398395538330078125e-02
2.244853973388671875e-02
2.095341682434082031e-02
1.894831657409667969e-02
1.884365081787109375e-02
1.560306549072265625e-02
1.120877265930175781e-02
1.115512847900390625e-02
1.116204261779785156e-02
1.122689247131347656e-02
1.112627983093261719e-02
1.116585731506347656e-02
1.115012168884277344e-02
1.111435890197753906e-02
1.111793518066406250e-02
1.113748550415039062e-02
1.112580299377441406e-02
1.113462448120117188e-02
1.112723350524902344e-02
1.112294197082519531e-02
1.082611083984375000e-02
1.110410690307617188e-02
1.312565803527832031e-02
2.272295951843261719e-02
2.092027664184570312e-02
2.058506011962890625e-02
1.972937583923339844e-02
2.112126350402832031e-02
2.112579345703125000e-02
2.005624771118164062e-02
1.808190345764160156e-02
1.316761970520019531e-02
1.210284233093261719e-02
1.379632949829101562e-02
1.767134666442871094e-02
1.963806152343750000e-02
2.183508872985839844e-02
2.126193046569824219e-02
2.213788032531738281e-02
1.718997955322265625e-02
1.860380172729492188e-02
1.678633689880371094e-02
1.984739303588867188e-02
2.244639396667480469e-02
1.947784423828125000e-02
1.645994186401367188e-02
1.655983924865722656e-02
1.661539077758789062e-02
1.185202598571777344e-02
1.236510276794433594e-02
6.426095962524414062e-03
2.106976509094238281e-02
1.957440376281738281e-02
2.049279212951660156e-02
2.044606208801269531e-02
2.038455009460449219e-02
2.068543434143066406e-02
1.886820793151855469e-02
1.874256134033203125e-02
