6.925034999847412109e+00
5.997995853424072266e+00
4.767178058624267578e+00
3.452271699905395508e+00
2.512186288833618164e+00
2.039435625076293945e+00
2.338361740112304688e+00
2.090092658996582031e+00
1.621064424514770508e+00
1.506764531135559082e+00
1.591695427894592285e+00
1.382043719291687012e+00
1.971134781837463379e+00
1.522400617599487305e+00
1.369576692581176758e+00
1.458301782608032227e+00
1.409432888031005859e+00
1.436631917953491211e+00
1.854476094245910645e+00
1.466541290283203125e+00
1.346054911613464355e+00
1.427123785018920898e+00
1.539501070976257324e+00
1.319756150245666504e+00
2.550442457199096680e+00
1.387848377227783203e+00
1.358467817306518555e+00
1.257632732391357422e+00
1.140076756477355957e+00
1.027737140655517578e+00
1.664129257202148438e+00
1.281847715377807617e+00
1.218511581420898438e+00
1.220229625701904297e+00
1.246679067611694336e+00
1.292916774749755859e+00
1.732349514961242676e+00
1.392702817916870117e+00
1.327519416809082031e+00
1.129229426383972168e+00
1.181065082550048828e+00
1.185628652572631836e+00
1.717276692390441895e+00
1.374389886856079102e+00
1.253206610679626465e+00
1.055165410041809082e+00
1.274999141693115234e+00
1.300790786743164062e+00
2.011951923370361328e+00
1.561692714691162109e+00
1.217765927314758301e+00
1.346631050109863281e+00
1.148636102676391602e+00
1.176355957984924316e+00
1.508016586303710938e+00
1.218390703201293945e+00
1.343424320220947266e+00
1.132561802864074707e+00
9.446925520896911621e-01
9.550364017486572266e-01
1.490585923194885254e+00
1.311922669410705566e+00
1.314047574996948242e+00
1.304242968559265137e+00
1.240975260734558105e+00
1.105540752410888672e+00
1.547499179840087891e+00
1.170565724372863770e+00
1.132992506027221680e+00
1.083460211753845215e+00
1.388942956924438477e+00
1.181677341461181641e+00
1.538496613502502441e+00
1.318385481834411621e+00
2.078590631484985352e+00
1.093455314636230469e+00
1.155967235565185547e+00
1.041294455528259277e+00
1.474022865295410156e+00
1.275383472442626953e+00
1.009437799453735352e+00
1.024363994598388672e+00
1.264839768409729004e+00
1.130240797996520996e+00
1.387364983558654785e+00
1.184582233428955078e+00
1.184478878974914551e+00
1.032823920249938965e+00
1.133392095565795898e+00
1.083021402359008789e+00
1.562816739082336426e+00
1.118542909622192383e+00
1.051517248153686523e+00
8.911489844322204590e-01
1.013165116310119629e+00
9.771417975425720215e-01
1.566147923469543457e+00
1.192614078521728516e+00
1.230364084243774414e+00
1.227845191955566406e+00
1.040823101997375488e+00
1.186668753623962402e+00
1.279968261718750000e+00
9.952276945114135742e-01
1.051152110099792480e+00
1.109156012535095215e+00
9.420101642608642578e-01
9.928086996078491211e-01
1.467901468276977539e+00
1.175028085708618164e+00
1.014783859252929688e+00
9.334766864776611328e-01
9.196702241897583008e-01
9.029147624969482422e-01
1.567111015319824219e+00
1.155964612960815430e+00
9.579221606254577637e-01
9.255279302597045898e-01
1.013383507728576660e+00
1.228634238243103027e+00
1.401509165763854980e+00
1.014304637908935547e+00
1.096666455268859863e+00
1.590656161308288574e+00
1.249748826026916504e+00
8.888596892356872559e-01
1.302818775177001953e+00
9.973276853561401367e-01
8.610736727714538574e-01
1.162907719612121582e+00
1.151448965072631836e+00
1.118209123611450195e+00
1.237831234931945801e+00
1.009729385375976562e+00
9.558816552162170410e-01
9.160029888153076172e-01
1.008582115173339844e+00
8.499094247817993164e-01
1.541615486145019531e+00
1.007218837738037109e+00
8.151167631149291992e-01
1.044527888298034668e+00
9.760112166404724121e-01
8.798196315765380859e-01
1.210588097572326660e+00
8.891111612319946289e-01
8.577395081520080566e-01
1.295733571052551270e+00
1.270425915718078613e+00
1.247998118400573730e+00
9.827579855918884277e-01
1.216879010200500488e+00
9.273421764373779297e-01
8.619830608367919922e-01
7.760506868362426758e-01
9.796530604362487793e-01
1.105680704116821289e+00
9.024276733398437500e-01
8.479751348495483398e-01
1.044993877410888672e+00
9.172233343124389648e-01
9.170994758605957031e-01
1.049631714820861816e+00
1.008085012435913086e+00
9.220553040504455566e-01
8.243856430053710938e-01
7.876989841461181641e-01
9.141299128532409668e-01
1.300640940666198730e+00
1.007725954055786133e+00
1.111164212226867676e+00
9.228955507278442383e-01
1.098098397254943848e+00
1.734253883361816406e+00
1.219393134117126465e+00
1.025017261505126953e+00
1.052306652069091797e+00
8.916500806808471680e-01
9.414662122726440430e-01
9.937945604324340820e-01
1.161684870719909668e+00
8.986937999725341797e-01
6.941027641296386719e-01
8.223059177398681641e-01
9.378681778907775879e-01
9.973991513252258301e-01
1.086204409599304199e+00
9.125874638557434082e-01
8.454071283340454102e-01
8.559967279434204102e-01
8.726960420608520508e-01
8.833973407745361328e-01
1.317863225936889648e+00
9.099975228309631348e-01
8.326263427734375000e-01
7.096669077873229980e-01
1.161897301673889160e+00
1.048119544982910156e+00
7.760600447654724121e-01
1.208548307418823242e+00
7.045961618423461914e-01
7.520402669906616211e-01
6.124643683433532715e-01
8.728925585746765137e-01
9.675628542900085449e-01
8.948329687118530273e-01
5.953520536422729492e-01
6.616673469543457031e-01
6.997748613357543945e-01
6.807037591934204102e-01
1.163687944412231445e+00
9.930197000503540039e-01
9.088169336318969727e-01
8.515166044235229492e-01
9.776767492294311523e-01
8.688857555389404297e-01
1.156321644783020020e+00
8.402919769287109375e-01
8.068244457244873047e-01
7.116811275482177734e-01
1.038400530815124512e+00
8.358102440834045410e-01
1.075656414031982422e+00
7.436070442199707031e-01
1.022104978561401367e+00
7.777851819992065430e-01
6.340458989143371582e-01
5.901924371719360352e-01
9.456443190574645996e-01
6.886708736419677734e-01
6.892955303192138672e-01
7.785914540290832520e-01
8.562517762184143066e-01
6.157477498054504395e-01
8.906738162040710449e-01
7.508748173713684082e-01
8.775538802146911621e-01
7.327097058296203613e-01
7.912855744361877441e-01
8.204740285873413086e-01
1.096040844917297363e+00
7.086362838745117188e-01
8.280915021896362305e-01
9.914677739143371582e-01
9.058915972709655762e-01
1.347178459167480469e+00
9.139056205749511719e-01
9.513384103775024414e-01
1.018577694892883301e+00
9.662202596664428711e-01
6.158697009086608887e-01
5.474284887313842773e-01
7.699204087257385254e-01
6.835929155349731445e-01
6.671175956726074219e-01
7.190472483634948730e-01
6.719613671302795410e-01
5.977664589881896973e-01
9.994714260101318359e-01
7.497174143791198730e-01
6.702336072921752930e-01
4.745357036590576172e-01
5.894747972488403320e-01
8.636765480041503906e-01
9.698588848114013672e-01
7.114821076393127441e-01
8.534617424011230469e-01
7.210150361061096191e-01
7.941544651985168457e-01
1.116002202033996582e+00
8.966872096061706543e-01
1.140258312225341797e+00
8.151715397834777832e-01
1.003163576126098633e+00
1.194758415222167969e+00
6.856448650360107422e-01
1.020860433578491211e+00
6.520932912826538086e-01
5.431076288223266602e-01
5.777559280395507812e-01
8.133403658866882324e-01
5.271638631820678711e-01
9.778599739074707031e-01
6.172598004341125488e-01
6.290837526321411133e-01
5.923810005187988281e-01
7.404404878616333008e-01
9.382833838462829590e-01
9.296694993972778320e-01
6.131556034088134766e-01
9.870856404304504395e-01
8.868097662925720215e-01
7.235721945762634277e-01
1.005431175231933594e+00
7.985650897026062012e-01
8.598037958145141602e-01
9.164698719978332520e-01
8.877120018005371094e-01
1.871153593063354492e+00
9.460936188697814941e-01
7.600211501121520996e-01
9.265285730361938477e-01
7.554415464401245117e-01
6.443729996681213379e-01
6.100588440895080566e-01
7.629169225692749023e-01
7.996005415916442871e-01
7.950542569160461426e-01
6.967727541923522949e-01
7.833151817321777344e-01
6.206605434417724609e-01
5.504979491233825684e-01
8.579924702644348145e-01
5.132647156715393066e-01
6.721080541610717773e-01
1.185953855514526367e+00
9.015067815780639648e-01
9.492952227592468262e-01
7.869083285331726074e-01
1.162957549095153809e+00
8.969985842704772949e-01
9.118009805679321289e-01
1.048324465751647949e+00
7.781301140785217285e-01
9.535344839096069336e-01
7.576589584350585938e-01
5.672372579574584961e-01
4.852610528469085693e-01
6.137378811836242676e-01
5.837265849113464355e-01
9.757474064826965332e-01
5.546219348907470703e-01
6.806401610374450684e-01
4.293533861637115479e-01
4.408008158206939697e-01
8.318859934806823730e-01
8.129095435142517090e-01
7.206961512565612793e-01
7.598982453346252441e-01
7.918915748596191406e-01
6.175863742828369141e-01
7.377573251724243164e-01
8.632386922836303711e-01
8.926969766616821289e-01
8.462273478507995605e-01
7.956050038337707520e-01
1.417408585548400879e+00
1.123540759086608887e+00
7.334010601043701172e-01
9.708362221717834473e-01
4.706397354602813721e-01
5.170971751213073730e-01
4.613558948040008545e-01
5.853171348571777344e-01
6.276084184646606445e-01
5.763216018676757812e-01
5.482707619667053223e-01
7.286950349807739258e-01
5.901545882225036621e-01
5.600653290748596191e-01
9.359669685363769531e-01
5.963312387466430664e-01
6.869798302650451660e-01
7.463255524635314941e-01
1.005414724349975586e+00
5.633032321929931641e-01
1.059152603149414062e+00
6.255472302436828613e-01
8.214672803878784180e-01
6.338229179382324219e-01
1.077407121658325195e+00
1.083778262138366699e+00
7.776716351509094238e-01
7.763420939445495605e-01
5.763496756553649902e-01
5.149155259132385254e-01
4.461689293384552002e-01
5.099555253982543945e-01
7.773001790046691895e-01
5.850354433059692383e-01
4.749534428119659424e-01
5.278825163841247559e-01
5.936788320541381836e-01
6.875111460685729980e-01
7.806718349456787109e-01
4.686823189258575439e-01
6.721255779266357422e-01
6.293409466743469238e-01
6.910827755928039551e-01
6.284956932067871094e-01
8.701711297035217285e-01
5.378928780555725098e-01
9.116441011428833008e-01
6.057479381561279297e-01
7.889531850814819336e-01
1.110433578491210938e+00
8.582678437232971191e-01
5.842567682266235352e-01
8.365469574928283691e-01
6.448270678520202637e-01
5.352466702461242676e-01
5.135174989700317383e-01
8.520154953002929688e-01
5.236696600914001465e-01
4.597187340259552002e-01
5.380982756614685059e-01
5.636308193206787109e-01
4.669609367847442627e-01
6.435563564300537109e-01
5.271041989326477051e-01
5.294182896614074707e-01
6.417977809906005859e-01
6.526350378990173340e-01
6.102885007858276367e-01
5.659649968147277832e-01
5.228920578956604004e-01
8.920181393623352051e-01
6.958144903182983398e-01
8.846881985664367676e-01
7.782902121543884277e-01
7.873644828796386719e-01
6.816096305847167969e-01
6.397572159767150879e-01
5.879718065261840820e-01
5.315638184547424316e-01
3.354797065258026123e-01
8.013358712196350098e-01
4.452690780162811279e-01
4.170488417148590088e-01
4.341689646244049072e-01
4.914146959781646729e-01
4.230452477931976318e-01
6.092425584793090820e-01
6.585579514503479004e-01
5.275309681892395020e-01
5.446984767913818359e-01
5.750167369842529297e-01
5.636296272277832031e-01
7.467361688613891602e-01
4.145610332489013672e-01
6.091739535331726074e-01
5.780812501907348633e-01
9.220119714736938477e-01
7.553296089172363281e-01
8.207424283027648926e-01
5.745316147804260254e-01
7.231334447860717773e-01
6.588373184204101562e-01
6.022186875343322754e-01
6.194906830787658691e-01
7.534666657447814941e-01
4.290355145931243896e-01
3.788593411445617676e-01
4.612871408462524414e-01
5.690575242042541504e-01
3.349197208881378174e-01
5.761693716049194336e-01
5.203175544738769531e-01
4.913683533668518066e-01
3.800703585147857666e-01
7.475665211677551270e-01
5.119134783744812012e-01
7.678592205047607422e-01
6.148420572280883789e-01
8.584958910942077637e-01
5.213772654533386230e-01
6.813702583312988281e-01
7.905465364456176758e-01
7.088965773582458496e-01
6.995820403099060059e-01
6.361654400825500488e-01
6.214625239372253418e-01
6.175659298896789551e-01
7.022483348846435547e-01
5.237624049186706543e-01
5.270497202873229980e-01
4.697157442569732666e-01
4.322685301303863525e-01
3.950432538986206055e-01
3.667256534099578857e-01
5.910941958427429199e-01
4.172563254833221436e-01
4.875218868255615234e-01
6.088510751724243164e-01
3.194078505039215088e-01
5.106593370437622070e-01
6.700573563575744629e-01
4.772165119647979736e-01
5.173839926719665527e-01
7.609901428222656250e-01
3.952799141407012939e-01
6.600622534751892090e-01
5.917179584503173828e-01
8.553131818771362305e-01
5.201585292816162109e-01
5.717259049415588379e-01
4.508295953273773193e-01
8.051946759223937988e-01
4.839290678501129150e-01
3.523535430431365967e-01
3.624679446220397949e-01
4.406209588050842285e-01
4.260754287242889404e-01
5.124256610870361328e-01
4.815123677253723145e-01
3.226808011531829834e-01
3.264889419078826904e-01
5.329208374023437500e-01
4.422396719455718994e-01
4.098092317581176758e-01
6.262070536613464355e-01
4.234723448753356934e-01
3.366785347461700439e-01
6.235801577568054199e-01
5.047253370285034180e-01
7.577675580978393555e-01
6.082827448844909668e-01
5.367475152015686035e-01
5.094683170318603516e-01
7.720545530319213867e-01
6.734314560890197754e-01
6.172124743461608887e-01
5.781098604202270508e-01
4.292812347412109375e-01
7.394472956657409668e-01
4.331423342227935791e-01
5.417270064353942871e-01
3.757707476615905762e-01
5.417193770408630371e-01
3.497158885002136230e-01
5.419503450393676758e-01
3.854590356349945068e-01
6.155217885971069336e-01
6.102280020713806152e-01
7.412623167037963867e-01
5.259227156639099121e-01
5.634896755218505859e-01
5.376071333885192871e-01
6.893629431724548340e-01
5.062554478645324707e-01
4.409548044204711914e-01
3.220853507518768311e-01
3.169566392898559570e-01
5.302766561508178711e-01
5.052871108055114746e-01
4.450434744358062744e-01
5.228409767150878906e-01
3.839834034442901611e-01
4.729138612747192383e-01
6.626579761505126953e-01
3.812463879585266113e-01
3.033044636249542236e-01
5.167613029479980469e-01
5.249882340431213379e-01
3.849273324012756348e-01
4.059742093086242676e-01
4.606437683105468750e-01
4.747741520404815674e-01
5.961062908172607422e-01
4.900424778461456299e-01
4.607359468936920166e-01
5.426546931266784668e-01
7.151705026626586914e-01
6.467855572700500488e-01
7.303816676139831543e-01
4.197756052017211914e-01
3.319490253925323486e-01
4.709881246089935303e-01
5.338560342788696289e-01
6.929949522018432617e-01
5.118463635444641113e-01
6.018171310424804688e-01
6.000941395759582520e-01
4.439208805561065674e-01
4.502838253974914551e-01
3.734783828258514404e-01
4.568283855915069580e-01
4.719600975513458252e-01
2.782472968101501465e-01
4.485924243927001953e-01
4.093665480613708496e-01
6.173819303512573242e-01
6.153446435928344727e-01
3.875670731067657471e-01
5.501952171325683594e-01
4.003583788871765137e-01
5.888380408287048340e-01
6.911196112632751465e-01
4.992755353450775146e-01
4.063957631587982178e-01
4.553469121456146240e-01
5.814017057418823242e-01
4.577431678771972656e-01
6.791047453880310059e-01
4.882953166961669922e-01
4.289165735244750977e-01
6.378562450408935547e-01
4.376682341098785400e-01
5.141391754150390625e-01
7.969969511032104492e-01
5.322362184524536133e-01
3.479923009872436523e-01
3.205623924732208252e-01
3.921009898185729980e-01
2.464382052421569824e-01
4.323902130126953125e-01
5.007241964340209961e-01
3.775706887245178223e-01
3.659376502037048340e-01
3.821597099304199219e-01
4.855387210845947266e-01
2.885513901710510254e-01
5.774127244949340820e-01
3.779537081718444824e-01
3.073517382144927979e-01
2.703810930252075195e-01
3.981174528598785400e-01
2.903678417205810547e-01
5.245019197463989258e-01
3.679726421833038330e-01
2.441257387399673462e-01
4.050040245056152344e-01
3.160488307476043701e-01
4.724912941455841064e-01
6.860950589179992676e-01
2.137213051319122314e-01
2.189226448535919189e-01
2.430121004581451416e-01
2.552125751972198486e-01
2.272267341613769531e-01
3.720757067203521729e-01
1.880692690610885620e-01
2.944114208221435547e-01
2.933452725410461426e-01
3.071824014186859131e-01
2.014186531305313110e-01
4.943937957286834717e-01
2.470555901527404785e-01
3.431565463542938232e-01
3.123105168342590332e-01
3.054795265197753906e-01
2.806075215339660645e-01
5.733076930046081543e-01
3.602827787399291992e-01
2.165000140666961670e-01
2.701227366924285889e-01
2.206801027059555054e-01
5.157271027565002441e-01
3.650694787502288818e-01
2.988144159317016602e-01
2.689199149608612061e-01
2.553642988204956055e-01
2.160176783800125122e-01
1.916353553533554077e-01
4.029393196105957031e-01
3.449445068836212158e-01
1.614850759506225586e-01
1.906996667385101318e-01
2.744594514369964600e-01
2.519579231739044189e-01
4.783316254615783691e-01
3.415118455886840820e-01
2.516623735427856445e-01
2.842647433280944824e-01
2.627906799316406250e-01
2.995049357414245605e-01
5.886866450309753418e-01
2.379206418991088867e-01
2.792044579982757568e-01
2.871094942092895508e-01
2.586178183555603027e-01
2.869805991649627686e-01
5.263020396232604980e-01
2.552094757556915283e-01
4.189805984497070312e-01
1.547588706016540527e-01
2.034759074449539185e-01
2.757830321788787842e-01
4.674971997737884521e-01
2.256373763084411621e-01
1.469500362873077393e-01
1.211115196347236633e-01
2.100917398929595947e-01
2.457461208105087280e-01
4.280305802822113037e-01
2.529222369194030762e-01
2.553788423538208008e-01
2.235455214977264404e-01
3.930097818374633789e-01
2.295734584331512451e-01
4.369183480739593506e-01
2.564465403556823730e-01
2.024192959070205688e-01
1.577686518430709839e-01
3.650068640708923340e-01
5.790279507637023926e-01
4.689730405807495117e-01
3.064616620540618896e-01
3.534609675407409668e-01
3.704074323177337646e-01
2.027262002229690552e-01
3.108081817626953125e-01
5.295328497886657715e-01
2.499706149101257324e-01
2.445768266916275024e-01
2.318487614393234253e-01
2.264175862073898315e-01
1.256592869758605957e-01
3.964852392673492432e-01
1.900978088378906250e-01
2.620046138763427734e-01
2.033858746290206909e-01
3.148193657398223877e-01
4.254173338413238525e-01
4.694446921348571777e-01
3.104050457477569580e-01
2.341212630271911621e-01
2.423145323991775513e-01
4.410496354103088379e-01
4.976134598255157471e-01
2.633099555969238281e-01
2.487917095422744751e-01
3.162265717983245850e-01
2.882600426673889160e-01
3.638637959957122803e-01
2.369708418846130371e-01
4.394300282001495361e-01
1.728311181068420410e-01
1.496981978416442871e-01
3.141216933727264404e-01
2.483142167329788208e-01
2.649765014648437500e-01
3.195414543151855469e-01
2.187840193510055542e-01
1.398934423923492432e-01
2.160675078630447388e-01
2.710032761096954346e-01
2.381689101457595825e-01
3.675055801868438721e-01
2.901211082935333252e-01
2.280791699886322021e-01
1.555388122797012329e-01
2.459271103143692017e-01
1.998979300260543823e-01
8.709025979042053223e-01
3.521383404731750488e-01
5.074472427368164062e-01
4.480901062488555908e-01
5.652927160263061523e-01
6.152188777923583984e-01
4.445401728153228760e-01
4.274999499320983887e-01
2.403221428394317627e-01
2.604978978633880615e-01
3.060711920261383057e-01
2.974998354911804199e-01
5.011828541755676270e-01
2.333524078130722046e-01
2.452144175767898560e-01
3.138384819030761719e-01
3.138514459133148193e-01
3.734573125839233398e-01
3.319486081600189209e-01
3.119597733020782471e-01
1.814224869012832642e-01
2.990760803222656250e-01
2.531463503837585449e-01
3.312232494354248047e-01
3.817390203475952148e-01
2.854089736938476562e-01
2.862403988838195801e-01
2.915709018707275391e-01
2.151256799697875977e-01
5.845546722412109375e-01
3.714044094085693359e-01
2.277751863002777100e-01
2.828813195228576660e-01
3.662061691284179688e-01
4.019232094287872314e-01
2.233322113752365112e-01
4.314204454421997070e-01
1.703615635633468628e-01
2.099533677101135254e-01
2.458057254552841187e-01
2.966167628765106201e-01
4.808773696422576904e-01
2.891145348548889160e-01
2.280626595020294189e-01
2.312729507684707642e-01
1.955751627683639526e-01
4.501599967479705811e-01
2.454514056444168091e-01
3.934731483459472656e-01
1.977503597736358643e-01
2.398083359003067017e-01
3.909728527069091797e-01
1.183933913707733154e-01
4.934631884098052979e-01
3.655495941638946533e-01
2.346956133842468262e-01
1.831923872232437134e-01
1.903514862060546875e-01
1.626478284597396851e-01
1.814305335283279419e-01
3.356195688247680664e-01
1.894666254520416260e-01
1.460770964622497559e-01
2.008325010538101196e-01
1.994274258613586426e-01
2.155342698097229004e-01
3.267023265361785889e-01
1.516142636537551880e-01
1.400754302740097046e-01
1.575701832771301270e-01
1.752300709486007690e-01
1.956920474767684937e-01
4.144912958145141602e-01
1.663338690996170044e-01
1.781957149505615234e-01
2.241776138544082642e-01
2.582446038722991943e-01
3.082509040832519531e-01
3.102674186229705811e-01
1.226559728384017944e-01
2.787188589572906494e-01
1.277003884315490723e-01
1.050649881362915039e-01
1.248387023806571960e-01
2.998342216014862061e-01
1.476573497056961060e-01
1.612026095390319824e-01
1.551903635263442993e-01
2.081842273473739624e-01
1.760976463556289673e-01
2.797856032848358154e-01
2.401542663574218750e-01
1.351296603679656982e-01
1.892846673727035522e-01
2.036454826593399048e-01
2.667136192321777344e-01
3.675683438777923584e-01
1.686135083436965942e-01
1.917929947376251221e-01
3.405319452285766602e-01
3.972567915916442871e-01
4.049289226531982422e-01
1.951898783445358276e-01
3.821626007556915283e-01
1.529582440853118896e-01
4.508243799209594727e-01
1.418873071670532227e-01
2.945775985717773438e-01
1.961945295333862305e-01
1.539422422647476196e-01
1.258102208375930786e-01
1.504320204257965088e-01
1.207051798701286316e-01
2.225156873464584351e-01
2.110887020826339722e-01
1.307934671640396118e-01
1.143469512462615967e-01
1.077542230486869812e-01
2.863349914550781250e-01
2.612780630588531494e-01
4.877017736434936523e-01
1.558340042829513550e-01
2.108996510505676270e-01
1.892429292201995850e-01
3.926136791706085205e-01
2.434645891189575195e-01
1.656479537487030029e-01
1.608341038227081299e-01
2.185465991497039795e-01
2.183079123497009277e-01
5.497440695762634277e-01
1.222811490297317505e-01
3.525674045085906982e-01
1.662369817495346069e-01
1.230028942227363586e-01
1.283243149518966675e-01
1.391164213418960571e-01
2.077875137329101562e-01
4.312810897827148438e-01
1.069306880235671997e-01
7.876080274581909180e-02
1.286990195512771606e-01
2.053758800029754639e-01
1.576803475618362427e-01
2.388487607240676880e-01
1.189022958278656006e-01
3.128973841667175293e-01
2.636777460575103760e-01
1.876556724309921265e-01
3.447916507720947266e-01
1.785652935504913330e-01
2.360062152147293091e-01
2.356363981962203979e-01
3.669458925724029541e-01
4.944529533386230469e-01
1.113821506500244141e+00
2.110815197229385376e-01
2.189495414495468140e-01
1.742291897535324097e-01
2.871432602405548096e-01
1.662824153900146484e-01
2.366727292537689209e-01
2.137260288000106812e-01
1.599319279193878174e-01
1.198800206184387207e-01
2.083963751792907715e-01
2.408062815666198730e-01
1.969874501228332520e-01
2.782051563262939453e-01
2.214587628841400146e-01
1.489414125680923462e-01
3.679620921611785889e-01
2.254677712917327881e-01
3.652566671371459961e-01
2.230287045240402222e-01
4.532867372035980225e-01
4.712724387645721436e-01
2.624070346355438232e-01
5.752136707305908203e-01
6.401503086090087891e-01
2.098725587129592896e-01
1.130319088697433472e-01
8.440686017274856567e-02
1.174772158265113831e-01
1.123166903853416443e-01
1.293163895606994629e-01
2.845709621906280518e-01
1.333952397108078003e-01
1.154478937387466431e-01
1.336369961500167847e-01
1.295484006404876709e-01
2.321337312459945679e-01
2.860768139362335205e-01
5.748828500509262085e-02
2.145888209342956543e-01
1.496097445487976074e-01
3.443760573863983154e-01
3.271510601043701172e-01
1.844022572040557861e-01
1.061078608036041260e-01
2.377278655767440796e-01
4.432234168052673340e-01
5.174577832221984863e-01
6.310154199600219727e-01
2.197702527046203613e-01
8.448598384857177734e-01
1.805603057146072388e-01
1.726155728101730347e-01
2.613741755485534668e-01
4.991263151168823242e-01
2.971350848674774170e-01
1.302059441804885864e-01
1.395764052867889404e-01
1.714771687984466553e-01
3.113370835781097412e-01
1.483044177293777466e-01
1.239723786711692810e-01
1.191207244992256165e-01
1.118410304188728333e-01
1.759300678968429565e-01
2.215893864631652832e-01
3.307340145111083984e-01
3.096256554126739502e-01
1.874974071979522705e-01
1.816345602273941040e-01
2.661575973033905029e-01
4.746782183647155762e-01
2.403666824102401733e-01
1.310053914785385132e-01
1.854056268930435181e-01
2.414319664239883423e-01
8.875697106122970581e-02
1.059984117746353149e-01
1.233041360974311829e-01
2.346084713935852051e-01
1.141808629035949707e-01
6.124139577150344849e-02
6.871083378791809082e-02
1.085141971707344055e-01
9.926329553127288818e-02
2.488014847040176392e-01
7.293228060007095337e-02
1.024179458618164062e-01
1.466811448335647583e-01
3.861503899097442627e-01
1.784834414720535278e-01
1.711668968200683594e-01
1.610108315944671631e-01
1.545906066894531250e-01
1.009352281689643860e-01
1.757833957672119141e-01
3.022574484348297119e-01
1.611746400594711304e-01
1.843423694372177124e-01
2.230153083801269531e-01
1.443329155445098877e-01
9.431607276201248169e-02
1.974234431982040405e-01
1.882242560386657715e-01
1.307581216096878052e-01
4.519631713628768921e-02
7.072509080171585083e-02
1.932937651872634888e-01
1.420450210571289062e-01
2.484917491674423218e-01
9.208671748638153076e-02
1.468160897493362427e-01
1.019898280501365662e-01
1.412592381238937378e-01
1.566916555166244507e-01
1.205367967486381531e-01
1.903303861618041992e-01
9.258388727903366089e-02
2.568979263305664062e-01
1.996493190526962280e-01
2.510542869567871094e-01
2.845832109451293945e-01
9.151688963174819946e-02
1.236341670155525208e-01
2.544837296009063721e-01
2.460509836673736572e-01
1.233482807874679565e-01
3.027344048023223877e-01
6.899254024028778076e-02
6.887980550527572632e-02
8.416253328323364258e-02
2.123743295669555664e-01
1.017435416579246521e-01
1.392073631286621094e-01
5.364020541310310364e-02
1.253964602947235107e-01
7.828461378812789917e-02
9.353847801685333252e-02
8.752651512622833252e-02
2.159416973590850830e-01
8.130302280187606812e-02
1.263375133275985718e-01
1.462995707988739014e-01
4.686284363269805908e-01
2.745609283447265625e-01
1.211659163236618042e-01
1.946768015623092651e-01
3.255320191383361816e-01
3.319902420043945312e-01
7.229524850845336914e-01
3.622151017189025879e-01
2.235002070665359497e-01
1.274616122245788574e-01
9.303980320692062378e-02
1.501066237688064575e-01
1.297688186168670654e-01
1.478793174028396606e-01
1.335154473781585693e-01
4.313620179891586304e-02
1.933012008666992188e-01
8.763285726308822632e-02
2.496783584356307983e-01
1.191079542040824890e-01
1.502833068370819092e-01
9.309098124504089355e-02
1.539304852485656738e-01
3.769567310810089111e-01
3.900426328182220459e-01
2.308908402919769287e-01
3.381912708282470703e-01
1.185431703925132751e-01
1.364704370498657227e-01
1.086685955524444580e-01
5.140427350997924805e-01
3.630409836769104004e-01
1.077791005373001099e-01
1.247944608330726624e-01
1.049762219190597534e-01
6.865985691547393799e-02
9.188560396432876587e-02
1.567102819681167603e-01
1.679805964231491089e-01
5.975960567593574524e-02
1.028976216912269592e-01
1.895547807216644287e-01
1.978826820850372314e-01
2.362866550683975220e-01
1.412307471036911011e-01
1.058832854032516479e-01
1.592555493116378784e-01
1.015862524509429932e-01
1.070051193237304688e-01
1.679524779319763184e-01
1.428949683904647827e-01
7.626362144947052002e-02
7.186669111251831055e-02
1.061033457517623901e-01
1.258212029933929443e-01
1.827331930398941040e-01
1.642236709594726562e-01
7.173802703619003296e-02
7.049255073070526123e-02
7.331308722496032715e-02
4.174270853400230408e-02
4.092841222882270813e-02
6.799008697271347046e-02
4.496970027685165405e-02
2.934173494577407837e-02
1.733714640140533447e-01
1.387421339750289917e-01
1.301818192005157471e-01
2.750904858112335205e-01
1.042356044054031372e-01
1.979956328868865967e-01
2.604978084564208984e-01
1.242555975914001465e-01
1.905608624219894409e-01
4.045003652572631836e-02
2.807371132075786591e-02
1.921710669994354248e-01
2.010079473257064819e-01
3.900829255580902100e-01
4.246237576007843018e-01
2.295338511466979980e-01
2.303335964679718018e-01
2.993222773075103760e-01
1.754421144723892212e-01
1.128827333450317383e-01
2.337681651115417480e-01
1.865943819284439087e-01
7.269234955310821533e-02
1.314049363136291504e-01
1.756118983030319214e-01
2.612875998020172119e-01
2.374982088804244995e-01
1.063172966241836548e-01
7.988434284925460815e-02
1.279693841934204102e-01
2.004503756761550903e-01
1.294367015361785889e-01
2.238155454397201538e-01
1.282770186662673950e-01
2.174862921237945557e-01
1.884064972400665283e-01
1.005011871457099915e-01
4.121973216533660889e-01
1.324504464864730835e-01
1.126969158649444580e-01
1.757319718599319458e-01
1.550587564706802368e-01
2.590663731098175049e-01
5.094825103878974915e-02
5.663850530982017517e-02
2.076321989297866821e-01
4.471410065889358521e-02
1.152388155460357666e-01
1.962291300296783447e-01
1.335700005292892456e-01
4.523411691188812256e-01
1.204291358590126038e-01
8.482603728771209717e-02
7.719361037015914917e-02
4.796138033270835876e-02
1.267541050910949707e-01
9.363852441310882568e-02
2.171288281679153442e-01
3.150243684649467468e-02
3.093961179256439209e-01
1.698239743709564209e-01
4.320862591266632080e-01
6.296433210372924805e-01
1.769254952669143677e-01
5.532537698745727539e-01
2.661761343479156494e-01
6.829292774200439453e-01
9.034854173660278320e-01
2.258811742067337036e-01
1.626679301261901855e-01
1.691660434007644653e-01
3.985900878906250000e-01
1.838075220584869385e-01
4.757312536239624023e-01
2.505281865596771240e-01
6.675396859645843506e-02
1.487995088100433350e-01
1.414962112903594971e-01
3.521178364753723145e-01
2.734345793724060059e-01
3.094012737274169922e-01
2.676705718040466309e-01
2.553030252456665039e-01
4.342446029186248779e-01
2.200413197278976440e-01
3.315704166889190674e-01
4.832292199134826660e-01
1.581610888242721558e-01
9.798227995634078979e-02
2.224676012992858887e-01
2.468795925378799438e-01
6.934720277786254883e-01
3.153239786624908447e-01
1.640219390392303467e-01
7.024285197257995605e-02
6.945118308067321777e-02
7.017161697149276733e-02
7.062973827123641968e-02
8.557200431823730469e-02
1.137680634856224060e-01
7.045844197273254395e-02
3.831058368086814880e-02
3.855263441801071167e-02
5.689673498272895813e-02
1.396773904561996460e-01
1.336693465709686279e-01
3.326932340860366821e-02
1.910994760692119598e-02
4.096144065260887146e-02
1.132851466536521912e-01
6.554184108972549438e-02
1.538556218147277832e-01
8.769179135560989380e-02
3.216955810785293579e-02
2.400903962552547455e-02
1.040170118212699890e-01
5.676978826522827148e-02
1.721863597631454468e-01
4.435594007372856140e-02
2.656432613730430603e-02
2.239419706165790558e-02
2.017445303499698639e-02
3.937118127942085266e-02
1.614463031291961670e-01
2.393325418233871460e-02
5.439146608114242554e-02
2.892473898828029633e-02
2.516460232436656952e-02
3.623783588409423828e-02
1.122898459434509277e-01
2.956384792923927307e-02
4.582666605710983276e-02
1.382341515272855759e-02
3.427593410015106201e-02
3.925549983978271484e-02
1.119769290089607239e-01
4.261517524719238281e-02
2.808063849806785583e-02
1.891223527491092682e-02
3.510117158293724060e-02
2.861027233302593231e-02
2.301104664802551270e-01
5.302478745579719543e-02
1.021873485296964645e-02
9.073264896869659424e-03
3.495734930038452148e-02
6.946184486150741577e-02
6.787643581628799438e-02
3.517443686723709106e-02
1.330676022917032242e-02
8.460523933172225952e-02
2.226930111646652222e-02
8.076195418834686279e-02
1.252607107162475586e-01
3.608405217528343201e-02
2.524834685027599335e-02
4.923891276121139526e-02
2.275303751230239868e-02
8.022763580083847046e-02
1.385946124792098999e-01
7.951711118221282959e-02
1.848471350967884064e-02
5.424992740154266357e-02
2.230295389890670776e-01
5.569495633244514465e-02
2.141872793436050415e-01
4.146979749202728271e-02
4.222682118415832520e-02
6.719603389501571655e-02
5.904956534504890442e-02
7.358214259147644043e-02
1.036311089992523193e-01
2.820027247071266174e-02
2.329996973276138306e-02
9.014264494180679321e-02
5.279378592967987061e-02
9.298508614301681519e-02
1.066090092062950134e-01
3.154907375574111938e-02
5.011694133281707764e-02
6.490692496299743652e-02
6.223111972212791443e-02
1.077247709035873413e-01
9.284555912017822266e-02
7.494769990444183350e-02
5.849777534604072571e-02
5.513665080070495605e-02
1.501611024141311646e-01
7.302560657262802124e-02
1.730150878429412842e-01
7.654287666082382202e-02
5.681160092353820801e-02
7.838474214076995850e-02
2.558136731386184692e-02
1.129061505198478699e-01
6.132823973894119263e-02
1.290717348456382751e-02
3.605228662490844727e-02
2.989371307194232941e-02
6.373661756515502930e-02
8.869702368974685669e-02
9.435639530420303345e-02
2.063106931746006012e-02
6.912676990032196045e-02
4.219134896993637085e-02
7.427506148815155029e-02
7.561768591403961182e-02
3.011635243892669678e-01
5.005848780274391174e-02
7.567925006151199341e-02
1.059931889176368713e-01
1.794994175434112549e-01
2.669418454170227051e-01
7.501627504825592041e-02
7.777728140354156494e-02
4.260978475213050842e-02
4.939790442585945129e-02
8.873862773180007935e-02
1.491007655858993530e-01
6.111269071698188782e-02
5.369809642434120178e-02
2.913949079811573029e-02
5.742547288537025452e-02
4.258425906300544739e-02
3.457121923565864563e-02
1.158892586827278137e-01
6.127984449267387390e-02
6.062781438231468201e-03
3.345527499914169312e-02
3.532483056187629700e-02
3.882293403148651123e-02
7.262749224901199341e-02
4.921974614262580872e-02
7.083722855895757675e-03
1.223921217024326324e-02
1.980371773242950439e-02
1.470801979303359985e-02
8.667540550231933594e-02
9.307187795639038086e-02
1.147860381752252579e-02
3.535570949316024780e-02
1.012972071766853333e-01
1.537224352359771729e-01
1.121831089258193970e-01
4.241738095879554749e-02
8.443669416010379791e-03
5.756849050521850586e-02
7.461881637573242188e-02
1.243173480033874512e-01
7.378435134887695312e-02
2.292118594050407410e-02
2.144092321395874023e-02
1.557149831205606461e-02
2.282607108354568481e-01
6.013759970664978027e-02
8.396152406930923462e-02
2.749392762780189514e-02
9.440200030803680420e-02
1.113216876983642578e-01
4.897889867424964905e-02
2.768770158290863037e-01
1.937417387962341309e-01
2.790008857846260071e-02
2.316646128892898560e-01
2.092709094285964966e-01
3.654362261295318604e-01
2.540986239910125732e-01
7.002766430377960205e-02
3.939972445368766785e-02
2.099556475877761841e-01
7.204651087522506714e-02
8.334091305732727051e-02
1.263303160667419434e-01
7.244105637073516846e-02
3.532653301954269409e-02
4.570286348462104797e-02
5.606217682361602783e-02
2.049346268177032471e-01
1.282914876937866211e-01
6.590455770492553711e-02
3.521418944001197815e-02
1.437703371047973633e-01
4.718409851193428040e-02
2.945269085466861725e-02
7.113556563854217529e-02
7.950188964605331421e-02
4.844169691205024719e-02
4.873872175812721252e-02
2.950560301542282104e-02
1.047770753502845764e-01
1.318327486515045166e-01
1.251058131456375122e-01
7.507483661174774170e-02
1.420476753264665604e-02
2.301299758255481720e-02
1.271975487470626831e-01
2.910653874278068542e-02
6.512902677059173584e-02
2.816112525761127472e-02
2.037088945508003235e-02
1.077192835509777069e-02
6.192405521869659424e-02
9.263275563716888428e-02
7.902358472347259521e-02
4.816962033510208130e-02
3.327206522226333618e-02
5.902194976806640625e-02
8.406808227300643921e-02
5.450202897191047668e-02
1.633695811033248901e-01
4.550370946526527405e-02
3.381221741437911987e-02
5.673885717988014221e-02
5.678895488381385803e-02
5.027211830019950867e-02
2.033917754888534546e-01
2.315144985914230347e-02
8.528118580579757690e-02
6.622520089149475098e-02
4.057873040437698364e-02
6.822271645069122314e-02
1.104678884148597717e-01
2.703032083809375763e-02
1.427960302680730820e-02
2.045932784676551819e-02
2.509160898625850677e-02
2.135721743106842041e-01
6.950958073139190674e-02
6.568627059459686279e-02
1.473309937864542007e-02
2.264347299933433533e-02
3.982030972838401794e-02
1.588589139282703400e-02
2.080686986446380615e-01
1.357320789247751236e-02
2.337740734219551086e-02
6.725922971963882446e-02
8.380158245563507080e-02
1.746629178524017334e-01
3.578662872314453125e-02
3.093454055488109589e-02
2.005919963121414185e-01
5.261406674981117249e-02
7.537218183279037476e-02
5.478469282388687134e-02
8.686792850494384766e-02
6.243583187460899353e-02
3.706021979451179504e-02
2.169632911682128906e-02
1.202875189483165741e-02
1.058507710695266724e-01
7.750277221202850342e-02
3.025514446198940277e-02
1.760329119861125946e-02
6.651841849088668823e-02
4.533331096172332764e-02
4.017039760947227478e-02
1.006705090403556824e-01
3.538155555725097656e-02
1.725551299750804901e-02
2.789568528532981873e-02
8.448535948991775513e-02
6.441309303045272827e-02
6.349541246891021729e-02
1.426674798130989075e-02
4.779631271958351135e-02
9.553124010562896729e-02
4.294345900416374207e-02
3.056878224015235901e-02
1.071197465062141418e-01
3.576109185814857483e-02
1.011334452778100967e-02
1.086080167442560196e-02
1.846235431730747223e-02
2.152678556740283966e-02
6.039097905158996582e-02
3.400892391800880432e-02
9.727910161018371582e-03
3.072809427976608276e-02
4.035473335534334183e-03
2.177845686674118042e-02
1.441691666841506958e-01
2.573413029313087463e-02
1.191610936075448990e-02
3.380516171455383301e-02
1.961531676352024078e-02
2.579757943749427795e-02
3.682492300868034363e-02
7.906230166554450989e-03
4.345189779996871948e-02
1.205688156187534332e-02
3.070810250937938690e-02
1.062510386109352112e-01
1.820713877677917480e-01
2.519887685775756836e-02
1.399178523570299149e-02
8.883355185389518738e-03
2.073852531611919403e-02
8.344539441168308258e-03
7.400855422019958496e-02
4.151100665330886841e-02
1.168616302311420441e-02
2.015755325555801392e-02
7.481209933757781982e-03
3.309330344200134277e-02
1.676100939512252808e-01
2.255314216017723083e-02
3.726312890648841858e-02
4.270577058196067810e-02
6.929698586463928223e-02
2.607170939445495605e-01
2.565823495388031006e-02
4.255117103457450867e-02
1.932929903268814087e-01
2.245671674609184265e-02
2.692434191703796387e-01
2.111997902393341064e-01
7.436662167310714722e-02
4.941345751285552979e-02
1.098808422684669495e-01
1.006951034069061279e-01
5.281970649957656860e-02
2.005595862865447998e-01
1.036719158291816711e-01
2.035644836723804474e-02
6.412052549421787262e-03
3.322522714734077454e-02
5.121786147356033325e-02
1.240062117576599121e-01
4.959027841687202454e-02
4.159282520413398743e-02
1.210524439811706543e-01
4.589375481009483337e-02
1.027576401829719543e-01
4.648293554782867432e-02
1.107398718595504761e-01
6.000507250428199768e-02
2.736118435859680176e-02
1.244817227125167847e-01
1.846680045127868652e-01
3.482499420642852783e-01
6.844320893287658691e-02
8.279083669185638428e-02
6.481783837080001831e-02
9.264062345027923584e-02
5.687187984585762024e-02
5.120525509119033813e-02
7.356698811054229736e-02
3.405538201332092285e-02
1.474189385771751404e-02
4.203621298074722290e-02
6.303402781486511230e-02
3.665071725845336914e-02
9.539200365543365479e-02
2.061627805233001709e-02
1.943829096853733063e-02
2.766412124037742615e-02
2.237388119101524353e-02
2.123588919639587402e-01
5.833010002970695496e-02
5.453249067068099976e-02
5.210148543119430542e-02
2.150413244962692261e-01
8.367657661437988281e-02
2.932353913784027100e-01
3.088100254535675049e-02
2.570177800953388214e-02
1.548207849264144897e-01
6.738520413637161255e-02
7.795879989862442017e-02
4.493612423539161682e-02
7.471724599599838257e-02
3.472184762358665466e-02
7.933316752314567566e-03
1.825726963579654694e-02
4.778327792882919312e-02
7.785052061080932617e-02
3.468615189194679260e-02
8.127821609377861023e-03
2.189647965133190155e-02
4.030868411064147949e-02
6.977409869432449341e-02
1.019852533936500549e-01
1.128100231289863586e-01
5.574738234281539917e-02
2.203434407711029053e-01
2.692001499235630035e-02
3.249656558036804199e-01
3.550054132938385010e-01
3.253685310482978821e-02
1.291302442550659180e-01
1.586696952581405640e-01
4.819783568382263184e-01
6.533524394035339355e-02
2.453937828540802002e-01
8.678360283374786377e-02
8.003123849630355835e-02
5.979141220450401306e-02
3.742095828056335449e-02
8.642472326755523682e-02
1.055069863796234131e-01
1.686741113662719727e-01
2.163454331457614899e-02
6.138366460800170898e-02
7.460601627826690674e-02
1.779823303222656250e-01
2.666652500629425049e-01
5.302304401993751526e-02
4.514471814036369324e-02
9.071879088878631592e-02
1.263260245323181152e-01
1.683382242918014526e-01
2.151633501052856445e-01
8.377960324287414551e-02
3.248258680105209351e-02
3.081749007105827332e-02
1.478543132543563843e-01
3.362395465373992920e-01
9.078429639339447021e-02
9.053541719913482666e-02
4.439423605799674988e-02
1.416989862918853760e-01
5.576016381382942200e-02
6.564056128263473511e-02
6.366485357284545898e-02
4.953531175851821899e-02
6.064126268029212952e-03
1.067380700260400772e-02
1.103989258408546448e-01
4.751524701714515686e-02
9.501602500677108765e-02
3.650569915771484375e-02
6.927401572465896606e-02
1.281687319278717041e-01
1.552206575870513916e-01
3.329347074031829834e-01
3.667464256286621094e-01
1.135604903101921082e-01
3.544143140316009521e-01
1.574826240539550781e-01
3.699403107166290283e-01
5.072609186172485352e-01
4.342854022979736328e-01
8.823032677173614502e-02
2.262153849005699158e-02
2.970693260431289673e-02
6.053171306848526001e-02
5.249254778027534485e-02
2.002917677164077759e-01
4.444437474012374878e-02
1.725695282220840454e-02
1.952677592635154724e-02
3.156412020325660706e-02
4.371400922536849976e-02
7.601429522037506104e-02
5.777548998594284058e-02
3.885345160961151123e-02
1.204705610871315002e-02
3.989231213927268982e-02
1.785031892359256744e-02
2.031061798334121704e-02
8.403380215167999268e-02
1.118509192019701004e-02
3.289807355031371117e-03
2.226672880351543427e-02
4.963884130120277405e-02
3.434373438358306885e-02
9.379833936691284180e-02
3.326987102627754211e-02
3.005208633840084076e-02
4.465979710221290588e-02
2.533760666847229004e-02
3.742093592882156372e-02
4.035371541976928711e-02
1.241711433976888657e-02
9.184771217405796051e-03
5.321846902370452881e-02
1.910780556499958038e-02
7.015983015298843384e-02
8.812569081783294678e-02
2.504939772188663483e-02
6.893491372466087341e-03
6.989133358001708984e-02
1.748006790876388550e-02
1.225100234150886536e-01
3.668966516852378845e-02
1.812282018363475800e-02
6.386784464120864868e-02
6.464832276105880737e-02
3.676544502377510071e-02
1.432143449783325195e-01
8.373230695724487305e-02
2.472797967493534088e-02
2.356024645268917084e-02
5.730446055531501770e-02
2.595005184412002563e-02
2.621919661760330200e-02
4.118460044264793396e-02
9.508967399597167969e-03
2.914754208177328110e-03
5.282328929752111435e-03
4.640476405620574951e-02
1.696952134370803833e-01
5.171380564570426941e-02
1.084167789667844772e-02
1.388051547110080719e-02
7.185504585504531860e-02
4.817290976643562317e-02
9.641966223716735840e-02
6.873328238725662231e-02
1.274109538644552231e-02
7.425715774297714233e-02
5.675642564892768860e-02
1.209280267357826233e-01
2.301422655582427979e-01
8.835033327341079712e-02
1.089069098234176636e-01
5.923119559884071350e-02
8.501128852367401123e-02
4.666521772742271423e-02
9.704555571079254150e-02
6.760009378194808960e-02
1.016283687204122543e-02
4.516382515430450439e-02
3.155548498034477234e-02
1.964397132396697998e-01
1.246527582406997681e-01
3.488572686910629272e-02
1.209506466984748840e-01
1.247344985604286194e-01
1.671376675367355347e-01
2.490956634283065796e-01
2.709652781486511230e-01
6.197013333439826965e-02
2.777564525604248047e-02
1.845128387212753296e-01
2.042784243822097778e-01
1.791414767503738403e-01
4.054673910140991211e-01
3.760975971817970276e-02
3.809749335050582886e-02
2.148277312517166138e-01
1.016726568341255188e-01
3.675368055701255798e-02
4.886286705732345581e-02
1.257489342242479324e-02
2.504808641970157623e-02
3.665625676512718201e-02
4.531098529696464539e-02
4.993442073464393616e-02
8.910088986158370972e-02
1.239053905010223389e-01
1.854582689702510834e-02
1.241338178515434265e-01
1.181902661919593811e-01
1.157870367169380188e-01
5.283402279019355774e-02
1.317739486694335938e-02
1.376843079924583435e-02
3.529069200158119202e-02
8.882950246334075928e-02
1.285678148269653320e-01
7.618553191423416138e-02
5.897299945354461670e-02
2.204421535134315491e-02
1.072387546300888062e-01
5.265923961997032166e-02
2.445966936647891998e-02
5.738325417041778564e-02
3.580770641565322876e-02
4.386836662888526917e-03
3.422680497169494629e-02
5.045630410313606262e-02
7.595559209585189819e-02
1.404795050621032715e-01
2.689438685774803162e-02
1.410910580307245255e-02
4.573734011501073837e-03
6.664687395095825195e-02
1.003154739737510681e-01
8.445849269628524780e-02
2.267051115632057190e-02
5.820569768548011780e-02
1.013561710715293884e-01
1.750322803854942322e-02
2.458518743515014648e-01
1.860603839159011841e-01
2.027411013841629028e-02
2.626262418925762177e-02
4.493768513202667236e-02
4.612663388252258301e-02
1.734233349561691284e-01
4.066720902919769287e-01
6.303943693637847900e-02
2.855802141129970551e-02
1.568912342190742493e-02
4.782594740390777588e-02
7.490164041519165039e-02
8.902523666620254517e-02
9.049370884895324707e-02
2.198530733585357666e-02
1.582808978855609894e-02
1.561393216252326965e-02
1.946314983069896698e-02
5.395564436912536621e-02
2.310347743332386017e-02
2.152965962886810303e-02
1.830988563597202301e-02
3.776371851563453674e-02
1.529686991125345230e-02
1.317688450217247009e-02
7.448632270097732544e-02
7.522877771407365799e-03
5.963554140180349350e-03
1.887334696948528290e-02
1.898315399885177612e-01
2.672742307186126709e-02
2.571219205856323242e-01
7.307616528123617172e-03
9.386307746171951294e-02
9.834408015012741089e-02
6.755127012729644775e-02
8.965212851762771606e-02
2.614136971533298492e-02
1.947734318673610687e-02
3.050358779728412628e-02
5.834155157208442688e-02
1.422282494604587555e-02
3.972754999995231628e-02
2.102169096469879150e-01
1.270157657563686371e-02
1.872141286730766296e-02
2.097180858254432678e-02
1.403172127902507782e-02
4.425346478819847107e-02
2.640326879918575287e-02
1.810344867408275604e-02
3.354527987539768219e-03
1.093403343111276627e-02
1.149412151426076889e-02
5.205715447664260864e-02
1.103554740548133850e-01
1.555278617888689041e-02
3.030167659744620323e-03
1.389591023325920105e-02
3.205570857971906662e-03
3.392427461221814156e-03
4.068370535969734192e-02
7.470363751053810120e-03
5.451479461044073105e-03
2.245017560198903084e-03
3.883135039359331131e-03
4.965795204043388367e-03
3.499755635857582092e-02
7.341501303017139435e-03
7.466499228030443192e-03
7.379048503935337067e-03
3.604726400226354599e-03
1.823300682008266449e-02
3.379290923476219177e-02
6.674834992736577988e-03
6.956566125154495239e-03
7.290652953088283539e-03
5.106954835355281830e-03
2.771881781518459320e-02
9.283277392387390137e-02
8.162181824445724487e-03
3.117732936516404152e-03
2.700459910556674004e-03
1.765201985836029053e-02
3.882925724610686302e-03
3.641301020979881287e-02
6.577653344720602036e-03
5.408811848610639572e-03
3.860796801745891571e-03
3.900194913148880005e-02
2.284238860011100769e-02
4.274653643369674683e-02
2.214008755981922150e-02
4.141241312026977539e-03
6.401279009878635406e-03
7.968968711793422699e-03
3.385729854926466942e-03
3.406493738293647766e-02
4.365473054349422455e-03
1.139888074249029160e-02
2.448175800964236259e-03
3.225824562832713127e-03
6.428111810237169266e-03
1.827104389667510986e-01
9.894789196550846100e-03
1.874996162950992584e-02
4.875206574797630310e-02
8.249359205365180969e-03
7.908497937023639679e-03
2.778899483382701874e-02
3.537311032414436340e-02
1.194858923554420471e-02
9.224300272762775421e-03
3.501999191939830780e-03
1.440367382019758224e-02
7.160699367523193359e-02
1.187247131019830704e-02
1.199647039175033569e-02
3.827817039564251900e-03
1.635231776162981987e-03
2.611023373901844025e-02
2.242429926991462708e-02
1.781857386231422424e-02
3.247244749218225479e-03
3.108347579836845398e-02
1.230471953749656677e-02
9.014247916638851166e-03
5.840258300304412842e-02
1.161152869462966919e-02
2.136054262518882751e-02
1.861333660781383514e-02
1.804853044450283051e-02
3.511446062475442886e-03
3.866806626319885254e-02
3.187766298651695251e-02
5.725872237235307693e-03
6.071444600820541382e-03
6.026918068528175354e-03
1.443473901599645615e-02
4.791666567325592041e-02
5.566424224525690079e-03
2.318290248513221741e-02
7.678625173866748810e-03
2.638709917664527893e-02
2.441851794719696045e-02
3.853961080312728882e-02
1.040296070277690887e-02
4.881790373474359512e-03
4.124299809336662292e-02
3.692005062475800514e-03
1.036474388092756271e-02
2.915905416011810303e-02
3.782802075147628784e-02
6.821401417255401611e-03
1.214485149830579758e-02
4.895718023180961609e-02
2.757702022790908813e-02
2.441682666540145874e-02
4.983039572834968567e-03
7.798503153026103973e-03
1.003951113671064377e-02
6.865049246698617935e-03
1.717562787234783173e-02
1.345734298229217529e-01
2.353747934103012085e-02
5.660362076014280319e-03
4.823650792241096497e-02
3.479390870779752731e-03
1.804342307150363922e-02
2.473320625722408295e-02
7.589677814394235611e-03
6.396682932972908020e-03
3.304908517748117447e-03
3.000117838382720947e-03
1.527203246951103210e-02
4.987061768770217896e-02
1.057867053896188736e-02
1.475394982844591141e-02
2.253049425780773163e-02
5.105377174913883209e-03
1.363181695342063904e-02
9.000526368618011475e-02
1.623657718300819397e-02
3.408606350421905518e-02
8.607475087046623230e-03
9.376903995871543884e-03
1.380241848528385162e-02
4.234717041254043579e-02
8.081442676484584808e-03
3.464521840214729309e-03
1.382590457797050476e-02
9.032852947711944580e-03
7.978756912052631378e-03
3.382464870810508728e-02
7.682514376938343048e-03
3.863238729536533356e-03
3.576627233996987343e-03
1.008866354823112488e-02
3.710844088345766068e-03
1.464117132127285004e-02
1.328270649537444115e-03
4.736208356916904449e-03
1.453173230402171612e-03
4.837885964661836624e-03
2.702250378206372261e-03
2.998173050582408905e-02
1.631268765777349472e-03
1.140553969889879227e-02
1.224404852837324142e-02
5.966033786535263062e-03
1.632840605452656746e-03
2.367132529616355896e-02
4.133656248450279236e-02
3.221514401957392693e-03
3.288614796474575996e-03
4.692558664828538895e-03
1.731031457893550396e-03
1.996174827218055725e-02
6.429595407098531723e-03
1.821486162953078747e-03
1.121297013014554977e-02
2.541615162044763565e-03
6.722380407154560089e-03
1.477982103824615479e-02
3.263073973357677460e-03
5.244798026978969574e-03
1.419688691385090351e-03
4.112769849598407745e-03
2.744183177128434181e-03
3.326747193932533264e-02
4.081625491380691528e-03
1.894307555630803108e-03
2.544539049267768860e-03
4.889593925327062607e-03
9.228838607668876648e-04
3.911484405398368835e-02
1.387619879096746445e-02
4.042065702378749847e-03
2.884456887841224670e-03
1.547393039800226688e-03
2.346429275348782539e-03
1.558388769626617432e-02
6.073841825127601624e-03
4.338568076491355896e-03
3.155673854053020477e-03
7.864263840019702911e-03
3.502580337226390839e-03
6.336445361375808716e-02
4.249762278050184250e-03
1.914344355463981628e-02
2.001351118087768555e-02
4.017691127955913544e-03
2.011473849415779114e-02
3.221237566322088242e-03
1.415287796407938004e-02
2.020858228206634521e-03
1.248632674105465412e-03
4.390021320432424545e-03
6.577213760465383530e-03
5.161128193140029907e-02
8.163702674210071564e-03
8.429243229329586029e-03
5.353729706257581711e-03
5.112286191433668137e-03
2.670413814485073090e-03
6.301295012235641479e-02
1.355983503162860870e-02
1.234332192689180374e-02
5.143217276781797409e-03
2.463789656758308411e-03
2.210790850222110748e-02
1.214306354522705078e-01
1.312344800680875778e-02
6.731526553630828857e-02
5.174347385764122009e-02
6.526388972997665405e-02
1.096719428896903992e-01
1.109338272362947464e-02
3.366434574127197266e-02
1.120781339704990387e-02
1.140890568494796753e-01
1.908525228500366211e-01
1.756711304187774658e-02
1.070865895599126816e-02
1.048768498003482819e-02
1.693504117429256439e-02
4.489973187446594238e-02
6.654148548841476440e-02
8.775995671749114990e-02
9.544172324240207672e-03
1.116057671606540680e-02
9.286722168326377869e-03
4.479626193642616272e-02
1.605084165930747986e-02
9.724348783493041992e-02
3.218423947691917419e-02
8.139990270137786865e-03
2.149571664631366730e-02
4.431651905179023743e-02
3.020450286567211151e-02
3.534970059990882874e-02
9.899716824293136597e-02
1.247176062315702438e-02
4.919027164578437805e-02
2.292590402066707611e-02
9.975103288888931274e-02
1.725501269102096558e-01
3.568496555089950562e-02
1.531987823545932770e-02
1.233065780252218246e-02
1.670630574226379395e-01
1.941306740045547485e-01
1.093582808971405029e-01
2.259607426822185516e-02
3.105356916785240173e-02
5.502864718437194824e-02
5.020254105329513550e-02
9.450499713420867920e-02
2.261514216661453247e-02
3.725010156631469727e-02
1.779996417462825775e-02
1.253469567745923996e-02
4.057792574167251587e-02
4.278763383626937866e-02
9.898032993078231812e-02
3.466484323143959045e-02
7.992655970156192780e-03
9.032267332077026367e-02
6.495793163776397705e-02
2.160123735666275024e-01
2.834160923957824707e-01
6.815182417631149292e-02
1.201411802321672440e-02
5.479487031698226929e-02
1.424845457077026367e-01
5.252324044704437256e-02
3.226717114448547363e-01
1.115914247930049896e-02
2.269978448748588562e-02
1.007390767335891724e-01
9.400661289691925049e-02
1.468837708234786987e-01
7.068499177694320679e-02
9.566380083560943604e-02
1.107466220855712891e-02
3.852885216474533081e-02
8.767845481634140015e-02
9.283928573131561279e-02
5.376984179019927979e-02
5.018055438995361328e-03
3.542806208133697510e-02
5.462596658617258072e-03
3.111002035439014435e-02
1.064223796129226685e-01
1.466035656630992889e-02
3.452058136463165283e-01
5.439440160989761353e-02
3.457783535122871399e-02
1.726501062512397766e-02
4.430789500474929810e-02
8.127322793006896973e-02
9.838075377047061920e-03
1.233314443379640579e-02
1.208037231117486954e-02
4.757392406463623047e-02
2.048578672111034393e-02
6.011465564370155334e-03
3.809318318963050842e-02
8.398790843784809113e-03
4.307303205132484436e-02
2.099097706377506256e-02
2.722036838531494141e-02
5.815972387790679932e-02
3.729925677180290222e-02
5.373320542275905609e-03
1.143326144665479660e-02
5.612057074904441833e-02
8.145270869135856628e-03
4.078039899468421936e-02
7.311500608921051025e-02
7.991786114871501923e-03
5.021482333540916443e-02
1.473639626055955887e-02
5.285843741148710251e-03
1.632237620651721954e-02
1.455772761255502701e-02
1.515495032072067261e-02
5.270699504762887955e-03
9.502328000962734222e-03
7.979538291692733765e-03
9.298943914473056793e-03
3.919505327939987183e-02
3.477816004306077957e-03
4.604604095220565796e-03
1.636062934994697571e-02
1.503878273069858551e-02
5.063656251877546310e-03
2.979267947375774384e-02
5.222381558269262314e-03
1.368633378297090530e-02
1.142170745879411697e-02
1.072127651423215866e-02
4.652526602149009705e-02
2.671990171074867249e-02
4.570877645164728165e-03
7.076455652713775635e-02
1.033896729350090027e-01
5.512525886297225952e-02
1.666848175227642059e-02
3.428284451365470886e-02
1.098691020160913467e-02
1.166960783302783966e-02
2.600948093459010124e-03
1.779902027919888496e-03
1.999844051897525787e-02
8.117469958961009979e-03
5.085023585706949234e-03
3.206672612577676773e-03
4.115564748644828796e-03
2.816379815340042114e-02
5.785220768302679062e-03
1.547990366816520691e-02
1.439328677952289581e-02
1.300222054123878479e-02
9.225252084434032440e-03
2.208189573138952255e-03
2.574525587260723114e-02
7.525794673711061478e-03
4.727088380604982376e-03
1.036198064684867859e-02
2.571782330051064491e-03
1.147079863585531712e-03
3.246373264119029045e-03
1.861758343875408173e-02
1.337070018053054810e-02
7.151761092245578766e-03
2.290474716573953629e-03
5.684426054358482361e-03
1.088365330360829830e-03
4.803437739610671997e-03
2.733047818765044212e-03
2.002922585234045982e-03
6.807542522437870502e-04
4.132702015340328217e-03
3.576845047064125538e-04
3.967273980379104614e-02
3.864562604576349258e-03
2.022639382630586624e-03
8.055507205426692963e-04
2.118811756372451782e-02
5.717023741453886032e-03
1.558432821184396744e-02
3.047564998269081116e-03
6.201852578669786453e-03
4.108513146638870239e-02
1.618535723537206650e-03
6.984036415815353394e-03
6.351853255182504654e-03
5.351602099835872650e-03
3.715032944455742836e-03
4.922004882246255875e-03
3.672354388982057571e-03
2.251583850011229515e-03
1.191251445561647415e-02
2.957726363092660904e-03
8.540680282749235630e-04
5.767396651208400726e-04
4.387518565636128187e-04
1.516433083452284336e-03
3.988004103302955627e-02
6.445277016609907150e-03
3.844972001388669014e-03
5.132924765348434448e-03
2.280183881521224976e-02
1.098410785198211670e-02
3.288877662271261215e-03
1.523774233646690845e-03
1.511231809854507446e-02
1.675094664096832275e-02
8.731773123145103455e-03
4.169879853725433350e-02
2.031848020851612091e-02
2.813765779137611389e-02
1.431832183152437210e-02
1.845109835267066956e-02
1.497609727084636688e-02
1.252707391977310181e-01
4.271643981337547302e-02
6.745722610503435135e-03
1.798668876290321350e-02
1.855045929551124573e-02
1.450661569833755493e-02
2.607755921781063080e-02
2.535126730799674988e-02
1.987581327557563782e-02
1.291127037256956100e-02
1.456031668931245804e-02
1.382628232240676880e-01
1.026113629341125488e-01
3.341840207576751709e-02
8.463107049465179443e-03
5.811848118901252747e-02
1.041994765400886536e-01
4.731190577149391174e-02
6.914981454610824585e-02
7.563116494566202164e-03
4.754706285893917084e-03
3.938361629843711853e-02
2.574952319264411926e-02
9.116692841053009033e-02
3.915858268737792969e-02
1.754904910922050476e-02
4.500505980104207993e-03
2.705082995817065239e-03
1.593516953289508820e-02
2.077786251902580261e-02
4.172886908054351807e-02
1.380348578095436096e-02
2.544346032664179802e-03
3.987097367644309998e-02
1.155235897749662399e-02
2.839994244277477264e-02
1.182377859950065613e-01
1.545682456344366074e-02
1.090200524777173996e-02
8.574410527944564819e-02
1.727027297019958496e-01
1.108398288488388062e-01
4.320566356182098389e-01
5.777355283498764038e-03
8.705482631921768188e-02
8.249937742948532104e-02
1.831189729273319244e-02
1.286890208721160889e-01
2.110961824655532837e-01
4.878403618931770325e-03
1.417026040144264698e-03
6.806281954050064087e-02
7.114621251821517944e-02
1.122733354568481445e-01
2.438535392284393311e-01
1.128229424357414246e-01
2.211803570389747620e-02
3.519943356513977051e-02
1.291975080966949463e-01
1.398269832134246826e-01
2.191970646381378174e-01
1.106776390224695206e-02
4.781264811754226685e-02
9.197485446929931641e-02
1.086433604359626770e-01
2.482760399580001831e-01
2.026755213737487793e-01
1.104247644543647766e-01
1.410450041294097900e-01
6.141865253448486328e-01
2.312985360622406006e-01
1.415590941905975342e-01
2.138298153877258301e-01
3.805604204535484314e-02
4.082676023244857788e-02
5.919404327869415283e-02
3.988072276115417480e-02
1.844267994165420532e-01
3.535046577453613281e-01
1.163049973547458649e-02
4.351632669568061829e-02
3.404462337493896484e-02
1.045169234275817871e-01
2.758081257343292236e-01
1.701711267232894897e-01
4.980335012078285217e-02
6.982158124446868896e-02
8.142428100109100342e-02
1.283531486988067627e-01
1.904764175415039062e-01
2.680307626724243164e-01
1.767546124756336212e-02
1.023850683122873306e-02
1.311288923025131226e-01
1.460573375225067139e-01
3.290752768516540527e-01
1.380589604377746582e-01
4.693946242332458496e-02
4.697247967123985291e-02
4.218356907367706299e-01
1.597310304641723633e-01
5.663726329803466797e-01
6.385887265205383301e-01
1.364778727293014526e-02
5.307607352733612061e-02
2.362518608570098877e-01
4.385268986225128174e-01
7.553436756134033203e-01
1.154954075813293457e+00
4.809730686247348785e-03
6.547322273254394531e-01
2.514066398143768311e-01
8.183389902114868164e-01
5.353736877441406250e-01
7.360361814498901367e-01
1.088540349155664444e-02
7.458520680665969849e-02
1.883981376886367798e-01
7.189451903104782104e-02
1.777309030294418335e-01
1.730984747409820557e-01
