2.544534206390380859e-01
2.424035072326660156e-01
2.393569946289062500e-01
2.372195720672607422e-01
2.347972393035888672e-01
2.327129840850830078e-01
2.468969821929931641e-01
2.457170486450195312e-01
2.443685531616210938e-01
2.443757057189941406e-01
2.444708347320556641e-01
2.448027133941650391e-01
2.505040168762207031e-01
2.464928627014160156e-01
2.438459396362304688e-01
2.415447235107421875e-01
2.420668601989746094e-01
2.430450916290283203e-01
2.458913326263427734e-01
2.442908287048339844e-01
2.430915832519531250e-01
2.423849105834960938e-01
2.390038967132568359e-01
2.437658309936523438e-01
1.229522228240966797e-01
1.874117851257324219e-01
1.715118885040283203e-01
2.113471031188964844e-01
2.067766189575195312e-01
1.771261692047119141e-01
2.465686798095703125e-01
1.628828048706054688e-02
2.417244911193847656e-01
2.416670322418212891e-01
2.393739223480224609e-01
2.395541667938232422e-01
2.465429306030273438e-01
2.452020645141601562e-01
2.390348911285400391e-01
2.386379241943359375e-01
2.382888793945312500e-01
1.804494857788085938e-01
2.463488578796386719e-01
2.450461387634277344e-01
2.436513900756835938e-01
2.393405437469482422e-01
2.413277626037597656e-01
2.412171363830566406e-01
1.375029087066650391e-01
1.290555000305175781e-01
1.832327842712402344e-01
2.220904827117919922e-01
2.123072147369384766e-01
2.255001068115234375e-01
2.499272823333740234e-01
2.502253055572509766e-01
2.475047111511230469e-01
2.443561553955078125e-01
2.431273460388183594e-01
2.398633956909179688e-01
2.314119338989257812e-01
2.186770439147949219e-01
1.796941757202148438e-01
7.996320724487304688e-02
2.413420677185058594e-01
2.435195446014404297e-01
2.477936744689941406e-01
2.459025382995605469e-01
2.420237064361572266e-01
2.422738075256347656e-01
2.424447536468505859e-01
2.424542903900146484e-01
9.595060348510742188e-02
1.625409126281738281e-01
1.526432037353515625e-01
1.717748641967773438e-01
2.415022850036621094e-01
2.085137367248535156e-01
2.487585544586181641e-01
2.503919601440429688e-01
2.516939640045166016e-01
2.474613189697265625e-01
2.454030513763427734e-01
2.444522380828857422e-01
2.506790161132812500e-01
2.499754428863525391e-01
2.516465187072753906e-01
2.470319271087646484e-01
2.452452182769775391e-01
2.430019378662109375e-01
2.508249282836914062e-01
2.485833168029785156e-01
2.460064888000488281e-01
2.438313961029052734e-01
2.436363697052001953e-01
1.258826255798339844e-02
1.428608894348144531e-01
1.620132923126220703e-01
2.282304763793945312e-01
2.382340431213378906e-01
2.131206989288330078e-01
1.081707477569580078e-01
2.484853267669677734e-01
2.471411228179931641e-01
2.463676929473876953e-01
2.454330921173095703e-01
2.462680339813232422e-01
2.464468479156494141e-01
2.469980716705322266e-01
2.482004165649414062e-01
2.460877895355224609e-01
2.458722591400146484e-01
2.474842071533203125e-01
2.462666034698486328e-01
2.503099441528320312e-01
2.464778423309326172e-01
2.419667243957519531e-01
2.371952533721923828e-01
2.358345985412597656e-01
1.756312847137451172e-01
8.279824256896972656e-02
1.851785182952880859e-01
1.208364963531494141e-01
1.922235488891601562e-01
2.273874282836914062e-01
2.278470993041992188e-01
2.491235733032226562e-01
1.198387145996093750e-02
2.375183105468750000e-01
2.352449893951416016e-01
2.400970458984375000e-01
2.401561737060546875e-01
2.486562728881835938e-01
2.497630119323730469e-01
2.506761550903320312e-01
2.508320808410644531e-01
2.506036758422851562e-01
2.493155002593994141e-01
2.492005825042724609e-01
2.499198913574218750e-01
2.499914169311523438e-01
2.499220371246337891e-01
2.501690387725830078e-01
2.505807876586914062e-01
1.460359096527099609e-01
1.989228725433349609e-01
1.716759204864501953e-01
2.358143329620361328e-01
2.293124198913574219e-01
2.130360603332519531e-01
2.346377372741699219e-01
2.273693084716796875e-01
2.139687538146972656e-01
2.118146419525146484e-01
1.884205341339111328e-01
1.770436763763427734e-01
2.376539707183837891e-01
2.355635166168212891e-01
2.347090244293212891e-01
7.517290115356445312e-02
2.040152549743652344e-01
2.250840663909912109e-01
2.348203659057617188e-01
2.317833900451660156e-01
2.270321846008300781e-01
2.363197803497314453e-01
2.351601123809814453e-01
1.960935592651367188e-01
9.728479385375976562e-02
1.882908344268798828e-01
1.376497745513916016e-01
1.720156669616699219e-01
2.096958160400390625e-01
2.363286018371582031e-01
2.226321697235107422e-01
2.359001636505126953e-01
2.379546165466308594e-01
2.302596569061279297e-01
2.205367088317871094e-01
1.599009037017822266e-01
2.033720016479492188e-01
1.802358627319335938e-01
1.613788604736328125e-01
1.587498188018798828e-01
2.239036560058593750e-01
2.330875396728515625e-01
2.496278285980224609e-01
2.501382827758789062e-01
2.502408027648925781e-01
2.505619525909423828e-01
2.512934207916259766e-01
1.153779029846191406e-02
1.305017471313476562e-01
1.991887092590332031e-01
1.666605472564697266e-01
1.865174770355224609e-01
2.215466499328613281e-01
2.271847724914550781e-01
2.385084629058837891e-01
2.167863845825195312e-01
2.335186004638671875e-01
2.318305969238281250e-01
2.275464534759521484e-01
1.645143032073974609e-01
2.488708496093750000e-01
2.496008872985839844e-01
2.486925125122070312e-01
2.458901405334472656e-01
2.433848381042480469e-01
2.417025566101074219e-01
2.451689243316650391e-01
2.446408271789550781e-01
2.446370124816894531e-01
2.448706626892089844e-01
2.444961071014404297e-01
2.445700168609619141e-01
1.139509677886962891e-01
1.567318439483642578e-01
1.810998916625976562e-01
1.676623821258544922e-01
2.242202758789062500e-01
2.230665683746337891e-01
2.516298294067382812e-01
1.206493377685546875e-02
2.371177673339843750e-01
2.299435138702392578e-01
2.354271411895751953e-01
2.310025691986083984e-01
2.502903938293457031e-01
2.441926002502441406e-01
2.415251731872558594e-01
2.411363124847412109e-01
2.412903308868408203e-01
1.812555789947509766e-01
2.468895912170410156e-01
2.453951835632324219e-01
2.429516315460205078e-01
2.413229942321777344e-01
2.408602237701416016e-01
2.396035194396972656e-01
1.527953147888183594e-01
2.050921916961669922e-01
2.037501335144042969e-01
2.371587753295898438e-01
2.406184673309326172e-01
1.738567352294921875e-01
2.463614940643310547e-01
2.453103065490722656e-01
2.455692291259765625e-01
2.296617031097412109e-01
2.352883815765380859e-01
1.797001361846923828e-01
2.423706054687500000e-01
2.445812225341796875e-01
2.453947067260742188e-01
1.974058151245117188e-02
2.431359291076660156e-01
2.429339885711669922e-01
2.486433982849121094e-01
2.462756633758544922e-01
2.461638450622558594e-01
2.449133396148681641e-01
2.451326847076416016e-01
2.453699111938476562e-01
2.166097164154052734e-01
1.904194355010986328e-01
2.496731281280517578e-01
2.469379901885986328e-01
2.469344139099121094e-01
1.839306354522705078e-01
2.542243003845214844e-01
2.503037452697753906e-01
2.467815876007080078e-01
2.451364994049072266e-01
2.265653610229492188e-01
1.242704391479492188e-01
2.523679733276367188e-01
2.461385726928710938e-01
2.439732551574707031e-01
2.415146827697753906e-01
2.419400215148925781e-01
2.414424419403076172e-01
2.436733245849609375e-01
2.442398071289062500e-01
2.440280914306640625e-01
2.438900470733642578e-01
2.440583705902099609e-01
1.690745353698730469e-02
1.176459789276123047e-01
2.005584239959716797e-01
1.687750816345214844e-01
2.123005390167236328e-01
2.273726463317871094e-01
2.237787246704101562e-01
2.482223510742187500e-01
2.466332912445068359e-01
2.459528446197509766e-01
2.459897994995117188e-01
2.437667846679687500e-01
2.007532119750976562e-01
2.412791252136230469e-01
2.440247535705566406e-01
2.447414398193359375e-01
2.454202175140380859e-01
2.448558807373046875e-01
2.450823783874511719e-01
2.441458702087402344e-01
2.437458038330078125e-01
2.439033985137939453e-01
2.434625625610351562e-01
2.432928085327148438e-01
1.851968765258789062e-01
1.301569938659667969e-01
1.829769611358642578e-01
1.648232936859130859e-01
2.419567108154296875e-01
2.313921451568603516e-01
2.400991916656494141e-01
2.349698543548583984e-01
2.927064895629882812e-02
2.445695400238037109e-01
2.420599460601806641e-01
2.409684658050537109e-01
2.406976222991943359e-01
2.412383556365966797e-01
2.348496913909912109e-01
2.307279109954833984e-01
2.334165573120117188e-01
2.374193668365478516e-01
1.343832015991210938e-01
2.408485412597656250e-01
2.379817962646484375e-01
2.360758781433105469e-01
2.359428405761718750e-01
2.388679981231689453e-01
2.385323047637939453e-01
8.783936500549316406e-02
1.823685169219970703e-01
1.905772686004638672e-01
2.067315578460693359e-01
2.323770523071289062e-01
2.372322082519531250e-01
2.491347789764404297e-01
2.461493015289306641e-01
2.431333065032958984e-01
2.442910671234130859e-01
2.449703216552734375e-01
2.453768253326416016e-01
2.483019828796386719e-01
2.289538383483886719e-01
2.106370925903320312e-01
9.276866912841796875e-02
2.413277626037597656e-01
2.395806312561035156e-01
2.455565929412841797e-01
2.423682212829589844e-01
2.399177551269531250e-01
2.405238151550292969e-01
2.418541908264160156e-01
2.433419227600097656e-01
1.912248134613037109e-01
1.679639816284179688e-01
2.011296749114990234e-01
2.199041843414306641e-01
2.162702083587646484e-01
1.272873878479003906e-01
2.405824661254882812e-01
2.351236343383789062e-01
2.352907657623291016e-01
2.367224693298339844e-01
2.343289852142333984e-01
2.341971397399902344e-01
2.520737648010253906e-01
2.441167831420898438e-01
2.253074645996093750e-01
2.336668968200683594e-01
2.330465316772460938e-01
1.677091121673583984e-01
2.547562122344970703e-01
2.462720870971679688e-01
2.442271709442138672e-01
2.419335842132568359e-01
2.424252033233642578e-01
1.157021522521972656e-02
2.144947052001953125e-01
1.800148487091064453e-01
2.437710762023925781e-01
2.474663257598876953e-01
1.269114017486572266e-01
1.273233890533447266e-01
2.425827980041503906e-01
2.395572662353515625e-01
2.391388416290283203e-01
2.396245002746582031e-01
2.371063232421875000e-01
2.348449230194091797e-01
2.497637271881103516e-01
2.442488670349121094e-01
2.436158657073974609e-01
2.463288307189941406e-01
2.470698356628417969e-01
1.862146854400634766e-01
2.432069778442382812e-01
2.420146465301513672e-01
2.380065917968750000e-01
2.382035255432128906e-01
2.382915019989013672e-01
2.384216785430908203e-01
2.228307723999023438e-01
1.913855075836181641e-01
2.510042190551757812e-01
2.533280849456787109e-01
2.503874301910400391e-01
1.866917610168457031e-01
2.533159255981445312e-01
1.153826713562011719e-02
2.309992313385009766e-01
2.380163669586181641e-01
2.376112937927246094e-01
2.393884658813476562e-01
2.374215126037597656e-01
2.359161376953125000e-01
2.310240268707275391e-01
2.293353080749511719e-01
2.507655620574951172e-01
1.894273757934570312e-01
2.497570514678955078e-01
2.471563816070556641e-01
2.426261901855468750e-01
2.417120933532714844e-01
2.418339252471923828e-01
1.820602416992187500e-01
2.171311378479003906e-01
1.992328166961669922e-01
1.755249500274658203e-01
1.460716724395751953e-01
2.190189361572265625e-01
1.108329296112060547e-01
2.457234859466552734e-01
2.439460754394531250e-01
2.412333488464355469e-01
2.416486740112304688e-01
2.390544414520263672e-01
2.367503643035888672e-01
2.510497570037841797e-01
2.457485198974609375e-01
2.438557147979736328e-01
1.115298271179199219e-02
2.243247032165527344e-01
2.360270023345947266e-01
2.461142539978027344e-01
2.454731464385986328e-01
2.449183464050292969e-01
2.421998977661132812e-01
2.424349784851074219e-01
2.425761222839355469e-01
2.057216167449951172e-01
2.254087924957275391e-01
2.310504913330078125e-01
2.399578094482421875e-01
1.156363487243652344e-01
1.204149723052978516e-01
2.518053054809570312e-01
2.479896545410156250e-01
2.465338706970214844e-01
2.451796531677246094e-01
2.439582347869873047e-01
1.832382678985595703e-01
2.440843582153320312e-01
2.440624237060546875e-01
2.379536628723144531e-01
2.289566993713378906e-01
2.265462875366210938e-01
2.242884635925292969e-01
2.520623207092285156e-01
2.517685890197753906e-01
2.503769397735595703e-01
2.469966411590576172e-01
2.444970607757568359e-01
1.211071014404296875e-02
2.380201816558837891e-01
2.363836765289306641e-01
2.403390407562255859e-01
2.315707206726074219e-01
1.624758243560791016e-01
1.274516582489013672e-01
2.440097332000732422e-01
2.485525608062744141e-01
2.498853206634521484e-01
2.473464012145996094e-01
2.463235855102539062e-01
2.448923587799072266e-01
2.438740730285644531e-01
2.440781593322753906e-01
2.441866397857666016e-01
2.441663742065429688e-01
2.426359653472900391e-01
2.443797588348388672e-01
2.400999069213867188e-01
2.393209934234619141e-01
2.337868213653564453e-01
2.340772151947021484e-01
2.323346138000488281e-01
1.613647937774658203e-01
1.819603443145751953e-01
2.221448421478271484e-01
2.297959327697753906e-01
2.343623638153076172e-01
1.863336563110351562e-01
1.226997375488281250e-01
2.414915561676025391e-01
1.152181625366210938e-02
2.215692996978759766e-01
2.381203174591064453e-01
2.352902889251708984e-01
2.392294406890869141e-01
2.415938377380371094e-01
2.434287071228027344e-01
2.438545227050781250e-01
2.412919998168945312e-01
2.418546676635742188e-01
2.416610717773437500e-01
2.403287887573242188e-01
2.452530860900878906e-01
2.338931560516357422e-01
2.383189201354980469e-01
2.344458103179931641e-01
1.730861663818359375e-01
2.293906211853027344e-01
2.355391979217529297e-01
2.375485897064208984e-01
2.367191314697265625e-01
1.713109016418457031e-01
6.154847145080566406e-02
2.512822151184082031e-01
2.449505329132080078e-01
2.436287403106689453e-01
2.419581413269042969e-01
2.407686710357666016e-01
2.401070594787597656e-01
2.496070861816406250e-01
2.532956600189208984e-01
2.488803863525390625e-01
1.236248016357421875e-02
2.294921875000000000e-01
2.435910701751708984e-01
2.527539730072021484e-01
2.426605224609375000e-01
2.400751113891601562e-01
2.488114833831787109e-01
2.503426074981689453e-01
1.858837604522705078e-01
2.313685417175292969e-01
2.446002960205078125e-01
2.448322772979736328e-01
2.397761344909667969e-01
2.422461509704589844e-01
1.204261779785156250e-01
2.478785514831542969e-01
2.467424869537353516e-01
2.465460300445556641e-01
2.463753223419189453e-01
2.463119029998779297e-01
2.501502037048339844e-01
2.465350627899169922e-01
2.431652545928955078e-01
2.434949874877929688e-01
2.421581745147705078e-01
2.422845363616943359e-01
2.418611049652099609e-01
2.503733634948730469e-01
2.478866577148437500e-01
2.442770004272460938e-01
2.435233592987060547e-01
2.175941467285156250e-01
1.129803657531738281e-01
1.700396537780761719e-01
1.688294410705566406e-01
2.503547668457031250e-01
2.392904758453369141e-01
1.735715866088867188e-01
1.762919425964355469e-01
2.464447021484375000e-01
2.417330741882324219e-01
2.348926067352294922e-01
2.284734249114990234e-01
2.357981204986572266e-01
1.478617191314697266e-01
2.442128658294677734e-01
2.422454357147216797e-01
2.413198947906494141e-01
2.387423515319824219e-01
2.375335693359375000e-01
2.350783348083496094e-01
2.392420768737792969e-01
2.375929355621337891e-01
2.375392913818359375e-01
2.344152927398681641e-01
2.316341400146484375e-01
1.807963848114013672e-01
2.036268711090087891e-01
1.558103561401367188e-01
2.135524749755859375e-01
1.944148540496826172e-01
1.380550861358642578e-01
1.466617584228515625e-01
2.442176342010498047e-01
1.170921325683593750e-02
2.220077514648437500e-01
2.283542156219482422e-01
2.386295795440673828e-01
2.385072708129882812e-01
2.370810508728027344e-01
2.329268455505371094e-01
2.328994274139404297e-01
2.385771274566650391e-01
2.383224964141845703e-01
1.794824600219726562e-01
2.453584671020507812e-01
2.429482936859130859e-01
2.391843795776367188e-01
2.366108894348144531e-01
2.341802120208740234e-01
1.748168468475341797e-01
1.261911392211914062e-01
1.901407241821289062e-01
1.631186008453369141e-01
1.909072399139404297e-01
2.255213260650634766e-01
2.306244373321533203e-01
2.440447807312011719e-01
2.390713691711425781e-01
2.345867156982421875e-01
2.395658493041992188e-01
2.409560680389404297e-01
1.851558685302734375e-01
2.463910579681396484e-01
2.370793819427490234e-01
2.348110675811767578e-01
1.172518730163574219e-02
2.219357490539550781e-01
2.363109588623046875e-01
2.428600788116455078e-01
2.378473281860351562e-01
2.359828948974609375e-01
2.342026233673095703e-01
2.313251495361328125e-01
2.273030281066894531e-01
2.059636116027832031e-01
1.971163749694824219e-01
2.424550056457519531e-01
8.625531196594238281e-02
1.579434871673583984e-01
1.891305446624755859e-01
2.495265007019042969e-01
2.413630485534667969e-01
2.360670566558837891e-01
2.405741214752197266e-01
2.401621341705322266e-01
2.409894466400146484e-01
2.407414913177490234e-01
2.487497329711914062e-01
2.445001602172851562e-01
2.451374530792236328e-01
2.433421611785888672e-01
1.240878105163574219e-01
2.435264587402343750e-01
2.386555671691894531e-01
2.362732887268066406e-01
2.387564182281494141e-01
2.387285232543945312e-01
1.108503341674804688e-02
1.486358642578125000e-01
1.579439640045166016e-01
2.074506282806396484e-01
1.983740329742431641e-01
1.817150115966796875e-01
1.639518737792968750e-01
2.539920806884765625e-01
2.427151203155517578e-01
2.419281005859375000e-01
2.393114566802978516e-01
2.399895191192626953e-01
2.394199371337890625e-01
2.506461143493652344e-01
2.441172599792480469e-01
2.376315593719482422e-01
2.356917858123779297e-01
2.352008819580078125e-01
2.278583049774169922e-01
2.371706962585449219e-01
2.360177040100097656e-01
2.361605167388916016e-01
2.340512275695800781e-01
2.363057136535644531e-01
2.363591194152832031e-01
1.660022735595703125e-01
1.639692783355712891e-01
2.143747806549072266e-01
2.298009395599365234e-01
1.822938919067382812e-01
1.822793483734130859e-01
2.518863677978515625e-01
1.165318489074707031e-02
2.356312274932861328e-01
2.367043495178222656e-01
2.352576255798339844e-01
2.397158145904541016e-01
2.511365413665771484e-01
2.444415092468261719e-01
2.402379512786865234e-01
2.403445243835449219e-01
2.351067066192626953e-01
2.301836013793945312e-01
2.497534751892089844e-01
2.491190433502197266e-01
2.451696395874023438e-01
2.431216239929199219e-01
2.411248683929443359e-01
2.409837245941162109e-01
1.654272079467773438e-01
1.272935867309570312e-01
1.837053298950195312e-01
2.027015686035156250e-01
1.957285404205322266e-01
1.840677261352539062e-01
2.470610141754150391e-01
2.455914020538330078e-01
2.454278469085693359e-01
2.450428009033203125e-01
2.455475330352783203e-01
2.451505661010742188e-01
2.482938766479492188e-01
2.470684051513671875e-01
2.457425594329833984e-01
1.932883262634277344e-02
2.377634048461914062e-01
2.376515865325927734e-01
2.571766376495361328e-01
2.522597312927246094e-01
2.454621791839599609e-01
2.446608543395996094e-01
2.449347972869873047e-01
1.862289905548095703e-01
1.102550029754638672e-01
1.657419204711914062e-01
2.064914703369140625e-01
2.214677333831787109e-01
2.284922599792480469e-01
2.435762882232666016e-01
2.507052421569824219e-01
2.507958412170410156e-01
2.508268356323242188e-01
2.524220943450927734e-01
2.489912509918212891e-01
2.469274997711181641e-01
2.518105506896972656e-01
2.526056766510009766e-01
2.463321685791015625e-01
2.444908618927001953e-01
2.428355216979980469e-01
2.430934906005859375e-01
2.527191638946533203e-01
2.458724975585937500e-01
2.411453723907470703e-01
2.414498329162597656e-01
2.417538166046142578e-01
1.113939285278320312e-02
1.145577430725097656e-01
1.749641895294189453e-01
2.227790355682373047e-01
2.227942943572998047e-01
2.209837436676025391e-01
2.209460735321044922e-01
2.310042381286621094e-01
2.371766567230224609e-01
2.445840835571289062e-01
2.461192607879638672e-01
2.464020252227783203e-01
1.270570755004882812e-01
2.279667854309082031e-01
2.164797782897949219e-01
1.986162662506103516e-01
1.698358058929443359e-01
1.650872230529785156e-01
1.857104301452636719e-01
2.501497268676757812e-01
2.500636577606201172e-01
2.440876960754394531e-01
2.413470745086669922e-01
2.410004138946533203e-01
2.414326667785644531e-01
1.218061447143554688e-01
2.006490230560302734e-01
2.367212772369384766e-01
2.341153621673583984e-01
2.404117584228515625e-01
2.082850933074951172e-01
2.482078075408935547e-01
1.526641845703125000e-02
2.308149337768554688e-01
2.395672798156738281e-01
2.298812866210937500e-01
2.414402961730957031e-01
2.470839023590087891e-01
2.446944713592529297e-01
2.422122955322265625e-01
2.399959564208984375e-01
2.381286621093750000e-01
2.399055957794189453e-01
2.514145374298095703e-01
2.444241046905517578e-01
2.401456832885742188e-01
2.398211956024169922e-01
2.399363517761230469e-01
2.402100563049316406e-01
9.149837493896484375e-02
1.692130565643310547e-01
2.272036075592041016e-01
2.026672363281250000e-01
2.369625568389892578e-01
1.801896095275878906e-01
2.521119117736816406e-01
2.478528022766113281e-01
2.300896644592285156e-01
2.357542514801025391e-01
2.350330352783203125e-01
1.656472682952880859e-01
2.559258937835693359e-01
2.515554428100585938e-01
2.440595626831054688e-01
1.124334335327148438e-02
2.249689102172851562e-01
2.295539379119873047e-01
2.508995532989501953e-01
2.490921020507812500e-01
2.505347728729248047e-01
2.487061023712158203e-01
2.451465129852294922e-01
2.431209087371826172e-01
8.771824836730957031e-02
1.864621639251708984e-01
1.918780803680419922e-01
2.409830093383789062e-01
2.409751415252685547e-01
2.377634048461914062e-01
2.510442733764648438e-01
2.444221973419189453e-01
2.402665615081787109e-01
2.151470184326171875e-01
2.200415134429931641e-01
1.954123973846435547e-01
2.542786598205566406e-01
2.459759712219238281e-01
2.408702373504638672e-01
2.380712032318115234e-01
2.342836856842041016e-01
1.696045398712158203e-01
2.501196861267089844e-01
2.435154914855957031e-01
2.412836551666259766e-01
2.391881942749023438e-01
2.372202873229980469e-01
1.136779785156250000e-02
1.915354728698730469e-01
2.064189910888671875e-01
2.296450138092041016e-01
1.648292541503906250e-01
1.717526912689208984e-01
1.858413219451904297e-01
2.476789951324462891e-01
2.424135208129882812e-01
2.394919395446777344e-01
2.280826568603515625e-01
2.071814537048339844e-01
1.925673484802246094e-01
2.475883960723876953e-01
2.387001514434814453e-01
2.385323047637939453e-01
2.339003086090087891e-01
2.361991405487060547e-01
2.363338470458984375e-01
2.531692981719970703e-01
2.468473911285400391e-01
2.474575042724609375e-01
2.478840351104736328e-01
2.475738525390625000e-01
2.474870681762695312e-01
1.639425754547119141e-01
1.565458774566650391e-01
1.785786151885986328e-01
2.258837223052978516e-01
2.098603248596191406e-01
1.855041980743408203e-01
2.505829334259033203e-01
1.483392715454101562e-02
2.412405014038085938e-01
2.358965873718261719e-01
2.324831485748291016e-01
2.339088916778564453e-01
2.448794841766357422e-01
2.452511787414550781e-01
2.450380325317382812e-01
2.448418140411376953e-01
2.445497512817382812e-01
2.434909343719482422e-01
2.488691806793212891e-01
2.468004226684570312e-01
2.460327148437500000e-01
2.453722953796386719e-01
2.445652484893798828e-01
2.455585002899169922e-01
2.043838500976562500e-01
1.637153625488281250e-01
1.837432384490966797e-01
1.722953319549560547e-01
1.638405323028564453e-01
2.204558849334716797e-01
2.484471797943115234e-01
2.449612617492675781e-01
2.448294162750244141e-01
2.425599098205566406e-01
2.438595294952392578e-01
2.441763877868652344e-01
2.222566604614257812e-01
2.331588268280029297e-01
2.350330352783203125e-01
3.543424606323242188e-02
2.411558628082275391e-01
2.435283660888671875e-01
2.467250823974609375e-01
2.474951744079589844e-01
2.463054656982421875e-01
2.450323104858398438e-01
2.443530559539794922e-01
1.850826740264892578e-01
1.339757442474365234e-01
2.083265781402587891e-01
2.016768455505371094e-01
2.347548007965087891e-01
2.347106933593750000e-01
2.349469661712646484e-01
2.475879192352294922e-01
2.503862380981445312e-01
2.502322196960449219e-01
2.503304481506347656e-01
2.502620220184326172e-01
2.504801750183105469e-01
2.500605583190917969e-01
2.282230854034423828e-01
2.377867698669433594e-01
2.400276660919189453e-01
2.385056018829345703e-01
1.827449798583984375e-01
2.505021095275878906e-01
2.501931190490722656e-01
2.464201450347900391e-01
2.461650371551513672e-01
2.448332309722900391e-01
1.734662055969238281e-02
1.521675586700439453e-01
1.970534324645996094e-01
1.895020008087158203e-01
2.349593639373779297e-01
2.359685897827148438e-01
2.254772186279296875e-01
2.471110820770263672e-01
2.481167316436767578e-01
2.471582889556884766e-01
2.455446720123291016e-01
2.441344261169433594e-01
2.435948848724365234e-01
2.461760044097900391e-01
2.417836189270019531e-01
2.257452011108398438e-01
2.314178943634033203e-01
2.360701560974121094e-01
1.076087951660156250e-01
2.496585845947265625e-01
2.506186962127685547e-01
2.496838569641113281e-01
2.499666213989257812e-01
2.498202323913574219e-01
2.501356601715087891e-01
8.048272132873535156e-02
2.102081775665283203e-01
1.900115013122558594e-01
2.143514156341552734e-01
2.069556713104248047e-01
1.842136383056640625e-01
2.485895156860351562e-01
1.588940620422363281e-02
2.397291660308837891e-01
2.391283512115478516e-01
2.369036674499511719e-01
2.407274246215820312e-01
2.512419223785400391e-01
2.502233982086181641e-01
2.491531372070312500e-01
2.244927883148193359e-01
2.365777492523193359e-01
1.848344802856445312e-01
2.479348182678222656e-01
2.471010684967041016e-01
2.467625141143798828e-01
2.451436519622802734e-01
2.460122108459472656e-01
2.456364631652832031e-01
2.160823345184326172e-01
1.864748001098632812e-01
2.476499080657958984e-01
2.412011623382568359e-01
2.304515838623046875e-01
1.245512962341308594e-01
2.514386177062988281e-01
2.470560073852539062e-01
2.449750900268554688e-01
2.447483539581298828e-01
2.434785366058349609e-01
2.444343566894531250e-01
2.534072399139404297e-01
2.533919811248779297e-01
2.516689300537109375e-01
1.255750656127929688e-02
2.435655593872070312e-01
2.284939289093017578e-01
2.479567527770996094e-01
2.453939914703369141e-01
2.446594238281250000e-01
2.444429397583007812e-01
2.446134090423583984e-01
2.449676990509033203e-01
1.921584606170654297e-01
2.328042984008789062e-01
2.352492809295654297e-01
2.375340461730957031e-01
1.710388660430908203e-01
1.699180603027343750e-01
2.517001628875732422e-01
2.480270862579345703e-01
2.463891506195068359e-01
2.437665462493896484e-01
2.443251609802246094e-01
2.456383705139160156e-01
2.536749839782714844e-01
2.536518573760986328e-01
2.546918392181396484e-01
2.522702217102050781e-01
2.481405735015869141e-01
1.937849521636962891e-01
2.472865581512451172e-01
2.445671558380126953e-01
2.436439990997314453e-01
2.433385848999023438e-01
2.449254989624023438e-01
1.749682426452636719e-02
2.007107734680175781e-01
1.857690811157226562e-01
2.395713329315185547e-01
2.358822822570800781e-01
2.381038665771484375e-01
1.785163879394531250e-01
2.518453598022460938e-01
2.512583732604980469e-01
2.491550445556640625e-01
2.445206642150878906e-01
2.412567138671875000e-01
2.396905422210693359e-01
2.528107166290283203e-01
2.543582916259765625e-01
2.554183006286621094e-01
2.519569396972656250e-01
2.465567588806152344e-01
2.444760799407958984e-01
2.373065948486328125e-01
2.485456466674804688e-01
2.477858066558837891e-01
2.449252605438232422e-01
2.463490962982177734e-01
1.872351169586181641e-01
2.000653743743896484e-01
2.216382026672363281e-01
2.362666130065917969e-01
2.334523200988769531e-01
1.683490276336669922e-01
1.616685390472412109e-01
2.519097328186035156e-01
1.195526123046875000e-02
2.450387477874755859e-01
2.457244396209716797e-01
2.465038299560546875e-01
2.485592365264892578e-01
2.532730102539062500e-01
2.528414726257324219e-01
2.505874633789062500e-01
2.502076625823974609e-01
2.490088939666748047e-01
2.512459754943847656e-01
2.485461235046386719e-01
2.279756069183349609e-01
2.317657470703125000e-01
2.355780601501464844e-01
2.288002967834472656e-01
1.599247455596923828e-01
1.701359748840332031e-01
1.658911705017089844e-01
1.837663650512695312e-01
2.206966876983642578e-01
2.051670551300048828e-01
1.732895374298095703e-01
2.448287010192871094e-01
2.418398857116699219e-01
2.418432235717773438e-01
2.399139404296875000e-01
2.352252006530761719e-01
2.184107303619384766e-01
2.439868450164794922e-01
2.420320510864257812e-01
2.411577701568603516e-01
2.298045158386230469e-02
2.421047687530517578e-01
2.469942569732666016e-01
2.466528415679931641e-01
2.435455322265625000e-01
2.212884426116943359e-01
2.347948551177978516e-01
2.331311702728271484e-01
1.779494285583496094e-01
1.212766170501708984e-01
1.571519374847412109e-01
2.095510959625244141e-01
1.981673240661621094e-01
2.396101951599121094e-01
2.371075153350830078e-01
2.451019287109375000e-01
2.412865161895751953e-01
2.352857589721679688e-01
2.250890731811523438e-01
2.046754360198974609e-01
1.771070957183837891e-01
2.208793163299560547e-01
1.816053390502929688e-01
1.536395549774169922e-01
1.560592651367187500e-01
2.246005535125732422e-01
2.386198043823242188e-01
2.434329986572265625e-01
2.406413555145263672e-01
2.377483844757080078e-01
2.099461555480957031e-01
2.341279983520507812e-01
5.339121818542480469e-02
8.600330352783203125e-02
1.657233238220214844e-01
2.234494686126708984e-01
2.295188903808593750e-01
2.364521026611328125e-01
2.339715957641601562e-01
2.525482177734375000e-01
2.509264945983886719e-01
2.511665821075439453e-01
2.520098686218261719e-01
2.497422695159912109e-01
2.500865459442138672e-01
2.490739822387695312e-01
2.453119754791259766e-01
2.449011802673339844e-01
2.459609508514404297e-01
2.471318244934082031e-01
1.869246959686279297e-01
2.490534782409667969e-01
2.468385696411132812e-01
2.445960044860839844e-01
2.461452484130859375e-01
2.276506423950195312e-01
1.969289779663085938e-01
2.096328735351562500e-01
2.236652374267578125e-01
2.277550697326660156e-01
2.341659069061279297e-01
2.354991436004638672e-01
1.705787181854248047e-01
2.525098323822021484e-01
1.202201843261718750e-02
2.405982017517089844e-01
2.431566715240478516e-01
2.410264015197753906e-01
2.413604259490966797e-01
2.492914199829101562e-01
2.473971843719482422e-01
2.471673488616943359e-01
2.466821670532226562e-01
2.468569278717041016e-01
2.472248077392578125e-01
2.515671253204345703e-01
2.482979297637939453e-01
2.458844184875488281e-01
2.462832927703857422e-01
2.438368797302246094e-01
1.970379352569580078e-01
1.159348487854003906e-01
2.275352478027343750e-01
2.137887477874755859e-01
1.989192962646484375e-01
1.814661026000976562e-01
1.569180488586425781e-01
2.480063438415527344e-01
2.448935508728027344e-01
2.401754856109619141e-01
2.424089908599853516e-01
2.435266971588134766e-01
1.849069595336914062e-01
2.585937976837158203e-01
2.514135837554931641e-01
2.443490028381347656e-01
1.116442680358886719e-02
2.361280918121337891e-01
2.403855323791503906e-01
2.419192790985107422e-01
2.445907592773437500e-01
2.455148696899414062e-01
2.448921203613281250e-01
2.446572780609130859e-01
2.452797889709472656e-01
9.651017189025878906e-02
1.827487945556640625e-01
2.116019725799560547e-01
2.138857841491699219e-01
2.230451107025146484e-01
2.318060398101806641e-01
2.521445751190185547e-01
2.527449131011962891e-01
2.508385181427001953e-01
2.487864494323730469e-01
2.469682693481445312e-01
2.475404739379882812e-01
2.524108886718750000e-01
2.473537921905517578e-01
2.449705600738525391e-01
2.434017658233642578e-01
2.421588897705078125e-01
2.399718761444091797e-01
2.496995925903320312e-01
2.441821098327636719e-01
2.446737289428710938e-01
2.451498508453369141e-01
2.449033260345458984e-01
1.371431350708007812e-02
2.300386428833007812e-01
1.965072154998779297e-01
2.219824790954589844e-01
2.265527248382568359e-01
2.291169166564941406e-01
1.658232212066650391e-01
2.517628669738769531e-01
2.506737709045410156e-01
2.508888244628906250e-01
2.527413368225097656e-01
2.496385574340820312e-01
2.470567226409912109e-01
2.475669384002685547e-01
2.464115619659423828e-01
2.447156906127929688e-01
2.466750144958496094e-01
2.431998252868652344e-01
2.464821338653564453e-01
2.555248737335205078e-01
2.518122196197509766e-01
2.472143173217773438e-01
2.414085865020751953e-01
2.411718368530273438e-01
2.442622184753417969e-01
2.248370647430419922e-01
2.298898696899414062e-01
2.263748645782470703e-01
2.248251438140869141e-01
2.223963737487792969e-01
1.053011417388916016e-01
2.454876899719238281e-01
1.164126396179199219e-02
2.266581058502197266e-01
2.386121749877929688e-01
2.386026382446289062e-01
2.385647296905517578e-01
2.437376976013183594e-01
2.496945858001708984e-01
2.449679374694824219e-01
2.454266548156738281e-01
2.463572025299072266e-01
1.813068389892578125e-01
2.373225688934326172e-01
2.422866821289062500e-01
2.440793514251708984e-01
2.412805557250976562e-01
2.392041683197021484e-01
2.398037910461425781e-01
2.344470024108886719e-01
2.021434307098388672e-01
2.228403091430664062e-01
2.121827602386474609e-01
9.489321708679199219e-02
6.173706054687500000e-02
2.397131919860839844e-01
2.437326908111572266e-01
2.411544322967529297e-01
2.408452033996582031e-01
2.388591766357421875e-01
2.394042015075683594e-01
2.461750507354736328e-01
2.442421913146972656e-01
2.377119064331054688e-01
1.127028465270996094e-02
2.237784862518310547e-01
2.371485233306884766e-01
2.419881820678710938e-01
2.392542362213134766e-01
2.444264888763427734e-01
2.434802055358886719e-01
2.396547794342041016e-01
2.436010837554931641e-01
2.432630062103271484e-01
2.450149059295654297e-01
2.447059154510498047e-01
2.328927516937255859e-01
1.283414363861083984e-01
6.146335601806640625e-02
2.439382076263427734e-01
2.420842647552490234e-01
2.396941184997558594e-01
2.359671592712402344e-01
2.341299057006835938e-01
2.378671169281005859e-01
2.433793544769287109e-01
2.421355247497558594e-01
2.393934726715087891e-01
2.329988479614257812e-01
2.324619293212890625e-01
2.324943542480468750e-01
2.467343807220458984e-01
2.485699653625488281e-01
2.455041408538818359e-01
2.451989650726318359e-01
2.433052062988281250e-01
1.139783859252929688e-02
2.351298332214355469e-01
2.418262958526611328e-01
2.396657466888427734e-01
1.891160011291503906e-01
1.273558139801025391e-01
6.165361404418945312e-02
2.450165748596191406e-01
2.426445484161376953e-01
2.386834621429443359e-01
2.411329746246337891e-01
2.411041259765625000e-01
2.415769100189208984e-01
2.402455806732177734e-01
2.392561435699462891e-01
2.395477294921875000e-01
2.372505664825439453e-01
2.373058795928955078e-01
2.399816513061523438e-01
2.370543479919433594e-01
2.417430877685546875e-01
2.376735210418701172e-01
2.407405376434326172e-01
2.413840293884277344e-01
1.768059730529785156e-01
2.074785232543945312e-01
2.340316772460937500e-01
2.346034049987792969e-01
2.381284236907958984e-01
1.762354373931884766e-01
1.177444458007812500e-01
2.323362827301025391e-01
8.873820304870605469e-02
2.179210186004638672e-01
2.180597782135009766e-01
2.200188636779785156e-01
2.203276157379150391e-01
2.395968437194824219e-01
2.439622879028320312e-01
2.407283782958984375e-01
2.406682968139648438e-01
2.407381534576416016e-01
2.377598285675048828e-01
2.413954734802246094e-01
2.464025020599365234e-01
2.431969642639160156e-01
2.433204650878906250e-01
2.431962490081787109e-01
2.438342571258544922e-01
2.272279262542724609e-01
2.044880390167236328e-01
1.703104972839355469e-01
1.556577682495117188e-01
1.989946365356445312e-01
1.693077087402343750e-01
2.446265220642089844e-01
2.365725040435791016e-01
2.366521358489990234e-01
2.396979331970214844e-01
2.412858009338378906e-01
6.578874588012695312e-02
2.415509223937988281e-01
2.391803264617919922e-01
2.372062206268310547e-01
1.104283332824707031e-02
2.229235172271728516e-01
2.368237972259521484e-01
2.439439296722412109e-01
2.441513538360595703e-01
2.389981746673583984e-01
2.391564846038818359e-01
2.372417449951171875e-01
2.370440959930419922e-01
2.423648834228515625e-01
2.452268600463867188e-01
2.460286617279052734e-01
2.458593845367431641e-01
1.858940124511718750e-01
1.253659725189208984e-01
2.513029575347900391e-01
2.411665916442871094e-01
2.337446212768554688e-01
2.315623760223388672e-01
2.403521537780761719e-01
1.422364711761474609e-01
2.490174770355224609e-01
2.398731708526611328e-01
2.376286983489990234e-01
2.377560138702392578e-01
2.376904487609863281e-01
2.383716106414794922e-01
2.473599910736083984e-01
2.407960891723632812e-01
2.375888824462890625e-01
2.352821826934814453e-01
2.377412319183349609e-01
1.130199432373046875e-02
2.170753479003906250e-01
2.009744644165039062e-01
1.538653373718261719e-01
1.881988048553466797e-01
2.202188968658447266e-01
1.821115016937255859e-01
2.472980022430419922e-01
2.484304904937744141e-01
2.460765838623046875e-01
2.410666942596435547e-01
2.319185733795166016e-01
1.720511913299560547e-01
2.520222663879394531e-01
2.538447380065917969e-01
2.501702308654785156e-01
2.396793365478515625e-01
2.366118431091308594e-01
2.378466129302978516e-01
2.528245449066162109e-01
2.458252906799316406e-01
2.365825176239013672e-01
2.366929054260253906e-01
2.367446422576904297e-01
2.393491268157958984e-01
2.455091476440429688e-01
2.402417659759521484e-01
2.420387268066406250e-01
2.415745258331298828e-01
1.802375316619873047e-01
1.298201084136962891e-01
2.576858997344970703e-01
1.145482063293457031e-02
2.336866855621337891e-01
2.381415367126464844e-01
2.374601364135742188e-01
2.263355255126953125e-01
2.502076625823974609e-01
2.422316074371337891e-01
2.381112575531005859e-01
2.381589412689208984e-01
2.404952049255371094e-01
1.816115379333496094e-01
2.527453899383544922e-01
2.390682697296142578e-01
2.366878986358642578e-01
2.364690303802490234e-01
2.366449832916259766e-01
2.368319034576416016e-01
2.147085666656494141e-01
1.977131366729736328e-01
1.701896190643310547e-01
1.449222564697265625e-01
2.192561626434326172e-01
2.394583225250244141e-01
2.521622180938720703e-01
2.499876022338867188e-01
2.443168163299560547e-01
2.417654991149902344e-01
2.407422065734863281e-01
1.915931701660156250e-01
2.402350902557373047e-01
2.399957180023193359e-01
2.398676872253417969e-01
1.232409477233886719e-02
2.230215072631835938e-01
2.302412986755371094e-01
2.519109249114990234e-01
2.453148365020751953e-01
2.432157993316650391e-01
2.409338951110839844e-01
2.406780719757080078e-01
2.400414943695068359e-01
2.110400199890136719e-01
2.045419216156005859e-01
1.893358230590820312e-01
1.744408607482910156e-01
2.030258178710937500e-01
1.644132137298583984e-01
2.513213157653808594e-01
2.461884021759033203e-01
2.433133125305175781e-01
2.397365570068359375e-01
2.397630214691162109e-01
1.755445003509521484e-01
2.341229915618896484e-01
2.374987602233886719e-01
2.407531738281250000e-01
2.415401935577392578e-01
2.414553165435791016e-01
1.796324253082275391e-01
2.506923675537109375e-01
2.481458187103271484e-01
2.479431629180908203e-01
2.446568012237548828e-01
2.461798191070556641e-01
1.132917404174804688e-02
1.826360225677490234e-01
1.671731472015380859e-01
1.838581562042236328e-01
2.215917110443115234e-01
2.401118278503417969e-01
1.711301803588867188e-01
2.436144351959228516e-01
2.427279949188232422e-01
2.429320812225341797e-01
2.429852485656738281e-01
2.408676147460937500e-01
2.410545349121093750e-01
2.467339038848876953e-01
2.349722385406494141e-01
2.482156753540039062e-01
2.462165355682373047e-01
2.417261600494384766e-01
1.800224781036376953e-01
2.510075569152832031e-01
2.483119964599609375e-01
2.451934814453125000e-01
2.429316043853759766e-01
2.409856319427490234e-01
1.768531799316406250e-01
2.054431438446044922e-01
2.229220867156982422e-01
2.290532588958740234e-01
2.356317043304443359e-01
2.408578395843505859e-01
1.692328453063964844e-01
2.466566562652587891e-01
1.632714271545410156e-02
2.395064830780029297e-01
2.417142391204833984e-01
2.394547462463378906e-01
2.379252910614013672e-01
2.506074905395507812e-01
2.506327629089355469e-01
2.347507476806640625e-01
2.385888099670410156e-01
2.350080013275146484e-01
1.712410449981689453e-01
2.501289844512939453e-01
2.500424385070800781e-01
2.447919845581054688e-01
2.417607307434082031e-01
2.394864559173583984e-01
2.399830818176269531e-01
1.910247802734375000e-01
2.301163673400878906e-01
2.376847267150878906e-01
2.416048049926757812e-01
2.336409091949462891e-01
1.682415008544921875e-01
2.516686916351318359e-01
2.512183189392089844e-01
2.506721019744873047e-01
2.513201236724853516e-01
2.509975433349609375e-01
2.516856193542480469e-01
2.528209686279296875e-01
2.476947307586669922e-01
2.410118579864501953e-01
1.258993148803710938e-02
2.220916748046875000e-01
2.293436527252197266e-01
2.450292110443115234e-01
2.446517944335937500e-01
2.445662021636962891e-01
2.441730499267578125e-01
2.442238330841064453e-01
2.445642948150634766e-01
1.180253028869628906e-01
2.343063354492187500e-01
2.269105911254882812e-01
2.041487693786621094e-01
1.745939254760742188e-01
1.438770294189453125e-01
2.520596981048583984e-01
2.468960285186767578e-01
2.451496124267578125e-01
2.445447444915771484e-01
2.536511421203613281e-01
2.499577999114990234e-01
2.315316200256347656e-01
2.333040237426757812e-01
2.332677841186523438e-01
2.336475849151611328e-01
2.249128818511962891e-01
1.732928752899169922e-01
2.355122566223144531e-01
2.394907474517822266e-01
2.374515533447265625e-01
2.354958057403564453e-01
2.351207733154296875e-01
1.325058937072753906e-02
1.992840766906738281e-01
1.785163879394531250e-01
1.275291442871093750e-01
6.248760223388671875e-02
6.224226951599121094e-02
6.239771842956542969e-02
2.393164634704589844e-01
2.323360443115234375e-01
2.326998710632324219e-01
2.330505847930908203e-01
2.325916290283203125e-01
2.333300113677978516e-01
2.408967018127441406e-01
2.373495101928710938e-01
2.377452850341796875e-01
2.374255657196044922e-01
2.393777370452880859e-01
1.881573200225830078e-01
2.421088218688964844e-01
2.395298480987548828e-01
2.325251102447509766e-01
2.371025085449218750e-01
2.354099750518798828e-01
2.346522808074951172e-01
2.344536781311035156e-01
2.382357120513916016e-01
1.335287094116210938e-01
6.206965446472167969e-02
6.190490722656250000e-02
6.196451187133789062e-02
2.424526214599609375e-01
1.354193687438964844e-02
2.151362895965576172e-01
2.311561107635498047e-01
2.312819957733154297e-01
2.307484149932861328e-01
2.466788291931152344e-01
2.374846935272216797e-01
2.351827621459960938e-01
2.306938171386718750e-01
2.304587364196777344e-01
2.313895225524902344e-01
2.304170131683349609e-01
2.320921421051025391e-01
2.344241142272949219e-01
2.250242233276367188e-01
2.318463325500488281e-01
6.278276443481445312e-02
1.810984611511230469e-01
1.863439083099365234e-01
1.579680442810058594e-01
1.812922954559326172e-01
2.170872688293457031e-01
2.193284034729003906e-01
2.471418380737304688e-01
2.424368858337402344e-01
2.402269840240478516e-01
2.388298511505126953e-01
2.362804412841796875e-01
2.318618297576904297e-01
2.503101825714111328e-01
2.435655593872070312e-01
2.401061058044433594e-01
1.147651672363281250e-02
2.273197174072265625e-01
2.308797836303710938e-01
2.545890808105468750e-01
2.306442260742187500e-01
2.372832298278808594e-01
2.407805919647216797e-01
2.391796112060546875e-01
1.794385910034179688e-01
2.056679725646972656e-01
1.867949962615966797e-01
2.185323238372802734e-01
1.875669956207275391e-01
1.153941154479980469e-01
1.626579761505126953e-01
2.506046295166015625e-01
2.455496788024902344e-01
2.410533428192138672e-01
2.410023212432861328e-01
2.428262233734130859e-01
1.873486042022705078e-01
2.515752315521240234e-01
2.504103183746337891e-01
2.521173954010009766e-01
2.491519451141357422e-01
2.477717399597167969e-01
2.466278076171875000e-01
2.509422302246093750e-01
2.517609596252441406e-01
2.322819232940673828e-01
2.340476512908935547e-01
2.355859279632568359e-01
8.042073249816894531e-02
1.817240715026855469e-01
1.663370132446289062e-01
2.380554676055908203e-01
2.357714176177978516e-01
1.652483940124511719e-01
1.577355861663818359e-01
2.471780776977539062e-01
2.427318096160888672e-01
2.401037216186523438e-01
2.402124404907226562e-01
2.402722835540771484e-01
2.425804138183593750e-01
2.359151840209960938e-01
2.346870899200439453e-01
2.343790531158447266e-01
2.326898574829101562e-01
2.295217514038085938e-01
2.220332622528076172e-01
2.447800636291503906e-01
2.397048473358154297e-01
2.390401363372802734e-01
2.241637706756591797e-01
2.312037944793701172e-01
1.833498477935791016e-01
1.855206489562988281e-01
1.390743255615234375e-01
1.760971546173095703e-01
2.227249145507812500e-01
2.001566886901855469e-01
1.886632442474365234e-01
2.465062141418457031e-01
1.155853271484375000e-02
2.328488826751708984e-01
2.342061996459960938e-01
2.346398830413818359e-01
2.342107295989990234e-01
2.481555938720703125e-01
2.469806671142578125e-01
2.451350688934326172e-01
2.436482906341552734e-01
2.442679405212402344e-01
2.443044185638427734e-01
2.375450134277343750e-01
2.403724193572998047e-01
2.429976463317871094e-01
2.425510883331298828e-01
2.271831035614013672e-01
1.923341751098632812e-01
1.196980476379394531e-01
1.695084571838378906e-01
2.076449394226074219e-01
2.434961795806884766e-01
2.532906532287597656e-01
1.889915466308593750e-01
2.418377399444580078e-01
2.378144264221191406e-01
2.301373481750488281e-01
2.117054462432861328e-01
1.974127292633056641e-01
1.759335994720458984e-01
2.433953285217285156e-01
2.422797679901123047e-01
2.403256893157958984e-01
2.446675300598144531e-02
2.423548698425292969e-01
2.421369552612304688e-01
2.402603626251220703e-01
2.361936569213867188e-01
2.292146682739257812e-01
2.093086242675781250e-01
1.822447776794433594e-01
1.667842864990234375e-01
6.203174591064453125e-02
1.358199119567871094e-01
1.994142532348632812e-01
2.010474205017089844e-01
2.394733428955078125e-01
2.438535690307617188e-01
2.474648952484130859e-01
2.421057224273681641e-01
2.400150299072265625e-01
2.395122051239013672e-01
2.394816875457763672e-01
2.417764663696289062e-01
2.426409721374511719e-01
2.430453300476074219e-01
2.379257678985595703e-01
2.358262538909912109e-01
2.307250499725341797e-01
2.304077148437500000e-01
2.445170879364013672e-01
2.421832084655761719e-01
2.396237850189208984e-01
2.402806282043457031e-01
2.376978397369384766e-01
1.275300979614257812e-02
1.439828872680664062e-01
2.032704353332519531e-01
2.110798358917236328e-01
2.400405406951904297e-01
2.477483749389648438e-01
1.865830421447753906e-01
2.479159832000732422e-01
2.499728202819824219e-01
2.431087493896484375e-01
2.432317733764648438e-01
2.422826290130615234e-01
1.834824085235595703e-01
2.477669715881347656e-01
2.446591854095458984e-01
2.436425685882568359e-01
2.432143688201904297e-01
2.441191673278808594e-01
2.443866729736328125e-01
2.482595443725585938e-01
2.486579418182373047e-01
2.488455772399902344e-01
2.489230632781982422e-01
2.490308284759521484e-01
2.485697269439697266e-01
1.805920600891113281e-01
1.612823009490966797e-01
2.057776451110839844e-01
2.418158054351806641e-01
2.479033470153808594e-01
1.846611499786376953e-01
2.418668270111083984e-01
1.115918159484863281e-02
2.287087440490722656e-01
2.413156032562255859e-01
2.412717342376708984e-01
2.452661991119384766e-01
2.327704429626464844e-01
2.341158390045166016e-01
2.365550994873046875e-01
2.384030818939208984e-01
2.416601181030273438e-01
1.781086921691894531e-01
2.363259792327880859e-01
2.386250495910644531e-01
2.426669597625732422e-01
2.424962520599365234e-01
2.424361705780029297e-01
1.773619651794433594e-01
2.157714366912841797e-01
1.855850219726562500e-01
2.529239654541015625e-01
2.442867755889892578e-01
1.831951141357421875e-01
1.840403079986572266e-01
2.437746524810791016e-01
2.429785728454589844e-01
2.430336475372314453e-01
2.433602809906005859e-01
2.432143688201904297e-01
2.432820796966552734e-01
2.440907955169677734e-01
2.396245002746582031e-01
2.387351989746093750e-01
1.259708404541015625e-02
2.311184406280517578e-01
2.326471805572509766e-01
2.403862476348876953e-01
2.399284839630126953e-01
2.404222488403320312e-01
2.397267818450927734e-01
2.396912574768066406e-01
2.394537925720214844e-01
1.798233985900878906e-01
1.977932453155517578e-01
2.069242000579833984e-01
1.909046173095703125e-01
1.900203227996826172e-01
1.863789558410644531e-01
2.314882278442382812e-01
2.371819019317626953e-01
2.420897483825683594e-01
2.418177127838134766e-01
2.433731555938720703e-01
2.420213222503662109e-01
2.388982772827148438e-01
2.381539344787597656e-01
2.360587120056152344e-01
2.356340885162353516e-01
2.355227470397949219e-01
1.728799343109130859e-01
2.455115318298339844e-01
2.385885715484619141e-01
2.423357963562011719e-01
2.423055171966552734e-01
2.449564933776855469e-01
1.191616058349609375e-02
1.346921920776367188e-01
1.330885887145996094e-01
1.806144714355468750e-01
2.232522964477539062e-01
2.204785346984863281e-01
1.841137409210205078e-01
2.380220890045166016e-01
2.380418777465820312e-01
2.427394390106201172e-01
2.425608634948730469e-01
2.401525974273681641e-01
2.353332042694091797e-01
2.414512634277343750e-01
2.408545017242431641e-01
2.431542873382568359e-01
2.432394027709960938e-01
2.409856319427490234e-01
2.413508892059326172e-01
2.418260574340820312e-01
2.418313026428222656e-01
2.365720272064208984e-01
2.387700080871582031e-01
2.411441802978515625e-01
2.410180568695068359e-01
2.055597305297851562e-01
1.705842018127441406e-01
2.286186218261718750e-01
2.166261672973632812e-01
1.122868061065673828e-01
9.920096397399902344e-02
2.494115829467773438e-01
1.203131675720214844e-02
2.355210781097412109e-01
2.373173236846923828e-01
2.373762130737304688e-01
2.337558269500732422e-01
2.486212253570556641e-01
2.469267845153808594e-01
2.452325820922851562e-01
2.432813644409179688e-01
2.410285472869873047e-01
2.410511970520019531e-01
2.421016693115234375e-01
2.423160076141357422e-01
2.413642406463623047e-01
2.409327030181884766e-01
2.384347915649414062e-01
2.389767169952392578e-01
1.677374839782714844e-01
2.044339179992675781e-01
1.986339092254638672e-01
2.422785758972167969e-01
2.383565902709960938e-01
1.729187965393066406e-01
2.315127849578857422e-01
2.404518127441406250e-01
2.359170913696289062e-01
2.365906238555908203e-01
2.408437728881835938e-01
1.325786113739013672e-01
2.445135116577148438e-01
2.373859882354736328e-01
2.314863204956054688e-01
6.550765037536621094e-02
2.182183265686035156e-01
2.247107028961181641e-01
2.469494342803955078e-01
2.472355365753173828e-01
2.455561161041259766e-01
2.466773986816406250e-01
2.466907501220703125e-01
1.873025894165039062e-01
1.367008686065673828e-01
2.019910812377929688e-01
1.988661289215087891e-01
2.387356758117675781e-01
2.366428375244140625e-01
2.334072589874267578e-01
2.493078708648681641e-01
2.333612442016601562e-01
2.400593757629394531e-01
2.327334880828857422e-01
2.363083362579345703e-01
1.503205299377441406e-01
2.476313114166259766e-01
2.493784427642822266e-01
2.497880458831787109e-01
2.517051696777343750e-01
2.499258518218994141e-01
2.467653751373291016e-01
2.490067481994628906e-01
2.513487339019775391e-01
2.508330345153808594e-01
2.492871284484863281e-01
2.514483928680419922e-01
1.196122169494628906e-02
1.812899112701416016e-01
1.945772171020507812e-01
2.304608821868896484e-01
2.389764785766601562e-01
2.469904422760009766e-01
1.833930015563964844e-01
2.504057884216308594e-01
2.486362457275390625e-01
2.324695587158203125e-01
2.384724617004394531e-01
2.331578731536865234e-01
1.127183437347412109e-01
2.365698814392089844e-01
2.362043857574462891e-01
2.340342998504638672e-01
2.297437191009521484e-01
2.390215396881103516e-01
2.036552429199218750e-01
2.460765838623046875e-01
2.447612285614013672e-01
2.436630725860595703e-01
2.417438030242919922e-01
2.387738227844238281e-01
2.368180751800537109e-01
8.061027526855468750e-02
1.953957080841064453e-01
1.636793613433837891e-01
2.124600410461425781e-01
2.230420112609863281e-01
2.173159122467041016e-01
2.497463226318359375e-01
1.204824447631835938e-02
2.376565933227539062e-01
2.399034500122070312e-01
2.250969409942626953e-01
2.321400642395019531e-01
2.477307319641113281e-01
2.478485107421875000e-01
2.479126453399658203e-01
2.477087974548339844e-01
2.475261688232421875e-01
2.480547428131103516e-01
2.448687553405761719e-01
2.436268329620361328e-01
2.438588142395019531e-01
2.438976764678955078e-01
2.440323829650878906e-01
2.437658309936523438e-01
1.192805767059326172e-01
1.979475021362304688e-01
2.321028709411621094e-01
2.391464710235595703e-01
2.339971065521240234e-01
2.248351573944091797e-01
2.473814487457275391e-01
2.468581199645996094e-01
2.452595233917236328e-01
2.445759773254394531e-01
2.235896587371826172e-01
2.014398574829101562e-01
2.453396320343017578e-01
2.447364330291748047e-01
2.444324493408203125e-01
1.963353157043457031e-02
2.413225173950195312e-01
2.413017749786376953e-01
2.456173896789550781e-01
2.419590950012207031e-01
2.412455081939697266e-01
2.410507202148437500e-01
2.411549091339111328e-01
2.411394119262695312e-01
2.301313877105712891e-01
2.344243526458740234e-01
2.342929840087890625e-01
2.349793910980224609e-01
1.760599613189697266e-01
1.798946857452392578e-01
2.468576431274414062e-01
2.452716827392578125e-01
2.454946041107177734e-01
2.448861598968505859e-01
2.465140819549560547e-01
2.017555236816406250e-01
2.450616359710693359e-01
2.467439174652099609e-01
2.479979991912841797e-01
2.461855411529541016e-01
2.480812072753906250e-01
1.897451877593994141e-01
2.465276718139648438e-01
2.447905540466308594e-01
2.429983615875244141e-01
2.428159713745117188e-01
2.443382740020751953e-01
1.967072486877441406e-02
1.124434471130371094e-01
2.318949699401855469e-01
2.312436103820800781e-01
2.314438819885253906e-01
2.353012561798095703e-01
2.345354557037353516e-01
2.491409778594970703e-01
2.423758506774902344e-01
2.401182651519775391e-01
2.424244880676269531e-01
2.400226593017578125e-01
2.402355670928955078e-01
2.299416065216064453e-01
2.361855506896972656e-01
2.330722808837890625e-01
2.298343181610107422e-01
2.277159690856933594e-01
1.569592952728271484e-01
2.504332065582275391e-01
2.470271587371826172e-01
2.445662021636962891e-01
2.406954765319824219e-01
2.424676418304443359e-01
2.439277172088623047e-01
1.881628036499023438e-01
1.854646205902099609e-01
2.091121673583984375e-01
2.492330074310302734e-01
2.417929172515869141e-01
1.894788742065429688e-01
2.486796379089355469e-01
1.132678985595703125e-02
2.377111911773681641e-01
2.345862388610839844e-01
2.304770946502685547e-01
2.385468482971191406e-01
2.407901287078857422e-01
2.232849597930908203e-01
2.294747829437255859e-01
2.350435256958007812e-01
2.352116107940673828e-01
1.719925403594970703e-01
2.504417896270751953e-01
2.450838088989257812e-01
2.427721023559570312e-01
2.428100109100341797e-01
2.426919937133789062e-01
2.430427074432373047e-01
1.464169025421142578e-01
1.996777057647705078e-01
2.032701969146728516e-01
2.285692691802978516e-01
2.282934188842773438e-01
1.577117443084716797e-01
2.502758502960205078e-01
2.509491443634033203e-01
2.499427795410156250e-01
2.503199577331542969e-01
2.466626167297363281e-01
2.455043792724609375e-01
2.502455711364746094e-01
2.502658367156982422e-01
2.291057109832763672e-01
8.121490478515625000e-02
2.220094203948974609e-01
2.220451831817626953e-01
2.472920417785644531e-01
2.473144531250000000e-01
2.470030784606933594e-01
2.469978332519531250e-01
2.471878528594970703e-01
1.865050792694091797e-01
1.278965473175048828e-01
1.971642971038818359e-01
1.698336601257324219e-01
2.216370105743408203e-01
2.256298065185546875e-01
2.301893234252929688e-01
2.391297817230224609e-01
2.368271350860595703e-01
2.412478923797607422e-01
2.399380207061767578e-01
2.389667034149169922e-01
2.393970489501953125e-01
2.511234283447265625e-01
2.517991065979003906e-01
2.502751350402832031e-01
2.315230369567871094e-01
2.400290966033935547e-01
1.816148757934570312e-01
2.498862743377685547e-01
2.490165233612060547e-01
2.510919570922851562e-01
2.492797374725341797e-01
2.442548274993896484e-01
1.260042190551757812e-02
1.459829807281494141e-01
1.908662319183349609e-01
1.312384605407714844e-01
1.913156509399414062e-01
1.809899806976318359e-01
2.333116531372070312e-01
2.498352527618408203e-01
2.498698234558105469e-01
2.517278194427490234e-01
2.500503063201904297e-01
2.461035251617431641e-01
2.446668148040771484e-01
2.486267089843750000e-01
2.463147640228271484e-01
2.414700984954833984e-01
2.402362823486328125e-01
2.212700843811035156e-01
1.339728832244873047e-01
2.490611076354980469e-01
2.453696727752685547e-01
2.428889274597167969e-01
2.408487796783447266e-01
2.379524707794189453e-01
2.386357784271240234e-01
1.280033588409423828e-01
2.034008502960205078e-01
1.828656196594238281e-01
2.500946521759033203e-01
2.453281879425048828e-01
2.453346252441406250e-01
2.401545047760009766e-01
2.414321899414062500e-02
2.509756088256835938e-01
2.481133937835693359e-01
2.473983764648437500e-01
2.450230121612548828e-01
2.418534755706787109e-01
2.393560409545898438e-01
2.390480041503906250e-01
2.372314929962158203e-01
2.348213195800781250e-01
1.938753128051757812e-01
2.444233894348144531e-01
2.431886196136474609e-01
2.432992458343505859e-01
2.413959503173828125e-01
2.421483993530273438e-01
2.386112213134765625e-01
8.056545257568359375e-02
1.700515747070312500e-01
1.946480274200439453e-01
1.966052055358886719e-01
2.493391036987304688e-01
2.464683055877685547e-01
2.426748275756835938e-01
2.420527935028076172e-01
2.421040534973144531e-01
2.422311305999755859e-01
2.423391342163085938e-01
2.437262535095214844e-01
2.430574893951416016e-01
2.423079013824462891e-01
2.425425052642822266e-01
2.226066589355468750e-02
2.416732311248779297e-01
2.418813705444335938e-01
2.276072502136230469e-01
2.346282005310058594e-01
2.273030281066894531e-01
2.188303470611572266e-01
1.992378234863281250e-01
1.518287658691406250e-01
6.169342994689941406e-02
1.181674003601074219e-01
2.072079181671142578e-01
1.859066486358642578e-01
2.073209285736083984e-01
2.016706466674804688e-01
2.387390136718750000e-01
2.320582866668701172e-01
2.320470809936523438e-01
2.300159931182861328e-01
2.323472499847412109e-01
2.304530143737792969e-01
2.411434650421142578e-01
2.363719940185546875e-01
2.302818298339843750e-01
2.296493053436279297e-01
2.281126976013183594e-01
2.282752990722656250e-01
2.341146469116210938e-01
2.221429347991943359e-01
2.079315185546875000e-01
2.057590484619140625e-01
2.110073566436767578e-01
1.079761981964111328e-01
2.078776359558105469e-01
2.429440021514892578e-01
1.893198490142822266e-01
1.916301250457763672e-01
6.178379058837890625e-02
6.142210960388183594e-02
2.454833984375000000e-01
2.427601814270019531e-01
2.408854961395263672e-01
2.364237308502197266e-01
2.334122657775878906e-01
2.288987636566162109e-01
2.474555969238281250e-01
2.450017929077148438e-01
2.428457736968994141e-01
2.435178756713867188e-01
2.429778575897216797e-01
2.408456802368164062e-01
2.348201274871826172e-01
2.325482368469238281e-01
2.413215637207031250e-01
2.418158054351806641e-01
2.418096065521240234e-01
1.799557209014892578e-01
2.337656021118164062e-01
1.925251483917236328e-01
1.828582286834716797e-01
1.877434253692626953e-01
1.887466907501220703e-01
1.920638084411621094e-01
2.467894554138183594e-01
1.154065132141113281e-02
2.316217422485351562e-01
2.345700263977050781e-01
2.352356910705566406e-01
2.360038757324218750e-01
2.466695308685302734e-01
2.444067001342773438e-01
2.417299747467041016e-01
2.394866943359375000e-01
2.372891902923583984e-01
2.321257591247558594e-01
2.421264648437500000e-01
2.415721416473388672e-01
2.414739131927490234e-01
2.481734752655029297e-01
2.491650581359863281e-01
1.886801719665527344e-01
1.898262500762939453e-01
2.083032131195068359e-01
2.244346141815185547e-01
2.309057712554931641e-01
1.662948131561279297e-01
1.821415424346923828e-01
2.471461296081542969e-01
2.415614128112792969e-01
2.414119243621826172e-01
2.419955730438232422e-01
2.418212890625000000e-01
2.414515018463134766e-01
2.461760044097900391e-01
2.442328929901123047e-01
2.409980297088623047e-01
1.134610176086425781e-02
2.228822708129882812e-01
2.381026744842529297e-01
2.470095157623291016e-01
2.424848079681396484e-01
2.402195930480957031e-01
2.404487133026123047e-01
2.458338737487792969e-01
1.874358654022216797e-01
2.208406925201416016e-01
2.150874137878417969e-01
2.440583705902099609e-01
2.428472042083740234e-01
2.402274608612060547e-01
1.244027614593505859e-01
2.445466518402099609e-01
2.420437335968017578e-01
2.401177883148193359e-01
2.375574111938476562e-01
2.352836132049560547e-01
2.332932949066162109e-01
2.492203712463378906e-01
2.448434829711914062e-01
2.422530651092529297e-01
2.371337413787841797e-01
2.351016998291015625e-01
2.328476905822753906e-01
2.549488544464111328e-01
2.527678012847900391e-01
2.531371116638183594e-01
2.490980625152587891e-01
2.490510940551757812e-01
1.161360740661621094e-02
