1.171875000000000000e-01
1.250000000000000000e-01
3.593750000000000000e-01
3.437500000000000000e-01
4.062500000000000000e-01
5.546875000000000000e-01
4.765625000000000000e-01
6.953125000000000000e-01
7.187500000000000000e-01
6.953125000000000000e-01
6.875000000000000000e-01
7.578125000000000000e-01
8.046875000000000000e-01
8.593750000000000000e-01
8.671875000000000000e-01
8.750000000000000000e-01
8.906250000000000000e-01
9.140625000000000000e-01
9.453125000000000000e-01
9.218750000000000000e-01
9.218750000000000000e-01
9.296875000000000000e-01
8.828125000000000000e-01
9.296875000000000000e-01
9.218750000000000000e-01
9.827586206896551380e-01
9.453125000000000000e-01
9.531250000000000000e-01
1.406250000000000000e-01
9.375000000000000000e-02
1.796875000000000000e-01
1.875000000000000000e-01
1.250000000000000000e-01
2.578125000000000000e-01
3.671875000000000000e-01
6.640625000000000000e-01
5.781250000000000000e-01
8.437500000000000000e-01
8.750000000000000000e-01
8.593750000000000000e-01
9.296875000000000000e-01
8.437500000000000000e-01
8.906250000000000000e-01
8.125000000000000000e-01
9.140625000000000000e-01
9.531250000000000000e-01
9.140625000000000000e-01
8.984375000000000000e-01
9.843750000000000000e-01
9.375000000000000000e-01
9.140625000000000000e-01
9.224137931034482873e-01
9.375000000000000000e-01
9.375000000000000000e-01
9.296875000000000000e-01
9.375000000000000000e-01
9.765625000000000000e-01
9.921875000000000000e-01
9.218750000000000000e-01
9.921875000000000000e-01
9.921875000000000000e-01
9.843750000000000000e-01
9.218750000000000000e-01
9.687500000000000000e-01
9.531250000000000000e-01
1.000000000000000000e+00
9.765625000000000000e-01
9.765625000000000000e-01
9.843750000000000000e-01
9.375000000000000000e-01
9.375000000000000000e-01
9.531250000000000000e-01
9.921875000000000000e-01
9.765625000000000000e-01
9.765625000000000000e-01
9.843750000000000000e-01
9.687500000000000000e-01
9.655172413793103869e-01
9.765625000000000000e-01
1.000000000000000000e+00
9.687500000000000000e-01
9.843750000000000000e-01
9.843750000000000000e-01
9.765625000000000000e-01
9.843750000000000000e-01
9.843750000000000000e-01
9.765625000000000000e-01
1.000000000000000000e+00
9.765625000000000000e-01
9.765625000000000000e-01
1.000000000000000000e+00
9.687500000000000000e-01
9.765625000000000000e-01
9.687500000000000000e-01
9.687500000000000000e-01
9.765625000000000000e-01
9.843750000000000000e-01
9.843750000000000000e-01
9.843750000000000000e-01
9.843750000000000000e-01
9.843750000000000000e-01
9.921875000000000000e-01
1.000000000000000000e+00
9.913793103448276245e-01
9.765625000000000000e-01
9.687500000000000000e-01
9.921875000000000000e-01
9.921875000000000000e-01
9.765625000000000000e-01
9.765625000000000000e-01
9.609375000000000000e-01
1.000000000000000000e+00
9.687500000000000000e-01
9.843750000000000000e-01
1.000000000000000000e+00
9.921875000000000000e-01
9.921875000000000000e-01
9.921875000000000000e-01
9.687500000000000000e-01
9.843750000000000000e-01
9.921875000000000000e-01
9.921875000000000000e-01
9.687500000000000000e-01
9.921875000000000000e-01
9.921875000000000000e-01
9.843750000000000000e-01
9.843750000000000000e-01
9.921875000000000000e-01
1.000000000000000000e+00
9.568965517241379004e-01
9.843750000000000000e-01
9.921875000000000000e-01
9.843750000000000000e-01
9.531250000000000000e-01
9.765625000000000000e-01
9.765625000000000000e-01
9.921875000000000000e-01
1.000000000000000000e+00
9.609375000000000000e-01
9.687500000000000000e-01
9.921875000000000000e-01
9.765625000000000000e-01
9.921875000000000000e-01
9.765625000000000000e-01
1.000000000000000000e+00
1.000000000000000000e+00
9.921875000000000000e-01
1.000000000000000000e+00
9.843750000000000000e-01
9.687500000000000000e-01
9.921875000000000000e-01
9.921875000000000000e-01
9.843750000000000000e-01
9.921875000000000000e-01
9.765625000000000000e-01
9.741379310344827624e-01
9.765625000000000000e-01
9.843750000000000000e-01
9.843750000000000000e-01
1.000000000000000000e+00
9.921875000000000000e-01
9.687500000000000000e-01
9.687500000000000000e-01
9.843750000000000000e-01
9.921875000000000000e-01
9.687500000000000000e-01
9.921875000000000000e-01
9.843750000000000000e-01
9.843750000000000000e-01
9.843750000000000000e-01
9.843750000000000000e-01
1.000000000000000000e+00
1.000000000000000000e+00
9.843750000000000000e-01
1.000000000000000000e+00
9.921875000000000000e-01
9.843750000000000000e-01
9.921875000000000000e-01
9.921875000000000000e-01
9.921875000000000000e-01
1.000000000000000000e+00
9.913793103448276245e-01
9.687500000000000000e-01
9.765625000000000000e-01
9.921875000000000000e-01
1.000000000000000000e+00
9.843750000000000000e-01
9.843750000000000000e-01
9.921875000000000000e-01
1.000000000000000000e+00
9.765625000000000000e-01
9.921875000000000000e-01
9.843750000000000000e-01
1.000000000000000000e+00
9.843750000000000000e-01
9.921875000000000000e-01
9.687500000000000000e-01
1.000000000000000000e+00
9.921875000000000000e-01
1.000000000000000000e+00
1.000000000000000000e+00
1.000000000000000000e+00
1.000000000000000000e+00
9.843750000000000000e-01
9.921875000000000000e-01
9.921875000000000000e-01
9.921875000000000000e-01
9.741379310344827624e-01
9.921875000000000000e-01
9.921875000000000000e-01
9.843750000000000000e-01
9.921875000000000000e-01
9.765625000000000000e-01
9.609375000000000000e-01
9.765625000000000000e-01
1.000000000000000000e+00
9.843750000000000000e-01
9.921875000000000000e-01
1.000000000000000000e+00
9.843750000000000000e-01
9.843750000000000000e-01
9.921875000000000000e-01
9.843750000000000000e-01
1.000000000000000000e+00
9.921875000000000000e-01
9.843750000000000000e-01
9.843750000000000000e-01
1.000000000000000000e+00
9.765625000000000000e-01
1.000000000000000000e+00
1.000000000000000000e+00
9.843750000000000000e-01
9.687500000000000000e-01
1.000000000000000000e+00
9.843750000000000000e-01
9.921875000000000000e-01
9.921875000000000000e-01
1.000000000000000000e+00
9.843750000000000000e-01
9.609375000000000000e-01
9.921875000000000000e-01
9.609375000000000000e-01
9.843750000000000000e-01
1.000000000000000000e+00
9.921875000000000000e-01
1.000000000000000000e+00
9.921875000000000000e-01
9.843750000000000000e-01
9.921875000000000000e-01
9.921875000000000000e-01
9.843750000000000000e-01
9.921875000000000000e-01
1.000000000000000000e+00
1.000000000000000000e+00
1.000000000000000000e+00
9.921875000000000000e-01
9.921875000000000000e-01
9.921875000000000000e-01
1.000000000000000000e+00
9.913793103448276245e-01
9.921875000000000000e-01
9.921875000000000000e-01
9.921875000000000000e-01
9.921875000000000000e-01
9.921875000000000000e-01
9.921875000000000000e-01
9.765625000000000000e-01
9.843750000000000000e-01
1.000000000000000000e+00
9.687500000000000000e-01
1.000000000000000000e+00
9.765625000000000000e-01
9.921875000000000000e-01
9.843750000000000000e-01
9.921875000000000000e-01
1.000000000000000000e+00
9.765625000000000000e-01
9.921875000000000000e-01
1.000000000000000000e+00
1.000000000000000000e+00
9.843750000000000000e-01
1.000000000000000000e+00
1.000000000000000000e+00
9.921875000000000000e-01
1.000000000000000000e+00
9.827586206896551380e-01
1.000000000000000000e+00
1.000000000000000000e+00
9.687500000000000000e-01
1.000000000000000000e+00
9.765625000000000000e-01
9.921875000000000000e-01
1.000000000000000000e+00
1.000000000000000000e+00
1.000000000000000000e+00
9.765625000000000000e-01
9.921875000000000000e-01
1.000000000000000000e+00
1.000000000000000000e+00
1.000000000000000000e+00
9.921875000000000000e-01
1.000000000000000000e+00
9.921875000000000000e-01
9.843750000000000000e-01
1.000000000000000000e+00
9.921875000000000000e-01
1.000000000000000000e+00
9.921875000000000000e-01
1.000000000000000000e+00
9.765625000000000000e-01
1.000000000000000000e+00
1.000000000000000000e+00
1.000000000000000000e+00
1.000000000000000000e+00
9.921875000000000000e-01
1.000000000000000000e+00
9.921875000000000000e-01
1.000000000000000000e+00
9.921875000000000000e-01
9.921875000000000000e-01
1.000000000000000000e+00
9.921875000000000000e-01
9.687500000000000000e-01
9.687500000000000000e-01
9.921875000000000000e-01
9.843750000000000000e-01
9.921875000000000000e-01
9.921875000000000000e-01
9.921875000000000000e-01
1.000000000000000000e+00
9.921875000000000000e-01
9.921875000000000000e-01
9.687500000000000000e-01
1.000000000000000000e+00
9.921875000000000000e-01
9.921875000000000000e-01
9.921875000000000000e-01
1.000000000000000000e+00
9.843750000000000000e-01
1.000000000000000000e+00
1.000000000000000000e+00
9.921875000000000000e-01
1.000000000000000000e+00
9.843750000000000000e-01
9.921875000000000000e-01
1.000000000000000000e+00
9.843750000000000000e-01
1.000000000000000000e+00
9.921875000000000000e-01
9.921875000000000000e-01
9.843750000000000000e-01
9.921875000000000000e-01
1.000000000000000000e+00
9.843750000000000000e-01
1.000000000000000000e+00
9.765625000000000000e-01
1.000000000000000000e+00
1.000000000000000000e+00
9.921875000000000000e-01
9.843750000000000000e-01
9.921875000000000000e-01
9.921875000000000000e-01
9.921875000000000000e-01
9.827586206896551380e-01
1.000000000000000000e+00
9.921875000000000000e-01
9.921875000000000000e-01
1.000000000000000000e+00
1.000000000000000000e+00
1.000000000000000000e+00
9.921875000000000000e-01
9.921875000000000000e-01
9.687500000000000000e-01
9.921875000000000000e-01
1.000000000000000000e+00
9.921875000000000000e-01
9.843750000000000000e-01
9.921875000000000000e-01
9.921875000000000000e-01
1.000000000000000000e+00
1.000000000000000000e+00
1.000000000000000000e+00
1.000000000000000000e+00
9.921875000000000000e-01
9.921875000000000000e-01
9.843750000000000000e-01
1.000000000000000000e+00
1.000000000000000000e+00
1.000000000000000000e+00
9.827586206896551380e-01
9.921875000000000000e-01
9.921875000000000000e-01
1.000000000000000000e+00
1.000000000000000000e+00
1.000000000000000000e+00
1.000000000000000000e+00
1.000000000000000000e+00
9.921875000000000000e-01
1.000000000000000000e+00
1.000000000000000000e+00
9.921875000000000000e-01
9.921875000000000000e-01
1.000000000000000000e+00
1.000000000000000000e+00
1.000000000000000000e+00
1.000000000000000000e+00
9.921875000000000000e-01
9.921875000000000000e-01
1.000000000000000000e+00
1.000000000000000000e+00
1.000000000000000000e+00
1.000000000000000000e+00
9.921875000000000000e-01
1.000000000000000000e+00
9.921875000000000000e-01
1.000000000000000000e+00
9.921875000000000000e-01
9.921875000000000000e-01
1.000000000000000000e+00
1.000000000000000000e+00
1.000000000000000000e+00
1.000000000000000000e+00
9.765625000000000000e-01
1.000000000000000000e+00
1.000000000000000000e+00
9.921875000000000000e-01
1.000000000000000000e+00
9.921875000000000000e-01
1.000000000000000000e+00
9.921875000000000000e-01
9.921875000000000000e-01
9.843750000000000000e-01
1.000000000000000000e+00
1.000000000000000000e+00
1.000000000000000000e+00
1.000000000000000000e+00
9.843750000000000000e-01
9.921875000000000000e-01
9.921875000000000000e-01
1.000000000000000000e+00
9.921875000000000000e-01
9.913793103448276245e-01
9.843750000000000000e-01
1.000000000000000000e+00
9.921875000000000000e-01
9.921875000000000000e-01
1.000000000000000000e+00
1.000000000000000000e+00
1.000000000000000000e+00
1.000000000000000000e+00
1.000000000000000000e+00
1.000000000000000000e+00
1.000000000000000000e+00
1.000000000000000000e+00
1.000000000000000000e+00
9.843750000000000000e-01
1.000000000000000000e+00
1.000000000000000000e+00
9.765625000000000000e-01
1.000000000000000000e+00
1.000000000000000000e+00
1.000000000000000000e+00
9.921875000000000000e-01
1.000000000000000000e+00
1.000000000000000000e+00
1.000000000000000000e+00
1.000000000000000000e+00
9.913793103448276245e-01
1.000000000000000000e+00
1.000000000000000000e+00
1.000000000000000000e+00
1.000000000000000000e+00
1.000000000000000000e+00
1.000000000000000000e+00
9.921875000000000000e-01
1.000000000000000000e+00
1.000000000000000000e+00
1.000000000000000000e+00
1.000000000000000000e+00
1.000000000000000000e+00
1.000000000000000000e+00
1.000000000000000000e+00
1.000000000000000000e+00
1.000000000000000000e+00
1.000000000000000000e+00
1.000000000000000000e+00
1.000000000000000000e+00
9.921875000000000000e-01
1.000000000000000000e+00
1.000000000000000000e+00
1.000000000000000000e+00
9.921875000000000000e-01
9.843750000000000000e-01
9.827586206896551380e-01
1.000000000000000000e+00
9.843750000000000000e-01
1.000000000000000000e+00
9.921875000000000000e-01
9.843750000000000000e-01
1.000000000000000000e+00
9.921875000000000000e-01
9.921875000000000000e-01
1.000000000000000000e+00
9.843750000000000000e-01
9.921875000000000000e-01
1.000000000000000000e+00
9.921875000000000000e-01
1.000000000000000000e+00
1.000000000000000000e+00
9.921875000000000000e-01
1.000000000000000000e+00
1.000000000000000000e+00
9.921875000000000000e-01
9.921875000000000000e-01
9.921875000000000000e-01
9.921875000000000000e-01
1.000000000000000000e+00
1.000000000000000000e+00
9.921875000000000000e-01
1.000000000000000000e+00
1.000000000000000000e+00
9.921875000000000000e-01
9.921875000000000000e-01
9.921875000000000000e-01
9.921875000000000000e-01
1.000000000000000000e+00
9.921875000000000000e-01
9.921875000000000000e-01
1.000000000000000000e+00
9.921875000000000000e-01
9.921875000000000000e-01
9.843750000000000000e-01
9.921875000000000000e-01
1.000000000000000000e+00
1.000000000000000000e+00
1.000000000000000000e+00
1.000000000000000000e+00
1.000000000000000000e+00
1.000000000000000000e+00
1.000000000000000000e+00
1.000000000000000000e+00
9.921875000000000000e-01
9.921875000000000000e-01
1.000000000000000000e+00
1.000000000000000000e+00
1.000000000000000000e+00
1.000000000000000000e+00
9.843750000000000000e-01
1.000000000000000000e+00
1.000000000000000000e+00
1.000000000000000000e+00
1.000000000000000000e+00
1.000000000000000000e+00
1.000000000000000000e+00
9.921875000000000000e-01
1.000000000000000000e+00
9.921875000000000000e-01
1.000000000000000000e+00
9.921875000000000000e-01
1.000000000000000000e+00
1.000000000000000000e+00
1.000000000000000000e+00
9.921875000000000000e-01
9.921875000000000000e-01
1.000000000000000000e+00
1.000000000000000000e+00
1.000000000000000000e+00
1.000000000000000000e+00
1.000000000000000000e+00
1.000000000000000000e+00
1.000000000000000000e+00
9.913793103448276245e-01
9.921875000000000000e-01
1.000000000000000000e+00
1.000000000000000000e+00
1.000000000000000000e+00
9.921875000000000000e-01
1.000000000000000000e+00
1.000000000000000000e+00
1.000000000000000000e+00
1.000000000000000000e+00
9.843750000000000000e-01
1.000000000000000000e+00
9.921875000000000000e-01
9.843750000000000000e-01
9.921875000000000000e-01
9.921875000000000000e-01
1.000000000000000000e+00
1.000000000000000000e+00
1.000000000000000000e+00
1.000000000000000000e+00
1.000000000000000000e+00
1.000000000000000000e+00
9.843750000000000000e-01
1.000000000000000000e+00
1.000000000000000000e+00
1.000000000000000000e+00
1.000000000000000000e+00
1.000000000000000000e+00
1.000000000000000000e+00
1.000000000000000000e+00
9.921875000000000000e-01
1.000000000000000000e+00
1.000000000000000000e+00
1.000000000000000000e+00
9.843750000000000000e-01
9.921875000000000000e-01
1.000000000000000000e+00
9.921875000000000000e-01
1.000000000000000000e+00
1.000000000000000000e+00
9.843750000000000000e-01
1.000000000000000000e+00
9.921875000000000000e-01
1.000000000000000000e+00
1.000000000000000000e+00
1.000000000000000000e+00
1.000000000000000000e+00
1.000000000000000000e+00
1.000000000000000000e+00
1.000000000000000000e+00
1.000000000000000000e+00
1.000000000000000000e+00
9.827586206896551380e-01
1.000000000000000000e+00
1.000000000000000000e+00
9.921875000000000000e-01
1.000000000000000000e+00
9.765625000000000000e-01
9.843750000000000000e-01
1.000000000000000000e+00
1.000000000000000000e+00
9.921875000000000000e-01
1.000000000000000000e+00
1.000000000000000000e+00
9.687500000000000000e-01
1.000000000000000000e+00
1.000000000000000000e+00
1.000000000000000000e+00
1.000000000000000000e+00
9.921875000000000000e-01
1.000000000000000000e+00
1.000000000000000000e+00
1.000000000000000000e+00
1.000000000000000000e+00
1.000000000000000000e+00
9.921875000000000000e-01
1.000000000000000000e+00
1.000000000000000000e+00
1.000000000000000000e+00
9.921875000000000000e-01
9.921875000000000000e-01
9.921875000000000000e-01
1.000000000000000000e+00
1.000000000000000000e+00
1.000000000000000000e+00
1.000000000000000000e+00
9.843750000000000000e-01
9.921875000000000000e-01
9.921875000000000000e-01
1.000000000000000000e+00
9.921875000000000000e-01
1.000000000000000000e+00
9.921875000000000000e-01
9.921875000000000000e-01
9.843750000000000000e-01
9.843750000000000000e-01
1.000000000000000000e+00
1.000000000000000000e+00
1.000000000000000000e+00
1.000000000000000000e+00
9.921875000000000000e-01
1.000000000000000000e+00
1.000000000000000000e+00
1.000000000000000000e+00
1.000000000000000000e+00
1.000000000000000000e+00
1.000000000000000000e+00
1.000000000000000000e+00
1.000000000000000000e+00
9.921875000000000000e-01
1.000000000000000000e+00
1.000000000000000000e+00
1.000000000000000000e+00
1.000000000000000000e+00
1.000000000000000000e+00
1.000000000000000000e+00
9.921875000000000000e-01
1.000000000000000000e+00
9.921875000000000000e-01
1.000000000000000000e+00
9.921875000000000000e-01
1.000000000000000000e+00
1.000000000000000000e+00
1.000000000000000000e+00
9.921875000000000000e-01
1.000000000000000000e+00
1.000000000000000000e+00
9.921875000000000000e-01
1.000000000000000000e+00
1.000000000000000000e+00
1.000000000000000000e+00
9.921875000000000000e-01
1.000000000000000000e+00
9.921875000000000000e-01
9.921875000000000000e-01
1.000000000000000000e+00
9.921875000000000000e-01
1.000000000000000000e+00
1.000000000000000000e+00
9.921875000000000000e-01
9.921875000000000000e-01
1.000000000000000000e+00
1.000000000000000000e+00
1.000000000000000000e+00
1.000000000000000000e+00
1.000000000000000000e+00
1.000000000000000000e+00
9.843750000000000000e-01
9.843750000000000000e-01
1.000000000000000000e+00
1.000000000000000000e+00
1.000000000000000000e+00
9.921875000000000000e-01
1.000000000000000000e+00
1.000000000000000000e+00
1.000000000000000000e+00
1.000000000000000000e+00
1.000000000000000000e+00
1.000000000000000000e+00
9.921875000000000000e-01
1.000000000000000000e+00
1.000000000000000000e+00
1.000000000000000000e+00
9.921875000000000000e-01
1.000000000000000000e+00
9.921875000000000000e-01
9.921875000000000000e-01
1.000000000000000000e+00
1.000000000000000000e+00
1.000000000000000000e+00
1.000000000000000000e+00
9.921875000000000000e-01
1.000000000000000000e+00
1.000000000000000000e+00
9.921875000000000000e-01
9.843750000000000000e-01
9.921875000000000000e-01
1.000000000000000000e+00
9.843750000000000000e-01
1.000000000000000000e+00
1.000000000000000000e+00
9.921875000000000000e-01
1.000000000000000000e+00
1.000000000000000000e+00
9.921875000000000000e-01
1.000000000000000000e+00
1.000000000000000000e+00
1.000000000000000000e+00
1.000000000000000000e+00
1.000000000000000000e+00
1.000000000000000000e+00
1.000000000000000000e+00
1.000000000000000000e+00
9.921875000000000000e-01
1.000000000000000000e+00
1.000000000000000000e+00
1.000000000000000000e+00
1.000000000000000000e+00
1.000000000000000000e+00
1.000000000000000000e+00
1.000000000000000000e+00
1.000000000000000000e+00
1.000000000000000000e+00
1.000000000000000000e+00
1.000000000000000000e+00
1.000000000000000000e+00
1.000000000000000000e+00
1.000000000000000000e+00
1.000000000000000000e+00
9.921875000000000000e-01
9.921875000000000000e-01
1.000000000000000000e+00
1.000000000000000000e+00
1.000000000000000000e+00
1.000000000000000000e+00
1.000000000000000000e+00
1.000000000000000000e+00
1.000000000000000000e+00
1.000000000000000000e+00
1.000000000000000000e+00
1.000000000000000000e+00
1.000000000000000000e+00
1.000000000000000000e+00
1.000000000000000000e+00
1.000000000000000000e+00
1.000000000000000000e+00
1.000000000000000000e+00
1.000000000000000000e+00
1.000000000000000000e+00
9.921875000000000000e-01
1.000000000000000000e+00
1.000000000000000000e+00
1.000000000000000000e+00
1.000000000000000000e+00
1.000000000000000000e+00
1.000000000000000000e+00
1.000000000000000000e+00
9.921875000000000000e-01
9.921875000000000000e-01
1.000000000000000000e+00
1.000000000000000000e+00
1.000000000000000000e+00
1.000000000000000000e+00
1.000000000000000000e+00
1.000000000000000000e+00
1.000000000000000000e+00
1.000000000000000000e+00
1.000000000000000000e+00
1.000000000000000000e+00
1.000000000000000000e+00
1.000000000000000000e+00
1.000000000000000000e+00
1.000000000000000000e+00
1.000000000000000000e+00
1.000000000000000000e+00
1.000000000000000000e+00
9.921875000000000000e-01
1.000000000000000000e+00
1.000000000000000000e+00
1.000000000000000000e+00
1.000000000000000000e+00
1.000000000000000000e+00
1.000000000000000000e+00
1.000000000000000000e+00
1.000000000000000000e+00
1.000000000000000000e+00
1.000000000000000000e+00
1.000000000000000000e+00
1.000000000000000000e+00
1.000000000000000000e+00
1.000000000000000000e+00
1.000000000000000000e+00
1.000000000000000000e+00
1.000000000000000000e+00
1.000000000000000000e+00
1.000000000000000000e+00
1.000000000000000000e+00
1.000000000000000000e+00
1.000000000000000000e+00
1.000000000000000000e+00
1.000000000000000000e+00
1.000000000000000000e+00
1.000000000000000000e+00
1.000000000000000000e+00
1.000000000000000000e+00
1.000000000000000000e+00
1.000000000000000000e+00
9.921875000000000000e-01
1.000000000000000000e+00
1.000000000000000000e+00
9.843750000000000000e-01
1.000000000000000000e+00
9.921875000000000000e-01
1.000000000000000000e+00
1.000000000000000000e+00
9.921875000000000000e-01
1.000000000000000000e+00
1.000000000000000000e+00
1.000000000000000000e+00
1.000000000000000000e+00
1.000000000000000000e+00
1.000000000000000000e+00
1.000000000000000000e+00
1.000000000000000000e+00
1.000000000000000000e+00
1.000000000000000000e+00
9.921875000000000000e-01
1.000000000000000000e+00
1.000000000000000000e+00
1.000000000000000000e+00
1.000000000000000000e+00
1.000000000000000000e+00
9.913793103448276245e-01
1.000000000000000000e+00
1.000000000000000000e+00
1.000000000000000000e+00
1.000000000000000000e+00
1.000000000000000000e+00
1.000000000000000000e+00
1.000000000000000000e+00
9.921875000000000000e-01
1.000000000000000000e+00
1.000000000000000000e+00
1.000000000000000000e+00
1.000000000000000000e+00
1.000000000000000000e+00
1.000000000000000000e+00
1.000000000000000000e+00
1.000000000000000000e+00
1.000000000000000000e+00
1.000000000000000000e+00
1.000000000000000000e+00
1.000000000000000000e+00
1.000000000000000000e+00
1.000000000000000000e+00
1.000000000000000000e+00
1.000000000000000000e+00
1.000000000000000000e+00
1.000000000000000000e+00
1.000000000000000000e+00
9.921875000000000000e-01
9.921875000000000000e-01
1.000000000000000000e+00
1.000000000000000000e+00
9.921875000000000000e-01
9.843750000000000000e-01
1.000000000000000000e+00
1.000000000000000000e+00
9.921875000000000000e-01
1.000000000000000000e+00
1.000000000000000000e+00
9.687500000000000000e-01
1.000000000000000000e+00
1.000000000000000000e+00
1.000000000000000000e+00
1.000000000000000000e+00
1.000000000000000000e+00
9.921875000000000000e-01
1.000000000000000000e+00
1.000000000000000000e+00
1.000000000000000000e+00
1.000000000000000000e+00
1.000000000000000000e+00
1.000000000000000000e+00
1.000000000000000000e+00
1.000000000000000000e+00
1.000000000000000000e+00
1.000000000000000000e+00
9.921875000000000000e-01
1.000000000000000000e+00
1.000000000000000000e+00
9.921875000000000000e-01
1.000000000000000000e+00
1.000000000000000000e+00
1.000000000000000000e+00
1.000000000000000000e+00
1.000000000000000000e+00
1.000000000000000000e+00
1.000000000000000000e+00
1.000000000000000000e+00
1.000000000000000000e+00
1.000000000000000000e+00
1.000000000000000000e+00
1.000000000000000000e+00
1.000000000000000000e+00
1.000000000000000000e+00
1.000000000000000000e+00
1.000000000000000000e+00
1.000000000000000000e+00
1.000000000000000000e+00
1.000000000000000000e+00
9.921875000000000000e-01
1.000000000000000000e+00
1.000000000000000000e+00
9.921875000000000000e-01
1.000000000000000000e+00
9.921875000000000000e-01
1.000000000000000000e+00
1.000000000000000000e+00
9.921875000000000000e-01
9.843750000000000000e-01
1.000000000000000000e+00
9.921875000000000000e-01
1.000000000000000000e+00
1.000000000000000000e+00
9.843750000000000000e-01
9.843750000000000000e-01
1.000000000000000000e+00
1.000000000000000000e+00
1.000000000000000000e+00
1.000000000000000000e+00
1.000000000000000000e+00
1.000000000000000000e+00
1.000000000000000000e+00
1.000000000000000000e+00
1.000000000000000000e+00
1.000000000000000000e+00
1.000000000000000000e+00
1.000000000000000000e+00
1.000000000000000000e+00
1.000000000000000000e+00
1.000000000000000000e+00
1.000000000000000000e+00
1.000000000000000000e+00
1.000000000000000000e+00
9.921875000000000000e-01
1.000000000000000000e+00
1.000000000000000000e+00
1.000000000000000000e+00
1.000000000000000000e+00
1.000000000000000000e+00
1.000000000000000000e+00
1.000000000000000000e+00
9.921875000000000000e-01
1.000000000000000000e+00
1.000000000000000000e+00
9.921875000000000000e-01
1.000000000000000000e+00
9.921875000000000000e-01
1.000000000000000000e+00
1.000000000000000000e+00
1.000000000000000000e+00
9.827586206896551380e-01
1.000000000000000000e+00
1.000000000000000000e+00
1.000000000000000000e+00
1.000000000000000000e+00
9.843750000000000000e-01
9.921875000000000000e-01
1.000000000000000000e+00
1.000000000000000000e+00
1.000000000000000000e+00
9.843750000000000000e-01
9.921875000000000000e-01
9.843750000000000000e-01
1.000000000000000000e+00
1.000000000000000000e+00
9.921875000000000000e-01
9.921875000000000000e-01
1.000000000000000000e+00
9.687500000000000000e-01
1.000000000000000000e+00
1.000000000000000000e+00
1.000000000000000000e+00
1.000000000000000000e+00
1.000000000000000000e+00
1.000000000000000000e+00
1.000000000000000000e+00
1.000000000000000000e+00
1.000000000000000000e+00
9.843750000000000000e-01
1.000000000000000000e+00
9.921875000000000000e-01
1.000000000000000000e+00
1.000000000000000000e+00
1.000000000000000000e+00
1.000000000000000000e+00
1.000000000000000000e+00
9.921875000000000000e-01
1.000000000000000000e+00
1.000000000000000000e+00
1.000000000000000000e+00
1.000000000000000000e+00
1.000000000000000000e+00
1.000000000000000000e+00
1.000000000000000000e+00
1.000000000000000000e+00
1.000000000000000000e+00
9.921875000000000000e-01
1.000000000000000000e+00
1.000000000000000000e+00
1.000000000000000000e+00
9.921875000000000000e-01
1.000000000000000000e+00
1.000000000000000000e+00
9.921875000000000000e-01
1.000000000000000000e+00
9.921875000000000000e-01
9.921875000000000000e-01
1.000000000000000000e+00
9.921875000000000000e-01
1.000000000000000000e+00
1.000000000000000000e+00
9.843750000000000000e-01
9.921875000000000000e-01
1.000000000000000000e+00
1.000000000000000000e+00
1.000000000000000000e+00
9.921875000000000000e-01
1.000000000000000000e+00
1.000000000000000000e+00
1.000000000000000000e+00
1.000000000000000000e+00
1.000000000000000000e+00
1.000000000000000000e+00
9.921875000000000000e-01
9.921875000000000000e-01
9.921875000000000000e-01
9.843750000000000000e-01
9.921875000000000000e-01
9.913793103448276245e-01
1.000000000000000000e+00
9.921875000000000000e-01
1.000000000000000000e+00
1.000000000000000000e+00
1.000000000000000000e+00
9.921875000000000000e-01
1.000000000000000000e+00
1.000000000000000000e+00
9.921875000000000000e-01
1.000000000000000000e+00
9.921875000000000000e-01
1.000000000000000000e+00
9.921875000000000000e-01
1.000000000000000000e+00
1.000000000000000000e+00
1.000000000000000000e+00
1.000000000000000000e+00
1.000000000000000000e+00
1.000000000000000000e+00
1.000000000000000000e+00
1.000000000000000000e+00
1.000000000000000000e+00
1.000000000000000000e+00
9.921875000000000000e-01
1.000000000000000000e+00
1.000000000000000000e+00
1.000000000000000000e+00
1.000000000000000000e+00
1.000000000000000000e+00
1.000000000000000000e+00
1.000000000000000000e+00
1.000000000000000000e+00
1.000000000000000000e+00
1.000000000000000000e+00
1.000000000000000000e+00
1.000000000000000000e+00
1.000000000000000000e+00
1.000000000000000000e+00
1.000000000000000000e+00
1.000000000000000000e+00
1.000000000000000000e+00
1.000000000000000000e+00
1.000000000000000000e+00
1.000000000000000000e+00
1.000000000000000000e+00
1.000000000000000000e+00
1.000000000000000000e+00
1.000000000000000000e+00
1.000000000000000000e+00
1.000000000000000000e+00
1.000000000000000000e+00
1.000000000000000000e+00
1.000000000000000000e+00
1.000000000000000000e+00
1.000000000000000000e+00
1.000000000000000000e+00
1.000000000000000000e+00
1.000000000000000000e+00
1.000000000000000000e+00
1.000000000000000000e+00
1.000000000000000000e+00
1.000000000000000000e+00
1.000000000000000000e+00
1.000000000000000000e+00
1.000000000000000000e+00
1.000000000000000000e+00
1.000000000000000000e+00
1.000000000000000000e+00
1.000000000000000000e+00
1.000000000000000000e+00
1.000000000000000000e+00
1.000000000000000000e+00
9.921875000000000000e-01
1.000000000000000000e+00
1.000000000000000000e+00
1.000000000000000000e+00
1.000000000000000000e+00
9.913793103448276245e-01
9.921875000000000000e-01
1.000000000000000000e+00
1.000000000000000000e+00
9.765625000000000000e-01
1.000000000000000000e+00
1.000000000000000000e+00
1.000000000000000000e+00
1.000000000000000000e+00
1.000000000000000000e+00
1.000000000000000000e+00
1.000000000000000000e+00
1.000000000000000000e+00
9.921875000000000000e-01
1.000000000000000000e+00
1.000000000000000000e+00
1.000000000000000000e+00
1.000000000000000000e+00
1.000000000000000000e+00
1.000000000000000000e+00
1.000000000000000000e+00
1.000000000000000000e+00
1.000000000000000000e+00
1.000000000000000000e+00
1.000000000000000000e+00
1.000000000000000000e+00
1.000000000000000000e+00
1.000000000000000000e+00
1.000000000000000000e+00
9.921875000000000000e-01
1.000000000000000000e+00
1.000000000000000000e+00
1.000000000000000000e+00
1.000000000000000000e+00
1.000000000000000000e+00
1.000000000000000000e+00
1.000000000000000000e+00
1.000000000000000000e+00
1.000000000000000000e+00
1.000000000000000000e+00
1.000000000000000000e+00
1.000000000000000000e+00
1.000000000000000000e+00
1.000000000000000000e+00
1.000000000000000000e+00
1.000000000000000000e+00
1.000000000000000000e+00
1.000000000000000000e+00
1.000000000000000000e+00
1.000000000000000000e+00
1.000000000000000000e+00
1.000000000000000000e+00
1.000000000000000000e+00
9.921875000000000000e-01
1.000000000000000000e+00
9.921875000000000000e-01
9.921875000000000000e-01
9.843750000000000000e-01
9.921875000000000000e-01
1.000000000000000000e+00
9.921875000000000000e-01
1.000000000000000000e+00
9.921875000000000000e-01
1.000000000000000000e+00
1.000000000000000000e+00
1.000000000000000000e+00
1.000000000000000000e+00
1.000000000000000000e+00
1.000000000000000000e+00
1.000000000000000000e+00
1.000000000000000000e+00
1.000000000000000000e+00
9.921875000000000000e-01
1.000000000000000000e+00
1.000000000000000000e+00
1.000000000000000000e+00
9.843750000000000000e-01
1.000000000000000000e+00
1.000000000000000000e+00
1.000000000000000000e+00
1.000000000000000000e+00
1.000000000000000000e+00
1.000000000000000000e+00
1.000000000000000000e+00
1.000000000000000000e+00
1.000000000000000000e+00
1.000000000000000000e+00
1.000000000000000000e+00
1.000000000000000000e+00
1.000000000000000000e+00
1.000000000000000000e+00
1.000000000000000000e+00
1.000000000000000000e+00
1.000000000000000000e+00
1.000000000000000000e+00
1.000000000000000000e+00
1.000000000000000000e+00
1.000000000000000000e+00
1.000000000000000000e+00
1.000000000000000000e+00
1.000000000000000000e+00
1.000000000000000000e+00
1.000000000000000000e+00
1.000000000000000000e+00
1.000000000000000000e+00
1.000000000000000000e+00
1.000000000000000000e+00
1.000000000000000000e+00
1.000000000000000000e+00
1.000000000000000000e+00
1.000000000000000000e+00
1.000000000000000000e+00
1.000000000000000000e+00
9.921875000000000000e-01
1.000000000000000000e+00
1.000000000000000000e+00
1.000000000000000000e+00
9.921875000000000000e-01
1.000000000000000000e+00
1.000000000000000000e+00
1.000000000000000000e+00
1.000000000000000000e+00
1.000000000000000000e+00
1.000000000000000000e+00
1.000000000000000000e+00
1.000000000000000000e+00
1.000000000000000000e+00
1.000000000000000000e+00
1.000000000000000000e+00
1.000000000000000000e+00
1.000000000000000000e+00
1.000000000000000000e+00
1.000000000000000000e+00
1.000000000000000000e+00
1.000000000000000000e+00
1.000000000000000000e+00
9.921875000000000000e-01
1.000000000000000000e+00
1.000000000000000000e+00
1.000000000000000000e+00
1.000000000000000000e+00
9.921875000000000000e-01
1.000000000000000000e+00
1.000000000000000000e+00
1.000000000000000000e+00
1.000000000000000000e+00
9.921875000000000000e-01
1.000000000000000000e+00
1.000000000000000000e+00
1.000000000000000000e+00
1.000000000000000000e+00
1.000000000000000000e+00
1.000000000000000000e+00
1.000000000000000000e+00
1.000000000000000000e+00
1.000000000000000000e+00
9.913793103448276245e-01
1.000000000000000000e+00
1.000000000000000000e+00
1.000000000000000000e+00
1.000000000000000000e+00
1.000000000000000000e+00
1.000000000000000000e+00
1.000000000000000000e+00
1.000000000000000000e+00
9.921875000000000000e-01
1.000000000000000000e+00
1.000000000000000000e+00
9.921875000000000000e-01
1.000000000000000000e+00
9.921875000000000000e-01
1.000000000000000000e+00
1.000000000000000000e+00
1.000000000000000000e+00
1.000000000000000000e+00
1.000000000000000000e+00
1.000000000000000000e+00
1.000000000000000000e+00
1.000000000000000000e+00
1.000000000000000000e+00
1.000000000000000000e+00
1.000000000000000000e+00
1.000000000000000000e+00
1.000000000000000000e+00
9.921875000000000000e-01
1.000000000000000000e+00
1.000000000000000000e+00
1.000000000000000000e+00
1.000000000000000000e+00
1.000000000000000000e+00
1.000000000000000000e+00
1.000000000000000000e+00
1.000000000000000000e+00
9.921875000000000000e-01
1.000000000000000000e+00
1.000000000000000000e+00
1.000000000000000000e+00
1.000000000000000000e+00
1.000000000000000000e+00
1.000000000000000000e+00
1.000000000000000000e+00
1.000000000000000000e+00
9.921875000000000000e-01
1.000000000000000000e+00
1.000000000000000000e+00
1.000000000000000000e+00
1.000000000000000000e+00
1.000000000000000000e+00
1.000000000000000000e+00
1.000000000000000000e+00
1.000000000000000000e+00
