2.262787342071533203e+00
2.014195919036865234e+00
1.823982357978820801e+00
1.606876611709594727e+00
1.358185887336730957e+00
1.371052384376525879e+00
1.191363692283630371e+00
9.820052385330200195e-01
9.200968742370605469e-01
9.842389225959777832e-01
8.715913295745849609e-01
7.197362184524536133e-01
7.359651327133178711e-01
7.118645906448364258e-01
7.095212936401367188e-01
6.763695478439331055e-01
5.532413125038146973e-01
6.131120324134826660e-01
5.475550889968872070e-01
5.549529790878295898e-01
4.851864278316497803e-01
3.668486773967742920e-01
5.656195878982543945e-01
4.642894864082336426e-01
5.538993477821350098e-01
3.231172263622283936e-01
3.976052105426788330e-01
3.040441572666168213e-01
3.240383863449096680e-01
3.740672171115875244e-01
3.572288751602172852e-01
2.699644863605499268e-01
2.683522105216979980e-01
3.575470745563507080e-01
2.633689939975738525e-01
2.710090577602386475e-01
2.189200520515441895e-01
2.225682437419891357e-01
2.030775398015975952e-01
2.439321428537368774e-01
1.928462535142898560e-01
1.554049998521804810e-01
2.207835167646408081e-01
1.872116029262542725e-01
1.719244271516799927e-01
1.772432029247283936e-01
1.334619969129562378e-01
1.912764757871627808e-01
1.577472537755966187e-01
2.767745256423950195e-01
1.066240593791007996e-01
1.946108043193817139e-01
2.046142369508743286e-01
1.635204553604125977e-01
2.284659594297409058e-01
2.031230330467224121e-01
3.081931471824645996e-01
1.837811321020126343e-01
1.165057718753814697e-01
1.401724666357040405e-01
1.341266781091690063e-01
2.037791162729263306e-01
1.863063573837280273e-01
1.915484070777893066e-01
1.085067465901374817e-01
2.242939770221710205e-01
8.041459321975708008e-02
1.371770501136779785e-01
1.259762346744537354e-01
1.422701776027679443e-01
1.097992956638336182e-01
1.372834891080856323e-01
1.211710050702095032e-01
9.306891262531280518e-02
1.461715847253799438e-01
1.269996166229248047e-01
1.267172843217849731e-01
8.843728899955749512e-02
1.012339740991592407e-01
1.531503945589065552e-01
7.136372476816177368e-02
1.537933051586151123e-01
1.474324911832809448e-01
1.200188472867012024e-01
1.242182701826095581e-01
9.368873387575149536e-02
1.629021465778350830e-01
8.494038879871368408e-02
9.461560845375061035e-02
1.527756303548812866e-01
6.854794919490814209e-02
7.116026431322097778e-02
8.797950297594070435e-02
9.660893678665161133e-02
1.177372559905052185e-01
9.081035852432250977e-02
1.398739069700241089e-01
1.021195575594902039e-01
2.404222190380096436e-01
6.226818263530731201e-02
1.086597740650177002e-01
5.301842093467712402e-02
7.724337279796600342e-02
7.530986517667770386e-02
3.138637915253639221e-02
9.125099331140518188e-02
5.175789818167686462e-02
4.890371859073638916e-02
5.142425000667572021e-02
8.059307932853698730e-02
5.709803849458694458e-02
7.205833494663238525e-02
6.630430370569229126e-02
1.242032423615455627e-01
9.596909582614898682e-02
6.048090755939483643e-02
1.050612032413482666e-01
5.075129866600036621e-02
7.653109729290008545e-02
8.932983875274658203e-02
4.177243635058403015e-02
8.948756754398345947e-02
7.408466190099716187e-02
6.952199339866638184e-02
1.019162088632583618e-01
8.158045262098312378e-02
3.743870556354522705e-02
6.058350205421447754e-02
7.462979853153228760e-02
2.800317481160163879e-02
7.997468113899230957e-02
2.539512701332569122e-02
4.675178974866867065e-02
8.567792177200317383e-02
4.937898740172386169e-02
9.511782228946685791e-02
6.146321445703506470e-02
2.755276300013065338e-02
5.987260118126869202e-02
5.492819845676422119e-02
3.905070573091506958e-02
1.114856377243995667e-01
5.396911501884460449e-02
4.476983845233917236e-02
4.268155246973037720e-02
4.217064380645751953e-02
3.760281577706336975e-02
8.334477245807647705e-02
1.015545427799224854e-01
2.606020122766494751e-02
2.341268584132194519e-02
3.542298078536987305e-02
8.723909407854080200e-02
6.494585424661636353e-02
4.085400328040122986e-02
5.242583900690078735e-02
6.974289566278457642e-02
3.915837779641151428e-02
5.430189520120620728e-02
1.115294694900512695e-01
3.411843627691268921e-02
5.447003617882728577e-02
2.928827889263629913e-02
7.837441563606262207e-02
4.526681452989578247e-02
3.871181979775428772e-02
3.217853233218193054e-02
2.125321514904499054e-02
2.859407663345336914e-02
6.633264571428298950e-02
1.972525939345359802e-02
2.798876911401748657e-02
3.309319540858268738e-02
3.345631062984466553e-02
8.234947919845581055e-02
1.859630085527896881e-02
3.100870363414287567e-02
6.858090311288833618e-02
4.264015331864356995e-02
4.060154408216476440e-02
6.460629403591156006e-02
4.069592431187629700e-02
3.808858245611190796e-02
4.124272614717483521e-02
5.215657874941825867e-02
1.278031766414642334e-01
6.976831704378128052e-02
3.441361337900161743e-02
5.381142348051071167e-02
7.191132009029388428e-02
3.149093687534332275e-02
8.236825466156005859e-02
8.708602190017700195e-02
7.218970358371734619e-02
3.354958444833755493e-02
2.499462105333805084e-02
4.653925076127052307e-02
5.190544947981834412e-02
8.647665381431579590e-02
2.520467527210712433e-02
6.370721757411956787e-02
8.627310395240783691e-02
1.679496467113494873e-02
4.873137921094894409e-02
4.036361724138259888e-02
4.786832258105278015e-02
8.228231966495513916e-02
5.069283023476600647e-02
6.752534210681915283e-02
4.241911321878433228e-02
1.897920295596122742e-02
4.663361608982086182e-02
7.647182792425155640e-02
9.236159920692443848e-02
5.587690323591232300e-02
5.369645729660987854e-02
2.561315335333347321e-02
2.855498529970645905e-02
3.815352916717529297e-02
3.079511970281600952e-02
3.491220995783805847e-02
5.705454945564270020e-02
3.752996027469635010e-02
2.171946316957473755e-02
6.143590062856674194e-02
5.381550267338752747e-02
8.004949986934661865e-02
4.061412438750267029e-02
3.322063013911247253e-02
5.610129982233047485e-02
4.862827062606811523e-02
5.514445528388023376e-02
2.679131552577018738e-02
8.265164494514465332e-02
3.413598611950874329e-02
6.252140551805496216e-02
5.984568595886230469e-02
7.298105210065841675e-02
4.979992285370826721e-02
2.459856867790222168e-02
6.841406971216201782e-02
5.126740038394927979e-02
6.974966824054718018e-02
4.401669278740882874e-02
1.369069330394268036e-02
7.026074081659317017e-02
4.052424058318138123e-02
5.083072558045387268e-02
7.667551189661026001e-02
3.750546649098396301e-02
2.796129323542118073e-02
8.235766738653182983e-02
4.691592976450920105e-02
3.774248436093330383e-02
1.647519879043102264e-02
1.880001090466976166e-02
1.085664145648479462e-02
2.080956473946571350e-02
2.025778964161872864e-02
2.744401991367340088e-02
8.857795596122741699e-02
7.545033842325210571e-02
5.092570185661315918e-02
2.765570022165775299e-02
3.396145626902580261e-02
2.121218293905258179e-02
8.061993122100830078e-02
2.085206285119056702e-02
5.221084505319595337e-02
1.566211506724357605e-02
1.505054440349340439e-02
5.415334179997444153e-02
2.601954713463783264e-02
1.005838904529809952e-02
3.907388821244239807e-02
2.486144378781318665e-02
2.112044766545295715e-02
1.808806136250495911e-02
5.362977087497711182e-02
2.516825869679450989e-02
2.832332625985145569e-02
2.419964596629142761e-02
3.187661990523338318e-02
2.286594361066818237e-02
7.120391726493835449e-02
5.860638990998268127e-02
2.057019434869289398e-02
3.390842583030462265e-03
2.743724919855594635e-02
2.155113779008388519e-02
8.626329712569713593e-03
2.621015161275863647e-02
3.421616926789283752e-02
3.838874399662017822e-02
7.194874342530965805e-03
9.687394835054874420e-03
2.742741443216800690e-02
4.387113824486732483e-02
1.927263848483562469e-02
2.141130529344081879e-02
8.211216889321804047e-03
2.628135494887828827e-02
9.297797456383705139e-03
1.293029543012380600e-02
1.739178970456123352e-02
4.313205555081367493e-02
9.586443193256855011e-03
4.681424051523208618e-02
1.912496425211429596e-02
3.910336270928382874e-02
1.406631805002689362e-02
5.614478606730699539e-03
3.880102187395095825e-02
3.688337281346321106e-02
4.195564612746238708e-02
2.424908243119716644e-02
1.713829487562179565e-02
1.383528020232915878e-02
5.383929237723350525e-02
1.439561787992715836e-02
1.295509934425354004e-02
2.229857631027698517e-02
1.543331518769264221e-02
1.901414804160594940e-02
3.716318681836128235e-02
6.148865446448326111e-03
4.260534420609474182e-02
3.076571226119995117e-02
2.075862884521484375e-02
3.627398610115051270e-02
2.399578131735324860e-02
2.222505398094654083e-02
1.924083754420280457e-02
2.527992427349090576e-02
2.313171699643135071e-02
2.309533022344112396e-02
1.288864389061927795e-02
2.307709865272045135e-02
8.235506713390350342e-03
1.312641892582178116e-02
9.379977360367774963e-03
4.175703972578048706e-02
1.571558415889739990e-02
1.531833596527576447e-02
1.254966109991073608e-02
1.759128458797931671e-02
1.398420706391334534e-02
9.082333184778690338e-03
5.120788700878620148e-03
1.721556298434734344e-02
3.089374490082263947e-02
6.117107812315225601e-03
4.379970580339431763e-02
2.084100246429443359e-02
1.077366154640913010e-02
4.474479332566261292e-02
9.082329459488391876e-03
1.883105747401714325e-02
5.615985952317714691e-03
8.278720080852508545e-03
2.367172576487064362e-02
2.036211639642715454e-02
8.487901650369167328e-03
2.585525158792734146e-03
6.414757575839757919e-03
8.778042159974575043e-03
1.548328995704650879e-02
4.470515996217727661e-03
1.851962506771087646e-02
1.151209324598312378e-02
1.095457281917333603e-02
1.288472581654787064e-02
6.778616458177566528e-03
4.670701920986175537e-03
1.618040725588798523e-02
2.082787826657295227e-02
5.051447078585624695e-03
1.435308903455734253e-02
8.086432702839374542e-03
2.710374305024743080e-03
3.617735113948583603e-03
3.116451017558574677e-02
1.746691949665546417e-02
5.983941722661256790e-03
1.232781633734703064e-02
1.028296165168285370e-02
4.796427860856056213e-02
7.606517989188432693e-03
2.676189504563808441e-02
4.600879549980163574e-02
3.477176651358604431e-02
1.245782338082790375e-02
1.474090199917554855e-02
2.241115085780620575e-02
1.832769811153411865e-02
2.919944189488887787e-02
1.026624441146850586e-02
9.538096375763416290e-03
1.532926876097917557e-02
3.561220830306410789e-03
2.031427994370460510e-02
9.568825364112854004e-03
7.848239503800868988e-03
1.969406194984912872e-02
4.276551306247711182e-02
4.118232801556587219e-02
1.660033687949180603e-02
6.555322092026472092e-03
8.850837126374244690e-03
1.818557456135749817e-02
7.902346551418304443e-03
3.803888708353042603e-02
3.464218974113464355e-02
7.543353363871574402e-03
4.792431835085153580e-03
5.697948485612869263e-02
1.815337687730789185e-02
1.618603430688381195e-02
1.592643558979034424e-02
2.149792388081550598e-02
7.233370095491409302e-02
9.312162175774574280e-03
1.061992999166250229e-02
6.236999295651912689e-03
1.843740791082382202e-02
1.639850065112113953e-02
3.824085928499698639e-03
8.327149599790573120e-02
2.806469425559043884e-02
1.081284135580062866e-02
2.118890173733234406e-02
1.016601547598838806e-02
2.460500225424766541e-02
2.691633626818656921e-02
7.224941626191139221e-03
1.503408886492252350e-02
2.373254485428333282e-02
1.321357954293489456e-02
9.825466573238372803e-02
4.747912753373384476e-03
1.274399366229772568e-02
4.984215646982192993e-02
1.070626452565193176e-02
1.756512746214866638e-02
4.848261922597885132e-02
1.106629054993391037e-02
3.315586596727371216e-02
1.995706371963024139e-02
1.105933636426925659e-02
2.253539860248565674e-02
4.064567759633064270e-02
1.679480075836181641e-02
3.188252914696931839e-03
2.285336516797542572e-02
2.858626097440719604e-02
5.388669297099113464e-02
1.545008271932601929e-02
3.106174618005752563e-02
8.392904885113239288e-03
1.044655125588178635e-02
1.573141850531101227e-02
1.358549762517213821e-02
1.113630272448062897e-02
2.826074510812759399e-02
1.602890528738498688e-02
2.628488466143608093e-02
3.495279327034950256e-02
4.112366586923599243e-02
5.635730456560850143e-03
1.022815424948930740e-02
9.802649728953838348e-03
7.992603816092014313e-03
5.226849578320980072e-03
1.585868559777736664e-02
3.079303912818431854e-02
1.362130604684352875e-02
2.690658345818519592e-02
4.742785543203353882e-02
5.153815820813179016e-02
3.282034071162343025e-03
4.098154604434967041e-02
8.330093696713447571e-03
2.591937407851219177e-02
4.463615268468856812e-02
5.961447209119796753e-02
7.174400240182876587e-02
4.172069579362869263e-02
3.257299959659576416e-02
1.404917612671852112e-02
2.218896523118019104e-02
3.876140341162681580e-02
3.571195900440216064e-02
1.626463234424591064e-02
4.149707034230232239e-02
8.101557195186614990e-02
6.775416899472475052e-03
8.524369448423385620e-03
1.385289151221513748e-02
1.859837584197521210e-02
3.130627423524856567e-02
5.170955881476402283e-02
6.270279735326766968e-02
3.084690868854522705e-02
5.317960307002067566e-02
8.956787176430225372e-03
1.763799227774143219e-02
2.136753406375646591e-03
6.669903639703989029e-03
2.208594605326652527e-02
5.239013116806745529e-03
2.259769849479198456e-02
2.419971488416194916e-02
3.546253219246864319e-02
5.188938230276107788e-02
1.281677372753620148e-02
9.664818644523620605e-03
2.046447806060314178e-02
2.586805075407028198e-02
1.057315617799758911e-02
1.794242672622203827e-02
2.027135714888572693e-02
1.214477792382240295e-02
3.176813945174217224e-02
5.731942597776651382e-03
3.366564959287643433e-02
2.393803186714649200e-02
3.872672095894813538e-02
6.469599902629852295e-03
8.376643061637878418e-03
2.328430674970149994e-02
1.204654574394226074e-02
2.998458594083786011e-02
1.211057975888252258e-02
2.217420376837253571e-02
2.311646007001399994e-02
4.388723056763410568e-03
1.679863780736923218e-02
1.192524190992116928e-02
7.498528808355331421e-03
1.659426838159561157e-03
5.514911841601133347e-03
1.772850751876831055e-02
5.702217575162649155e-03
5.926617886871099472e-03
1.071422360837459564e-02
2.699764817953109741e-02
8.724332787096500397e-03
1.380579546093940735e-02
4.709281958639621735e-03
4.926052875816822052e-03
5.291015841066837311e-03
7.672942709177732468e-03
8.425653912127017975e-03
3.839560784399509430e-03
2.922755293548107147e-02
8.217431604862213135e-03
1.204429473727941513e-02
8.607516065239906311e-03
1.031713932752609253e-02
1.605010405182838440e-02
2.543016336858272552e-02
1.007405295968055725e-02
1.412308402359485626e-02
9.524035267531871796e-03
3.575769951567053795e-03
1.186268124729394913e-02
1.411405019462108612e-02
7.874514907598495483e-03
3.234107745811343193e-03
2.412047237157821655e-03
1.762733445502817631e-03
3.505183383822441101e-03
1.548940315842628479e-02
2.546891197562217712e-02
3.389465436339378357e-02
3.769401926547288895e-03
3.586672246456146240e-02
9.295475669205188751e-03
1.523579703643918037e-03
3.189190290868282318e-03
1.237359642982482910e-02
1.217797165736556053e-03
9.206529706716537476e-03
2.738200128078460693e-02
1.879263296723365784e-02
3.760932711884379387e-03
1.460332074202597141e-03
3.636664897203445435e-02
7.078752852976322174e-03
5.880559328943490982e-03
6.615522503852844238e-02
1.647042483091354370e-02
3.714596154168248177e-03
3.268555970862507820e-03
4.023578949272632599e-03
1.797662233002483845e-03
1.506367512047290802e-02
2.953344024717807770e-03
1.229102024808526039e-03
2.968032145872712135e-03
3.498675534501671791e-03
4.789443686604499817e-03
1.657085865736007690e-02
2.495190314948558807e-02
3.244773671030998230e-02
1.432938873767852783e-02
2.126942155882716179e-03
6.088827271014451981e-03
3.103558672592043877e-03
2.715189941227436066e-03
9.104300406761467457e-04
3.954935353249311447e-03
3.242510557174682617e-02
2.022031228989362717e-03
9.619522839784622192e-03
6.001685746014118195e-03
5.678386427462100983e-03
3.013448324054479599e-03
4.132408276200294495e-02
3.524817153811454773e-02
6.366823334246873856e-03
5.066584330052137375e-03
5.399618297815322876e-03
8.284003473818302155e-03
1.355574466288089752e-02
4.086627624928951263e-03
6.633851677179336548e-03
3.133938647806644440e-03
3.162641776725649834e-03
1.149796694517135620e-02
5.224925931543111801e-03
6.075328588485717773e-02
1.744540221989154816e-02
2.554535400122404099e-03
1.900867559015750885e-03
1.067475322633981705e-02
4.629775881767272949e-03
3.364088479429483414e-03
2.160631120204925537e-02
2.197614125907421112e-02
1.291290391236543655e-02
4.092424176633358002e-03
3.427558019757270813e-02
1.654851436614990234e-02
4.351967945694923401e-03
1.653700508177280426e-02
1.050517242401838303e-02
6.155370734632015228e-03
1.984847709536552429e-03
1.044336240738630295e-02
4.112812224775552750e-03
5.470302421599626541e-03
2.303562825545668602e-03
8.345742709934711456e-03
1.366425119340419769e-02
5.018758121877908707e-03
4.458314552903175354e-02
1.001186668872833252e-02
2.469074353575706482e-02
7.093508029356598854e-04
9.016722440719604492e-03
5.681143607944250107e-03
1.427574269473552704e-02
8.901464752852916718e-03
1.906876079738140106e-02
5.886044353246688843e-03
4.526322241872549057e-03
1.032400224357843399e-02
2.223061397671699524e-03
2.364990999922156334e-03
4.665502347052097321e-03
3.175536170601844788e-03
5.937645211815834045e-03
2.153503708541393280e-03
1.385208684951066971e-02
3.094524145126342773e-03
4.421816673129796982e-03
7.376093417406082153e-04
1.575127057731151581e-02
1.050934195518493652e-03
1.139361970126628876e-02
5.393627099692821503e-03
8.495238609611988068e-03
9.882319718599319458e-03
2.996796183288097382e-02
2.483634278178215027e-03
2.834674902260303497e-03
4.941402468830347061e-03
1.014447864145040512e-02
4.552762955427169800e-03
2.244674600660800934e-03
2.413608878850936890e-02
1.308470778167247772e-02
2.417522482573986053e-02
1.860451186075806618e-03
4.958332050591707230e-03
5.475140735507011414e-02
3.064800985157489777e-03
3.342150244861841202e-03
2.749500097706913948e-03
4.202427808195352554e-03
1.167692244052886963e-03
1.703205984085798264e-03
1.120791584253311157e-02
4.290135111659765244e-03
2.499645389616489410e-02
6.380169652402400970e-03
2.643043641000986099e-03
6.281245034188032150e-03
2.153846202418208122e-03
1.090827863663434982e-02
6.923815235495567322e-03
4.617331549525260925e-03
2.156788483262062073e-02
1.197061780840158463e-02
2.233878476545214653e-03
3.817870281636714935e-03
1.128347124904394150e-02
1.575043308548629284e-03
2.094259252771735191e-03
2.010342665016651154e-03
3.017097711563110352e-03
3.212717128917574883e-03
8.332567289471626282e-03
6.105479784309864044e-03
4.182608798146247864e-02
1.214619260281324387e-03
1.078284927643835545e-03
1.874654088169336319e-03
1.856546034105122089e-03
3.625452518463134766e-03
1.095339469611644745e-02
6.204998120665550232e-03
1.147854700684547424e-02
3.984909970313310623e-03
3.471048781648278236e-03
3.077592002227902412e-03
1.273669418878853321e-03
3.356530796736478806e-03
7.205535192042589188e-03
1.635588333010673523e-02
9.424345917068421841e-04
3.758553881198167801e-03
3.603670978918671608e-03
4.820945672690868378e-03
1.474900171160697937e-03
1.903446973301470280e-03
1.005841884762048721e-03
4.778800997883081436e-03
2.692160196602344513e-03
2.949041547253727913e-03
1.970626413822174072e-03
1.910142973065376282e-02
1.784811727702617645e-03
5.186171270906925201e-03
2.034743782132863998e-03
1.859482959844172001e-03
5.267450120300054550e-03
2.281834743916988373e-02
2.825397439301013947e-02
9.006941108964383602e-04
1.125212479382753372e-02
9.462090674787759781e-04
2.430020598694682121e-03
1.061866991221904755e-02
6.101521663367748260e-03
4.834027495235204697e-03
2.209118567407131195e-02
1.657401095144450665e-03
1.461326261050999165e-03
1.218991354107856750e-02
3.004682017490267754e-03
2.115486189723014832e-03
2.411452308297157288e-02
3.524112980812788010e-03
3.458766266703605652e-03
2.071399241685867310e-02
2.897688187658786774e-02
8.461453020572662354e-03
6.977221462875604630e-03
1.451665442436933517e-02
2.566695213317871094e-02
2.297993749380111694e-03
2.782266819849610329e-03
4.332249052822589874e-03
2.935836650431156158e-02
1.116149313747882843e-02
4.408602602779865265e-03
9.532327763736248016e-03
1.447121333330869675e-02
2.234343811869621277e-02
1.002917438745498657e-01
2.076427685096859932e-03
2.725152764469385147e-03
9.635468944907188416e-03
6.779634393751621246e-03
3.908311482518911362e-03
2.384288003668189049e-03
2.643347484990954399e-03
1.307367905974388123e-02
1.109849382191896439e-02
4.259745590388774872e-03
1.757654361426830292e-02
4.204292315989732742e-03
2.988952677696943283e-03
9.751486359164118767e-04
2.259764121845364571e-03
1.231046952307224274e-02
1.927431114017963409e-02
2.259402535855770111e-02
4.199331626296043396e-03
6.326242536306381226e-02
2.875201869755983353e-03
1.173372566699981689e-02
1.157375797629356384e-02
1.844289153814315796e-02
1.133546233177185059e-02
1.669224910438060760e-02
2.349727973341941833e-02
6.174553185701370239e-03
5.540657322853803635e-03
2.384045720100402832e-02
3.255856037139892578e-02
3.384908661246299744e-03
1.428411225788295269e-03
1.083833351731300354e-02
1.872286899015307426e-03
2.891152165830135345e-02
1.342215458862483501e-03
2.668631495907902718e-03
2.832435071468353271e-03
8.767536841332912445e-03
1.753978244960308075e-02
5.517149809747934341e-03
1.322073675692081451e-02
4.124539904296398163e-03
4.841004963964223862e-03
1.817688904702663422e-02
4.216002766042947769e-03
6.356399040669202805e-03
3.519667778164148331e-03
1.216106698848307133e-03
3.725527785718441010e-03
6.528520956635475159e-03
2.968540415167808533e-03
4.042053595185279846e-03
7.623137440532445908e-03
2.670886693522334099e-03
1.081602298654615879e-03
5.457271356135606766e-03
4.836076870560646057e-03
1.222866307944059372e-02
2.255195984616875648e-03
1.318860705941915512e-02
1.643473282456398010e-03
2.931353636085987091e-03
6.946899928152561188e-03
2.316683996468782425e-03
8.438674267381429672e-04
2.418507821857929230e-03
1.041697338223457336e-02
1.197404786944389343e-02
1.476852921769022942e-03
5.414268467575311661e-03
1.084100571461021900e-03
1.846725703217089176e-03
2.697701798751950264e-03
3.719172906130552292e-03
3.292970126494765282e-03
1.279523037374019623e-02
3.206850262358784676e-03
5.720602348446846008e-03
9.719013236463069916e-03
2.571278018876910210e-03
1.324981567449867725e-03
2.031127223744988441e-03
3.427675459533929825e-03
5.098328692838549614e-04
6.883342284709215164e-04
2.331132302060723305e-03
1.011495385318994522e-02
1.399946399033069611e-02
2.058995515108108521e-02
6.112408824265003204e-03
3.406293224543333054e-03
3.336506895720958710e-03
2.292681112885475159e-02
2.951250877231359482e-03
7.543210522271692753e-04
2.630324801430106163e-03
2.712599746882915497e-02
3.290974302217364311e-03
2.432625368237495422e-02
3.650308400392532349e-02
7.000330835580825806e-03
5.437405779957771301e-03
1.937529188580811024e-03
8.013585209846496582e-02
3.793702693656086922e-03
1.239220495335757732e-03
6.127357110381126404e-02
1.722412765957415104e-03
3.375574201345443726e-02
1.366483629681169987e-03
5.891632754355669022e-03
4.932527989149093628e-02
3.231328446418046951e-03
3.249290632084012032e-03
4.753204062581062317e-03
1.601978018879890442e-02
3.310647979378700256e-02
2.006585709750652313e-02
8.785539306700229645e-03
1.314214710146188736e-02
4.869941622018814087e-03
6.552268285304307938e-03
2.050905302166938782e-02
1.896864501759409904e-03
2.923404797911643982e-03
1.914447639137506485e-03
3.230497241020202637e-02
2.680883742868900299e-03
1.054073311388492584e-02
6.054952740669250488e-03
1.687359064817428589e-02
6.925047840923070908e-03
5.762878339737653732e-03
1.253594458103179932e-02
3.578255698084831238e-02
3.956672269850969315e-03
1.464781071990728378e-02
5.000330507755279541e-03
2.611080883070826530e-03
6.147123407572507858e-03
2.725190296769142151e-02
4.816301632672548294e-03
2.149969711899757385e-02
2.165643312036991119e-02
8.350074291229248047e-03
1.158505026251077652e-02
1.191345509141683578e-03
3.621846903115510941e-03
1.621397957205772400e-02
2.311877347528934479e-02
4.076095297932624817e-03
1.101061515510082245e-02
2.792347408831119537e-02
9.737967513501644135e-03
1.115010213106870651e-02
7.954147295095026493e-04
5.781382787972688675e-03
3.392988117411732674e-03
4.036911763250827789e-03
1.818668097257614136e-02
1.169400941580533981e-02
1.289804000407457352e-02
2.203440060839056969e-03
4.344274289906024933e-03
1.892199739813804626e-02
4.170908126980066299e-03
1.793016679584980011e-03
2.091970760375261307e-03
1.391297322697937489e-03
1.110593322664499283e-02
2.265857532620429993e-02
2.842170419171452522e-03
3.921152558177709579e-03
3.346000332385301590e-03
1.883158693090081215e-03
1.347350422292947769e-03
6.146082654595375061e-03
1.607497781515121460e-02
7.727870251983404160e-04
1.082269847393035889e-02
1.936833374202251434e-02
2.494516316801309586e-03
1.560822036117315292e-02
3.997757099568843842e-03
3.528628870844841003e-02
8.193969842977821827e-04
6.413060240447521210e-03
9.932474931702017784e-04
2.070048823952674866e-02
3.804147709161043167e-03
4.320581443607807159e-03
1.469484437257051468e-02
2.777223242446780205e-03
1.435942482203245163e-03
2.100325422361493111e-03
3.925871104001998901e-03
2.207715064287185669e-03
2.639237325638532639e-03
8.844145573675632477e-03
2.309298701584339142e-02
4.898398183286190033e-03
6.404437124729156494e-03
3.139127511531114578e-03
1.855463953688740730e-03
5.496532539837062359e-04
3.769962058868259192e-04
7.030932465568184853e-04
2.710017841309309006e-03
5.214782431721687317e-03
1.462389365769922733e-03
1.950230263173580170e-02
1.533423434011638165e-03
1.848955173045396805e-03
7.210331968963146210e-04
9.444049792364239693e-04
5.855825729668140411e-04
8.980374783277511597e-03
5.700807552784681320e-03
7.444873452186584473e-03
5.893495865166187286e-03
8.538377005606889725e-04
3.660568734630942345e-03
2.269772347062826157e-03
1.416249666363000870e-02
8.662078762426972389e-04
1.682239584624767303e-03
6.704332772642374039e-03
9.102987824007868767e-04
7.892571738921105862e-04
5.773094017058610916e-03
2.093060640618205070e-03
1.266447128728032112e-03
6.540247704833745956e-04
1.443247683346271515e-02
4.847882315516471863e-03
1.844578306190669537e-03
1.666981377638876438e-03
1.548805739730596542e-03
5.592017550952732563e-04
2.274622442200779915e-03
2.025456866249442101e-03
8.690365939401090145e-04
7.400644943118095398e-03
3.091834951192140579e-03
6.637861952185630798e-04
8.816831395961344242e-04
1.706383307464420795e-03
1.148053351789712906e-02
4.564041155390441418e-04
1.333708292804658413e-03
2.530838130041956902e-03
3.247349755838513374e-03
1.010670792311429977e-03
6.776112131774425507e-03
1.378217246383428574e-03
3.717896528542041779e-03
7.376811932772397995e-03
5.601692944765090942e-03
1.502701919525861740e-02
8.871252648532390594e-03
1.096496009267866611e-03
6.209549959748983383e-03
1.346572116017341614e-02
2.820900641381740570e-03
3.291661851108074188e-03
8.276615408249199390e-04
4.713526577688753605e-04
8.501615957356989384e-04
5.025885533541440964e-03
7.775261532515287399e-03
3.788146656006574631e-03
5.500344559550285339e-04
4.476925823837518692e-03
2.609366318210959435e-03
1.768223242834210396e-03
7.445024093613028526e-04
6.543826893903315067e-04
1.777706784196197987e-03
7.654762594029307365e-04
1.931612729094922543e-03
9.029749780893325806e-03
1.143019471783190966e-04
5.633544642478227615e-04
1.615314627997577190e-03
1.440972206182777882e-03
1.570516848005354404e-03
3.518045647069811821e-03
1.623113406822085381e-03
6.588932010345160961e-04
1.553205423988401890e-03
3.705923911184072495e-03
1.083327736705541611e-02
2.915449906140565872e-03
9.003967978060245514e-03
9.816152742132544518e-04
5.596231785602867603e-04
4.428524407558143139e-04
1.931008999235928059e-03
6.055957637727260590e-04
1.767342444509267807e-03
1.031688647344708443e-03
1.877319300547242165e-03
1.141528482548892498e-03
8.579952642321586609e-03
4.915694589726626873e-04
3.046756028197705746e-04
3.441116306930780411e-03
5.860412493348121643e-03
3.518174169585108757e-03
1.824195613153278828e-03
4.039910621941089630e-03
2.816835884004831314e-03
3.162703476846218109e-03
6.425131577998399734e-04
2.822768874466419220e-03
3.535520227160304785e-04
2.159748401027172804e-04
1.211887691169977188e-02
1.189235597848892212e-03
1.032162830233573914e-02
1.315768691711127758e-03
4.055955796502530575e-04
8.646228234283626080e-04
1.019994495436549187e-03
8.513696375302970409e-04
2.735901158303022385e-03
5.710425321012735367e-03
7.188079180195927620e-04
2.051663119345903397e-03
1.738647260935977101e-04
7.736040861345827579e-04
3.057176363654434681e-04
7.344427285715937614e-04
1.976313767954707146e-03
3.120445180684328079e-04
1.027313177473843098e-03
5.906371516175568104e-04
5.428231088444590569e-04
1.164124812930822372e-03
2.517740242183208466e-03
1.144582289271056652e-03
8.456938667222857475e-04
8.188707870431244373e-04
3.013009554706513882e-04
5.742456414736807346e-04
5.717855528928339481e-04
1.241373247466981411e-03
7.155758794397115707e-04
4.001090710517019033e-04
2.085712476400658488e-04
1.085914322175085545e-03
1.427563140168786049e-03
1.805515377782285213e-03
6.050788797438144684e-04
2.467944519594311714e-03
5.411498714238405228e-04
1.388170756399631500e-03
2.105288003804162145e-04
2.101657679304480553e-03
5.030169151723384857e-03
1.637270441278815269e-03
2.483058196958154440e-04
1.191650866530835629e-03
4.080929793417453766e-04
7.438525208272039890e-04
4.176370566710829735e-04
4.456256283447146416e-04
8.363811066374182701e-04
2.604423649609088898e-02
1.481503015384078026e-03
3.353905049152672291e-04
7.483466761186718941e-04
3.505701024550944567e-04
5.637760041281580925e-04
4.319168510846793652e-04
3.697137872222810984e-04
2.310843119630590081e-04
1.222155755385756493e-03
4.557567299343645573e-04
1.122830784879624844e-03
4.907991271466016769e-03
1.513730268925428391e-03
8.176470291800796986e-04
4.863020149059593678e-04
1.921423012390732765e-03
5.523142172023653984e-04
1.061198883689939976e-03
5.576331634074449539e-03
1.504670246504247189e-03
3.647417179308831692e-04
6.519056041724979877e-04
3.486923233140259981e-04
5.501785781234502792e-04
1.251543057151138783e-03
6.706471904180943966e-04
1.179655431769788265e-03
1.377719733864068985e-02
4.857669118791818619e-04
6.624777452088892460e-04
1.596616930328309536e-03
9.404901647940278053e-04
3.576387825887650251e-04
3.820273268502205610e-04
1.100920562748797238e-04
2.230766403954476118e-04
1.051958184689283371e-03
4.215945664327591658e-04
2.399156102910637856e-03
9.987697703763842583e-04
4.527007113210856915e-04
5.047236918471753597e-04
1.657497836276888847e-03
1.776486518792808056e-03
7.578639779239892960e-04
7.736623520031571388e-04
1.146778580732643604e-03
6.215804442763328552e-02
6.244865711778402328e-03
2.747235354036092758e-03
9.884829632937908173e-04
3.994539147242903709e-04
1.080674701370298862e-03
9.609799599274992943e-04
5.203629843890666962e-04
2.144412882626056671e-02
1.271124812774360180e-03
5.547643522731959820e-04
3.511854447424411774e-04
5.205439869314432144e-03
9.624419035390019417e-04
8.005945710465312004e-04
4.829039331525564194e-03
7.568122236989438534e-04
2.252213191241025925e-03
9.757094667293131351e-04
6.588998250663280487e-03
4.745866172015666962e-03
7.826988585293292999e-03
2.175652887672185898e-03
1.278537092730402946e-03
8.403166430070996284e-04
5.996723193675279617e-04
4.200451076030731201e-03
3.263471415266394615e-03
5.472566117532551289e-04
3.064280934631824493e-02
9.027287364006042480e-03
6.541491020470857620e-04
1.034715911373496056e-03
2.136798109859228134e-03
7.368294754996895790e-04
1.039808266796171665e-03
3.455347847193479538e-03
2.566293580457568169e-03
2.256102627143263817e-03
1.444661174900829792e-03
2.400147495791316032e-03
7.832515984773635864e-04
9.166394593194127083e-04
1.076414715498685837e-03
2.821599831804633141e-03
1.110602170228958130e-03
2.062234561890363693e-03
7.165346760302782059e-04
1.128408010117709637e-03
9.026615880429744720e-04
1.421165186911821365e-03
2.688955981284379959e-03
4.981533857062458992e-04
1.364648225717246532e-03
3.337890084367245436e-04
1.150856260210275650e-03
6.343907443806529045e-04
1.176773104816675186e-03
5.931495106779038906e-04
7.995011401362717152e-04
7.295403629541397095e-04
5.837886128574609756e-04
2.342817460885271430e-04
4.555316641926765442e-03
1.841338700614869595e-03
2.699633128941059113e-03
6.152841378934681416e-04
7.139851804822683334e-04
1.081023598089814186e-03
3.807416069321334362e-04
4.674785304814577103e-03
5.911533953621983528e-04
4.554993938654661179e-04
5.175761179998517036e-04
9.850443340837955475e-03
1.773230032995343208e-03
1.814608549466356635e-04
1.029597042361274362e-04
2.226348966360092163e-03
3.223530948162078857e-04
3.907613572664558887e-04
4.247768665663897991e-04
2.599765546619892120e-03
2.196989767253398895e-02
9.117603767663240433e-04
4.511253442615270615e-03
6.001100409775972366e-04
2.822727838065475225e-04
1.721178367733955383e-02
4.319982137531042099e-03
2.519934903830289841e-03
1.665268559008836746e-03
4.037683084607124329e-02
3.360775299370288849e-04
4.225985321681946516e-04
2.723234705626964569e-03
9.555839933454990387e-03
7.411827333271503448e-03
8.497237577103078365e-04
3.768977476283907890e-03
1.532137300819158554e-02
1.360541675239801407e-03
4.145905259065330029e-04
1.282776519656181335e-02
8.748607942834496498e-04
9.840790182352066040e-03
3.449413925409317017e-03
3.006906248629093170e-03
3.453161334618926048e-03
7.939382921904325485e-04
9.438619017601013184e-04
2.672443864867091179e-03
1.744602061808109283e-02
6.068103015422821045e-03
3.162613138556480408e-03
1.185119384899735451e-03
3.640124632511287928e-04
5.530703929252922535e-04
3.323148470371961594e-03
1.403000322170555592e-03
5.182584282010793686e-04
3.596274880692362785e-03
2.749157138168811798e-03
1.132544479332864285e-03
5.788595415651798248e-03
6.732885376550257206e-04
1.410300727002322674e-03
3.111189580522477627e-04
2.488939557224512100e-03
1.053228275850415230e-03
1.375677064061164856e-03
2.362681785598397255e-03
2.541469642892479897e-03
7.272824295796453953e-04
1.138935098424553871e-03
8.639671723358333111e-04
4.283849522471427917e-02
8.716291747987270355e-03
1.128536881878972054e-03
3.518679179251194000e-03
1.115137129090726376e-03
1.865605241619050503e-03
1.062429249286651611e-01
5.218885373324155807e-03
4.451965913176536560e-02
1.067885081283748150e-03
7.606247090734541416e-04
1.691979006864130497e-03
3.646849421784281731e-03
3.480273857712745667e-02
1.274341065436601639e-02
2.401594072580337524e-03
1.567700528539717197e-03
1.646691560745239258e-02
2.795994840562343597e-02
8.576625841669738293e-04
1.687775366008281708e-02
6.450561922974884510e-04
9.353683562949299812e-04
2.668309211730957031e-02
3.933482244610786438e-02
2.798366546630859375e-02
1.129784039221704006e-03
5.073308199644088745e-02
5.916417110711336136e-03
4.535308107733726501e-03
9.835043456405401230e-04
6.175625137984752655e-03
2.817462664097547531e-03
1.505800615996122360e-02
1.990317180752754211e-02
3.543972037732601166e-03
4.157570749521255493e-02
1.538958959281444550e-02
1.200699899345636368e-02
2.294769277796149254e-03
9.985770098865032196e-03
2.211086265742778778e-02
5.795668810606002808e-03
1.562063815072178841e-03
4.095311090350151062e-02
7.240189611911773682e-02
4.773034248501062393e-03
3.167417831718921661e-03
1.689102873206138611e-02
1.251150853931903839e-03
6.197704467922449112e-03
2.840461395680904388e-02
1.690354547463357449e-03
2.160608582198619843e-02
6.588181946426630020e-03
1.094771549105644226e-02
8.439272642135620117e-03
2.723930170759558678e-03
5.209943745285272598e-03
1.073799375444650650e-02
2.538678701967000961e-03
1.101013179868459702e-02
1.773490756750106812e-02
1.847778633236885071e-02
4.133515991270542145e-03
1.068768370896577835e-02
4.154320806264877319e-03
4.736064001917839050e-03
2.670822665095329285e-02
1.087555009871721268e-02
1.475562714040279388e-02
5.673591978847980499e-03
2.135727182030677795e-02
3.999213688075542450e-03
2.477168338373303413e-03
5.534637346863746643e-02
1.297255698591470718e-02
1.476135384291410446e-02
1.820669695734977722e-02
2.180434064939618111e-03
2.848718315362930298e-03
1.096741296350955963e-03
3.506937529891729355e-03
3.069371159654110670e-04
2.036205306649208069e-02
1.609853003174066544e-03
6.005321163684129715e-03
2.362786792218685150e-02
1.194753218442201614e-02
8.085296489298343658e-03
3.767969785258173943e-03
9.682384552434086800e-04
2.182656154036521912e-02
1.893373765051364899e-02
2.547552576288580894e-03
5.881685763597488403e-03
1.204123813658952713e-02
1.482112798839807510e-03
3.843222279101610184e-03
1.198170240968465805e-03
1.571309193968772888e-02
8.414303883910179138e-04
6.914844270795583725e-03
9.194046258926391602e-03
2.547788899391889572e-03
1.584191224537789822e-03
5.165322683751583099e-03
3.240953199565410614e-03
1.678100228309631348e-02
4.872035235166549683e-03
2.979198470711708069e-02
1.299558323808014393e-03
1.817452604882419109e-03
1.117088738828897476e-02
4.448234569281339645e-03
1.320092659443616867e-02
1.754212076775729656e-03
1.906478404998779297e-02
2.368295332416892052e-03
4.443967714905738831e-03
2.482224954292178154e-03
2.100537531077861786e-02
1.965063810348510742e-02
1.174555812031030655e-02
4.339116066694259644e-02
1.507707987911999226e-03
2.557799685746431351e-03
4.557377658784389496e-03
6.343749910593032837e-02
1.801239512860774994e-02
1.121524348855018616e-02
6.251096259802579880e-03
1.043211482465267181e-02
6.602188572287559509e-03
3.975050058215856552e-03
4.188426584005355835e-02
6.656626937910914421e-04
5.705564748495817184e-03
1.326598343439400196e-03
3.063227515667676926e-03
1.221930608153343201e-02
4.340853542089462280e-03
7.266188506036996841e-03
6.231223046779632568e-02
5.710473749786615372e-03
7.434451021254062653e-03
1.228069420903921127e-02
2.074307762086391449e-03
1.278920471668243408e-02
3.492938121780753136e-03
1.030045212246477604e-03
5.596920847892761230e-03
6.275609135627746582e-03
1.689831912517547607e-02
2.841025590896606445e-02
1.494395895861089230e-03
1.200767699629068375e-02
2.799351699650287628e-03
1.709524076431989670e-03
1.505824085325002670e-02
1.520522870123386383e-03
1.685762219130992889e-02
3.414890170097351074e-02
4.016987979412078857e-03
2.775358734652400017e-03
4.236042127013206482e-02
4.489767830818891525e-03
2.171746827661991119e-02
9.535204619169235229e-03
1.097733620554208755e-02
5.465563852339982986e-03
4.834596440196037292e-02
1.932759885676205158e-03
3.826892934739589691e-03
6.935668177902698517e-03
4.700172320008277893e-02
1.531921979039907455e-02
1.915987930260598660e-03
3.343660756945610046e-02
6.697841919958591461e-03
6.994310766458511353e-03
2.705510891973972321e-02
1.844021305441856384e-02
1.074383035302162170e-03
1.214668969623744488e-03
8.029131218791007996e-03
8.027686737477779388e-03
9.537914302200078964e-04
3.803625702857971191e-03
5.225510336458683014e-03
1.770711876451969147e-02
2.991934306919574738e-03
4.127672314643859863e-02
1.015210151672363281e-02
4.290760960429906845e-03
1.880974508821964264e-02
1.675727590918540955e-02
9.135516011156141758e-04
3.512397408485412598e-02
9.278887882828712463e-03
7.863140781410038471e-04
5.410394631326198578e-03
6.247779820114374161e-03
2.197908936068415642e-03
3.065462457016110420e-03
6.426999345421791077e-03
3.421391826122999191e-03
1.358663197606801987e-03
1.565887127071619034e-03
5.882126279175281525e-03
3.667973505798727274e-04
4.356393590569496155e-03
2.460093703120946884e-03
2.479438669979572296e-03
1.252635661512613297e-02
4.826575051993131638e-03
5.757014732807874680e-03
1.529363566078245640e-03
4.145676270127296448e-02
6.799274124205112457e-04
1.418774016201496124e-02
5.195676907896995544e-02
2.002912340685725212e-03
4.538453940767794847e-04
3.751078853383660316e-03
1.451625023037195206e-03
3.155042650178074837e-03
1.546922605484724045e-02
1.026018057018518448e-02
3.254852816462516785e-02
1.040429249405860901e-02
3.947224933654069901e-03
7.608216255903244019e-03
1.620307192206382751e-02
1.645940123125910759e-03
1.919417758472263813e-03
3.224836662411689758e-02
8.789548301137983799e-04
1.405935175716876984e-02
1.812478061765432358e-03
3.186763729900121689e-03
4.867479729000478983e-04
2.791639883071184158e-03
2.857626881450414658e-03
5.550558213144540787e-03
6.649401970207691193e-03
7.476845639757812023e-04
3.163772635161876678e-03
3.169432282447814941e-02
9.453742532059550285e-04
7.315908558666706085e-03
2.142102457582950592e-03
7.213372155092656612e-04
7.656461093574762344e-04
2.034405805170536041e-02
1.123970025219023228e-03
3.427721560001373291e-03
1.381975249387323856e-03
2.999379532411694527e-03
8.910904289223253727e-04
2.168285893276333809e-03
7.283681770786643028e-04
1.960283610969781876e-03
1.777744852006435394e-03
7.560469675809144974e-03
7.233392680063843727e-04
2.247278112918138504e-03
1.909589045681059361e-03
5.352922016754746437e-04
2.303889254108071327e-03
1.393792405724525452e-02
3.978553577326238155e-04
2.297155326232314110e-03
3.929652739316225052e-03
5.569984787143766880e-04
1.488820998929440975e-03
1.429362408816814423e-02
2.543473150581121445e-03
1.517640892416238785e-03
1.802318845875561237e-03
4.725243779830634594e-04
2.178939466830343008e-04
8.313460275530815125e-04
1.893489825306460261e-04
9.828173788264393806e-04
4.613190889358520508e-02
1.049421029165387154e-03
1.902736374177038670e-03
1.729528303258121014e-03
2.481141826137900352e-03
5.314986337907612324e-04
4.861678462475538254e-04
7.289989851415157318e-03
6.940208375453948975e-03
2.469109836965799332e-03
8.487809100188314915e-04
3.309352032374590635e-04
1.700576022267341614e-02
2.002115175127983093e-02
7.732544559985399246e-03
7.109118159860372543e-04
9.235246689058840275e-04
1.831520465202629566e-03
3.383615985512733459e-02
