2.313624620437622070e+00
2.093522548675537109e+00
1.777985334396362305e+00
1.482952713966369629e+00
1.279780030250549316e+00
1.017777204513549805e+00
1.044751763343811035e+00
8.096442818641662598e-01
8.289610147476196289e-01
7.523958086967468262e-01
6.749908328056335449e-01
7.309392094612121582e-01
6.176066398620605469e-01
5.349848866462707520e-01
5.667076110839843750e-01
6.113469600677490234e-01
5.465607643127441406e-01
5.752261281013488770e-01
5.205874443054199219e-01
3.966149389743804932e-01
4.673859775066375732e-01
4.687554836273193359e-01
4.184890687465667725e-01
3.850647807121276855e-01
3.250830769538879395e-01
2.805718779563903809e-01
4.640750288963317871e-01
2.842813134193420410e-01
2.478714883327484131e-01
4.070864021778106689e-01
2.088227570056915283e-01
2.496547251939773560e-01
4.537588655948638916e-01
2.876217067241668701e-01
2.451463341712951660e-01
3.356049656867980957e-01
2.571557760238647461e-01
2.413945496082305908e-01
2.816368043422698975e-01
2.584141492843627930e-01
2.599259018898010254e-01
1.643863916397094727e-01
2.721919417381286621e-01
1.943943202495574951e-01
1.821140646934509277e-01
2.421484291553497314e-01
2.583838105201721191e-01
1.617875695228576660e-01
2.698645591735839844e-01
1.578248143196105957e-01
1.879354566335678101e-01
1.367041170597076416e-01
1.246308982372283936e-01
1.555708944797515869e-01
1.108500808477401733e-01
4.680881798267364502e-01
9.166776388883590698e-02
1.686117053031921387e-01
1.837532818317413330e-01
2.543605566024780273e-01
1.919773221015930176e-01
1.332647055387496948e-01
2.147655934095382690e-01
7.322208583354949951e-02
1.020844280719757080e-01
1.379808932542800903e-01
1.501580029726028442e-01
1.554610729217529297e-01
1.479989141225814819e-01
1.451314836740493774e-01
8.267294615507125854e-02
1.261797547340393066e-01
1.856329888105392456e-01
1.836912930011749268e-01
1.095447987318038940e-01
1.009742990136146545e-01
8.931662142276763916e-02
9.866137802600860596e-02
1.629089117050170898e-01
1.285301446914672852e-01
1.770961433649063110e-01
1.171420514583587646e-01
1.599332541227340698e-01
3.046349808573722839e-02
5.917478352785110474e-02
7.205890864133834839e-02
9.055761992931365967e-02
8.002717047929763794e-02
7.958704233169555664e-02
8.730453997850418091e-02
5.704483762383460999e-02
5.449257418513298035e-02
7.135466486215591431e-02
6.324411183595657349e-02
1.009714603424072266e-01
5.409057065844535828e-02
7.606752961874008179e-02
8.295264095067977905e-02
1.225980371236801147e-01
8.846656978130340576e-02
1.076427400112152100e-01
6.240219622850418091e-02
1.194915622472763062e-01
6.319671869277954102e-02
3.500663861632347107e-02
8.201282471418380737e-02
4.840036481618881226e-02
5.012832581996917725e-02
4.786953702569007874e-02
1.646905988454818726e-01
9.602022171020507812e-02
4.657452926039695740e-02
3.246228024363517761e-02
6.958285719156265259e-02
2.489157021045684814e-02
4.992416501045227051e-02
7.320581376552581787e-02
6.701990962028503418e-02
1.106865108013153076e-01
4.563606157898902893e-02
5.630231648683547974e-02
8.263029903173446655e-02
2.969410829246044159e-02
2.688426338136196136e-02
5.010067671537399292e-02
5.454666912555694580e-02
5.985125899314880371e-02
5.787289887666702271e-02
3.198996931314468384e-02
3.633135184645652771e-02
2.860853821039199829e-02
7.598565518856048584e-02
4.143434390425682068e-02
7.776154577732086182e-02
4.393544793128967285e-02
5.255157500505447388e-02
6.046375632286071777e-02
4.891113191843032837e-02
2.598531916737556458e-02
3.289787843823432922e-02
2.608920074999332428e-02
5.964768677949905396e-02
4.571477696299552917e-02
1.685003377497196198e-02
5.836033821105957031e-02
4.954828321933746338e-02
2.940323390066623688e-02
5.852259695529937744e-02
1.379483658820390701e-02
1.068489998579025269e-02
5.078618973493576050e-02
1.918493770062923431e-02
4.479454085230827332e-02
4.906933009624481201e-02
4.999955371022224426e-02
3.606075793504714966e-02
5.404027923941612244e-02
2.163053490221500397e-02
5.726795271039009094e-02
2.653503790497779846e-02
4.974906891584396362e-02
3.564633056521415710e-02
7.572761923074722290e-02
1.321213841438293457e-01
5.178168788552284241e-02
3.408019244670867920e-02
3.273725137114524841e-02
1.329903211444616318e-02
1.445389445871114731e-02
1.239064335823059082e-01
2.773283049464225769e-02
2.439209818840026855e-02
3.116825036704540253e-02
3.146221488714218140e-02
3.462166711688041687e-02
9.652746468782424927e-02
6.259890645742416382e-02
5.111085250973701477e-02
1.153405196964740753e-02
1.169795449823141098e-02
3.238528594374656677e-02
8.606180548667907715e-02
5.654976516962051392e-02
3.626856580376625061e-02
3.320201858878135681e-02
3.292321041226387024e-02
3.252121806144714355e-02
1.473169587552547455e-02
3.264339268207550049e-02
9.398048743605613708e-03
2.936347760260105133e-02
3.998948633670806885e-02
2.929207123816013336e-02
1.424892991781234741e-02
3.920252621173858643e-02
2.673575095832347870e-02
2.419784106314182281e-02
1.232854463160037994e-02
2.974433265626430511e-02
3.369101509451866150e-02
2.970539219677448273e-02
2.704171650111675262e-02
3.885350376367568970e-02
5.477378517389297485e-02
2.047379501163959503e-02
1.101817283779382706e-02
1.474598329514265060e-02
1.670563034713268280e-02
2.164014428853988647e-02
1.022682785987854004e-01
9.909722022712230682e-03
2.418931014835834503e-02
1.452212873846292496e-02
2.692502923309803009e-02
7.717764936387538910e-03
1.025965157896280289e-02
1.423994079232215881e-02
1.951535977423191071e-02
1.053773891180753708e-02
1.257617771625518799e-02
2.481558732688426971e-02
8.476727642118930817e-03
1.790251769125461578e-02
3.084985725581645966e-02
4.006661847233772278e-02
1.054886169731616974e-02
1.864317432045936584e-02
2.723822928965091705e-02
1.281418558210134506e-02
4.540048912167549133e-02
5.730834603309631348e-02
3.764621913433074951e-02
5.286158993840217590e-02
2.558580413460731506e-02
1.362675055861473083e-02
2.517036534845829010e-02
1.402265019714832306e-02
1.989946700632572174e-02
6.819750368595123291e-02
9.243340045213699341e-02
3.711959347128868103e-02
4.865117371082305908e-02
1.864438131451606750e-02
8.227331563830375671e-03
1.294870954006910324e-02
5.272843316197395325e-02
3.507519885897636414e-02
9.004288353025913239e-03
2.011382207274436951e-02
1.018454413861036301e-02
4.734673351049423218e-02
9.895040653645992279e-03
4.695414006710052490e-02
3.190658241510391235e-02
6.377687677741050720e-03
1.605005562305450439e-02
3.322940319776535034e-02
6.492997054010629654e-03
3.491811454296112061e-02
3.652075305581092834e-02
4.020497202873229980e-02
4.684006050229072571e-02
1.523555349558591843e-02
8.516585454344749451e-03
4.114308580756187439e-02
2.545776031911373138e-02
3.401129692792892456e-02
7.993832230567932129e-03
8.687415160238742828e-03
2.445184811949729919e-02
6.738428771495819092e-02
1.843696087598800659e-02
4.978635162115097046e-02
2.838425152003765106e-02
2.970928326249122620e-02
7.016805466264486313e-03
7.339688483625650406e-03
1.731364615261554718e-02
1.875339262187480927e-02
4.756831098347902298e-03
5.042357835918664932e-03
7.236980367451906204e-03
4.987489432096481323e-02
4.434335976839065552e-02
2.787170186638832092e-02
3.105461597442626953e-02
3.821900859475135803e-02
4.279422387480735779e-02
1.474242843687534332e-02
4.777096211910247803e-03
1.417706999927759171e-02
6.818071939051151276e-03
2.266323938965797424e-02
1.257527247071266174e-02
2.197772450745105743e-02
1.303124427795410156e-02
6.075098179280757904e-03
2.070541679859161377e-02
3.594130277633666992e-02
3.351270407438278198e-02
1.335717178881168365e-02
1.428775768727064133e-02
4.187286831438541412e-03
4.600252490490674973e-03
2.315149269998073578e-02
4.632421303540468216e-03
1.196183450520038605e-02
9.704762138426303864e-03
1.070984639227390289e-02
1.900361850857734680e-02
3.655262663960456848e-02
3.031400265172123909e-03
1.493830606341362000e-02
8.829989470541477203e-03
4.991204664111137390e-02
9.757168591022491455e-03
1.082439627498388290e-02
1.499598380178213120e-02
4.343878477811813354e-02
1.593546941876411438e-02
5.462095607072114944e-03
3.199694305658340454e-02
5.036573857069015503e-03
3.659149259328842163e-02
1.873478107154369354e-02
1.227569580078125000e-02
6.643295753747224808e-03
3.328796103596687317e-02
1.057176105678081512e-02
9.604312479496002197e-03
3.025180101394653320e-02
1.261139009147882462e-02
1.225343067198991776e-02
1.900502853095531464e-02
2.293331362307071686e-02
2.317845076322555542e-02
2.038505114614963531e-02
3.665263205766677856e-02
1.307325065135955811e-02
2.838814631104469299e-02
9.594413451850414276e-03
1.276253722608089447e-02
5.252902861684560776e-03
1.542391255497932434e-02
4.126841947436332703e-02
2.407983131706714630e-02
1.019105501472949982e-02
1.231230609118938446e-02
1.174051780253648758e-02
2.789348363876342773e-02
6.612704601138830185e-03
5.738189443945884705e-03
2.674775384366512299e-02
2.352284267544746399e-02
1.463913451880216599e-02
1.036154478788375854e-02
2.520850859582424164e-02
1.259680557996034622e-02
3.787027299404144287e-02
3.996529802680015564e-02
2.142638713121414185e-02
9.453252889215946198e-03
8.186589926481246948e-03
2.102443762123584747e-02
4.248389974236488342e-03
5.582345183938741684e-03
5.940350145101547241e-02
1.225003879517316818e-02
1.051226351410150528e-02
2.098547853529453278e-02
4.402616061270236969e-03
2.313347347080707550e-02
1.605112291872501373e-02
9.554796852171421051e-03
2.649770118296146393e-02
5.079219117760658264e-03
7.702839560806751251e-03
8.092824369668960571e-03
2.826419100165367126e-02
3.935573995113372803e-02
5.704855546355247498e-02
3.128137439489364624e-02
6.350727286189794540e-03
1.040907856076955795e-02
8.261111564934253693e-03
4.580016061663627625e-02
3.478810191154479980e-02
4.579382389783859253e-02
5.810782313346862793e-02
1.389367226511240005e-02
8.118328638374805450e-03
1.675733830779790878e-03
7.816974073648452759e-03
2.072807960212230682e-02
2.606800384819507599e-02
1.175255887210369110e-02
2.954342402517795563e-02
2.117019891738891602e-02
1.530561503022909164e-02
4.465720057487487793e-02
2.350833034142851830e-03
2.764821238815784454e-02
9.251779876649379730e-03
3.886992111802101135e-02
1.597569324076175690e-02
4.154752194881439209e-02
2.556632831692695618e-02
4.707096610218286514e-03
6.718985270708799362e-03
1.953490450978279114e-02
5.015503615140914917e-03
1.148710679262876511e-02
2.477301098406314850e-02
7.982298731803894043e-03
2.012467198073863983e-02
4.126309882849454880e-03
1.644412241876125336e-02
6.904388777911663055e-03
9.927674196660518646e-03
6.867462769150733948e-03
2.345144981518387794e-03
7.451926823705434799e-03
6.510454230010509491e-03
2.605720423161983490e-03
2.705365186557173729e-03
2.628115192055702209e-02
4.752373788505792618e-03
2.138780243694782257e-02
4.723893478512763977e-03
2.918171696364879608e-03
1.841911463998258114e-03
4.370785132050514221e-02
1.675961166620254517e-02
2.492524683475494385e-03
5.760422442108392715e-03
3.777823178097605705e-03
1.620313385501503944e-03
4.104248713701963425e-03
2.105182409286499023e-02
5.305482540279626846e-03
6.056169513612985611e-03
5.508510395884513855e-03
6.619891151785850525e-03
3.368729259818792343e-03
4.719601944088935852e-03
1.835404336452484131e-02
3.173046046867966652e-03
4.039805009961128235e-02
1.392354909330606461e-02
1.425737142562866211e-02
1.970702083781361580e-03
2.017420483753085136e-03
3.987986594438552856e-03
4.815245512872934341e-03
1.163946837186813354e-02
3.403702750802040100e-03
2.200362039729952812e-03
5.977564025670289993e-03
2.501152222976088524e-03
1.110562682151794434e-02
1.436286233365535736e-02
3.491688985377550125e-03
3.120229952037334442e-02
2.934929681941866875e-03
7.086930796504020691e-03
9.331691078841686249e-03
2.072214148938655853e-03
7.200967054814100266e-03
2.047322317957878113e-02
1.125824172049760818e-02
1.565424958243966103e-03
4.030281677842140198e-03
3.717025369405746460e-02
1.626360043883323669e-02
1.955358777195215225e-03
1.510629430413246155e-02
2.576112048700451851e-03
1.127286534756422043e-02
1.534573361277580261e-02
1.408827677369117737e-02
5.829830653965473175e-03
1.285182777792215347e-02
3.429392352700233459e-02
3.164863213896751404e-03
3.503675339743494987e-03
3.181480104103684425e-03
8.405151776969432831e-03
3.781861066818237305e-02
1.004223339259624481e-02
2.194717992097139359e-03
3.737331135198473930e-03
2.672258764505386353e-03
2.810842171311378479e-02
3.100428916513919830e-02
2.462133532389998436e-03
1.243350002914667130e-02
1.438506692647933960e-02
6.994278170168399811e-03
5.632590502500534058e-03
5.193118005990982056e-03
9.161670692265033722e-03
1.531381974928081036e-03
3.307084087282419205e-03
1.131491153500974178e-03
4.122260957956314087e-03
8.429518900811672211e-03
2.493532374501228333e-03
3.325600177049636841e-02
1.277264766395092010e-02
5.127147771418094635e-03
6.395190022885799408e-03
2.267324831336736679e-03
1.364846900105476379e-02
1.703497837297618389e-03
3.042318858206272125e-03
5.738083738833665848e-03
3.365518525242805481e-02
1.375808101147413254e-02
7.564010098576545715e-03
4.285496193915605545e-03
1.679171435534954071e-02
5.742126144468784332e-03
4.912174772471189499e-03
6.841438356786966324e-03
2.563638146966695786e-03
3.477022051811218262e-03
1.228020992130041122e-02
4.295895341783761978e-03
3.302128752693533897e-03
2.290763892233371735e-03
1.401326153427362442e-02
1.769521040841937065e-03
2.680421574041247368e-03
1.147522940300405025e-03
1.614003069698810577e-02
2.116291318088769913e-03
2.346958266571164131e-03
7.804021239280700684e-03
3.977547958493232727e-02
4.626092035323381424e-03
7.423746865242719650e-03
2.859260188415646553e-03
2.492773812264204025e-03
3.440995933488011360e-03
3.781174076721072197e-03
8.120655082166194916e-03
1.561852288432419300e-03
2.093745162710547447e-03
4.501107707619667053e-02
3.708115778863430023e-03
7.449063006788492203e-03
4.909593611955642700e-03
1.181403361260890961e-02
1.164725329726934433e-02
2.389017026871442795e-03
1.524613820947706699e-03
5.859052296727895737e-03
1.432044897228479385e-03
1.701685134321451187e-03
3.372430102899670601e-03
9.404483251273632050e-03
2.952732844278216362e-03
9.495833073742687702e-04
2.330102492123842239e-03
1.822453225031495094e-03
3.524898551404476166e-03
1.331713399849832058e-03
9.323804406449198723e-04
1.239987090229988098e-03
2.933722920715808868e-03
1.507178880274295807e-03
7.841691840440034866e-04
1.239268202334642410e-02
1.459814840927720070e-03
4.790894687175750732e-03
6.212061736732721329e-03
1.000059209764003754e-02
4.303259309381246567e-03
2.681246958673000336e-03
1.482362160459160805e-03
3.125378862023353577e-03
1.678037224337458611e-03
3.991313278675079346e-03
3.277035662904381752e-03
3.573587397113442421e-03
8.434375631622970104e-04
2.235969714820384979e-02
5.536869284696877003e-04
1.032882952131330967e-03
5.042165983468294144e-03
6.883774418383836746e-03
1.489919028244912624e-03
4.525687079876661301e-03
1.144790556281805038e-03
1.210314687341451645e-03
3.902228316292166710e-03
1.626024721190333366e-03
9.167662821710109711e-03
2.494989195838570595e-03
6.707552354782819748e-03
2.947153151035308838e-02
2.238824497908353806e-03
1.238012104295194149e-03
4.506711848080158234e-03
1.679502893239259720e-03
1.972320489585399628e-03
1.307532307691872120e-03
1.800608448684215546e-02
3.615903900936245918e-03
1.320618391036987305e-02
3.802568838000297546e-02
4.608378745615482330e-03
2.877073129639029503e-03
8.206314523704349995e-04
1.061460934579372406e-03
2.235468942672014236e-03
2.278229221701622009e-02
9.078366681933403015e-03
2.187478588894009590e-03
5.186738912016153336e-03
3.395115723833441734e-03
4.963058978319168091e-03
3.314732108265161514e-03
1.525214873254299164e-02
3.741552680730819702e-02
2.140628919005393982e-02
1.103308610618114471e-02
3.610547631978988647e-03
2.043249784037470818e-03
4.501046147197484970e-03
2.264057053253054619e-03
3.339419607073068619e-03
1.406527683138847351e-02
1.093822438269853592e-02
1.051832083612680435e-02
3.446829970926046371e-03
6.938348524272441864e-03
1.907281228341162205e-03
6.071636918932199478e-03
3.888184204697608948e-02
4.879307467490434647e-03
2.559304470196366310e-03
2.248219214379787445e-03
4.055812954902648926e-03
1.452972088009119034e-02
2.622969821095466614e-02
2.041604835540056229e-03
6.416739895939826965e-03
1.876598922535777092e-03
5.277621559798717499e-03
9.134769206866621971e-04
6.362357642501592636e-03
3.486175322905182838e-03
5.791731178760528564e-03
2.951457723975181580e-02
6.516579072922468185e-03
1.359863113611936569e-02
2.257460029795765877e-03
1.091124583035707474e-02
3.594036446884274483e-03
9.353724867105484009e-02
1.876901276409626007e-02
1.356171816587448120e-02
1.496786368079483509e-03
1.743607595562934875e-02
6.063815089873969555e-04
3.579511493444442749e-02
2.806515805423259735e-02
1.792292855679988861e-02
3.497806610539555550e-03
3.466764464974403381e-03
1.504045096226036549e-03
4.940120968967676163e-03
4.517758730798959732e-03
3.420377150177955627e-03
6.880743894726037979e-03
6.511308718472719193e-03
9.592856280505657196e-03
2.195988595485687256e-02
9.226334281265735626e-03
2.338235639035701752e-02
7.613950408995151520e-03
1.029635127633810043e-02
2.342135412618517876e-03
3.784416243433952332e-03
4.333913791924715042e-03
5.511110648512840271e-02
2.311826916411519051e-03
1.960552996024489403e-03
2.340690419077873230e-02
2.119178138673305511e-02
1.351360324770212173e-02
1.169681316241621971e-03
4.759242292493581772e-03
8.212520740926265717e-03
7.046484388411045074e-03
8.922698907554149628e-03
2.409279905259609222e-02
1.053248438984155655e-02
1.852194219827651978e-02
2.755829365924000740e-03
7.808410446159541607e-04
2.825299045071005821e-03
3.730003163218498230e-02
1.184280868619680405e-02
1.791468635201454163e-02
1.792676164768636227e-03
6.415063980966806412e-03
6.293279118835926056e-03
5.050018429756164551e-03
2.668024739250540733e-03
1.060755457729101181e-03
2.528971992433071136e-03
7.212772965431213379e-03
6.592773832380771637e-03
2.100010868161916733e-03
1.186814811080694199e-02
4.864407703280448914e-03
4.300792515277862549e-02
5.539925768971443176e-03
2.362144179642200470e-03
3.096502507105469704e-03
2.577859535813331604e-02
4.708352498710155487e-03
3.786944318562746048e-03
1.606975332833826542e-03
3.369686380028724670e-02
1.984182978048920631e-03
4.290612880140542984e-03
4.437726456671953201e-03
3.625600365921854973e-03
1.835746690630912781e-03
1.168932113796472549e-02
2.599950693547725677e-02
3.070085542276501656e-03
8.709115791134536266e-04
1.290539046749472618e-03
9.683592943474650383e-04
5.410434212535619736e-03
1.040821778587996960e-03
3.942092880606651306e-03
6.251689512282609940e-03
4.004763439297676086e-02
1.058743428438901901e-02
3.227528883144259453e-03
4.654462914913892746e-03
1.128930412232875824e-02
1.278270222246646881e-02
3.152460791170597076e-03
3.702272195369005203e-03
1.338218431919813156e-02
1.386854611337184906e-02
7.080158684402704239e-03
1.319885835982859135e-03
3.467525914311408997e-02
1.308508869260549545e-02
4.572847858071327209e-03
2.024888060986995697e-02
1.622934453189373016e-02
1.833519549109041691e-03
1.259237178601324558e-03
2.400376601144671440e-03
7.841480546630918980e-04
3.225990105420351028e-03
5.479584448039531708e-03
5.384245421737432480e-03
5.763020832091569901e-03
1.592728495597839355e-02
1.542589254677295685e-02
1.559731457382440567e-02
5.599561613053083420e-03
9.781527332961559296e-03
1.814936986193060875e-03
1.510525774210691452e-02
2.884238027036190033e-03
4.539758898317813873e-03
2.456746622920036316e-02
4.655459430068731308e-03
3.064932767301797867e-03
8.503896184265613556e-03
7.656048983335494995e-03
3.093902952969074249e-03
4.465520381927490234e-03
7.421100046485662460e-03
1.616062223911285400e-02
9.192411787807941437e-03
1.769273541867733002e-03
1.103403605520725250e-02
1.430450822226703167e-03
4.717748612165451050e-03
5.277884658426046371e-03
2.743802778422832489e-02
2.032793825492262840e-03
7.914443500339984894e-03
1.613937201909720898e-03
9.927796199917793274e-04
1.751911244355142117e-03
1.781432190909981728e-03
1.599826966412365437e-03
5.925025325268507004e-03
3.383442061021924019e-03
2.295099198818206787e-03
4.937812685966491699e-03
4.665242508053779602e-03
1.067059463821351528e-03
3.362394170835614204e-03
8.313143625855445862e-03
8.605319075286388397e-03
1.540771685540676117e-03
1.407798146829009056e-03
1.233792630955576897e-03
1.016048155725002289e-02
1.189585309475660324e-03
3.492474788799881935e-04
1.140064909122884274e-03
5.482921842485666275e-03
2.134528197348117828e-02
2.464656019583344460e-03
1.678308937698602676e-03
5.110262893140316010e-03
1.089781243354082108e-02
3.613666445016860962e-02
3.668620251119136810e-03
4.755168687552213669e-03
1.251723268069326878e-03
4.589086864143610001e-03
1.003759796731173992e-03
6.223720964044332504e-03
1.043061609379947186e-03
1.130914315581321716e-02
9.998950408771634102e-04
2.881139982491731644e-03
5.621426389552652836e-04
1.934252679347991943e-03
1.344296382740139961e-03
5.746511160396039486e-04
5.942545831203460693e-03
4.595762584358453751e-03
1.540393801406025887e-03
3.813499119132757187e-03
2.356274053454399109e-03
2.966263098642230034e-03
8.993092342279851437e-04
2.928459458053112030e-02
6.798632675781846046e-04
1.182385254651308060e-03
1.388433109968900681e-02
1.594372210092842579e-03
2.303091576322913170e-03
3.207236295565962791e-03
8.818375878036022186e-03
4.977974575012922287e-03
1.733051054179668427e-02
1.148578710854053497e-02
2.528907032683491707e-03
2.985289879143238068e-02
1.152131706476211548e-02
1.704934239387512207e-02
1.002401928417384624e-03
1.463325344957411289e-03
3.710447112098336220e-03
1.076998934149742126e-02
2.121725678443908691e-02
6.864279857836663723e-04
1.549210399389266968e-02
1.182805281132459641e-03
1.812257571145892143e-03
5.660712486132979393e-04
1.293213688768446445e-03
2.103826031088829041e-02
1.982079586014151573e-03
1.174872927367687225e-02
2.818262204527854919e-03
2.362167695537209511e-03
1.538189360871911049e-03
4.697823314927518368e-04
8.863245695829391479e-02
9.617175674065947533e-04
1.534584793262183666e-03
4.804312251508235931e-03
2.166437217965722084e-03
1.319053582847118378e-03
4.986568237654864788e-04
1.617158530279994011e-03
3.153883619233965874e-03
4.673061892390251160e-03
8.754466543905436993e-04
3.452581586316227913e-03
1.137670408934354782e-02
3.434770740568637848e-03
3.075605956837534904e-03
1.930650207214057446e-03
3.669571597129106522e-03
6.681308150291442871e-04
1.649137353524565697e-03
1.994928810745477676e-03
2.216711640357971191e-02
8.185032638721168041e-04
1.718357903882861137e-03
4.941174760460853577e-03
2.422539517283439636e-03
1.968620344996452332e-03
3.973140846937894821e-03
2.904324792325496674e-03
3.593046567402780056e-04
2.555216895416378975e-03
1.139141852036118507e-03
1.675030216574668884e-03
8.457004092633724213e-03
5.310815293341875076e-03
2.619756618514657021e-03
5.794520024210214615e-03
5.522301071323454380e-04
7.393365260213613510e-03
3.237813478335738182e-03
1.467337599024176598e-03
6.491249660030007362e-04
1.003164681605994701e-03
7.282521110028028488e-04
1.847983337938785553e-03
1.329535618424415588e-03
1.483923872001469135e-03
9.347131126560270786e-04
1.164411939680576324e-02
2.244621515274047852e-03
4.973222501575946808e-03
1.063206931576132774e-03
1.845142687670886517e-03
1.041339361108839512e-03
6.401666440069675446e-03
3.173676319420337677e-03
8.445917046628892422e-04
5.507648456841707230e-04
5.087648052722215652e-03
2.828293072525411844e-04
7.349978550337255001e-04
9.380386327393352985e-04
2.178327646106481552e-03
9.494744590483605862e-04
4.910046118311583996e-04
1.113681006245315075e-03
3.701901587191969156e-04
9.566919179633259773e-04
6.773822824470698833e-04
1.147430390119552612e-02
7.434855215251445770e-04
7.541603408753871918e-04
7.097494672052562237e-04
1.801711739972233772e-03
2.814393723383545876e-03
3.893662244081497192e-03
3.496809222269803286e-04
8.709688554517924786e-04
3.584839287213981152e-04
6.609047413803637028e-04
3.918925067409873009e-04
1.216754782944917679e-03
3.116767911706119776e-04
4.241261631250381470e-04
6.806231103837490082e-04
1.196926925331354141e-03
1.043148920871317387e-03
4.988446598872542381e-04
7.515343604609370232e-04
2.661869861185550690e-03
7.646441808901727200e-04
2.908422611653804779e-04
8.732531568966805935e-04
3.436774131841957569e-04
1.216106698848307133e-03
3.389455669093877077e-04
3.445790498517453671e-04
7.019871263764798641e-04
6.260494701564311981e-04
1.642262213863432407e-03
6.420587305910885334e-04
1.213691662997007370e-03
2.550481818616390228e-03
5.668145604431629181e-04
7.212550844997167587e-04
6.228558253496885300e-03
2.267424482852220535e-03
8.077329257503151894e-04
5.767950206063687801e-04
5.843556718900799751e-04
6.253346800804138184e-04
7.236573146656155586e-04
1.091721933335065842e-03
2.492369967512786388e-04
2.505362790543586016e-04
3.257808857597410679e-04
6.731970934197306633e-04
8.204966434277594090e-04
7.818576996214687824e-04
3.335832734592258930e-04
9.120205068029463291e-04
3.633216256275773048e-04
2.504177973605692387e-04
8.457893854938447475e-04
3.971642290707677603e-04
1.002915436401963234e-03
2.856132050510495901e-04
2.195641718572005630e-04
8.485607686452567577e-04
4.903243388980627060e-04
1.385495997965335846e-04
4.324205219745635986e-04
6.076266872696578503e-04
2.823838731274008751e-04
4.601681139320135117e-04
2.366984030231833458e-03
2.832738973665982485e-04
5.465935915708541870e-03
2.704613725654780865e-04
2.074789023026823997e-03
7.849768735468387604e-04
2.297187922522425652e-03
9.353405912406742573e-04
1.013084896840155125e-03
3.625329409260302782e-04
3.154731530230492353e-04
2.354072785237804055e-04
6.611029384657740593e-04
9.989442769438028336e-04
1.052611856721341610e-03
3.229851427022367716e-04
9.364904835820198059e-03
4.131025343667715788e-04
4.904934321530163288e-04
1.099170744419097900e-02
8.873875485733151436e-04
4.403871018439531326e-03
1.032413099892437458e-03
8.820322109386324883e-04
1.338505302555859089e-03
1.280041062273085117e-03
9.616206516511738300e-04
1.807949272915720940e-03
8.061227388679981232e-03
7.863231585361063480e-04
3.446143120527267456e-03
1.127113704569637775e-03
3.443103283643722534e-03
5.888335872441530228e-04
1.019402872771024704e-03
4.617279395461082458e-03
1.150405296357348561e-04
1.788160298019647598e-03
1.015318790450692177e-03
1.550002489238977432e-02
4.267356707714498043e-04
4.840184934437274933e-03
5.053654895164072514e-04
1.173129421658813953e-03
2.567496383562684059e-03
8.696526638232171535e-04
1.446780632250010967e-03
1.755313249304890633e-03
3.639193251729011536e-03
1.012852415442466736e-03
6.599382031708955765e-03
3.541884711012244225e-03
2.804083342198282480e-04
3.342887852340936661e-03
9.414015803486108780e-04
6.285933777689933777e-03
5.240773316472768784e-04
1.952609396539628506e-03
6.478509167209267616e-04
1.352680101990699768e-02
2.864089037757366896e-04
1.270691212266683578e-02
2.010701457038521767e-03
1.149823539890348911e-03
4.891142714768648148e-03
5.243966006673872471e-04
1.089356187731027603e-02
1.730416668578982353e-03
1.468962430953979492e-02
3.927206620573997498e-03
9.795443154871463776e-03
2.485319273546338081e-04
5.929875187575817108e-04
1.450194162316620350e-03
2.532119629904627800e-03
2.722006523981690407e-03
3.057622583582997322e-03
9.770070901140570641e-04
6.740666460245847702e-03
3.378035267814993858e-03
8.377368561923503876e-03
2.118263859301805496e-03
1.163665670901536942e-03
1.611912855878472328e-03
4.080849466845393181e-04
2.920468687079846859e-04
4.312946926802396774e-03
7.159668602980673313e-04
5.742255598306655884e-04
7.468775729648768902e-04
4.077842924743890762e-03
2.562901563942432404e-02
6.126832682639360428e-03
3.679320216178894043e-03
5.264549981802701950e-03
4.967405693605542183e-04
1.770165166817605495e-03
1.066653989255428314e-02
3.946823417209088802e-04
4.354407137725502253e-04
3.020740812644362450e-03
9.407982230186462402e-03
9.127121418714523315e-03
1.108323573134839535e-03
3.065907862037420273e-03
6.443073507398366928e-03
1.098486036062240601e-02
6.348826573230326176e-04
1.046987995505332947e-02
2.045793225988745689e-03
1.386560266837477684e-03
3.189182141795754433e-03
2.420127391815185547e-03
6.166878622025251389e-03
5.557106342166662216e-03
2.676458563655614853e-03
7.895399467088282108e-04
3.889274084940552711e-03
7.747758179903030396e-02
2.956202253699302673e-02
2.848634729161858559e-03
3.298711671959608793e-04
1.166091952472925186e-02
4.480258747935295105e-02
1.610015984624624252e-03
6.049028597772121429e-03
1.330155972391366959e-02
7.592000532895326614e-03
8.062086999416351318e-04
8.861294947564601898e-03
1.420560479164123535e-02
6.897734128870069981e-04
4.493232071399688721e-02
6.244209362193942070e-04
8.845290169119834900e-03
1.334932632744312286e-03
1.197571633383631706e-03
4.849187971558421850e-04
6.353260250762104988e-04
3.203227417543530464e-03
1.104576746001839638e-03
4.888392239809036255e-02
6.335449405014514923e-03
9.911988861858844757e-03
1.721428707242012024e-02
8.490430191159248352e-04
3.798680263571441174e-04
2.003819448873400688e-03
7.064858451485633850e-03
1.373652485199272633e-03
4.308940260671079159e-04
1.033170614391565323e-03
1.116806291975080967e-03
1.876080641523003578e-03
2.629625843837857246e-03
1.473363256081938744e-03
8.342147921212017536e-04
5.840784870088100433e-04
2.674570539966225624e-03
2.604909706860780716e-03
1.629942655563354492e-02
2.111538778990507126e-03
5.276844371110200882e-03
9.137888252735137939e-02
2.351693809032440186e-03
3.573874710127711296e-04
1.020735013298690319e-03
8.477513911202549934e-04
1.003019884228706360e-02
1.506733591668307781e-03
1.508910115808248520e-02
3.605328267440199852e-03
4.394474439322948456e-03
6.569215562194585800e-03
6.299091503024101257e-03
9.940218878909945488e-04
2.058680169284343719e-03
7.134897168725728989e-04
4.624647088348865509e-03
1.020464813336730003e-03
3.520534373819828033e-04
1.076710131019353867e-02
9.060391224920749664e-03
2.505073556676506996e-03
2.091735834255814552e-03
2.758021000772714615e-03
1.937923487275838852e-03
3.353098873049020767e-03
4.651685710996389389e-03
7.436486892402172089e-03
1.574808266013860703e-03
3.170689800754189491e-03
4.221251700073480606e-03
1.960547175258398056e-03
2.300783758983016014e-03
3.850309178233146667e-03
1.420436543412506580e-03
3.655241336673498154e-03
1.109322533011436462e-03
7.938549388200044632e-04
7.481288164854049683e-03
5.446747411042451859e-03
1.652667298913002014e-03
2.236917382106184959e-03
7.252768147736787796e-03
3.596309339627623558e-03
1.181094557978212833e-03
2.412730641663074493e-02
1.073293504305183887e-03
2.576493192464113235e-03
2.708822721615433693e-03
2.110275626182556152e-02
4.452713474165648222e-04
1.686808769591152668e-03
2.995312097482383251e-04
2.499956870451569557e-03
9.421706199645996094e-04
2.871123375371098518e-03
6.979092955589294434e-02
1.323258504271507263e-03
4.007874056696891785e-03
2.122880192473530769e-03
3.138883912470191717e-04
1.479432918131351471e-03
6.730888038873672485e-03
3.418236738070845604e-03
1.077517517842352390e-03
8.487001061439514160e-03
4.652244970202445984e-03
5.039547570049762726e-03
4.617362748831510544e-03
9.125421755015850067e-03
3.206614404916763306e-03
6.417266093194484711e-03
1.725160516798496246e-03
1.597117865458130836e-03
1.334585482254624367e-03
2.954729134216904640e-03
1.458684448152780533e-03
2.582339337095618248e-03
1.322358381003141403e-03
1.501062326133251190e-02
1.316289789974689484e-02
1.041457243263721466e-02
4.528270510490983725e-04
1.150014228187501431e-03
7.605209015309810638e-03
9.885077597573399544e-04
5.500608240254223347e-04
1.457304606446996331e-04
1.066029188223183155e-03
1.839469885453581810e-03
1.191912684589624405e-03
7.796259131282567978e-03
6.339843384921550751e-04
1.068295910954475403e-02
1.279206480830907822e-03
4.475655441638082266e-04
1.383210066705942154e-02
2.404119353741407394e-03
3.378454130142927170e-03
1.302575459703803062e-03
1.904639881104230881e-03
7.927263504825532436e-04
4.333345964550971985e-02
6.516756489872932434e-03
7.435264531522989273e-03
9.843540610745549202e-04
1.648825360462069511e-03
1.817702664993703365e-03
7.900392520241439342e-04
5.424189846962690353e-03
4.073174204677343369e-03
2.188222017139196396e-03
4.983616527169942856e-03
7.381157483905553818e-04
1.106293289922177792e-03
1.960899215191602707e-03
5.549550522118806839e-03
1.238182652741670609e-03
2.981026191264390945e-03
8.553550578653812408e-04
5.477960687130689621e-03
1.601586234755814075e-03
4.486280668061226606e-04
1.497206976637244225e-03
8.498889394104480743e-03
3.196115605533123016e-03
9.014725801534950733e-04
1.401114161126315594e-03
1.866439240984618664e-03
4.726658109575510025e-03
4.370639100670814514e-03
5.706354277208447456e-04
1.977960782824084163e-04
6.326151778921484947e-04
1.476625096984207630e-03
1.091553480364382267e-03
5.009416490793228149e-04
9.160601533949375153e-03
9.096532594412565231e-04
7.539110374636948109e-04
3.192579606547951698e-03
2.755456371232867241e-03
7.116381893865764141e-04
1.012632157653570175e-02
3.541606420185416937e-04
3.720726817846298218e-03
5.988462828099727631e-03
1.070193480700254440e-02
1.068337587639689445e-03
1.589219202287495136e-03
7.700637797825038433e-04
4.815956635866314173e-04
2.656320575624704361e-04
3.762284759432077408e-03
6.978583405725657940e-04
3.694159968290477991e-04
3.308346203994005919e-04
1.163509208709001541e-03
1.402651541866362095e-04
4.382679471746087074e-04
4.311993834562599659e-04
4.231330007314682007e-03
4.238620749674737453e-04
6.777655798941850662e-04
1.486444566398859024e-02
3.808295005001127720e-04
1.178819657070562243e-04
6.008727476000785828e-03
3.544158535078167915e-04
1.039138156920671463e-02
4.077748861163854599e-03
1.814370043575763702e-04
5.103196017444133759e-04
6.660448852926492691e-03
4.064354579895734787e-03
3.173184813931584358e-04
1.957544591277837753e-03
2.466020232532173395e-04
4.018757492303848267e-02
8.253490552306175232e-03
9.994297288358211517e-04
6.946672219783067703e-04
9.285138221457600594e-04
3.417304251343011856e-04
1.282133860513567924e-03
1.967246877029538155e-03
6.993830669671297073e-03
4.038939252495765686e-03
1.300056814216077328e-03
2.075755223631858826e-02
1.763073541224002838e-02
8.742212667129933834e-04
3.371092677116394043e-02
7.540596183389425278e-03
3.135266527533531189e-02
2.233456034446135163e-04
2.211109036579728127e-03
3.850170178338885307e-04
6.948205409571528435e-04
2.298538805916905403e-03
7.047571707516908646e-04
1.390844490379095078e-02
2.106820233166217804e-02
2.328763715922832489e-02
2.196543850004673004e-03
1.889698090963065624e-03
3.001313284039497375e-02
3.030967200174927711e-04
