6.928190231323242188e+00
5.847023010253906250e+00
4.275951385498046875e+00
3.148051261901855469e+00
2.734297990798950195e+00
1.812703728675842285e+00
2.688171863555908203e+00
1.736788511276245117e+00
1.488117694854736328e+00
1.194805979728698730e+00
1.191884875297546387e+00
1.181232690811157227e+00
1.943089127540588379e+00
1.477755665779113770e+00
1.160075068473815918e+00
1.055116295814514160e+00
1.021346211433410645e+00
8.933665752410888672e-01
2.024195909500122070e+00
1.453046441078186035e+00
1.187943339347839355e+00
1.257339835166931152e+00
9.232338666915893555e-01
1.054352641105651855e+00
1.852468252182006836e+00
1.496692180633544922e+00
1.068781137466430664e+00
1.034629464149475098e+00
1.028313040733337402e+00
9.757381081581115723e-01
1.793680429458618164e+00
1.305245995521545410e+00
1.023525714874267578e+00
9.205371737480163574e-01
9.043090343475341797e-01
8.619365692138671875e-01
1.842904448509216309e+00
1.453098893165588379e+00
1.073843836784362793e+00
9.300389885902404785e-01
9.424620270729064941e-01
7.898305058479309082e-01
1.756730318069458008e+00
1.211859583854675293e+00
8.623537421226501465e-01
9.856643080711364746e-01
9.429815411567687988e-01
8.453783988952636719e-01
1.864398717880249023e+00
1.166637659072875977e+00
1.070143580436706543e+00
7.303566932678222656e-01
8.702720999717712402e-01
1.152281880378723145e+00
1.777298688888549805e+00
1.131593704223632812e+00
1.046776771545410156e+00
9.133050441741943359e-01
8.641790747642517090e-01
8.959946036338806152e-01
1.842008590698242188e+00
1.108300328254699707e+00
9.307232499122619629e-01
8.218090534210205078e-01
8.921884894371032715e-01
9.004254937171936035e-01
1.704598188400268555e+00
1.182866811752319336e+00
1.118016719818115234e+00
9.374590516090393066e-01
9.898220300674438477e-01
8.295735716819763184e-01
1.615034818649291992e+00
9.854133129119873047e-01
1.027524709701538086e+00
7.410144805908203125e-01
7.497012019157409668e-01
9.523300528526306152e-01
1.900943875312805176e+00
1.180392742156982422e+00
8.306401968002319336e-01
8.166276216506958008e-01
8.284160494804382324e-01
5.419310331344604492e-01
1.736649036407470703e+00
1.014892101287841797e+00
7.720762491226196289e-01
8.205299973487854004e-01
1.129201650619506836e+00
1.009057521820068359e+00
1.509726405143737793e+00
1.031278610229492188e+00
8.529403209686279297e-01
9.073615670204162598e-01
7.234840989112854004e-01
9.398373365402221680e-01
1.530056357383728027e+00
8.618212342262268066e-01
6.148042678833007812e-01
6.418775320053100586e-01
7.934125065803527832e-01
8.709244728088378906e-01
1.624072909355163574e+00
1.031230926513671875e+00
7.475571036338806152e-01
8.177486658096313477e-01
9.134102463722229004e-01
1.048448801040649414e+00
1.546574592590332031e+00
8.904187679290771484e-01
6.743192672729492188e-01
8.140410184860229492e-01
7.422906160354614258e-01
7.490544915199279785e-01
1.500550031661987305e+00
8.920654058456420898e-01
7.209212183952331543e-01
6.730683445930480957e-01
8.062887191772460938e-01
7.712804675102233887e-01
1.487237095832824707e+00
7.241139411926269531e-01
6.966816782951354980e-01
8.436143994331359863e-01
7.428507208824157715e-01
6.326642632484436035e-01
1.336608648300170898e+00
6.984986662864685059e-01
5.166100263595581055e-01
7.769644260406494141e-01
8.415948748588562012e-01
8.599114418029785156e-01
1.351724028587341309e+00
8.560115098953247070e-01
7.379109859466552734e-01
7.491799592971801758e-01
7.439191341400146484e-01
7.401617169380187988e-01
1.657344698905944824e+00
7.985692024230957031e-01
7.170370221138000488e-01
6.478306651115417480e-01
7.851309776306152344e-01
1.076405286788940430e+00
1.464648604393005371e+00
6.313104033470153809e-01
5.825910568237304688e-01
7.222977876663208008e-01
5.790867805480957031e-01
7.820812463760375977e-01
1.293114662170410156e+00
7.122704982757568359e-01
5.014392733573913574e-01
4.019431471824645996e-01
6.117986440658569336e-01
8.698460459709167480e-01
1.832116246223449707e+00
6.985493898391723633e-01
6.232908368110656738e-01
8.527685999870300293e-01
7.809286713600158691e-01
7.874257564544677734e-01
1.349392771720886230e+00
7.286977767944335938e-01
5.925868749618530273e-01
6.973991990089416504e-01
7.275788784027099609e-01
6.565619111061096191e-01
1.518977761268615723e+00
7.042884826660156250e-01
6.939640641212463379e-01
5.512263774871826172e-01
5.645394325256347656e-01
6.263934969902038574e-01
1.441802978515625000e+00
5.970172882080078125e-01
5.642980933189392090e-01
5.377739667892456055e-01
5.109192132949829102e-01
5.680361986160278320e-01
9.699414372444152832e-01
4.472737014293670654e-01
4.978184998035430908e-01
3.933115005493164062e-01
4.420554339885711670e-01
9.261910319328308105e-01
1.483176231384277344e+00
4.852142333984375000e-01
7.621129155158996582e-01
8.370665907859802246e-01
7.172133326530456543e-01
7.599397301673889160e-01
9.766064286231994629e-01
5.323776602745056152e-01
5.577291846275329590e-01
6.090568304061889648e-01
5.003315806388854980e-01
6.102504134178161621e-01
1.152869820594787598e+00
4.786865115165710449e-01
5.010763406753540039e-01
5.695289969444274902e-01
6.155266761779785156e-01
6.640574932098388672e-01
1.145362496376037598e+00
6.382774114608764648e-01
4.633659720420837402e-01
4.735183119773864746e-01
5.549265742301940918e-01
9.485625028610229492e-01
1.274482369422912598e+00
5.046666264533996582e-01
5.491505861282348633e-01
6.990503072738647461e-01
5.442956089973449707e-01
8.670580983161926270e-01
1.024164438247680664e+00
4.664755761623382568e-01
4.799553453922271729e-01
4.487048685550689697e-01
5.784588456153869629e-01
6.155434250831604004e-01
1.063286185264587402e+00
6.007996797561645508e-01
5.391718745231628418e-01
6.692905426025390625e-01
6.218460798263549805e-01
6.042754054069519043e-01
9.400565028190612793e-01
5.411784648895263672e-01
5.748363137245178223e-01
4.772947430610656738e-01
4.293280243873596191e-01
6.247907876968383789e-01
1.134848952293395996e+00
6.123198866844177246e-01
5.152806639671325684e-01
4.702534079551696777e-01
6.608219742774963379e-01
5.362455248832702637e-01
1.010133862495422363e+00
4.780713617801666260e-01
3.598054051399230957e-01
5.028399229049682617e-01
4.798775315284729004e-01
5.138623714447021484e-01
8.710515499114990234e-01
4.783931970596313477e-01
4.997549653053283691e-01
5.320432186126708984e-01
4.805829823017120361e-01
5.985610485076904297e-01
1.114114403724670410e+00
3.946887850761413574e-01
5.632851719856262207e-01
3.565669953823089600e-01
6.050242185592651367e-01
4.208620190620422363e-01
8.386644721031188965e-01
3.904461562633514404e-01
4.614273309707641602e-01
5.167317986488342285e-01
6.326584815979003906e-01
6.459541916847229004e-01
1.196507573127746582e+00
4.296325445175170898e-01
3.928382992744445801e-01
5.060529708862304688e-01
4.251390695571899414e-01
7.117737531661987305e-01
1.116484165191650391e+00
4.229409694671630859e-01
4.116032719612121582e-01
5.084253549575805664e-01
7.495538592338562012e-01
6.384867429733276367e-01
9.079357385635375977e-01
3.827163279056549072e-01
3.446187674999237061e-01
5.858305692672729492e-01
4.234313070774078369e-01
4.799053072929382324e-01
1.362981557846069336e+00
3.606307804584503174e-01
5.168659090995788574e-01
5.237684249877929688e-01
4.020048081874847412e-01
3.518378734588623047e-01
8.329812288284301758e-01
3.671975135803222656e-01
3.017190396785736084e-01
3.681145012378692627e-01
4.093261063098907471e-01
5.330242514610290527e-01
8.673800230026245117e-01
3.126688897609710693e-01
3.038073182106018066e-01
4.135118126869201660e-01
4.247699975967407227e-01
5.244299173355102539e-01
9.036345481872558594e-01
3.521742224693298340e-01
2.562723755836486816e-01
5.056812763214111328e-01
3.537113964557647705e-01
7.224419713020324707e-01
8.258108496665954590e-01
3.220350146293640137e-01
4.090137779712677002e-01
4.422398209571838379e-01
4.305621981620788574e-01
6.624410748481750488e-01
8.694056868553161621e-01
3.232439458370208740e-01
4.818030595779418945e-01
5.778455734252929688e-01
7.032116651535034180e-01
5.726091265678405762e-01
7.994853854179382324e-01
4.373884201049804688e-01
4.095722138881683350e-01
4.426965713500976562e-01
5.858326554298400879e-01
3.441822826862335205e-01
9.654120802879333496e-01
3.439157903194427490e-01
2.981706261634826660e-01
4.279680550098419189e-01
4.364620447158813477e-01
4.080497920513153076e-01
6.465901732444763184e-01
2.980794012546539307e-01
3.043693304061889648e-01
2.869886159896850586e-01
3.579792082309722900e-01
8.325958251953125000e-01
8.253871202468872070e-01
2.858653068542480469e-01
1.442232578992843628e-01
4.221413135528564453e-01
3.526652455329895020e-01
4.646854102611541748e-01
4.911296367645263672e-01
2.572755515575408936e-01
2.588053345680236816e-01
3.427796661853790283e-01
3.738090991973876953e-01
5.442766547203063965e-01
8.326324820518493652e-01
2.695070803165435791e-01
2.600697278976440430e-01
3.267394602298736572e-01
2.954809963703155518e-01
5.488527417182922363e-01
6.663575768470764160e-01
3.831744790077209473e-01
4.036381542682647705e-01
3.148980438709259033e-01
3.470272421836853027e-01
6.815003156661987305e-01
7.459945082664489746e-01
2.429702728986740112e-01
3.868719935417175293e-01
2.911326289176940918e-01
3.835488855838775635e-01
3.256914317607879639e-01
7.707674503326416016e-01
2.406990081071853638e-01
2.516045272350311279e-01
1.836845129728317261e-01
3.402382731437683105e-01
4.675303399562835693e-01
5.027912855148315430e-01
2.007017880678176880e-01
1.980550587177276611e-01
2.765706181526184082e-01
3.265550732612609863e-01
2.825148403644561768e-01
9.470807313919067383e-01
2.632265388965606689e-01
3.750429153442382812e-01
3.269317746162414551e-01
4.097541272640228271e-01
3.799764811992645264e-01
5.102056860923767090e-01
1.694343984127044678e-01
2.497470378875732422e-01
3.946881890296936035e-01
2.616754174232482910e-01
4.447056353092193604e-01
1.085129857063293457e+00
1.803903579711914062e-01
2.713819146156311035e-01
3.389286100864410400e-01
3.808133006095886230e-01
2.986816763877868652e-01
7.178653478622436523e-01
2.528054714202880859e-01
3.362135291099548340e-01
2.429786920547485352e-01
5.580503940582275391e-01
6.410201787948608398e-01
8.600271344184875488e-01
3.162812590599060059e-01
3.062722086906433105e-01
4.318720996379852295e-01
3.590675592422485352e-01
5.636819601058959961e-01
6.646500825881958008e-01
1.773862242698669434e-01
2.755953967571258545e-01
4.296172261238098145e-01
3.567644357681274414e-01
6.122884750366210938e-01
7.069252133369445801e-01
1.691043227910995483e-01
2.203085422515869141e-01
3.111345767974853516e-01
2.468947917222976685e-01
2.827565073966979980e-01
4.692825376987457275e-01
1.879624873399734497e-01
2.055221199989318848e-01
3.685463964939117432e-01
4.650274217128753662e-01
3.249717652797698975e-01
5.163370370864868164e-01
2.173467278480529785e-01
2.607779502868652344e-01
2.988632023334503174e-01
3.591709136962890625e-01
2.521201074123382568e-01
5.645685195922851562e-01
1.773019433021545410e-01
1.864813566207885742e-01
2.195511609315872192e-01
2.296632230281829834e-01
2.249550223350524902e-01
6.876268386840820312e-01
1.119777113199234009e-01
1.639512181282043457e-01
2.470356374979019165e-01
4.590924382209777832e-01
2.954504787921905518e-01
3.135272264480590820e-01
1.262210309505462646e-01
2.433985024690628052e-01
2.530455291271209717e-01
3.351426422595977783e-01
3.602142333984375000e-01
6.915230751037597656e-01
1.750566065311431885e-01
1.522520333528518677e-01
2.248246371746063232e-01
3.321341872215270996e-01
3.089018464088439941e-01
3.729360997676849365e-01
1.517490744590759277e-01
3.444680869579315186e-01
4.166458547115325928e-01
3.306156694889068604e-01
4.262658059597015381e-01
4.514773488044738770e-01
1.374264955520629883e-01
3.390734791755676270e-01
1.118013560771942139e-01
2.712486386299133301e-01
3.456695675849914551e-01
4.524233043193817139e-01
2.094787806272506714e-01
2.044121772050857544e-01
3.280981481075286865e-01
5.796525478363037109e-01
2.703512609004974365e-01
3.325454890727996826e-01
1.939108073711395264e-01
2.157503217458724976e-01
2.143502980470657349e-01
3.267617225646972656e-01
4.418483376502990723e-01
3.249359428882598877e-01
1.466824263334274292e-01
1.122374162077903748e-01
3.671315610408782959e-01
1.886385083198547363e-01
2.625641822814941406e-01
5.655303597450256348e-01
2.640330791473388672e-01
1.644288301467895508e-01
2.074331939220428467e-01
3.597908616065979004e-01
2.597142755985260010e-01
2.883484363555908203e-01
1.412184834480285645e-01
3.025079071521759033e-01
2.632893025875091553e-01
3.719896078109741211e-01
4.035978019237518311e-01
6.386037468910217285e-01
8.278518915176391602e-02
2.243472486734390259e-01
4.283384382724761963e-01
4.158781766891479492e-01
1.373165845870971680e-01
4.643687307834625244e-01
1.206299290060997009e-01
3.337416648864746094e-01
1.212847381830215454e-01
2.983079254627227783e-01
3.933535516262054443e-01
2.875365316867828369e-01
1.573926657438278198e-01
1.251917630434036255e-01
2.623873949050903320e-01
2.698257565498352051e-01
2.650491893291473389e-01
3.959774076938629150e-01
1.161442846059799194e-01
1.072049513459205627e-01
2.697854936122894287e-01
2.381177395582199097e-01
2.737438380718231201e-01
3.749417960643768311e-01
1.169433593750000000e-01
2.060637027025222778e-01
2.198821753263473511e-01
3.891230523586273193e-01
3.819518685340881348e-01
3.916958272457122803e-01
9.574561566114425659e-02
1.246491819620132446e-01
1.682241559028625488e-01
1.824084222316741943e-01
3.219004273414611816e-01
2.607344985008239746e-01
8.292160183191299438e-02
7.508771121501922607e-02
1.584599316120147705e-01
2.750319242477416992e-01
3.279282748699188232e-01
3.117161095142364502e-01
1.231470555067062378e-01
1.288639456033706665e-01
1.087627336382865906e-01
1.324807554483413696e-01
3.172937035560607910e-01
2.315670251846313477e-01
2.006564140319824219e-01
8.059614151716232300e-02
2.162716537714004517e-01
2.725220918655395508e-01
3.601877391338348389e-01
4.109106361865997314e-01
1.379798799753189087e-01
9.402085095643997192e-02
2.926182746887207031e-01
2.702028155326843262e-01
3.306124806404113770e-01
4.327902197837829590e-01
7.313093543052673340e-02
2.079634219408035278e-01
3.434963524341583252e-01
4.354408085346221924e-01
3.087235987186431885e-01
4.028905332088470459e-01
1.539774686098098755e-01
1.205637529492378235e-01
3.292106389999389648e-01
2.364545315504074097e-01
4.018678963184356689e-01
3.070029020309448242e-01
5.775260180234909058e-02
6.864529848098754883e-02
1.868699193000793457e-01
2.358407080173492432e-01
2.584963142871856689e-01
2.014780342578887939e-01
6.940340250730514526e-02
8.334118127822875977e-02
1.770108193159103394e-01
2.264907211065292358e-01
3.136466443538665771e-01
2.400016337633132935e-01
9.088628739118576050e-02
2.795255482196807861e-01
1.265785992145538330e-01
1.241846829652786255e-01
3.730074465274810791e-01
2.203380316495895386e-01
6.452008336782455444e-02
1.408134847879409790e-01
1.263944357633590698e-01
3.371926844120025635e-01
1.555866450071334839e-01
1.507419347763061523e-01
1.730438172817230225e-01
5.889653414487838745e-02
1.058232411742210388e-01
3.503013551235198975e-01
2.100372165441513062e-01
1.761681437492370605e-01
6.635829061269760132e-02
1.521481722593307495e-01
1.204023584723472595e-01
2.326767146587371826e-01
1.574271768331527710e-01
4.035668075084686279e-01
8.256766200065612793e-02
7.597181946039199829e-02
2.117545306682586670e-01
4.699799418449401855e-01
2.545299232006072998e-01
2.830221951007843018e-01
7.426100969314575195e-02
8.985856920480728149e-02
2.319698035717010498e-01
1.528042852878570557e-01
2.986206710338592529e-01
2.367103546857833862e-01
4.833471402525901794e-02
1.282447129487991333e-01
1.651978343725204468e-01
1.237976923584938049e-01
3.947078585624694824e-01
2.211713194847106934e-01
4.503760114312171936e-02
7.254002243280410767e-02
1.199610903859138489e-01
5.577502027153968811e-02
1.227895095944404602e-01
1.837637871503829956e-01
4.093449562788009644e-02
2.063447982072830200e-02
8.252590894699096680e-02
7.339297235012054443e-02
1.782758831977844238e-01
2.488071173429489136e-01
5.246218293905258179e-02
1.998635008931159973e-02
1.155002638697624207e-01
9.085559844970703125e-02
7.524035871028900146e-02
1.387121975421905518e-01
2.157540433108806610e-02
4.432344064116477966e-02
1.035067662596702576e-01
1.317050755023956299e-01
2.430391125380992889e-02
1.442814171314239502e-01
4.047618433833122253e-02
1.700007170438766479e-02
9.223745018243789673e-02
4.528892412781715393e-02
6.216539442539215088e-02
1.328547745943069458e-01
1.065574735403060913e-01
4.295853152871131897e-02
4.006411135196685791e-02
7.445663958787918091e-02
1.068841367959976196e-01
1.695170700550079346e-01
3.496523573994636536e-02
2.886826917529106140e-02
9.062507003545761108e-02
1.158444359898567200e-01
1.982288211584091187e-01
2.435138970613479614e-01
1.071851626038551331e-01
7.103404402732849121e-02
1.154846549034118652e-01
1.898865252733230591e-01
1.238492354750633240e-01
1.136685535311698914e-01
5.521011352539062500e-02
5.259910225868225098e-02
1.371558010578155518e-01
1.951785087585449219e-01
1.875663846731185913e-01
1.408362984657287598e-01
5.992784723639488220e-02
4.949982836842536926e-02
1.335634589195251465e-01
1.024861261248588562e-01
8.627201616764068604e-02
2.464582920074462891e-01
2.899079769849777222e-02
6.873243302106857300e-02
8.206916600465774536e-02
1.566282212734222412e-01
4.549597948789596558e-02
1.715670078992843628e-01
4.735561460256576538e-02
9.041153639554977417e-02
1.185178384184837341e-01
1.272474229335784912e-01
2.310389578342437744e-01
1.281350851058959961e-01
3.182459622621536255e-02
1.068062782287597656e-01
3.034145534038543701e-01
4.056165516376495361e-01
2.165074050426483154e-01
1.281592249870300293e-01
6.104275956749916077e-02
1.389232873916625977e-01
1.319020688533782959e-01
1.887494176626205444e-01
5.024035573005676270e-01
2.219865769147872925e-01
3.547941520810127258e-02
1.586848795413970947e-01
2.274301499128341675e-01
1.383719295263290405e-01
4.090386331081390381e-01
2.085481584072113037e-01
7.776399701833724976e-02
7.137764990329742432e-02
1.555341035127639771e-01
1.336788684129714966e-01
4.101070761680603027e-01
4.720569849014282227e-01
7.834084331989288330e-02
1.113915070891380310e-01
2.162473797798156738e-01
1.271298229694366455e-01
1.865411549806594849e-01
1.526950597763061523e-01
3.786257281899452209e-02
8.779972791671752930e-02
1.133236363530158997e-01
9.878141433000564575e-02
3.725261092185974121e-01
2.324009388685226440e-01
7.345789670944213867e-02
6.736793369054794312e-02
1.427787542343139648e-01
4.465104341506958008e-01
1.612022519111633301e-01
1.512226909399032593e-01
4.360035806894302368e-02
1.887114644050598145e-01
1.839486807584762573e-01
2.290079444646835327e-01
1.796063631772994995e-01
1.406183093786239624e-01
4.195856675505638123e-02
2.267619967460632324e-01
2.134550213813781738e-01
1.648253500461578369e-01
1.730837076902389526e-01
8.625876903533935547e-02
8.458749204874038696e-02
1.261807084083557129e-01
1.007096320390701294e-01
2.056969851255416870e-01
1.875702738761901855e-01
9.922127425670623779e-02
2.615242265164852142e-02
1.046948581933975220e-01
1.080767363309860229e-01
1.186738386750221252e-01
1.039178967475891113e-01
7.020324468612670898e-02
2.108373306691646576e-02
2.104445919394493103e-02
6.806585192680358887e-02
5.445729196071624756e-02
2.124568521976470947e-01
6.853725016117095947e-02
4.880686849355697632e-02
1.073184013366699219e-01
7.864583283662796021e-02
9.698329865932464600e-02
1.728964149951934814e-01
1.138541325926780701e-01
4.332955554127693176e-02
1.218292564153671265e-01
1.349698603153228760e-01
1.128538623452186584e-01
4.409469068050384521e-01
1.082850322127342224e-01
5.930894240736961365e-02
9.877623617649078369e-02
1.241140663623809814e-01
9.970360249280929565e-02
2.638902962207794189e-01
1.627880036830902100e-01
5.363486707210540771e-02
9.893107414245605469e-02
1.216154098510742188e-01
2.103047966957092285e-01
1.666235476732254028e-01
5.113213509321212769e-02
3.916209563612937927e-02
3.508380427956581116e-02
2.755462005734443665e-02
4.554434120655059814e-02
2.052090018987655640e-01
5.249346047639846802e-02
1.969915814697742462e-02
3.742315620183944702e-02
1.433621793985366821e-01
6.902460008859634399e-02
6.008040904998779297e-02
6.990263611078262329e-02
6.164319813251495361e-02
2.696711570024490356e-02
1.720492169260978699e-02
2.691105753183364868e-02
1.075087189674377441e-01
6.289775669574737549e-02
1.227444596588611603e-02
3.082540631294250488e-02
5.284671857953071594e-02
8.439757674932479858e-02
1.812286488711833954e-02
3.907930850982666016e-02
1.283864583820104599e-02
9.896749630570411682e-03
2.569579891860485077e-02
3.803889080882072449e-02
1.436975039541721344e-02
3.384806588292121887e-02
2.028528973460197449e-02
4.912913590669631958e-02
4.567003622651100159e-02
1.561678294092416763e-02
4.387866705656051636e-02
3.852118179202079773e-02
2.828413620591163635e-02
2.145365811884403229e-02
5.414179712533950806e-02
2.808107621967792511e-02
3.187005966901779175e-02
7.783049345016479492e-02
3.683696314692497253e-02
1.881428807973861694e-02
3.051962144672870636e-02
6.329006701707839966e-02
1.567622721195220947e-01
4.412274807691574097e-02
2.648517116904258728e-02
1.088676676154136658e-01
2.386212795972824097e-01
9.908421337604522705e-02
2.649326026439666748e-01
4.848480597138404846e-02
3.721079975366592407e-02
5.533003434538841248e-02
7.953742146492004395e-02
1.411712765693664551e-01
2.562699317932128906e-01
9.832894057035446167e-02
3.604083135724067688e-02
6.995431333780288696e-02
1.039614006876945496e-01
2.821285128593444824e-01
1.550849974155426025e-01
8.128204941749572754e-02
3.075199574232101440e-02
8.312711864709854126e-02
1.096132323145866394e-01
1.293866336345672607e-01
1.832132637500762939e-01
5.222059041261672974e-02
4.001261666417121887e-02
5.115516856312751770e-02
1.592812091112136841e-01
1.399928182363510132e-01
2.300563752651214600e-01
1.075666323304176331e-01
6.170115247368812561e-02
1.277191638946533203e-01
9.590228646993637085e-02
2.494232654571533203e-01
2.279539108276367188e-01
4.092470556497573853e-02
4.218688607215881348e-02
1.223668921738862991e-02
6.935682147741317749e-02
2.716063335537910461e-02
1.165308877825737000e-01
3.673746809363365173e-02
1.245591416954994202e-02
8.530505746603012085e-02
6.064986065030097961e-02
1.806104928255081177e-02
4.969923570752143860e-02
6.704291701316833496e-02
1.859971135854721069e-02
2.877817489206790924e-02
1.962509751319885254e-02
1.154550313949584961e-01
5.529010668396949768e-02
5.486650764942169189e-02
2.307836338877677917e-02
1.528420951217412949e-02
1.012686826288700104e-02
1.636240072548389435e-02
1.599964872002601624e-02
6.245585158467292786e-02
2.644279599189758301e-02
7.771180476993322372e-03
3.328381478786468506e-02
2.286483161151409149e-02
1.687183789908885956e-02
5.895013734698295593e-02
1.684266701340675354e-02
2.444726973772048950e-02
2.006891183555126190e-02
3.700648248195648193e-02
2.928170561790466309e-02
7.649767398834228516e-02
1.405897084623575211e-02
7.824221625924110413e-03
2.092580124735832214e-02
1.454154253005981445e-01
3.076280280947685242e-02
5.079539492726325989e-02
2.875354327261447906e-02
1.115860790014266968e-01
2.848110720515251160e-02
2.819760143756866455e-02
1.151752993464469910e-01
3.409679606556892395e-02
1.306444220244884491e-02
2.633318677544593811e-02
8.225817233324050903e-03
6.027737632393836975e-02
8.177392929792404175e-02
6.723394989967346191e-02
1.136031839996576309e-02
8.373399265110492706e-03
4.646597802639007568e-02
7.300534844398498535e-02
1.553479116410017014e-02
4.085270315408706665e-02
1.765155419707298279e-02
8.131770789623260498e-02
1.046358421444892883e-02
3.459527716040611267e-02
1.843397170305252075e-01
2.798453904688358307e-02
4.422801360487937927e-02
3.195903450250625610e-02
3.016179613769054413e-02
4.460822045803070068e-02
1.478400174528360367e-02
3.615514189004898071e-02
2.012727595865726471e-02
1.154791750013828278e-02
1.375672314316034317e-02
6.547632813453674316e-02
9.195437282323837280e-02
2.806607075035572052e-02
2.160966955125331879e-02
2.258544713258743286e-01
2.916993945837020874e-02
8.895293809473514557e-03
1.866028606891632080e-01
3.968497365713119507e-02
3.868954256176948547e-02
6.337319314479827881e-02
1.192872226238250732e-01
1.350136697292327881e-01
1.177548989653587341e-01
4.793941974639892578e-02
1.661749929189682007e-02
7.021097000688314438e-03
3.162842243909835815e-02
1.558248698711395264e-01
2.669389545917510986e-02
1.943604648113250732e-02
2.521480992436408997e-02
1.035375893115997314e-01
8.915421552956104279e-03
1.058218535035848618e-02
7.609359920024871826e-02
2.142367325723171234e-02
1.294509880244731903e-02
2.436231821775436401e-02
1.347591541707515717e-02
9.115959703922271729e-02
1.014171168208122253e-01
3.596754744648933411e-02
1.623185165226459503e-02
3.171897307038307190e-02
1.489897966384887695e-01
1.367358714342117310e-01
2.931066155433654785e-01
2.247751504182815552e-02
1.758348010480403900e-02
5.467366054654121399e-02
4.844363778829574585e-02
1.765660643577575684e-01
2.379439473152160645e-01
5.977126583456993103e-02
1.477425172924995422e-02
3.062759712338447571e-02
4.097500070929527283e-02
1.621641814708709717e-01
3.454118967056274414e-01
3.585103526711463928e-02
2.022470533847808838e-02
4.440459981560707092e-02
9.264346957206726074e-02
2.928930222988128662e-01
3.266844749450683594e-01
4.667168855667114258e-02
7.883866131305694580e-02
2.310598194599151611e-01
2.243735194206237793e-01
2.889305353164672852e-01
2.844401597976684570e-01
2.496739663183689117e-02
8.101252466440200806e-02
5.537544190883636475e-02
7.085725665092468262e-02
3.142394125461578369e-01
2.483924329280853271e-01
3.554795309901237488e-02
3.099493496119976044e-02
1.398303657770156860e-01
2.658973634243011475e-01
1.266674250364303589e-01
2.058807462453842163e-01
2.900900132954120636e-02
3.970881924033164978e-02
6.723859161138534546e-02
1.028382554650306702e-01
1.524442732334136963e-01
2.576349116861820221e-02
5.046374723315238953e-02
8.330519311130046844e-03
9.009056724607944489e-03
1.186781469732522964e-02
3.549848496913909912e-02
1.038207337260246277e-01
4.698482528328895569e-02
8.413165807723999023e-03
6.301944144070148468e-03
4.366364330053329468e-02
9.804678708314895630e-02
1.389012113213539124e-02
2.825527079403400421e-02
1.473617646843194962e-02
1.898025348782539368e-02
2.809054590761661530e-02
8.429127186536788940e-02
2.035294100642204285e-02
2.349139004945755005e-02
3.156604245305061340e-02
4.469424858689308167e-02
6.054411455988883972e-02
5.968950316309928894e-02
1.963107101619243622e-02
2.557131834328174591e-02
1.639910973608493805e-02
4.288291092962026596e-03
3.464266285300254822e-02
1.862459257245063782e-02
1.016359701752662659e-01
5.969273298978805542e-02
8.355699479579925537e-03
2.151367999613285065e-02
2.400543913245201111e-02
2.069542184472084045e-02
4.229412600398063660e-02
1.864043809473514557e-02
1.188470795750617981e-02
8.837739937007427216e-03
3.862728597596287727e-03
2.352547943592071533e-01
5.606811866164207458e-02
1.240486744791269302e-02
8.753078989684581757e-03
1.777635887265205383e-02
1.797414422035217285e-01
1.883133202791213989e-01
3.831994161009788513e-02
1.371740922331809998e-02
2.989854663610458374e-02
9.935317933559417725e-02
1.223206296563148499e-01
1.699972003698348999e-01
2.357987910509109497e-01
3.651344403624534607e-02
7.414674386382102966e-03
5.589161813259124756e-02
1.057787686586380005e-01
1.787399947643280029e-01
1.484432816505432129e-01
1.158743910491466522e-02
1.036502234637737274e-02
6.085810437798500061e-02
3.629544749855995178e-02
1.070616915822029114e-01
1.442881524562835693e-01
1.885982230305671692e-02
7.331551518291234970e-03
3.846738114953041077e-02
8.625984191894531250e-02
1.181503608822822571e-01
8.606461435556411743e-02
1.012017391622066498e-02
8.473118767142295837e-03
3.870925307273864746e-02
2.555176801979541779e-02
6.440511345863342285e-02
1.034415289759635925e-01
1.242500729858875275e-02
2.253840863704681396e-02
4.685132205486297607e-02
3.250249102711677551e-02
1.439625397324562073e-02
1.072058305144309998e-01
2.897633239626884460e-02
4.787085112184286118e-03
2.346049994230270386e-02
1.169953681528568268e-02
8.497356623411178589e-02
5.333938822150230408e-02
2.412379160523414612e-02
6.035605911165475845e-03
1.654629595577716827e-02
4.615557193756103516e-02
7.071129232645034790e-02
2.533123493194580078e-01
1.536544784903526306e-02
2.537356689572334290e-02
5.063942447304725647e-02
5.349454656243324280e-02
1.161696314811706543e-01
1.995094865560531616e-01
1.350719202309846878e-02
1.918429508805274963e-02
7.825150340795516968e-02
6.554288417100906372e-02
3.609188646078109741e-02
2.245903909206390381e-01
2.851366437971591949e-02
4.518333449959754944e-02
7.531738374382257462e-03
4.812357947230339050e-02
1.013418957591056824e-01
1.835026443004608154e-01
1.663400791585445404e-02
4.604423791170120239e-02
1.793367974460124969e-02
2.451929897069931030e-01
9.703987091779708862e-02
3.132670819759368896e-01
1.298156287521123886e-02
6.467210501432418823e-02
4.961027801036834717e-01
1.846069246530532837e-01
1.819092780351638794e-01
2.526994645595550537e-01
2.165812812745571136e-02
1.543494127690792084e-02
2.463662810623645782e-02
9.718133509159088135e-02
1.741732507944107056e-01
1.244301646947860718e-01
3.022438473999500275e-02
1.742566749453544617e-02
4.946361854672431946e-02
3.291744366288185120e-02
1.805999726057052612e-01
6.568408012390136719e-02
6.936367601156234741e-02
9.610584937036037445e-03
1.470690220594406128e-02
4.928552359342575073e-02
6.995440274477005005e-02
1.797542572021484375e-01
2.448692917823791504e-02
7.843689061701297760e-03
1.698333583772182465e-02
8.252048492431640625e-02
2.464741021394729614e-01
1.508922278881072998e-01
1.821945048868656158e-02
1.170316990464925766e-02
2.051228471100330353e-02
3.469631820917129517e-02
6.281738728284835815e-02
1.953298151493072510e-01
2.584658563137054443e-02
1.397302653640508652e-02
1.898028701543807983e-02
1.495598256587982178e-01
9.351240098476409912e-02
4.389764368534088135e-02
1.643068715929985046e-02
8.823739364743232727e-03
5.355321988463401794e-02
1.199590116739273071e-01
6.579624116420745850e-02
4.809873104095458984e-01
3.043287992477416992e-02
3.888157010078430176e-02
2.065219283103942871e-01
9.475866705179214478e-02
1.318996697664260864e-01
1.004759222269058228e-01
1.519466750323772430e-02
1.670332252979278564e-02
1.365589629858732224e-02
6.725243479013442993e-02
2.599721215665340424e-02
2.446748912334442139e-01
1.694679819047451019e-02
1.638327725231647491e-02
2.047291025519371033e-02
5.317272618412971497e-02
2.020277455449104309e-02
3.110221326351165771e-01
4.520588368177413940e-02
1.569882407784461975e-02
1.934439092874526978e-01
1.526240110397338867e-01
1.591105759143829346e-01
3.819132745265960693e-01
1.205795910209417343e-02
9.236928075551986694e-03
7.355396449565887451e-02
1.756064295768737793e-01
2.741959095001220703e-01
2.730312347412109375e-01
2.083245664834976196e-02
1.448464766144752502e-02
2.093545906245708466e-02
5.570507422089576721e-02
1.701677739620208740e-01
1.193117946386337280e-01
1.403391361236572266e-02
5.074272397905588150e-03
5.896902084350585938e-02
6.754447519779205322e-02
1.029435843229293823e-01
1.308706998825073242e-01
1.118771173059940338e-02
2.137595601379871368e-02
3.174572065472602844e-02
1.309215575456619263e-01
3.557069972157478333e-02
2.195021808147430420e-01
1.082722190767526627e-02
1.947702467441558838e-02
4.690899699926376343e-02
9.538318216800689697e-02
3.295828774571418762e-02
2.284829169511795044e-01
1.279737614095211029e-02
8.917867206037044525e-03
1.226790994405746460e-02
7.215121388435363770e-02
1.838241890072822571e-02
8.194687962532043457e-02
1.317461580038070679e-02
9.900365024805068970e-03
6.707948166877031326e-03
9.894479997456073761e-03
2.431717701256275177e-02
3.397997096180915833e-02
6.616260856389999390e-02
8.489517495036125183e-03
3.048371756449341774e-03
3.146300464868545532e-02
1.969362795352935791e-02
2.630434744060039520e-02
1.222638133913278580e-02
5.455384962260723114e-03
2.637899480760097504e-02
2.103797392919659615e-03
3.222789382562041283e-03
6.328512914478778839e-03
1.471347827464342117e-02
7.904164493083953857e-03
3.269880777224898338e-03
8.150613866746425629e-03
2.118759788572788239e-03
3.267484530806541443e-02
1.170774269849061966e-02
7.543545216321945190e-03
5.008704494684934616e-03
3.335891058668494225e-03
7.999348454177379608e-03
3.586846217513084412e-02
2.621878869831562042e-02
7.444093469530344009e-03
6.199167110025882721e-03
8.627166040241718292e-03
2.091158926486968994e-02
4.871737211942672729e-02
8.560963906347751617e-03
2.871033921837806702e-02
4.950472712516784668e-02
5.551224201917648315e-02
2.253147214651107788e-02
7.853630930185317993e-03
1.909760572016239166e-02
1.393970567733049393e-02
5.985010042786598206e-02
1.108964812010526657e-02
1.797514781355857849e-02
1.193761918693780899e-02
6.821337621659040451e-03
3.423976246267557144e-03
2.630403963848948479e-03
7.784277200698852539e-03
6.534956395626068115e-03
1.342467218637466431e-02
1.093700062483549118e-02
1.288756635040044785e-02
1.180176716297864914e-02
3.541164798662066460e-03
1.371879130601882935e-02
1.956542208790779114e-02
5.270300433039665222e-03
7.653864100575447083e-03
4.298888891935348511e-02
8.865277469158172607e-02
2.442660275846719742e-03
3.566825762391090393e-02
1.145946048200130463e-02
1.035028975456953049e-02
3.122602123767137527e-03
3.490078821778297424e-02
4.396224021911621094e-02
4.365704488009214401e-03
4.382555186748504639e-02
6.424208637326955795e-03
2.823793329298496246e-03
1.499927788972854614e-02
9.616674855351448059e-03
4.003264941275119781e-03
1.760227791965007782e-02
6.758395116776227951e-03
3.524256171658635139e-03
3.536538220942020416e-03
3.365451702848076820e-03
1.328121777623891830e-02
1.770990714430809021e-02
5.035687703639268875e-03
2.912383060902357101e-03
4.675406962633132935e-03
1.068526180461049080e-03
1.521142292767763138e-02
8.719729259610176086e-03
1.305061113089323044e-02
3.778204089030623436e-03
4.926946479827165604e-03
1.384534873068332672e-03
1.541928621008992195e-03
8.400881662964820862e-03
7.734884973615407944e-03
2.917931182309985161e-03
2.494105836376547813e-03
1.363624702207744122e-03
1.913552638143301010e-03
1.385407522320747375e-02
6.069951504468917847e-02
6.630513817071914673e-03
1.673954725265502930e-02
2.374777570366859436e-03
5.051076784729957581e-02
8.851509541273117065e-03
1.034033764153718948e-02
4.174586758017539978e-02
7.328009232878684998e-03
7.193064782768487930e-03
1.080432310700416565e-01
8.751683868467807770e-03
9.370242245495319366e-03
1.578650251030921936e-02
5.211061239242553711e-02
1.667429506778717041e-02
1.122507452964782715e-02
2.789011411368846893e-02
2.140997350215911865e-02
1.299729105085134506e-02
6.095540244132280350e-03
4.644854925572872162e-03
3.525173291563987732e-02
1.600108481943607330e-02
8.101467043161392212e-03
5.089105106890201569e-03
3.457390889525413513e-02
5.329622421413660049e-03
1.449586898088455200e-01
2.346132881939411163e-02
3.410558775067329407e-02
7.721181958913803101e-02
5.769885145127773285e-03
4.692396894097328186e-02
1.610252559185028076e-01
2.125843614339828491e-02
1.297727506607770920e-02
6.900431215763092041e-02
1.412604562938213348e-02
6.245583668351173401e-02
3.398605622351169586e-03
1.041433140635490417e-01
9.615075774490833282e-03
6.887026131153106689e-02
6.165312603116035461e-02
5.037790164351463318e-03
2.050060406327247620e-02
1.906543970108032227e-02
1.175992656499147415e-02
1.166449040174484253e-01
2.459298446774482727e-02
1.397469453513622284e-02
7.698642462491989136e-02
2.059868723154067993e-02
9.099492803215980530e-03
1.048776134848594666e-02
8.928419649600982666e-02
7.151914387941360474e-02
1.191480979323387146e-01
1.900811865925788879e-02
4.512216150760650635e-02
3.692011535167694092e-02
1.458911597728729248e-02
1.328065339475870132e-02
1.081985682249069214e-01
3.012209385633468628e-02
4.607560858130455017e-02
7.580630481243133545e-02
3.121725097298622131e-02
4.443948622792959213e-03
5.370512604713439941e-02
1.923325471580028534e-02
6.498149596154689789e-03
3.361680312082171440e-03
1.329335756599903107e-02
1.901140064001083374e-02
1.579158357344567776e-03
2.167482860386371613e-02
8.623064495623111725e-03
9.002060629427433014e-03
1.956475432962179184e-03
5.076754372566938400e-03
1.248875865712761879e-03
2.607142180204391479e-02
6.200775504112243652e-03
4.548287019133567810e-03
8.411034941673278809e-03
2.875996520742774010e-03
2.244221745058894157e-03
1.275785733014345169e-02
5.935978144407272339e-03
3.535453928634524345e-03
3.524216357618570328e-03
1.226619817316532135e-03
5.399625748395919800e-03
2.068491280078887939e-02
1.915936172008514404e-02
4.318670555949211121e-02
1.370293670333921909e-03
4.014723934233188629e-03
9.042394161224365234e-02
2.621391601860523224e-02
7.555813994258642197e-03
1.698768697679042816e-02
4.574187844991683960e-02
1.247702836990356445e-01
6.841166317462921143e-02
1.548355910927057266e-02
1.924106664955615997e-02
1.241590455174446106e-02
1.200692169368267059e-02
2.398999966681003571e-02
4.834463819861412048e-02
4.818981513381004333e-02
4.224088042974472046e-03
8.358718827366828918e-03
1.464031077921390533e-02
3.821635618805885315e-02
1.167986616492271423e-01
1.275072805583477020e-02
3.167261555790901184e-02
5.256111267954111099e-03
1.675047725439071655e-02
9.573905169963836670e-02
2.182506322860717773e-01
5.664841271936893463e-03
1.781320944428443909e-02
1.436031609773635864e-01
8.211309462785720825e-02
3.354674577713012695e-01
2.738413810729980469e-01
1.496433466672897339e-02
2.224477566778659821e-02
1.517760753631591797e-01
1.595274060964584351e-01
1.674426347017288208e-01
1.807805150747299194e-01
1.174509339034557343e-02
6.143875885754823685e-03
5.722348392009735107e-02
4.965853318572044373e-02
3.376534283161163330e-01
3.035736083984375000e-01
1.162448525428771973e-02
1.972708478569984436e-02
5.068151280283927917e-02
2.783082425594329834e-01
1.017160937190055847e-01
1.732191629707813263e-02
7.745034061372280121e-03
5.868770182132720947e-03
9.424322843551635742e-02
2.088980376720428467e-02
1.300338208675384521e-01
1.200062632560729980e-01
1.455872878432273865e-02
2.662598714232444763e-02
6.737047806382179260e-03
3.702343441545963287e-03
3.628735989332199097e-02
9.217263758182525635e-02
1.415037643164396286e-02
1.378675363957881927e-02
1.055937539786100388e-02
1.326814293861389160e-02
1.432629972696304321e-01
2.593932300806045532e-02
7.813396863639354706e-03
9.400576353073120117e-03
2.892587520182132721e-02
2.851725369691848755e-02
6.095028296113014221e-02
1.111616715788841248e-01
1.289744582027196884e-02
4.452149197459220886e-02
1.996635496616363525e-01
8.228503167629241943e-02
1.451219022274017334e-01
5.500403791666030884e-02
1.012180093675851822e-02
1.484800688922405243e-02
3.677783533930778503e-02
1.436843276023864746e-01
6.849083304405212402e-02
2.782478369772434235e-02
5.838560406118631363e-03
9.882629849016666412e-03
4.665624350309371948e-03
1.709457039833068848e-01
9.401058405637741089e-02
1.706525683403015137e-02
1.996447145938873291e-02
6.449637934565544128e-03
5.942388623952865601e-02
1.030307561159133911e-01
1.305894833058118820e-02
4.101171158254146576e-03
1.045269984751939774e-02
3.965889569371938705e-03
1.922260271385312080e-03
9.492607787251472473e-03
1.646648510359227657e-03
4.669092595577239990e-03
2.336543612182140350e-02
7.954376749694347382e-03
3.315810859203338623e-02
4.606135655194520950e-03
8.112851530313491821e-03
1.527271582745015621e-03
1.537865772843360901e-02
8.927775546908378601e-03
2.778466790914535522e-03
9.797415696084499359e-03
1.935407752171158791e-03
4.288834054023027420e-03
1.220230571925640106e-02
2.510254271328449249e-02
9.783422574400901794e-03
5.705595947802066803e-03
2.355792559683322906e-03
2.836601575836539268e-03
1.076343189924955368e-02
6.801021751016378403e-03
3.712986828759312630e-03
1.913983025588095188e-03
1.751714851707220078e-03
5.664880154654383659e-04
8.640497922897338867e-03
7.856265641748905182e-03
1.036702748388051987e-02
3.003550693392753601e-03
1.145218266174197197e-03
3.422946901991963387e-03
8.045206777751445770e-03
5.559883546084165573e-03
4.024696070700883865e-03
1.398399355821311474e-03
2.040931023657321930e-03
1.500017824582755566e-03
7.784630637615919113e-03
1.151587534695863724e-02
2.655101707205176353e-03
2.423387020826339722e-03
2.883060136809945107e-03
2.229380654171109200e-03
9.003002196550369263e-03
2.993434434756636620e-03
2.650572685524821281e-03
2.374361269176006317e-03
3.373210085555911064e-03
5.597419105470180511e-03
6.938524544239044189e-03
4.063495434820652008e-03
7.650541141629219055e-03
1.206170301884412766e-03
1.359905698336660862e-03
9.146161028183996677e-04
1.524032652378082275e-02
3.006519516929984093e-03
2.453139051795005798e-03
2.195541979745030403e-03
2.505411859601736069e-03
1.813654601573944092e-02
9.609311819076538086e-03
4.903882741928100586e-03
2.953142160549759865e-03
1.208063098601996899e-03
4.409358371049165726e-03
2.346304059028625488e-02
1.422888878732919693e-02
2.788483398035168648e-03
2.949913032352924347e-03
4.511799663305282593e-03
5.326923914253711700e-03
6.804014556109905243e-03
2.443830855190753937e-02
3.742423607036471367e-03
2.098264917731285095e-02
3.779754741117358208e-03
1.431462354958057404e-02
1.700492692179977894e-03
2.680417709052562714e-02
3.331675194203853607e-03
4.865939728915691376e-03
3.627771511673927307e-03
1.324980705976486206e-01
2.848980017006397247e-02
1.925336755812168121e-02
3.265802934765815735e-02
3.310055239126086235e-03
2.282811142504215240e-02
4.257170949131250381e-03
1.588270883075892925e-03
5.507376976311206818e-03
8.817801252007484436e-03
1.210301928222179413e-02
2.961211372166872025e-03
1.325856195762753487e-03
2.035968238487839699e-03
9.320172481238842010e-03
4.869471304118633270e-03
2.146892016753554344e-03
1.294741407036781311e-03
7.284874445758759975e-04
1.799495075829327106e-03
7.530383765697479248e-03
2.829702571034431458e-03
1.671518199145793915e-03
8.149333880282938480e-04
3.759641433134675026e-03
2.203928539529442787e-03
1.109177060425281525e-02
3.728841431438922882e-03
3.729073097929358482e-03
1.288575236685574055e-03
9.659501956775784492e-04
8.780777454376220703e-03
7.808286231011152267e-03
4.275118000805377960e-03
1.953090541064739227e-03
2.290580421686172485e-03
1.078113215044140816e-03
9.002090664580464363e-04
4.100063070654869080e-02
1.660930342040956020e-03
9.504184126853942871e-03
3.569184336811304092e-03
3.950222581624984741e-02
9.824325097724795341e-04
4.650222603231668472e-03
7.601784542202949524e-03
4.063887055963277817e-03
3.732614219188690186e-03
2.607943257316946983e-03
2.074667718261480331e-03
9.380540810525417328e-03
1.601109630428254604e-03
1.262523350305855274e-03
8.762484649196267128e-04
1.758330501616001129e-03
1.030767569318413734e-03
3.951358143240213394e-03
1.020379643887281418e-02
2.562638139352202415e-03
2.211140235885977745e-03
1.455309102311730385e-03
5.210037925280630589e-04
4.471587017178535461e-03
2.924266969785094261e-03
1.172894146293401718e-03
1.239753095433115959e-03
1.153422519564628601e-03
1.646761433221399784e-03
6.698465906083583832e-03
2.486190758645534515e-03
1.613411819562315941e-03
2.705207793042063713e-03
6.351371412165462971e-04
8.438715594820678234e-04
9.248593822121620178e-03
2.670050831511616707e-03
1.689016236923635006e-03
9.889989160001277924e-04
1.568854553624987602e-03
1.569862128235399723e-03
4.254776984453201294e-03
2.849472220987081528e-03
8.206407655961811543e-04
8.360917563550174236e-04
1.208468340337276459e-03
8.127435576170682907e-04
2.636440331116318703e-03
3.025083104148507118e-03
3.559543052688241005e-03
6.570824887603521347e-03
7.674998487345874310e-04
6.962254992686212063e-04
2.230952493846416473e-03
1.888181781396269798e-03
1.685681869275867939e-03
1.773653319105505943e-03
1.547675230540335178e-03
1.015116460621356964e-03
1.209789700806140900e-02
1.538521726615726948e-03
1.811668276786804199e-03
1.410555909387767315e-03
3.100936859846115112e-02
1.635771011933684349e-03
1.816465286538004875e-03
2.287282608449459076e-03
6.811615824699401855e-02
4.428709857165813446e-03
2.040580846369266510e-03
1.166131347417831421e-03
3.160417545586824417e-03
1.918304013088345528e-03
8.305834606289863586e-03
1.112337107770144939e-03
3.246829146519303322e-03
1.586370752193033695e-03
4.355973564088344574e-03
7.912516593933105469e-03
1.379613997414708138e-03
4.210459999740123749e-03
1.201160950586199760e-03
5.711246631108224392e-04
7.786771282553672791e-03
3.059665672481060028e-03
2.690740628167986870e-03
1.283919322304427624e-03
1.195529708638787270e-03
3.141571301966905594e-03
5.642042495310306549e-03
9.808341274037957191e-04
1.252377987839281559e-03
9.114703279919922352e-04
1.219491590745747089e-03
7.208547904156148434e-04
3.803465748205780983e-03
1.372803002595901489e-02
1.374886487610638142e-03
1.864010933786630630e-03
6.036635953933000565e-03
2.571499207988381386e-03
2.644577436149120331e-02
6.756775546818971634e-03
5.624003708362579346e-03
1.645619235932826996e-02
8.029428124427795410e-02
1.307065971195697784e-02
3.787201130762696266e-03
1.465706969611346722e-03
1.406071800738573074e-02
4.492965992540121078e-03
6.578291952610015869e-02
8.156632632017135620e-02
3.286451334133744240e-03
7.116825785487890244e-03
2.718581818044185638e-02
5.435596033930778503e-02
1.258859038352966309e-01
2.051978111267089844e-01
4.812477156519889832e-03
9.164683520793914795e-03
1.237722039222717285e-01
6.509622931480407715e-02
2.199275344610214233e-01
2.244532406330108643e-01
1.307349652051925659e-02
8.701780810952186584e-03
4.833624884486198425e-02
2.588418722152709961e-01
9.642329812049865723e-02
3.842955231666564941e-01
4.034446552395820618e-03
9.528944268822669983e-03
4.394795373082160950e-02
1.778937876224517822e-01
2.118967324495315552e-01
2.519107758998870850e-01
9.587547741830348969e-03
1.305929869413375854e-01
1.427792906761169434e-01
1.641501486301422119e-01
5.201835632324218750e-01
2.337065935134887695e-01
6.960929371416568756e-03
1.050630211830139160e-02
2.325662411749362946e-02
9.923490881919860840e-02
3.501438796520233154e-01
3.453795313835144043e-01
1.031528227031230927e-02
2.537045814096927643e-02
6.730304658412933350e-02
1.230763271450996399e-01
2.570872902870178223e-01
2.043976187705993652e-01
1.966993696987628937e-02
6.084349472075700760e-03
4.794372990727424622e-02
1.400400698184967041e-01
4.056599736213684082e-02
4.888541623950004578e-02
5.297952797263860703e-03
2.602009568363428116e-03
9.933180175721645355e-03
8.405574411153793335e-02
5.900998786091804504e-02
1.689457148313522339e-02
1.209986209869384766e-02
4.104551859200000763e-03
3.042792901396751404e-03
5.274625029414892197e-03
4.026489332318305969e-02
6.370243430137634277e-02
6.234945263713598251e-03
5.401974078267812729e-03
3.339266777038574219e-02
3.118729777634143829e-02
4.702226445078849792e-02
6.452678889036178589e-02
1.081597432494163513e-02
5.585025530308485031e-03
1.706263050436973572e-02
1.130421180278062820e-02
4.546938091516494751e-02
1.074197608977556229e-02
1.223282609134912491e-02
3.477247199043631554e-03
1.952157169580459595e-02
1.223008148372173309e-03
2.598647400736808777e-02
6.006700918078422546e-03
1.429114583879709244e-02
4.340583458542823792e-03
4.172509536147117615e-03
1.483074296265840530e-02
1.638943701982498169e-02
2.373085170984268188e-02
2.512476034462451935e-02
1.413905434310436249e-02
4.581372253596782684e-03
1.301711192354559898e-03
7.138071209192276001e-02
2.924371324479579926e-02
2.894378267228603363e-02
8.401599712669849396e-03
2.668062038719654083e-02
1.227560732513666153e-02
6.222480442374944687e-03
3.259851038455963135e-02
1.561256591230630875e-02
6.875768769532442093e-03
2.466568257659673691e-03
2.130912849679589272e-03
3.758466988801956177e-02
9.359622001647949219e-02
1.635203324258327484e-02
6.826209370046854019e-03
4.081775434315204620e-03
2.500411495566368103e-02
1.082465946674346924e-01
1.052274089306592941e-02
1.878110133111476898e-02
3.446875372901558876e-03
5.902414675801992416e-03
1.150216162204742432e-02
3.227559477090835571e-02
9.414696693420410156e-02
1.991345360875129700e-02
1.070981193333864212e-02
4.279194399714469910e-03
9.172298945486545563e-03
2.409635577350854874e-03
9.264995157718658447e-02
6.990411318838596344e-03
9.020139463245868683e-03
1.110576391220092773e-01
1.749652624130249023e-01
1.394152641296386719e-01
6.645990908145904541e-02
9.341227822005748749e-03
2.880038693547248840e-02
7.881639897823333740e-02
2.821055985987186432e-02
1.281000673770904541e-01
1.040616631507873535e-01
1.570517383515834808e-02
2.615169156342744827e-03
5.032365396618843079e-02
1.766965165734291077e-02
8.251509070396423340e-02
3.993880003690719604e-02
1.757261529564857483e-02
5.304132029414176941e-02
1.549516525119543076e-02
6.257899105548858643e-02
4.953774064779281616e-02
2.419384755194187164e-02
4.702957812696695328e-03
3.401989489793777466e-02
7.613535504788160324e-03
1.185063943266868591e-01
7.001752033829689026e-03
5.016769468784332275e-02
1.358359586447477341e-02
2.789767086505889893e-02
5.095163360238075256e-02
3.076745010912418365e-02
2.073530480265617371e-02
6.042141839861869812e-02
1.093706861138343811e-02
3.562751226127147675e-03
9.603757411241531372e-03
1.402538269758224487e-02
2.468039467930793762e-02
9.538392536342144012e-03
2.170178480446338654e-02
2.782024443149566650e-03
8.656941354274749756e-03
1.684086397290229797e-02
5.870513245463371277e-02
1.710385456681251526e-02
8.604481816291809082e-03
5.646181292831897736e-03
2.328580804169178009e-02
1.724328100681304932e-02
2.393176779150962830e-02
2.234148234128952026e-02
8.785746060311794281e-03
7.780974265187978745e-03
1.661540125496685505e-03
2.438382711261510849e-03
3.620564704760909081e-03
3.340961644425988197e-03
1.273693423718214035e-02
1.737900450825691223e-02
2.456390066072344780e-03
2.613142132759094238e-03
5.249350797384977341e-03
1.398328109644353390e-03
3.931239247322082520e-03
7.133358158171176910e-03
3.255211981013417244e-03
2.243431983515620232e-03
2.716991119086742401e-03
1.188344205729663372e-03
1.713699288666248322e-02
1.535658352077007294e-02
3.178368089720606804e-03
1.116289175115525723e-03
2.383549697697162628e-03
2.659738063812255859e-03
4.983519669622182846e-03
1.867519691586494446e-02
4.685186780989170074e-03
3.452453296631574631e-03
3.280512988567352295e-03
8.083605207502841949e-04
2.044983394443988800e-02
3.027450991794466972e-03
4.177451133728027344e-03
1.984470756724476814e-03
1.293317181989550591e-03
1.737195625901222229e-02
1.629376970231533051e-02
1.243476755917072296e-02
2.139324555173516273e-03
7.820724509656429291e-03
1.957484055310487747e-03
2.143078250810503960e-03
4.766532219946384430e-03
4.187629092484712601e-03
1.606972655281424522e-03
4.532125778496265411e-03
8.475329959765076637e-04
4.590389435179531574e-04
4.547105729579925537e-02
3.112714737653732300e-03
1.848211395554244518e-03
5.835299380123615265e-03
6.191444583237171173e-03
2.488532476127147675e-02
1.571861095726490021e-02
2.918180543929338455e-03
5.709672346711158752e-03
7.449758239090442657e-03
1.270855125039815903e-02
4.319675266742706299e-02
1.463478617370128632e-02
5.316727794706821442e-03
2.804891671985387802e-03
7.585520856082439423e-03
4.358167294412851334e-03
1.043555559590458870e-03
4.447665996849536896e-03
1.406520325690507889e-02
1.895286841318011284e-03
2.559642121195793152e-02
2.208526246249675751e-03
3.101449925452470779e-03
1.958048343658447266e-02
8.334160782396793365e-03
2.046666108071804047e-03
3.552847076207399368e-03
2.389453724026679993e-02
1.577813294716179371e-03
1.321793626993894577e-02
1.842000638134777546e-03
1.784586720168590546e-02
2.839419525116682053e-03
3.053572494536638260e-03
1.699690707027912140e-03
9.158853441476821899e-03
2.823641989380121231e-03
3.742036409676074982e-03
3.452374134212732315e-03
2.170604653656482697e-03
2.963528269901871681e-03
1.041100826114416122e-02
3.325717989355325699e-03
1.650593359954655170e-03
1.236704527400434017e-03
2.497664652764797211e-03
5.076236557215452194e-04
4.106537904590368271e-03
9.964728727936744690e-03
9.341278113424777985e-03
1.681475667282938957e-03
1.580163720063865185e-03
1.020862604491412640e-03
5.789288319647312164e-03
2.756894100457429886e-03
2.965599298477172852e-03
9.862837614491581917e-04
1.211360096931457520e-03
9.385469020344316959e-04
6.811728235334157944e-03
3.717156127095222473e-03
3.275216557085514069e-03
2.325090579688549042e-03
8.450452005490660667e-04
2.637136261910200119e-03
3.433769103139638901e-03
1.353895524516701698e-03
1.373395090922713280e-03
1.051397528499364853e-03
3.291763830929994583e-03
7.403405033983290195e-04
3.116857958957552910e-03
2.448659157380461693e-03
2.606037305667996407e-03
1.244837418198585510e-03
9.668983402661979198e-04
8.805859833955764771e-04
9.948285296559333801e-03
7.257740944623947144e-03
1.842139055952429771e-03
1.046886551193892956e-03
1.004857243970036507e-03
7.955853361636400223e-04
1.658666762523353100e-03
3.313823370262980461e-03
2.618253231048583984e-03
1.554745365865528584e-03
1.692674122750759125e-03
1.639514346607029438e-03
3.942276816815137863e-03
3.295534057542681694e-03
1.356859924271702766e-03
3.824234940111637115e-03
8.440957171842455864e-04
1.388225820846855640e-03
3.613572800531983376e-03
2.468526130542159081e-03
8.730814442969858646e-04
9.231275762431323528e-04
1.260060584172606468e-03
5.989283788949251175e-03
2.248191740363836288e-03
4.080950282514095306e-03
2.039358252659440041e-03
2.193892607465386391e-03
9.786986047402024269e-04
5.024788551963865757e-04
3.024363424628973007e-03
1.604251447133719921e-03
2.336237579584121704e-03
9.696333436295390129e-04
1.611403422430157661e-03
9.161593625321984291e-04
1.697029103524982929e-03
1.541539793834090233e-03
3.819846315309405327e-03
8.616900304332375526e-04
9.528848459012806416e-04
7.469202391803264618e-04
3.093348816037178040e-03
2.153873909264802933e-03
1.363951480016112328e-03
8.940447587519884109e-04
8.834894979372620583e-04
2.910917392000555992e-04
3.305403981357812881e-03
1.424763444811105728e-02
1.708489377051591873e-03
1.874496811069548130e-03
1.016822294332087040e-03
3.569437656551599503e-03
1.145086949691176414e-03
8.243435295298695564e-04
7.640167023055255413e-04
1.270430162549018860e-03
4.918080521747469902e-04
1.362158334814012051e-03
2.801593858748674393e-03
1.058380468748509884e-03
7.546893903054296970e-04
8.689914247952401638e-04
8.789449930191040039e-04
7.788965594954788685e-04
1.611376064829528332e-03
1.593444729223847389e-03
7.955214241519570351e-04
7.508125156164169312e-03
5.252712871879339218e-04
1.014505513012409210e-03
4.114969447255134583e-02
1.171773066744208336e-03
1.207279507070779800e-03
1.092842896468937397e-03
1.188375521451234818e-02
9.200623608194291592e-04
1.189722795970737934e-03
1.209355541504919529e-03
7.926355465315282345e-04
1.624705386348068714e-03
1.132489927113056183e-02
2.962384745478630066e-02
6.181363714858889580e-04
9.189464617520570755e-04
2.373536815866827965e-03
1.052370015531778336e-02
3.008006839081645012e-03
1.716357097029685974e-02
1.850574743002653122e-03
8.585012983530759811e-04
1.519738114438951015e-03
7.122197654098272324e-03
1.022344920784235001e-02
2.294362150132656097e-02
8.263602503575384617e-04
9.934569243341684341e-04
1.749036135151982307e-03
2.185599645599722862e-03
1.069301590323448181e-01
6.458558887243270874e-02
7.209907053038477898e-04
4.643455147743225098e-03
1.059443573467433453e-03
4.956729710102081299e-02
6.407215446233749390e-02
1.313751447014510632e-03
7.282122969627380371e-04
7.553980685770511627e-04
9.558721212670207024e-04
1.119315158575773239e-03
6.558059714734554291e-03
1.096194051206111908e-02
2.230718033388257027e-03
1.102924463339149952e-03
1.647036056965589523e-03
5.667017539963126183e-04
1.045931014232337475e-03
2.372941467911005020e-03
1.398352906107902527e-03
1.823730883188545704e-03
3.430512442719191313e-04
5.016184295527637005e-04
8.229896193370223045e-04
1.516554853878915310e-03
9.892589878290891647e-04
7.080235518515110016e-04
8.421540260314941406e-04
6.411430658772587776e-04
3.421536530368030071e-04
5.753171280957758427e-04
2.574856858700513840e-03
7.820582250133156776e-04
4.426451632753014565e-04
5.398317589424550533e-04
3.756502410396933556e-04
4.805912612937390804e-04
1.010638661682605743e-03
6.430182838812470436e-04
9.765742579475045204e-04
6.681837257929146290e-04
2.618335711304098368e-04
7.265245076268911362e-04
2.499412046745419502e-03
1.394833787344396114e-03
5.743759684264659882e-04
5.095820524729788303e-04
4.971279413439333439e-04
3.501928877085447311e-04
1.170083181932568550e-03
2.167960628867149353e-03
5.729716503992676735e-04
6.298567168414592743e-04
4.817785520572215319e-04
1.599719398654997349e-03
1.269656233489513397e-03
1.037306385114789009e-03
5.644896300509572029e-04
3.842200967483222485e-04
6.186664686538279057e-04
4.397117882035672665e-04
2.387327607721090317e-03
1.310565625317394733e-03
8.332318393513560295e-04
3.590108826756477356e-04
5.896140937693417072e-04
6.725903949700295925e-04
5.749067640863358974e-04
6.532765110023319721e-04
4.103332175873219967e-04
6.947400397621095181e-04
5.722048226743936539e-04
3.372089122422039509e-04
6.653140299022197723e-04
1.475552213378250599e-03
4.059525672346353531e-03
9.701963281258940697e-04
1.598983304575085640e-03
2.192816324532032013e-02
7.606911822222173214e-04
1.118998043239116669e-03
5.873218178749084473e-03
8.766379952430725098e-02
1.550949364900588989e-01
8.490028977394104004e-02
1.395887928083539009e-03
1.689744764007627964e-03
1.068681254982948303e-01
1.295686606317758560e-02
4.283914342522621155e-02
1.349996030330657959e-01
6.774561479687690735e-04
4.960511578246951103e-04
6.899035722017288208e-02
7.789711002260446548e-03
1.233261637389659882e-02
1.413937956094741821e-01
3.018792252987623215e-03
1.716879196465015411e-03
2.025791816413402557e-02
3.334395959973335266e-02
8.269520103931427002e-02
1.244839653372764587e-01
4.884459776803851128e-04
2.631764300167560577e-02
2.233506292104721069e-01
2.214321792125701904e-01
4.203146100044250488e-01
1.079004555940628052e-01
4.880536289419978857e-04
7.240861654281616211e-03
1.131328120827674866e-01
1.990654170513153076e-01
3.341742753982543945e-01
4.455523490905761719e-01
6.701556849293410778e-04
1.702068955637514591e-03
4.127162694931030273e-02
1.862641572952270508e-01
2.176546007394790649e-01
2.426652759313583374e-01
9.487029747106134892e-04
1.433519180864095688e-03
5.159061029553413391e-02
8.005800843238830566e-02
1.344457119703292847e-01
3.620278835296630859e-01
4.988830769434571266e-04
4.117586836218833923e-02
1.079527288675308228e-01
4.321928620338439941e-01
3.344979584217071533e-01
1.018431067466735840e+00
7.932253647595643997e-04
6.893530022352933884e-03
1.827542930841445923e-01
3.129052519798278809e-01
3.398439288139343262e-01
3.300449848175048828e-01
3.565898630768060684e-03
2.654887270182371140e-03
4.483131691813468933e-02
2.412289381027221680e-01
1.468385159969329834e-01
1.119385659694671631e-01
2.654774114489555359e-03
6.655851844698190689e-03
1.319022849202156067e-02
1.694932281970977783e-01
2.632521986961364746e-01
9.231821894645690918e-01
1.697257044725120068e-03
1.686299145221710205e-01
5.818779468536376953e-01
4.936561882495880127e-01
2.488698214292526245e-01
4.523870348930358887e-01
8.703919127583503723e-03
5.342777818441390991e-03
1.634500734508037567e-02
4.164001941680908203e-01
2.343900501728057861e-01
3.166379034519195557e-01
5.675005260854959488e-03
1.550288405269384384e-02
1.202742606401443481e-01
1.601026356220245361e-01
8.256169408559799194e-02
2.552178502082824707e-01
9.469433687627315521e-03
2.828668802976608276e-03
1.713247969746589661e-02
1.775563210248947144e-01
1.776646077632904053e-01
1.209739595651626587e-02
6.950427312403917313e-03
3.766782116144895554e-03
3.937479108572006226e-03
5.183044075965881348e-02
5.453110486268997192e-02
9.616590291261672974e-02
2.523294277489185333e-02
6.411766633391380310e-03
6.130199879407882690e-03
5.783370230346918106e-03
1.552775222808122635e-02
6.670962274074554443e-02
3.040379658341407776e-02
7.198215927928686142e-03
1.377706136554479599e-02
3.498218208551406860e-02
2.240271866321563721e-02
6.931063719093799591e-03
3.675923496484756470e-02
1.685121469199657440e-02
2.021405845880508423e-02
7.691914681345224380e-03
3.498852998018264771e-02
3.826892701908946037e-03
