8.590111732482910156e-01
2.496728897094726562e-01
2.478854656219482422e-01
2.482261657714843750e-01
2.494754791259765625e-01
2.467253208160400391e-01
2.463080883026123047e-01
2.456386089324951172e-01
2.442831993103027344e-01
2.430849075317382812e-01
2.444112300872802734e-01
2.445969581604003906e-01
2.446551322937011719e-01
2.459831237792968750e-01
2.461133003234863281e-01
2.460875511169433594e-01
2.459695339202880859e-01
2.459559440612792969e-01
2.459604740142822266e-01
2.462449073791503906e-01
2.457890510559082031e-01
2.461209297180175781e-01
2.461183071136474609e-01
6.616401672363281250e-02
2.532215118408203125e-01
2.465925216674804688e-01
2.459957599639892578e-01
2.463486194610595703e-01
2.456846237182617188e-01
2.454328536987304688e-01
2.461328506469726562e-01
2.459802627563476562e-01
2.466549873352050781e-01
2.460768222808837891e-01
2.449967861175537109e-01
2.445626258850097656e-01
2.447850704193115234e-01
2.444941997528076172e-01
2.449569702148437500e-01
2.451820373535156250e-01
2.446296215057373047e-01
2.447729110717773438e-01
2.445390224456787109e-01
2.445788383483886719e-01
2.446017265319824219e-01
2.445712089538574219e-01
2.443995475769042969e-01
5.542445182800292969e-02
2.562966346740722656e-01
2.536761760711669922e-01
2.497303485870361328e-01
2.478816509246826172e-01
2.450366020202636719e-01
2.434153556823730469e-01
2.416865825653076172e-01
2.421228885650634766e-01
2.421662807464599609e-01
2.421896457672119141e-01
2.418422698974609375e-01
2.428135871887207031e-01
6.663203239440917969e-02
2.102391719818115234e-01
2.318115234375000000e-01
2.357103824615478516e-01
2.359747886657714844e-01
2.388560771942138672e-01
2.403135299682617188e-01
2.394890785217285156e-01
2.362980842590332031e-01
2.376782894134521484e-01
2.404923439025878906e-01
2.216434478759765625e-02
2.544887065887451172e-01
2.491838932037353516e-01
2.450706958770751953e-01
2.446036338806152344e-01
2.450845241546630859e-01
2.451720237731933594e-01
2.476150989532470703e-01
2.466762065887451172e-01
2.467293739318847656e-01
2.450709342956542969e-01
2.456097602844238281e-01
2.447011470794677734e-01
2.452588081359863281e-01
2.429795265197753906e-01
2.425491809844970703e-01
2.427093982696533203e-01
2.428498268127441406e-01
2.426071166992187500e-01
2.425217628479003906e-01
2.426133155822753906e-01
2.425873279571533203e-01
2.427093982696533203e-01
2.450389862060546875e-01
5.602931976318359375e-02
2.523880004882812500e-01
2.484118938446044922e-01
2.451632022857666016e-01
2.450356483459472656e-01
2.451212406158447266e-01
2.446453571319580078e-01
2.441692352294921875e-01
2.442650794982910156e-01
2.443695068359375000e-01
2.445917129516601562e-01
2.449955940246582031e-01
2.449171543121337891e-01
2.440848350524902344e-01
2.445609569549560547e-01
2.434744834899902344e-01
2.437469959259033203e-01
2.435514926910400391e-01
2.454731464385986328e-01
2.477440834045410156e-01
2.498769760131835938e-01
2.477967739105224609e-01
2.455077171325683594e-01
2.455718517303466797e-01
5.683565139770507812e-02
2.537512779235839844e-01
2.483251094818115234e-01
2.465355396270751953e-01
2.459688186645507812e-01
2.469987869262695312e-01
2.464368343353271484e-01
2.464876174926757812e-01
2.457821369171142578e-01
2.461748123168945312e-01
2.466738224029541016e-01
2.450532913208007812e-01
2.448284626007080078e-01
2.444431781768798828e-01
2.436904907226562500e-01
2.443318367004394531e-01
2.431178092956542969e-01
2.439234256744384766e-01
2.444758415222167969e-01
2.449347972869873047e-01
2.453906536102294922e-01
2.451448440551757812e-01
2.457907199859619141e-01
2.456336021423339844e-01
5.685830116271972656e-02
2.552452087402343750e-01
2.490291595458984375e-01
2.469437122344970703e-01
2.465956211090087891e-01
2.465004920959472656e-01
2.469995021820068359e-01
2.467870712280273438e-01
2.471270561218261719e-01
2.461502552032470703e-01
2.467415332794189453e-01
2.465465068817138672e-01
2.467586994171142578e-01
2.464098930358886719e-01
2.468028068542480469e-01
2.465302944183349609e-01
2.469890117645263672e-01
2.478070259094238281e-01
2.471833229064941406e-01
2.465696334838867188e-01
2.467055320739746094e-01
2.466495037078857422e-01
2.466256618499755859e-01
2.465679645538330078e-01
5.625867843627929688e-02
2.546706199645996094e-01
2.494354248046875000e-01
2.475504875183105469e-01
2.483577728271484375e-01
2.479553222656250000e-01
2.466816902160644531e-01
2.462003231048583984e-01
2.462179660797119141e-01
2.481243610382080078e-01
2.467429637908935547e-01
2.465338706970214844e-01
2.471024990081787109e-01
2.491586208343505859e-01
2.475941181182861328e-01
2.475602626800537109e-01
2.475440502166748047e-01
2.480111122131347656e-01
2.476603984832763672e-01
2.482244968414306641e-01
2.502992153167724609e-01
2.503345012664794922e-01
2.512760162353515625e-01
2.514295578002929688e-01
6.012153625488281250e-02
2.530040740966796875e-01
2.475476264953613281e-01
2.461664676666259766e-01
2.440984249114990234e-01
2.452747821807861328e-01
2.460746765136718750e-01
2.460675239562988281e-01
2.448885440826416016e-01
2.463865280151367188e-01
2.461886405944824219e-01
2.453165054321289062e-01
2.455115318298339844e-01
2.462165355682373047e-01
2.459743022918701172e-01
2.460086345672607422e-01
2.460312843322753906e-01
2.461485862731933594e-01
2.456767559051513672e-01
2.471385002136230469e-01
2.471661567687988281e-01
2.476933002471923828e-01
2.470283508300781250e-01
2.471506595611572266e-01
5.642127990722656250e-02
2.592847347259521484e-01
2.538809776306152344e-01
2.533893585205078125e-01
2.494504451751708984e-01
2.468242645263671875e-01
2.449347972869873047e-01
2.446749210357666016e-01
2.446250915527343750e-01
2.445929050445556641e-01
2.442319393157958984e-01
2.447252273559570312e-01
2.446978092193603516e-01
2.446324825286865234e-01
2.470259666442871094e-01
2.448091506958007812e-01
2.450885772705078125e-01
2.458295822143554688e-01
2.445933818817138672e-01
2.473835945129394531e-01
2.448015213012695312e-01
2.443928718566894531e-01
2.449378967285156250e-01
2.446539402008056641e-01
5.428457260131835938e-02
2.593033313751220703e-01
2.525608539581298828e-01
2.455759048461914062e-01
2.449781894683837891e-01
2.448182106018066406e-01
2.449100017547607422e-01
2.445969581604003906e-01
2.426588535308837891e-01
2.497806549072265625e-01
2.447237968444824219e-01
2.450680732727050781e-01
2.443103790283203125e-01
2.446174621582031250e-01
2.420463562011718750e-01
2.421360015869140625e-01
2.426509857177734375e-01
2.420351505279541016e-01
2.420797348022460938e-01
2.420184612274169922e-01
2.423124313354492188e-01
2.422025203704833984e-01
2.425053119659423828e-01
2.423975467681884766e-01
5.314850807189941406e-02
2.577185630798339844e-01
2.530238628387451172e-01
2.524609565734863281e-01
2.513051033020019531e-01
2.509782314300537109e-01
2.507245540618896484e-01
2.514176368713378906e-01
2.513284683227539062e-01
2.515625953674316406e-01
2.511861324310302734e-01
2.507512569427490234e-01
2.509036064147949219e-01
2.519142627716064453e-01
2.500507831573486328e-01
2.498660087585449219e-01
2.507095336914062500e-01
2.502777576446533203e-01
2.504804134368896484e-01
2.501187324523925781e-01
2.513577938079833984e-01
2.469391822814941406e-01
2.441744804382324219e-01
2.446949481964111328e-01
5.469799041748046875e-02
2.546730041503906250e-01
2.527015209197998047e-01
2.510938644409179688e-01
2.509717941284179688e-01
2.510676383972167969e-01
2.514092922210693359e-01
2.509682178497314453e-01
2.511644363403320312e-01
2.480120658874511719e-01
2.490758895874023438e-01
2.484493255615234375e-01
2.477536201477050781e-01
2.459740638732910156e-01
2.453112602233886719e-01
2.454028129577636719e-01
2.454087734222412109e-01
2.455797195434570312e-01
2.459435462951660156e-01
2.455730438232421875e-01
2.457048892974853516e-01
2.457518577575683594e-01
2.455236911773681641e-01
2.453920841217041016e-01
5.442810058593750000e-02
2.549180984497070312e-01
2.525188922882080078e-01
2.511494159698486328e-01
2.511739730834960938e-01
2.489519119262695312e-01
2.484619617462158203e-01
2.476246356964111328e-01
2.474563121795654297e-01
2.473990917205810547e-01
2.466962337493896484e-01
2.472798824310302734e-01
2.468385696411132812e-01
2.471361160278320312e-01
2.474062442779541016e-01
2.473583221435546875e-01
2.469084262847900391e-01
2.469935417175292969e-01
2.473561763763427734e-01
2.477631568908691406e-01
2.489612102508544922e-01
2.478215694427490234e-01
2.478575706481933594e-01
2.478623390197753906e-01
5.721235275268554688e-02
2.589094638824462891e-01
2.558448314666748047e-01
2.499449253082275391e-01
2.443838119506835938e-01
2.403943538665771484e-01
2.419233322143554688e-01
2.435929775238037109e-01
2.428743839263916016e-01
2.428579330444335938e-01
2.429907321929931641e-01
2.431175708770751953e-01
2.458522319793701172e-01
2.457244396209716797e-01
2.450659275054931641e-01
2.429909706115722656e-01
2.391989231109619141e-01
2.359282970428466797e-01
2.360384464263916016e-01
2.285444736480712891e-01
2.331278324127197266e-01
2.287886142730712891e-01
2.423408031463623047e-01
2.144496440887451172e-01
4.625201225280761719e-02
2.595481872558593750e-01
2.481486797332763672e-01
2.455728054046630859e-01
2.427444458007812500e-01
2.428352832794189453e-01
2.407944202423095703e-01
2.455077171325683594e-01
2.431275844573974609e-01
2.433044910430908203e-01
2.437441349029541016e-01
2.427823543548583984e-01
2.432749271392822266e-01
2.432410717010498047e-01
2.432403564453125000e-01
2.430987358093261719e-01
2.430837154388427734e-01
2.428762912750244141e-01
2.429978847503662109e-01
2.432618141174316406e-01
2.432785034179687500e-01
2.436399459838867188e-01
2.432975769042968750e-01
2.430331707000732422e-01
5.286717414855957031e-02
2.556080818176269531e-01
2.532246112823486328e-01
2.454721927642822266e-01
2.429845333099365234e-01
2.420806884765625000e-01
2.419507503509521484e-01
2.410793304443359375e-01
2.411549091339111328e-01
2.407321929931640625e-01
2.407333850860595703e-01
2.407383918762207031e-01
2.434086799621582031e-01
2.435455322265625000e-01
2.444241046905517578e-01
2.445499897003173828e-01
2.443130016326904297e-01
2.470128536224365234e-01
2.450196743011474609e-01
2.442445755004882812e-01
2.420830726623535156e-01
2.423486709594726562e-01
2.422137260437011719e-01
2.448585033416748047e-01
5.320239067077636719e-02
2.584869861602783203e-01
2.501821517944335938e-01
2.524785995483398438e-01
2.452466487884521484e-01
2.441575527191162109e-01
2.448813915252685547e-01
2.404084205627441406e-01
2.382352352142333984e-01
2.384531497955322266e-01
2.409250736236572266e-01
2.408194541931152344e-01
2.406172752380371094e-01
2.483959197998046875e-01
2.507801055908203125e-01
2.503440380096435547e-01
2.480392456054687500e-01
2.456209659576416016e-01
2.430334091186523438e-01
2.432017326354980469e-01
2.459018230438232422e-01
2.445397377014160156e-01
2.448019981384277344e-01
2.439000606536865234e-01
5.208778381347656250e-02
2.572493553161621094e-01
2.535586357116699219e-01
2.502253055572509766e-01
2.470560073852539062e-01
2.466711997985839844e-01
2.470104694366455078e-01
2.468631267547607422e-01
2.473537921905517578e-01
2.465875148773193359e-01
2.471289634704589844e-01
2.467610836029052734e-01
2.469737529754638672e-01
2.465610504150390625e-01
2.463617324829101562e-01
2.465972900390625000e-01
2.467637062072753906e-01
2.471590042114257812e-01
2.471268177032470703e-01
2.471296787261962891e-01
2.467861175537109375e-01
2.457609176635742188e-01
2.471601963043212891e-01
2.471904754638671875e-01
5.667901039123535156e-02
2.581694126129150391e-01
2.533652782440185547e-01
2.460200786590576172e-01
2.471346855163574219e-01
2.470805644989013672e-01
2.469446659088134766e-01
2.468202114105224609e-01
2.469565868377685547e-01
2.465748786926269531e-01
2.470092773437500000e-01
2.466189861297607422e-01
2.465276718139648438e-01
2.471044063568115234e-01
2.470593452453613281e-01
2.469973564147949219e-01
2.471966743469238281e-01
2.469563484191894531e-01
2.467257976531982422e-01
2.467508316040039062e-01
2.470259666442871094e-01
2.469282150268554688e-01
2.472560405731201172e-01
2.469363212585449219e-01
5.680561065673828125e-02
2.561111450195312500e-01
2.483901977539062500e-01
2.523050308227539062e-01
2.521126270294189453e-01
2.484030723571777344e-01
2.482967376708984375e-01
2.484624385833740234e-01
2.488498687744140625e-01
2.478933334350585938e-01
2.456851005554199219e-01
2.429344654083251953e-01
2.428057193756103516e-01
2.430357933044433594e-01
2.429978847503662109e-01
2.428162097930908203e-01
2.429494857788085938e-01
2.419362068176269531e-01
2.423911094665527344e-01
2.423946857452392578e-01
2.424578666687011719e-01
2.421047687530517578e-01
2.419483661651611328e-01
2.422561645507812500e-01
5.418515205383300781e-02
2.530429363250732422e-01
2.520418167114257812e-01
2.484648227691650391e-01
2.454619407653808594e-01
2.435131072998046875e-01
2.429716587066650391e-01
2.435288429260253906e-01
2.431993484497070312e-01
2.434120178222656250e-01
2.433900833129882812e-01
2.431771755218505859e-01
2.431919574737548828e-01
2.425544261932373047e-01
2.442240715026855469e-01
2.407526969909667969e-01
2.410778999328613281e-01
2.412419319152832031e-01
2.406313419342041016e-01
2.404780387878417969e-01
2.405622005462646484e-01
2.405517101287841797e-01
2.410175800323486328e-01
2.407431602478027344e-01
5.120038986206054688e-02
2.596466541290283203e-01
2.531278133392333984e-01
2.456631660461425781e-01
2.437262535095214844e-01
2.430400848388671875e-01
2.430331707000732422e-01
2.429723739624023438e-01
2.480349540710449219e-01
2.454321384429931641e-01
2.458755970001220703e-01
2.453463077545166016e-01
2.455506324768066406e-01
2.221496105194091797e-01
2.383060455322265625e-01
2.384266853332519531e-01
2.454493045806884766e-01
2.450907230377197266e-01
2.453808784484863281e-01
2.437610626220703125e-01
2.460281848907470703e-01
2.384698390960693359e-01
2.382462024688720703e-01
2.382950782775878906e-01
5.428147315979003906e-02
2.607905864715576172e-01
2.505738735198974609e-01
2.447347640991210938e-01
2.441353797912597656e-01
2.443923950195312500e-01
2.424795627593994141e-01
2.423918247222900391e-01
2.420380115509033203e-01
2.422511577606201172e-01
2.419862747192382812e-01
2.424561977386474609e-01
2.420194149017333984e-01
2.420053482055664062e-01
2.424306869506835938e-01
2.421624660491943359e-01
2.417693138122558594e-01
2.424972057342529297e-01
2.422797679901123047e-01
2.417838573455810547e-01
2.420463562011718750e-01
2.423582077026367188e-01
2.423834800720214844e-01
2.426087856292724609e-01
5.421161651611328125e-02
2.565367221832275391e-01
2.490525245666503906e-01
2.451815605163574219e-01
2.453539371490478516e-01
2.435483932495117188e-01
2.432627677917480469e-01
2.429289817810058594e-01
2.382154464721679688e-01
2.406220436096191406e-01
2.433643341064453125e-01
2.431607246398925781e-01
2.434296607971191406e-01
2.431180477142333984e-01
2.433536052703857422e-01
2.455680370330810547e-01
2.462434768676757812e-01
2.452447414398193359e-01
2.407114505767822266e-01
2.408576011657714844e-01
2.412769794464111328e-01
2.407438755035400391e-01
2.407014369964599609e-01
2.431092262268066406e-01
4.959821701049804688e-02
2.509584426879882812e-01
2.471013069152832031e-01
2.463998794555664062e-01
2.464780807495117188e-01
2.461853027343750000e-01
2.465507984161376953e-01
2.466528415679931641e-01
2.464804649353027344e-01
2.456972599029541016e-01
2.464907169342041016e-01
2.448468208312988281e-01
2.463557720184326172e-01
2.462155818939208984e-01
2.450749874114990234e-01
2.448096275329589844e-01
2.443759441375732422e-01
2.447788715362548828e-01
2.449235916137695312e-01
2.449495792388916016e-01
2.459342479705810547e-01
2.454969882965087891e-01
2.453918457031250000e-01
2.460191249847412109e-01
5.527472496032714844e-02
2.571330070495605469e-01
2.520022392272949219e-01
2.488162517547607422e-01
2.480847835540771484e-01
2.461538314819335938e-01
2.464470863342285156e-01
2.461400032043457031e-01
2.462148666381835938e-01
2.457561492919921875e-01
2.464756965637207031e-01
2.461185455322265625e-01
2.459969520568847656e-01
2.454047203063964844e-01
2.465035915374755859e-01
2.460372447967529297e-01
2.462658882141113281e-01
2.473118305206298828e-01
2.468390464782714844e-01
2.457201480865478516e-01
2.462644577026367188e-01
2.458767890930175781e-01
2.464358806610107422e-01
2.462177276611328125e-01
5.528116226196289062e-02
2.556960582733154297e-01
2.494184970855712891e-01
2.478151321411132812e-01
2.465867996215820312e-01
2.465240955352783203e-01
2.461016178131103516e-01
2.462811470031738281e-01
2.464981079101562500e-01
2.461254596710205078e-01
2.463903427124023438e-01
2.456738948822021484e-01
2.456991672515869141e-01
2.471675872802734375e-01
2.468326091766357422e-01
2.472813129425048828e-01
2.478241920471191406e-01
2.475104331970214844e-01
2.481801509857177734e-01
2.482001781463623047e-01
2.481205463409423828e-01
2.478427886962890625e-01
2.482593059539794922e-01
2.529468536376953125e-01
5.768847465515136719e-02
2.567336559295654297e-01
2.508633136749267578e-01
2.483766078948974609e-01
2.479012012481689453e-01
2.432823181152343750e-01
2.409083843231201172e-01
2.404201030731201172e-01
2.432754039764404297e-01
2.410485744476318359e-01
2.409665584564208984e-01
2.423982620239257812e-01
2.420420646667480469e-01
2.429566383361816406e-01
2.423846721649169922e-01
2.418501377105712891e-01
2.424545288085937500e-01
2.426295280456542969e-01
2.420916557312011719e-01
2.420818805694580078e-01
2.445025444030761719e-01
2.448532581329345703e-01
2.423706054687500000e-01
2.424089908599853516e-01
5.361723899841308594e-02
2.545502185821533203e-01
2.541966438293457031e-01
2.457668781280517578e-01
2.454247474670410156e-01
2.460958957672119141e-01
2.479488849639892578e-01
2.381629943847656250e-01
2.386116981506347656e-01
2.386085987091064453e-01
2.380795478820800781e-01
2.376453876495361328e-01
2.407491207122802734e-01
2.432663440704345703e-01
2.409393787384033203e-01
2.433359622955322266e-01
2.430694103240966797e-01
2.433700561523437500e-01
2.434568405151367188e-01
2.432811260223388672e-01
2.465753555297851562e-01
2.384455204010009766e-01
2.426798343658447266e-01
2.477135658264160156e-01
5.456376075744628906e-02
2.577638626098632812e-01
2.501308917999267578e-01
2.449362277984619141e-01
2.454884052276611328e-01
2.421493530273437500e-01
2.399294376373291016e-01
2.414460182189941406e-01
2.430973052978515625e-01
2.433383464813232422e-01
2.405741214752197266e-01
2.406859397888183594e-01
2.434337139129638672e-01
2.432425022125244141e-01
2.457869052886962891e-01
2.429418563842773438e-01
2.431511878967285156e-01
2.408881187438964844e-01
2.410650253295898438e-01
2.445538043975830078e-01
2.410600185394287109e-01
2.386655807495117188e-01
2.400200366973876953e-01
2.401680946350097656e-01
5.270147323608398438e-02
2.563838958740234375e-01
2.535240650177001953e-01
2.456336021423339844e-01
2.470986843109130859e-01
2.474374771118164062e-01
2.436399459838867188e-01
2.433421611785888672e-01
2.434585094451904297e-01
2.435953617095947266e-01
2.438936233520507812e-01
2.434124946594238281e-01
2.434175014495849609e-01
2.430877685546875000e-01
2.434346675872802734e-01
2.432074546813964844e-01
2.432510852813720703e-01
2.432243824005126953e-01
2.434697151184082031e-01
2.454020977020263672e-01
2.454202175140380859e-01
2.434170246124267578e-01
2.432031631469726562e-01
2.433524131774902344e-01
5.238842964172363281e-02
2.564179897308349609e-01
2.547121047973632812e-01
2.500007152557373047e-01
2.469112873077392578e-01
2.470219135284423828e-01
2.470138072967529297e-01
2.436161041259765625e-01
2.434530258178710938e-01
2.431662082672119141e-01
2.432498931884765625e-01
2.436857223510742188e-01
2.457859516143798828e-01
2.493805885314941406e-01
2.445220947265625000e-01
2.442495822906494141e-01
2.470455169677734375e-01
2.492706775665283203e-01
2.485377788543701172e-01
2.478940486907958984e-01
2.408556938171386719e-01
2.400312423706054688e-01
2.431490421295166016e-01
2.405261993408203125e-01
5.284643173217773438e-02
2.558615207672119141e-01
2.480158805847167969e-01
2.429080009460449219e-01
2.409281730651855469e-01
2.415244579315185547e-01
2.410745620727539062e-01
2.432410717010498047e-01
2.360320091247558594e-01
2.432343959808349609e-01
2.360756397247314453e-01
2.387175559997558594e-01
2.432246208190917969e-01
2.410423755645751953e-01
2.409451007843017578e-01
2.413232326507568359e-01
2.415068149566650391e-01
2.411627769470214844e-01
2.434000968933105469e-01
2.431411743164062500e-01
2.410526275634765625e-01
2.413132190704345703e-01
2.406821250915527344e-01
2.433264255523681641e-01
5.290150642395019531e-02
2.563097476959228516e-01
2.512884140014648438e-01
2.464663982391357422e-01
2.444140911102294922e-01
2.407171726226806641e-01
2.387111186981201172e-01
2.389211654663085938e-01
2.387945652008056641e-01
2.385761737823486328e-01
2.384178638458251953e-01
2.383632659912109375e-01
2.390058040618896484e-01
2.390553951263427734e-01
2.411317825317382812e-01
2.404232025146484375e-01
2.410247325897216797e-01
2.410407066345214844e-01
2.406511306762695312e-01
2.407715320587158203e-01
2.408204078674316406e-01
2.404603958129882812e-01
2.409040927886962891e-01
2.408006191253662109e-01
5.272626876831054688e-02
2.585418224334716797e-01
2.525613307952880859e-01
2.491352558135986328e-01
2.485723495483398438e-01
2.469661235809326172e-01
2.458806037902832031e-01
2.448346614837646484e-01
2.442784309387207031e-01
2.443370819091796875e-01
2.449588775634765625e-01
2.446038722991943359e-01
2.445669174194335938e-01
2.446720600128173828e-01
2.446365356445312500e-01
2.447600364685058594e-01
2.443611621856689453e-01
2.442951202392578125e-01
2.441792488098144531e-01
2.446925640106201172e-01
2.472014427185058594e-01
2.456264495849609375e-01
2.450106143951416016e-01
2.446491718292236328e-01
5.386900901794433594e-02
2.587056159973144531e-01
2.457356452941894531e-01
2.487866878509521484e-01
2.437674999237060547e-01
2.431108951568603516e-01
2.452874183654785156e-01
2.454073429107666016e-01
2.458119392395019531e-01
2.385203838348388672e-01
2.403910160064697266e-01
2.433733940124511719e-01
2.459397315979003906e-01
2.457849979400634766e-01
2.455425262451171875e-01
2.455253601074218750e-01
2.448580265045166016e-01
2.453575134277343750e-01
2.459666728973388672e-01
2.456872463226318359e-01
2.386026382446289062e-01
2.457044124603271484e-01
2.422864437103271484e-01
2.454426288604736328e-01
5.446028709411621094e-02
2.512762546539306641e-01
2.534363269805908203e-01
2.477064132690429688e-01
2.484624385833740234e-01
2.475588321685791016e-01
2.483017444610595703e-01
2.437100410461425781e-01
2.432107925415039062e-01
2.453925609588623047e-01
2.383792400360107422e-01
2.456264495849609375e-01
2.456834316253662109e-01
2.363872528076171875e-01
2.384788990020751953e-01
2.406396865844726562e-01
2.405626773834228516e-01
2.425594329833984375e-01
2.431461811065673828e-01
2.432608604431152344e-01
2.431378364562988281e-01
2.407472133636474609e-01
2.421393394470214844e-01
2.383956909179687500e-01
5.370044708251953125e-02
2.574532032012939453e-01
2.530779838562011719e-01
2.521181106567382812e-01
2.484574317932128906e-01
2.476153373718261719e-01
2.481129169464111328e-01
2.478396892547607422e-01
2.477476596832275391e-01
2.482008934020996094e-01
2.470314502716064453e-01
2.465114593505859375e-01
2.479002475738525391e-01
2.473149299621582031e-01
2.479324340820312500e-01
2.474508285522460938e-01
2.476418018341064453e-01
2.477622032165527344e-01
2.471742630004882812e-01
2.483015060424804688e-01
2.474079132080078125e-01
2.476389408111572266e-01
2.473194599151611328e-01
2.472820281982421875e-01
5.695605278015136719e-02
2.594020366668701172e-01
2.532813549041748047e-01
2.464714050292968750e-01
2.445571422576904297e-01
2.446126937866210938e-01
2.444889545440673828e-01
2.449092864990234375e-01
2.450082302093505859e-01
2.445514202117919922e-01
2.446932792663574219e-01
2.447841167449951172e-01
2.449476718902587891e-01
2.448897361755371094e-01
2.442770004272460938e-01
2.440562248229980469e-01
2.444393634796142578e-01
2.451317310333251953e-01
2.443704605102539062e-01
2.444903850555419922e-01
2.445492744445800781e-01
2.442991733551025391e-01
2.445359230041503906e-01
2.445688247680664062e-01
5.510330200195312500e-02
2.554764747619628906e-01
2.531549930572509766e-01
2.519929409027099609e-01
2.522404193878173828e-01
2.518115043640136719e-01
2.514832019805908203e-01
2.515673637390136719e-01
2.518146038055419922e-01
2.519052028656005859e-01
2.516863346099853516e-01
2.520079612731933594e-01
2.515418529510498047e-01
2.517068386077880859e-01
2.512836456298828125e-01
2.518937587738037109e-01
2.517187595367431641e-01
2.515745162963867188e-01
2.517039775848388672e-01
2.517433166503906250e-01
2.516059875488281250e-01
2.516129016876220703e-01
2.517683506011962891e-01
2.483680248260498047e-01
5.722928047180175781e-02
2.586083412170410156e-01
2.532444000244140625e-01
2.517583370208740234e-01
2.486040592193603516e-01
2.496478557586669922e-01
2.477607727050781250e-01
2.478926181793212891e-01
2.476177215576171875e-01
2.472758293151855469e-01
2.480840682983398438e-01
2.480905055999755859e-01
2.479317188262939453e-01
2.476241588592529297e-01
2.478849887847900391e-01
2.481694221496582031e-01
2.481324672698974609e-01
2.481100559234619141e-01
2.481665611267089844e-01
2.483978271484375000e-01
2.493519783020019531e-01
2.480521202087402344e-01
2.478418350219726562e-01
2.467603683471679688e-01
5.739998817443847656e-02
2.585501670837402344e-01
2.482447624206542969e-01
2.463488578796386719e-01
2.437274456024169922e-01
2.438535690307617188e-01
2.428927421569824219e-01
2.434051036834716797e-01
2.432804107666015625e-01
2.438225746154785156e-01
2.435286045074462891e-01
2.455387115478515625e-01
2.443087100982666016e-01
2.373096942901611328e-01
2.398817539215087891e-01
2.451989650726318359e-01
2.479963302612304688e-01
2.501101493835449219e-01
2.524125576019287109e-01
2.505209445953369141e-01
2.521460056304931641e-01
2.510063648223876953e-01
2.508320808410644531e-01
2.503311634063720703e-01
5.582809448242187500e-02
2.566819190979003906e-01
2.503087520599365234e-01
2.474586963653564453e-01
2.479107379913330078e-01
2.460782527923583984e-01
2.461967468261718750e-01
2.463042736053466797e-01
2.468361854553222656e-01
2.455749511718750000e-01
2.457008361816406250e-01
2.462134361267089844e-01
2.459263801574707031e-01
2.459013462066650391e-01
2.462582588195800781e-01
2.463243007659912109e-01
2.462937831878662109e-01
2.462944984436035156e-01
2.464551925659179688e-01
2.469327449798583984e-01
2.463011741638183594e-01
2.456657886505126953e-01
2.457087039947509766e-01
2.463915348052978516e-01
5.691981315612792969e-02
2.600383758544921875e-01
2.544460296630859375e-01
2.475495338439941406e-01
2.473468780517578125e-01
2.479634284973144531e-01
2.470653057098388672e-01
2.469644546508789062e-01
2.467625141143798828e-01
2.465355396270751953e-01
2.469472885131835938e-01
2.467436790466308594e-01
2.475934028625488281e-01
2.469608783721923828e-01
2.469558715820312500e-01
2.470970153808593750e-01
2.469794750213623047e-01
2.464778423309326172e-01
2.464003562927246094e-01
2.464561462402343750e-01
2.470450401306152344e-01
2.508268356323242188e-01
2.488050460815429688e-01
2.492120265960693359e-01
5.732774734497070312e-02
2.551305294036865234e-01
2.497398853302001953e-01
2.457318305969238281e-01
2.462067604064941406e-01
2.465467453002929688e-01
2.461066246032714844e-01
2.459416389465332031e-01
2.465837001800537109e-01
2.448134422302246094e-01
2.450897693634033203e-01
2.440428733825683594e-01
2.453372478485107422e-01
2.451050281524658203e-01
2.458288669586181641e-01
2.461762428283691406e-01
2.465665340423583984e-01
2.460110187530517578e-01
2.459936141967773438e-01
2.461063861846923828e-01
2.461104393005371094e-01
2.457950115203857422e-01
2.453444004058837891e-01
2.464885711669921875e-01
5.551886558532714844e-02
2.562160491943359375e-01
2.529385089874267578e-01
2.486226558685302734e-01
2.474899291992187500e-01
2.472112178802490234e-01
2.473371028900146484e-01
2.463583946228027344e-01
2.461087703704833984e-01
2.465012073516845703e-01
2.462797164916992188e-01
2.479345798492431641e-01
2.474703788757324219e-01
2.466120719909667969e-01
2.459540367126464844e-01
2.458457946777343750e-01
2.457091808319091797e-01
2.464551925659179688e-01
2.464869022369384766e-01
2.462298870086669922e-01
2.466006278991699219e-01
2.461841106414794922e-01
2.462549209594726562e-01
2.466895580291748047e-01
5.653810501098632812e-02
2.540729045867919922e-01
2.497544288635253906e-01
2.475504875183105469e-01
2.478423118591308594e-01
2.479095458984375000e-01
2.477843761444091797e-01
2.462687492370605469e-01
2.460861206054687500e-01
2.462165355682373047e-01
2.460663318634033203e-01
2.463493347167968750e-01
2.461786270141601562e-01
1.871886253356933594e-01
1.696150302886962891e-01
1.508591175079345703e-01
2.123291492462158203e-01
2.351746559143066406e-01
2.400074005126953125e-01
2.424156665802001953e-01
2.429111003875732422e-01
2.445743083953857422e-01
2.447257041931152344e-01
2.446181774139404297e-01
7.551836967468261719e-02
2.552990913391113281e-01
2.506396770477294922e-01
2.456495761871337891e-01
2.435171604156494141e-01
2.435076236724853516e-01
2.434005737304687500e-01
2.437038421630859375e-01
2.432558536529541016e-01
2.434818744659423828e-01
2.437765598297119141e-01
2.428362369537353516e-01
2.437107563018798828e-01
2.438678741455078125e-01
2.459077835083007812e-01
2.459566593170166016e-01
2.459325790405273438e-01
2.440707683563232422e-01
2.434613704681396484e-01
2.430226802825927734e-01
2.435193061828613281e-01
2.434880733489990234e-01
2.433385848999023438e-01
2.436888217926025391e-01
5.384325981140136719e-02
2.547330856323242188e-01
2.544972896575927734e-01
2.455089092254638672e-01
2.457041740417480469e-01
2.455179691314697266e-01
2.456130981445312500e-01
2.453799247741699219e-01
2.452118396759033203e-01
2.441108226776123047e-01
2.447159290313720703e-01
2.447290420532226562e-01
2.448024749755859375e-01
2.443933486938476562e-01
2.428314685821533203e-01
2.410521507263183594e-01
2.437212467193603516e-01
2.429056167602539062e-01
2.435550689697265625e-01
2.462296485900878906e-01
2.459039688110351562e-01
2.471539974212646484e-01
2.445063591003417969e-01
2.465848922729492188e-01
5.486202239990234375e-02
2.564783096313476562e-01
2.496628761291503906e-01
2.481396198272705078e-01
2.470796108245849609e-01
2.469017505645751953e-01
2.470841407775878906e-01
2.462835311889648438e-01
2.467155456542968750e-01
2.453703880310058594e-01
2.457809448242187500e-01
2.472043037414550781e-01
2.475080490112304688e-01
2.471256256103515625e-01
2.460622787475585938e-01
2.464478015899658203e-01
2.461359500885009766e-01
2.471361160278320312e-01
2.480216026306152344e-01
2.461755275726318359e-01
2.473216056823730469e-01
2.463023662567138672e-01
2.463240623474121094e-01
2.465140819549560547e-01
5.617237091064453125e-02
2.566139698028564453e-01
2.527437210083007812e-01
2.489047050476074219e-01
2.473659515380859375e-01
2.476568222045898438e-01
2.462534904479980469e-01
2.464497089385986328e-01
2.467100620269775391e-01
2.461087703704833984e-01
2.466874122619628906e-01
2.460284233093261719e-01
2.463519573211669922e-01
2.458698749542236328e-01
2.460942268371582031e-01
2.466447353363037109e-01
2.464215755462646484e-01
2.463135719299316406e-01
2.463669776916503906e-01
2.460339069366455078e-01
2.458095550537109375e-01
2.460165023803710938e-01
2.461912631988525391e-01
2.459208965301513672e-01
5.595254898071289062e-02
2.557966709136962891e-01
2.500360012054443359e-01
2.468621730804443359e-01
2.447006702423095703e-01
2.458283901214599609e-01
2.455525398254394531e-01
2.462878227233886719e-01
2.461395263671875000e-01
2.461273670196533203e-01
2.463729381561279297e-01
2.455604076385498047e-01
2.453467845916748047e-01
1.896162033081054688e-01
1.740782260894775391e-01
1.534142494201660156e-01
2.070314884185791016e-01
2.286314964294433594e-01
2.262804508209228516e-01
2.396383285522460938e-01
2.389345169067382812e-01
2.404100894927978516e-01
2.410850524902343750e-01
2.434008121490478516e-01
7.295966148376464844e-02
2.588140964508056641e-01
2.550914287567138672e-01
2.554407119750976562e-01
2.549777030944824219e-01
2.552468776702880859e-01
2.551698684692382812e-01
2.531702518463134766e-01
2.522864341735839844e-01
2.552115917205810547e-01
2.527909278869628906e-01
2.515056133270263672e-01
2.454502582550048828e-01
2.452149391174316406e-01
2.453212738037109375e-01
2.479150295257568359e-01
2.433538436889648438e-01
2.430753707885742188e-01
2.429683208465576172e-01
2.430274486541748047e-01
2.433009147644042969e-01
2.428984642028808594e-01
2.431406974792480469e-01
2.432966232299804688e-01
5.480766296386718750e-02
2.554800510406494141e-01
2.500455379486083984e-01
2.476391792297363281e-01
2.448782920837402344e-01
2.447586059570312500e-01
2.442159652709960938e-01
2.449331283569335938e-01
2.468068599700927734e-01
2.466685771942138672e-01
2.466886043548583984e-01
2.468395233154296875e-01
2.466275691986083984e-01
2.463009357452392578e-01
2.469496726989746094e-01
2.465894222259521484e-01
2.463283538818359375e-01
2.465727329254150391e-01
2.468049526214599609e-01
2.466647624969482422e-01
2.468266487121582031e-01
2.464859485626220703e-01
2.470557689666748047e-01
2.464740276336669922e-01
5.497670173645019531e-02
2.554469108581542969e-01
2.503247261047363281e-01
2.467279434204101562e-01
2.467861175537109375e-01
2.470951080322265625e-01
2.464833259582519531e-01
2.469563484191894531e-01
2.460944652557373047e-01
2.460196018218994141e-01
2.459094524383544922e-01
2.465353012084960938e-01
2.463133335113525391e-01
2.466874122619628906e-01
2.459082603454589844e-01
2.462327480316162109e-01
2.461545467376708984e-01
2.464923858642578125e-01
2.462830543518066406e-01
2.457747459411621094e-01
2.460062503814697266e-01
2.457728385925292969e-01
2.462995052337646484e-01
2.460711002349853516e-01
5.580472946166992188e-02
2.562601566314697266e-01
2.497441768646240234e-01
2.465550899505615234e-01
2.463870048522949219e-01
2.462313175201416016e-01
2.463600635528564453e-01
2.457075119018554688e-01
2.459552288055419922e-01
2.461557388305664062e-01
2.457258701324462891e-01
2.461166381835937500e-01
2.456777095794677734e-01
2.457473278045654297e-01
2.459323406219482422e-01
2.460305690765380859e-01
2.459254264831542969e-01
2.456936836242675781e-01
2.457857131958007812e-01
2.457904815673828125e-01
2.460808753967285156e-01
2.459690570831298828e-01
2.460815906524658203e-01
2.460913658142089844e-01
5.605053901672363281e-02
2.546548843383789062e-01
2.518253326416015625e-01
2.516827583312988281e-01
2.487497329711914062e-01
2.480273246765136719e-01
2.472674846649169922e-01
2.463352680206298828e-01
2.454273700714111328e-01
2.463562488555908203e-01
2.469007968902587891e-01
2.462756633758544922e-01
2.467789649963378906e-01
2.307238578796386719e-01
2.105944156646728516e-01
1.844551563262939453e-01
1.536502838134765625e-01
1.718459129333496094e-01
2.317130565643310547e-01
2.495231628417968750e-01
2.509076595306396484e-01
2.463672161102294922e-01
2.447245121002197266e-01
2.420170307159423828e-01
8.922576904296875000e-02
2.600407600402832031e-01
2.482430934906005859e-01
2.430694103240966797e-01
2.428100109100341797e-01
2.432062625885009766e-01
2.431685924530029297e-01
2.426452636718750000e-01
2.455136775970458984e-01
2.434363365173339844e-01
2.444336414337158203e-01
2.398126125335693359e-01
2.447321414947509766e-01
2.422864437103271484e-01
2.422921657562255859e-01
2.433979511260986328e-01
2.433607578277587891e-01
2.456216812133789062e-01
2.432644367218017578e-01
2.432041168212890625e-01
2.422173023223876953e-01
2.433192729949951172e-01
2.435185909271240234e-01
2.429466247558593750e-01
5.152702331542968750e-02
2.586839199066162109e-01
2.521002292633056641e-01
2.487750053405761719e-01
2.486104965209960938e-01
2.485613822937011719e-01
2.474458217620849609e-01
2.475867271423339844e-01
2.475697994232177734e-01
2.486925125122070312e-01
2.482843399047851562e-01
2.482852935791015625e-01
2.486610412597656250e-01
2.486436367034912109e-01
2.497081756591796875e-01
2.479732036590576172e-01
2.485427856445312500e-01
2.482221126556396484e-01
2.478094100952148438e-01
2.475872039794921875e-01
2.494363784790039062e-01
2.465972900390625000e-01
2.445058822631835938e-01
2.448098659515380859e-01
5.166244506835937500e-02
2.569139003753662109e-01
2.523365020751953125e-01
2.517714500427246094e-01
2.517335414886474609e-01
2.514326572418212891e-01
2.515971660614013672e-01
2.514171600341796875e-01
2.512354850769042969e-01
2.514989376068115234e-01
2.514238357543945312e-01
2.515306472778320312e-01
2.516715526580810547e-01
2.515678405761718750e-01
2.522699832916259766e-01
2.477004528045654297e-01
2.499759197235107422e-01
2.506353855133056641e-01
2.519896030426025391e-01
2.512645721435546875e-01
2.512242794036865234e-01
2.512345314025878906e-01
2.513098716735839844e-01
2.521743774414062500e-01
5.990862846374511719e-02
2.605819702148437500e-01
2.539968490600585938e-01
2.497467994689941406e-01
2.478861808776855469e-01
2.462048530578613281e-01
2.466731071472167969e-01
2.463645935058593750e-01
2.468507289886474609e-01
2.469084262847900391e-01
2.451119422912597656e-01
2.449383735656738281e-01
2.464551925659179688e-01
2.452862262725830078e-01
2.456731796264648438e-01
2.486476898193359375e-01
2.466068267822265625e-01
2.452161312103271484e-01
2.453856468200683594e-01
2.451789379119873047e-01
2.457945346832275391e-01
2.452030181884765625e-01
2.452018260955810547e-01
2.451047897338867188e-01
5.363249778747558594e-02
2.605583667755126953e-01
2.502794265747070312e-01
2.493052482604980469e-01
2.478160858154296875e-01
2.431058883666992188e-01
2.434301376342773438e-01
2.434048652648925781e-01
2.432830333709716797e-01
2.433559894561767578e-01
2.430884838104248047e-01
2.429337501525878906e-01
2.437119483947753906e-01
2.153913974761962891e-01
2.336170673370361328e-01
2.361967563629150391e-01
2.480709552764892578e-01
2.476568222045898438e-01
2.468812465667724609e-01
2.448391914367675781e-01
2.471354007720947266e-01
2.472305297851562500e-01
2.470884323120117188e-01
2.470362186431884766e-01
5.461120605468750000e-02
2.559936046600341797e-01
2.533643245697021484e-01
2.521090507507324219e-01
2.522001266479492188e-01
2.522118091583251953e-01
2.516825199127197266e-01
2.517714500427246094e-01
2.515447139739990234e-01
2.523605823516845703e-01
2.519888877868652344e-01
2.519037723541259766e-01
2.517297267913818359e-01
2.516908645629882812e-01
2.489612102508544922e-01
2.496154308319091797e-01
2.490131855010986328e-01
2.473583221435546875e-01
2.476329803466796875e-01
2.481019496917724609e-01
2.479672431945800781e-01
2.465448379516601562e-01
2.461433410644531250e-01
2.469742298126220703e-01
5.588126182556152344e-02
2.578368186950683594e-01
2.536470890045166016e-01
2.516794204711914062e-01
2.519462108612060547e-01
2.518875598907470703e-01
2.519822120666503906e-01
2.517414093017578125e-01
2.518582344055175781e-01
2.527465820312500000e-01
2.522306442260742188e-01
2.522983551025390625e-01
2.519922256469726562e-01
2.475435733795166016e-01
2.455048561096191406e-01
2.451505661010742188e-01
2.451593875885009766e-01
2.455193996429443359e-01
2.453444004058837891e-01
2.452018260955810547e-01
2.451269626617431641e-01
2.451517581939697266e-01
2.455472946166992188e-01
2.453181743621826172e-01
5.477762222290039062e-02
2.572865486145019531e-01
2.515375614166259766e-01
2.448601722717285156e-01
2.435224056243896484e-01
2.437474727630615234e-01
2.431399822235107422e-01
2.424640655517578125e-01
2.422873973846435547e-01
2.426505088806152344e-01
2.422890663146972656e-01
2.448012828826904297e-01
2.389492988586425781e-01
2.349259853363037109e-01
2.301423549652099609e-01
2.284493446350097656e-01
2.391252517700195312e-01
2.350735664367675781e-01
2.388298511505126953e-01
2.381176948547363281e-01
2.401299476623535156e-01
2.419786453247070312e-01
2.425129413604736328e-01
1.909492015838623047e-01
4.357314109802246094e-02
2.569491863250732422e-01
2.576303482055664062e-01
2.494516372680664062e-01
2.443006038665771484e-01
2.443172931671142578e-01
2.446599006652832031e-01
2.448086738586425781e-01
2.451608180999755859e-01
2.443029880523681641e-01
2.446861267089843750e-01
2.450542449951171875e-01
2.459578514099121094e-01
2.457532882690429688e-01
2.449483871459960938e-01
2.420051097869873047e-01
2.432425022125244141e-01
2.433874607086181641e-01
2.426195144653320312e-01
2.434144020080566406e-01
2.435865402221679688e-01
2.434213161468505859e-01
2.429699897766113281e-01
2.434637546539306641e-01
5.243158340454101562e-02
2.595713138580322266e-01
2.477884292602539062e-01
2.456686496734619141e-01
2.435436248779296875e-01
2.435150146484375000e-01
2.434310913085937500e-01
2.427194118499755859e-01
2.423229217529296875e-01
2.425355911254882812e-01
2.426114082336425781e-01
2.425251007080078125e-01
2.423243522644042969e-01
2.403032779693603516e-01
2.454817295074462891e-01
2.451119422912597656e-01
2.454154491424560547e-01
2.456045150756835938e-01
2.455601692199707031e-01
2.449524402618408203e-01
2.454338073730468750e-01
2.458174228668212891e-01
2.455623149871826172e-01
1.910865306854248047e-01
4.578351974487304688e-02
2.585999965667724609e-01
2.531819343566894531e-01
2.456922531127929688e-01
2.455928325653076172e-01
2.455587387084960938e-01
2.458102703094482422e-01
2.459464073181152344e-01
2.448832988739013672e-01
2.503781318664550781e-01
2.509319782257080078e-01
2.505853176116943359e-01
2.502994537353515625e-01
2.506337165832519531e-01
2.440845966339111328e-01
2.429442405700683594e-01
2.457027435302734375e-01
2.379994392395019531e-01
2.405138015747070312e-01
2.404386997222900391e-01
2.408492565155029297e-01
2.410707473754882812e-01
2.387449741363525391e-01
2.404963970184326172e-01
5.086088180541992188e-02
2.554430961608886719e-01
2.555651664733886719e-01
2.535328865051269531e-01
2.499432563781738281e-01
2.487800121307373047e-01
2.472052574157714844e-01
2.473049163818359375e-01
2.485775947570800781e-01
2.501697540283203125e-01
2.493026256561279297e-01
2.495982646942138672e-01
2.530481815338134766e-01
2.515199184417724609e-01
2.516062259674072266e-01
2.520051002502441406e-01
2.482817173004150391e-01
2.460606098175048828e-01
2.458550930023193359e-01
2.435486316680908203e-01
2.434880733489990234e-01
2.436921596527099609e-01
2.436113357543945312e-01
2.435691356658935547e-01
5.483937263488769531e-02
2.567873001098632812e-01
2.516422271728515625e-01
2.450063228607177734e-01
2.428317070007324219e-01
2.424397468566894531e-01
2.420802116394042969e-01
2.427275180816650391e-01
2.409255504608154297e-01
2.336325645446777344e-01
2.410428524017333984e-01
2.406339645385742188e-01
2.407686710357666016e-01
2.408077716827392578e-01
2.411434650421142578e-01
2.411706447601318359e-01
2.409582138061523438e-01
2.407341003417968750e-01
2.407944202423095703e-01
2.388508319854736328e-01
2.408442497253417969e-01
2.406175136566162109e-01
2.408151626586914062e-01
2.408461570739746094e-01
5.119609832763671875e-02
2.569749355316162109e-01
2.515931129455566406e-01
2.444829940795898438e-01
2.423431873321533203e-01
2.421755790710449219e-01
2.427535057067871094e-01
2.424013614654541016e-01
2.420642375946044922e-01
2.422769069671630859e-01
2.424178123474121094e-01
2.423663139343261719e-01
2.424809932708740234e-01
2.424092292785644531e-01
2.425575256347656250e-01
2.419121265411376953e-01
2.421963214874267578e-01
2.427122592926025391e-01
2.424101829528808594e-01
2.420563697814941406e-01
2.423441410064697266e-01
2.424890995025634766e-01
2.423701286315917969e-01
2.424862384796142578e-01
5.142426490783691406e-02
2.579550743103027344e-01
2.578120231628417969e-01
2.515192031860351562e-01
2.431337833404541016e-01
2.423088550567626953e-01
2.443177700042724609e-01
2.467870712280273438e-01
2.422459125518798828e-01
2.423613071441650391e-01
2.424073219299316406e-01
2.423844337463378906e-01
2.419769763946533203e-01
2.382843494415283203e-01
2.421112060546875000e-01
2.446324825286865234e-01
2.433547973632812500e-01
2.408633232116699219e-01
2.420866489410400391e-01
2.441384792327880859e-01
2.450790405273437500e-01
2.448186874389648438e-01
2.442674636840820312e-01
2.445430755615234375e-01
5.458688735961914062e-02
2.559592723846435547e-01
2.520372867584228516e-01
2.526345252990722656e-01
2.490394115447998047e-01
2.479109764099121094e-01
2.467651367187500000e-01
2.492468357086181641e-01
2.495014667510986328e-01
2.473623752593994141e-01
2.475237846374511719e-01
2.472162246704101562e-01
2.476453781127929688e-01
2.472629547119140625e-01
2.472486495971679688e-01
2.479834556579589844e-01
2.473964691162109375e-01
2.474658489227294922e-01
2.477915287017822266e-01
2.480220794677734375e-01
2.494077682495117188e-01
2.491648197174072266e-01
2.482845783233642578e-01
2.494616508483886719e-01
5.725455284118652344e-02
2.567656040191650391e-01
2.528483867645263672e-01
2.521464824676513672e-01
2.519671916961669922e-01
2.520024776458740234e-01
2.521476745605468750e-01
2.515594959259033203e-01
2.514607906341552734e-01
2.515807151794433594e-01
2.519907951354980469e-01
2.517094612121582031e-01
2.521455287933349609e-01
2.520008087158203125e-01
2.520213127136230469e-01
2.515561580657958984e-01
2.518222332000732422e-01
2.482745647430419922e-01
2.487697601318359375e-01
2.478585243225097656e-01
2.474656105041503906e-01
2.474284172058105469e-01
2.476139068603515625e-01
2.479097843170166016e-01
5.693554878234863281e-02
2.598216533660888672e-01
2.561326026916503906e-01
2.455117702484130859e-01
2.407560348510742188e-01
2.409005165100097656e-01
2.406752109527587891e-01
2.408478260040283203e-01
2.410962581634521484e-01
2.407891750335693359e-01
2.408599853515625000e-01
2.405261993408203125e-01
2.410070896148681641e-01
2.410650253295898438e-01
2.410941123962402344e-01
2.407014369964599609e-01
2.404348850250244141e-01
2.408928871154785156e-01
2.408802509307861328e-01
2.411286830902099609e-01
2.431149482727050781e-01
2.358632087707519531e-01
2.362513542175292969e-01
2.359011173248291016e-01
5.115723609924316406e-02
2.589912414550781250e-01
2.562210559844970703e-01
2.522931098937988281e-01
2.477390766143798828e-01
2.435724735260009766e-01
2.410507202148437500e-01
2.405428886413574219e-01
2.386231422424316406e-01
2.406232357025146484e-01
2.410709857940673828e-01
2.433419227600097656e-01
2.425329685211181641e-01
2.431082725524902344e-01
2.432057857513427734e-01
2.429597377777099609e-01
2.410984039306640625e-01
2.411677837371826172e-01
2.406468391418457031e-01
2.407796382904052734e-01
2.408657073974609375e-01
2.427506446838378906e-01
2.424128055572509766e-01
2.424757480621337891e-01
5.273222923278808594e-02
2.597231864929199219e-01
2.493586540222167969e-01
2.479767799377441406e-01
2.457904815673828125e-01
2.432186603546142578e-01
2.433843612670898438e-01
2.409510612487792969e-01
2.408144474029541016e-01
2.409176826477050781e-01
2.406835556030273438e-01
2.406988143920898438e-01
2.405989170074462891e-01
2.433540821075439453e-01
2.513637542724609375e-01
2.485513687133789062e-01
2.472579479217529297e-01
2.466974258422851562e-01
2.481160163879394531e-01
2.485857009887695312e-01
2.490167617797851562e-01
2.496056556701660156e-01
2.489593029022216797e-01
1.967573165893554688e-01
4.938793182373046875e-02
2.565906047821044922e-01
2.481122016906738281e-01
2.457449436187744141e-01
2.410519123077392578e-01
2.407896518707275391e-01
2.411489486694335938e-01
2.434470653533935547e-01
2.434363365173339844e-01
2.408111095428466797e-01
2.407507896423339844e-01
2.409079074859619141e-01
2.434816360473632812e-01
2.428152561187744141e-01
2.430512905120849609e-01
2.434618473052978516e-01
2.411034107208251953e-01
2.410535812377929688e-01
2.411956787109375000e-01
2.409441471099853516e-01
2.408256530761718750e-01
2.408461570739746094e-01
2.409689426422119141e-01
2.409675121307373047e-01
5.277824401855468750e-02
2.602460384368896484e-01
2.505152225494384766e-01
2.436065673828125000e-01
2.432391643524169922e-01
2.435746192932128906e-01
2.434616088867187500e-01
2.431919574737548828e-01
2.447402477264404297e-01
2.407622337341308594e-01
2.409384250640869141e-01
2.429385185241699219e-01
2.429170608520507812e-01
2.428555488586425781e-01
2.434663772583007812e-01
2.431244850158691406e-01
2.426528930664062500e-01
2.432849407196044922e-01
2.429318428039550781e-01
2.423365116119384766e-01
2.421467304229736328e-01
2.417285442352294922e-01
2.422525882720947266e-01
2.419130802154541016e-01
5.165100097656250000e-02
2.574210166931152344e-01
2.518835067749023438e-01
2.469410896301269531e-01
2.422497272491455078e-01
2.422831058502197266e-01
2.427120208740234375e-01
2.427384853363037109e-01
2.427837848663330078e-01
2.423162460327148438e-01
2.423470020294189453e-01
2.424948215484619141e-01
2.406065464019775391e-01
2.423634529113769531e-01
2.396721839904785156e-01
2.400386333465576172e-01
2.408747673034667969e-01
2.413768768310546875e-01
2.357282638549804688e-01
2.385551929473876953e-01
2.400200366973876953e-01
2.400648593902587891e-01
2.399003505706787109e-01
2.403399944305419922e-01
5.143570899963378906e-02
2.590105533599853516e-01
2.468929290771484375e-01
2.493271827697753906e-01
2.459452152252197266e-01
2.486555576324462891e-01
2.480375766754150391e-01
2.497689723968505859e-01
2.498664855957031250e-01
2.496607303619384766e-01
2.481234073638916016e-01
2.448725700378417969e-01
2.447409629821777344e-01
2.444219589233398438e-01
2.444534301757812500e-01
2.457699775695800781e-01
2.447915077209472656e-01
2.493598461151123047e-01
2.451148033142089844e-01
2.457830905914306641e-01
2.479531764984130859e-01
2.480380535125732422e-01
2.475147247314453125e-01
2.456517219543457031e-01
5.486440658569335938e-02
2.606420516967773438e-01
2.484753131866455078e-01
2.456817626953125000e-01
2.435879707336425781e-01
2.435474395751953125e-01
2.435767650604248047e-01
2.409234046936035156e-01
2.412860393524169922e-01
2.409477233886718750e-01
2.407741546630859375e-01
2.407755851745605469e-01
2.401387691497802734e-01
2.247481346130371094e-01
2.277336120605468750e-01
2.335894107818603516e-01
2.384512424468994141e-01
2.370569705963134766e-01
2.419788837432861328e-01
2.449121475219726562e-01
2.465093135833740234e-01
2.480320930480957031e-01
2.493736743927001953e-01
1.425156593322753906e-01
3.276300430297851562e-02
2.574181556701660156e-01
2.543859481811523438e-01
2.490477561950683594e-01
2.482399940490722656e-01
2.497005462646484375e-01
2.496356964111328125e-01
2.492544651031494141e-01
2.493455410003662109e-01
2.487192153930664062e-01
2.482881546020507812e-01
2.457995414733886719e-01
2.442853450775146484e-01
2.460100650787353516e-01
2.462108135223388672e-01
2.456753253936767578e-01
2.450842857360839844e-01
2.443933486938476562e-01
2.454717159271240234e-01
2.441506385803222656e-01
2.443354129791259766e-01
2.458992004394531250e-01
2.458865642547607422e-01
2.443628311157226562e-01
5.318069458007812500e-02
2.559349536895751953e-01
2.544367313385009766e-01
2.491898536682128906e-01
2.459299564361572266e-01
2.455410957336425781e-01
2.443859577178955078e-01
2.454471588134765625e-01
2.442214488983154297e-01
2.449784278869628906e-01
2.498497962951660156e-01
2.493302822113037109e-01
2.483508586883544922e-01
2.459263801574707031e-01
2.459497451782226562e-01
2.457599639892578125e-01
2.457084655761718750e-01
2.446525096893310547e-01
2.448153495788574219e-01
2.448809146881103516e-01
2.454993724822998047e-01
2.456233501434326172e-01
2.456700801849365234e-01
2.446162700653076172e-01
5.296945571899414062e-02
2.585456371307373047e-01
2.583525180816650391e-01
2.518956661224365234e-01
2.482502460479736328e-01
2.482285499572753906e-01
2.485508918762207031e-01
2.465593814849853516e-01
2.452151775360107422e-01
2.455189228057861328e-01
2.455332279205322266e-01
2.467083930969238281e-01
2.468638420104980469e-01
2.451646327972412109e-01
2.453296184539794922e-01
2.453184127807617188e-01
2.448639869689941406e-01
2.446897029876708984e-01
2.492690086364746094e-01
2.445521354675292969e-01
2.444050312042236328e-01
2.447507381439208984e-01
2.445671558380126953e-01
2.419250011444091797e-01
5.235838890075683594e-02
2.596919536590576172e-01
2.546024322509765625e-01
2.550671100616455078e-01
2.549235820770263672e-01
2.581198215484619141e-01
2.493238449096679688e-01
2.472679615020751953e-01
2.469882965087890625e-01
2.450804710388183594e-01
2.471208572387695312e-01
2.443430423736572266e-01
2.447249889373779297e-01
2.447648048400878906e-01
2.445745468139648438e-01
2.444245815277099609e-01
2.442476749420166016e-01
2.447757720947265625e-01
2.446360588073730469e-01
2.448110580444335938e-01
2.448627948760986328e-01
2.444982528686523438e-01
2.446081638336181641e-01
2.444703578948974609e-01
5.183863639831542969e-02
2.567949295043945312e-01
2.519538402557373047e-01
2.480688095092773438e-01
2.481713294982910156e-01
2.484307289123535156e-01
2.475678920745849609e-01
2.483811378479003906e-01
2.486498355865478516e-01
2.480204105377197266e-01
2.485187053680419922e-01
2.483813762664794922e-01
2.480089664459228516e-01
2.478005886077880859e-01
2.430672645568847656e-01
2.449338436126708984e-01
2.433769702911376953e-01
2.435185909271240234e-01
2.432730197906494141e-01
2.431087493896484375e-01
2.433285713195800781e-01
2.429785728454589844e-01
2.437374591827392578e-01
2.422757148742675781e-01
5.073213577270507812e-02
2.605564594268798828e-01
2.481591701507568359e-01
2.485520839691162109e-01
2.484781742095947266e-01
2.483785152435302734e-01
2.484667301177978516e-01
2.483592033386230469e-01
2.487616539001464844e-01
2.482142448425292969e-01
2.466435432434082031e-01
2.462043762207031250e-01
2.457416057586669922e-01
2.448625564575195312e-01
2.434272766113281250e-01
2.423508167266845703e-01
2.433805465698242188e-01
2.362871170043945312e-01
2.429134845733642578e-01
2.436206340789794922e-01
2.435276508331298828e-01
2.432875633239746094e-01
2.435467243194580078e-01
2.410948276519775391e-01
5.120539665222167969e-02
2.568366527557373047e-01
2.537965774536132812e-01
2.433490753173828125e-01
2.431943416595458984e-01
2.398505210876464844e-01
2.448201179504394531e-01
2.404284477233886719e-01
2.423031330108642578e-01
2.419452667236328125e-01
2.401804924011230469e-01
2.407610416412353516e-01
2.411525249481201172e-01
2.400867938995361328e-01
2.376480102539062500e-01
2.442038059234619141e-01
2.447376251220703125e-01
2.406921386718750000e-01
2.405996322631835938e-01
2.408092021942138672e-01
2.403855323791503906e-01
2.411184310913085938e-01
2.409067153930664062e-01
2.408335208892822266e-01
5.269694328308105469e-02
2.577488422393798828e-01
2.525324821472167969e-01
2.546293735504150391e-01
2.507276535034179688e-01
2.481486797332763672e-01
2.481179237365722656e-01
2.481520175933837891e-01
2.486770153045654297e-01
2.484552860260009766e-01
2.503170967102050781e-01
2.521603107452392578e-01
2.511317729949951172e-01
2.515447139739990234e-01
2.514019012451171875e-01
2.519896030426025391e-01
2.511327266693115234e-01
2.512042522430419922e-01
2.512836456298828125e-01
2.512495517730712891e-01
2.512795925140380859e-01
2.522015571594238281e-01
2.497584819793701172e-01
2.466883659362792969e-01
5.366754531860351562e-02
2.593464851379394531e-01
2.547891139984130859e-01
2.531042098999023438e-01
2.514913082122802734e-01
2.512724399566650391e-01
2.518787384033203125e-01
2.513504028320312500e-01
2.519237995147705078e-01
2.516093254089355469e-01
2.517554759979248047e-01
2.516286373138427734e-01
2.517900466918945312e-01
2.524850368499755859e-01
2.511198520660400391e-01
2.519011497497558594e-01
2.520081996917724609e-01
2.511656284332275391e-01
2.513937950134277344e-01
2.513649463653564453e-01
2.477247714996337891e-01
2.451221942901611328e-01
2.445650100708007812e-01
2.446753978729248047e-01
5.476093292236328125e-02
2.592349052429199219e-01
2.561280727386474609e-01
2.546224594116210938e-01
2.534387111663818359e-01
2.533893585205078125e-01
2.533681392669677734e-01
2.551784515380859375e-01
2.528381347656250000e-01
2.567629814147949219e-01
2.511417865753173828e-01
2.488224506378173828e-01
2.436168193817138672e-01
2.435119152069091797e-01
2.405426502227783203e-01
2.426838874816894531e-01
2.444519996643066406e-01
2.467093467712402344e-01
2.454824447631835938e-01
2.459361553192138672e-01
2.456698417663574219e-01
2.463293075561523438e-01
2.487626075744628906e-01
2.431476116180419922e-01
5.094933509826660156e-02
2.594230175018310547e-01
2.574133872985839844e-01
2.569675445556640625e-01
2.600498199462890625e-01
2.557179927825927734e-01
2.551076412200927734e-01
2.553060054779052734e-01
2.553272247314453125e-01
2.552688121795654297e-01
2.554585933685302734e-01
2.550039291381835938e-01
2.520656585693359375e-01
2.525491714477539062e-01
2.523076534271240234e-01
2.525308132171630859e-01
2.558157444000244141e-01
2.525513172149658203e-01
2.480666637420654297e-01
2.462172508239746094e-01
2.447125911712646484e-01
2.465181350708007812e-01
2.423295974731445312e-01
2.408263683319091797e-01
5.225586891174316406e-02
2.574019432067871094e-01
2.567114830017089844e-01
2.528605461120605469e-01
2.520520687103271484e-01
2.538411617279052734e-01
2.528393268585205078e-01
2.536532878875732422e-01
2.554295063018798828e-01
2.466506958007812500e-01
2.475986480712890625e-01
2.468032836914062500e-01
2.517547607421875000e-01
2.470753192901611328e-01
2.428421974182128906e-01
2.442946434020996094e-01
2.457010746002197266e-01
2.462003231048583984e-01
2.483813762664794922e-01
2.443637847900390625e-01
2.479054927825927734e-01
2.447774410247802734e-01
2.406594753265380859e-01
2.423877716064453125e-01
5.232048034667968750e-02
2.586705684661865234e-01
2.615067958831787109e-01
2.554256916046142578e-01
2.559008598327636719e-01
2.552862167358398438e-01
2.541434764862060547e-01
2.558293342590332031e-01
2.549128532409667969e-01
2.555234432220458984e-01
2.553224563598632812e-01
2.554402351379394531e-01
2.551887035369873047e-01
2.552344799041748047e-01
2.536230087280273438e-01
2.555062770843505859e-01
2.500786781311035156e-01
2.466607093811035156e-01
2.457642555236816406e-01
2.451183795928955078e-01
2.450928688049316406e-01
2.444541454315185547e-01
2.469086647033691406e-01
2.484254837036132812e-01
5.793690681457519531e-02
2.634508609771728516e-01
2.544553279876708984e-01
2.526760101318359375e-01
2.506809234619140625e-01
2.482969760894775391e-01
2.507157325744628906e-01
2.493519783020019531e-01
2.447676658630371094e-01
2.445797920227050781e-01
2.441797256469726562e-01
2.459313869476318359e-01
2.454602718353271484e-01
2.456014156341552734e-01
2.478566169738769531e-01
2.472589015960693359e-01
2.487037181854248047e-01
2.490758895874023438e-01
2.425377368927001953e-01
2.434225082397460938e-01
2.447986602783203125e-01
2.448198795318603516e-01
2.446486949920654297e-01
2.458710670471191406e-01
5.558538436889648438e-02
2.578840255737304688e-01
2.538456916809082031e-01
2.480075359344482422e-01
2.463014125823974609e-01
2.454264163970947266e-01
2.447531223297119141e-01
2.450215816497802734e-01
2.454075813293457031e-01
2.451732158660888672e-01
2.456643581390380859e-01
2.455198764801025391e-01
2.452704906463623047e-01
2.322349548339843750e-01
2.342467308044433594e-01
2.361109256744384766e-01
2.361280918121337891e-01
2.334885597229003906e-01
2.342169284820556641e-01
2.331287860870361328e-01
2.312886714935302734e-01
2.384488582611083984e-01
2.447369098663330078e-01
1.548006534576416016e-01
3.339576721191406250e-02
2.591311931610107422e-01
2.593929767608642578e-01
2.449314594268798828e-01
2.421274185180664062e-01
2.400343418121337891e-01
2.422971725463867188e-01
2.422306537628173828e-01
2.448046207427978516e-01
2.421026229858398438e-01
2.449676990509033203e-01
2.453379631042480469e-01
2.476272583007812500e-01
2.413933277130126953e-01
2.466874122619628906e-01
2.482039928436279297e-01
2.426166534423828125e-01
2.426714897155761719e-01
2.425079345703125000e-01
2.425959110260009766e-01
2.428154945373535156e-01
2.456932067871093750e-01
2.452683448791503906e-01
2.461528778076171875e-01
5.756688117980957031e-02
2.607362270355224609e-01
2.516357898712158203e-01
2.446210384368896484e-01
2.446072101593017578e-01
2.445266246795654297e-01
2.445662021636962891e-01
2.445850372314453125e-01
2.425038814544677734e-01
2.398624420166015625e-01
2.420527935028076172e-01
2.426035404205322266e-01
2.422015666961669922e-01
2.447690963745117188e-01
2.443976402282714844e-01
2.445328235626220703e-01
2.451572418212890625e-01
2.466037273406982422e-01
2.453012466430664062e-01
2.453043460845947266e-01
2.463634014129638672e-01
2.472412586212158203e-01
2.455856800079345703e-01
2.505502700805664062e-01
5.549144744873046875e-02
