2.073240280151367188e-02
1.525878906250000000e-02
9.273290634155273438e-03
9.141683578491210938e-03
8.972644805908203125e-03
8.965730667114257812e-03
2.040696144104003906e-02
1.338148117065429688e-02
6.905078887939453125e-03
8.952379226684570312e-03
8.924007415771484375e-03
8.934259414672851562e-03
1.757478713989257812e-02
1.417922973632812500e-02
1.587653160095214844e-02
1.540112495422363281e-02
1.621174812316894531e-02
1.541590690612792969e-02
1.670122146606445312e-02
7.872343063354492188e-03
8.067607879638671875e-03
1.144003868103027344e-02
1.243019104003906250e-02
8.180618286132812500e-03
1.721858978271484375e-02
1.446127891540527344e-02
1.476049423217773438e-02
7.471323013305664062e-03
2.065467834472656250e-02
1.346468925476074219e-02
7.210254669189453125e-03
6.931304931640625000e-03
6.934165954589843750e-03
8.264780044555664062e-03
1.557779312133789062e-02
1.503705978393554688e-02
2.118611335754394531e-02
1.985001564025878906e-02
2.029037475585937500e-02
1.443815231323242188e-02
1.512503623962402344e-02
1.202893257141113281e-02
2.110195159912109375e-02
1.985096931457519531e-02
1.457548141479492188e-02
1.569366455078125000e-02
1.204204559326171875e-02
1.073980331420898438e-02
2.165055274963378906e-02
2.032589912414550781e-02
2.032160758972167969e-02
2.022171020507812500e-02
2.028250694274902344e-02
2.033281326293945312e-02
2.176165580749511719e-02
8.771181106567382812e-03
2.065038681030273438e-02
2.039837837219238281e-02
2.038335800170898438e-02
2.028155326843261719e-02
1.876258850097656250e-02
1.607584953308105469e-02
1.627063751220703125e-02
1.845121383666992188e-02
2.065229415893554688e-02
1.611900329589843750e-02
2.069401741027832031e-02
1.935839653015136719e-02
1.888990402221679688e-02
1.907825469970703125e-02
1.923537254333496094e-02
1.904940605163574219e-02
2.199244499206542969e-02
2.024459838867187500e-02
1.921439170837402344e-02
1.900362968444824219e-02
1.701807975769042969e-02
1.685047149658203125e-02
2.094674110412597656e-02
1.918649673461914062e-02
1.710081100463867188e-02
1.697206497192382812e-02
1.807785034179687500e-02
7.430553436279296875e-03
2.073788642883300781e-02
2.033448219299316406e-02
2.034926414489746094e-02
2.025341987609863281e-02
2.030873298645019531e-02
2.026915550231933594e-02
1.897358894348144531e-02
2.021574974060058594e-02
1.450371742248535156e-02
1.500725746154785156e-02
1.210761070251464844e-02
1.148867607116699219e-02
2.057051658630371094e-02
2.036476135253906250e-02
2.033710479736328125e-02
2.034640312194824219e-02
2.034664154052734375e-02
2.026176452636718750e-02
2.099370956420898438e-02
2.048516273498535156e-02
1.981234550476074219e-02
2.022314071655273438e-02
2.031707763671875000e-02
2.028131484985351562e-02
2.171826362609863281e-02
2.038812637329101562e-02
2.039647102355957031e-02
9.496212005615234375e-03
2.282238006591796875e-02
2.296972274780273438e-02
2.280831336975097656e-02
2.274680137634277344e-02
2.350163459777832031e-02
2.099061012268066406e-02
2.083468437194824219e-02
2.048444747924804688e-02
1.762747764587402344e-02
1.635622978210449219e-02
1.624083518981933594e-02
2.059173583984375000e-02
2.060389518737792969e-02
1.473045349121093750e-02
2.127027511596679688e-02
1.463770866394042969e-02
1.449060440063476562e-02
1.523089408874511719e-02
1.224827766418457031e-02
1.069164276123046875e-02
2.188205718994140625e-02
1.925325393676757812e-02
1.919007301330566406e-02
1.892924308776855469e-02
1.898646354675292969e-02
1.702761650085449219e-02
2.193832397460937500e-02
9.400606155395507812e-03
1.952123641967773438e-02
1.711153984069824219e-02
1.697373390197753906e-02
1.700592041015625000e-02
2.095222473144531250e-02
1.929187774658203125e-02
1.926708221435546875e-02
1.710009574890136719e-02
1.668047904968261719e-02
1.680850982666015625e-02
2.044939994812011719e-02
1.334810256958007812e-02
1.023530960083007812e-02
1.018023490905761719e-02
9.821653366088867188e-03
7.054090499877929688e-03
1.807904243469238281e-02
1.638627052307128906e-02
1.084852218627929688e-02
6.937026977539062500e-03
9.265899658203125000e-03
9.208202362060546875e-03
1.892781257629394531e-02
1.308417320251464844e-02
7.019996643066406250e-03
7.080078125000000000e-03
9.976625442504882812e-03
8.035182952880859375e-03
1.898193359375000000e-02
1.311373710632324219e-02
1.075387001037597656e-02
1.075434684753417969e-02
1.069998741149902344e-02
1.126646995544433594e-02
1.872038841247558594e-02
1.531863212585449219e-02
1.175498962402343750e-02
1.154518127441406250e-02
1.066803932189941406e-02
1.074409484863281250e-02
1.664018630981445312e-02
1.620006561279296875e-02
1.431393623352050781e-02
1.476430892944335938e-02
1.488208770751953125e-02
1.488447189331054688e-02
1.902770996093750000e-02
1.293206214904785156e-02
9.790658950805664062e-03
1.053094863891601562e-02
1.071262359619140625e-02
1.052641868591308594e-02
1.875948905944824219e-02
1.311492919921875000e-02
1.078414916992187500e-02
6.272792816162109375e-03
1.841115951538085938e-02
1.629161834716796875e-02
1.894688606262207031e-02
1.288986206054687500e-02
1.059985160827636719e-02
1.055288314819335938e-02
1.043200492858886719e-02
1.016807556152343750e-02
1.884078979492187500e-02
1.274275779724121094e-02
1.175189018249511719e-02
1.068568229675292969e-02
1.067090034484863281e-02
1.076245307922363281e-02
1.578283309936523438e-02
1.326084136962890625e-02
1.340079307556152344e-02
1.315450668334960938e-02
1.332306861877441406e-02
1.339387893676757812e-02
2.256107330322265625e-02
2.247786521911621094e-02
2.245497703552246094e-02
2.250528335571289062e-02
2.258038520812988281e-02
2.246427536010742188e-02
2.276206016540527344e-02
1.053261756896972656e-02
2.113366127014160156e-02
2.025914192199707031e-02
1.881337165832519531e-02
1.826095581054687500e-02
2.248692512512207031e-02
2.259016036987304688e-02
2.252173423767089844e-02
2.235579490661621094e-02
2.251434326171875000e-02
2.177000045776367188e-02
2.272439002990722656e-02
2.247858047485351562e-02
2.243137359619140625e-02
2.233743667602539062e-02
2.232217788696289062e-02
2.263617515563964844e-02
1.626849174499511719e-02
1.700401306152343750e-02
1.696681976318359375e-02
1.019930839538574219e-02
6.836414337158203125e-03
6.808042526245117188e-03
2.252912521362304688e-02
2.259707450866699219e-02
2.150917053222656250e-02
1.920604705810546875e-02
1.814222335815429688e-02
6.751537322998046875e-03
2.248311042785644531e-02
2.251338958740234375e-02
2.244520187377929688e-02
2.250838279724121094e-02
2.276015281677246094e-02
2.247738838195800781e-02
2.328538894653320312e-02
2.235913276672363281e-02
1.753783226013183594e-02
1.736593246459960938e-02
1.607632637023925781e-02
1.538538932800292969e-02
2.114248275756835938e-02
2.151799201965332031e-02
2.145385742187500000e-02
2.130413055419921875e-02
2.147030830383300781e-02
2.146029472351074219e-02
1.899552345275878906e-02
1.725864410400390625e-02
1.710653305053710938e-02
1.954460144042968750e-02
1.225018501281738281e-02
6.842851638793945312e-03
2.269744873046875000e-02
2.237915992736816406e-02
2.250075340270996094e-02
1.036453247070312500e-02
2.274608612060546875e-02
2.147102355957031250e-02
2.244043350219726562e-02
2.225518226623535156e-02
2.256989479064941406e-02
2.250933647155761719e-02
2.286982536315917969e-02
2.230095863342285156e-02
2.281928062438964844e-02
2.149343490600585938e-02
2.185368537902832031e-02
2.139353752136230469e-02
2.251696586608886719e-02
2.330565452575683594e-02
2.240324020385742188e-02
2.249813079833984375e-02
2.153849601745605469e-02
2.147626876831054688e-02
2.142643928527832031e-02
2.127218246459960938e-02
2.037692070007324219e-02
1.855468750000000000e-02
1.650714874267578125e-02
1.690316200256347656e-02
1.909184455871582031e-02
1.335597038269042969e-02
2.250194549560546875e-02
1.047396659851074219e-02
2.258276939392089844e-02
2.280330657958984375e-02
2.261805534362792969e-02
2.264642715454101562e-02
2.285218238830566406e-02
2.276158332824707031e-02
2.240896224975585938e-02
2.255964279174804688e-02
2.188587188720703125e-02
1.940464973449707031e-02
2.229475975036621094e-02
2.261996269226074219e-02
2.262783050537109375e-02
2.271485328674316406e-02
2.248501777648925781e-02
2.268385887145996094e-02
2.157258987426757812e-02
2.270054817199707031e-02
2.252697944641113281e-02
2.141332626342773438e-02
2.141356468200683594e-02
2.142167091369628906e-02
8.024215698242187500e-03
7.744550704956054688e-03
7.712125778198242188e-03
7.730245590209960938e-03
1.221656799316406250e-02
6.786584854125976562e-03
1.747465133666992188e-02
1.472568511962890625e-02
1.151800155639648438e-02
8.292675018310546875e-03
8.261203765869140625e-03
8.150100708007812500e-03
1.563525199890136719e-02
1.140356063842773438e-02
7.980108261108398438e-03
7.747888565063476562e-03
7.752895355224609375e-03
7.756948471069335938e-03
9.906768798828125000e-03
7.710933685302734375e-03
7.936954498291015625e-03
1.274251937866210938e-02
7.861137390136718750e-03
7.756948471069335938e-03
1.429057121276855469e-02
9.960651397705078125e-03
7.854461669921875000e-03
8.385181427001953125e-03
1.025485992431640625e-02
7.800102233886718750e-03
1.150441169738769531e-02
1.873993873596191406e-02
1.857161521911621094e-02
8.525371551513671875e-03
2.255582809448242188e-02
2.252364158630371094e-02
2.236557006835937500e-02
2.282333374023437500e-02
2.141714096069335938e-02
2.249979972839355469e-02
2.255749702453613281e-02
2.235627174377441406e-02
2.091002464294433594e-02
2.255249023437500000e-02
2.166295051574707031e-02
1.920437812805175781e-02
1.929140090942382812e-02
2.162718772888183594e-02
2.236580848693847656e-02
2.254772186279296875e-02
2.281212806701660156e-02
2.132511138916015625e-02
2.166938781738281250e-02
2.168893814086914062e-02
2.234077453613281250e-02
2.127861976623535156e-02
2.256941795349121094e-02
2.233767509460449219e-02
2.151513099670410156e-02
1.896524429321289062e-02
2.056002616882324219e-02
9.909629821777343750e-03
2.185893058776855469e-02
1.929187774658203125e-02
1.936316490173339844e-02
1.859712600708007812e-02
2.366685867309570312e-02
2.034687995910644531e-02
1.949548721313476562e-02
1.699161529541015625e-02
1.719141006469726562e-02
1.701641082763671875e-02
2.234172821044921875e-02
2.264189720153808594e-02
2.250337600708007812e-02
2.262449264526367188e-02
2.127528190612792969e-02
2.252244949340820312e-02
2.225494384765625000e-02
2.266836166381835938e-02
2.226853370666503906e-02
2.279567718505859375e-02
2.274298667907714844e-02
2.143597602844238281e-02
2.229118347167968750e-02
2.143478393554687500e-02
2.140879631042480469e-02
1.924729347229003906e-02
1.927161216735839844e-02
7.413864135742187500e-03
1.399254798889160156e-02
7.960319519042968750e-03
7.824897766113281250e-03
7.910966873168945312e-03
1.065826416015625000e-02
7.973432540893554688e-03
9.885311126708984375e-03
7.992744445800781250e-03
7.991313934326171875e-03
7.926702499389648438e-03
7.708072662353515625e-03
7.701873779296875000e-03
9.935855865478515625e-03
7.702827453613281250e-03
7.717132568359375000e-03
7.779359817504882812e-03
7.712602615356445312e-03
7.730007171630859375e-03
1.215410232543945312e-02
7.703781127929687500e-03
7.735490798950195312e-03
7.722616195678710938e-03
7.739067077636718750e-03
7.767438888549804688e-03
9.906291961669921875e-03
7.720232009887695312e-03
7.684230804443359375e-03
6.924152374267578125e-03
1.232862472534179688e-02
7.782697677612304688e-03
8.037805557250976562e-03
7.982015609741210938e-03
7.913351058959960938e-03
7.948875427246093750e-03
8.002758026123046875e-03
8.161067962646484375e-03
1.020097732543945312e-02
7.993221282958984375e-03
8.056640625000000000e-03
9.881258010864257812e-03
9.517431259155273438e-03
8.069038391113281250e-03
9.924650192260742188e-03
8.011579513549804688e-03
8.025407791137695312e-03
8.052110671997070312e-03
8.084297180175781250e-03
8.018732070922851562e-03
9.928464889526367188e-03
8.033752441406250000e-03
7.991552352905273438e-03
8.018970489501953125e-03
8.023977279663085938e-03
8.126735687255859375e-03
1.232051849365234375e-02
7.195234298706054688e-03
1.401925086975097656e-02
1.043915748596191406e-02
7.800102233886718750e-03
7.722616195678710938e-03
7.844448089599609375e-03
7.548809051513671875e-03
7.826805114746093750e-03
1.564359664916992188e-02
1.596546173095703125e-02
7.730722427368164062e-03
1.209974288940429688e-02
7.701635360717773438e-03
7.683515548706054688e-03
7.819414138793945312e-03
7.813215255737304688e-03
7.818460464477539062e-03
1.291894912719726562e-02
1.047873497009277344e-02
7.673740386962890625e-03
7.712364196777343750e-03
7.712125778198242188e-03
7.783412933349609375e-03
1.216387748718261719e-02
7.686853408813476562e-03
7.682323455810546875e-03
7.704973220825195312e-03
7.936954498291015625e-03
6.967544555664062500e-03
1.182460784912109375e-02
7.694482803344726562e-03
7.709503173828125000e-03
7.730722427368164062e-03
7.644176483154296875e-03
7.713079452514648438e-03
8.033752441406250000e-03
7.717370986938476562e-03
7.665157318115234375e-03
7.693290710449218750e-03
7.681369781494140625e-03
7.719039916992187500e-03
1.223874092102050781e-02
7.667064666748046875e-03
7.665872573852539062e-03
7.702350616455078125e-03
7.663726806640625000e-03
7.708549499511718750e-03
1.221203804016113281e-02
7.666587829589843750e-03
7.659912109375000000e-03
7.668256759643554688e-03
7.669925689697265625e-03
7.693052291870117188e-03
1.206636428833007812e-02
7.691144943237304688e-03
7.689237594604492188e-03
6.782054901123046875e-03
1.227498054504394531e-02
7.707357406616210938e-03
1.211142539978027344e-02
7.670402526855468750e-03
7.658958435058593750e-03
7.661104202270507812e-03
7.655143737792968750e-03
7.682085037231445312e-03
8.210420608520507812e-03
8.597612380981445312e-03
7.673025131225585938e-03
7.724285125732421875e-03
7.650852203369140625e-03
7.683038711547851562e-03
1.207256317138671875e-02
7.666587829589843750e-03
7.680654525756835938e-03
7.685899734497070312e-03
7.642984390258789062e-03
7.687330245971679688e-03
1.217651367187500000e-02
7.701396942138671875e-03
7.709264755249023438e-03
7.755279541015625000e-03
7.681369781494140625e-03
7.691860198974609375e-03
1.214408874511718750e-02
6.814956665039062500e-03
1.388502120971679688e-02
8.080482482910156250e-03
7.977962493896484375e-03
7.974386215209960938e-03
1.269102096557617188e-02
7.884979248046875000e-03
7.797718048095703125e-03
8.044719696044921875e-03
7.832765579223632812e-03
7.792711257934570312e-03
1.056742668151855469e-02
8.695125579833984375e-03
8.940696716308593750e-03
8.657217025756835938e-03
8.948326110839843750e-03
9.127140045166015625e-03
1.673030853271484375e-02
1.517796516418457031e-02
8.754014968872070312e-03
8.688926696777343750e-03
8.705854415893554688e-03
8.961915969848632812e-03
1.794457435607910156e-02
1.503205299377441406e-02
9.397983551025390625e-03
1.186370849609375000e-02
1.038026809692382812e-02
6.435871124267578125e-03
1.922249794006347656e-02
1.067805290222167969e-02
8.710145950317382812e-03
9.011983871459960938e-03
8.924722671508789062e-03
8.728504180908203125e-03
1.688218116760253906e-02
1.103377342224121094e-02
8.936643600463867188e-03
8.852958679199218750e-03
9.171009063720703125e-03
8.893489837646484375e-03
1.475119590759277344e-02
1.440405845642089844e-02
1.442527770996093750e-02
1.413750648498535156e-02
1.444244384765625000e-02
1.447296142578125000e-02
1.625943183898925781e-02
1.612186431884765625e-02
1.550245285034179688e-02
9.146451950073242188e-03
9.784221649169921875e-03
8.993864059448242188e-03
1.760435104370117188e-02
1.542162895202636719e-02
9.167432785034179688e-03
5.626678466796875000e-03
2.032899856567382812e-02
1.346325874328613281e-02
1.754283905029296875e-02
1.539134979248046875e-02
9.227514266967773438e-03
8.938074111938476562e-03
8.968353271484375000e-03
9.132623672485351562e-03
1.749062538146972656e-02
1.518344879150390625e-02
9.201765060424804688e-03
8.964061737060546875e-03
8.966922760009765625e-03
9.151220321655273438e-03
1.221632957458496094e-02
1.044893264770507812e-02
9.290933609008789062e-03
6.926059722900390625e-03
6.921529769897460938e-03
1.173973083496093750e-02
1.655983924865722656e-02
1.142334938049316406e-02
8.941173553466796875e-03
8.950233459472656250e-03
9.847879409790039062e-03
9.006977081298828125e-03
1.630997657775878906e-02
6.398916244506835938e-03
1.779532432556152344e-02
1.691198348999023438e-02
1.381683349609375000e-02
8.170604705810546875e-03
1.747035980224609375e-02
1.591849327087402344e-02
9.218931198120117188e-03
8.957147598266601562e-03
9.522199630737304688e-03
8.973360061645507812e-03
1.662659645080566406e-02
1.541948318481445312e-02
9.179830551147460938e-03
8.951663970947265625e-03
8.969545364379882812e-03
9.206771850585937500e-03
1.427388191223144531e-02
1.524853706359863281e-02
1.530170440673828125e-02
1.504492759704589844e-02
1.525831222534179688e-02
1.510453224182128906e-02
1.633119583129882812e-02
1.284551620483398438e-02
9.979486465454101562e-03
7.649183273315429688e-03
8.057832717895507812e-03
8.739709854125976562e-03
1.935768127441406250e-02
1.317834854125976562e-02
6.940126419067382812e-03
8.968353271484375000e-03
1.164245605468750000e-02
1.207685470581054688e-02
1.756429672241210938e-02
1.545786857604980469e-02
9.229660034179687500e-03
8.960008621215820312e-03
8.952379226684570312e-03
9.021520614624023438e-03
1.755118370056152344e-02
1.536035537719726562e-02
1.317906379699707031e-02
8.104801177978515625e-03
8.124351501464843750e-03
8.124113082885742188e-03
1.875329017639160156e-02
1.566290855407714844e-02
1.180386543273925781e-02
1.076316833496093750e-02
1.070547103881835938e-02
1.074385643005371094e-02
2.176308631896972656e-02
2.043151855468750000e-02
2.061462402343750000e-02
9.247779846191406250e-03
2.046608924865722656e-02
1.914429664611816406e-02
2.039337158203125000e-02
1.453137397766113281e-02
1.473855972290039062e-02
1.456069946289062500e-02
1.438832283020019531e-02
1.469326019287109375e-02
1.884007453918457031e-02
1.886963844299316406e-02
1.856970787048339844e-02
1.875448226928710938e-02
1.847314834594726562e-02
1.860022544860839844e-02
1.888704299926757812e-02
1.882243156433105469e-02
1.902198791503906250e-02
1.895117759704589844e-02
1.890182495117187500e-02
1.853370666503906250e-02
2.070808410644531250e-02
1.543164253234863281e-02
1.236987113952636719e-02
1.066279411315917969e-02
1.069498062133789062e-02
1.075530052185058594e-02
2.195572853088378906e-02
9.359598159790039062e-03
2.094054222106933594e-02
2.073025703430175781e-02
2.038097381591796875e-02
2.054023742675781250e-02
2.038049697875976562e-02
2.069997787475585938e-02
2.068567276000976562e-02
2.066373825073242188e-02
1.926422119140625000e-02
1.874876022338867188e-02
2.063727378845214844e-02
1.920247077941894531e-02
1.901841163635253906e-02
1.904654502868652344e-02
1.894855499267578125e-02
1.927518844604492188e-02
2.189064025878906250e-02
2.054286003112792969e-02
1.908135414123535156e-02
1.881313323974609375e-02
1.861572265625000000e-02
1.911377906799316406e-02
1.838541030883789062e-02
1.298952102661132812e-02
1.068377494812011719e-02
1.075172424316406250e-02
1.198506355285644531e-02
6.170034408569335938e-03
2.068400382995605469e-02
2.077388763427734375e-02
2.073192596435546875e-02
2.071213722229003906e-02
2.071213722229003906e-02
2.065253257751464844e-02
2.044606208801269531e-02
2.069211006164550781e-02
2.040863037109375000e-02
1.470732688903808594e-02
1.421141624450683594e-02
1.469206809997558594e-02
2.188730239868164062e-02
2.073740959167480469e-02
1.867985725402832031e-02
1.902532577514648438e-02
1.883268356323242188e-02
1.855301856994628906e-02
2.226734161376953125e-02
2.045154571533203125e-02
1.468110084533691406e-02
1.457357406616210938e-02
1.465344429016113281e-02
1.436805725097656250e-02
1.553082466125488281e-02
1.494193077087402344e-02
1.474022865295410156e-02
7.388353347778320312e-03
2.163481712341308594e-02
2.062010765075683594e-02
2.098631858825683594e-02
2.195668220520019531e-02
1.185202598571777344e-02
1.099705696105957031e-02
1.098227500915527344e-02
1.100230216979980469e-02
1.889538764953613281e-02
1.775932312011718750e-02
1.420331001281738281e-02
1.457905769348144531e-02
1.452755928039550781e-02
1.479196548461914062e-02
1.788568496704101562e-02
1.786494255065917969e-02
1.416277885437011719e-02
1.482534408569335938e-02
1.584458351135253906e-02
1.672387123107910156e-02
1.869845390319824219e-02
1.486277580261230469e-02
1.481842994689941406e-02
1.470041275024414062e-02
1.465344429016113281e-02
1.445293426513671875e-02
9.919881820678710938e-03
5.419969558715820312e-03
1.928329467773437500e-02
1.703071594238281250e-02
1.694273948669433594e-02
1.664328575134277344e-02
1.933884620666503906e-02
1.579952239990234375e-02
1.575779914855957031e-02
1.590132713317871094e-02
1.677465438842773438e-02
1.680779457092285156e-02
2.207064628601074219e-02
1.588153839111328125e-02
1.481151580810546875e-02
1.476764678955078125e-02
1.626133918762207031e-02
1.461052894592285156e-02
1.953935623168945312e-02
1.709747314453125000e-02
1.697826385498046875e-02
1.670455932617187500e-02
1.672196388244628906e-02
1.673841476440429688e-02
1.863980293273925781e-02
1.700925827026367188e-02
1.679229736328125000e-02
1.681518554687500000e-02
1.693177223205566406e-02
8.137226104736328125e-03
2.035093307495117188e-02
1.594614982604980469e-02
1.484179496765136719e-02
1.478528976440429688e-02
1.463246345520019531e-02
1.482915878295898438e-02
1.906251907348632812e-02
1.424384117126464844e-02
1.440525054931640625e-02
1.467061042785644531e-02
1.480746269226074219e-02
1.460504531860351562e-02
2.221417427062988281e-02
1.599574089050292969e-02
1.479291915893554688e-02
1.475834846496582031e-02
1.465702056884765625e-02
1.467156410217285156e-02
1.874876022338867188e-02
1.798200607299804688e-02
1.428794860839843750e-02
1.461267471313476562e-02
1.443839073181152344e-02
1.456999778747558594e-02
1.657891273498535156e-02
1.484489440917968750e-02
1.645231246948242188e-02
7.496833801269531250e-03
2.100944519042968750e-02
1.599454879760742188e-02
1.591134071350097656e-02
1.394557952880859375e-02
1.225090026855468750e-02
1.207566261291503906e-02
1.183390617370605469e-02
1.073956489562988281e-02
1.921343803405761719e-02
1.701140403747558594e-02
1.688909530639648438e-02
1.648449897766113281e-02
1.692390441894531250e-02
1.656556129455566406e-02
1.758098602294921875e-02
1.490783691406250000e-02
1.605653762817382812e-02
1.698327064514160156e-02
1.685428619384765625e-02
1.673102378845214844e-02
1.912331581115722656e-02
1.432013511657714844e-02
1.560568809509277344e-02
1.456928253173828125e-02
1.565861701965332031e-02
1.557755470275878906e-02
1.904988288879394531e-02
7.320880889892578125e-03
2.193784713745117188e-02
1.597642898559570312e-02
1.424980163574218750e-02
1.416516304016113281e-02
1.414370536804199219e-02
1.459980010986328125e-02
1.469492912292480469e-02
1.460576057434082031e-02
1.458787918090820312e-02
1.457238197326660156e-02
1.746726036071777344e-02
1.467609405517578125e-02
1.480174064636230469e-02
1.472878456115722656e-02
1.536917686462402344e-02
1.642656326293945312e-02
1.804542541503906250e-02
1.424169540405273438e-02
1.581525802612304688e-02
1.525998115539550781e-02
1.586723327636718750e-02
1.590323448181152344e-02
1.657199859619140625e-02
1.489496231079101562e-02
1.463627815246582031e-02
1.641607284545898438e-02
1.478838920593261719e-02
7.517814636230468750e-03
1.931309700012207031e-02
1.685118675231933594e-02
1.677012443542480469e-02
1.689291000366210938e-02
1.673817634582519531e-02
1.672315597534179688e-02
1.442170143127441406e-02
6.826400756835937500e-03
6.814956665039062500e-03
6.839990615844726562e-03
1.174259185791015625e-02
7.038831710815429688e-03
1.957845687866210938e-02
1.699256896972656250e-02
1.677227020263671875e-02
1.669263839721679688e-02
1.700615882873535156e-02
1.685571670532226562e-02
1.931428909301757812e-02
1.707959175109863281e-02
1.661610603332519531e-02
1.685404777526855469e-02
1.678442955017089844e-02
1.720809936523437500e-02
1.905989646911621094e-02
1.700043678283691406e-02
1.704573631286621094e-02
8.517742156982421875e-03
1.926732063293457031e-02
1.592683792114257812e-02
1.891279220581054688e-02
1.603651046752929688e-02
1.536011695861816406e-02
1.600503921508789062e-02
1.579928398132324219e-02
1.600480079650878906e-02
1.497173309326171875e-02
1.466655731201171875e-02
1.616001129150390625e-02
1.453518867492675781e-02
1.461863517761230469e-02
1.459932327270507812e-02
1.885700225830078125e-02
1.776289939880371094e-02
1.416921615600585938e-02
1.538443565368652344e-02
1.656603813171386719e-02
1.583695411682128906e-02
1.888680458068847656e-02
1.581978797912597656e-02
1.590061187744140625e-02
1.684236526489257812e-02
1.605653762817382812e-02
1.597237586975097656e-02
1.755070686340332031e-02
6.704568862915039062e-03
2.194833755493164062e-02
1.598143577575683594e-02
1.424145698547363281e-02
1.621747016906738281e-02
1.885628700256347656e-02
1.432704925537109375e-02
1.480507850646972656e-02
1.577734947204589844e-02
1.478815078735351562e-02
1.605176925659179688e-02
1.422381401062011719e-02
1.609468460083007812e-02
1.672482490539550781e-02
1.685070991516113281e-02
1.675009727478027344e-02
1.656818389892578125e-02
1.887869834899902344e-02
1.811289787292480469e-02
1.413965225219726562e-02
1.540899276733398438e-02
1.564431190490722656e-02
1.590228080749511719e-02
1.884531974792480469e-02
1.473402976989746094e-02
1.473855972290039062e-02
1.459121704101562500e-02
1.458883285522460938e-02
7.515907287597656250e-03
2.494835853576660156e-02
2.091217041015625000e-02
1.343131065368652344e-02
1.081371307373046875e-02
1.130962371826171875e-02
1.435661315917968750e-02
1.789879798889160156e-02
1.461148262023925781e-02
1.497769355773925781e-02
1.625251770019531250e-02
1.468873023986816406e-02
1.479172706604003906e-02
1.468205451965332031e-02
1.526188850402832031e-02
1.516246795654296875e-02
1.590180397033691406e-02
1.584053039550781250e-02
1.566052436828613281e-02
1.930522918701171875e-02
1.707720756530761719e-02
1.674628257751464844e-02
1.688385009765625000e-02
1.696729660034179688e-02
1.478409767150878906e-02
1.751494407653808594e-02
1.472783088684082031e-02
1.457285881042480469e-02
7.411241531372070312e-03
2.203631401062011719e-02
1.598668098449707031e-02
2.226114273071289062e-02
1.599335670471191406e-02
1.432299613952636719e-02
1.467204093933105469e-02
1.572608947753906250e-02
1.543521881103515625e-02
1.756286621093750000e-02
1.487565040588378906e-02
1.551771163940429688e-02
1.621055603027343750e-02
1.442003250122070312e-02
1.458001136779785156e-02
9.149551391601562500e-03
9.157896041870117188e-03
9.202957153320312500e-03
9.175777435302734375e-03
9.180307388305664062e-03
9.247779846191406250e-03
1.879286766052246094e-02
1.595020294189453125e-02
1.586389541625976562e-02
1.576471328735351562e-02
1.617360115051269531e-02
1.604008674621582031e-02
1.797723770141601562e-02
6.711721420288085938e-03
1.896309852600097656e-02
1.695466041564941406e-02
1.486039161682128906e-02
1.464271545410156250e-02
1.886749267578125000e-02
1.593780517578125000e-02
1.607775688171386719e-02
1.574087142944335938e-02
1.572895050048828125e-02
1.609086990356445312e-02
1.871633529663085938e-02
1.453900337219238281e-02
1.448035240173339844e-02
1.460766792297363281e-02
1.622056961059570312e-02
1.482701301574707031e-02
1.429605484008789062e-02
1.579427719116210938e-02
1.528239250183105469e-02
1.608085632324218750e-02
1.588559150695800781e-02
1.608896255493164062e-02
1.927471160888671875e-02
1.689124107360839844e-02
1.695394515991210938e-02
1.694726943969726562e-02
1.675009727478027344e-02
8.132696151733398438e-03
1.936459541320800781e-02
1.600575447082519531e-02
1.482057571411132812e-02
1.478934288024902344e-02
1.645588874816894531e-02
1.492929458618164062e-02
1.749682426452636719e-02
1.484870910644531250e-02
1.475977897644042969e-02
1.463198661804199219e-02
1.460719108581542969e-02
1.480388641357421875e-02
1.761817932128906250e-02
1.436948776245117188e-02
1.481890678405761719e-02
1.460242271423339844e-02
1.460289955139160156e-02
1.634860038757324219e-02
9.629726409912109375e-03
9.140968322753906250e-03
9.311676025390625000e-03
9.112596511840820312e-03
1.628327369689941406e-02
1.863026618957519531e-02
1.902675628662109375e-02
1.792335510253906250e-02
1.414775848388671875e-02
7.409811019897460938e-03
1.911711692810058594e-02
1.704025268554687500e-02
1.682424545288085938e-02
1.463174819946289062e-02
1.610136032104492188e-02
1.590156555175781250e-02
1.598572731018066406e-02
1.608061790466308594e-02
1.874208450317382812e-02
1.727080345153808594e-02
1.417779922485351562e-02
1.572966575622558594e-02
1.583790779113769531e-02
1.594495773315429688e-02
1.913118362426757812e-02
1.598262786865234375e-02
1.608037948608398438e-02
1.586747169494628906e-02
1.608848571777343750e-02
1.675057411193847656e-02
1.499509811401367188e-02
1.688313484191894531e-02
1.705503463745117188e-02
1.696252822875976562e-02
1.697921752929687500e-02
1.691126823425292969e-02
1.920056343078613281e-02
6.393909454345703125e-03
1.944279670715332031e-02
1.320862770080566406e-02
1.155233383178710938e-02
1.309895515441894531e-02
1.925873756408691406e-02
1.318597793579101562e-02
1.061415672302246094e-02
1.296401023864746094e-02
1.199674606323242188e-02
1.178503036499023438e-02
1.938819885253906250e-02
1.315331459045410156e-02
1.150870323181152344e-02
1.309180259704589844e-02
1.307320594787597656e-02
1.385498046875000000e-02
1.931691169738769531e-02
1.312518119812011719e-02
1.145410537719726562e-02
1.139497756958007812e-02
1.148915290832519531e-02
1.313138008117675781e-02
1.530933380126953125e-02
1.538085937500000000e-02
1.212954521179199219e-02
1.207327842712402344e-02
1.460385322570800781e-02
9.401082992553710938e-03
1.868915557861328125e-02
1.310849189758300781e-02
1.154947280883789062e-02
1.188063621520996094e-02
1.190471649169921875e-02
1.198625564575195312e-02
1.868605613708496094e-02
1.272296905517578125e-02
1.191473007202148438e-02
1.205539703369140625e-02
1.202225685119628906e-02
1.227545738220214844e-02
1.901960372924804688e-02
1.378893852233886719e-02
1.331138610839843750e-02
1.180028915405273438e-02
1.202082633972167969e-02
1.211404800415039062e-02
1.674103736877441406e-02
1.312685012817382812e-02
1.303458213806152344e-02
1.304197311401367188e-02
1.312756538391113281e-02
1.412558555603027344e-02
1.588368415832519531e-02
1.212263107299804688e-02
1.432418823242187500e-02
6.529092788696289062e-03
1.895737648010253906e-02
1.636099815368652344e-02
1.855659484863281250e-02
1.272606849670410156e-02
1.216387748718261719e-02
1.211810111999511719e-02
1.210188865661621094e-02
1.220464706420898438e-02
1.902389526367187500e-02
1.311564445495605469e-02
1.145219802856445312e-02
1.303791999816894531e-02
1.376795768737792969e-02
1.378345489501953125e-02
1.908016204833984375e-02
1.309537887573242188e-02
1.144719123840332031e-02
1.304745674133300781e-02
1.491808891296386719e-02
1.428270339965820312e-02
1.936364173889160156e-02
1.348972320556640625e-02
1.022076606750488281e-02
1.027750968933105469e-02
1.223516464233398438e-02
1.217985153198242188e-02
1.745319366455078125e-02
5.496025085449218750e-03
2.612495422363281250e-02
2.389240264892578125e-02
2.373600006103515625e-02
2.427148818969726562e-02
2.478265762329101562e-02
2.528285980224609375e-02
2.343821525573730469e-02
1.978492736816406250e-02
1.398825645446777344e-02
1.267170906066894531e-02
2.484107017517089844e-02
2.413797378540039062e-02
2.020406723022460938e-02
2.212190628051757812e-02
1.765155792236328125e-02
1.195549964904785156e-02
2.172017097473144531e-02
1.936006546020507812e-02
1.892876625061035156e-02
1.863121986389160156e-02
1.887226104736328125e-02
1.866173744201660156e-02
2.184891700744628906e-02
1.876688003540039062e-02
1.894974708557128906e-02
1.868391036987304688e-02
1.858353614807128906e-02
6.915569305419921875e-03
2.113151550292968750e-02
2.148962020874023438e-02
2.146840095520019531e-02
2.132654190063476562e-02
2.119159698486328125e-02
2.139592170715332031e-02
2.218604087829589844e-02
1.940560340881347656e-02
1.858353614807128906e-02
1.853895187377929688e-02
1.864147186279296875e-02
1.869678497314453125e-02
2.270317077636718750e-02
2.025699615478515625e-02
2.003908157348632812e-02
2.039790153503417969e-02
1.973581314086914062e-02
1.993870735168457031e-02
2.157688140869140625e-02
2.145361900329589844e-02
2.146410942077636719e-02
2.130889892578125000e-02
2.094912528991699219e-02
2.126741409301757812e-02
2.168130874633789062e-02
2.010607719421386719e-02
2.001714706420898438e-02
9.403467178344726562e-03
2.258467674255371094e-02
2.256274223327636719e-02
1.784396171569824219e-02
1.270580291748046875e-02
1.213884353637695312e-02
1.218605041503906250e-02
1.208925247192382812e-02
1.210975646972656250e-02
2.197122573852539062e-02
1.935982704162597656e-02
1.874351501464843750e-02
1.885223388671875000e-02
1.445150375366210938e-02
1.031565666198730469e-02
2.182698249816894531e-02
2.015852928161621094e-02
2.194905281066894531e-02
1.894760131835937500e-02
1.500654220581054688e-02
1.419687271118164062e-02
2.110600471496582031e-02
2.143788337707519531e-02
2.143263816833496094e-02
2.138781547546386719e-02
2.145457267761230469e-02
2.126455307006835938e-02
2.164196968078613281e-02
9.531497955322265625e-03
2.341699600219726562e-02
1.933693885803222656e-02
1.555871963500976562e-02
1.192903518676757812e-02
2.058029174804687500e-02
1.553940773010253906e-02
1.521706581115722656e-02
1.215195655822753906e-02
1.209759712219238281e-02
1.199769973754882812e-02
2.283048629760742188e-02
1.928424835205078125e-02
1.871848106384277344e-02
1.864671707153320312e-02
1.887631416320800781e-02
1.857995986938476562e-02
2.174186706542968750e-02
1.940488815307617188e-02
1.987147331237792969e-02
1.529407501220703125e-02
1.196241378784179688e-02
1.067447662353515625e-02
2.171039581298828125e-02
2.014923095703125000e-02
2.002143859863281250e-02
1.901674270629882812e-02
1.447916030883789062e-02
5.489349365234375000e-03
2.286458015441894531e-02
2.035236358642578125e-02
1.641869544982910156e-02
1.487445831298828125e-02
1.444482803344726562e-02
1.159381866455078125e-02
1.543021202087402344e-02
1.203680038452148438e-02
1.198124885559082031e-02
1.069307327270507812e-02
1.084089279174804688e-02
1.098871231079101562e-02
2.144074440002441406e-02
1.874303817749023438e-02
1.874208450317382812e-02
1.861953735351562500e-02
1.865100860595703125e-02
2.002716064453125000e-02
2.176499366760253906e-02
2.025604248046875000e-02
2.008271217346191406e-02
2.159595489501953125e-02
1.698064804077148438e-02
1.594305038452148438e-02
2.319192886352539062e-02
1.933813095092773438e-02
1.558971405029296875e-02
6.715297698974609375e-03
2.194952964782714844e-02
2.298855781555175781e-02
2.331018447875976562e-02
2.060723304748535156e-02
2.169919013977050781e-02
1.704668998718261719e-02
1.600027084350585938e-02
1.595592498779296875e-02
