2.588646411895751953e-01
2.502536773681640625e-01
2.474617958068847656e-01
2.453231811523437500e-01
2.433135509490966797e-01
2.452952861785888672e-01
2.362060546875000000e-01
2.480044364929199219e-01
2.492988109588623047e-01
2.487428188323974609e-01
2.469580173492431641e-01
2.457854747772216797e-01
2.259464263916015625e-01
2.261183261871337891e-01
2.374801635742187500e-01
2.371525764465332031e-01
2.342154979705810547e-01
1.730163097381591797e-01
2.490777969360351562e-01
2.478728294372558594e-01
2.478699684143066406e-01
2.482254505157470703e-01
9.571218490600585938e-02
1.442165374755859375e-01
2.065222263336181641e-01
2.135550975799560547e-01
2.239134311676025391e-01
2.251214981079101562e-01
1.627900600433349609e-01
1.015107631683349609e-01
2.406110763549804688e-01
2.402842044830322266e-01
2.382266521453857422e-01
2.408277988433837891e-01
2.417128086090087891e-01
1.743383407592773438e-01
2.499952316284179688e-01
2.449786663055419922e-01
2.428452968597412109e-01
2.425417900085449219e-01
2.429041862487792969e-01
2.440369129180908203e-01
2.322757244110107422e-01
2.414000034332275391e-01
2.458324432373046875e-01
8.788585662841796875e-02
1.509904861450195312e-01
2.120835781097412109e-01
2.056136131286621094e-01
2.491917610168457031e-01
2.479395866394042969e-01
2.489337921142578125e-01
2.486643791198730469e-01
6.101012229919433594e-02
2.537131309509277344e-01
2.477464675903320312e-01
2.479157447814941406e-01
2.479486465454101562e-01
2.448041439056396484e-01
2.435140609741210938e-01
2.178909778594970703e-01
2.321562767028808594e-01
2.393155097961425781e-01
2.390422821044921875e-01
2.323577404022216797e-01
1.737165451049804688e-01
2.320623397827148438e-01
2.385237216949462891e-01
7.046079635620117188e-02
2.305753231048583984e-01
2.338509559631347656e-01
2.261278629302978516e-01
7.289743423461914062e-02
1.300117969512939453e-01
2.379064559936523438e-01
2.295036315917968750e-01
1.946554183959960938e-01
2.314512729644775391e-01
2.386326789855957031e-01
2.433753013610839844e-01
2.432622909545898438e-01
2.433960437774658203e-01
2.433867454528808594e-01
2.431137561798095703e-01
2.403824329376220703e-01
2.430095672607421875e-01
2.431201934814453125e-01
2.430524826049804688e-01
2.454946041107177734e-01
2.430617809295654297e-01
2.427580356597900391e-01
7.065725326538085938e-02
2.310409545898437500e-01
2.357838153839111328e-01
2.224676609039306641e-01
2.164318561553955078e-01
2.129631042480468750e-01
2.225773334503173828e-01
2.248272895812988281e-01
2.145206928253173828e-01
2.428104877471923828e-01
1.211864948272705078e-01
2.539370059967041016e-01
2.536249160766601562e-01
2.477700710296630859e-01
2.477662563323974609e-01
2.476439476013183594e-01
2.486488819122314453e-01
2.387197017669677734e-01
2.315609455108642578e-01
2.343356609344482422e-01
2.314898967742919922e-01
2.251391410827636719e-01
2.153723239898681641e-01
2.525949478149414062e-02
2.413611412048339844e-01
2.470574378967285156e-01
2.483010292053222656e-01
2.480876445770263672e-01
2.485973834991455078e-01
1.583173274993896484e-01
1.718978881835937500e-01
2.175843715667724609e-01
2.278609275817871094e-01
2.106134891510009766e-01
8.842515945434570312e-02
2.283949851989746094e-01
2.334134578704833984e-01
2.344145774841308594e-01
2.323012351989746094e-01
2.379689216613769531e-01
1.361536979675292969e-01
2.441563606262207031e-01
2.406151294708251953e-01
2.405490875244140625e-01
2.403962612152099609e-01
2.428965568542480469e-01
5.823922157287597656e-02
2.337820529937744141e-01
2.312784194946289062e-01
2.359549999237060547e-01
2.359306812286376953e-01
2.415885925292968750e-01
1.790614128112792969e-01
8.875823020935058594e-02
1.801276206970214844e-01
2.078893184661865234e-01
2.463793754577636719e-01
1.827297210693359375e-01
1.821775436401367188e-01
2.375938892364501953e-01
2.423520088195800781e-01
2.418961524963378906e-01
2.445669174194335938e-01
2.405223846435546875e-01
2.411720752716064453e-01
2.309334278106689453e-01
2.416110038757324219e-01
2.457849979400634766e-01
2.516176700592041016e-01
1.606106758117675781e-02
2.200534343719482422e-01
2.365636825561523438e-01
2.410967350006103516e-01
2.434067726135253906e-01
2.390694618225097656e-01
2.391231060028076172e-01
2.389206886291503906e-01
2.190718650817871094e-01
1.886241436004638672e-01
2.484629154205322266e-01
2.461314201354980469e-01
1.848366260528564453e-01
1.252946853637695312e-01
2.574000358581542969e-01
2.485954761505126953e-01
2.432656288146972656e-01
2.422266006469726562e-01
2.353947162628173828e-01
1.697385311126708984e-01
2.217705249786376953e-01
2.298734188079833984e-01
2.370014190673828125e-01
7.516717910766601562e-02
1.590595245361328125e-01
2.170326709747314453e-01
2.367923259735107422e-01
2.516198158264160156e-01
2.437369823455810547e-01
2.411439418792724609e-01
2.415256500244140625e-01
2.416214942932128906e-01
1.936609745025634766e-01
2.075076103210449219e-01
2.452521324157714844e-01
2.389349937438964844e-01
2.374742031097412109e-01
1.253340244293212891e-01
1.946003437042236328e-01
1.629815101623535156e-01
2.209632396697998047e-01
2.186963558197021484e-01
2.210752964019775391e-01
2.212615013122558594e-01
2.297897338867187500e-01
2.372479438781738281e-01
8.693456649780273438e-02
1.570026874542236328e-01
2.090556621551513672e-01
2.370858192443847656e-01
2.537882328033447266e-01
2.569582462310791016e-01
2.569313049316406250e-01
2.495853900909423828e-01
2.475643157958984375e-01
2.446610927581787109e-01
1.314177513122558594e-01
1.749281883239746094e-01
1.118125915527343750e-01
1.982297897338867188e-01
2.030920982360839844e-01
2.242064476013183594e-01
2.452847957611083984e-01
2.478294372558593750e-01
2.517151832580566406e-01
2.512054443359375000e-01
2.527210712432861328e-01
1.884729862213134766e-01
2.347366809844970703e-01
8.018898963928222656e-02
2.123446464538574219e-01
2.149183750152587891e-01
2.174713611602783203e-01
2.210173606872558594e-01
2.493059635162353516e-01
2.480828762054443359e-01
2.465832233428955078e-01
2.513246536254882812e-01
2.475893497467041016e-01
2.460036277770996094e-01
2.269504070281982422e-01
1.673791408538818359e-01
1.258103847503662109e-01
6.147122383117675781e-02
6.136083602905273438e-02
6.164145469665527344e-02
2.117586135864257812e-01
2.275187969207763672e-01
2.145526409149169922e-01
2.427961826324462891e-01
2.385306358337402344e-01
1.746699810028076172e-01
1.049194335937500000e-01
1.230514049530029297e-01
2.095801830291748047e-01
2.342350482940673828e-01
2.400891780853271484e-01
2.333776950836181641e-01
2.292089462280273438e-01
2.351431846618652344e-01
2.382824420928955078e-01
2.391414642333984375e-01
2.451050281524658203e-01
2.395846843719482422e-01
2.353806495666503906e-01
1.961255073547363281e-01
1.159462928771972656e-01
6.145238876342773438e-02
6.122779846191406250e-02
6.167340278625488281e-02
2.276353836059570312e-01
2.257535457611083984e-01
2.358107566833496094e-01
2.002365589141845703e-01
2.248430252075195312e-01
4.952955245971679688e-02
2.357020378112792969e-01
2.364997863769531250e-01
2.324984073638916016e-01
2.342646121978759766e-01
2.421143054962158203e-01
2.389688491821289062e-01
2.438607215881347656e-01
2.467775344848632812e-01
2.455091476440429688e-01
2.385714054107666016e-01
2.382485866546630859e-01
2.285029888153076172e-01
2.004497051239013672e-01
1.811254024505615234e-01
1.454889774322509766e-01
9.331512451171875000e-02
6.149554252624511719e-02
6.151795387268066406e-02
2.224552631378173828e-01
2.229776382446289062e-01
2.289440631866455078e-01
2.072668075561523438e-01
1.248013973236083984e-01
1.288495063781738281e-01
2.244098186492919922e-01
2.395353317260742188e-01
2.399027347564697266e-01
2.438352108001708984e-01
2.467005252838134766e-01
1.881005764007568359e-01
2.440924644470214844e-01
2.439217567443847656e-01
2.466375827789306641e-01
2.457664012908935547e-01
2.479119300842285156e-01
2.466273307800292969e-01
1.713340282440185547e-01
1.849389076232910156e-01
2.011103630065917969e-01
2.384357452392578125e-01
2.373075485229492188e-01
1.253743171691894531e-01
2.415745258331298828e-01
2.495846748352050781e-01
2.469253540039062500e-01
9.407782554626464844e-02
1.482424736022949219e-01
2.114725112915039062e-01
2.350964546203613281e-01
2.303643226623535156e-01
2.429506778717041016e-01
2.530980110168457031e-01
2.549054622650146484e-01
1.285436153411865234e-01
2.444221973419189453e-01
2.448239326477050781e-01
2.463698387145996094e-01
2.468714714050292969e-01
2.460134029388427734e-01
2.458574771881103516e-01
1.140406131744384766e-01
1.850211620330810547e-01
2.082846164703369141e-01
2.450103759765625000e-01
2.549695968627929688e-01
1.873018741607666016e-01
2.545795440673828125e-01
2.522690296173095703e-01
9.328508377075195312e-02
1.712703704833984375e-01
1.813075542449951172e-01
2.207889556884765625e-01
2.480790615081787109e-01
2.426826953887939453e-01
2.399597167968750000e-01
2.462010383605957031e-01
2.438480854034423828e-01
1.813983917236328125e-01
2.488026618957519531e-01
2.473931312561035156e-01
2.506492137908935547e-01
2.501256465911865234e-01
2.505517005920410156e-01
2.523183822631835938e-01
6.104421615600585938e-02
8.754730224609375000e-02
2.049334049224853516e-01
2.114953994750976562e-01
2.351093292236328125e-01
2.319886684417724609e-01
2.308824062347412109e-01
8.850526809692382812e-02
2.394361495971679688e-01
2.320759296417236328e-01
2.121579647064208984e-01
1.551020145416259766e-01
2.504730224609375000e-01
2.513005733489990234e-01
2.364101409912109375e-01
2.388963699340820312e-01
2.482593059539794922e-01
1.820559501647949219e-01
2.550249099731445312e-01
2.564611434936523438e-01
2.563300132751464844e-01
2.518177032470703125e-01
2.587850093841552734e-01
2.504065036773681641e-01
1.980412006378173828e-01
1.692826747894287109e-01
1.959125995635986328e-01
2.342011928558349609e-01
1.645143032073974609e-01
1.681609153747558594e-01
2.282094955444335938e-02
2.175107002258300781e-01
2.323172092437744141e-01
2.319755554199218750e-01
2.265322208404541016e-01
2.400732040405273438e-01
2.200131416320800781e-01
1.811504364013671875e-01
1.103923320770263672e-01
2.114915847778320312e-01
2.439942359924316406e-01
2.501096725463867188e-01
2.457816600799560547e-01
2.496268749237060547e-01
2.518739700317382812e-01
2.526261806488037109e-01
2.549707889556884766e-01
2.474176883697509766e-01
2.051923274993896484e-01
1.780271530151367188e-01
2.442126274108886719e-01
2.321736812591552734e-01
2.032461166381835938e-01
4.042720794677734375e-02
2.357263565063476562e-01
2.271778583526611328e-01
2.370498180389404297e-01
2.370817661285400391e-01
2.254319190979003906e-01
1.505668163299560547e-01
2.023057937622070312e-01
2.366199493408203125e-01
2.361843585968017578e-01
2.430188655853271484e-01
2.428600788116455078e-01
1.803648471832275391e-01
2.320702075958251953e-01
2.338452339172363281e-01
2.393999099731445312e-01
2.450499534606933594e-01
2.357153892517089844e-01
1.575899124145507812e-01
2.072892189025878906e-01
1.811628341674804688e-01
1.858785152435302734e-01
1.953284740447998047e-01
3.203105926513671875e-02
1.731441020965576172e-01
2.339904308319091797e-01
2.385830879211425781e-01
2.388603687286376953e-01
2.414600849151611328e-01
2.415325641632080078e-01
2.487108707427978516e-01
2.293341159820556641e-01
2.369384765625000000e-01
2.388241291046142578e-01
2.393248081207275391e-01
1.865372657775878906e-01
1.805601119995117188e-01
2.254605293273925781e-01
2.392861843109130859e-01
2.372486591339111328e-01
2.381730079650878906e-01
2.305424213409423828e-01
1.580538749694824219e-01
1.968073844909667969e-01
1.261203289031982422e-01
1.782739162445068359e-01
1.011235713958740234e-01
1.885313987731933594e-01
1.910259723663330078e-01
2.413244247436523438e-01
2.436070442199707031e-01
2.449491024017333984e-01
2.502899169921875000e-01
2.478299140930175781e-01
2.515282630920410156e-01
2.522199153900146484e-01
2.448914051055908203e-01
2.454612255096435547e-01
2.459971904754638672e-01
2.465720176696777344e-01
2.457699775695800781e-01
2.356948852539062500e-01
2.349727153778076172e-01
2.362623214721679688e-01
2.369108200073242188e-01
2.400922775268554688e-01
1.181612014770507812e-01
1.211538314819335938e-01
1.677715778350830078e-01
8.376932144165039062e-02
2.153031826019287109e-01
2.161304950714111328e-01
1.977853775024414062e-01
2.294766902923583984e-01
2.011022567749023438e-01
1.526648998260498047e-01
1.479678153991699219e-01
2.220487594604492188e-01
2.354600429534912109e-01
2.358095645904541016e-01
2.363524436950683594e-01
2.391993999481201172e-01
2.387323379516601562e-01
2.352709770202636719e-01
1.744103431701660156e-01
2.456862926483154297e-01
2.387452125549316406e-01
2.348351478576660156e-01
2.284951210021972656e-01
2.040853500366210938e-01
1.389851570129394531e-01
6.080079078674316406e-02
1.599955558776855469e-02
1.965291500091552734e-01
1.680450439453125000e-01
2.117114067077636719e-01
2.219169139862060547e-01
2.373306751251220703e-01
2.348687648773193359e-01
2.276916503906250000e-01
2.019245624542236328e-01
1.554429531097412109e-01
1.438820362091064453e-01
2.484185695648193359e-01
2.478179931640625000e-01
2.487707138061523438e-01
2.487692832946777344e-01
2.481548786163330078e-01
2.491729259490966797e-01
2.297279834747314453e-01
2.328381538391113281e-01
2.514982223510742188e-01
2.537057399749755859e-01
2.520964145660400391e-01
1.918280124664306641e-01
1.592659950256347656e-02
1.446020603179931641e-01
1.552238464355468750e-01
2.204539775848388672e-01
2.494459152221679688e-01
2.490386962890625000e-01
2.302370071411132812e-01
2.345302104949951172e-01
2.356016635894775391e-01
2.368409633636474609e-01
2.307579517364501953e-01
1.588408946990966797e-01
2.427201271057128906e-01
2.451052665710449219e-01
2.451484203338623047e-01
2.476770877838134766e-01
2.437677383422851562e-01
2.451984882354736328e-01
2.517032623291015625e-01
2.464063167572021484e-01
2.481741905212402344e-01
2.286117076873779297e-01
2.397286891937255859e-01
1.746821403503417969e-02
1.483132839202880859e-01
1.957392692565917969e-01
1.682007312774658203e-01
2.075340747833251953e-01
2.198038101196289062e-01
2.220275402069091797e-01
2.495117187500000000e-01
2.477650642395019531e-01
2.461273670196533203e-01
2.461209297180175781e-01
2.458732128143310547e-01
2.489569187164306641e-01
2.459969520568847656e-01
2.469105720520019531e-01
2.443106174468994141e-01
2.425763607025146484e-01
2.416653633117675781e-01
2.427783012390136719e-01
2.413909435272216797e-01
2.459673881530761719e-01
2.485680580139160156e-01
2.530672550201416016e-01
7.004976272583007812e-02
2.067508697509765625e-01
1.588952541351318359e-01
1.714837551116943359e-01
1.312212944030761719e-01
2.199618816375732422e-01
2.105803489685058594e-01
2.023370265960693359e-01
2.496211528778076172e-01
2.458419799804687500e-01
2.465610504150390625e-01
2.466692924499511719e-01
2.432966232299804688e-01
2.386145591735839844e-01
2.403762340545654297e-01
2.414882183074951172e-01
2.422647476196289062e-01
2.424771785736083984e-01
2.471938133239746094e-01
2.499525547027587891e-01
2.347304821014404297e-01
2.386410236358642578e-01
2.026152610778808594e-01
9.049034118652343750e-02
2.138831615447998047e-01
1.303696632385253906e-01
2.023694515228271484e-01
1.854145526885986328e-01
2.418735027313232422e-01
2.448642253875732422e-01
2.426047325134277344e-01
1.157150268554687500e-01
2.491111755371093750e-01
2.458550930023193359e-01
2.455165386199951172e-01
2.396087646484375000e-01
2.442374229431152344e-01
2.438924312591552734e-01
2.517898082733154297e-01
2.523484230041503906e-01
2.524175643920898438e-01
2.532544136047363281e-01
2.532622814178466797e-01
2.592175006866455078e-01
2.445063591003417969e-01
2.413549423217773438e-01
6.534171104431152344e-02
1.695716381072998047e-01
2.244501113891601562e-01
2.390429973602294922e-01
8.761429786682128906e-02
1.775548458099365234e-01
1.620173454284667969e-01
1.782412528991699219e-01
1.884281635284423828e-01
2.203388214111328125e-01
2.381670475006103516e-01
2.409622669219970703e-01
2.468452453613281250e-01
2.452530860900878906e-01
2.438995838165283203e-01
2.518403530120849609e-01
2.496330738067626953e-01
2.451138496398925781e-01
2.433722019195556641e-01
2.458701133728027344e-01
2.430477142333984375e-01
2.432522773742675781e-01
2.398405075073242188e-01
7.071995735168457031e-02
1.637699604034423828e-01
2.202510833740234375e-01
2.407438755035400391e-01
2.415964603424072266e-01
2.041535377502441406e-01
1.722190380096435547e-01
2.429513931274414062e-01
2.073247432708740234e-01
2.503437995910644531e-01
1.269385814666748047e-01
2.362239360809326172e-01
2.340776920318603516e-01
2.419936656951904297e-01
2.362966537475585938e-01
2.326269149780273438e-01
1.500167846679687500e-01
2.351388931274414062e-01
2.411863803863525391e-01
2.317967414855957031e-01
2.434618473052978516e-01
2.427060604095458984e-01
1.307694911956787109e-01
2.674674987792968750e-02
2.138690948486328125e-01
2.255241870880126953e-01
2.273864746093750000e-01
2.409069538116455078e-01
2.492089271545410156e-01
1.905725002288818359e-01
2.102015018463134766e-01
2.118353843688964844e-01
2.285604476928710938e-01
9.174108505249023438e-02
1.051917076110839844e-01
2.367570400238037109e-01
2.373492717742919922e-01
2.405445575714111328e-01
2.378666400909423828e-01
2.387640476226806641e-01
2.416751384735107422e-01
2.484309673309326172e-01
2.463016510009765625e-01
2.430038452148437500e-01
2.420394420623779297e-01
2.455089092254638672e-01
8.371233940124511719e-02
2.427670955657958984e-01
2.446780204772949219e-01
2.457687854766845703e-01
2.483539581298828125e-01
2.475810050964355469e-01
2.501113414764404297e-01
2.365665435791015625e-01
2.219555377960205078e-01
2.236764430999755859e-01
1.797053813934326172e-01
1.797614097595214844e-01
1.264824867248535156e-01
2.483265399932861328e-01
2.513782978057861328e-01
2.530360221862792969e-01
2.540311813354492188e-01
2.506675720214843750e-01
2.542395591735839844e-01
2.364642620086669922e-01
2.357387542724609375e-01
2.340638637542724609e-01
2.396373748779296875e-01
9.604549407958984375e-02
1.804890632629394531e-01
2.559781074523925781e-01
2.548451423645019531e-01
2.471392154693603516e-01
2.481999397277832031e-01
2.480540275573730469e-01
2.483801841735839844e-01
2.521538734436035156e-01
2.471251487731933594e-01
6.087613105773925781e-02
6.064796447753906250e-02
6.076884269714355469e-02
6.076812744140625000e-02
2.294270992279052734e-01
2.344181537628173828e-01
2.310595512390136719e-01
2.422711849212646484e-01
2.471983432769775391e-01
1.882865428924560547e-01
2.279589176177978516e-01
2.430043220520019531e-01
2.140681743621826172e-01
9.983181953430175781e-02
2.188515663146972656e-01
8.928680419921875000e-02
2.518029212951660156e-01
2.481889724731445312e-01
2.493369579315185547e-01
2.449364662170410156e-01
2.455692291259765625e-01
2.467536926269531250e-01
2.407114505767822266e-01
2.449288368225097656e-01
2.475490570068359375e-01
2.487962245941162109e-01
1.973364353179931641e-01
6.113815307617187500e-02
2.482323646545410156e-01
2.485949993133544922e-01
2.468931674957275391e-01
2.429645061492919922e-01
2.437140941619873047e-01
2.465152740478515625e-01
2.406716346740722656e-01
2.062034606933593750e-01
1.101961135864257812e-01
1.181664466857910156e-01
2.116098403930664062e-01
2.413368225097656250e-01
2.294600009918212891e-01
2.431244850158691406e-01
2.494456768035888672e-01
2.487626075744628906e-01
2.456989288330078125e-01
1.892592906951904297e-01
2.401700019836425781e-01
2.379045486450195312e-01
2.430851459503173828e-01
2.458541393280029297e-01
1.850714683532714844e-01
6.085991859436035156e-02
2.487664222717285156e-01
2.547566890716552734e-01
2.501544952392578125e-01
2.476365566253662109e-01
2.481842041015625000e-01
1.858620643615722656e-01
2.121405601501464844e-01
1.113595962524414062e-01
1.956019401550292969e-01
1.725981235504150391e-01
1.788761615753173828e-01
2.196321487426757812e-01
2.501356601715087891e-01
2.453751564025878906e-01
2.463912963867187500e-01
2.469298839569091797e-01
2.486948966979980469e-01
2.498521804809570312e-01
1.941986083984375000e-01
2.371730804443359375e-01
2.392883300781250000e-01
2.386529445648193359e-01
1.817197799682617188e-01
1.251175403594970703e-01
2.350823879241943359e-01
2.502501010894775391e-01
2.491815090179443359e-01
2.422139644622802734e-01
2.429080009460449219e-01
1.773443222045898438e-01
7.128834724426269531e-02
1.641376018524169922e-01
2.296071052551269531e-01
2.473726272583007812e-01
2.462594509124755859e-01
2.479858398437500000e-01
2.485702037811279297e-01
2.488439083099365234e-01
2.452020645141601562e-01
2.462913990020751953e-01
2.479627132415771484e-01
2.525198459625244141e-01
2.305572032928466797e-01
2.290868759155273438e-01
2.013761997222900391e-01
1.450026035308837891e-01
1.034283638000488281e-01
7.191777229309082031e-02
2.355024814605712891e-01
2.376964092254638672e-01
2.381081581115722656e-01
2.344968318939208984e-01
2.410926818847656250e-01
5.238819122314453125e-02
2.468080520629882812e-01
2.471687793731689453e-01
2.418842315673828125e-01
2.478659152984619141e-01
2.485084533691406250e-01
2.492735385894775391e-01
2.484943866729736328e-01
2.427866458892822266e-01
2.407634258270263672e-01
2.427370548248291016e-01
2.442111968994140625e-01
2.402422428131103516e-01
8.777022361755371094e-02
1.918699741363525391e-01
2.385365962982177734e-01
2.385237216949462891e-01
2.390177249908447266e-01
2.372796535491943359e-01
2.484285831451416016e-01
2.448613643646240234e-01
2.486786842346191406e-01
2.403657436370849609e-01
6.662726402282714844e-02
2.072110176086425781e-01
2.229523658752441406e-01
1.845896244049072266e-01
1.078083515167236328e-01
2.046642303466796875e-01
2.449209690093994141e-01
2.486965656280517578e-01
2.479135990142822266e-01
2.466845512390136719e-01
2.459199428558349609e-01
2.482211589813232422e-01
2.484741210937500000e-01
2.479703426361083984e-01
1.259546279907226562e-01
2.428085803985595703e-01
2.430934906005859375e-01
2.434616088867187500e-01
2.445833683013916016e-01
2.451527118682861328e-01
2.488229274749755859e-01
2.496948242187500000e-01
2.512295246124267578e-01
1.632809638977050781e-02
2.229094505310058594e-01
2.496058940887451172e-01
2.421567440032958984e-01
2.448625564575195312e-01
2.452666759490966797e-01
2.454824447631835938e-01
2.464363574981689453e-01
2.523744106292724609e-01
2.534615993499755859e-01
2.566075325012207031e-01
2.512099742889404297e-01
2.462446689605712891e-01
2.435703277587890625e-01
2.519550323486328125e-01
1.878361701965332031e-01
1.717100143432617188e-01
2.169237136840820312e-01
2.318389415740966797e-01
2.365021705627441406e-01
1.264595985412597656e-01
2.358152866363525391e-01
2.327640056610107422e-01
6.947422027587890625e-02
1.659979820251464844e-01
2.303261756896972656e-01
2.411968708038330078e-01
2.384431362152099609e-01
2.375080585479736328e-01
2.392799854278564453e-01
2.366049289703369141e-01
2.356443405151367188e-01
2.402586936950683594e-01
2.368183135986328125e-01
2.387514114379882812e-01
2.428700923919677734e-01
2.458651065826416016e-01
2.463872432708740234e-01
2.518525123596191406e-01
2.010252475738525391e-01
1.667525768280029297e-01
1.869571208953857422e-01
2.477183341979980469e-01
1.856830120086669922e-01
1.850843429565429688e-01
2.144222259521484375e-01
4.100203514099121094e-02
2.405169010162353516e-01
2.376196384429931641e-01
2.397572994232177734e-01
2.354562282562255859e-01
2.175676822662353516e-01
2.296183109283447266e-01
2.335028648376464844e-01
2.319717407226562500e-01
2.417364120483398438e-01
1.286823749542236328e-01
2.266306877136230469e-01
2.364335060119628906e-01
2.323555946350097656e-01
2.371234893798828125e-01
2.351629734039306641e-01
1.098322868347167969e-01
2.048413753509521484e-01
1.706840991973876953e-01
2.333700656890869141e-01
2.315387725830078125e-01
1.755445003509521484e-01
1.116254329681396484e-01
1.598048210144042969e-02
2.237670421600341797e-01
2.415993213653564453e-01
2.361402511596679688e-01
2.304670810699462891e-01
2.436139583587646484e-01
2.563493251800537109e-01
2.422258853912353516e-01
2.512395381927490234e-01
2.485971450805664062e-01
2.507610321044921875e-01
1.855108737945556641e-01
2.405781745910644531e-01
2.439055442810058594e-01
2.449517250061035156e-01
2.473573684692382812e-01
2.477765083312988281e-01
2.484297752380371094e-01
2.166111469268798828e-01
2.282195091247558594e-01
2.409741878509521484e-01
2.429671287536621094e-01
1.857728958129882812e-01
1.596045494079589844e-02
2.578535079956054688e-01
2.559733390808105469e-01
2.565736770629882812e-01
2.527649402618408203e-01
2.504730224609375000e-01
2.525124549865722656e-01
2.475631237030029297e-01
2.447812557220458984e-01
2.488687038421630859e-01
2.511126995086669922e-01
2.514648437500000000e-01
1.901943683624267578e-01
2.464959621429443359e-01
2.463681697845458984e-01
2.472567558288574219e-01
2.460091114044189453e-01
2.457079887390136719e-01
2.488403320312500000e-01
2.492425441741943359e-01
2.463078498840332031e-01
2.457292079925537109e-01
2.458975315093994141e-01
2.438139915466308594e-02
1.533017158508300781e-01
2.461218833923339844e-01
2.456970214843750000e-01
2.426552772521972656e-01
2.445933818817138672e-01
2.448644638061523438e-01
2.493166923522949219e-01
2.465889453887939453e-01
2.461535930633544922e-01
2.464816570281982422e-01
2.487266063690185547e-01
2.514362335205078125e-01
1.898794174194335938e-01
2.355988025665283203e-01
2.428781986236572266e-01
2.445843219757080078e-01
2.466139793395996094e-01
2.483417987823486328e-01
2.483124732971191406e-01
2.039291858673095703e-01
1.757838726043701172e-01
2.369744777679443359e-01
9.565138816833496094e-02
1.868309974670410156e-01
1.120843887329101562e-01
2.550191879272460938e-01
2.480528354644775391e-01
2.417354583740234375e-01
2.430810928344726562e-01
2.442288398742675781e-01
2.466895580291748047e-01
1.653828620910644531e-01
1.158323287963867188e-01
2.184994220733642578e-01
2.511601448059082031e-01
2.492542266845703125e-01
2.518467903137207031e-01
2.528955936431884766e-01
2.524595260620117188e-01
2.538721561431884766e-01
2.491707801818847656e-01
2.506604194641113281e-01
2.536401748657226562e-01
6.115603446960449219e-02
1.096203327178955078e-01
8.286023139953613281e-02
2.266788482666015625e-01
2.004230022430419922e-01
2.140827178955078125e-01
2.561798095703125000e-01
2.515754699707031250e-01
2.468228340148925781e-01
2.477600574493408203e-01
2.451865673065185547e-01
2.475657463073730469e-01
2.498264312744140625e-01
2.508482933044433594e-01
2.471299171447753906e-01
2.438600063323974609e-01
2.409291267395019531e-01
1.946008205413818359e-01
2.358515262603759766e-01
2.333581447601318359e-01
2.310864925384521484e-01
2.405910491943359375e-01
2.412767410278320312e-01
1.884434223175048828e-01
1.268219947814941406e-01
7.522535324096679688e-02
1.930541992187500000e-01
2.448668479919433594e-01
2.451045513153076172e-01
2.468969821929931641e-01
2.420701980590820312e-01
2.392716407775878906e-01
2.393558025360107422e-01
2.373337745666503906e-01
2.403025627136230469e-01
2.384960651397705078e-01
2.229650020599365234e-01
1.824119091033935547e-01
1.199898719787597656e-01
1.972296237945556641e-01
2.387356758117675781e-01
2.393879890441894531e-01
2.502694129943847656e-01
2.535459995269775391e-01
2.486085891723632812e-01
2.476892471313476562e-01
2.474706172943115234e-01
1.831555366516113281e-01
2.438449859619140625e-02
1.710186004638671875e-01
2.508041858673095703e-01
2.498836517333984375e-01
2.481820583343505859e-01
2.462825775146484375e-01
2.445964813232421875e-01
2.447478771209716797e-01
2.470560073852539062e-01
2.484183311462402344e-01
2.484951019287109375e-01
2.528297901153564453e-01
2.463257312774658203e-01
2.484605312347412109e-01
2.501058578491210938e-01
2.498490810394287109e-01
2.497730255126953125e-01
2.512245178222656250e-01
2.360477447509765625e-01
2.251436710357666016e-01
2.337868213653564453e-01
2.228143215179443359e-01
1.996219158172607422e-01
4.960155487060546875e-02
2.084550857543945312e-01
1.984307765960693359e-01
2.187840938568115234e-01
2.296013832092285156e-01
2.352426052093505859e-01
1.875460147857666016e-01
2.435393333435058594e-01
2.442209720611572266e-01
2.468822002410888672e-01
2.489778995513916016e-01
2.495388984680175781e-01
2.518329620361328125e-01
2.361962795257568359e-01
2.369804382324218750e-01
2.391037940979003906e-01
2.423186302185058594e-01
2.471120357513427734e-01
2.469286918640136719e-01
2.380290031433105469e-01
2.387135028839111328e-01
2.248172760009765625e-01
2.337231636047363281e-01
2.901673316955566406e-02
2.251715660095214844e-01
2.262611389160156250e-01
2.255856990814208984e-01
2.276344299316406250e-01
2.264180183410644531e-01
1.853010654449462891e-01
1.840314865112304688e-01
2.416017055511474609e-01
2.393655776977539062e-01
2.460727691650390625e-01
2.488224506378173828e-01
2.501590251922607422e-01
1.864104270935058594e-01
2.306587696075439453e-01
2.516651153564453125e-01
2.447769641876220703e-01
2.453527450561523438e-01
2.457726001739501953e-01
2.489411830902099609e-01
2.572562694549560547e-01
2.496073246002197266e-01
2.486808300018310547e-01
3.466510772705078125e-02
2.101457118988037109e-01
2.299513816833496094e-01
1.841299533843994141e-01
1.990597248077392578e-01
1.968863010406494141e-01
2.085251808166503906e-01
2.306129932403564453e-01
1.899399757385253906e-01
2.425203323364257812e-01
2.447757720947265625e-01
2.457675933837890625e-01
2.479305267333984375e-01
2.484047412872314453e-01
2.563495635986328125e-01
2.504491806030273438e-01
2.456009387969970703e-01
2.455573081970214844e-01
2.473156452178955078e-01
2.469167709350585938e-01
2.506310939788818359e-01
2.387497425079345703e-01
2.426531314849853516e-01
9.589123725891113281e-02
1.394951343536376953e-01
2.196860313415527344e-01
2.442274093627929688e-01
2.235848903656005859e-01
1.816306114196777344e-01
1.725459098815917969e-01
1.762475967407226562e-01
1.811599731445312500e-01
1.229295730590820312e-01
2.507660388946533203e-01
2.504053115844726562e-01
2.491483688354492188e-01
2.478046417236328125e-01
2.532036304473876953e-01
2.486584186553955078e-01
2.508714199066162109e-01
2.491438388824462891e-01
2.467708587646484375e-01
2.440285682678222656e-01
2.408218383789062500e-01
2.403783798217773438e-01
2.594435214996337891e-01
7.160949707031250000e-02
1.642096042633056641e-01
2.267861366271972656e-01
2.342309951782226562e-01
2.383646965026855469e-01
1.927616596221923828e-01
2.204937934875488281e-01
2.269673347473144531e-01
2.406005859375000000e-01
2.386674880981445312e-01
1.869266033172607422e-01
2.348573207855224609e-01
2.410376071929931641e-01
2.525761127471923828e-01
2.520756721496582031e-01
2.536492347717285156e-01
1.932003498077392578e-01
2.397754192352294922e-01
2.397224903106689453e-01
2.418210506439208984e-01
2.354776859283447266e-01
2.413709163665771484e-01
1.894285678863525391e-01
4.358267784118652344e-02
1.910223960876464844e-01
2.361383438110351562e-01
2.359726428985595703e-01
2.379517555236816406e-01
2.312006950378417969e-01
2.082419395446777344e-01
1.782624721527099609e-01
2.480034828186035156e-01
2.383201122283935547e-01
1.904070377349853516e-01
1.241226196289062500e-01
2.288482189178466797e-01
2.261433601379394531e-01
2.438569068908691406e-01
2.495851516723632812e-01
2.440249919891357422e-01
1.820557117462158203e-01
2.343063354492187500e-01
2.373192310333251953e-01
2.372801303863525391e-01
2.340269088745117188e-01
1.923530101776123047e-01
1.620078086853027344e-02
2.495536804199218750e-01
2.477505207061767578e-01
2.470397949218750000e-01
2.472312450408935547e-01
2.498102188110351562e-01
2.486054897308349609e-01
1.976742744445800781e-01
1.612603664398193359e-01
2.290039062500000000e-01
1.096036434173583984e-01
1.626451015472412109e-01
1.875255107879638672e-01
2.438132762908935547e-01
2.439687252044677734e-01
2.445664405822753906e-01
2.451920509338378906e-01
2.427375316619873047e-01
2.471952438354492188e-01
2.464168071746826172e-01
2.443215847015380859e-01
2.481913566589355469e-01
2.498495578765869141e-01
6.364059448242187500e-02
1.733009815216064453e-01
2.584722042083740234e-01
2.547225952148437500e-01
2.491042613983154297e-01
2.455275058746337891e-01
2.438960075378417969e-01
2.436089515686035156e-01
1.913652420043945312e-01
2.296228408813476562e-01
2.420647144317626953e-01
2.396059036254882812e-01
1.774137020111083984e-01
1.152577400207519531e-01
2.281541824340820312e-01
2.338037490844726562e-01
2.470092773437500000e-01
2.458641529083251953e-01
2.485713958740234375e-01
2.439732551574707031e-01
2.489352226257324219e-01
2.502658367156982422e-01
2.469656467437744141e-01
9.885597229003906250e-02
1.689827442169189453e-01
1.809799671173095703e-01
2.264144420623779297e-01
2.400252819061279297e-01
2.404930591583251953e-01
2.355456352233886719e-01
2.417576313018798828e-01
1.760404109954833984e-01
2.213537693023681641e-01
2.208545207977294922e-01
2.029616832733154297e-01
2.455699443817138672e-01
1.859452724456787109e-01
6.075644493103027344e-02
2.232363224029541016e-01
2.479641437530517578e-01
2.494754791259765625e-01
2.542316913604736328e-01
2.522454261779785156e-01
1.857478618621826172e-01
2.571861743927001953e-01
2.530343532562255859e-01
9.629154205322265625e-02
1.395785808563232422e-01
2.190542221069335938e-01
2.383089065551757812e-01
2.509200572967529297e-01
2.499852180480957031e-01
2.429952621459960938e-01
2.439138889312744141e-01
2.435622215270996094e-01
2.499473094940185547e-01
8.800864219665527344e-02
2.094604969024658203e-01
1.758744716644287109e-01
2.303967475891113281e-01
2.286529541015625000e-01
2.302801609039306641e-01
2.181584835052490234e-01
2.413468360900878906e-01
2.400338649749755859e-01
2.352793216705322266e-01
2.326421737670898438e-01
1.550865173339843750e-01
2.433207035064697266e-01
6.001543998718261719e-02
2.200593948364257812e-01
2.269036769866943359e-01
2.318348884582519531e-01
2.314679622650146484e-01
2.442529201507568359e-01
2.462606430053710938e-01
2.451694011688232422e-01
2.432260513305664062e-01
2.445523738861083984e-01
2.484986782073974609e-01
1.993410587310791016e-01
1.732537746429443359e-01
2.179262638092041016e-01
1.246764659881591797e-01
1.217222213745117188e-01
1.739435195922851562e-01
2.401990890502929688e-01
2.411391735076904297e-01
2.412443161010742188e-01
2.374839782714843750e-01
2.345128059387207031e-01
2.307326793670654297e-01
7.107138633728027344e-02
1.631996631622314453e-01
2.238047122955322266e-01
2.410089969635009766e-01
2.424073219299316406e-01
2.313506603240966797e-01
2.463424205780029297e-01
2.415902614593505859e-01
2.454524040222167969e-01
2.461760044097900391e-01
2.431678771972656250e-01
2.476243972778320312e-01
2.020494937896728516e-01
1.859834194183349609e-01
2.376348972320556641e-01
2.349584102630615234e-01
2.394986152648925781e-01
1.881957054138183594e-01
2.080066204071044922e-01
2.156417369842529297e-01
2.239704132080078125e-01
2.338621616363525391e-01
2.271463871002197266e-01
4.243373870849609375e-02
2.545702457427978516e-01
2.498674392700195312e-01
2.498521804809570312e-01
2.472848892211914062e-01
2.469241619110107422e-01
2.506246566772460938e-01
2.528595924377441406e-01
2.524683475494384766e-01
2.507767677307128906e-01
2.480635643005371094e-01
2.465403079986572266e-01
2.516536712646484375e-01
1.295619010925292969e-01
1.992669105529785156e-01
1.615896224975585938e-01
2.056431770324707031e-01
1.988615989685058594e-01
2.226722240447998047e-01
2.555429935455322266e-01
2.432420253753662109e-01
2.467761039733886719e-01
2.444167137145996094e-01
2.379512786865234375e-02
2.163538932800292969e-01
2.466406822204589844e-01
2.471692562103271484e-01
2.477493286132812500e-01
2.471854686737060547e-01
2.453782558441162109e-01
2.527093887329101562e-01
2.498667240142822266e-01
2.487366199493408203e-01
2.507019042968750000e-01
2.507803440093994141e-01
2.518367767333984375e-01
2.523064613342285156e-01
1.262714862823486328e-01
2.164318561553955078e-01
1.874208450317382812e-01
2.530457973480224609e-01
2.449951171875000000e-01
2.440433502197265625e-01
2.471761703491210938e-01
2.504348754882812500e-01
2.461655139923095703e-01
8.124542236328125000e-02
2.268550395965576172e-01
1.990919113159179688e-01
2.399511337280273438e-01
2.456548213958740234e-01
2.466545104980468750e-01
2.524719238281250000e-01
2.494251728057861328e-01
2.544620037078857422e-01
2.493166923522949219e-01
2.474987506866455078e-01
2.468018531799316406e-01
2.464127540588378906e-01
2.465252876281738281e-01
2.523076534271240234e-01
2.541010379791259766e-01
2.521536350250244141e-01
2.525060176849365234e-01
2.521121501922607422e-01
2.461075782775878906e-01
1.861679553985595703e-01
2.547883987426757812e-01
2.537240982055664062e-01
3.364920616149902344e-02
2.003071308135986328e-01
2.373344898223876953e-01
2.316508293151855469e-01
2.591128349304199219e-01
2.557134628295898438e-01
2.556178569793701172e-01
2.588655948638916016e-01
2.538671493530273438e-01
2.523789405822753906e-01
2.578682899475097656e-01
2.515876293182373047e-01
2.479898929595947266e-01
2.494044303894042969e-01
2.454545497894287109e-01
2.499709129333496094e-01
1.274278163909912109e-01
1.724994182586669922e-01
2.447957992553710938e-01
2.448742389678955078e-01
2.472169399261474609e-01
2.442548274993896484e-01
2.514743804931640625e-01
3.085851669311523438e-02
2.089972496032714844e-01
2.415308952331542969e-01
2.461268901824951172e-01
2.467112541198730469e-01
2.458853721618652344e-01
2.457797527313232422e-01
2.485325336456298828e-01
2.483754158020019531e-01
2.479448318481445312e-01
2.528371810913085938e-01
2.543973922729492188e-01
2.556309700012207031e-01
2.533907890319824219e-01
2.535178661346435547e-01
2.526993751525878906e-01
2.537770271301269531e-01
2.413475513458251953e-01
2.373533248901367188e-01
2.291989326477050781e-01
2.127401828765869141e-01
1.354131698608398438e-01
8.770537376403808594e-02
1.608228683471679688e-02
2.202444076538085938e-01
2.485027313232421875e-01
2.478034496307373047e-01
2.493455410003662109e-01
2.498736381530761719e-01
2.399625778198242188e-01
2.457594871520996094e-01
2.504689693450927734e-01
2.482039928436279297e-01
2.502424716949462891e-01
1.816523075103759766e-01
2.383863925933837891e-01
2.460482120513916016e-01
2.538900375366210938e-01
2.440576553344726562e-01
2.375257015228271484e-01
1.763713359832763672e-01
2.054774761199951172e-01
1.928110122680664062e-01
2.123856544494628906e-01
2.235872745513916016e-01
2.221903800964355469e-01
4.161238670349121094e-02
2.467601299285888672e-01
2.435343265533447266e-01
2.462065219879150391e-01
2.447450160980224609e-01
2.457425594329833984e-01
2.464582920074462891e-01
2.501337528228759766e-01
2.470004558563232422e-01
2.475771903991699219e-01
2.519133090972900391e-01
2.505235671997070312e-01
1.808238029479980469e-01
2.536430358886718750e-01
2.474615573883056641e-01
2.468347549438476562e-01
2.476358413696289062e-01
2.492537498474121094e-01
2.494418621063232422e-01
2.190380096435546875e-01
1.903715133666992188e-01
1.733286380767822266e-01
2.129838466644287109e-01
1.173458099365234375e-01
1.519529819488525391e-01
2.471263408660888672e-01
2.466669082641601562e-01
2.446415424346923828e-01
2.448368072509765625e-01
2.446260452270507812e-01
2.476112842559814453e-01
2.406692504882812500e-01
2.296104431152343750e-01
2.413957118988037109e-01
2.319087982177734375e-01
2.280695438385009766e-01
1.526932716369628906e-01
2.507941722869873047e-01
2.494878768920898438e-01
2.485051155090332031e-01
2.498478889465332031e-01
2.504959106445312500e-01
2.500834465026855469e-01
1.610548496246337891e-01
1.182019710540771484e-01
1.769020557403564453e-01
1.013593673706054688e-01
2.319715023040771484e-01
2.148582935333251953e-01
2.392654418945312500e-01
2.407348155975341797e-01
2.370247840881347656e-01
2.349667549133300781e-01
2.343006134033203125e-01
2.067320346832275391e-01
2.431871891021728516e-01
2.446858882904052734e-01
2.518179416656494141e-01
2.521970272064208984e-01
2.517933845520019531e-01
1.929240226745605469e-01
2.252063751220703125e-01
2.377419471740722656e-01
2.428915500640869141e-01
2.446715831756591797e-01
2.472655773162841797e-01
2.477755546569824219e-01
1.975464820861816406e-01
1.644916534423828125e-01
1.771283149719238281e-02
2.286472320556640625e-01
2.263615131378173828e-01
1.869301795959472656e-01
2.293169498443603516e-01
2.377851009368896484e-01
2.427484989166259766e-01
2.505321502685546875e-01
2.507717609405517578e-01
1.953978538513183594e-01
2.508594989776611328e-01
2.522814273834228516e-01
2.533919811248779297e-01
2.474493980407714844e-01
2.477900981903076172e-01
1.921927928924560547e-01
2.418019771575927734e-01
2.443153858184814453e-01
2.446050643920898438e-01
2.424883842468261719e-01
2.473890781402587891e-01
2.527682781219482422e-01
2.070231437683105469e-01
4.075717926025390625e-02
1.702876091003417969e-01
2.389559745788574219e-01
1.951928138732910156e-01
1.780095100402832031e-01
2.337579727172851562e-01
2.311477661132812500e-01
2.327380180358886719e-01
2.387933731079101562e-01
2.451245784759521484e-01
1.872427463531494141e-01
2.390482425689697266e-01
2.285466194152832031e-01
2.401213645935058594e-01
2.068057060241699219e-01
2.033274173736572266e-01
1.818900108337402344e-01
2.219176292419433594e-01
2.314627170562744141e-01
2.320964336395263672e-01
2.237236499786376953e-01
2.226397991180419922e-01
1.677753925323486328e-01
6.238865852355957031e-02
2.368378639221191406e-01
1.709370613098144531e-01
1.177227497100830078e-01
6.197547912597656250e-02
6.212735176086425781e-02
2.228357791900634766e-01
2.421994209289550781e-01
2.408750057220458984e-01
2.456879615783691406e-01
2.408463954925537109e-01
2.413239479064941406e-01
2.346270084381103516e-01
2.378134727478027344e-01
2.383840084075927734e-01
2.375528812408447266e-01
2.383646965026855469e-01
1.776301860809326172e-01
2.360627651214599609e-01
2.338709831237792969e-01
2.359583377838134766e-01
2.367675304412841797e-01
2.337858676910400391e-01
8.676815032958984375e-02
2.269263267517089844e-01
2.289328575134277344e-01
1.107535362243652344e-01
6.210041046142578125e-02
6.205844879150390625e-02
6.208658218383789062e-02
2.284362316131591797e-01
2.379062175750732422e-01
2.429120540618896484e-01
2.379479408264160156e-01
2.410166263580322266e-01
2.461469173431396484e-01
2.371654510498046875e-01
2.330801486968994141e-01
2.358553409576416016e-01
2.368800640106201172e-01
2.353167533874511719e-01
2.405769824981689453e-01
2.384264469146728516e-01
2.336840629577636719e-01
2.342431545257568359e-01
2.401175498962402344e-01
1.163809299468994141e-01
1.025075912475585938e-01
1.097462177276611328e-01
2.100980281829833984e-01
1.872937679290771484e-01
1.936812400817871094e-01
1.118440628051757812e-01
1.972396373748779297e-01
2.449467182159423828e-01
2.478280067443847656e-01
2.488613128662109375e-01
2.487547397613525391e-01
2.537617683410644531e-01
2.517771720886230469e-01
2.081210613250732422e-01
1.750500202178955078e-01
1.340358257293701172e-01
2.042994499206542969e-01
2.291712760925292969e-01
2.441651821136474609e-01
2.530765533447265625e-01
2.465755939483642578e-01
2.492039203643798828e-01
2.254199981689453125e-02
2.173318862915039062e-01
2.380468845367431641e-01
6.080079078674316406e-02
1.132364273071289062e-01
2.049157619476318359e-01
1.977651119232177734e-01
2.106690406799316406e-01
2.239573001861572266e-01
2.539303302764892578e-01
2.494449615478515625e-01
2.476499080657958984e-01
2.432134151458740234e-01
2.379128932952880859e-01
2.421517372131347656e-01
2.508304119110107422e-01
2.465484142303466797e-01
2.471568584442138672e-01
2.451899051666259766e-01
2.446119785308837891e-01
2.493522167205810547e-01
2.339556217193603516e-01
2.154800891876220703e-01
3.344202041625976562e-02
2.373042106628417969e-01
2.378714084625244141e-01
2.325437068939208984e-01
1.141126155853271484e-01
2.012875080108642578e-01
1.701877117156982422e-01
2.341916561126708984e-01
2.237095832824707031e-01
2.011232376098632812e-01
2.534060478210449219e-01
2.492594718933105469e-01
2.501597404479980469e-01
2.478795051574707031e-01
2.514674663543701172e-01
2.517342567443847656e-01
2.473087310791015625e-01
2.527837753295898438e-01
2.549500465393066406e-01
2.531588077545166016e-01
2.582316398620605469e-01
2.531859874725341797e-01
2.451758384704589844e-01
9.621429443359375000e-02
1.397981643676757812e-01
2.228422164916992188e-01
2.432687282562255859e-01
2.496771812438964844e-01
1.955916881561279297e-01
2.340533733367919922e-01
2.307245731353759766e-01
2.370553016662597656e-01
2.364242076873779297e-01
2.239634990692138672e-01
2.454180717468261719e-01
2.452151775360107422e-01
2.505300045013427734e-01
2.488112449645996094e-01
2.470605373382568359e-01
2.522919178009033203e-01
2.502973079681396484e-01
2.463219165802001953e-01
2.450180053710937500e-01
2.394068241119384766e-01
2.364757061004638672e-01
2.303369045257568359e-01
5.753731727600097656e-02
2.145032882690429688e-01
2.122304439544677734e-01
2.142686843872070312e-01
2.317433357238769531e-01
2.368364334106445312e-01
1.690363883972167969e-01
2.236623764038085938e-01
2.264223098754882812e-01
2.340347766876220703e-01
2.365679740905761719e-01
2.375071048736572266e-01
2.371711730957031250e-01
2.431735992431640625e-01
2.415385246276855469e-01
2.434680461883544922e-01
2.425751686096191406e-01
2.492382526397705078e-01
2.511963844299316406e-01
2.540576457977294922e-01
2.545034885406494141e-01
2.537713050842285156e-01
2.550470829010009766e-01
5.897974967956542969e-02
2.492423057556152344e-01
2.459685802459716797e-01
2.457838058471679688e-01
2.412135601043701172e-01
2.416124343872070312e-01
1.961758136749267578e-01
2.068126201629638672e-01
1.852610111236572266e-01
2.473435401916503906e-01
2.443275451660156250e-01
1.803922653198242188e-01
1.854121685028076172e-01
2.533931732177734375e-01
2.519819736480712891e-01
2.553706169128417969e-01
2.488732337951660156e-01
2.487270832061767578e-01
2.491123676300048828e-01
2.527971267700195312e-01
2.530224323272705078e-01
2.521753311157226562e-01
2.528851032257080078e-01
1.633644104003906250e-02
2.196977138519287109e-01
2.422661781311035156e-01
2.517271041870117188e-01
2.518565654754638672e-01
2.512085437774658203e-01
2.524013519287109375e-01
1.912162303924560547e-01
1.348321437835693359e-01
1.075916290283203125e-01
1.374905109405517578e-01
2.413554191589355469e-01
2.393443584442138672e-01
2.447609901428222656e-01
2.452330589294433594e-01
2.432308197021484375e-01
2.406661510467529297e-01
2.421026229858398438e-01
2.455997467041015625e-01
1.869676113128662109e-01
2.327988147735595703e-01
2.383136749267578125e-01
2.139692306518554688e-01
7.082009315490722656e-02
1.650707721710205078e-01
2.253682613372802734e-01
2.412991523742675781e-01
2.456948757171630859e-01
2.457008361816406250e-01
2.447645664215087891e-01
2.407293319702148438e-01
2.427918910980224609e-01
1.646053791046142578e-01
1.551973819732666016e-01
1.865684986114501953e-01
2.231936454772949219e-01
2.232484817504882812e-01
1.258659362792968750e-01
2.559688091278076172e-01
2.560901641845703125e-01
2.541003227233886719e-01
2.468831539154052734e-01
2.431943416595458984e-01
2.507805824279785156e-01
2.378911972045898438e-01
2.426831722259521484e-01
1.987433433532714844e-02
2.272512912750244141e-01
2.459170818328857422e-01
2.497670650482177734e-01
2.155160903930664062e-01
1.850156784057617188e-01
1.114253997802734375e-01
2.048959732055664062e-01
2.414624691009521484e-01
2.499046325683593750e-01
2.129495143890380859e-01
2.169752120971679688e-01
2.140564918518066406e-01
1.749379634857177734e-01
1.281981468200683594e-01
1.240780353546142578e-01
2.525625228881835938e-01
2.524282932281494141e-01
2.541911602020263672e-01
2.527172565460205078e-01
2.564103603363037109e-01
2.534584999084472656e-01
2.420179843902587891e-01
8.286142349243164062e-02
1.514124870300292969e-01
2.187540531158447266e-01
2.351570129394531250e-01
2.318978309631347656e-01
2.354962825775146484e-01
2.466514110565185547e-01
2.475764751434326172e-01
2.478621006011962891e-01
2.478368282318115234e-01
2.492511272430419922e-01
2.314636707305908203e-01
2.224185466766357422e-01
1.851365566253662109e-01
2.037384510040283203e-01
1.806056499481201172e-01
1.114163398742675781e-01
2.491714954376220703e-01
2.499139308929443359e-01
2.522199153900146484e-01
2.514486312866210938e-01
2.501137256622314453e-01
2.518463134765625000e-01
1.089718341827392578e-01
1.656358242034912109e-01
1.703190803527832031e-01
2.305176258087158203e-01
2.421777248382568359e-01
2.436625957489013672e-01
2.179932594299316406e-01
2.368440628051757812e-01
2.378833293914794922e-01
2.403266429901123047e-01
2.386052608489990234e-01
1.698276996612548828e-01
2.259559631347656250e-01
2.007310390472412109e-01
1.635360717773437500e-01
2.194700241088867188e-01
1.010041236877441406e-01
1.604950428009033203e-01
2.542715072631835938e-01
2.544755935668945312e-01
2.485151290893554688e-01
2.541542053222656250e-01
2.569766044616699219e-01
6.351017951965332031e-02
2.525193691253662109e-01
2.504601478576660156e-01
2.504780292510986328e-01
2.473411560058593750e-01
2.499465942382812500e-01
2.462522983551025391e-01
2.531633377075195312e-01
2.458686828613281250e-01
2.471632957458496094e-01
2.489061355590820312e-01
2.442648410797119141e-01
2.425391674041748047e-01
2.163400650024414062e-01
2.227797508239746094e-01
2.272782325744628906e-01
2.290761470794677734e-01
7.481789588928222656e-02
8.592724800109863281e-02
2.297117710113525391e-01
2.411818504333496094e-01
2.367379665374755859e-01
2.400753498077392578e-01
8.939075469970703125e-02
1.739931106567382812e-01
2.339847087860107422e-01
2.470712661743164062e-01
2.488713264465332031e-01
2.503347396850585938e-01
2.512230873107910156e-01
2.553024291992187500e-01
2.541670799255371094e-01
2.517328262329101562e-01
2.505199909210205078e-01
2.511622905731201172e-01
2.503256797790527344e-01
2.518353462219238281e-01
2.296216487884521484e-01
2.152891159057617188e-01
2.196302413940429688e-01
2.380251884460449219e-01
1.353650093078613281e-01
1.266741752624511719e-01
2.460331916809082031e-01
2.441015243530273438e-01
2.441263198852539062e-01
8.640694618225097656e-02
1.495242118835449219e-01
2.182602882385253906e-01
2.037756443023681641e-01
2.124800682067871094e-01
2.227303981781005859e-01
2.304108142852783203e-01
2.325146198272705078e-01
1.730384826660156250e-01
2.199039459228515625e-01
2.312848567962646484e-01
2.344193458557128906e-01
2.371129989624023438e-01
2.374532222747802734e-01
2.343895435333251953e-01
2.303636074066162109e-01
2.268307209014892578e-01
1.791994571685791016e-01
6.171202659606933594e-02
6.146550178527832031e-02
6.157898902893066406e-02
2.452964782714843750e-01
2.436800003051757812e-01
9.853982925415039062e-02
1.299550533294677734e-01
2.041587829589843750e-01
2.318470478057861328e-01
2.330946922302246094e-01
2.310514450073242188e-01
2.296698093414306641e-01
2.274911403656005859e-01
2.255091667175292969e-01
2.254865169525146484e-01
2.310805320739746094e-01
2.334711551666259766e-01
2.305252552032470703e-01
2.378876209259033203e-01
2.311351299285888672e-01
2.388417720794677734e-01
1.426448822021484375e-01
2.170429229736328125e-01
2.333233356475830078e-01
1.741077899932861328e-01
6.125736236572265625e-02
6.125974655151367188e-02
2.261795997619628906e-01
1.135346889495849609e-01
1.873998641967773438e-01
2.270870208740234375e-01
2.252781391143798828e-01
1.678099632263183594e-01
2.218809127807617188e-01
2.343077659606933594e-01
2.352278232574462891e-01
2.303400039672851562e-01
2.336993217468261719e-01
1.788556575775146484e-01
2.234957218170166016e-01
2.336928844451904297e-01
2.342891693115234375e-01
2.253451347351074219e-01
2.231206893920898438e-01
1.393663883209228516e-01
1.852433681488037109e-01
1.592490673065185547e-01
2.209236621856689453e-01
1.666321754455566406e-01
1.713891029357910156e-01
1.680581569671630859e-01
4.441237449645996094e-02
1.882622241973876953e-01
2.334237098693847656e-01
2.392873764038085938e-01
2.229325771331787109e-01
2.304253578186035156e-01
2.447564601898193359e-01
2.451932430267333984e-01
2.453265190124511719e-01
2.456717491149902344e-01
2.492032051086425781e-01
2.459282875061035156e-01
2.405583858489990234e-01
2.437705993652343750e-01
2.426505088806152344e-01
2.447342872619628906e-01
2.462460994720458984e-01
2.454228401184082031e-01
2.011425495147705078e-01
2.238509654998779297e-01
2.303388118743896484e-01
2.431592941284179688e-01
1.135678291320800781e-01
3.952860832214355469e-02
2.551617622375488281e-01
2.528746128082275391e-01
2.432491779327392578e-01
2.428438663482666016e-01
2.485468387603759766e-01
1.843993663787841797e-01
2.259864807128906250e-01
2.363750934600830078e-01
2.385561466217041016e-01
2.308759689331054688e-01
2.430799007415771484e-01
1.294159889221191406e-01
2.426209449768066406e-01
2.466931343078613281e-01
2.465615272521972656e-01
2.495322227478027344e-01
2.478220462799072266e-01
2.440114021301269531e-01
2.366085052490234375e-01
2.279665470123291016e-01
2.477934360504150391e-01
1.862106323242187500e-01
1.601982116699218750e-02
8.791279792785644531e-02
2.533221244812011719e-01
2.454316616058349609e-01
2.451682090759277344e-01
2.465572357177734375e-01
2.463748455047607422e-01
1.839604377746582031e-01
2.206912040710449219e-01
2.314317226409912109e-01
2.358601093292236328e-01
2.270522117614746094e-01
2.411122322082519531e-01
1.304905414581298828e-01
2.512483596801757812e-01
2.484400272369384766e-01
2.453639507293701172e-01
2.465546131134033203e-01
2.444062232971191406e-01
2.456436157226562500e-01
2.171854972839355469e-01
2.272768020629882812e-01
2.382342815399169922e-01
7.530260086059570312e-02
2.358124256134033203e-01
1.746616363525390625e-01
2.419033050537109375e-01
2.387356758117675781e-01
2.418594360351562500e-01
2.421317100524902344e-01
2.401051521301269531e-01
2.436468601226806641e-01
2.475490570068359375e-01
2.432303428649902344e-01
2.443060874938964844e-01
2.487616539001464844e-01
2.462439537048339844e-01
1.764633655548095703e-01
2.399890422821044922e-01
2.417442798614501953e-01
2.446215152740478516e-01
2.434401512145996094e-01
2.444553375244140625e-01
2.450971603393554688e-01
1.653382778167724609e-01
1.870958805084228516e-01
1.158516407012939453e-01
2.177770137786865234e-01
1.736147403717041016e-01
1.547679901123046875e-01
2.532663345336914062e-01
2.460777759552001953e-01
2.441945075988769531e-01
2.438375949859619141e-01
2.436318397521972656e-01
2.448508739471435547e-01
2.459404468536376953e-01
2.449381351470947266e-01
2.460381984710693359e-01
2.452244758605957031e-01
2.507143020629882812e-01
1.932106018066406250e-01
2.377250194549560547e-01
2.379727363586425781e-01
2.406220436096191406e-01
2.414216995239257812e-01
2.440185546875000000e-01
2.443542480468750000e-01
1.544215679168701172e-01
1.161286830902099609e-01
2.401964664459228516e-01
2.445101737976074219e-01
1.865291595458984375e-01
1.266777515411376953e-01
2.301552295684814453e-01
2.431442737579345703e-01
2.508082389831542969e-01
2.483737468719482422e-01
2.463052272796630859e-01
1.823825836181640625e-01
2.385892868041992188e-01
2.458839416503906250e-01
2.426872253417968750e-01
2.419531345367431641e-01
2.395908832550048828e-01
1.712107658386230469e-01
2.446589469909667969e-01
2.509229183197021484e-01
2.488863468170166016e-01
2.501132488250732422e-01
2.473695278167724609e-01
1.779835224151611328e-01
1.617646217346191406e-02
1.825597286224365234e-01
2.192044258117675781e-01
2.219886779785156250e-01
2.240538597106933594e-01
1.861181259155273438e-01
2.515535354614257812e-01
2.479276657104492188e-01
2.423357963562011719e-01
2.418339252471923828e-01
2.382814884185791016e-01
2.460832595825195312e-01
2.380084991455078125e-01
2.299678325653076172e-01
2.414786815643310547e-01
2.202651500701904297e-01
2.375466823577880859e-01
1.308794021606445312e-01
2.265722751617431641e-01
2.395172119140625000e-01
2.475337982177734375e-01
2.483541965484619141e-01
2.517902851104736328e-01
4.916024208068847656e-02
2.069315910339355469e-01
2.027642726898193359e-01
2.170205116271972656e-01
2.337603569030761719e-01
2.334287166595458984e-01
6.147861480712890625e-02
2.425768375396728516e-01
2.442164421081542969e-01
2.442719936370849609e-01
2.414720058441162109e-01
2.441480159759521484e-01
2.388322353363037109e-01
2.308151721954345703e-01
2.338933944702148438e-01
2.329263687133789062e-01
2.280821800231933594e-01
2.233829498291015625e-01
1.679787635803222656e-01
2.288000583648681641e-01
2.339816093444824219e-01
2.417628765106201172e-01
2.469389438629150391e-01
9.868812561035156250e-02
1.295876502990722656e-01
2.109334468841552734e-01
2.039093971252441406e-01
2.063913345336914062e-01
2.058970928192138672e-01
2.197527885437011719e-01
1.916174888610839844e-01
2.384424209594726562e-01
2.429027557373046875e-01
2.439622879028320312e-01
2.409689426422119141e-01
2.364010810852050781e-01
2.401006221771240234e-01
2.358272075653076172e-01
2.406120300292968750e-01
2.426099777221679688e-01
2.431366443634033203e-01
2.414171695709228516e-01
1.851484775543212891e-01
2.260007858276367188e-01
2.341623306274414062e-01
2.379798889160156250e-01
6.330418586730957031e-02
2.360560894012451172e-01
2.286095619201660156e-01
2.235155105590820312e-01
2.230179309844970703e-01
2.192280292510986328e-01
2.211980819702148438e-01
2.005574703216552734e-01
6.096792221069335938e-02
2.426004409790039062e-01
2.434535026550292969e-01
2.447497844696044922e-01
2.453570365905761719e-01
2.420251369476318359e-01
2.432885169982910156e-01
2.478640079498291016e-01
2.440242767333984375e-01
2.457025051116943359e-01
2.455670833587646484e-01
2.461550235748291016e-01
2.493512630462646484e-01
2.552778720855712891e-01
2.535703182220458984e-01
9.580731391906738281e-02
1.315140724182128906e-01
2.168107032775878906e-01
2.399168014526367188e-01
2.077140808105468750e-01
1.804955005645751953e-01
2.426276206970214844e-01
2.402405738830566406e-01
1.886520385742187500e-01
1.272282600402832031e-01
2.295548915863037109e-01
2.319216728210449219e-01
2.310471534729003906e-01
2.445640563964843750e-01
2.434260845184326172e-01
1.750164031982421875e-01
2.394423484802246094e-01
2.387001514434814453e-01
2.351329326629638672e-01
2.411861419677734375e-01
2.384932041168212891e-01
1.655802726745605469e-01
2.528495788574218750e-01
5.078983306884765625e-02
2.099018096923828125e-01
2.314474582672119141e-01
2.395627498626708984e-01
2.496645450592041016e-01
2.078843116760253906e-01
2.259261608123779297e-01
2.371308803558349609e-01
2.390251159667968750e-01
1.776523590087890625e-01
1.203808784484863281e-01
2.536621093750000000e-01
2.466771602630615234e-01
2.430021762847900391e-01
2.445144653320312500e-01
2.453041076660156250e-01
2.463397979736328125e-01
2.550101280212402344e-01
2.533771991729736328e-01
2.501389980316162109e-01
2.485761642456054688e-01
2.454855442047119141e-01
2.573087215423583984e-01
1.074652671813964844e-01
2.386138439178466797e-01
2.062034606933593750e-01
1.686162948608398438e-01
1.248736381530761719e-01
2.187559604644775391e-01
2.260818481445312500e-01
2.290294170379638672e-01
2.311680316925048828e-01
1.862661838531494141e-01
1.830966472625732422e-01
6.076979637145996094e-02
2.421240806579589844e-01
2.407350540161132812e-01
2.353339195251464844e-01
2.411582469940185547e-01
2.445867061614990234e-01
2.415504455566406250e-01
2.362222671508789062e-01
2.447357177734375000e-01
2.473654747009277344e-01
2.451295852661132812e-01
2.412996292114257812e-01
8.303809165954589844e-02
2.445833683013916016e-01
2.425096035003662109e-01
2.458412647247314453e-01
2.363827228546142578e-01
2.371273040771484375e-01
1.670215129852294922e-01
2.337810993194580078e-01
2.269546985626220703e-01
2.389855384826660156e-01
1.951062679290771484e-01
1.303844451904296875e-01
6.081104278564453125e-02
2.385747432708740234e-01
2.476894855499267578e-01
2.472321987152099609e-01
2.487921714782714844e-01
2.525882720947265625e-01
2.574107646942138672e-01
2.386295795440673828e-01
2.395274639129638672e-01
2.398645877838134766e-01
2.401220798492431641e-01
1.021506786346435547e-01
1.716334819793701172e-01
2.583394050598144531e-01
2.517955303192138672e-01
2.467041015625000000e-01
2.467432022094726562e-01
2.392227649688720703e-01
1.745698451995849609e-01
1.965453624725341797e-01
2.299680709838867188e-01
2.348172664642333984e-01
2.371129989624023438e-01
1.675012111663818359e-01
1.247930526733398438e-01
2.266719341278076172e-01
2.256643772125244141e-01
2.401242256164550781e-01
2.497718334197998047e-01
2.439391613006591797e-01
1.854648590087890625e-01
2.386174201965332031e-01
2.393665313720703125e-01
2.426860332489013672e-01
8.870172500610351562e-02
1.416108608245849609e-01
2.137825489044189453e-01
2.400791645050048828e-01
2.401950359344482422e-01
2.398087978363037109e-01
2.404017448425292969e-01
2.400257587432861328e-01
1.891725063323974609e-01
