1.556795835494995117e+00
2.523615360260009766e-01
2.479236125946044922e-01
2.483308315277099609e-01
2.472286224365234375e-01
2.499206066131591797e-01
2.438223361968994141e-01
2.419309616088867188e-01
2.407391071319580078e-01
2.407362461090087891e-01
2.417256832122802734e-01
2.381963729858398438e-01
2.338764667510986328e-01
2.358949184417724609e-01
2.355120182037353516e-01
2.360684871673583984e-01
2.362265586853027344e-01
2.385797500610351562e-01
2.373704910278320312e-01
2.378680706024169922e-01
2.379190921783447266e-01
2.383258342742919922e-01
1.027743816375732422e-01
2.549781799316406250e-01
2.510273456573486328e-01
2.435584068298339844e-01
2.434158325195312500e-01
2.366225719451904297e-01
2.359302043914794922e-01
2.432432174682617188e-01
2.425081729888916016e-01
2.426314353942871094e-01
2.413554191589355469e-01
2.390019893646240234e-01
2.386281490325927734e-01
2.410709857940673828e-01
2.409105300903320312e-01
2.414236068725585938e-01
2.414164543151855469e-01
2.410328388214111328e-01
2.408843040466308594e-01
2.409508228302001953e-01
2.413005828857421875e-01
2.411925792694091797e-01
2.412769794464111328e-01
8.729529380798339844e-02
2.531845569610595703e-01
2.439939975738525391e-01
2.415251731872558594e-01
2.413988113403320312e-01
2.409403324127197266e-01
2.407679557800292969e-01
2.410416603088378906e-01
2.387483119964599609e-01
2.392086982727050781e-01
2.393219470977783203e-01
2.388374805450439453e-01
2.412436008453369141e-01
2.151167392730712891e-01
2.342598438262939453e-01
2.340533733367919922e-01
2.363996505737304688e-01
2.434127330780029297e-01
2.388155460357666016e-01
2.431733608245849609e-01
2.449388504028320312e-01
2.412409782409667969e-01
2.411553859710693359e-01
8.497667312622070312e-02
2.535598278045654297e-01
2.466137409210205078e-01
2.472965717315673828e-01
2.471764087677001953e-01
2.474520206451416016e-01
2.494161128997802734e-01
2.460529804229736328e-01
2.458748817443847656e-01
2.462108135223388672e-01
2.465410232543945312e-01
2.461922168731689453e-01
2.466351985931396484e-01
2.462222576141357422e-01
2.463459968566894531e-01
2.460517883300781250e-01
2.460558414459228516e-01
2.463638782501220703e-01
2.460453510284423828e-01
2.458646297454833984e-01
2.459902763366699219e-01
2.459590435028076172e-01
2.471482753753662109e-01
8.495450019836425781e-02
2.529323101043701172e-01
2.529776096343994141e-01
2.491579055786132812e-01
2.367560863494873047e-01
2.399458885192871094e-01
2.411136627197265625e-01
2.397139072418212891e-01
2.388517856597900391e-01
2.420172691345214844e-01
2.417120933532714844e-01
2.419252395629882812e-01
2.421157360076904297e-01
2.422490119934082031e-01
2.418563365936279297e-01
2.416200637817382812e-01
2.420165538787841797e-01
2.420988082885742188e-01
2.422938346862792969e-01
2.424776554107666016e-01
2.443377971649169922e-01
2.371404170989990234e-01
2.464525699615478516e-01
8.813476562500000000e-02
2.562363147735595703e-01
2.549822330474853516e-01
2.441236972808837891e-01
2.418315410614013672e-01
2.420923709869384766e-01
2.291622161865234375e-01
2.311713695526123047e-01
2.362949848175048828e-01
2.275013923645019531e-01
2.384843826293945312e-01
2.368168830871582031e-01
2.455062866210937500e-01
2.469274997711181641e-01
2.469425201416015625e-01
2.482104301452636719e-01
2.499139308929443359e-01
2.501015663146972656e-01
2.500793933868408203e-01
2.540712356567382812e-01
2.524766921997070312e-01
2.463724613189697266e-01
1.787450313568115234e-01
1.777338981628417969e-02
2.555162906646728516e-01
2.465639114379882812e-01
2.440366744995117188e-01
2.393994331359863281e-01
2.394132614135742188e-01
2.397060394287109375e-01
2.397551536560058594e-01
2.397148609161376953e-01
2.395298480987548828e-01
2.396831512451171875e-01
2.394082546234130859e-01
2.400078773498535156e-01
2.391164302825927734e-01
2.400519847869873047e-01
2.397322654724121094e-01
2.400238513946533203e-01
2.422950267791748047e-01
2.414586544036865234e-01
2.416746616363525391e-01
2.417163848876953125e-01
2.416782379150390625e-01
2.418403625488281250e-01
8.955073356628417969e-02
2.554492950439453125e-01
2.529435157775878906e-01
2.517566680908203125e-01
2.468984127044677734e-01
2.435147762298583984e-01
2.432758808135986328e-01
2.406702041625976562e-01
2.406289577484130859e-01
2.407338619232177734e-01
2.405664920806884766e-01
2.433452606201171875e-01
2.429330348968505859e-01
1.093676090240478516e-01
2.205250263214111328e-01
2.229855060577392578e-01
2.295975685119628906e-01
2.389864921569824219e-01
2.462906837463378906e-01
2.475621700286865234e-01
2.327475547790527344e-01
2.392749786376953125e-01
2.461278438568115234e-01
5.312418937683105469e-02
2.561359405517578125e-01
2.523655891418457031e-01
2.458183765411376953e-01
2.440712451934814453e-01
2.408568859100341797e-01
2.394325733184814453e-01
2.413699626922607422e-01
2.417044639587402344e-01
2.415556907653808594e-01
2.393512725830078125e-01
2.410151958465576172e-01
2.416396141052246094e-01
2.377130985260009766e-01
2.380549907684326172e-01
2.379291057586669922e-01
2.381091117858886719e-01
2.379753589630126953e-01
2.368891239166259766e-01
2.390468120574951172e-01
2.394735813140869141e-01
2.391066551208496094e-01
2.392539978027343750e-01
8.507275581359863281e-02
2.557783126831054688e-01
2.576305866241455078e-01
2.523293495178222656e-01
2.454447746276855469e-01
2.409350872039794922e-01
2.384445667266845703e-01
2.397649288177490234e-01
2.397561073303222656e-01
2.404794692993164062e-01
2.397732734680175781e-01
2.399225234985351562e-01
2.395145893096923828e-01
2.401032447814941406e-01
2.399518489837646484e-01
2.400882244110107422e-01
2.400786876678466797e-01
2.397367954254150391e-01
2.399096488952636719e-01
2.398705482482910156e-01
2.403399944305419922e-01
2.399253845214843750e-01
2.397158145904541016e-01
8.591008186340332031e-02
2.563619613647460938e-01
2.491652965545654297e-01
2.447750568389892578e-01
2.398517131805419922e-01
2.381596565246582031e-01
2.399024963378906250e-01
2.392327785491943359e-01
2.368891239166259766e-01
2.395277023315429688e-01
2.417221069335937500e-01
2.286329269409179688e-01
2.303931713104248047e-01
2.336106300354003906e-01
2.419061660766601562e-01
2.467818260192871094e-01
2.483756542205810547e-01
2.472674846649169922e-01
2.465405464172363281e-01
2.459957599639892578e-01
2.458112239837646484e-01
2.460367679595947266e-01
2.456746101379394531e-01
4.036617279052734375e-02
2.556405067443847656e-01
2.522842884063720703e-01
2.451307773590087891e-01
2.404665946960449219e-01
2.378144264221191406e-01
2.315325736999511719e-01
2.307424545288085938e-01
2.372181415557861328e-01
2.422006130218505859e-01
2.404575347900390625e-01
2.443218231201171875e-01
2.448055744171142578e-01
2.455852031707763672e-01
2.463889122009277344e-01
2.466278076171875000e-01
2.494399547576904297e-01
2.481594085693359375e-01
2.477173805236816406e-01
2.475411891937255859e-01
2.475776672363281250e-01
2.474639415740966797e-01
2.477164268493652344e-01
5.451369285583496094e-02
2.558236122131347656e-01
2.520012855529785156e-01
2.509207725524902344e-01
2.511107921600341797e-01
2.510011196136474609e-01
2.513327598571777344e-01
2.517142295837402344e-01
2.508294582366943359e-01
2.508664131164550781e-01
2.476539611816406250e-01
2.478709220886230469e-01
2.467834949493408203e-01
1.262664794921875000e-01
2.486059665679931641e-01
2.485194206237792969e-01
2.487123012542724609e-01
2.497751712799072266e-01
2.534534931182861328e-01
2.484123706817626953e-01
2.487852573394775391e-01
2.488138675689697266e-01
2.467668056488037109e-01
6.358766555786132812e-02
2.589421272277832031e-01
2.175433635711669922e-01
2.158958911895751953e-01
2.135572433471679688e-01
2.179815769195556641e-01
2.200403213500976562e-01
2.248547077178955078e-01
2.294638156890869141e-01
2.308220863342285156e-01
2.425606250762939453e-01
2.408602237701416016e-01
2.413744926452636719e-01
2.445080280303955078e-01
2.465631961822509766e-01
2.486584186553955078e-01
2.501599788665771484e-01
2.502529621124267578e-01
2.504875659942626953e-01
2.507915496826171875e-01
2.493116855621337891e-01
2.457866668701171875e-01
2.438204288482666016e-01
4.673099517822265625e-02
2.568891048431396484e-01
2.496817111968994141e-01
2.469065189361572266e-01
2.456312179565429688e-01
2.440526485443115234e-01
2.443909645080566406e-01
2.441287040710449219e-01
2.441818714141845703e-01
2.439675331115722656e-01
2.441198825836181641e-01
2.442426681518554688e-01
2.432901859283447266e-01
2.449610233306884766e-01
2.448849678039550781e-01
2.445161342620849609e-01
2.449707984924316406e-01
2.433085441589355469e-01
2.430009841918945312e-01
2.434744834899902344e-01
2.432801723480224609e-01
2.433104515075683594e-01
2.430825233459472656e-01
8.582711219787597656e-02
2.550995349884033203e-01
2.514393329620361328e-01
2.514355182647705078e-01
2.472014427185058594e-01
2.449862957000732422e-01
2.452845573425292969e-01
2.447726726531982422e-01
2.453033924102783203e-01
2.452988624572753906e-01
2.450823783874511719e-01
2.444100379943847656e-01
2.447626590728759766e-01
2.449800968170166016e-01
2.451457977294921875e-01
2.450404167175292969e-01
2.200286388397216797e-01
2.225768566131591797e-01
2.270650863647460938e-01
2.225601673126220703e-01
2.224960327148437500e-01
2.226622104644775391e-01
2.226684093475341797e-01
5.693197250366210938e-02
2.558562755584716797e-01
2.501838207244873047e-01
2.498507499694824219e-01
2.496368885040283203e-01
2.497370243072509766e-01
2.498364448547363281e-01
2.471103668212890625e-01
2.401411533355712891e-01
2.399203777313232422e-01
2.378604412078857422e-01
2.373995780944824219e-01
2.377824783325195312e-01
2.403821945190429688e-01
2.446870803833007812e-01
2.447929382324218750e-01
2.423722743988037109e-01
2.420661449432373047e-01
2.433037757873535156e-01
2.425496578216552734e-01
2.419693470001220703e-01
2.429153919219970703e-01
2.427723407745361328e-01
8.962607383728027344e-02
2.572855949401855469e-01
2.547488212585449219e-01
2.561407089233398438e-01
2.536234855651855469e-01
2.467975616455078125e-01
2.437486648559570312e-01
2.437553405761718750e-01
2.432785034179687500e-01
2.429971694946289062e-01
2.431209087371826172e-01
2.434117794036865234e-01
2.432229518890380859e-01
1.296737194061279297e-01
2.402632236480712891e-01
2.501533031463623047e-01
2.521378993988037109e-01
2.531125545501708984e-01
2.526221275329589844e-01
2.557594776153564453e-01
2.552268505096435547e-01
2.559692859649658203e-01
2.538745403289794922e-01
7.801818847656250000e-02
2.602443695068359375e-01
2.566072940826416016e-01
2.532868385314941406e-01
2.526721954345703125e-01
2.502057552337646484e-01
2.500665187835693359e-01
2.492723464965820312e-01
2.516367435455322266e-01
2.498352527618408203e-01
2.462203502655029297e-01
2.450952529907226562e-01
2.453062534332275391e-01
2.457661628723144531e-01
2.438781261444091797e-01
2.435555458068847656e-01
2.434434890747070312e-01
2.435779571533203125e-01
2.440235614776611328e-01
2.430710792541503906e-01
2.415168285369873047e-01
2.428169250488281250e-01
2.441055774688720703e-01
4.261970520019531250e-02
2.588405609130859375e-01
2.573852539062500000e-01
2.501370906829833984e-01
2.497203350067138672e-01
2.476356029510498047e-01
2.454693317413330078e-01
2.428994178771972656e-01
2.405266761779785156e-01
2.410960197448730469e-01
2.406120300292968750e-01
2.408201694488525391e-01
2.407064437866210938e-01
2.428593635559082031e-01
2.433419227600097656e-01
2.427299022674560547e-01
2.431669235229492188e-01
2.427656650543212891e-01
2.432489395141601562e-01
2.429680824279785156e-01
2.428812980651855469e-01
2.434232234954833984e-01
2.433924674987792969e-01
8.810567855834960938e-02
2.593739032745361328e-01
2.563102245330810547e-01
2.524523735046386719e-01
2.477767467498779297e-01
2.497603893280029297e-01
2.495541572570800781e-01
2.475380897521972656e-01
2.479929924011230469e-01
2.382578849792480469e-01
2.451930046081542969e-01
2.428207397460937500e-01
2.427999973297119141e-01
2.432882785797119141e-01
2.425234317779541016e-01
2.419826984405517578e-01
2.425253391265869141e-01
2.430379390716552734e-01
2.434175014495849609e-01
2.432968616485595703e-01
2.434113025665283203e-01
2.440838813781738281e-01
2.466642856597900391e-01
3.386259078979492188e-02
2.579739093780517578e-01
2.584261894226074219e-01
2.531855106353759766e-01
2.460474967956542969e-01
2.433176040649414062e-01
2.428092956542968750e-01
2.384648323059082031e-01
2.381916046142578125e-01
2.409977912902832031e-01
2.384805679321289062e-01
2.409043312072753906e-01
2.409691810607910156e-01
2.408463954925537109e-01
2.408280372619628906e-01
2.406499385833740234e-01
2.408301830291748047e-01
2.408015727996826172e-01
2.406389713287353516e-01
2.405891418457031250e-01
2.404377460479736328e-01
2.409431934356689453e-01
2.408537864685058594e-01
8.762645721435546875e-02
2.549662590026855469e-01
2.497909069061279297e-01
2.461283206939697266e-01
2.463808059692382812e-01
2.464461326599121094e-01
2.472007274627685547e-01
2.471673488616943359e-01
2.481508255004882812e-01
2.479920387268066406e-01
2.486672401428222656e-01
2.495427131652832031e-01
2.492103576660156250e-01
1.252319812774658203e-01
1.266512870788574219e-01
2.061398029327392578e-01
2.197067737579345703e-01
2.195649147033691406e-01
2.171077728271484375e-01
2.102978229522705078e-01
1.992392539978027344e-01
1.783151626586914062e-01
1.691935062408447266e-01
1.203663349151611328e-01
2.557866573333740234e-01
2.511909008026123047e-01
2.444648742675781250e-01
2.459261417388916016e-01
2.433753013610839844e-01
2.412738800048828125e-01
2.444531917572021484e-01
2.444415092468261719e-01
2.443976402282714844e-01
2.447071075439453125e-01
2.449185848236083984e-01
2.117445468902587891e-01
2.141964435577392578e-01
2.167487144470214844e-01
2.141199111938476562e-01
2.187714576721191406e-01
2.210557460784912109e-01
2.207767963409423828e-01
2.212510108947753906e-01
2.214474678039550781e-01
2.216789722442626953e-01
2.236201763153076172e-01
5.008244514465332031e-02
2.581813335418701172e-01
2.530221939086914062e-01
2.474720478057861328e-01
2.458326816558837891e-01
2.431845664978027344e-01
2.426378726959228516e-01
2.452893257141113281e-01
2.450087070465087891e-01
2.451789379119873047e-01
2.453982830047607422e-01
2.447924613952636719e-01
2.450015544891357422e-01
2.450628280639648438e-01
2.454216480255126953e-01
2.427744865417480469e-01
2.427067756652832031e-01
2.433655261993408203e-01
2.410082817077636719e-01
2.426416873931884766e-01
2.431340217590332031e-01
2.452158927917480469e-01
2.453861236572265625e-01
8.081221580505371094e-02
2.557966709136962891e-01
2.527542114257812500e-01
2.523028850555419922e-01
2.526080608367919922e-01
2.511353492736816406e-01
2.512338161468505859e-01
2.519834041595458984e-01
2.518346309661865234e-01
2.516484260559082031e-01
2.515993118286132812e-01
2.499680519104003906e-01
2.518005371093750000e-01
2.513203620910644531e-01
2.491655349731445312e-01
2.492513656616210938e-01
2.489511966705322266e-01
2.493109703063964844e-01
2.493872642517089844e-01
2.498500347137451172e-01
2.471404075622558594e-01
2.467408180236816406e-01
2.468416690826416016e-01
4.354095458984375000e-02
2.584521770477294922e-01
2.532002925872802734e-01
2.251782417297363281e-01
2.251713275909423828e-01
2.254078388214111328e-01
2.271766662597656250e-01
2.229487895965576172e-01
2.253017425537109375e-01
2.259371280670166016e-01
2.235093116760253906e-01
2.218194007873535156e-01
2.217803001403808594e-01
2.220873832702636719e-01
2.214140892028808594e-01
2.211301326751708984e-01
2.208855152130126953e-01
2.213361263275146484e-01
2.213954925537109375e-01
2.209715843200683594e-01
2.216234207153320312e-01
2.208557128906250000e-01
2.213945388793945312e-01
4.998922348022460938e-02
2.554590702056884766e-01
2.537212371826171875e-01
2.528016567230224609e-01
2.434792518615722656e-01
2.446479797363281250e-01
2.462937831878662109e-01
2.461965084075927734e-01
2.444338798522949219e-01
2.431492805480957031e-01
2.441942691802978516e-01
2.449357509613037109e-01
2.468702793121337891e-01
1.238577365875244141e-01
2.457845211029052734e-01
2.458240985870361328e-01
2.465980052947998047e-01
2.469544410705566406e-01
2.472853660583496094e-01
2.465035915374755859e-01
2.465467453002929688e-01
2.457633018493652344e-01
2.463552951812744141e-01
4.850268363952636719e-02
2.555162906646728516e-01
2.547192573547363281e-01
2.545664310455322266e-01
2.548592090606689453e-01
2.523922920227050781e-01
2.525823116302490234e-01
2.516067028045654297e-01
2.519824504852294922e-01
2.513964176177978516e-01
2.531204223632812500e-01
2.523655891418457031e-01
2.517879009246826172e-01
2.513146400451660156e-01
2.475380897521972656e-01
2.451078891754150391e-01
2.452743053436279297e-01
2.408566474914550781e-01
2.443010807037353516e-01
2.460474967956542969e-01
2.458791732788085938e-01
2.468290328979492188e-01
2.474646568298339844e-01
3.843379020690917969e-02
2.576656341552734375e-01
2.540192604064941406e-01
2.543981075286865234e-01
2.543418407440185547e-01
2.536311149597167969e-01
2.538933753967285156e-01
2.515118122100830078e-01
2.457280158996582031e-01
2.411258220672607422e-01
2.441728115081787109e-01
2.410051822662353516e-01
2.424352169036865234e-01
2.447075843811035156e-01
2.430076599121093750e-01
2.427875995635986328e-01
2.431590557098388672e-01
2.429900169372558594e-01
2.427456378936767578e-01
2.429323196411132812e-01
2.426595687866210938e-01
2.431621551513671875e-01
2.428779602050781250e-01
8.741283416748046875e-02
2.586424350738525391e-01
2.586073875427246094e-01
2.530536651611328125e-01
2.522904872894287109e-01
2.481646537780761719e-01
2.483925819396972656e-01
2.482244968414306641e-01
2.468163967132568359e-01
2.446465492248535156e-01
2.444641590118408203e-01
2.444341182708740234e-01
2.406575679779052734e-01
2.443740367889404297e-01
2.421309947967529297e-01
2.423958778381347656e-01
2.447707653045654297e-01
2.405822277069091797e-01
2.403519153594970703e-01
2.409152984619140625e-01
2.404959201812744141e-01
2.407031059265136719e-01
2.400636672973632812e-01
8.517575263977050781e-02
2.544558048248291016e-01
2.489907741546630859e-01
2.476570606231689453e-01
2.486014366149902344e-01
2.486431598663330078e-01
2.485105991363525391e-01
2.434811592102050781e-01
2.153193950653076172e-01
2.143695354461669922e-01
2.161188125610351562e-01
2.161004543304443359e-01
2.163619995117187500e-01
2.161502838134765625e-01
2.163243293762207031e-01
2.161569595336914062e-01
2.164330482482910156e-01
2.134301662445068359e-01
2.163994312286376953e-01
2.163672447204589844e-01
2.166483402252197266e-01
2.160885334014892578e-01
2.158451080322265625e-01
6.176948547363281250e-02
2.547883987426757812e-01
2.543759346008300781e-01
2.517638206481933594e-01
2.470006942749023438e-01
2.470629215240478516e-01
2.475593090057373047e-01
2.478058338165283203e-01
2.471845149993896484e-01
2.469613552093505859e-01
2.476043701171875000e-01
2.473754882812500000e-01
2.475113868713378906e-01
1.285328865051269531e-01
2.096617221832275391e-01
2.309610843658447266e-01
2.382047176361083984e-01
2.385089397430419922e-01
2.377178668975830078e-01
2.383487224578857422e-01
2.380492687225341797e-01
2.403192520141601562e-01
2.407855987548828125e-01
8.815979957580566406e-02
2.571358680725097656e-01
2.558562755584716797e-01
2.562716007232666016e-01
2.558300495147705078e-01
2.481741905212402344e-01
2.427284717559814453e-01
2.434999942779541016e-01
2.425887584686279297e-01
2.428016662597656250e-01
2.430243492126464844e-01
2.430493831634521484e-01
2.428402900695800781e-01
2.430438995361328125e-01
2.453060150146484375e-01
2.451448440551757812e-01
2.453255653381347656e-01
2.451095581054687500e-01
2.449984550476074219e-01
2.447371482849121094e-01
2.453896999359130859e-01
2.461836338043212891e-01
2.383928298950195312e-01
3.225898742675781250e-02
2.548992633819580078e-01
2.572653293609619141e-01
2.506387233734130859e-01
2.434484958648681641e-01
2.351279258728027344e-01
2.289481163024902344e-01
2.378442287445068359e-01
2.382030487060546875e-01
2.411518096923828125e-01
2.424921989440917969e-01
2.419247627258300781e-01
2.444913387298583984e-01
2.468664646148681641e-01
2.468829154968261719e-01
2.470788955688476562e-01
2.466473579406738281e-01
2.464289665222167969e-01
2.436749935150146484e-01
2.431116104125976562e-01
2.432472705841064453e-01
2.430675029754638672e-01
2.429125308990478516e-01
6.164050102233886719e-02
2.558248043060302734e-01
2.523829936981201172e-01
2.454359531402587891e-01
2.396183013916015625e-01
2.395548820495605469e-01
2.400813102722167969e-01
2.396798133850097656e-01
2.393670082092285156e-01
2.374861240386962891e-01
2.393600940704345703e-01
2.384245395660400391e-01
2.362546920776367188e-01
2.268414497375488281e-01
2.371950149536132812e-01
2.369368076324462891e-01
2.389142513275146484e-01
2.445013523101806641e-01
2.450156211853027344e-01
2.464816570281982422e-01
2.473485469818115234e-01
2.483305931091308594e-01
2.479324340820312500e-01
5.311012268066406250e-02
2.555704116821289062e-01
2.555117607116699219e-01
2.551300525665283203e-01
2.535519599914550781e-01
2.531273365020751953e-01
2.516114711761474609e-01
2.513530254364013672e-01
2.518670558929443359e-01
2.525832653045654297e-01
2.484252452850341797e-01
2.461395263671875000e-01
2.457923889160156250e-01
2.405610084533691406e-01
2.430601119995117188e-01
2.446556091308593750e-01
2.454736232757568359e-01
2.446019649505615234e-01
2.450709342956542969e-01
2.467548847198486328e-01
2.462007999420166016e-01
2.477793693542480469e-01
2.471802234649658203e-01
4.608154296875000000e-02
2.548248767852783203e-01
2.546501159667968750e-01
2.533445358276367188e-01
2.530081272125244141e-01
2.457396984100341797e-01
2.431070804595947266e-01
2.386534214019775391e-01
2.395544052124023438e-01
2.423388957977294922e-01
2.443358898162841797e-01
2.442369461059570312e-01
2.443470954895019531e-01
1.148493289947509766e-01
1.998636722564697266e-01
2.258622646331787109e-01
2.273554801940917969e-01
2.294209003448486328e-01
2.351942062377929688e-01
2.331066131591796875e-01
2.299289703369140625e-01
2.387778759002685547e-01
2.068276405334472656e-01
5.946564674377441406e-02
2.566452026367187500e-01
2.516946792602539062e-01
2.501730918884277344e-01
2.473347187042236328e-01
2.473297119140625000e-01
2.479221820831298828e-01
2.466876506805419922e-01
2.477788925170898438e-01
2.464001178741455078e-01
2.464206218719482422e-01
2.462339401245117188e-01
2.465176582336425781e-01
2.465908527374267578e-01
2.469739913940429688e-01
2.467253208160400391e-01
2.467479705810546875e-01
2.468402385711669922e-01
2.467629909515380859e-01
2.463023662567138672e-01
2.459127902984619141e-01
2.454302310943603516e-01
2.452826499938964844e-01
6.696319580078125000e-02
2.564756870269775391e-01
2.515695095062255859e-01
2.535712718963623047e-01
2.132980823516845703e-01
2.163600921630859375e-01
2.165713310241699219e-01
2.165648937225341797e-01
2.162475585937500000e-01
2.158453464508056641e-01
2.161335945129394531e-01
2.164173126220703125e-01
2.165598869323730469e-01
2.164540290832519531e-01
2.169134616851806641e-01
2.162926197052001953e-01
2.164552211761474609e-01
2.163555622100830078e-01
2.167992591857910156e-01
2.165563106536865234e-01
2.160329818725585938e-01
2.164030075073242188e-01
2.167725563049316406e-01
6.392145156860351562e-02
2.562525272369384766e-01
2.523038387298583984e-01
2.508115768432617188e-01
2.506766319274902344e-01
2.499232292175292969e-01
2.497973442077636719e-01
2.445642948150634766e-01
2.442941665649414062e-01
2.447202205657958984e-01
2.446122169494628906e-01
2.453820705413818359e-01
2.446713447570800781e-01
2.434427738189697266e-01
2.411751747131347656e-01
2.434217929840087891e-01
2.432029247283935547e-01
2.430174350738525391e-01
2.431788444519042969e-01
2.454414367675781250e-01
2.386946678161621094e-01
2.386481761932373047e-01
2.454438209533691406e-01
8.829760551452636719e-02
2.579061985015869141e-01
2.497889995574951172e-01
2.510108947753906250e-01
2.503211498260498047e-01
2.542383670806884766e-01
2.503857612609863281e-01
2.433762550354003906e-01
2.414867877960205078e-01
2.423591613769531250e-01
2.428963184356689453e-01
2.428643703460693359e-01
2.426550388336181641e-01
2.429537773132324219e-01
2.431011199951171875e-01
2.431282997131347656e-01
2.428982257843017578e-01
2.425603866577148438e-01
2.110509872436523438e-01
2.139434814453125000e-01
2.163469791412353516e-01
2.162249088287353516e-01
2.166860103607177734e-01
6.887364387512207031e-02
2.565605640411376953e-01
2.505440711975097656e-01
2.430057525634765625e-01
2.427775859832763672e-01
2.412159442901611328e-01
2.411401271820068359e-01
2.390694618225097656e-01
2.386517524719238281e-01
2.365171909332275391e-01
2.313730716705322266e-01
2.416131496429443359e-01
1.936450004577636719e-01
2.318520545959472656e-01
2.467129230499267578e-01
2.430140972137451172e-01
2.408680915832519531e-01
2.356197834014892578e-01
2.315816879272460938e-01
2.243165969848632812e-01
2.287418842315673828e-01
2.266283035278320312e-01
2.334933280944824219e-01
7.281732559204101562e-02
2.578730583190917969e-01
2.530570030212402344e-01
2.485718727111816406e-01
2.477016448974609375e-01
2.480425834655761719e-01
2.477715015411376953e-01
2.476787567138671875e-01
2.473015785217285156e-01
2.478117942810058594e-01
2.482092380523681641e-01
2.483158111572265625e-01
2.493655681610107422e-01
2.494604587554931641e-01
2.492842674255371094e-01
2.481744289398193359e-01
2.469992637634277344e-01
2.470595836639404297e-01
2.470099925994873047e-01
2.470438480377197266e-01
2.461664676666259766e-01
2.455010414123535156e-01
2.453677654266357422e-01
6.898593902587890625e-02
2.572135925292968750e-01
2.555153369903564453e-01
2.556984424591064453e-01
2.518475055694580078e-01
2.504105567932128906e-01
2.477400302886962891e-01
2.476096153259277344e-01
2.495324611663818359e-01
2.170686721801757812e-01
2.190315723419189453e-01
2.182512283325195312e-01
2.183640003204345703e-01
2.181913852691650391e-01
2.147529125213623047e-01
2.170767784118652344e-01
2.166743278503417969e-01
2.164750099182128906e-01
2.142138481140136719e-01
2.189946174621582031e-01
2.247021198272705078e-01
2.293980121612548828e-01
2.317073345184326172e-01
7.813620567321777344e-02
2.572786808013916016e-01
2.508621215820312500e-01
2.475774288177490234e-01
2.469749450683593750e-01
2.463326454162597656e-01
2.462813854217529297e-01
2.467095851898193359e-01
2.465641498565673828e-01
2.468068599700927734e-01
2.463648319244384766e-01
2.463161945343017578e-01
2.465012073516845703e-01
2.466042041778564453e-01
2.463572025299072266e-01
2.464346885681152344e-01
2.464818954467773438e-01
2.465806007385253906e-01
2.465705871582031250e-01
2.470417022705078125e-01
2.466990947723388672e-01
2.467103004455566406e-01
2.463657855987548828e-01
6.999659538269042969e-02
2.582478523254394531e-01
2.551670074462890625e-01
2.535278797149658203e-01
2.479603290557861328e-01
2.453677654266357422e-01
2.433872222900390625e-01
2.432177066802978516e-01
2.435266971588134766e-01
2.434952259063720703e-01
2.418503761291503906e-01
2.448842525482177734e-01
2.447931766510009766e-01
2.463536262512207031e-01
2.478923797607421875e-01
2.475106716156005859e-01
2.477903366088867188e-01
2.479183673858642578e-01
2.473566532135009766e-01
2.484807968139648438e-01
2.481987476348876953e-01
2.476706504821777344e-01
2.494881153106689453e-01
6.553339958190917969e-02
2.588982582092285156e-01
2.556526660919189453e-01
2.558259963989257812e-01
2.498550415039062500e-01
2.479534149169921875e-01
2.465448379516601562e-01
2.447147369384765625e-01
2.446527481079101562e-01
2.454726696014404297e-01
2.464022636413574219e-01
2.467715740203857422e-01
2.471511363983154297e-01
1.463062763214111328e-01
2.162947654724121094e-01
2.208013534545898438e-01
2.232882976531982422e-01
2.270309925079345703e-01
2.310018539428710938e-01
2.361319065093994141e-01
2.321450710296630859e-01
2.262747287750244141e-01
2.375450134277343750e-01
7.443690299987792969e-02
2.583150863647460938e-01
2.563529014587402344e-01
2.577741146087646484e-01
2.583136558532714844e-01
2.578191757202148438e-01
2.546720504760742188e-01
2.540440559387207031e-01
2.510743141174316406e-01
2.478358745574951172e-01
2.462918758392333984e-01
2.455132007598876953e-01
2.469406127929687500e-01
2.471189498901367188e-01
2.462081909179687500e-01
2.476456165313720703e-01
2.473762035369873047e-01
2.482759952545166016e-01
2.486066818237304688e-01
2.480766773223876953e-01
2.479045391082763672e-01
2.474679946899414062e-01
2.495274543762207031e-01
7.418537139892578125e-02
2.581198215484619141e-01
2.509117126464843750e-01
2.490234375000000000e-01
2.526197433471679688e-01
2.457420825958251953e-01
2.429063320159912109e-01
2.433209419250488281e-01
2.432012557983398438e-01
2.429459095001220703e-01
2.435081005096435547e-01
2.433474063873291016e-01
2.430396080017089844e-01
2.432022094726562500e-01
2.176642417907714844e-01
2.189946174621582031e-01
2.188479900360107422e-01
2.184114456176757812e-01
2.181897163391113281e-01
2.184891700744628906e-01
2.186322212219238281e-01
2.184863090515136719e-01
2.187991142272949219e-01
6.155323982238769531e-02
2.554533481597900391e-01
2.523670196533203125e-01
2.472860813140869141e-01
2.478461265563964844e-01
2.477083206176757812e-01
2.477586269378662109e-01
2.475180625915527344e-01
2.486360073089599609e-01
2.474749088287353516e-01
2.473700046539306641e-01
2.470231056213378906e-01
2.470343112945556641e-01
2.474265098571777344e-01
2.475795745849609375e-01
2.461776733398437500e-01
2.445452213287353516e-01
2.443957328796386719e-01
2.446520328521728516e-01
2.421939373016357422e-01
2.446179389953613281e-01
2.446556091308593750e-01
2.443923950195312500e-01
8.534526824951171875e-02
2.571377754211425781e-01
2.503333091735839844e-01
2.470903396606445312e-01
2.444698810577392578e-01
2.449424266815185547e-01
2.422561645507812500e-01
2.495000362396240234e-01
2.515630722045898438e-01
2.514746189117431641e-01
2.467627525329589844e-01
2.435145378112792969e-01
2.445921897888183594e-01
2.445352077484130859e-01
2.430198192596435547e-01
2.435064315795898438e-01
2.455651760101318359e-01
2.476181983947753906e-01
2.452721595764160156e-01
2.429025173187255859e-01
2.453169822692871094e-01
2.443728446960449219e-01
2.444674968719482422e-01
8.502364158630371094e-02
2.552213668823242188e-01
2.533419132232666016e-01
2.539055347442626953e-01
2.526013851165771484e-01
2.219927310943603516e-01
2.230794429779052734e-01
2.210707664489746094e-01
2.206900119781494141e-01
2.115845680236816406e-01
1.941025257110595703e-01
1.683907508850097656e-01
1.608831882476806641e-01
9.231352806091308594e-02
2.283134460449218750e-01
2.354216575622558594e-01
2.372586727142333984e-01
2.448203563690185547e-01
2.464869022369384766e-01
2.464306354522705078e-01
2.464637756347656250e-01
2.497837543487548828e-01
2.483072280883789062e-01
6.778335571289062500e-02
2.576801776885986328e-01
2.541859149932861328e-01
2.515919208526611328e-01
2.455551624298095703e-01
2.430722713470458984e-01
2.363755702972412109e-01
2.362504005432128906e-01
2.363691329956054688e-01
2.361946105957031250e-01
2.475047111511230469e-01
2.362322807312011719e-01
2.430350780487060547e-01
2.433950901031494141e-01
2.432317733764648438e-01
2.430524826049804688e-01
2.432727813720703125e-01
2.429831027984619141e-01
2.434079647064208984e-01
2.431576251983642578e-01
2.430374622344970703e-01
2.433893680572509766e-01
2.428414821624755859e-01
8.535623550415039062e-02
2.554299831390380859e-01
2.507660388946533203e-01
2.469155788421630859e-01
2.455973625183105469e-01
2.502472400665283203e-01
2.488107681274414062e-01
2.487928867340087891e-01
2.489290237426757812e-01
2.512769699096679688e-01
2.512898445129394531e-01
2.447481155395507812e-01
2.446291446685791016e-01
2.430236339569091797e-01
2.360770702362060547e-01
2.376506328582763672e-01
2.360100746154785156e-01
2.337148189544677734e-01
2.380700111389160156e-01
2.375569343566894531e-01
2.394340038299560547e-01
2.451274394989013672e-01
1.436827182769775391e-01
1.776862144470214844e-02
2.540221214294433594e-01
2.518279552459716797e-01
2.476837635040283203e-01
2.450301647186279297e-01
2.479286193847656250e-01
2.474861145019531250e-01
2.516732215881347656e-01
2.526569366455078125e-01
2.507805824279785156e-01
2.479641437530517578e-01
2.481687068939208984e-01
2.413618564605712891e-01
2.409298419952392578e-01
2.416291236877441406e-01
2.413632869720458984e-01
2.457616329193115234e-01
2.522699832916259766e-01
2.429699897766113281e-01
2.380411624908447266e-01
2.381401062011718750e-01
2.384300231933593750e-01
2.396039962768554688e-01
8.532214164733886719e-02
2.588486671447753906e-01
2.554340362548828125e-01
2.455163002014160156e-01
2.361385822296142578e-01
2.362837791442871094e-01
2.383172512054443359e-01
2.413618564605712891e-01
2.428791522979736328e-01
2.377789020538330078e-01
2.351436614990234375e-01
2.378547191619873047e-01
2.386772632598876953e-01
2.382464408874511719e-01
2.363924980163574219e-01
2.409403324127197266e-01
2.457427978515625000e-01
2.407438755035400391e-01
2.431552410125732422e-01
2.429406642913818359e-01
2.431399822235107422e-01
2.453746795654296875e-01
2.407376766204833984e-01
8.971405029296875000e-02
2.578620910644531250e-01
2.513370513916015625e-01
2.478580474853515625e-01
2.456521987915039062e-01
2.476842403411865234e-01
2.403807640075683594e-01
2.428550720214843750e-01
2.360961437225341797e-01
2.356100082397460938e-01
2.337830066680908203e-01
2.287087440490722656e-01
9.750652313232421875e-02
2.323091030120849609e-01
2.342119216918945312e-01
2.368206977844238281e-01
2.420480251312255859e-01
2.464957237243652344e-01
2.467939853668212891e-01
2.489156723022460938e-01
2.487728595733642578e-01
2.481286525726318359e-01
1.888856887817382812e-01
6.621122360229492188e-02
2.599349021911621094e-01
2.530484199523925781e-01
2.468392848968505859e-01
2.432119846343994141e-01
2.359743118286132812e-01
2.386863231658935547e-01
2.455036640167236328e-01
2.455883026123046875e-01
2.476010322570800781e-01
2.429344654083251953e-01
2.423436641693115234e-01
2.432453632354736328e-01
2.479035854339599609e-01
2.514925003051757812e-01
2.529466152191162109e-01
2.544953823089599609e-01
2.488963603973388672e-01
2.448406219482421875e-01
2.434914112091064453e-01
2.439846992492675781e-01
2.455456256866455078e-01
2.451214790344238281e-01
7.951974868774414062e-02
2.586040496826171875e-01
2.532505989074707031e-01
2.481532096862792969e-01
2.439630031585693359e-01
2.436966896057128906e-01
2.434165477752685547e-01
2.434682846069335938e-01
2.439060211181640625e-01
2.437582015991210938e-01
2.433955669403076172e-01
2.438843250274658203e-01
2.440059185028076172e-01
2.437870502471923828e-01
2.437453269958496094e-01
2.413210868835449219e-01
2.412157058715820312e-01
2.426359653472900391e-01
2.430911064147949219e-01
2.448036670684814453e-01
2.446045875549316406e-01
2.449998855590820312e-01
2.475852966308593750e-01
8.866119384765625000e-02
2.589511871337890625e-01
2.558348178863525391e-01
2.550747394561767578e-01
2.552680969238281250e-01
2.554769515991210938e-01
2.559182643890380859e-01
2.579855918884277344e-01
2.521433830261230469e-01
2.453689575195312500e-01
2.433505058288574219e-01
2.383618354797363281e-01
2.432372570037841797e-01
2.455632686614990234e-01
2.454047203063964844e-01
2.455437183380126953e-01
2.475550174713134766e-01
2.381763458251953125e-01
2.427768707275390625e-01
2.428941726684570312e-01
2.431340217590332031e-01
2.430984973907470703e-01
2.499485015869140625e-01
8.948326110839843750e-02
2.556548118591308594e-01
2.534570693969726562e-01
2.467656135559082031e-01
2.425503730773925781e-01
2.420673370361328125e-01
2.426054477691650391e-01
2.413282394409179688e-01
2.389252185821533203e-01
2.363076210021972656e-01
2.352275848388671875e-01
2.335455417633056641e-01
2.280151844024658203e-01
2.374858856201171875e-01
2.363688945770263672e-01
2.326993942260742188e-01
2.285962104797363281e-01
2.150955200195312500e-01
1.897249221801757812e-01
1.550638675689697266e-01
1.557977199554443359e-01
2.271261215209960938e-01
2.454822063446044922e-01
1.262171268463134766e-01
2.586655616760253906e-01
2.546124458312988281e-01
2.500503063201904297e-01
2.432959079742431641e-01
2.399716377258300781e-01
2.336528301239013672e-01
2.245082855224609375e-01
2.381353378295898438e-01
2.376277446746826172e-01
2.342839241027832031e-01
2.400236129760742188e-01
1.775157451629638672e-01
2.267267704010009766e-01
2.446496486663818359e-01
2.471704483032226562e-01
2.486982345581054688e-01
2.482659816741943359e-01
2.478120326995849609e-01
2.479693889617919922e-01
2.481238842010498047e-01
2.476887702941894531e-01
2.480790615081787109e-01
4.295873641967773438e-02
2.586557865142822266e-01
2.528226375579833984e-01
2.485275268554687500e-01
2.501816749572753906e-01
2.506642341613769531e-01
2.495353221893310547e-01
2.497570514678955078e-01
2.494232654571533203e-01
2.481384277343750000e-01
2.458379268646240234e-01
2.382395267486572266e-01
2.382764816284179688e-01
2.388341426849365234e-01
2.382926940917968750e-01
2.385444641113281250e-01
2.404766082763671875e-01
2.430429458618164062e-01
2.453839778900146484e-01
2.429101467132568359e-01
2.427206039428710938e-01
2.434127330780029297e-01
2.430734634399414062e-01
8.963298797607421875e-02
2.567620277404785156e-01
2.533135414123535156e-01
2.456264495849609375e-01
2.473504543304443359e-01
2.496592998504638672e-01
2.505271434783935547e-01
2.432570457458496094e-01
2.413668632507324219e-01
2.406976222991943359e-01
2.407491207122802734e-01
2.404613494873046875e-01
2.421710491180419922e-01
2.435069084167480469e-01
2.425997257232666016e-01
2.431640625000000000e-01
2.427902221679687500e-01
2.434375286102294922e-01
2.434096336364746094e-01
2.430326938629150391e-01
2.430689334869384766e-01
2.425789833068847656e-01
2.387335300445556641e-01
8.959197998046875000e-02
2.549600601196289062e-01
2.502794265747070312e-01
2.406818866729736328e-01
2.410225868225097656e-01
2.479968070983886719e-01
2.160503864288330078e-01
2.165827751159667969e-01
2.169756889343261719e-01
2.164757251739501953e-01
2.166385650634765625e-01
2.163915634155273438e-01
2.164080142974853516e-01
2.159743309020996094e-01
2.163565158843994141e-01
2.163858413696289062e-01
2.163422107696533203e-01
2.164363861083984375e-01
2.164537906646728516e-01
2.164070606231689453e-01
2.166013717651367188e-01
2.167634963989257812e-01
2.188072204589843750e-01
6.022930145263671875e-02
2.542619705200195312e-01
2.495436668395996094e-01
2.488257884979248047e-01
2.482628822326660156e-01
2.490105628967285156e-01
2.485237121582031250e-01
2.485663890838623047e-01
2.485330104827880859e-01
2.494225502014160156e-01
2.486903667449951172e-01
2.485492229461669922e-01
2.481348514556884766e-01
2.517466545104980469e-01
2.514595985412597656e-01
2.516958713531494141e-01
2.519848346710205078e-01
2.487497329711914062e-01
2.477953433990478516e-01
2.472968101501464844e-01
2.459230422973632812e-01
2.445619106292724609e-01
2.440321445465087891e-01
5.409240722656250000e-02
2.583911418914794922e-01
2.541754245758056641e-01
2.541718482971191406e-01
2.542281150817871094e-01
2.542517185211181641e-01
2.509989738464355469e-01
2.469053268432617188e-01
2.471892833709716797e-01
2.467594146728515625e-01
2.472760677337646484e-01
2.470703125000000000e-01
2.468507289886474609e-01
1.243607997894287109e-01
2.299559116363525391e-01
2.375810146331787109e-01
2.406210899353027344e-01
2.304711341857910156e-01
2.283308506011962891e-01
2.165491580963134766e-01
1.446437835693359375e-01
2.178847789764404297e-01
2.460179328918457031e-01
5.326986312866210938e-02
2.551596164703369141e-01
2.527294158935546875e-01
2.494940757751464844e-01
2.470042705535888672e-01
2.449424266815185547e-01
2.444221973419189453e-01
2.435216903686523438e-01
2.445237636566162109e-01
2.449874877929687500e-01
2.450189590454101562e-01
2.447216510772705078e-01
2.453885078430175781e-01
2.453210353851318359e-01
2.456977367401123047e-01
2.452986240386962891e-01
2.463340759277343750e-01
2.458190917968750000e-01
2.464334964752197266e-01
2.463338375091552734e-01
2.469630241394042969e-01
2.464163303375244141e-01
2.456076145172119141e-01
6.399631500244140625e-02
2.601368427276611328e-01
2.574107646942138672e-01
2.572371959686279297e-01
2.540969848632812500e-01
2.526829242706298828e-01
2.434413433074951172e-01
2.439749240875244141e-01
2.435111999511718750e-01
2.438762187957763672e-01
2.436115741729736328e-01
2.434656620025634766e-01
2.439811229705810547e-01
2.442088127136230469e-01
2.433142662048339844e-01
2.430946826934814453e-01
2.454369068145751953e-01
2.447755336761474609e-01
2.455730438232421875e-01
2.449445724487304688e-01
2.454621791839599609e-01
2.456245422363281250e-01
2.449505329132080078e-01
6.123995780944824219e-02
2.575016021728515625e-01
2.567994594573974609e-01
2.545306682586669922e-01
2.585790157318115234e-01
2.524862289428710938e-01
2.519659996032714844e-01
2.514863014221191406e-01
2.501654624938964844e-01
2.456879615783691406e-01
2.386565208435058594e-01
2.341735363006591797e-01
2.411239147186279297e-01
2.439129352569580078e-01
2.444529533386230469e-01
2.477884292602539062e-01
2.495782375335693359e-01
2.492575645446777344e-01
2.511165142059326172e-01
2.525062561035156250e-01
2.483513355255126953e-01
2.462167739868164062e-01
2.445697784423828125e-01
4.540610313415527344e-02
2.587194442749023438e-01
2.484045028686523438e-01
2.428171634674072266e-01
2.454204559326171875e-01
2.383887767791748047e-01
2.412106990814208984e-01
2.433502674102783203e-01
2.385888099670410156e-01
2.361042499542236328e-01
2.380769252777099609e-01
2.470662593841552734e-01
2.391679286956787109e-01
2.373158931732177734e-01
2.263092994689941406e-01
2.235553264617919922e-01
2.448079586029052734e-01
2.416017055511474609e-01
2.474050521850585938e-01
2.173469066619873047e-01
2.446110248565673828e-01
2.465829849243164062e-01
2.432165145874023438e-01
4.082822799682617188e-02
2.546377182006835938e-01
2.568039894104003906e-01
2.527172565460205078e-01
2.461602687835693359e-01
2.410552501678466797e-01
2.397968769073486328e-01
2.412197589874267578e-01
2.417044639587402344e-01
2.405498027801513672e-01
2.429740428924560547e-01
2.436242103576660156e-01
2.430381774902343750e-01
1.287024021148681641e-01
2.510278224945068359e-01
2.526242733001708984e-01
2.210061550140380859e-01
2.347865104675292969e-01
2.416887283325195312e-01
2.044248580932617188e-01
2.476067543029785156e-01
2.482481002807617188e-01
2.351160049438476562e-01
7.807564735412597656e-02
2.570238113403320312e-01
2.130577564239501953e-01
1.871900558471679688e-01
1.481165885925292969e-01
1.702945232391357422e-01
2.291500568389892578e-01
2.362093925476074219e-01
2.385349273681640625e-01
2.404627799987792969e-01
2.497770786285400391e-01
2.492713928222656250e-01
2.510080337524414062e-01
2.493863105773925781e-01
2.429375648498535156e-01
2.433171272277832031e-01
2.429244518280029297e-01
2.427716255187988281e-01
2.436673641204833984e-01
2.429330348968505859e-01
2.432153224945068359e-01
2.420630455017089844e-01
2.419354915618896484e-01
1.215193271636962891e-01
2.582316398620605469e-01
2.176079750061035156e-01
2.363924980163574219e-01
2.449407577514648438e-01
2.428071498870849609e-01
2.484984397888183594e-01
2.446811199188232422e-01
2.493562698364257812e-01
2.479786872863769531e-01
2.451016902923583984e-01
2.418768405914306641e-01
2.444870471954345703e-01
2.432048320770263672e-01
2.468137741088867188e-01
2.488174438476562500e-01
2.457633018493652344e-01
2.461280822753906250e-01
2.491250038146972656e-01
2.508111000061035156e-01
2.524595260620117188e-01
2.500357627868652344e-01
2.449874877929687500e-01
8.736658096313476562e-02
2.549917697906494141e-01
2.477571964263916016e-01
2.453982830047607422e-01
2.410936355590820312e-01
2.410674095153808594e-01
2.409677505493164062e-01
2.387373447418212891e-01
2.338900566101074219e-01
2.407915592193603516e-01
2.407703399658203125e-01
2.331831455230712891e-01
2.339689731597900391e-01
2.406749725341796875e-01
2.411284446716308594e-01
2.408375740051269531e-01
2.129786014556884766e-01
2.016491889953613281e-01
1.781668663024902344e-01
1.681106090545654297e-01
2.045178413391113281e-01
2.265574932098388672e-01
2.379474639892578125e-01
1.015427112579345703e-01
2.571384906768798828e-01
2.564315795898437500e-01
2.564923763275146484e-01
2.478756904602050781e-01
2.429323196411132812e-01
2.446038722991943359e-01
2.408776283264160156e-01
2.431454658508300781e-01
2.423522472381591797e-01
2.436697483062744141e-01
2.432148456573486328e-01
2.386136054992675781e-01
2.462184429168701172e-01
2.446861267089843750e-01
2.468156814575195312e-01
2.471425533294677734e-01
2.465219497680664062e-01
2.480137348175048828e-01
2.472672462463378906e-01
2.456610202789306641e-01
2.310018539428710938e-01
2.380807399749755859e-01
2.171230316162109375e-02
2.545838356018066406e-01
2.523713111877441406e-01
2.524745464324951172e-01
2.523710727691650391e-01
2.527813911437988281e-01
2.507903575897216797e-01
2.524333000183105469e-01
2.508091926574707031e-01
2.461774349212646484e-01
2.471904754638671875e-01
2.481822967529296875e-01
2.490642070770263672e-01
1.258304119110107422e-01
2.463135719299316406e-01
2.482669353485107422e-01
2.492425441741943359e-01
2.483139038085937500e-01
2.478935718536376953e-01
2.480995655059814453e-01
2.488682270050048828e-01
2.485544681549072266e-01
2.482240200042724609e-01
2.373456954956054688e-02
2.547357082366943359e-01
2.531983852386474609e-01
2.457528114318847656e-01
2.436761856079101562e-01
2.433166503906250000e-01
2.434318065643310547e-01
2.217431068420410156e-01
2.214961051940917969e-01
2.173411846160888672e-01
2.175135612487792969e-01
2.169647216796875000e-01
2.175104618072509766e-01
2.168123722076416016e-01
2.171697616577148438e-01
2.173132896423339844e-01
2.167854309082031250e-01
2.176015377044677734e-01
2.173163890838623047e-01
2.173504829406738281e-01
2.174854278564453125e-01
2.172279357910156250e-01
2.173752784729003906e-01
4.868626594543457031e-02
2.542986869812011719e-01
2.499020099639892578e-01
2.475211620330810547e-01
2.471618652343750000e-01
2.459969520568847656e-01
2.466242313385009766e-01
2.462837696075439453e-01
2.474224567413330078e-01
2.477684020996093750e-01
2.478325366973876953e-01
2.490928173065185547e-01
2.492833137512207031e-01
2.532963752746582031e-01
2.503957748413085938e-01
2.495539188385009766e-01
2.470173835754394531e-01
2.499995231628417969e-01
2.106277942657470703e-01
2.462773323059082031e-01
2.422747611999511719e-01
2.443921566009521484e-01
2.426652908325195312e-01
8.298873901367187500e-02
2.593095302581787109e-01
2.478396892547607422e-01
2.476410865783691406e-01
2.409913539886474609e-01
2.451531887054443359e-01
2.458446025848388672e-01
2.477567195892333984e-01
2.457883358001708984e-01
2.415771484375000000e-01
2.420420646667480469e-01
2.406420707702636719e-01
2.416901588439941406e-01
2.471618652343750000e-01
2.444143295288085938e-01
2.438602447509765625e-01
2.465944290161132812e-01
2.454349994659423828e-01
2.454576492309570312e-01
2.448437213897705078e-01
2.446272373199462891e-01
2.443504333496093750e-01
2.453925609588623047e-01
4.056930541992187500e-02
2.568814754486083984e-01
2.581865787506103516e-01
2.565140724182128906e-01
2.561819553375244141e-01
2.525730133056640625e-01
2.488434314727783203e-01
2.476391792297363281e-01
2.454249858856201172e-01
2.407922744750976562e-01
2.382910251617431641e-01
2.423343658447265625e-01
2.444510459899902344e-01
2.432918548583984375e-01
2.443356513977050781e-01
2.475943565368652344e-01
2.471735477447509766e-01
2.471544742584228516e-01
2.471194267272949219e-01
2.473499774932861328e-01
2.479250431060791016e-01
2.506582736968994141e-01
2.502875328063964844e-01
8.755779266357421875e-02
2.586481571197509766e-01
2.551524639129638672e-01
2.527973651885986328e-01
2.475359439849853516e-01
2.470586299896240234e-01
2.467329502105712891e-01
2.474246025085449219e-01
2.473623752593994141e-01
2.469215393066406250e-01
2.455925941467285156e-01
2.447373867034912109e-01
2.435252666473388672e-01
1.209430694580078125e-01
1.371233463287353516e-01
2.263591289520263672e-01
2.337472438812255859e-01
2.343995571136474609e-01
2.372956275939941406e-01
2.327840328216552734e-01
2.287647724151611328e-01
2.403402328491210938e-01
2.385504245758056641e-01
5.370855331420898438e-02
2.585082054138183594e-01
2.541317939758300781e-01
2.502593994140625000e-01
2.473020553588867188e-01
2.449250221252441406e-01
2.453267574310302734e-01
2.452178001403808594e-01
2.455108165740966797e-01
2.447218894958496094e-01
2.453858852386474609e-01
2.452521324157714844e-01
2.263402938842773438e-01
2.100589275360107422e-01
1.874027252197265625e-01
1.676073074340820312e-01
1.678745746612548828e-01
2.224833965301513672e-01
2.288446426391601562e-01
2.257266044616699219e-01
2.394359111785888672e-01
2.377376556396484375e-01
2.392191886901855469e-01
8.773684501647949219e-02
2.589416503906250000e-01
2.553637027740478516e-01
2.564942836761474609e-01
2.462613582611083984e-01
2.473051548004150391e-01
2.435050010681152344e-01
2.406771183013916016e-01
2.425873279571533203e-01
2.416083812713623047e-01
2.410087585449218750e-01
2.435362339019775391e-01
2.447249889373779297e-01
2.448616027832031250e-01
2.410991191864013672e-01
2.424783706665039062e-01
2.444696426391601562e-01
2.466874122619628906e-01
2.468452453613281250e-01
2.473442554473876953e-01
2.469844818115234375e-01
2.469892501831054688e-01
2.469637393951416016e-01
4.809021949768066406e-02
2.567694187164306641e-01
2.494084835052490234e-01
2.468400001525878906e-01
2.470517158508300781e-01
2.463114261627197266e-01
2.461860179901123047e-01
2.467062473297119141e-01
2.462513446807861328e-01
2.469596862792968750e-01
2.463710308074951172e-01
2.465243339538574219e-01
2.460682392120361328e-01
2.465691566467285156e-01
2.462549209594726562e-01
2.465972900390625000e-01
2.466032505035400391e-01
2.465698719024658203e-01
2.466588020324707031e-01
2.453551292419433594e-01
2.454226016998291016e-01
2.468669414520263672e-01
2.469627857208251953e-01
1.785349845886230469e-02
2.567203044891357422e-01
2.526047229766845703e-01
2.072200775146484375e-01
2.117607593536376953e-01
2.141313552856445312e-01
2.094845771789550781e-01
2.097668647766113281e-01
2.115557193756103516e-01
2.119097709655761719e-01
2.119891643524169922e-01
2.116491794586181641e-01
2.119820117950439453e-01
2.137563228607177734e-01
2.185831069946289062e-01
2.229652404785156250e-01
2.284731864929199219e-01
2.323315143585205078e-01
2.387614250183105469e-01
2.392714023590087891e-01
2.449102401733398438e-01
2.466375827789306641e-01
2.464404106140136719e-01
3.430294990539550781e-02
2.564628124237060547e-01
2.480778694152832031e-01
2.455236911773681641e-01
2.445092201232910156e-01
2.395732402801513672e-01
2.399730682373046875e-01
2.400171756744384766e-01
2.429163455963134766e-01
2.398474216461181641e-01
2.407069206237792969e-01
2.402384281158447266e-01
2.399847507476806641e-01
1.565282344818115234e-01
2.094180583953857422e-01
2.117006778717041016e-01
2.210304737091064453e-01
2.301228046417236328e-01
2.338318824768066406e-01
2.231516838073730469e-01
2.349641323089599609e-01
2.391226291656494141e-01
2.463579177856445312e-01
7.724905014038085938e-02
2.608304023742675781e-01
2.570691108703613281e-01
2.549629211425781250e-01
2.524037361145019531e-01
2.461283206939697266e-01
2.451171875000000000e-01
2.453057765960693359e-01
2.384016513824462891e-01
2.387580871582031250e-01
2.466540336608886719e-01
2.515692710876464844e-01
2.453629970550537109e-01
2.513639926910400391e-01
2.479035854339599609e-01
2.484302520751953125e-01
2.479579448699951172e-01
2.340245246887207031e-01
2.481787204742431641e-01
2.444732189178466797e-01
2.506408691406250000e-01
2.521083354949951172e-01
2.482039928436279297e-01
2.857995033264160156e-02
2.574770450592041016e-01
2.530758380889892578e-01
2.457618713378906250e-01
2.412757873535156250e-01
2.407879829406738281e-01
2.362439632415771484e-01
2.357678413391113281e-01
2.386550903320312500e-01
2.340929508209228516e-01
2.335832118988037109e-01
2.338464260101318359e-01
2.393255233764648438e-01
2.423171997070312500e-01
2.396676540374755859e-01
2.398748397827148438e-01
2.400176525115966797e-01
2.394900321960449219e-01
2.399342060089111328e-01
2.403192520141601562e-01
2.395789623260498047e-01
2.397880554199218750e-01
2.395811080932617188e-01
8.278393745422363281e-02
2.587559223175048828e-01
2.505612373352050781e-01
2.430238723754882812e-01
2.427866458892822266e-01
2.428536415100097656e-01
2.429788112640380859e-01
2.410223484039306641e-01
2.413454055786132812e-01
2.411320209503173828e-01
2.407283782958984375e-01
2.410151958465576172e-01
2.408547401428222656e-01
2.403259277343750000e-01
2.412011623382568359e-01
2.404811382293701172e-01
2.408432960510253906e-01
2.412683963775634766e-01
2.406017780303955078e-01
2.413003444671630859e-01
2.411625385284423828e-01
2.411811351776123047e-01
2.410597801208496094e-01
8.712339401245117188e-02
2.575173377990722656e-01
2.550420761108398438e-01
2.466564178466796875e-01
2.423806190490722656e-01
2.400615215301513672e-01
2.424051761627197266e-01
2.420897483825683594e-01
2.275881767272949219e-01
2.306139469146728516e-01
2.285501956939697266e-01
2.076952457427978516e-01
1.843454837799072266e-01
1.652290821075439453e-01
1.648216247558593750e-01
2.247388362884521484e-01
2.361509799957275391e-01
2.388057708740234375e-01
2.395520210266113281e-01
2.403516769409179688e-01
2.396526336669921875e-01
2.402486801147460938e-01
2.401132583618164062e-01
1.216075420379638672e-01
2.604203224182128906e-01
2.566657066345214844e-01
2.531092166900634766e-01
2.434079647064208984e-01
2.437200546264648438e-01
2.440898418426513672e-01
2.433955669403076172e-01
2.435908317565917969e-01
2.435493469238281250e-01
2.438416481018066406e-01
2.438206672668457031e-01
2.437620162963867188e-01
1.194176673889160156e-01
2.478387355804443359e-01
2.483584880828857422e-01
2.458097934722900391e-01
2.462794780731201172e-01
2.461764812469482422e-01
2.454633712768554688e-01
2.457549571990966797e-01
2.460820674896240234e-01
2.458209991455078125e-01
6.431603431701660156e-02
2.580397129058837891e-01
2.492659091949462891e-01
2.475461959838867188e-01
2.430686950683593750e-01
2.431006431579589844e-01
2.432732582092285156e-01
2.432291507720947266e-01
2.435655593872070312e-01
2.430133819580078125e-01
2.386426925659179688e-01
2.383434772491455078e-01
2.383971214294433594e-01
2.406077384948730469e-01
2.430720329284667969e-01
2.423396110534667969e-01
2.402222156524658203e-01
2.417743206024169922e-01
2.427017688751220703e-01
2.426202297210693359e-01
2.424595355987548828e-01
2.415342330932617188e-01
2.297697067260742188e-01
2.941489219665527344e-02
2.565138339996337891e-01
2.518625259399414062e-01
2.472896575927734375e-01
2.478272914886474609e-01
2.489025592803955078e-01
2.424700260162353516e-01
2.399482727050781250e-01
2.399959564208984375e-01
2.398226261138916016e-01
2.404913902282714844e-01
2.400310039520263672e-01
2.398538589477539062e-01
2.396624088287353516e-01
2.399654388427734375e-01
2.401919364929199219e-01
2.398378849029541016e-01
2.398719787597656250e-01
2.420792579650878906e-01
2.422749996185302734e-01
2.421698570251464844e-01
2.444822788238525391e-01
2.446613311767578125e-01
8.077549934387207031e-02
2.573513984680175781e-01
2.534976005554199219e-01
2.466826438903808594e-01
2.374839782714843750e-01
2.360026836395263672e-01
2.385692596435546875e-01
2.386183738708496094e-01
2.423076629638671875e-01
2.386000156402587891e-01
2.362859249114990234e-01
2.375998497009277344e-01
2.400829792022705078e-01
2.424635887145996094e-01
2.444489002227783203e-01
2.442405223846435547e-01
2.399721145629882812e-01
2.398819923400878906e-01
2.402596473693847656e-01
2.401528358459472656e-01
2.404489517211914062e-01
2.421486377716064453e-01
2.422800064086914062e-01
8.278012275695800781e-02
2.590622901916503906e-01
2.532637119293212891e-01
2.484302520751953125e-01
2.452132701873779297e-01
2.440655231475830078e-01
2.422742843627929688e-01
2.398660182952880859e-01
2.424435615539550781e-01
2.441999912261962891e-01
2.442455291748046875e-01
2.443170547485351562e-01
2.446014881134033203e-01
2.206966876983642578e-01
2.207415103912353516e-01
2.203013896942138672e-01
2.191081047058105469e-01
2.192106246948242188e-01
2.192480564117431641e-01
2.192435264587402344e-01
2.187519073486328125e-01
2.191159725189208984e-01
2.214319705963134766e-01
4.278254508972167969e-02
2.573192119598388672e-01
2.576258182525634766e-01
2.570791244506835938e-01
2.499930858612060547e-01
2.504689693450927734e-01
2.501852512359619141e-01
2.471511363983154297e-01
2.542674541473388672e-01
2.479939460754394531e-01
2.411532402038574219e-01
2.421526908874511719e-01
2.445993423461914062e-01
1.218972206115722656e-01
2.430305480957031250e-01
2.452974319458007812e-01
2.451648712158203125e-01
2.453787326812744141e-01
2.454218864440917969e-01
2.455942630767822266e-01
2.453281879425048828e-01
2.454481124877929688e-01
2.451744079589843750e-01
8.965611457824707031e-02
2.559022903442382812e-01
2.583904266357421875e-01
2.549202442169189453e-01
2.555859088897705078e-01
2.551875114440917969e-01
2.502133846282958984e-01
2.459797859191894531e-01
2.466814517974853516e-01
2.476394176483154297e-01
2.478902339935302734e-01
2.481586933135986328e-01
2.482602596282958984e-01
2.483508586883544922e-01
2.476727962493896484e-01
2.477600574493408203e-01
2.472407817840576172e-01
2.470793724060058594e-01
2.473518848419189453e-01
2.486531734466552734e-01
2.489218711853027344e-01
2.487826347351074219e-01
2.483744621276855469e-01
7.145142555236816406e-02
2.560908794403076172e-01
2.516856193542480469e-01
2.483966350555419922e-01
