1.330999999999999961e-01
9.403000000000000247e-01
9.771999999999999575e-01
9.782999999999999474e-01
9.808000000000000052e-01
9.754000000000000448e-01
9.814000000000000501e-01
9.780999999999999694e-01
9.738999999999999879e-01
9.806000000000000272e-01
9.779999999999999805e-01
9.829999999999999849e-01
9.792999999999999483e-01
9.829999999999999849e-01
9.797000000000000153e-01
9.795000000000000373e-01
9.815000000000000391e-01
9.808000000000000052e-01
9.828999999999999959e-01
9.794000000000000483e-01
9.825000000000000400e-01
9.817000000000000171e-01
9.757000000000000117e-01
9.710999999999999632e-01
9.786000000000000254e-01
9.809999999999999831e-01
9.846000000000000307e-01
9.846000000000000307e-01
9.837000000000000188e-01
9.797000000000000153e-01
9.808000000000000052e-01
9.806000000000000272e-01
9.787000000000000144e-01
9.784000000000000474e-01
9.658999999999999808e-01
9.817000000000000171e-01
9.794000000000000483e-01
9.828999999999999959e-01
9.839999999999999858e-01
9.837000000000000188e-01
9.835000000000000409e-01
9.830999999999999739e-01
9.836000000000000298e-01
9.842999999999999527e-01
9.844000000000000528e-01
9.855000000000000426e-01
9.852999999999999536e-01
9.838999999999999968e-01
9.817000000000000171e-01
9.845000000000000417e-01
