1.135000000000000037e-01
1.135000000000000037e-01
9.106999999999999540e-01
9.664000000000000368e-01
9.680999999999999606e-01
9.666000000000000147e-01
9.698999999999999844e-01
9.730999999999999650e-01
9.762999999999999456e-01
9.737999999999999989e-01
9.748999999999999888e-01
9.765000000000000346e-01
9.784000000000000474e-01
9.822999999999999510e-01
9.699999999999999734e-01
9.778999999999999915e-01
9.788999999999999924e-01
9.808999999999999941e-01
9.800999999999999712e-01
9.768000000000000016e-01
9.737999999999999989e-01
9.761999999999999567e-01
9.740999999999999659e-01
9.782999999999999474e-01
9.750999999999999668e-01
9.795000000000000373e-01
9.701999999999999513e-01
9.775000000000000355e-01
9.761999999999999567e-01
9.779999999999999805e-01
9.778999999999999915e-01
9.789999999999999813e-01
9.815000000000000391e-01
9.829999999999999849e-01
9.818999999999999950e-01
9.824000000000000510e-01
9.805000000000000382e-01
9.809999999999999831e-01
9.838999999999999968e-01
9.822999999999999510e-01
9.840999999999999748e-01
9.835000000000000409e-01
9.832999999999999519e-01
9.832999999999999519e-01
9.836000000000000298e-01
9.836000000000000298e-01
9.836000000000000298e-01
9.838999999999999968e-01
9.819999999999999840e-01
9.830999999999999739e-01
