2.328208684921264648e+00
2.152910470962524414e+00
1.865055680274963379e+00
1.671472072601318359e+00
1.494431734085083008e+00
1.308972358703613281e+00
1.796627402305603027e+00
1.409843087196350098e+00
1.331769347190856934e+00
1.115432500839233398e+00
9.761763215065002441e-01
8.990275263786315918e-01
1.258415699005126953e+00
9.812238812446594238e-01
8.022010922431945801e-01
7.530586123466491699e-01
6.311934590339660645e-01
5.781131386756896973e-01
8.146383762359619141e-01
6.961625218391418457e-01
5.686191916465759277e-01
5.737869739532470703e-01
4.775836169719696045e-01
4.217431247234344482e-01
6.968156695365905762e-01
5.867190957069396973e-01
4.589294493198394775e-01
3.526246845722198486e-01
2.367407083511352539e+00
2.281930685043334961e+00
2.340231180191040039e+00
2.251612663269042969e+00
2.173523426055908203e+00
2.102666378021240234e+00
1.986364841461181641e+00
1.941696047782897949e+00
2.277692556381225586e+00
2.136328220367431641e+00
1.932034611701965332e+00
4.390307664871215820e-01
3.815811574459075928e-01
3.090460300445556641e-01
3.231123089790344238e-01
2.541387379169464111e-01
2.897661924362182617e-01
2.312612980604171753e-01
2.707421183586120605e-01
3.079444468021392822e-01
3.848973810672760010e-01
2.519797384738922119e-01
2.350093424320220947e-01
3.237951695919036865e-01
1.606711298227310181e-01
2.522243857383728027e-01
3.485262393951416016e-01
2.651593387126922607e-01
2.689461410045623779e-01
1.876514106988906860e-01
2.758557498455047607e-01
5.950373038649559021e-02
1.176575645804405212e-01
6.879000365734100342e-02
7.835961878299713135e-02
4.093695804476737976e-02
3.112132847309112549e-02
1.926757544279098511e-01
5.857199057936668396e-02
8.394429087638854980e-02
1.578210890293121338e-01
1.055563464760780334e-01
4.794133827090263367e-02
4.875073209404945374e-02
7.740967720746994019e-02
3.404476493597030640e-02
9.880759567022323608e-02
1.979129575192928314e-02
5.983764305710792542e-02
1.328231841325759888e-01
2.671690285205841064e-01
2.391187548637390137e-01
2.096140980720520020e-01
1.813985556364059448e-01
1.608648896217346191e-01
1.667538583278656006e-01
5.679350718855857849e-02
6.807661801576614380e-02
4.566638544201850891e-02
4.183550551533699036e-02
1.263657361268997192e-01
4.830845817923545837e-02
3.663826733827590942e-02
8.013266324996948242e-02
5.016487836837768555e-02
2.758662030100822449e-02
5.180438980460166931e-02
1.073844283819198608e-01
4.729421064257621765e-02
5.022020637989044189e-02
3.666187822818756104e-02
6.701523065567016602e-02
1.569599285721778870e-02
3.668278083205223083e-02
5.081142485141754150e-02
1.667070388793945312e-02
1.866490207612514496e-02
1.393038630485534668e-01
1.249946728348731995e-01
5.546397715806961060e-02
3.008737973868846893e-02
5.836131051182746887e-02
5.888685211539268494e-02
3.700724989175796509e-02
8.562152832746505737e-02
1.886364631354808807e-02
2.295967191457748413e-02
6.516917049884796143e-02
3.929554298520088196e-02
1.210331469774246216e-01
1.465685516595840454e-01
9.128474444150924683e-02
1.225822046399116516e-01
1.206025928258895874e-01
1.237031742930412292e-01
9.518581628799438477e-02
1.221810206770896912e-01
1.392010748386383057e-01
1.299752146005630493e-01
1.130964383482933044e-01
6.305113434791564941e-02
8.217598497867584229e-02
9.058359265327453613e-02
6.521718204021453857e-02
1.111973077058792114e-01
1.352227777242660522e-01
1.012684404850006104e-01
9.546427428722381592e-02
8.752398192882537842e-02
9.018082916736602783e-02
1.520188301801681519e-01
1.527026593685150146e-01
4.281409457325935364e-02
2.932322956621646881e-02
4.774248600006103516e-02
5.255863443017005920e-02
4.524026811122894287e-02
2.132712490856647491e-02
2.333261072635650635e-02
3.450139611959457397e-02
5.949472635984420776e-02
1.112988125532865524e-02
1.693136058747768402e-02
4.815712571144104004e-02
4.057817906141281128e-02
3.553075715899467468e-02
9.962871670722961426e-02
2.125008031725883484e-02
1.013607904314994812e-01
1.226942017674446106e-01
1.027762591838836670e-01
1.254694908857345581e-01
1.043728142976760864e-01
1.091251075267791748e-01
1.186571344733238220e-01
8.016960322856903076e-02
8.991201221942901611e-02
6.288377195596694946e-02
3.624257445335388184e-02
7.060652971267700195e-02
3.633622452616691589e-02
3.944361954927444458e-02
1.527335122227668762e-02
2.857131883502006531e-02
2.954808622598648071e-02
4.120536148548126221e-02
2.795755304396152496e-02
8.633918128907680511e-03
3.983954712748527527e-02
1.518166996538639069e-02
3.137316554784774780e-03
6.732735782861709595e-03
3.379593789577484131e-02
1.196803618222475052e-02
1.129202097654342651e-01
1.103078052401542664e-01
2.543525584042072296e-02
6.550611555576324463e-02
6.387227773666381836e-02
3.585773706436157227e-02
3.110209107398986816e-02
8.848724514245986938e-02
4.190323874354362488e-02
8.019442111253738403e-02
3.284690156579017639e-02
3.134947270154953003e-02
2.669999748468399048e-02
1.322779953479766846e-01
2.886403165757656097e-02
2.995636686682701111e-02
2.559391409158706665e-02
2.219962887465953827e-02
1.227484643459320068e-02
1.507897768169641495e-02
3.081382252275943756e-02
6.618992239236831665e-02
8.619961328804492950e-03
2.242289111018180847e-02
1.439465302973985672e-02
1.587463170289993286e-02
3.419790416955947876e-02
8.827071636915206909e-02
4.246046394109725952e-02
1.723274774849414825e-02
7.971569150686264038e-02
3.545035794377326965e-02
3.321720659732818604e-02
3.526059212163090706e-03
3.029676340520381927e-02
1.383907906711101532e-02
3.040760941803455353e-02
2.671643346548080444e-02
2.472125366330146790e-02
3.818670287728309631e-02
3.816632553935050964e-02
1.265307329595088959e-02
6.185596808791160583e-02
3.428843617439270020e-02
2.300579473376274109e-02
6.494166702032089233e-02
1.086819451302289963e-02
1.445151492953300476e-02
1.430961117148399353e-02
1.029106602072715759e-02
9.855017066001892090e-03
1.585254631936550140e-02
1.482246369123458862e-01
6.305567175149917603e-02
9.139002859592437744e-02
5.074945837259292603e-02
5.830348283052444458e-02
3.012776747345924377e-02
7.249792665243148804e-02
8.337680995464324951e-02
4.489584639668464661e-02
5.354485660791397095e-02
4.381046444177627563e-02
4.145659506320953369e-02
6.671726703643798828e-02
6.411249935626983643e-02
2.633115276694297791e-02
5.288934335112571716e-02
2.791858091950416565e-02
4.627697169780731201e-02
2.763954363763332367e-02
1.161519158631563187e-02
1.472109835594892502e-02
4.718323703855276108e-03
2.188695035874843597e-02
2.012402750551700592e-02
1.716720126569271088e-02
1.367955841124057770e-02
1.277207955718040466e-02
3.850036114454269409e-02
1.103768590837717056e-02
3.995561506599187851e-03
2.948451973497867584e-02
3.424337878823280334e-02
3.384100273251533508e-03
1.308019738644361496e-03
8.903561532497406006e-02
3.654151037335395813e-02
3.011581115424633026e-02
2.425397560000419617e-02
5.212699621915817261e-02
6.691458821296691895e-02
2.326869592070579529e-02
4.436945915222167969e-02
1.688652485609054565e-01
5.322299152612686157e-02
4.643256589770317078e-02
3.319556266069412231e-02
4.465146735310554504e-02
1.858123019337654114e-02
1.354669965803623199e-02
7.324195466935634613e-03
1.110732089728116989e-02
4.150079563260078430e-02
1.456813793629407883e-02
3.419600054621696472e-02
3.735537827014923096e-02
1.572384871542453766e-02
4.357057064771652222e-02
1.398555561900138855e-02
4.265928640961647034e-02
4.756217822432518005e-03
2.841965295374393463e-02
7.448728196322917938e-03
7.409099489450454712e-03
5.122883711010217667e-03
8.756584674119949341e-02
6.545096635818481445e-02
2.732924371957778931e-02
2.200816571712493896e-02
8.927959948778152466e-03
6.333039607852697372e-03
3.842084854841232300e-02
3.862835094332695007e-02
2.617573179304599762e-02
1.444581057876348495e-02
1.487193256616592407e-02
1.054147258400917053e-02
4.571698606014251709e-02
8.553531952202320099e-03
1.004175618290901184e-01
4.498218372464179993e-02
5.541520193219184875e-02
2.245684154331684113e-02
2.919167280197143555e-02
2.773779071867465973e-02
1.020497232675552368e-01
5.032766610383987427e-02
2.829701825976371765e-02
6.317733228206634521e-02
8.774366974830627441e-02
2.631109394133090973e-02
3.994052112102508545e-02
2.856864407658576965e-02
3.275249153375625610e-02
2.491494268178939819e-02
3.090299665927886963e-02
3.069283068180084229e-02
3.762760013341903687e-02
2.506992965936660767e-02
3.336071223020553589e-02
3.098084405064582825e-02
2.358027920126914978e-02
4.509575664997100830e-02
2.465291507542133331e-02
3.815272077918052673e-02
1.817529089748859406e-02
2.964770793914794922e-02
2.149618044495582581e-02
7.254749536514282227e-02
1.934297010302543640e-02
4.248851910233497620e-02
2.880505286157131195e-02
4.527681320905685425e-02
4.980090074241161346e-03
4.654275253415107727e-03
4.243346862494945526e-03
2.126229181885719299e-02
7.142970338463783264e-03
6.966614723205566406e-02
1.712625101208686829e-02
3.433277085423469543e-02
1.115424931049346924e-01
2.390642464160919189e-02
5.582686513662338257e-02
1.774510927498340607e-02
4.748843610286712646e-02
4.346682876348495483e-02
2.901085279881954193e-02
5.278701707720756531e-02
2.655365690588951111e-02
3.279655054211616516e-02
1.547904405742883682e-02
1.519022881984710693e-02
4.509935155510902405e-02
2.439152263104915619e-02
2.758920937776565552e-02
1.129129063338041306e-02
4.495410621166229248e-02
6.152288988232612610e-02
7.400336675345897675e-03
1.028662919998168945e-02
4.933783318847417831e-03
1.357963122427463531e-02
6.052796263247728348e-03
7.439389079809188843e-02
2.679423801600933075e-02
3.245072904974222183e-03
3.558018803596496582e-02
7.111238781362771988e-03
1.959021016955375671e-02
5.428506061434745789e-02
2.396382391452789307e-02
2.547622285783290863e-02
9.379468858242034912e-03
2.136753872036933899e-02
5.998809821903705597e-03
4.052852746099233627e-03
4.124791920185089111e-02
8.074193447828292847e-02
2.523686736822128296e-02
1.563010178506374359e-02
9.715640917420387268e-03
3.980930894613265991e-03
2.271974086761474609e-02
1.639010570943355560e-02
3.604347584769129753e-03
5.211756005883216858e-02
1.724831294268369675e-03
1.436344627290964127e-02
1.342307496815919876e-02
7.882659323513507843e-03
3.223308129236102104e-03
6.663432717323303223e-02
5.491232965141534805e-03
1.124151982367038727e-02
6.842331029474735260e-03
2.960819052532315254e-03
1.154268975369632244e-03
2.857402525842189789e-02
1.116907130926847458e-02
9.338864125311374664e-03
1.308027282357215881e-02
1.328250858932733536e-02
5.636392161250114441e-03
2.170838974416255951e-02
4.949339199811220169e-03
5.188336130231618881e-03
1.069862674921751022e-02
2.397101372480392456e-03
8.654944598674774170e-03
1.973507460206747055e-03
4.332250449806451797e-03
3.057423233985900879e-02
2.254457585513591766e-02
7.276846095919609070e-03
2.848879666998982430e-03
2.866001985967159271e-02
7.544516026973724365e-02
1.294917613267898560e-02
8.993906527757644653e-02
3.763343393802642822e-02
2.703066729009151459e-02
2.224988490343093872e-02
4.020977765321731567e-02
5.313354730606079102e-02
1.217436790466308594e-01
8.482746034860610962e-02
3.052618168294429779e-02
1.405032631009817123e-02
2.052783221006393433e-02
1.368592400103807449e-02
6.066452711820602417e-02
2.577244304120540619e-02
1.865530386567115784e-02
1.027071848511695862e-02
1.393454708158969879e-02
3.986362367868423462e-03
6.600788794457912445e-03
1.147892419248819351e-02
4.074714146554470062e-03
1.581448689103126526e-02
2.225776389241218567e-02
1.422868203371763229e-02
1.200706977397203445e-02
6.774125620722770691e-03
2.012041630223393440e-03
1.208758680149912834e-03
1.162883359938859940e-03
3.040988231077790260e-03
6.512030959129333496e-02
4.801807925105094910e-03
1.648194156587123871e-02
1.251189270988106728e-03
5.514833144843578339e-03
8.071098476648330688e-03
4.551593959331512451e-02
4.315975308418273926e-02
6.590347737073898315e-02
4.170787334442138672e-02
4.202924296259880066e-02
1.906151138246059418e-02
5.318021401762962341e-02
3.903089091181755066e-02
1.069904211908578873e-02
2.055864222347736359e-02
6.898048799484968185e-03
2.293719537556171417e-02
1.218950748443603516e-02
5.398863460868597031e-03
3.441181499511003494e-03
2.467588335275650024e-02
2.205577213317155838e-03
2.069571800529956818e-02
6.482665240764617920e-02
1.197186484932899475e-02
2.253663726150989532e-02
6.499218288809061050e-03
1.747369952499866486e-02
3.018556535243988037e-02
2.473692037165164948e-02
1.102236565202474594e-03
3.930733073502779007e-03
4.810951650142669678e-03
6.984475534409284592e-03
1.649356633424758911e-02
6.874068640172481537e-03
6.365322507917881012e-03
1.234919996932148933e-03
6.840937305241823196e-03
6.750824395567178726e-03
4.529057070612907410e-03
5.922534503042697906e-03
6.994156632572412491e-03
2.820155816152691841e-03
3.878344967961311340e-02
1.866750046610832214e-02
6.018962711095809937e-02
3.495363146066665649e-02
2.432417310774326324e-02
2.732583880424499512e-02
1.456247083842754364e-02
6.222090870141983032e-02
2.743609994649887085e-02
6.930250674486160278e-02
1.520051155239343643e-02
1.513776928186416626e-02
4.409882426261901855e-02
2.182537503540515900e-02
4.352633282542228699e-02
4.009913280606269836e-02
3.586225211620330811e-02
1.420316752046346664e-02
1.919914968311786652e-02
7.526642829179763794e-02
3.182636201381683350e-02
5.544485896825790405e-02
2.877264656126499176e-02
8.176078088581562042e-03
6.911769509315490723e-02
1.001625787466764450e-02
9.925575926899909973e-03
1.791124045848846436e-02
7.896950095891952515e-02
1.343739125877618790e-02
1.504902075976133347e-02
1.517473347485065460e-02
5.141566693782806396e-02
5.042971577495336533e-03
4.688768461346626282e-02
2.260345593094825745e-02
2.242897870019078255e-03
7.653397042304277420e-03
2.832877682521939278e-03
6.123756989836692810e-02
7.488265167921781540e-03
1.568411290645599365e-02
1.859916374087333679e-02
2.007055841386318207e-02
3.161397203803062439e-02
4.465387016534805298e-02
1.639943756163120270e-02
3.603330999612808228e-02
1.812688261270523071e-02
3.288560733199119568e-02
1.220619119703769684e-02
3.265226259827613831e-02
3.132765367627143860e-02
2.301352331414818764e-03
1.253917813301086426e-03
2.136494033038616180e-03
7.257812656462192535e-03
1.592978276312351227e-02
4.771945532411336899e-03
1.964737195521593094e-03
3.876827890053391457e-03
1.351140718907117844e-02
4.193683341145515442e-02
8.884554728865623474e-03
7.011403888463973999e-02
4.590516909956932068e-03
3.159249946475028992e-02
2.537848800420761108e-02
1.518365833908319473e-02
2.191404812037944794e-02
5.670869350433349609e-02
3.350563347339630127e-03
5.695261526852846146e-03
3.387935832142829895e-02
2.893186919391155243e-02
3.792197676375508308e-03
2.561361901462078094e-02
3.904586657881736755e-02
1.070842891931533813e-01
9.215707890689373016e-03
2.366802282631397247e-02
5.693835671991109848e-03
6.442334968596696854e-03
1.110379770398139954e-02
1.643431186676025391e-02
8.375912904739379883e-02
4.208445083349943161e-03
2.099035494029521942e-02
6.415909621864557266e-03
6.547607947140932083e-03
4.219707846641540527e-02
2.802700921893119812e-02
5.659259855747222900e-02
4.192743077874183655e-02
1.818659366108477116e-03
3.149545937776565552e-02
4.701188765466213226e-03
6.599008571356534958e-03
1.698539964854717255e-02
1.699148677289485931e-02
3.327017650008201599e-03
7.915853522717952728e-03
2.883943356573581696e-02
2.893329365178942680e-03
1.502980012446641922e-03
2.727312734350562096e-03
1.182609819807112217e-03
3.004007972776889801e-03
2.609079470857977867e-03
3.512458410114049911e-03
1.905058044940233231e-03
5.402686074376106262e-03
3.493306459859013557e-03
4.700805060565471649e-03
4.693933879025280476e-04
2.676417585462331772e-03
4.934065043926239014e-03
2.908177115023136139e-02
2.380673773586750031e-02
2.632046490907669067e-02
8.720740675926208496e-03
7.942609488964080811e-03
2.415893226861953735e-02
4.495214298367500305e-02
1.732367277145385742e-02
6.012979522347450256e-02
2.990755625069141388e-02
2.058473788201808929e-02
2.698132023215293884e-02
1.099721342325210571e-02
2.998796850442886353e-02
1.566975004971027374e-02
3.638019412755966187e-02
3.895609825849533081e-02
2.112127281725406647e-02
4.675395414233207703e-02
1.363312173634767532e-02
9.932135231792926788e-03
1.999084651470184326e-02
6.770738214254379272e-02
1.002756319940090179e-02
3.594100940972566605e-03
1.637404900975525379e-03
1.346934004686772823e-03
6.234964821487665176e-03
1.149493828415870667e-02
1.053403480909764767e-03
3.302277065813541412e-03
6.583387963473796844e-03
4.475082270801067352e-03
1.906335121020674706e-03
1.432699523866176605e-02
1.294359797611832619e-03
9.130793623626232147e-03
1.195724937133491039e-03
6.961643230170011520e-03
1.198725588619709015e-02
2.515352889895439148e-02
6.964646745473146439e-03
5.590821430087089539e-02
2.620219998061656952e-02
1.275158207863569260e-02
1.189626380801200867e-02
1.222277246415615082e-02
6.391346454620361328e-03
5.051668267697095871e-03
9.510386735200881958e-03
7.655393565073609352e-04
1.212344039231538773e-02
1.425868482328951359e-03
5.568516906350851059e-03
8.378128521144390106e-03
6.213745474815368652e-02
3.199653699994087219e-03
2.896441845223307610e-03
2.134361490607261658e-02
3.364872187376022339e-03
3.201541956514120102e-03
2.948357351124286652e-02
3.280355362221598625e-03
1.311004813760519028e-02
1.379976049065589905e-02
1.735366322100162506e-02
1.499706646427512169e-03
9.497273713350296021e-03
9.359041578136384487e-04
4.448289517313241959e-03
2.529909089207649231e-02
1.490201521664857864e-02
5.782520398497581482e-03
8.893832564353942871e-04
1.104460936039686203e-02
5.688484758138656616e-03
3.094293642789125443e-03
1.371527463197708130e-02
2.535875141620635986e-02
2.952690608799457550e-02
1.919033937156200409e-02
8.432049304246902466e-03
4.838773980736732483e-03
7.359872572124004364e-03
6.639175862073898315e-02
1.349302195012569427e-02
4.338839277625083923e-02
8.579934015870094299e-03
1.024630479514598846e-02
9.213577024638652802e-03
1.925636455416679382e-02
7.159463316202163696e-02
1.825647987425327301e-02
9.366894140839576721e-03
1.292424649000167847e-02
2.969765104353427887e-02
2.012599073350429535e-02
1.958961412310600281e-02
9.687044657766819000e-03
8.066431619226932526e-03
7.697066292166709900e-03
5.680113099515438080e-03
5.154079198837280273e-02
2.286732569336891174e-02
1.182240992784500122e-02
1.427437993697822094e-03
2.894493518397212029e-03
9.429463185369968414e-03
4.695525392889976501e-03
3.290849039331078529e-03
5.864718556404113770e-02
5.926112644374370575e-03
7.187038660049438477e-03
2.120503922924399376e-03
2.592868870124220848e-03
1.899083028547465801e-03
1.021847710944712162e-03
1.991913653910160065e-02
2.145212329924106598e-02
1.705237478017807007e-02
1.107678189873695374e-02
1.559319626539945602e-02
9.754128754138946533e-03
8.547492325305938721e-02
7.634711451828479767e-03
1.204288005828857422e-02
4.855997860431671143e-02
2.645455673336982727e-02
1.321589481085538864e-02
1.095264405012130737e-02
3.408487513661384583e-02
2.644842863082885742e-02
9.059420786798000336e-03
2.257876330986618996e-03
7.281050551682710648e-03
6.606399547308683395e-04
3.172833099961280823e-02
2.563030924648046494e-03
3.804074367508292198e-03
3.695772960782051086e-03
9.249557042494416237e-04
1.368541084229946136e-02
3.702645888552069664e-03
1.013521663844585419e-02
3.150396049022674561e-03
7.979957386851310730e-03
2.138007665053009987e-03
7.879691547714173794e-04
9.279174730181694031e-03
2.791246026754379272e-02
1.961474306881427765e-03
1.782154315151274204e-03
1.610545557923614979e-03
3.372495528310537338e-03
5.397654604166746140e-03
7.206038106232881546e-03
1.929798163473606110e-02
5.581976380199193954e-03
2.941174246370792389e-02
7.363080512732267380e-03
5.784299224615097046e-03
1.285197329707443714e-03
4.741759970784187317e-03
1.550285494886338711e-03
3.919885959476232529e-03
1.872709952294826508e-03
4.210337996482849121e-03
3.810763359069824219e-03
8.287270902656018734e-04
3.179978113621473312e-03
2.687508240342140198e-03
1.807238208130002022e-03
6.309090554714202881e-02
7.833609124645590782e-04
2.000037115067243576e-03
2.940246136859059334e-03
3.796377219259738922e-03
2.199836075305938721e-03
3.830213681794703007e-04
6.633107084780931473e-03
3.609538543969392776e-03
8.383420063182711601e-04
1.125062233768403530e-03
1.305923610925674438e-02
1.598120108246803284e-02
6.857431493699550629e-03
2.797178458422422409e-03
2.700267359614372253e-03
2.569315722212195396e-03
2.926303073763847351e-03
1.752495067194104195e-03
9.312145411968231201e-03
1.392294070683419704e-03
7.435732055455446243e-03
1.293521840125322342e-02
4.423115402460098267e-03
1.594804786145687103e-02
2.394794113934040070e-02
5.737650766968727112e-02
5.945132672786712646e-02
1.323891524225473404e-02
1.734691485762596130e-02
3.939347807317972183e-03
3.237546980381011963e-02
5.781396757811307907e-03
1.860579475760459900e-02
9.532151743769645691e-03
8.607244119048118591e-03
1.707303337752819061e-02
1.713323220610618591e-02
3.822606056928634644e-02
3.936987742781639099e-02
5.243285093456506729e-03
2.929945848882198334e-02
1.490697450935840607e-02
5.715479608625173569e-03
2.398513257503509521e-03
3.952670842409133911e-03
1.041119918227195740e-02
1.229734509252011776e-03
1.046696025878190994e-02
9.592169080860912800e-04
6.634584162384271622e-03
3.250070381909608841e-03
1.125404378399252892e-03
3.335142135620117188e-02
1.215880643576383591e-02
8.050101809203624725e-03
2.249249257147312164e-03
1.481439219787716866e-03
3.044993383809924126e-03
2.594478055834770203e-02
1.067126984708011150e-03
3.263882128521800041e-03
2.756696566939353943e-02
1.697051338851451874e-02
9.419804066419601440e-02
3.635022044181823730e-02
2.578330412507057190e-02
2.114905044436454773e-02
1.454707328230142593e-02
1.826459728181362152e-02
2.745030634105205536e-02
5.572288762778043747e-03
2.655745018273591995e-03
1.607496407814323902e-03
3.423315472900867462e-03
6.512829568237066269e-03
1.469019101932644844e-03
2.368304179981350899e-03
3.914320841431617737e-03
3.499681130051612854e-03
1.139219035394489765e-03
2.298489212989807129e-03
8.949388284236192703e-04
7.801335304975509644e-04
1.852493616752326488e-03
4.628150258213281631e-03
2.073203446343541145e-03
3.584200167097151279e-04
2.578741870820522308e-03
1.705535920336842537e-03
3.753690747544169426e-03
6.411646609194576740e-04
4.764867946505546570e-03
9.149815887212753296e-03
5.691280122846364975e-03
9.295303374528884888e-03
1.466965884901583195e-03
6.525383214466273785e-04
1.314536388963460922e-02
9.416057728230953217e-04
2.628328278660774231e-03
4.485074803233146667e-02
1.390461158007383347e-02
1.172236911952495575e-02
1.707755029201507568e-02
5.567182321101427078e-03
9.803122840821743011e-03
2.291734097525477409e-03
7.268049288541078568e-03
8.331132121384143829e-03
5.917408037930727005e-03
4.397891834378242493e-02
4.301233217120170593e-03
7.573533337563276291e-03
3.726467024534940720e-03
2.413682453334331512e-02
2.249712124466896057e-02
5.835064221173524857e-03
2.648544311523437500e-02
2.051507122814655304e-02
4.513470921665430069e-03
3.138776496052742004e-02
3.980282694101333618e-03
2.046465873718261719e-02
6.339982617646455765e-03
1.045962944626808167e-01
3.633291460573673248e-03
1.077856402844190598e-02
5.123014003038406372e-02
1.262834854423999786e-02
3.406431525945663452e-03
7.227336056530475616e-03
5.134299397468566895e-03
1.161475386470556259e-02
6.887990050017833710e-03
2.224982716143131256e-03
3.377427114173769951e-03
3.362717106938362122e-03
4.308565985411405563e-04
1.888958620838820934e-03
1.896179653704166412e-02
2.254119701683521271e-02
3.549274988472461700e-03
1.255440339446067810e-02
6.863954477012157440e-03
2.973007271066308022e-03
3.929933067411184311e-03
2.548348903656005859e-02
1.716244593262672424e-02
1.197625510394573212e-02
8.852263912558555603e-03
9.007371962070465088e-03
1.838908158242702484e-02
1.411655452102422714e-02
3.991174045950174332e-03
1.347826700657606125e-02
5.502664134837687016e-04
1.506511471234261990e-03
1.123161334544420242e-02
7.300964789465069771e-04
2.046803012490272522e-03
3.713191673159599304e-02
4.376710858196020126e-03
4.228568449616432190e-02
3.997676540166139603e-03
5.528494250029325485e-03
1.412658137269318104e-03
3.633615747094154358e-02
1.962747657671570778e-03
1.964259706437587738e-02
1.402428839355707169e-03
2.923461841419339180e-03
8.638513390906155109e-04
5.260049831122159958e-03
6.562227499671280384e-04
2.967894449830055237e-02
1.942399656400084496e-03
1.233980292454361916e-03
2.379350131377577782e-03
1.425999030470848083e-02
1.641630753874778748e-02
1.152379438281059265e-02
3.271907940506935120e-02
8.451111614704132080e-03
3.753015189431607723e-04
1.578647526912391186e-03
4.008039832115173340e-02
5.326508544385433197e-03
8.864423260092735291e-03
1.142102992162108421e-03
2.438290510326623917e-03
6.891301018185913563e-04
1.191951148211956024e-02
3.327967971563339233e-02
3.929427824914455414e-03
2.990723121911287308e-03
3.414651006460189819e-02
1.668415032327175140e-02
1.146227400749921799e-02
9.113780222833156586e-03
2.825165400281548500e-03
2.766743302345275879e-03
1.520953513681888580e-02
8.358991704881191254e-03
1.310627441853284836e-03
1.240244950167834759e-03
4.831535276025533676e-03
3.829196793958544731e-03
7.252582581713795662e-04
1.373438048176467419e-03
4.255050444044172764e-04
1.549203647300601006e-03
1.953890779986977577e-03
1.672328216955065727e-03
8.730699773877859116e-04
2.134524751454591751e-03
7.187684997916221619e-03
1.125552691519260406e-02
1.633640378713607788e-02
1.533086970448493958e-02
3.196357935667037964e-02
9.678969159722328186e-03
1.546247955411672592e-02
1.474029105156660080e-02
4.336275160312652588e-02
1.150410063564777374e-02
1.357555948197841644e-02
3.649118915200233459e-02
1.211180239915847778e-01
2.919838391244411469e-02
6.579807493835687637e-03
3.357996465638279915e-03
1.062091346830129623e-02
1.760195940732955933e-02
3.221983835101127625e-02
3.230620548129081726e-02
8.479162119328975677e-03
7.566873449832201004e-03
1.268178690224885941e-02
1.169292163103818893e-02
2.317779930308461189e-03
9.954606648534536362e-04
3.363373456522822380e-03
1.316632493399083614e-03
2.032281598076224327e-03
9.309179149568080902e-03
6.288909353315830231e-04
5.439100787043571472e-04
1.285211532376706600e-03
1.108989119529724121e-03
1.180152059532701969e-03
6.716155260801315308e-02
1.269765780307352543e-03
2.277933992445468903e-03
7.480634958483278751e-04
1.198492827825248241e-03
9.406195022165775299e-04
8.931981399655342102e-03
7.137975655496120453e-03
2.444380894303321838e-02
3.688622266054153442e-03
2.636142820119857788e-02
1.096935756504535675e-02
5.070989020168781281e-03
6.355303525924682617e-02
1.134629547595977783e-02
5.062939599156379700e-03
5.489049945026636124e-03
2.327771484851837158e-02
1.367850694805383682e-03
2.168455859646201134e-03
3.747132141143083572e-03
1.249834662303328514e-03
7.175836362875998020e-04
6.818975671194493771e-04
2.205826574936509132e-03
6.227481644600629807e-04
7.375374552793800831e-04
8.578941226005554199e-03
5.688971141353249550e-04
7.908047176897525787e-03
2.885303692892193794e-04
5.133399739861488342e-02
1.693773665465414524e-03
1.399437198415398598e-03
9.399583213962614536e-04
2.078826073557138443e-03
1.377399195916950703e-03
1.047630677931010723e-03
2.498183399438858032e-02
2.312494441866874695e-03
1.056391047313809395e-03
1.662584603764116764e-03
1.006665988825261593e-03
2.007421571761369705e-03
7.958629168570041656e-03
2.077303454279899597e-02
3.159700334072113037e-02
5.038698669523000717e-03
5.579829681664705276e-03
8.450046926736831665e-02
4.391843453049659729e-02
4.522784613072872162e-03
1.566748321056365967e-02
2.283229306340217590e-02
1.403212826699018478e-02
8.700761012732982635e-03
1.220929902046918869e-02
4.148547723889350891e-02
1.775061525404453278e-02
6.257727276533842087e-03
8.434498682618141174e-03
2.805677009746432304e-03
3.720095381140708923e-03
6.860593333840370178e-03
3.491478506475687027e-03
4.233102314174175262e-03
2.092486247420310974e-02
9.118618443608283997e-03
2.967838384211063385e-02
2.188208512961864471e-02
5.286075174808502197e-03
1.043078210204839706e-02
1.712595112621784210e-02
3.504912310745567083e-04
5.178699502721428871e-04
1.055826665833592415e-03
1.155310310423374176e-02
8.085091249085962772e-04
1.058681402355432510e-03
7.762202294543385506e-04
5.275186896324157715e-02
2.253965241834521294e-03
4.420600365847349167e-03
8.573248633183538914e-04
3.023574315011501312e-02
4.250382073223590851e-03
5.091973580420017242e-03
6.342065334320068359e-02
6.173562724143266678e-03
5.907383747398853302e-03
9.101109579205513000e-03
5.904291756451129913e-03
1.939972862601280212e-02
1.400405913591384888e-02
3.993820864707231522e-03
4.109357018023729324e-03
1.279453653842210770e-02
1.014290563762187958e-02
4.253719467669725418e-03
1.932166516780853271e-03
5.437557585537433624e-03
7.440429646521806717e-03
1.153203076682984829e-03
4.264315357431769371e-04
4.642991989385336637e-04
1.036693574860692024e-03
7.543534506112337112e-03
7.482655928470194340e-04
3.392621292732656002e-04
4.212102387100458145e-03
6.314584752544760704e-04
8.647421491332352161e-04
1.555959112010896206e-03
1.144210342317819595e-03
2.431151951896026731e-04
1.100028399378061295e-03
1.229566056281328201e-03
9.681933443062007427e-04
9.279859950765967369e-04
6.448081112466752529e-04
3.525684005580842495e-04
2.736933296546339989e-03
2.957284450531005859e-03
1.605654507875442505e-02
7.050740066915750504e-03
2.336763218045234680e-02
3.132133744657039642e-03
7.974115014076232910e-02
5.666605196893215179e-03
1.408510375767946243e-03
1.026330399326980114e-03
3.798000398091971874e-04
3.125858493149280548e-04
1.053182641044259071e-03
1.410427968949079514e-03
1.186638022772967815e-03
3.242297098040580750e-04
4.783506155945360661e-04
6.854490493424236774e-04
3.765798406675457954e-03
1.469638082198798656e-03
1.249098568223416805e-03
3.376452717930078506e-03
5.810461007058620453e-04
5.920138210058212280e-03
3.258412471041083336e-04
4.162844270467758179e-04
3.928821242880076170e-04
1.503491308540105820e-03
2.057140925899147987e-03
1.975570805370807648e-03
2.507286844775080681e-04
1.258329721167683601e-03
1.112640602514147758e-03
3.128210781142115593e-03
2.814506005961447954e-04
1.868171733804047108e-03
1.229758723638951778e-03
2.093851799145340919e-03
2.235312946140766144e-03
4.500098002608865499e-04
7.973982952535152435e-03
8.545159362256526947e-03
4.753534682095050812e-03
5.264957435429096222e-03
2.664676681160926819e-02
4.117801785469055176e-02
3.563435981050133705e-03
6.074167788028717041e-03
2.179987728595733643e-02
6.071430444717407227e-02
1.013841107487678528e-02
6.240301299840211868e-03
1.513627078384160995e-02
1.656723092310130596e-03
1.289110910147428513e-02
8.337227627635002136e-03
2.336607081815600395e-03
1.090270560234785080e-02
6.150041706860065460e-03
4.488506820052862167e-03
3.603047225624322891e-03
1.810440979897975922e-02
8.943301625549793243e-03
2.493384666740894318e-02
9.930485393851995468e-04
7.429921533912420273e-04
7.004560320638120174e-04
7.459474727511405945e-03
6.218566093593835831e-03
2.938783494755625725e-03
7.287425687536597252e-04
1.514487201347947121e-03
8.837517816573381424e-04
5.972610088065266609e-04
9.226541151292622089e-04
2.349925198359414935e-04
3.180738131050020456e-04
2.257293235743418336e-04
4.370224778540432453e-04
5.400498630478978157e-04
6.838245783001184464e-03
2.399986376985907555e-03
3.809996880590915680e-03
2.084778994321823120e-02
3.215739503502845764e-03
1.884956099092960358e-02
2.645008731633424759e-03
6.418614648282527924e-03
2.801661146804690361e-03
8.774336427450180054e-03
2.449065446853637695e-03
2.242514118552207947e-02
1.518367789685726166e-03
2.433377550914883614e-03
3.059144655708223581e-04
1.800101017579436302e-04
9.590419940650463104e-04
3.305982425808906555e-02
5.014474736526608467e-04
1.349745085462927818e-03
9.383638389408588409e-04
5.420746281743049622e-03
2.543330192565917969e-02
2.486440644133836031e-04
8.408569847233593464e-04
1.403412083163857460e-03
5.853003822267055511e-04
3.972526174038648605e-04
4.782122559845447540e-04
8.824282325804233551e-03
8.214072440750896931e-04
5.330373533070087433e-03
2.196420973632484674e-04
2.086206659441813827e-04
4.411264962982386351e-04
3.658301138784736395e-04
1.528258668258786201e-03
4.865583498030900955e-03
3.840775927528738976e-03
4.913550801575183868e-03
5.414445768110454082e-04
7.668692851439118385e-04
4.214674409013241529e-04
4.127483442425727844e-02
4.682512080762535334e-04
1.476994715631008148e-03
1.028902828693389893e-03
4.851830890402197838e-04
7.614031783305108547e-04
7.638601236976683140e-04
1.544743194244801998e-03
5.015389178879559040e-04
2.678721793927252293e-04
3.325874276924878359e-04
9.593516588211059570e-04
1.891725813038647175e-03
7.861935300752520561e-04
9.484946494922041893e-04
2.263667294755578041e-03
4.787634592503309250e-03
5.598535644821822643e-04
7.908857660368084908e-04
2.445227932184934616e-03
2.284487010911107063e-03
6.323859561234712601e-04
4.289339703973382711e-04
2.373433206230401993e-03
2.816121268551796675e-04
7.036883616819977760e-04
1.271735294722020626e-03
4.143258556723594666e-04
9.146884083747863770e-03
7.089948630891740322e-04
1.407297822879627347e-04
1.428813673555850983e-03
4.829007666558027267e-03
6.784750148653984070e-04
1.297234650701284409e-02
2.525685541331768036e-02
3.623814089223742485e-03
1.360555458813905716e-02
3.121540183201432228e-03
3.048800164833664894e-03
3.874842077493667603e-02
1.752051897346973419e-02
1.292952429503202438e-02
1.793643576093018055e-03
1.840996555984020233e-02
2.323778346180915833e-03
1.199264172464609146e-02
2.415125630795955658e-02
1.227388717234134674e-02
2.852414175868034363e-02
4.447902552783489227e-03
3.214773163199424744e-02
3.714070841670036316e-02
1.450234674848616123e-03
2.848467975854873657e-02
7.108117570169270039e-04
1.213753363117575645e-03
3.845962695777416229e-03
2.040410600602626801e-02
3.749548923224210739e-04
2.678395714610815048e-03
1.943452662089839578e-04
9.219591505825519562e-03
3.855037037283182144e-03
4.018374718725681305e-03
2.974774222820997238e-03
2.604759647510945797e-04
9.967873338609933853e-04
5.233147530816495419e-04
5.467354203574359417e-04
4.147533793002367020e-03
2.902899868786334991e-04
1.719457213766872883e-03
1.195435295812785625e-03
1.536039169877767563e-02
1.460259314626455307e-03
2.451327629387378693e-03
6.961948238313198090e-03
2.137307822704315186e-02
2.878728089854121208e-03
1.207496318966150284e-02
1.576457172632217407e-03
7.588395383208990097e-04
5.392406601458787918e-04
1.874242443591356277e-04
8.742279605939984322e-04
1.209334703162312508e-03
3.136571962386369705e-03
3.757332451641559601e-04
