2.472000000000000031e-01
4.114999999999999769e-01
3.976000000000000090e-01
4.062999999999999945e-01
4.853999999999999981e-01
4.925999999999999823e-01
4.420999999999999930e-01
5.272999999999999909e-01
4.955999999999999850e-01
4.779999999999999805e-01
5.024999999999999467e-01
5.106000000000000538e-01
5.331000000000000183e-01
5.273999999999999799e-01
5.265999999999999570e-01
5.232999999999999874e-01
5.351000000000000201e-01
5.402000000000000135e-01
5.185999999999999499e-01
5.407999999999999474e-01
5.429000000000000492e-01
5.477999999999999536e-01
5.544000000000000039e-01
5.300000000000000266e-01
5.332999999999999963e-01
5.332999999999999963e-01
5.369000000000000439e-01
5.416999999999999593e-01
5.403999999999999915e-01
5.451000000000000290e-01
5.568999999999999506e-01
5.405999999999999694e-01
5.553000000000000158e-01
5.572000000000000286e-01
5.339000000000000412e-01
5.565999999999999837e-01
5.315999999999999615e-01
5.402000000000000135e-01
5.290000000000000258e-01
5.551000000000000378e-01
5.484999999999999876e-01
5.491000000000000325e-01
5.597999999999999643e-01
5.605999999999999872e-01
5.676999999999999824e-01
5.677999999999999714e-01
5.426999999999999602e-01
5.325999999999999623e-01
5.642000000000000348e-01
5.625999999999999890e-01
5.419000000000000483e-01
5.645999999999999908e-01
5.526999999999999691e-01
5.672000000000000375e-01
5.675999999999999934e-01
5.699999999999999512e-01
5.685000000000000053e-01
5.693000000000000282e-01
5.678999999999999604e-01
5.614999999999999991e-01
5.618999999999999551e-01
5.594000000000000083e-01
5.645999999999999908e-01
5.097000000000000419e-01
5.217000000000000526e-01
5.545999999999999819e-01
5.436999999999999611e-01
5.424999999999999822e-01
5.551000000000000378e-01
5.574000000000000066e-01
5.570000000000000506e-01
5.534999999999999920e-01
5.507999999999999563e-01
5.356999999999999540e-01
5.371000000000000218e-01
5.532000000000000250e-01
5.510000000000000453e-01
5.561000000000000387e-01
5.574999999999999956e-01
5.356999999999999540e-01
5.295999999999999597e-01
5.516999999999999682e-01
5.453999999999999959e-01
5.508999999999999453e-01
5.598999999999999533e-01
5.655999999999999917e-01
5.723000000000000309e-01
5.747999999999999776e-01
5.737999999999999767e-01
5.639999999999999458e-01
5.517999999999999572e-01
5.615999999999999881e-01
5.593000000000000194e-01
5.494999999999999885e-01
5.315999999999999615e-01
5.273999999999999799e-01
5.572000000000000286e-01
5.467999999999999527e-01
5.604999999999999982e-01
5.625000000000000000e-01
