3.135999999999999899e-01
4.048999999999999821e-01
4.608999999999999764e-01
4.521000000000000019e-01
4.859999999999999876e-01
4.742000000000000104e-01
5.429000000000000492e-01
5.279000000000000359e-01
5.003999999999999559e-01
5.647999999999999687e-01
5.401000000000000245e-01
5.447999999999999510e-01
5.420000000000000373e-01
5.397999999999999465e-01
5.449000000000000510e-01
5.370000000000000329e-01
5.727999999999999758e-01
5.567999999999999616e-01
5.420000000000000373e-01
5.556999999999999718e-01
5.708999999999999631e-01
5.624000000000000110e-01
5.564999999999999947e-01
5.642000000000000348e-01
5.646999999999999797e-01
5.819999999999999618e-01
5.728999999999999648e-01
5.625000000000000000e-01
5.507999999999999563e-01
5.684000000000000163e-01
5.877000000000000002e-01
5.883000000000000451e-01
5.862000000000000544e-01
5.735000000000000098e-01
5.889999999999999680e-01
5.859999999999999654e-01
5.695999999999999952e-01
5.512000000000000233e-01
5.616999999999999771e-01
5.644000000000000128e-01
5.669999999999999485e-01
5.734000000000000208e-01
5.760999999999999455e-01
5.767999999999999794e-01
5.866000000000000103e-01
5.726999999999999869e-01
5.673000000000000265e-01
5.774000000000000243e-01
5.741000000000000547e-01
5.585999999999999854e-01
5.591000000000000414e-01
5.526999999999999691e-01
5.833000000000000407e-01
5.816999999999999948e-01
5.735000000000000098e-01
5.758999999999999675e-01
5.886000000000000121e-01
5.888999999999999790e-01
5.927000000000000046e-01
5.924000000000000377e-01
5.915000000000000258e-01
5.886000000000000121e-01
5.947999999999999954e-01
5.827999999999999847e-01
5.649999999999999467e-01
5.596999999999999753e-01
5.613000000000000211e-01
5.818999999999999728e-01
5.676999999999999824e-01
5.708999999999999631e-01
5.632000000000000339e-01
5.614000000000000101e-01
5.681000000000000494e-01
5.832000000000000517e-01
5.790999999999999481e-01
5.692000000000000393e-01
5.536999999999999700e-01
5.631000000000000449e-01
5.623000000000000220e-01
5.760999999999999455e-01
5.554999999999999938e-01
5.778999999999999693e-01
5.838999999999999746e-01
5.867999999999999883e-01
5.859999999999999654e-01
5.824000000000000288e-01
5.768999999999999684e-01
5.716999999999999860e-01
5.689999999999999503e-01
5.665999999999999925e-01
5.518999999999999462e-01
5.483999999999999986e-01
5.665999999999999925e-01
5.715000000000000080e-01
5.726999999999999869e-01
5.756000000000000005e-01
5.818999999999999728e-01
5.820999999999999508e-01
5.858999999999999764e-01
5.822000000000000508e-01
