2.581689357757568359e-01
2.569458484649658203e-01
2.563047409057617188e-01
2.568433284759521484e-01
2.568795680999755859e-01
2.541337013244628906e-01
2.390096187591552734e-01
2.421660423278808594e-01
2.427084445953369141e-01
2.186660766601562500e-01
1.882236003875732422e-01
1.228764057159423828e-01
2.617182731628417969e-01
2.554016113281250000e-01
2.557432651519775391e-01
2.563529014587402344e-01
2.565820217132568359e-01
1.939392089843750000e-01
2.333109378814697266e-01
2.458679676055908203e-01
2.504026889801025391e-01
2.240316867828369141e-01
2.366354465484619141e-01
2.421324253082275391e-01
2.340314388275146484e-01
9.464812278747558594e-02
2.267534732818603516e-01
1.372718811035156250e-01
2.272348403930664062e-01
2.499179840087890625e-01
1.318278312683105469e-01
1.603686809539794922e-01
2.284061908721923828e-01
2.446422576904296875e-01
2.509758472442626953e-01
2.517561912536621094e-01
2.437567710876464844e-01
2.494440078735351562e-01
2.398862838745117188e-01
2.355520725250244141e-01
1.797316074371337891e-01
1.618850231170654297e-01
2.546560764312744141e-01
2.483496665954589844e-01
2.506549358367919922e-01
2.498211860656738281e-01
2.496137619018554688e-01
2.490770816802978516e-01
1.945955753326416016e-01
1.146528720855712891e-01
2.008373737335205078e-01
1.187703609466552734e-01
1.674346923828125000e-01
1.680610179901123047e-01
2.569351196289062500e-01
2.431058883666992188e-01
2.470793724060058594e-01
2.476406097412109375e-01
2.486650943756103516e-01
1.890685558319091797e-01
2.591059207916259766e-01
2.577180862426757812e-01
2.557046413421630859e-01
2.463576793670654297e-01
2.492833137512207031e-01
1.831178665161132812e-01
2.586863040924072266e-01
2.483682632446289062e-01
2.449095249176025391e-01
2.376065254211425781e-01
2.394402027130126953e-01
1.621904373168945312e-01
2.578141689300537109e-01
2.565476894378662109e-01
2.499883174896240234e-01
2.482340335845947266e-01
2.458732128143310547e-01
1.062576770782470703e-01
2.531449794769287109e-01
2.501788139343261719e-01
2.488458156585693359e-01
2.478930950164794922e-01
2.473030090332031250e-01
2.064833641052246094e-01
2.265808582305908203e-01
2.292432785034179688e-01
2.266237735748291016e-01
2.247202396392822266e-01
2.296419143676757812e-01
1.793513298034667969e-01
2.571570873260498047e-01
2.542574405670166016e-01
2.512557506561279297e-01
2.502393722534179688e-01
2.493813037872314453e-01
1.862454414367675781e-01
2.445583343505859375e-01
2.427809238433837891e-01
2.372670173645019531e-01
2.514460086822509766e-01
2.582166194915771484e-01
1.192910671234130859e-01
2.514224052429199219e-01
1.166777610778808594e-01
1.664872169494628906e-01
2.111115455627441406e-01
2.274923324584960938e-01
1.904401779174804688e-01
2.427966594696044922e-01
2.410118579864501953e-01
2.481865882873535156e-01
2.493379116058349609e-01
2.462825775146484375e-01
1.198620796203613281e-01
2.372140884399414062e-01
2.376472949981689453e-01
2.370328903198242188e-01
2.371251583099365234e-01
2.371551990509033203e-01
2.377264499664306641e-01
2.558982372283935547e-01
2.558636665344238281e-01
2.563529014587402344e-01
2.567033767700195312e-01
2.566800117492675781e-01
2.067840099334716797e-01
2.157068252563476562e-01
2.421977519989013672e-01
2.443866729736328125e-01
7.079982757568359375e-02
1.910319328308105469e-01
2.041251659393310547e-01
2.594859600067138672e-01
2.526917457580566406e-01
2.516491413116455078e-01
2.489609718322753906e-01
2.491867542266845703e-01
2.490079402923583984e-01
2.525410652160644531e-01
2.353563308715820312e-01
2.429311275482177734e-01
2.277457714080810547e-01
1.920213699340820312e-01
1.235539913177490234e-01
2.439160346984863281e-01
2.464079856872558594e-01
1.828699111938476562e-01
1.781318187713623047e-01
2.228770256042480469e-01
2.317843437194824219e-01
2.474222183227539062e-01
2.474730014801025391e-01
2.465586662292480469e-01
2.252917289733886719e-01
2.333500385284423828e-01
8.972859382629394531e-02
2.478296756744384766e-01
2.452547550201416016e-01
2.236878871917724609e-01
2.401154041290283203e-01
1.705150604248046875e-01
1.680314540863037109e-01
2.456459999084472656e-01
2.504436969757080078e-01
2.542304992675781250e-01
2.538423538208007812e-01
2.504534721374511719e-01
1.959772109985351562e-01
2.276589870452880859e-01
2.283525466918945312e-01
2.284231185913085938e-01
2.284107208251953125e-01
2.256281375885009766e-01
2.011218070983886719e-01
2.537937164306640625e-01
2.486152648925781250e-01
2.545063495635986328e-01
2.533757686614990234e-01
2.503447532653808594e-01
2.516219615936279297e-01
2.377486228942871094e-01
9.155154228210449219e-02
2.440178394317626953e-01
2.450094223022460938e-01
2.446029186248779297e-01
2.467699050903320312e-01
2.439563274383544922e-01
2.462677955627441406e-01
2.444977760314941406e-01
2.301938533782958984e-01
2.204144001007080078e-01
1.851525306701660156e-01
2.517828941345214844e-01
2.598793506622314453e-01
2.580707073211669922e-01
2.533335685729980469e-01
2.502155303955078125e-01
1.285672187805175781e-01
2.432484626770019531e-01
2.445256710052490234e-01
2.446303367614746094e-01
2.460284233093261719e-01
2.461347579956054688e-01
1.858901977539062500e-01
2.572820186614990234e-01
2.519092559814453125e-01
2.493469715118408203e-01
1.646733283996582031e-02
2.287652492523193359e-01
2.449076175689697266e-01
2.236237525939941406e-01
2.185649871826171875e-01
1.933834552764892578e-01
1.706602573394775391e-01
1.666932106018066406e-01
2.286634445190429688e-01
2.383942604064941406e-01
2.439265251159667969e-01
2.425682544708251953e-01
2.470026016235351562e-01
2.474288940429687500e-01
1.822783946990966797e-01
2.589097023010253906e-01
2.494196891784667969e-01
2.478284835815429688e-01
2.484402656555175781e-01
2.485215663909912109e-01
1.221711635589599609e-01
2.350974082946777344e-01
2.490835189819335938e-01
1.974627971649169922e-01
2.428219318389892578e-01
2.434391975402832031e-01
5.964612960815429688e-02
2.565724849700927734e-01
2.567620277404785156e-01
2.563629150390625000e-01
2.418584823608398438e-01
2.472832202911376953e-01
1.884000301361083984e-01
2.601032257080078125e-01
2.537765502929687500e-01
2.535758018493652344e-01
2.493178844451904297e-01
2.471060752868652344e-01
2.462997436523437500e-01
2.072854042053222656e-01
1.737732887268066406e-01
1.468827724456787109e-01
2.075989246368408203e-01
2.364447116851806641e-01
2.307395935058593750e-01
2.466630935668945312e-01
2.491021156311035156e-01
2.496190071105957031e-01
2.458274364471435547e-01
2.464177608489990234e-01
1.869266033172607422e-01
2.321851253509521484e-01
1.715302467346191406e-02
2.412178516387939453e-01
2.454323768615722656e-01
2.428932189941406250e-01
2.407686710357666016e-01
2.433547973632812500e-01
2.483382225036621094e-01
2.494997978210449219e-01
2.484617233276367188e-01
2.483870983123779297e-01
1.883530616760253906e-01
6.223082542419433594e-02
2.534046173095703125e-01
2.485520839691162109e-01
2.268936634063720703e-01
2.357168197631835938e-01
2.437090873718261719e-01
2.520775794982910156e-01
2.477660179138183594e-01
2.452259063720703125e-01
2.305371761322021484e-01
2.356035709381103516e-01
1.713981628417968750e-01
2.495262622833251953e-01
2.471346855163574219e-01
2.474341392517089844e-01
1.142680644989013672e-01
1.711540222167968750e-01
1.717200279235839844e-01
1.811740398406982422e-01
1.507568359375000000e-01
1.768732070922851562e-01
2.308125495910644531e-01
2.356488704681396484e-01
2.475841045379638672e-01
2.284960746765136719e-01
2.292118072509765625e-01
2.310540676116943359e-01
2.292580604553222656e-01
2.297234535217285156e-01
1.660234928131103516e-01
2.427287101745605469e-01
2.420165538787841797e-01
2.491295337677001953e-01
2.546710968017578125e-01
2.570343017578125000e-01
1.947848796844482422e-01
2.379789352416992188e-01
2.103810310363769531e-01
2.400078773498535156e-01
2.398750782012939453e-01
2.259645462036132812e-01
2.573585510253906250e-02
2.448172569274902344e-01
2.430796623229980469e-01
1.816411018371582031e-01
2.256460189819335938e-01
2.270750999450683594e-01
2.148251533508300781e-01
2.439467906951904297e-01
2.344214916229248047e-01
2.381989955902099609e-01
1.905999183654785156e-01
1.818442344665527344e-01
1.579623222351074219e-01
2.531795501708984375e-01
2.479009628295898438e-01
2.463977336883544922e-01
2.438943386077880859e-01
2.402956485748291016e-01
2.182471752166748047e-01
2.529809474945068359e-01
2.479207515716552734e-01
2.475340366363525391e-01
2.456195354461669922e-01
2.454011440277099609e-01
2.003331184387207031e-01
2.169306278228759766e-01
4.195213317871093750e-02
2.456941604614257812e-01
2.498385906219482422e-01
2.522368431091308594e-01
2.535512447357177734e-01
2.514295578002929688e-01
2.502281665802001953e-01
2.500314712524414062e-01
2.500858306884765625e-01
2.520616054534912109e-01
2.515776157379150391e-01
2.438881397247314453e-01
2.266492843627929688e-01
2.414321899414062500e-01
2.128098011016845703e-01
2.229773998260498047e-01
1.443061828613281250e-01
2.464897632598876953e-01
2.480728626251220703e-01
1.883659362792968750e-01
2.269735336303710938e-01
2.311835289001464844e-01
1.684775352478027344e-01
2.571864128112792969e-01
2.513592243194580078e-01
2.490324974060058594e-01
7.838273048400878906e-02
1.626274585723876953e-01
2.310738563537597656e-01
2.229111194610595703e-01
1.836125850677490234e-01
1.113843917846679688e-01
2.200400829315185547e-01
2.480893135070800781e-01
2.457835674285888672e-01
2.467520236968994141e-01
2.398834228515625000e-01
2.411394119262695312e-01
2.297821044921875000e-01
1.971266269683837891e-01
1.535615921020507812e-01
1.198058128356933594e-01
2.228982448577880859e-01
2.248604297637939453e-01
2.265796661376953125e-01
2.294306755065917969e-01
2.346653938293457031e-01
2.482593059539794922e-01
2.518665790557861328e-01
2.502217292785644531e-01
2.486994266510009766e-01
2.475001811981201172e-01
1.661467552185058594e-02
2.508840560913085938e-01
2.349734306335449219e-01
2.415421009063720703e-01
2.298667430877685547e-01
2.019002437591552734e-01
1.407144069671630859e-01
2.407543659210205078e-01
2.346653938293457031e-01
2.214860916137695312e-01
1.009867191314697266e-01
2.404670715332031250e-01
2.439365386962890625e-01
2.490425109863281250e-01
2.500696182250976562e-01
2.513000965118408203e-01
2.332262992858886719e-01
2.438797950744628906e-01
1.831185817718505859e-01
2.041966915130615234e-01
1.558504104614257812e-01
1.498649120330810547e-01
2.289514541625976562e-01
2.473161220550537109e-01
2.461817264556884766e-01
1.877331733703613281e-01
6.805300712585449219e-02
2.526814937591552734e-01
2.549726963043212891e-01
2.527387142181396484e-01
2.537758350372314453e-01
2.003850936889648438e-01
2.289721965789794922e-01
2.286610603332519531e-01
2.263331413269042969e-01
2.237408161163330078e-01
2.240366935729980469e-01
2.430083751678466797e-01
2.498984336853027344e-01
2.504663467407226562e-01
2.494075298309326172e-01
2.484996318817138672e-01
1.861763000488281250e-01
2.380096912384033203e-01
2.223575115203857422e-01
2.249488830566406250e-01
2.293720245361328125e-01
2.355489730834960938e-01
1.802697181701660156e-01
2.422482967376708984e-01
2.363052368164062500e-01
2.475507259368896484e-01
6.392002105712890625e-02
2.396748065948486328e-01
2.408239841461181641e-01
2.267794609069824219e-01
1.974148750305175781e-01
1.620781421661376953e-01
1.643950939178466797e-01
2.369589805603027344e-01
2.378704547882080078e-01
2.457664012908935547e-01
2.413630485534667969e-01
2.454421520233154297e-01
2.480247020721435547e-01
2.535731792449951172e-01
1.910278797149658203e-01
2.465045452117919922e-01
2.469620704650878906e-01
2.485225200653076172e-01
2.503528594970703125e-01
2.513296604156494141e-01
2.045176029205322266e-01
2.052128314971923828e-01
2.097597122192382812e-01
1.866383552551269531e-01
1.658260822296142578e-01
2.043309211730957031e-01
1.130492687225341797e-01
2.591118812561035156e-01
2.541909217834472656e-01
2.519409656524658203e-01
2.531445026397705078e-01
2.489099502563476562e-01
2.469317913055419922e-01
2.489500045776367188e-01
2.369124889373779297e-01
2.436163425445556641e-01
2.492880821228027344e-01
2.105138301849365234e-01
1.300621032714843750e-01
2.550294399261474609e-01
2.551233768463134766e-01
2.511863708496093750e-01
1.796419620513916016e-01
1.675515174865722656e-01
1.810510158538818359e-01
2.506067752838134766e-01
2.489778995513916016e-01
2.485618591308593750e-01
2.325165271759033203e-01
2.427666187286376953e-01
1.777601242065429688e-01
2.371437549591064453e-01
9.839820861816406250e-02
2.108392715454101562e-01
1.963083744049072266e-01
2.079634666442871094e-01
2.327909469604492188e-01
2.499835491180419922e-01
2.478976249694824219e-01
2.465994358062744141e-01
2.466707229614257812e-01
2.468020915985107422e-01
2.072544097900390625e-01
1.547431945800781250e-01
1.903760433197021484e-01
2.232420444488525391e-01
2.397086620330810547e-01
2.437963485717773438e-01
2.504153251647949219e-01
2.605392932891845703e-01
2.562117576599121094e-01
2.553293704986572266e-01
2.558004856109619141e-01
2.556946277618408203e-01
1.930506229400634766e-01
2.552480697631835938e-01
2.397174835205078125e-01
2.465713024139404297e-01
1.120243072509765625e-01
2.187881469726562500e-01
1.903140544891357422e-01
1.830935478210449219e-01
1.056878566741943359e-01
2.216708660125732422e-01
2.471995353698730469e-01
2.496690750122070312e-01
2.465639114379882812e-01
1.898331642150878906e-01
1.513960361480712891e-01
1.687433719635009766e-01
2.303509712219238281e-01
2.332270145416259766e-01
2.434172630310058594e-01
2.469553947448730469e-01
2.521324157714843750e-01
2.525470256805419922e-01
2.513902187347412109e-01
2.507843971252441406e-01
1.884441375732421875e-01
2.569427490234375000e-01
2.553596496582031250e-01
2.559299468994140625e-01
1.936480998992919922e-01
1.939365863800048828e-01
6.172657012939453125e-02
2.536113262176513672e-01
2.579722404479980469e-01
2.558369636535644531e-01
2.491183280944824219e-01
2.542533874511718750e-01
2.520525455474853516e-01
2.113153934478759766e-01
1.812024116516113281e-01
1.457703113555908203e-01
1.969015598297119141e-01
2.300572395324707031e-01
2.434329986572265625e-01
2.255711555480957031e-01
1.810860633850097656e-01
2.212870121002197266e-01
2.181572914123535156e-01
2.171161174774169922e-01
2.193114757537841797e-01
2.550323009490966797e-01
2.478363513946533203e-01
2.427427768707275391e-01
2.457749843597412109e-01
2.488625049591064453e-01
2.507903575897216797e-01
2.578444480895996094e-01
3.944444656372070312e-02
1.959717273712158203e-01
2.447023391723632812e-01
2.504181861877441406e-01
2.459087371826171875e-01
2.352967262268066406e-01
2.373745441436767578e-01
2.396495342254638672e-01
2.347617149353027344e-01
2.459895610809326172e-01
2.065923213958740234e-01
2.489569187164306641e-01
2.453222274780273438e-01
2.454054355621337891e-01
2.454199790954589844e-01
2.456128597259521484e-01
1.864306926727294922e-01
2.325208187103271484e-01
2.370617389678955078e-01
2.464666366577148438e-01
2.487690448760986328e-01
2.408316135406494141e-01
1.800918579101562500e-01
2.586328983306884766e-01
2.581417560577392578e-01
2.561264038085937500e-01
9.532356262207031250e-02
1.450459957122802734e-01
2.228934764862060547e-01
2.537994384765625000e-01
2.497746944427490234e-01
2.436308860778808594e-01
2.443537712097167969e-01
2.447013854980468750e-01
1.809887886047363281e-01
2.465305328369140625e-01
2.315936088562011719e-01
1.418926715850830078e-01
2.496304512023925781e-01
2.507526874542236328e-01
2.508728504180908203e-01
2.545683383941650391e-01
2.474889755249023438e-01
2.451741695404052734e-01
2.321383953094482422e-01
2.447090148925781250e-01
1.797683238983154297e-01
2.587699890136718750e-01
2.545943260192871094e-01
2.523498535156250000e-01
2.521588802337646484e-01
2.526335716247558594e-01
1.051890850067138672e-01
2.533397674560546875e-01
2.520596981048583984e-01
2.515172958374023438e-01
2.512900829315185547e-01
2.513470649719238281e-01
2.065582275390625000e-01
2.465581893920898438e-01
2.409780025482177734e-01
2.394645214080810547e-01
2.329244613647460938e-01
2.112758159637451172e-01
1.726646423339843750e-01
1.857261657714843750e-01
1.564512252807617188e-01
1.626935005187988281e-01
2.345411777496337891e-01
2.534291744232177734e-01
2.556490898132324219e-01
2.468893527984619141e-01
2.503788471221923828e-01
2.503535747528076172e-01
2.507743835449218750e-01
2.509729862213134766e-01
1.894717216491699219e-01
2.562818527221679688e-01
3.601908683776855469e-02
2.037873268127441406e-01
2.476685047149658203e-01
2.466185092926025391e-01
2.496707439422607422e-01
2.583012580871582031e-01
2.528524398803710938e-01
2.540483474731445312e-01
2.504484653472900391e-01
2.505192756652832031e-01
1.783664226531982422e-01
2.557840347290039062e-01
2.569172382354736328e-01
2.563681602478027344e-01
2.494964599609375000e-01
2.456426620483398438e-01
2.411384582519531250e-01
2.344415187835693359e-01
2.504651546478271484e-01
2.476725578308105469e-01
2.379775047302246094e-01
2.370247840881347656e-01
6.194639205932617188e-02
2.353622913360595703e-01
2.405269145965576172e-01
2.422401905059814453e-01
2.488970756530761719e-02
2.255425453186035156e-01
1.735577583312988281e-01
2.476637363433837891e-01
2.477691173553466797e-01
2.478444576263427734e-01
2.431151866912841797e-01
2.473089694976806641e-01
2.460677623748779297e-01
2.350211143493652344e-01
2.190363407135009766e-01
2.383470535278320312e-01
2.353842258453369141e-01
2.022325992584228516e-01
1.399087905883789062e-01
1.633405685424804688e-01
1.335337162017822266e-01
2.244148254394531250e-01
2.275013923645019531e-01
2.303993701934814453e-01
1.848022937774658203e-01
2.437901496887207031e-01
2.417721748352050781e-01
2.364015579223632812e-01
2.205774784088134766e-01
2.392532825469970703e-01
3.527712821960449219e-02
2.409160137176513672e-01
2.272224426269531250e-01
2.440235614776611328e-01
2.420279979705810547e-01
2.411592006683349609e-01
1.149981021881103516e-01
2.495815753936767578e-01
2.466711997985839844e-01
2.476158142089843750e-01
2.492716312408447266e-01
2.496170997619628906e-01
2.056841850280761719e-01
2.470717430114746094e-01
2.501132488250732422e-01
2.512574195861816406e-01
2.512407302856445312e-01
2.512476444244384766e-01
2.510519027709960938e-01
6.187009811401367188e-02
9.145212173461914062e-02
1.953637599945068359e-01
2.420420646667480469e-01
2.522430419921875000e-01
2.526006698608398438e-01
2.227413654327392578e-01
2.858352661132812500e-02
2.463445663452148438e-01
2.531399726867675781e-01
2.475049495697021484e-01
2.457342147827148438e-01
2.363774776458740234e-01
2.497282028198242188e-01
1.938207149505615234e-01
2.240273952484130859e-01
2.444188594818115234e-01
1.843423843383789062e-01
2.610442638397216797e-01
2.528121471405029297e-01
2.456574440002441406e-01
2.543158531188964844e-01
2.554514408111572266e-01
1.885740756988525391e-01
2.536573410034179688e-01
2.523119449615478516e-01
2.502872943878173828e-01
2.450029850006103516e-01
2.510333061218261719e-01
2.501873970031738281e-01
2.300250530242919922e-01
2.140035629272460938e-01
1.925179958343505859e-01
6.379818916320800781e-02
2.474060058593750000e-01
2.474727630615234375e-01
2.083809375762939453e-01
2.312631607055664062e-01
2.377297878265380859e-01
2.400462627410888672e-01
2.348430156707763672e-01
1.735544204711914062e-01
2.494289875030517578e-01
2.399613857269287109e-01
2.354946136474609375e-01
2.327110767364501953e-01
2.336192131042480469e-01
1.904637813568115234e-01
2.495224475860595703e-01
2.472856044769287109e-01
2.515101432800292969e-01
2.455875873565673828e-01
2.410585880279541016e-01
1.770150661468505859e-01
2.551534175872802734e-01
2.518107891082763672e-01
2.515599727630615234e-01
2.443888187408447266e-01
2.468883991241455078e-01
2.800416946411132812e-02
2.328386306762695312e-01
2.141320705413818359e-01
1.916162967681884766e-01
1.600673198699951172e-01
2.243988513946533203e-01
2.249112129211425781e-01
2.511746883392333984e-01
2.436709403991699219e-01
2.454242706298828125e-01
2.435457706451416016e-01
2.457721233367919922e-01
2.387673854827880859e-01
2.256653308868408203e-01
2.335755825042724609e-01
2.362442016601562500e-01
2.339084148406982422e-01
2.378380298614501953e-01
1.884708404541015625e-01
2.318985462188720703e-01
2.360291481018066406e-01
2.321274280548095703e-01
2.473914623260498047e-01
2.454371452331542969e-01
1.153759956359863281e-01
2.532145977020263672e-01
1.693868637084960938e-02
2.209179401397705078e-01
2.438099384307861328e-01
2.488594055175781250e-01
2.454960346221923828e-01
2.547924518585205078e-01
2.397832870483398438e-01
2.398166656494140625e-01
2.429423332214355469e-01
2.439670562744140625e-01
1.263434886932373047e-01
2.553808689117431641e-01
2.544088363647460938e-01
2.548463344573974609e-01
2.423973083496093750e-01
2.430922985076904297e-01
1.947154998779296875e-01
1.755216121673583984e-01
1.110367774963378906e-01
2.248780727386474609e-01
2.500293254852294922e-01
2.553946971893310547e-01
2.503979206085205078e-01
2.487671375274658203e-01
2.466840744018554688e-01
2.467093467712402344e-01
1.860618591308593750e-02
2.324738502502441406e-01
2.467200756072998047e-01
1.857542991638183594e-01
1.484715938568115234e-01
1.695494651794433594e-01
2.312343120574951172e-01
2.426445484161376953e-01
2.406799793243408203e-01
2.466235160827636719e-01
2.454376220703125000e-01
2.426967620849609375e-01
2.408244609832763672e-01
2.383322715759277344e-01
2.311880588531494141e-01
2.482957839965820312e-01
2.479825019836425781e-01
2.470858097076416016e-01
2.479970455169677734e-01
2.481842041015625000e-01
2.489511966705322266e-01
2.594544887542724609e-01
2.469179630279541016e-01
2.463476657867431641e-01
2.454464435577392578e-01
2.472577095031738281e-01
7.511043548583984375e-02
2.524552345275878906e-01
2.506713867187500000e-01
2.490146160125732422e-01
2.426483631134033203e-01
2.445735931396484375e-01
1.223611831665039062e-01
2.477231025695800781e-01
2.450938224792480469e-01
2.443068027496337891e-01
2.355322837829589844e-01
2.418117523193359375e-01
1.692297458648681641e-01
2.392375469207763672e-01
2.388486862182617188e-01
2.376267910003662109e-01
2.424981594085693359e-01
2.403848171234130859e-01
1.721782684326171875e-01
2.477381229400634766e-01
2.409095764160156250e-01
2.410869598388671875e-01
2.377350330352783203e-01
2.436223030090332031e-01
1.932744979858398438e-01
2.151653766632080078e-01
1.095623970031738281e-01
2.392165660858154297e-01
2.491185665130615234e-01
2.448108196258544922e-01
2.450985908508300781e-01
2.313144207000732422e-01
2.396533489227294922e-01
2.403378486633300781e-01
2.413015365600585938e-01
2.431600093841552734e-01
1.731009483337402344e-01
2.534704208374023438e-01
2.362461090087890625e-01
2.425899505615234375e-01
2.390174865722656250e-01
2.441611289978027344e-01
6.258296966552734375e-02
6.212568283081054688e-02
2.345366477966308594e-01
2.347509860992431641e-01
2.275545597076416016e-01
2.367391586303710938e-01
2.532715797424316406e-01
2.476036548614501953e-01
2.485737800598144531e-01
2.506737709045410156e-01
2.621936798095703125e-02
2.217741012573242188e-01
2.302975654602050781e-01
2.464902400970458984e-01
2.476956844329833984e-01
2.490222454071044922e-01
2.509980201721191406e-01
2.510900497436523438e-01
2.509934902191162109e-01
2.374882698059082031e-01
2.510545253753662109e-01
2.595248222351074219e-01
2.560193538665771484e-01
2.569282054901123047e-01
1.366221904754638672e-01
2.539412975311279297e-01
2.586359977722167969e-01
2.561824321746826172e-01
2.532491683959960938e-01
2.518680095672607422e-01
1.902172565460205078e-01
2.570583820343017578e-01
2.429862022399902344e-01
2.455976009368896484e-01
2.386715412139892578e-01
2.380445003509521484e-01
1.187815666198730469e-01
2.427282333374023438e-01
2.421543598175048828e-01
2.378172874450683594e-01
2.491548061370849609e-01
2.459228038787841797e-01
1.095368862152099609e-01
2.611250877380371094e-01
2.532775402069091797e-01
2.503404617309570312e-01
2.270584106445312500e-01
2.087733745574951172e-01
1.667063236236572266e-01
2.615098953247070312e-01
2.549011707305908203e-01
2.494506835937500000e-01
2.445940971374511719e-01
2.344095706939697266e-01
1.688938140869140625e-01
2.474701404571533203e-01
2.484939098358154297e-01
2.485578060150146484e-01
2.486031055450439453e-01
2.483394145965576172e-01
1.880681514739990234e-01
2.561872005462646484e-01
1.141226291656494141e-01
1.639547348022460938e-01
1.806569099426269531e-01
2.287142276763916016e-01
2.310178279876708984e-01
2.131285667419433594e-01
2.298562526702880859e-01
2.400131225585937500e-01
2.321114540100097656e-01
2.497236728668212891e-01
1.347308158874511719e-01
2.432241439819335938e-01
2.447035312652587891e-01
2.449049949645996094e-01
2.483611106872558594e-01
2.506134510040283203e-01
1.891095638275146484e-01
2.063772678375244141e-01
1.654834747314453125e-01
2.152819633483886719e-01
2.177233695983886719e-01
2.104473114013671875e-01
1.947631835937500000e-01
2.452900409698486328e-01
2.439007759094238281e-01
2.433044910430908203e-01
1.003119945526123047e-01
2.266740798950195312e-01
2.242338657379150391e-01
2.408010959625244141e-01
2.372310161590576172e-01
2.443115711212158203e-01
2.155139446258544922e-01
2.121357917785644531e-01
1.065976619720458984e-01
2.416274547576904297e-01
2.392325401306152344e-01
2.238390445709228516e-01
1.992468833923339844e-01
1.624367237091064453e-01
1.516542434692382812e-01
2.500157356262207031e-01
2.433760166168212891e-01
2.392892837524414062e-01
2.405161857604980469e-01
2.465298175811767578e-01
1.447379589080810547e-01
2.242970466613769531e-01
2.387771606445312500e-01
2.307548522949218750e-01
2.086837291717529297e-01
2.003979682922363281e-01
6.442785263061523438e-02
2.320129871368408203e-01
2.445566654205322266e-01
2.431597709655761719e-01
2.362239360809326172e-01
2.278177738189697266e-01
1.541278362274169922e-01
6.229257583618164062e-02
1.296615600585937500e-01
1.970129013061523438e-01
2.262682914733886719e-01
2.063980102539062500e-01
2.370359897613525391e-01
2.432761192321777344e-01
2.470314502716064453e-01
1.880991458892822266e-01
2.542941570281982422e-01
2.561366558074951172e-01
2.565371990203857422e-01
2.610762119293212891e-01
2.465150356292724609e-01
2.518596649169921875e-01
2.419776916503906250e-01
2.449572086334228516e-01
1.850447654724121094e-01
1.818645000457763672e-01
7.003903388977050781e-02
2.486348152160644531e-01
2.465906143188476562e-01
2.465445995330810547e-01
2.466742992401123047e-01
1.926801204681396484e-01
1.500427722930908203e-01
1.680738925933837891e-01
2.336993217468261719e-01
2.383685111999511719e-01
2.453341484069824219e-01
2.124102115631103516e-01
2.300462722778320312e-01
2.244513034820556641e-01
2.097611427307128906e-01
1.912755966186523438e-01
1.825931072235107422e-01
2.430498600006103516e-01
2.449986934661865234e-01
2.474937438964843750e-01
2.496967315673828125e-01
2.497627735137939453e-01
2.503173351287841797e-01
2.539772987365722656e-01
2.556669712066650391e-01
2.558500766754150391e-01
6.944704055786132812e-02
1.700673103332519531e-01
2.308154106140136719e-01
2.507715225219726562e-01
2.473137378692626953e-01
2.466161251068115234e-01
2.354099750518798828e-01
2.043268680572509766e-01
1.721835136413574219e-01
2.374267578125000000e-01
2.369232177734375000e-01
2.325506210327148438e-01
2.302329540252685547e-01
2.320675849914550781e-01
1.616692543029785156e-01
2.410888671875000000e-01
2.380642890930175781e-01
2.043004035949707031e-01
1.694192886352539062e-01
1.379141807556152344e-01
2.238056659698486328e-01
2.483375072479248047e-01
2.352399826049804688e-01
2.086668014526367188e-01
1.527011394500732422e-01
1.511635780334472656e-01
1.258161067962646484e-01
1.981790065765380859e-01
1.745901107788085938e-01
1.526629924774169922e-01
2.224950790405273438e-01
2.388355731964111328e-01
2.473020553588867188e-01
1.619307994842529297e-01
1.305909156799316406e-01
2.139561176300048828e-01
2.430677413940429688e-01
2.478137016296386719e-01
2.451708316802978516e-01
2.490544319152832031e-01
2.355759143829345703e-01
2.427785396575927734e-01
2.297089099884033203e-01
2.015047073364257812e-01
1.351256370544433594e-01
1.266829967498779297e-01
1.587932109832763672e-01
2.350082397460937500e-01
2.497792243957519531e-01
2.512683868408203125e-01
2.526719570159912109e-01
2.154359817504882812e-01
3.548836708068847656e-02
2.583057880401611328e-01
2.575442790985107422e-01
2.379636764526367188e-01
2.416443824768066406e-01
2.501583099365234375e-01
2.465276718139648438e-01
2.472031116485595703e-01
2.449102401733398438e-01
2.450811862945556641e-01
2.448608875274658203e-01
1.992604732513427734e-01
1.459205150604248047e-01
1.615037918090820312e-01
2.382342815399169922e-01
2.474663257598876953e-01
2.500514984130859375e-01
2.306129932403564453e-01
2.313544750213623047e-01
2.330715656280517578e-01
2.346062660217285156e-01
2.383208274841308594e-01
2.220504283905029297e-01
2.536761760711669922e-01
2.497513294219970703e-01
2.481832504272460938e-01
1.645851135253906250e-02
2.222340106964111328e-01
2.528872489929199219e-01
2.420809268951416016e-01
2.308497428894042969e-01
2.383804321289062500e-01
2.394018173217773438e-01
2.399380207061767578e-01
1.148424148559570312e-01
2.409148216247558594e-01
2.331264019012451172e-01
2.068684101104736328e-01
2.005424499511718750e-01
1.983859539031982422e-01
1.786911487579345703e-01
2.496211528778076172e-01
2.485063076019287109e-01
2.482011318206787109e-01
2.358944416046142578e-01
2.382733821868896484e-01
1.656818389892578125e-01
2.342209815979003906e-01
2.107105255126953125e-01
1.917490959167480469e-01
1.548464298248291016e-01
1.712639331817626953e-01
1.256961822509765625e-01
2.432084083557128906e-01
2.381803989410400391e-01
2.430047988891601562e-01
2.444641590118408203e-01
2.365720272064208984e-01
8.305668830871582031e-02
1.542737483978271484e-01
2.228283882141113281e-01
2.247850894927978516e-01
2.272117137908935547e-01
2.315380573272705078e-01
2.271244525909423828e-01
2.539534568786621094e-01
2.487688064575195312e-01
2.462048530578613281e-01
2.379190921783447266e-01
2.107651233673095703e-01
1.273756027221679688e-01
1.969156265258789062e-01
1.575105190277099609e-01
2.262427806854248047e-01
2.261993885040283203e-01
2.259755134582519531e-01
2.262570858001708984e-01
2.226424217224121094e-01
2.975535392761230469e-02
2.447731494903564453e-01
1.757998466491699219e-01
1.179022789001464844e-01
2.245864868164062500e-01
2.527642250061035156e-01
2.510211467742919922e-01
2.509930133819580078e-01
2.348742485046386719e-01
2.419481277465820312e-01
1.779377460479736328e-01
2.464234828948974609e-01
2.471108436584472656e-01
2.471611499786376953e-01
2.469654083251953125e-01
2.508342266082763672e-01
2.505435943603515625e-01
2.012367248535156250e-01
1.866245269775390625e-01
1.635644435882568359e-01
1.926875114440917969e-01
2.502205371856689453e-01
2.498128414154052734e-01
1.722285747528076172e-01
2.209849357604980469e-01
2.216928005218505859e-01
7.866311073303222656e-02
2.431423664093017578e-01
2.343151569366455078e-01
2.591605186462402344e-01
2.545843124389648438e-01
2.548904418945312500e-01
2.517833709716796875e-01
2.496106624603271484e-01
2.505724430084228516e-01
2.619733810424804688e-01
2.405197620391845703e-01
2.368421554565429688e-01
2.434480190277099609e-01
2.437710762023925781e-01
1.267647743225097656e-01
2.434012889862060547e-01
2.425510883331298828e-01
2.404768466949462891e-01
2.272462844848632812e-01
2.303850650787353516e-01
2.290802001953125000e-01
2.341518402099609375e-01
2.427911758422851562e-01
2.421181201934814453e-01
2.204329967498779297e-01
2.390358448028564453e-01
4.656052589416503906e-02
2.531609535217285156e-01
2.552194595336914062e-01
2.549390792846679688e-01
2.553529739379882812e-01
2.548732757568359375e-01
2.493524551391601562e-01
1.900403499603271484e-01
1.268105506896972656e-01
1.913595199584960938e-01
2.376425266265869141e-01
2.430474758148193359e-01
2.475047111511230469e-01
2.547459602355957031e-01
2.558050155639648438e-01
2.566857337951660156e-01
2.567503452301025391e-01
2.568037509918212891e-01
2.567844390869140625e-01
2.566146850585937500e-01
2.487013339996337891e-01
2.494308948516845703e-01
2.493996620178222656e-01
2.499146461486816406e-01
2.491600513458251953e-01
2.358002662658691406e-01
7.888793945312500000e-02
1.610977649688720703e-01
2.324597835540771484e-01
2.408382892608642578e-01
2.526264190673828125e-01
2.477145195007324219e-01
2.329502105712890625e-01
1.389093399047851562e-01
1.875259876251220703e-01
2.011747360229492188e-01
1.865091323852539062e-01
2.509374618530273438e-01
2.477276325225830078e-01
2.441623210906982422e-01
2.327611446380615234e-01
2.364420890808105469e-01
1.591200828552246094e-01
6.188511848449707031e-02
2.250094413757324219e-01
2.531416416168212891e-01
2.523322105407714844e-01
2.475717067718505859e-01
2.481470108032226562e-01
2.379209995269775391e-01
2.223997116088867188e-01
1.966392993927001953e-01
5.486536026000976562e-02
2.516756057739257812e-01
2.471110820770263672e-01
1.740176677703857422e-01
2.481353282928466797e-01
2.481236457824707031e-01
2.477231025695800781e-01
2.476685047149658203e-01
2.493205070495605469e-01
2.218229770660400391e-01
1.983935832977294922e-01
1.652476787567138672e-01
1.734254360198974609e-01
2.175433635711669922e-01
2.253353595733642578e-01
1.762309074401855469e-01
1.465270519256591797e-01
2.016503810882568359e-01
2.274980545043945312e-01
2.483189105987548828e-01
2.490611076354980469e-01
6.174731254577636719e-02
2.482142448425292969e-01
2.529692649841308594e-01
1.727972030639648438e-01
2.146544456481933594e-01
9.540939331054687500e-02
2.570612430572509766e-01
2.526698112487792969e-01
2.494335174560546875e-01
2.395546436309814453e-01
2.291791439056396484e-01
1.562500000000000000e-01
2.556464672088623047e-01
2.486634254455566406e-01
2.489585876464843750e-01
2.519404888153076172e-01
2.521173954010009766e-01
2.520670890808105469e-01
2.377200126647949219e-01
2.157328128814697266e-01
1.864719390869140625e-01
1.565167903900146484e-01
1.747455596923828125e-01
2.358257770538330078e-01
1.644124984741210938e-01
2.185411453247070312e-01
2.175133228302001953e-01
2.196934223175048828e-01
2.218549251556396484e-01
2.222557067871093750e-01
2.273247241973876953e-01
2.230024337768554688e-02
2.399265766143798828e-01
2.527432441711425781e-01
2.546064853668212891e-01
2.519066333770751953e-01
2.405457496643066406e-01
2.483110427856445312e-01
2.490046024322509766e-01
2.468247413635253906e-01
2.436373233795166016e-01
1.769549846649169922e-01
2.499310970306396484e-01
2.378625869750976562e-01
2.354028224945068359e-01
2.136256694793701172e-01
1.957988739013671875e-01
1.777265071868896484e-01
1.851181983947753906e-01
1.522934436798095703e-01
1.741302013397216797e-01
2.292215824127197266e-01
2.279801368713378906e-01
2.376313209533691406e-01
1.780929565429687500e-01
1.321291923522949219e-01
2.126419544219970703e-01
1.211245059967041016e-01
1.920394897460937500e-01
1.638641357421875000e-01
2.473933696746826172e-01
2.413742542266845703e-01
2.331156730651855469e-01
2.134382724761962891e-01
1.866745948791503906e-01
1.643187999725341797e-01
2.545475959777832031e-01
2.570629119873046875e-01
2.578849792480468750e-01
2.552919387817382812e-01
2.523365020751953125e-01
2.495682239532470703e-01
2.228264808654785156e-01
1.938979625701904297e-01
1.576168537139892578e-01
1.636428833007812500e-01
2.279443740844726562e-01
2.346508502960205078e-01
1.690905094146728516e-01
1.728212833404541016e-01
2.036335468292236328e-01
2.147116661071777344e-01
2.330203056335449219e-01
1.142601966857910156e-01
2.480399608612060547e-01
2.461500167846679688e-01
2.441816329956054688e-01
2.261931896209716797e-01
2.204728126525878906e-01
1.525316238403320312e-01
6.214594841003417969e-02
1.593778133392333984e-01
1.260814666748046875e-01
2.284097671508789062e-01
2.446281909942626953e-01
2.587845325469970703e-01
2.066419124603271484e-01
1.580593585968017578e-01
1.467654705047607422e-01
2.267305850982666016e-01
2.403421401977539062e-01
2.444458007812500000e-01
1.921503543853759766e-01
1.289019584655761719e-01
1.877751350402832031e-01
2.440745830535888672e-01
2.546405792236328125e-01
2.542538642883300781e-01
1.924896240234375000e-01
6.258201599121093750e-02
2.452914714813232422e-01
2.486178874969482422e-01
2.536330223083496094e-01
2.489616870880126953e-01
2.601106166839599609e-01
2.571754455566406250e-01
2.563009262084960938e-01
2.571389675140380859e-01
2.569642066955566406e-01
1.893227100372314453e-01
2.565455436706542969e-01
2.502985000610351562e-01
2.491703033447265625e-01
2.478101253509521484e-01
2.464132308959960938e-01
1.860542297363281250e-01
2.020165920257568359e-01
1.528847217559814453e-01
1.529958248138427734e-01
1.863415241241455078e-01
1.761679649353027344e-01
1.628496646881103516e-01
2.275240421295166016e-01
1.994366645812988281e-01
1.561825275421142578e-01
1.062698364257812500e-01
2.359066009521484375e-01
2.440295219421386719e-01
1.785569190979003906e-01
1.298365592956542969e-01
2.000703811645507812e-01
2.402262687683105469e-01
2.382688522338867188e-01
2.431459426879882812e-01
1.713163852691650391e-01
1.140604019165039062e-01
2.210278511047363281e-01
2.485904693603515625e-01
2.461466789245605469e-01
2.437107563018798828e-01
2.351782321929931641e-01
1.956808567047119141e-01
1.836295127868652344e-01
1.544704437255859375e-01
2.117974758148193359e-01
2.423324584960937500e-01
2.424511909484863281e-01
2.352309226989746094e-01
2.435255050659179688e-01
2.435464859008789062e-01
2.413566112518310547e-01
1.647663116455078125e-02
2.044196128845214844e-01
1.519165039062500000e-01
2.240824699401855469e-01
2.243475914001464844e-01
2.241990566253662109e-01
2.242290973663330078e-01
2.329454421997070312e-01
2.446565628051757812e-01
2.031743526458740234e-01
1.642086505889892578e-01
2.368927001953125000e-01
2.411322593688964844e-01
2.492487430572509766e-01
2.539927959442138672e-01
2.497441768646240234e-01
2.356159687042236328e-01
2.463114261627197266e-01
1.154165267944335938e-01
6.179428100585937500e-02
2.164826393127441406e-01
1.920707225799560547e-01
1.534724235534667969e-01
1.768715381622314453e-01
2.382323741912841797e-01
1.644730567932128906e-01
8.122253417968750000e-02
2.523534297943115234e-01
2.527785301208496094e-01
2.500808238983154297e-01
2.489290237426757812e-01
2.353639602661132812e-01
2.440226078033447266e-01
2.415895462036132812e-01
2.397258281707763672e-01
2.307298183441162109e-01
2.085933685302734375e-01
1.243078708648681641e-01
1.637370586395263672e-01
2.296047210693359375e-01
2.391176223754882812e-01
2.365231513977050781e-01
2.501986026763916016e-01
1.782183647155761719e-01
1.524202823638916016e-01
2.142634391784667969e-01
2.091615200042724609e-01
2.304484844207763672e-01
2.510762214660644531e-01
2.582199573516845703e-01
2.509243488311767578e-01
2.518615722656250000e-01
5.369997024536132812e-02
2.283737659454345703e-01
2.367384433746337891e-01
2.572166919708251953e-01
2.559382915496826172e-01
2.557506561279296875e-01
2.357008457183837891e-01
2.459006309509277344e-01
1.754741668701171875e-01
2.479438781738281250e-01
2.464981079101562500e-01
2.467620372772216797e-01
2.465229034423828125e-01
2.465820312500000000e-01
2.467243671417236328e-01
2.363357543945312500e-01
2.474832534790039062e-01
2.540221214294433594e-01
2.510776519775390625e-01
2.496895790100097656e-01
1.458330154418945312e-01
2.172577381134033203e-01
2.273633480072021484e-01
2.143378257751464844e-01
1.923718452453613281e-01
1.786162853240966797e-01
1.136667728424072266e-01
6.197261810302734375e-02
1.245152950286865234e-01
1.618523597717285156e-01
2.269220352172851562e-01
2.440352439880371094e-01
2.440345287322998047e-01
2.315824031829833984e-01
2.345890998840332031e-01
2.429747581481933594e-01
2.275168895721435547e-01
1.923117637634277344e-01
1.025016307830810547e-01
2.229502201080322266e-01
1.953320503234863281e-01
1.546614170074462891e-01
2.517654895782470703e-01
2.499308586120605469e-01
2.500412464141845703e-01
1.925458908081054688e-01
1.580424308776855469e-01
1.622490882873535156e-01
2.311480045318603516e-01
2.315707206726074219e-01
2.398684024810791016e-01
2.562165260314941406e-01
5.965685844421386719e-02
1.805949211120605469e-01
2.393031120300292969e-01
2.465717792510986328e-01
2.465562820434570312e-01
1.550281047821044922e-01
1.301960945129394531e-01
2.236337661743164062e-01
2.465858459472656250e-01
2.463934421539306641e-01
2.466394901275634766e-01
2.226059436798095703e-01
2.414369583129882812e-01
2.365214824676513672e-01
2.112665176391601562e-01
1.740887165069580078e-01
1.491813659667968750e-01
2.330768108367919922e-01
2.444713115692138672e-01
2.412092685699462891e-01
2.391653060913085938e-01
2.393887042999267578e-01
1.782345771789550781e-01
2.610793113708496094e-01
2.410805225372314453e-01
2.489428520202636719e-01
1.160876750946044922e-01
1.283738613128662109e-01
2.219669818878173828e-01
2.392377853393554688e-01
2.419457435607910156e-01
1.670527458190917969e-01
2.204434871673583984e-01
2.476952075958251953e-01
2.450990676879882812e-01
2.415447235107421875e-01
2.452113628387451172e-01
2.424824237823486328e-01
2.173812389373779297e-01
2.375988960266113281e-01
1.404621601104736328e-01
2.439198493957519531e-01
2.363717555999755859e-01
2.392065525054931641e-01
2.398250102996826172e-01
2.327878475189208984e-01
1.838786602020263672e-01
2.218534946441650391e-01
1.985399723052978516e-01
1.647899150848388672e-01
1.517162322998046875e-01
2.198774814605712891e-01
1.156582832336425781e-01
2.125253677368164062e-01
1.957983970642089844e-01
1.680030822753906250e-01
1.711511611938476562e-01
2.329237461090087891e-01
2.446484565734863281e-01
2.400362491607666016e-01
2.418534755706787109e-01
2.400476932525634766e-01
2.228305339813232422e-01
1.961662769317626953e-01
1.441724300384521484e-01
6.204438209533691406e-02
2.231490612030029297e-01
2.445960044860839844e-01
2.402062416076660156e-01
2.455711364746093750e-01
2.479889392852783203e-01
2.277672290802001953e-01
1.921989917755126953e-01
1.429634094238281250e-01
2.353897094726562500e-01
2.226920127868652344e-01
1.982901096343994141e-01
2.547523975372314453e-01
8.379864692687988281e-02
1.682059764862060547e-01
2.150788307189941406e-01
2.260038852691650391e-01
2.337703704833984375e-01
2.206974029541015625e-01
1.951401233673095703e-01
1.621603965759277344e-01
1.587662696838378906e-01
2.255530357360839844e-01
2.406098842620849609e-01
2.525100708007812500e-01
2.490255832672119141e-01
2.483129501342773438e-01
2.472960948944091797e-01
2.471072673797607422e-01
2.009084224700927734e-01
2.385706901550292969e-01
2.444546222686767578e-01
2.459180355072021484e-01
2.466447353363037109e-01
2.478883266448974609e-01
1.880307197570800781e-01
2.110671997070312500e-01
1.641213893890380859e-01
1.383292675018310547e-01
1.255986690521240234e-01
1.888635158538818359e-01
1.651618480682373047e-01
1.875243186950683594e-01
1.559653282165527344e-01
2.276165485382080078e-01
2.143757343292236328e-01
2.530908584594726562e-01
2.559127807617187500e-01
1.792273521423339844e-01
1.072130203247070312e-01
2.246429920196533203e-01
2.441082000732421875e-01
2.396948337554931641e-01
2.391469478607177734e-01
2.484033107757568359e-01
2.448184490203857422e-01
2.473165988922119141e-01
2.382102012634277344e-01
2.465531826019287109e-01
1.772999763488769531e-01
2.449631690979003906e-01
2.382180690765380859e-01
2.468137741088867188e-01
2.433056831359863281e-01
2.389993667602539062e-01
1.665687561035156250e-02
1.992728710174560547e-01
1.458804607391357422e-01
1.667902469635009766e-01
2.340278625488281250e-01
2.432060241699218750e-01
2.390053272247314453e-01
2.037787437438964844e-01
1.889553070068359375e-01
1.710097789764404297e-01
1.787230968475341797e-01
2.301571369171142578e-01
2.507224082946777344e-01
2.461092472076416016e-01
2.411677837371826172e-01
2.398371696472167969e-01
2.310812473297119141e-01
2.063119411468505859e-01
1.627945899963378906e-01
1.590750217437744141e-01
1.757876873016357422e-01
2.263741493225097656e-01
2.242183685302734375e-01
2.223215103149414062e-01
2.167236804962158203e-01
2.528285980224609375e-01
1.658844947814941406e-02
2.272381782531738281e-01
1.849918365478515625e-01
2.248437404632568359e-01
2.223887443542480469e-01
2.112462520599365234e-01
1.782522201538085938e-01
1.492121219635009766e-01
2.005305290222167969e-01
2.294793128967285156e-01
2.374744415283203125e-01
2.515566349029541016e-01
2.494561672210693359e-01
2.482564449310302734e-01
2.469489574432373047e-01
2.463009357452392578e-01
2.444102764129638672e-01
1.994678974151611328e-01
1.526851654052734375e-01
1.910901069641113281e-01
2.022140026092529297e-01
2.351479530334472656e-01
2.422001361846923828e-01
1.523718833923339844e-01
2.199757099151611328e-01
2.223339080810546875e-01
9.900569915771484375e-02
2.467226982116699219e-01
2.466313838958740234e-01
2.571170330047607422e-01
2.566325664520263672e-01
2.565968036651611328e-01
2.559838294982910156e-01
2.567214965820312500e-01
2.563571929931640625e-01
2.331213951110839844e-01
1.975264549255371094e-01
2.360532283782958984e-01
2.407324314117431641e-01
2.391266822814941406e-01
1.892759799957275391e-01
2.584607601165771484e-01
2.557260990142822266e-01
2.535119056701660156e-01
2.501580715179443359e-01
2.496693134307861328e-01
2.495861053466796875e-01
1.819374561309814453e-01
1.545214653015136719e-01
1.763041019439697266e-01
2.354319095611572266e-01
2.482953071594238281e-01
9.955191612243652344e-02
1.684215068817138672e-01
1.192924976348876953e-01
2.240619659423828125e-01
2.522146701812744141e-01
2.527935504913330078e-01
2.531850337982177734e-01
6.202054023742675781e-02
1.877048015594482422e-01
1.532218456268310547e-01
1.682875156402587891e-01
2.313122749328613281e-01
2.370166778564453125e-01
2.492096424102783203e-01
2.493233680725097656e-01
2.493569850921630859e-01
2.502472400665283203e-01
2.492039203643798828e-01
2.497987747192382812e-01
2.449665069580078125e-01
2.447085380554199219e-01
2.348306179046630859e-01
2.452843189239501953e-01
2.420513629913330078e-01
1.227200031280517578e-01
2.577173709869384766e-01
9.515285491943359375e-02
2.238433361053466797e-01
2.245833873748779297e-01
2.242920398712158203e-01
2.053728103637695312e-01
2.579138278961181641e-01
2.533504962921142578e-01
2.594122886657714844e-01
1.821360588073730469e-01
1.867859363555908203e-01
1.735279560089111328e-01
6.443858146667480469e-02
2.204079627990722656e-01
2.501358985900878906e-01
2.478668689727783203e-01
2.385976314544677734e-01
2.437276840209960938e-01
2.160544395446777344e-01
2.066042423248291016e-01
1.783096790313720703e-01
1.497988700866699219e-01
2.131664752960205078e-01
2.357437610626220703e-01
1.872816085815429688e-01
9.824681282043457031e-02
2.238562107086181641e-01
1.087014675140380859e-01
1.304249763488769531e-01
2.284746170043945312e-01
2.442810535430908203e-01
2.425472736358642578e-01
2.371711730957031250e-01
2.298421859741210938e-01
1.967389583587646484e-01
1.502881050109863281e-01
2.379965782165527344e-01
2.347078323364257812e-01
2.388794422149658203e-01
2.423315048217773438e-01
2.445211410522460938e-01
1.200709342956542969e-01
2.581491470336914062e-01
2.533221244812011719e-01
2.483317852020263672e-01
2.456581592559814453e-01
2.416603565216064453e-01
1.756968498229980469e-01
2.494301795959472656e-01
2.559480667114257812e-01
1.901032924652099609e-01
2.192983627319335938e-01
2.262189388275146484e-01
3.632831573486328125e-02
2.557342052459716797e-01
2.573628425598144531e-01
2.569417953491210938e-01
2.558584213256835938e-01
2.571866512298583984e-01
1.874697208404541016e-01
2.134282588958740234e-01
1.745579242706298828e-01
1.234929561614990234e-01
2.208685874938964844e-01
2.464063167572021484e-01
2.444016933441162109e-01
1.905848979949951172e-01
1.673939228057861328e-01
1.566193103790283203e-01
2.246439456939697266e-01
2.393591403961181641e-01
2.435302734375000000e-01
2.311167716979980469e-01
1.991713047027587891e-01
1.448771953582763672e-01
1.668450832366943359e-01
2.317900657653808594e-01
2.390115261077880859e-01
1.730315685272216797e-01
7.618904113769531250e-02
2.509756088256835938e-01
2.487246990203857422e-01
2.496900558471679688e-01
2.490808963775634766e-01
2.410824298858642578e-01
2.224869728088378906e-01
2.393460273742675781e-01
2.377130985260009766e-01
2.112476825714111328e-01
1.462156772613525391e-01
2.398993968963623047e-01
2.343986034393310547e-01
2.255127429962158203e-01
2.486946582794189453e-01
2.473897933959960938e-01
2.459166049957275391e-01
1.731951236724853516e-01
1.710779666900634766e-01
1.690528392791748047e-01
2.324256896972656250e-01
2.310292720794677734e-01
2.094147205352783203e-01
2.447113990783691406e-01
2.441470623016357422e-01
2.354099750518798828e-01
1.643109321594238281e-02
2.363593578338623047e-01
2.502710819244384766e-01
2.235329151153564453e-01
2.438278198242187500e-01
2.466726303100585938e-01
2.449877262115478516e-01
1.905303001403808594e-01
1.836338043212890625e-01
2.485282421112060547e-01
2.491409778594970703e-01
2.515859603881835938e-01
2.559154033660888672e-01
2.579729557037353516e-01
1.953713893890380859e-01
2.429418563842773438e-01
2.372174263000488281e-01
2.157514095306396484e-01
1.945221424102783203e-01
1.538319587707519531e-01
1.736633777618408203e-01
2.507147789001464844e-01
2.360801696777343750e-01
2.406983375549316406e-01
2.131745815277099609e-01
1.748178005218505859e-01
8.325695991516113281e-02
2.712759971618652344e-01
2.521011829376220703e-01
1.888096332550048828e-01
1.186814308166503906e-01
1.875851154327392578e-01
2.230508327484130859e-01
2.013928890228271484e-01
1.448895931243896484e-01
1.560072898864746094e-01
2.230803966522216797e-01
2.320549488067626953e-01
2.396326065063476562e-01
2.520523071289062500e-01
2.493386268615722656e-01
2.474889755249023438e-01
2.477297782897949219e-01
2.476654052734375000e-01
2.481493949890136719e-01
1.779651641845703125e-01
1.635046005249023438e-01
1.713948249816894531e-01
2.276089191436767578e-01
2.318851947784423828e-01
2.375442981719970703e-01
1.992316246032714844e-01
5.707502365112304688e-02
2.497158050537109375e-01
2.471888065338134766e-01
2.474684715270996094e-01
2.478284835815429688e-01
2.521440982818603516e-01
2.509858608245849609e-01
2.502853870391845703e-01
2.456312179565429688e-01
2.476303577423095703e-01
1.874806880950927734e-01
2.354037761688232422e-01
2.226605415344238281e-01
2.260105609893798828e-01
2.263491153717041016e-01
2.267527580261230469e-01
1.763925552368164062e-01
2.112293243408203125e-01
1.668901443481445312e-01
1.325013637542724609e-01
2.567801475524902344e-01
2.574253082275390625e-01
2.553620338439941406e-01
2.252132892608642578e-01
1.816523075103759766e-01
1.498899459838867188e-01
1.189639568328857422e-01
2.167551517486572266e-01
2.404501438140869141e-01
2.497820854187011719e-01
2.465507984161376953e-01
2.446167469024658203e-01
2.425298690795898438e-01
2.404067516326904297e-01
2.352912425994873047e-01
6.218123435974121094e-02
2.529821395874023438e-01
2.439780235290527344e-01
2.419152259826660156e-01
2.417931556701660156e-01
2.399854660034179688e-01
2.169859409332275391e-01
2.348179817199707031e-01
2.252147197723388672e-01
2.143914699554443359e-01
1.916711330413818359e-01
1.754536628723144531e-01
2.603733539581298828e-01
2.532978057861328125e-01
2.524025440216064453e-01
2.502582073211669922e-01
2.493100166320800781e-01
9.574198722839355469e-02
2.489569187164306641e-01
2.302138805389404297e-01
2.394459247589111328e-01
2.044045925140380859e-01
1.665999889373779297e-01
1.398599147796630859e-01
2.465808391571044922e-01
2.518022060394287109e-01
1.867213249206542969e-01
2.257528305053710938e-01
2.228868007659912109e-01
1.965854167938232422e-01
2.407450675964355469e-01
2.321419715881347656e-01
1.946420669555664062e-01
1.510212421417236328e-01
2.195749282836914062e-01
2.202825546264648438e-01
1.099760532379150391e-01
1.845753192901611328e-01
2.358729839324951172e-01
2.471361160278320312e-01
2.447206974029541016e-01
2.426044940948486328e-01
2.524912357330322266e-01
1.919674873352050781e-02
2.207570075988769531e-01
2.426092624664306641e-01
2.416701316833496094e-01
2.399656772613525391e-01
1.874670982360839844e-01
1.918008327484130859e-01
1.790292263031005859e-01
1.993699073791503906e-01
2.506821155548095703e-01
2.507195472717285156e-01
1.023077964782714844e-01
1.885030269622802734e-01
2.357437610626220703e-01
2.439866065979003906e-01
2.333383560180664062e-01
2.469918727874755859e-01
2.570767402648925781e-01
2.517762184143066406e-01
2.509961128234863281e-01
2.515022754669189453e-01
2.517027854919433594e-01
1.257777214050292969e-01
2.468798160552978516e-01
2.468159198760986328e-01
2.492513656616210938e-01
8.348417282104492188e-02
1.574864387512207031e-01
2.258872985839843750e-01
2.581560611724853516e-01
2.566123008728027344e-01
2.567353248596191406e-01
2.433943748474121094e-01
2.506797313690185547e-01
1.857554912567138672e-01
2.441999912261962891e-01
2.353892326354980469e-01
2.445397377014160156e-01
2.435634136199951172e-01
2.379970550537109375e-01
1.756055355072021484e-01
2.418749332427978516e-01
2.405273914337158203e-01
2.375252246856689453e-01
2.284605503082275391e-01
2.043533325195312500e-01
1.586656570434570312e-01
