6.905255794525146484e+00
5.888160228729248047e+00
4.285672664642333984e+00
2.905419826507568359e+00
2.085743427276611328e+00
1.879294276237487793e+00
1.349765181541442871e+00
1.418000698089599609e+00
1.321472167968750000e+00
1.289477348327636719e+00
1.283136606216430664e+00
9.247128963470458984e-01
1.089285016059875488e+00
1.134636759757995605e+00
1.173189282417297363e+00
1.282446861267089844e+00
1.288184762001037598e+00
1.026861429214477539e+00
1.197358131408691406e+00
1.033930063247680664e+00
1.159806609153747559e+00
8.424794673919677734e-01
7.631028294563293457e-01
1.095785737037658691e+00
9.377074837684631348e-01
1.068988800048828125e+00
9.592998027801513672e-01
9.128063917160034180e-01
8.612455129623413086e-01
8.989154696464538574e-01
9.778813123703002930e-01
1.076472401618957520e+00
8.036805391311645508e-01
1.167657375335693359e+00
7.390103340148925781e-01
1.168137073516845703e+00
9.883521795272827148e-01
1.105726122856140137e+00
8.483438491821289062e-01
9.564892649650573730e-01
8.553023934364318848e-01
8.624674677848815918e-01
8.067343235015869141e-01
9.563442468643188477e-01
1.008365631103515625e+00
7.664740681648254395e-01
7.549939155578613281e-01
9.059289097785949707e-01
1.090958952903747559e+00
8.114479184150695801e-01
9.011072516441345215e-01
8.618574142456054688e-01
9.024487733840942383e-01
8.009248375892639160e-01
8.030685186386108398e-01
7.853667140007019043e-01
9.245275855064392090e-01
9.556347131729125977e-01
7.580839395523071289e-01
8.580911159515380859e-01
8.425829410552978516e-01
9.484408497810363770e-01
8.304966092109680176e-01
8.522413969039916992e-01
7.744702100753784180e-01
6.983457207679748535e-01
7.196665406227111816e-01
7.729820013046264648e-01
7.151452898979187012e-01
7.597433924674987793e-01
7.714829444885253906e-01
7.532170414924621582e-01
8.742566108703613281e-01
8.517093062400817871e-01
8.374775052070617676e-01
9.043685197830200195e-01
9.156985282897949219e-01
9.261208176612854004e-01
7.639486193656921387e-01
6.670122742652893066e-01
8.873134851455688477e-01
7.857118248939514160e-01
7.190780043601989746e-01
7.539489269256591797e-01
1.086987018585205078e+00
7.294683456420898438e-01
6.803362965583801270e-01
7.573957443237304688e-01
7.472301721572875977e-01
8.430853486061096191e-01
7.804053425788879395e-01
9.103716015815734863e-01
6.739026308059692383e-01
7.645151019096374512e-01
8.350830674171447754e-01
6.346611976623535156e-01
7.140696644783020020e-01
8.118687868118286133e-01
8.183047771453857422e-01
7.231455445289611816e-01
5.517954826354980469e-01
5.375222563743591309e-01
5.480886697769165039e-01
5.752605199813842773e-01
5.773225426673889160e-01
7.240256071090698242e-01
7.725537419319152832e-01
6.547265648841857910e-01
6.559492945671081543e-01
7.145703434944152832e-01
8.430989980697631836e-01
6.814277172088623047e-01
8.068758845329284668e-01
5.487285256385803223e-01
8.126171827316284180e-01
6.619767546653747559e-01
5.912305116653442383e-01
5.502387881278991699e-01
5.636308789253234863e-01
5.498801469802856445e-01
6.343564987182617188e-01
5.406410694122314453e-01
5.455088615417480469e-01
6.014271378517150879e-01
6.299694180488586426e-01
6.410409212112426758e-01
4.643597006797790527e-01
6.834065914154052734e-01
5.843818783760070801e-01
6.402568817138671875e-01
8.024619221687316895e-01
5.632556080818176270e-01
7.274055480957031250e-01
6.384949088096618652e-01
5.895812511444091797e-01
7.403300404548645020e-01
6.528180837631225586e-01
6.568509936332702637e-01
5.466476678848266602e-01
5.101171731948852539e-01
5.681909322738647461e-01
3.612559139728546143e-01
5.441313982009887695e-01
4.583503305912017822e-01
4.801305830478668213e-01
5.512014627456665039e-01
4.743371009826660156e-01
5.228446125984191895e-01
4.131160378456115723e-01
4.883058965206146240e-01
7.760407924652099609e-01
5.176087617874145508e-01
4.543830156326293945e-01
5.803148150444030762e-01
5.080406665802001953e-01
4.852022528648376465e-01
5.126714706420898438e-01
6.009389162063598633e-01
5.906061530113220215e-01
4.745628833770751953e-01
7.019451856613159180e-01
2.906129360198974609e-01
5.707023143768310547e-01
4.685835838317871094e-01
5.316192507743835449e-01
6.511991620063781738e-01
7.010966539382934570e-01
3.954477906227111816e-01
5.341834425926208496e-01
5.211551785469055176e-01
5.864419937133789062e-01
5.739747881889343262e-01
5.791795849800109863e-01
5.288550853729248047e-01
7.054573893547058105e-01
4.792202115058898926e-01
5.433744788169860840e-01
5.111479759216308594e-01
5.999250411987304688e-01
6.249132752418518066e-01
5.161054134368896484e-01
4.427460730075836182e-01
3.431407809257507324e-01
7.184298634529113770e-01
6.151434183120727539e-01
3.317625522613525391e-01
5.710781812667846680e-01
5.011428594589233398e-01
3.128711581230163574e-01
4.039719104766845703e-01
5.135322213172912598e-01
2.983858585357666016e-01
5.270047783851623535e-01
3.988059461116790771e-01
4.537138640880584717e-01
3.962565660476684570e-01
4.356490075588226318e-01
3.307271599769592285e-01
4.502129256725311279e-01
3.994952738285064697e-01
4.948148727416992188e-01
4.588872492313385010e-01
3.316824734210968018e-01
2.644035816192626953e-01
3.899178504943847656e-01
3.714675009250640869e-01
5.142918825149536133e-01
2.417996972799301147e-01
2.858398258686065674e-01
4.742006957530975342e-01
4.912146925926208496e-01
3.280047178268432617e-01
3.679324090480804443e-01
4.066016972064971924e-01
4.088158905506134033e-01
3.852529525756835938e-01
4.231610298156738281e-01
3.723652362823486328e-01
3.176015317440032959e-01
5.837799310684204102e-01
4.269887506961822510e-01
3.789652884006500244e-01
4.907038211822509766e-01
4.031167030334472656e-01
3.957085609436035156e-01
3.844279050827026367e-01
4.356513619422912598e-01
4.095330834388732910e-01
4.302182495594024658e-01
9.700132012367248535e-01
3.288675844669342041e-01
4.707775712013244629e-01
5.292806029319763184e-01
4.675036668777465820e-01
3.148663043975830078e-01
3.386625349521636963e-01
3.185558021068572998e-01
2.669687569141387939e-01
4.073272049427032471e-01
4.273512661457061768e-01
4.241824746131896973e-01
4.648246765136718750e-01
2.684170603752136230e-01
5.325349569320678711e-01
3.501803874969482422e-01
4.984430372714996338e-01
3.094341158866882324e-01
5.137779712677001953e-01
4.351943135261535645e-01
4.888040125370025635e-01
4.620309174060821533e-01
4.600325524806976318e-01
7.254434823989868164e-01
2.224719822406768799e-01
3.745456337928771973e-01
3.156931698322296143e-01
4.773207902908325195e-01
2.853155434131622314e-01
4.441283345222473145e-01
4.447807371616363525e-01
4.450862407684326172e-01
2.619260251522064209e-01
3.189364671707153320e-01
3.298263251781463623e-01
2.757548987865447998e-01
2.605151832103729248e-01
2.667735815048217773e-01
3.395334780216217041e-01
2.970090210437774658e-01
2.875646650791168213e-01
2.171183973550796509e-01
1.561306118965148926e-01
1.810032576322555542e-01
4.557661116123199463e-01
2.985222339630126953e-01
3.455949425697326660e-01
1.748317778110504150e-01
1.652322709560394287e-01
2.413106411695480347e-01
3.126705288887023926e-01
3.688679635524749756e-01
1.526073217391967773e-01
2.501695156097412109e-01
1.266597062349319458e-01
1.866428703069686890e-01
2.165518403053283691e-01
2.158820927143096924e-01
3.870636224746704102e-01
2.077657580375671387e-01
3.293566703796386719e-01
2.298558652400970459e-01
2.646551728248596191e-01
2.541252672672271729e-01
2.239658534526824951e-01
1.841588467359542847e-01
2.201334983110427856e-01
1.401045024394989014e-01
2.953661084175109863e-01
4.110102057456970215e-01
1.889383047819137573e-01
2.563346028327941895e-01
1.674250662326812744e-01
1.902097165584564209e-01
1.735493987798690796e-01
2.206804007291793823e-01
2.485034614801406860e-01
1.572999507188796997e-01
1.397556811571121216e-01
3.055019378662109375e-01
2.372788637876510620e-01
3.054523766040802002e-01
8.749270439147949219e-02
1.938332021236419678e-01
2.885826230049133301e-01
1.580673903226852417e-01
2.796136736869812012e-01
2.081710845232009888e-01
4.450674653053283691e-01
2.974993884563446045e-01
2.204550355672836304e-01
2.927427291870117188e-01
2.051206082105636597e-01
1.909242272377014160e-01
2.345304191112518311e-01
1.507381945848464966e-01
2.871385216712951660e-01
2.496126294136047363e-01
1.405410170555114746e-01
1.092589497566223145e-01
1.326466798782348633e-01
2.801620066165924072e-01
1.724302321672439575e-01
3.278519213199615479e-01
1.705614626407623291e-01
1.913745105266571045e-01
2.499263137578964233e-01
2.251332551240921021e-01
2.105630785226821899e-01
1.627949327230453491e-01
1.492405235767364502e-01
1.435181796550750732e-01
3.338169753551483154e-01
1.318262666463851929e-01
1.443292498588562012e-01
5.275979042053222656e-01
2.066975235939025879e-01
2.012665271759033203e-01
2.097016423940658569e-01
3.854207396507263184e-01
2.406255304813385010e-01
4.749334156513214111e-01
2.202211022377014160e-01
2.078512907028198242e-01
3.774393498897552490e-01
1.405320316553115845e-01
2.053028047084808350e-01
1.797709465026855469e-01
2.330770343542098999e-01
1.979621946811676025e-01
1.768587380647659302e-01
1.792854517698287964e-01
2.104169577360153198e-01
2.322168052196502686e-01
3.336668014526367188e-01
2.271704077720642090e-01
1.833160519599914551e-01
1.206832230091094971e-01
4.874603748321533203e-01
1.177729070186614990e-01
7.708942145109176636e-02
1.116240546107292175e-01
1.659380495548248291e-01
1.707893311977386475e-01
1.599310189485549927e-01
1.690465360879898071e-01
1.277100592851638794e-01
1.166886761784553528e-01
1.387225836515426636e-01
2.264444082975387573e-01
1.373853385448455811e-01
2.832935154438018799e-01
1.703271120786666870e-01
1.596494764089584351e-01
1.633234620094299316e-01
1.362671107053756714e-01
2.234426140785217285e-01
1.122503355145454407e-01
1.324617266654968262e-01
1.032106652855873108e-01
7.862207293510437012e-02
1.338872909545898438e-01
1.397193223237991333e-01
8.642574399709701538e-02
4.886693134903907776e-02
1.232859715819358826e-01
1.621437519788742065e-01
6.935299187898635864e-02
5.573944002389907837e-02
8.328359574079513550e-02
6.701159477233886719e-02
9.466153383255004883e-02
1.163618192076683044e-01
1.177507191896438599e-01
8.840902894735336304e-02
1.134590506553649902e-01
9.613208472728729248e-02
4.176579415798187256e-02
3.701915591955184937e-02
9.762600809335708618e-02
1.363950669765472412e-01
1.767820566892623901e-01
3.191123530268669128e-02
2.448143512010574341e-01
3.058190941810607910e-01
7.886170595884323120e-02
9.344945102930068970e-02
6.933473795652389526e-02
1.511204391717910767e-01
7.684426009654998779e-02
4.817259684205055237e-02
5.404483154416084290e-02
9.760374575853347778e-02
5.287514999508857727e-02
4.588735476136207581e-02
7.181585580110549927e-02
3.270924836397171021e-02
8.690618723630905151e-02
6.117951497435569763e-02
4.851349443197250366e-02
2.547197043895721436e-02
8.622828871011734009e-02
1.178503036499023438e-01
2.035555988550186157e-01
6.712184101343154907e-02
1.635177582502365112e-01
4.602329060435295105e-02
1.810238212347030640e-01
1.494820415973663330e-01
1.709680110216140747e-01
1.804059594869613647e-01
4.252995252609252930e-01
2.639115452766418457e-01
2.435944676399230957e-01
3.457749783992767334e-01
7.504408061504364014e-02
3.101864755153656006e-01
1.077699139714241028e-01
2.825614511966705322e-01
3.643227815628051758e-01
1.033743098378181458e-01
2.660262584686279297e-01
2.221809327602386475e-01
1.105055212974548340e-01
1.254041790962219238e-01
2.555842697620391846e-01
1.110982969403266907e-01
8.719035983085632324e-02
1.507253348827362061e-01
1.196818798780441284e-01
2.671537995338439941e-01
1.624088585376739502e-01
1.702324301004409790e-01
2.502151131629943848e-01
1.065899431705474854e-01
1.355640143156051636e-01
2.895063161849975586e-01
2.678032815456390381e-01
6.508609652519226074e-02
9.159767627716064453e-02
1.932781636714935303e-01
4.913184046745300293e-02
9.158737957477569580e-02
8.444011956453323364e-02
1.695557385683059692e-01
1.359497904777526855e-01
1.658029854297637939e-01
8.293361216783523560e-02
1.351343989372253418e-01
9.852402657270431519e-02
8.180928230285644531e-02
1.391978263854980469e-01
7.508113235235214233e-02
7.518567144870758057e-02
3.646597266197204590e-02
6.737492233514785767e-02
8.712196350097656250e-02
8.994083851575851440e-02
9.087878465652465820e-02
9.623046964406967163e-02
1.587559431791305542e-01
1.358300149440765381e-01
1.154846325516700745e-01
1.159842461347579956e-01
1.554543823003768921e-01
2.879680320620536804e-02
8.359225839376449585e-02
1.168259754776954651e-01
1.094908863306045532e-01
9.792854636907577515e-02
2.503738701343536377e-01
6.364073604345321655e-02
1.047226190567016602e-01
5.820551887154579163e-02
4.448192566633224487e-02
1.600750684738159180e-01
1.475495547056198120e-01
7.524490356445312500e-02
1.156822443008422852e-01
9.566301107406616211e-02
6.713107228279113770e-02
6.802046298980712891e-02
1.412269622087478638e-01
2.402652241289615631e-02
8.429451286792755127e-02
5.464294180274009705e-02
1.259353756904602051e-01
4.434537887573242188e-02
1.016309484839439392e-01
3.760204836726188660e-02
9.579746425151824951e-02
9.968901425600051880e-02
8.862539380788803101e-02
3.538580238819122314e-02
3.948263823986053467e-02
2.877336181700229645e-02
5.097201466560363770e-02
7.704073190689086914e-02
1.620899140834808350e-01
6.408171262592077255e-03
6.124141812324523926e-02
3.657590970396995544e-02
8.445765078067779541e-02
2.376360818743705750e-02
1.377389300614595413e-02
8.345021307468414307e-02
4.214140772819519043e-02
1.685401611030101776e-02
3.893285244703292847e-02
7.891495525836944580e-02
1.062378734350204468e-01
9.470676630735397339e-02
2.608543448150157928e-02
2.493168599903583527e-02
5.133489519357681274e-02
3.333870321512222290e-02
6.281930953264236450e-02
7.496692240238189697e-02
1.101977229118347168e-01
5.920826643705368042e-02
6.277099996805191040e-02
3.960850462317466736e-02
2.969059050083160400e-01
7.369161397218704224e-02
1.050971746444702148e-01
2.699056565761566162e-01
2.657341063022613525e-01
3.044168651103973389e-01
3.397954702377319336e-01
5.380958318710327148e-01
2.228573709726333618e-01
3.361004889011383057e-01
3.923830091953277588e-01
2.728807330131530762e-01
1.745593994855880737e-01
2.617269754409790039e-01
2.339009493589401245e-01
2.360861152410507202e-01
9.465920180082321167e-02
2.146967500448226929e-01
1.107421070337295532e-01
1.308325529098510742e-01
2.278990745544433594e-01
3.848414719104766846e-01
3.483101725578308105e-01
1.952176839113235474e-01
9.875704348087310791e-02
1.254107952117919922e-01
1.601430028676986694e-01
1.972942948341369629e-01
1.871553212404251099e-01
9.854523092508316040e-02
1.831651031970977783e-01
1.898688077926635742e-01
1.068703308701515198e-01
1.854772269725799561e-01
7.653567939996719360e-02
2.602922320365905762e-01
1.251157969236373901e-01
8.852041512727737427e-02
1.177003234624862671e-01
1.043457016348838806e-01
1.185529530048370361e-01
6.550281494855880737e-02
9.347252547740936279e-02
1.389904767274856567e-01
1.081255748867988586e-01
1.090930476784706116e-01
9.552077203989028931e-02
1.048476174473762512e-01
6.333327293395996094e-02
8.835116028785705566e-02
6.302283704280853271e-02
5.565556511282920837e-02
2.949510514736175537e-02
1.435895264148712158e-01
4.142693802714347839e-02
3.301289677619934082e-02
5.053442344069480896e-02
8.784826844930648804e-02
7.466396689414978027e-02
9.186857938766479492e-02
6.473895162343978882e-02
9.164969623088836670e-02
8.869353681802749634e-02
3.384323045611381531e-02
7.389691472053527832e-02
5.854099243879318237e-02
4.450015723705291748e-02
1.712125353515148163e-02
5.370570346713066101e-02
2.686167657375335693e-01
2.127749100327491760e-02
3.256842494010925293e-02
9.046540409326553345e-02
1.133258044719696045e-01
1.345772743225097656e-01
3.494905233383178711e-01
5.928062647581100464e-02
1.932798475027084351e-01
5.950627848505973816e-02
4.993275180459022522e-02
1.223623156547546387e-01
1.192147582769393921e-01
1.200194358825683594e-01
1.340456902980804443e-01
1.132470667362213135e-01
3.786659240722656250e-02
1.305573061108589172e-02
1.237522438168525696e-01
1.440002620220184326e-01
9.630093723535537720e-02
1.012439727783203125e-01
8.265625685453414917e-02
5.499485135078430176e-02
1.305034756660461426e-01
3.343558683991432190e-02
8.145223557949066162e-02
1.006486713886260986e-01
5.222750455141067505e-02
1.191588640213012695e-01
1.104126349091529846e-01
2.361633256077766418e-02
8.338966965675354004e-02
7.350181788206100464e-02
1.906415373086929321e-01
7.797690480947494507e-02
1.009180992841720581e-01
2.459276467561721802e-02
7.123587280511856079e-02
2.426877617835998535e-02
7.934051752090454102e-02
8.554321527481079102e-02
5.882200226187705994e-02
2.627073042094707489e-02
1.010674312710762024e-01
6.410445272922515869e-02
3.459869697690010071e-02
1.035857051610946655e-01
3.433594852685928345e-02
2.132997289299964905e-02
3.831900656223297119e-02
3.182329609990119934e-02
2.396112680435180664e-02
8.453438058495521545e-03
3.466323018074035645e-02
3.356372937560081482e-02
3.993159532546997070e-02
9.985031187534332275e-02
1.387476921081542969e-02
5.124342814087867737e-02
1.809016428887844086e-02
7.359650731086730957e-02
1.957720331847667694e-02
1.688533648848533630e-02
1.036863401532173157e-02
5.929351784288883209e-03
1.321495790034532547e-02
3.672545775771141052e-02
3.015521541237831116e-02
3.884248062968254089e-02
1.126633025705814362e-02
9.213366545736789703e-03
1.048127748072147369e-02
2.956018038094043732e-02
2.761722169816493988e-02
1.232727523893117905e-02
3.233163803815841675e-02
5.314854439347982407e-03
8.590903133153915405e-03
1.660084910690784454e-02
1.359301712363958359e-02
1.963380165398120880e-02
4.191936552524566650e-02
5.709840916097164154e-03
7.097052875906229019e-03
2.000235207378864288e-02
4.302709363400936127e-03
1.367361843585968018e-02
1.648742891848087311e-02
4.353554919362068176e-03
3.309817239642143250e-02
1.768521964550018311e-02
6.746896542608737946e-03
3.500164300203323364e-02
3.063733456656336784e-03
1.776915509253740311e-03
1.794194243848323822e-02
8.444762788712978363e-03
1.491537503898143768e-02
2.024607360363006592e-02
5.884194280952215195e-03
6.414422299712896347e-03
3.617997746914625168e-03
2.326779440045356750e-02
1.514087710529565811e-02
5.619991105049848557e-03
4.985170904546976089e-03
5.856494884938001633e-03
1.539632305502891541e-02
1.528687402606010437e-02
1.269065868109464645e-02
6.098669022321701050e-03
1.050535007379949093e-03
5.788711365312337875e-03
3.458914579823613167e-03
7.740886211395263672e-01
6.236568558961153030e-03
5.661958362907171249e-03
1.161762773990631104e-01
2.995667159557342529e-01
2.255662828683853149e-01
2.880767285823822021e-01
2.157272994518280029e-01
1.249644905328750610e-01
6.027611345052719116e-02
8.453553169965744019e-02
2.198547869920730591e-01
1.708035916090011597e-01
3.790988773107528687e-02
3.346670046448707581e-02
1.871844083070755005e-01
4.316623136401176453e-02
5.748174712061882019e-02
1.710862815380096436e-01
1.567192524671554565e-01
5.429117754101753235e-02
1.416745334863662720e-01
1.081442385911941528e-01
6.427363306283950806e-02
4.376841336488723755e-02
5.162624642252922058e-02
3.235766291618347168e-02
6.406807154417037964e-02
9.211392700672149658e-02
5.287855863571166992e-02
3.464065492153167725e-02
9.279966354370117188e-02
3.655369207262992859e-02
4.609017819166183472e-02
9.331467747688293457e-02
3.206673637032508850e-02
3.039944544434547424e-02
5.132760480046272278e-02
8.021114021539688110e-02
1.492449194192886353e-01
8.895954489707946777e-02
3.269238024950027466e-02
5.064262822270393372e-02
2.193253859877586365e-02
6.920366734266281128e-02
2.638461254537105560e-02
6.612013280391693115e-02
1.214751694351434708e-02
5.297232046723365784e-02
6.761819124221801758e-03
8.572651445865631104e-02
1.906667649745941162e-02
2.549219876527786255e-02
1.152214407920837402e-02
4.719108715653419495e-02
2.391752041876316071e-02
2.995131723582744598e-02
3.848894685506820679e-02
1.300731208175420761e-02
1.411409955471754074e-02
3.113499842584133148e-02
6.004804372787475586e-02
7.634849287569522858e-03
8.577027358114719391e-03
5.498791113495826721e-02
1.590412855148315430e-02
4.262692853808403015e-02
5.219925940036773682e-02
2.640046738088130951e-02
1.955728977918624878e-02
3.232245566323399544e-03
2.200088463723659515e-02
7.303086575120687485e-03
8.049696683883666992e-03
2.322700060904026031e-02
2.423409186303615570e-02
7.230443879961967468e-03
4.742545261979103088e-02
1.564866863191127777e-02
5.997106060385704041e-02
1.424161996692419052e-02
2.630396746098995209e-02
5.790885537862777710e-02
2.402749098837375641e-02
2.052515000104904175e-02
1.621655374765396118e-02
3.739322721958160400e-02
3.060729429125785828e-02
9.027586318552494049e-03
2.084198221564292908e-02
4.876892268657684326e-02
5.976488348096609116e-03
4.878937453031539917e-02
1.026402972638607025e-02
5.549137014895677567e-03
1.920088753104209900e-02
4.321093484759330750e-02
2.985649183392524719e-02
4.607436805963516235e-02
2.791457436978816986e-02
1.203224714845418930e-02
5.352103710174560547e-02
6.526578217744827271e-02
4.405172541737556458e-03
2.132764831185340881e-02
3.523305803537368774e-02
7.761458307504653931e-02
2.743830531835556030e-02
5.305840075016021729e-02
2.742799371480941772e-02
2.241432666778564453e-02
2.468367666006088257e-02
5.970906466245651245e-03
8.914232254028320312e-03
2.880382165312767029e-02
4.320333246141672134e-03
9.450343996286392212e-02
5.856148526072502136e-02
2.635319158434867859e-02
1.039358973503112793e-02
7.205632328987121582e-02
4.955049138516187668e-03
4.051862657070159912e-02
1.837902702391147614e-02
9.287448599934577942e-03
1.107731461524963379e-02
7.856832817196846008e-03
2.449468895792961121e-02
1.055880915373563766e-02
2.196408435702323914e-02
4.383341409265995026e-03
1.120932865887880325e-02
9.136819280683994293e-03
4.867562558501958847e-03
1.973088271915912628e-02
8.324775099754333496e-02
2.045981399714946747e-02
2.494189888238906860e-02
1.033018305897712708e-01
1.130904722958803177e-02
2.797347493469715118e-02
5.818415805697441101e-02
8.298157155513763428e-02
4.562988877296447754e-02
2.481868490576744080e-02
9.249604493379592896e-02
9.553682804107666016e-02
7.782315462827682495e-02
1.550458744168281555e-02
1.657164469361305237e-02
2.901068143546581268e-02
7.125324755907058716e-02
1.027753949165344238e-02
6.755161285400390625e-02
7.800666242837905884e-02
4.464745521545410156e-02
6.179619207978248596e-02
5.307738669216632843e-03
1.040507387369871140e-02
9.848475456237792969e-03
5.027441773563623428e-03
2.898111753165721893e-02
2.070902474224567413e-02
1.873291656374931335e-02
4.283795878291130066e-02
1.079448238015174866e-01
2.461293898522853851e-02
1.751767471432685852e-02
2.302154898643493652e-02
1.419043168425559998e-02
4.553916677832603455e-02
4.547493532299995422e-02
8.743041194975376129e-03
3.644509706646203995e-03
1.035365089774131775e-01
5.527562461793422699e-03
4.816195927560329437e-03
3.249636385589838028e-03
1.560293883085250854e-02
3.253309056162834167e-02
6.661536544561386108e-02
9.348975494503974915e-03
1.918086968362331390e-02
1.691833836957812309e-03
2.044392973184585571e-01
2.024862729012966156e-02
4.485743492841720581e-02
1.716724634170532227e-01
2.037662416696548462e-01
1.582857966423034668e-01
1.803804636001586914e-01
8.579307794570922852e-02
1.492799818515777588e-01
5.680660530924797058e-02
5.706491321325302124e-02
6.966424733400344849e-02
1.322288662195205688e-01
1.250106394290924072e-01
1.451569944620132446e-01
1.547510325908660889e-01
1.153036952018737793e-01
9.551697224378585815e-02
9.556053578853607178e-02
8.150172233581542969e-02
2.399691194295883179e-01
9.051638096570968628e-02
9.926330298185348511e-02
1.748216152191162109e-01
3.839634358882904053e-02
3.617971390485763550e-02
8.462331444025039673e-02
9.412737935781478882e-02
1.301339268684387207e-01
3.904338926076889038e-02
9.740513563156127930e-02
9.205795079469680786e-02
5.812009051442146301e-02
3.353401273488998413e-02
3.211581707000732422e-02
7.064224034547805786e-02
4.327616095542907715e-02
3.928693756461143494e-02
1.213648766279220581e-01
2.784215286374092102e-02
6.156667694449424744e-02
1.120400950312614441e-01
5.631894990801811218e-02
6.164515018463134766e-02
9.529256261885166168e-03
1.578272320330142975e-02
3.724608942866325378e-02
2.859991788864135742e-02
2.342505007982254028e-02
1.423034165054559708e-02
6.174821872264146805e-03
1.342661399394273758e-02
1.232073828577995300e-02
2.046076580882072449e-02
5.239810422062873840e-02
1.246416475623846054e-02
3.490395098924636841e-02
9.068799205124378204e-03
2.062278054654598236e-02
5.932658445090055466e-03
2.277805656194686890e-02
1.986430399119853973e-02
1.168039441108703613e-02
1.193215325474739075e-02
1.044543832540512085e-02
4.708332475274801254e-03
1.681509241461753845e-02
1.239228621125221252e-02
9.529300965368747711e-03
9.760097414255142212e-02
3.687017783522605896e-02
3.008204977959394455e-03
5.039019044488668442e-03
4.557242989540100098e-02
1.816860586404800415e-02
4.583261441439390182e-03
1.106011308729648590e-02
2.055745385587215424e-02
2.194043248891830444e-02
2.137951925396919250e-02
2.847498282790184021e-02
2.117295376956462860e-02
6.980007141828536987e-02
1.525001879781484604e-02
7.854412309825420380e-03
3.132770303636789322e-03
1.159224752336740494e-02
2.985653001815080643e-03
4.058073461055755615e-02
2.774539962410926819e-02
2.948170714080333710e-02
6.906838156282901764e-03
2.171074599027633667e-01
1.623799279332160950e-02
1.520163659006357193e-02
6.017751619219779968e-02
9.778496623039245605e-02
1.847184747457504272e-01
5.030241981148719788e-02
1.553144901990890503e-01
4.700624942779541016e-02
7.651563733816146851e-02
8.527754247188568115e-02
1.233083382248878479e-01
2.047010138630867004e-02
7.321079075336456299e-02
2.059125714004039764e-02
2.598847076296806335e-02
2.097673714160919189e-01
7.613385468721389771e-02
6.546318531036376953e-02
5.592235922813415527e-02
1.067630052566528320e-01
2.407597377896308899e-02
1.160723268985748291e-01
5.943988915532827377e-03
3.169731050729751587e-02
1.046458333730697632e-01
6.319703906774520874e-02
6.292178481817245483e-02
1.444944925606250763e-02
3.640495613217353821e-02
3.318479657173156738e-02
1.721959561109542847e-02
8.320863544940948486e-02
5.988768860697746277e-02
2.100726403295993805e-02
3.615064546465873718e-02
4.111173748970031738e-02
1.157729327678680420e-01
5.078716669231653214e-03
8.236736059188842773e-03
3.620046004652976990e-02
5.019290372729301453e-02
5.200597271323204041e-02
6.667305529117584229e-02
6.354422122240066528e-02
7.544828206300735474e-02
1.126700341701507568e-01
3.215686231851577759e-02
7.960567250847816467e-03
3.410994634032249451e-02
2.946956641972064972e-02
3.758403658866882324e-02
2.631199546158313751e-02
5.628762021660804749e-02
7.176012545824050903e-02
4.546628519892692566e-02
4.195769876241683960e-02
6.512444466352462769e-02
3.916719928383827209e-02
3.027164377272129059e-02
7.590871304273605347e-02
8.601720631122589111e-02
8.495945483446121216e-02
4.691252857446670532e-02
2.672073990106582642e-02
1.712174341082572937e-02
3.838604688644409180e-02
3.869723901152610779e-02
9.324730932712554932e-02
8.341934531927108765e-02
5.063820630311965942e-03
3.163912892341613770e-02
2.508400566875934601e-02
2.592052891850471497e-02
5.364415794610977173e-02
7.799685001373291016e-02
6.600953638553619385e-02
8.933826349675655365e-03
1.583889126777648926e-02
1.314671784639358521e-01
1.681222021579742432e-02
5.407531559467315674e-02
2.727482840418815613e-02
7.354460656642913818e-02
8.166979067027568817e-03
6.502058357000350952e-02
3.164467215538024902e-02
2.901059761643409729e-02
1.031340099871158600e-02
2.900470420718193054e-02
1.582316868007183075e-02
1.042633280158042908e-01
4.801072552800178528e-02
4.034160077571868896e-02
2.015906199812889099e-02
7.965212687849998474e-03
1.563787460327148438e-02
4.240357782691717148e-03
2.395606227219104767e-02
5.597749259322881699e-03
2.261350862681865692e-02
1.654349826276302338e-02
4.116510599851608276e-02
7.100579887628555298e-02
1.624155230820178986e-02
6.421229988336563110e-02
1.031654141843318939e-02
2.061241772025823593e-03
1.220901031047105789e-02
3.946809098124504089e-03
2.852430380880832672e-02
1.367044448852539062e-02
6.769930943846702576e-03
1.676436327397823334e-02
5.246818065643310547e-03
7.327360566705465317e-03
8.312047459185123444e-03
4.559369292110204697e-03
1.334076630882918835e-03
2.423306228592991829e-03
3.338102949783205986e-03
6.661083083599805832e-03
2.157079614698886871e-02
4.482092801481485367e-03
3.582328557968139648e-02
6.387135945260524750e-03
1.575175300240516663e-02
1.201902329921722412e-02
1.150811556726694107e-02
1.361887785606086254e-03
1.408661017194390297e-03
1.277904259040951729e-03
3.056379035115242004e-03
1.840836182236671448e-02
9.236617013812065125e-03
3.528344444930553436e-03
6.427539046853780746e-03
5.164164118468761444e-03
2.421990409493446350e-02
1.018782984465360641e-02
1.633263751864433289e-02
4.576288163661956787e-03
1.417404972016811371e-02
2.152050472795963287e-02
6.000071298331022263e-03
6.089456379413604736e-03
2.338706701993942261e-02
1.163978013209998608e-03
9.203013032674789429e-03
1.259273733012378216e-03
7.431773096323013306e-02
1.085916832089424133e-01
1.534368190914392471e-02
1.402341178618371487e-03
5.429621320217847824e-03
3.502482315525412560e-03
7.093566935509443283e-03
1.984443981200456619e-03
4.461749922484159470e-03
6.180247757583856583e-03
4.905080050230026245e-02
2.999548101797699928e-03
1.987182162702083588e-02
3.856741264462471008e-02
7.560844067484140396e-03
1.709724194370210171e-03
1.951574906706809998e-02
1.428685733117163181e-03
4.482610896229743958e-02
5.771488416939973831e-03
2.114251488819718361e-03
9.803708642721176147e-03
4.007147625088691711e-03
2.791456412523984909e-03
1.032747421413660049e-02
1.427821349352598190e-03
7.769305724650621414e-03
5.548102315515279770e-03
4.171914607286453247e-02
5.676351487636566162e-03
1.350108161568641663e-02
4.580312408506870270e-03
2.463100943714380264e-03
2.387169515714049339e-03
1.597802527248859406e-02
4.228753503412008286e-03
2.553326776251196861e-03
1.183463493362069130e-03
2.429194049909710884e-03
2.462547039613127708e-03
2.509687095880508423e-03
1.114935963414609432e-03
1.134817604906857014e-03
2.927041379734873772e-03
9.959253948181867599e-04
3.932022373192012310e-04
7.999760564416646957e-04
1.990393269807100296e-03
1.670460565946996212e-03
9.228885173797607422e-03
8.831263519823551178e-03
1.579794101417064667e-03
3.021888993680477142e-02
9.710991289466619492e-04
3.815725911408662796e-03
8.430620073340833187e-04
1.771311042830348015e-03
9.943845123052597046e-02
4.355785436928272247e-03
3.073264611884951591e-03
1.109694316983222961e-01
4.627799615263938904e-02
4.128808155655860901e-03
7.880564033985137939e-02
1.061997264623641968e-01
7.255978882312774658e-02
8.584838360548019409e-03
2.295637875795364380e-02
9.725637733936309814e-03
2.036520093679428101e-01
2.473108842968940735e-02
5.397581961005926132e-03
1.630477979779243469e-02
1.970135420560836792e-02
2.783593721687793732e-02
2.718993462622165680e-02
2.201334200799465179e-02
6.386677920818328857e-02
4.446748271584510803e-02
4.974206909537315369e-02
9.151903986930847168e-01
2.586208470165729523e-02
1.255268156528472900e-01
1.192752793431282043e-01
1.541541963815689087e-01
3.543486297130584717e-01
1.826283037662506104e-01
9.973674267530441284e-02
2.826270759105682373e-01
3.425290882587432861e-01
3.986806273460388184e-01
1.910474002361297607e-01
1.638530641794204712e-01
1.759913414716720581e-01
9.549689292907714844e-02
8.743901550769805908e-02
1.636021435260772705e-01
8.614195883274078369e-02
1.233551353216171265e-01
1.354429721832275391e-01
5.662458017468452454e-02
1.216096356511116028e-01
8.704856038093566895e-02
3.616282343864440918e-01
4.599982500076293945e-02
4.779384285211563110e-02
1.441698372364044189e-01
4.504628777503967285e-01
1.404420137405395508e-01
1.137310266494750977e-01
2.350659519433975220e-01
9.151846170425415039e-02
1.124367937445640564e-01
2.148903608322143555e-01
9.456513822078704834e-02
8.648154884576797485e-02
1.120374947786331177e-01
4.771672189235687256e-02
4.472933709621429443e-02
5.108755826950073242e-02
1.539552658796310425e-01
6.925275176763534546e-02
4.002101719379425049e-02
7.417162507772445679e-02
9.833847731351852417e-02
6.674162298440933228e-02
1.393138319253921509e-01
2.294590696692466736e-02
4.680481180548667908e-02
2.237478084862232208e-02
3.805534541606903076e-02
2.147867679595947266e-01
1.745549291372299194e-01
9.597641229629516602e-02
9.230943024158477783e-02
1.176008954644203186e-02
1.443905830383300781e-01
1.161057204008102417e-01
1.349549889564514160e-01
7.579693943262100220e-02
4.060261324048042297e-02
5.091851949691772461e-02
7.378562539815902710e-02
1.174583733081817627e-01
3.381470218300819397e-02
1.051808968186378479e-01
4.811627045273780823e-02
3.870227187871932983e-02
1.088132485747337341e-01
3.121195435523986816e-01
3.875542059540748596e-02
5.564676225185394287e-02
2.551370561122894287e-01
2.354071289300918579e-01
4.182542562484741211e-01
2.708582878112792969e-01
2.134834975004196167e-01
5.777234956622123718e-02
4.522481933236122131e-02
1.163737177848815918e-01
5.391966179013252258e-02
1.129802092909812927e-01
1.132082045078277588e-01
1.306219398975372314e-01
8.574879169464111328e-02
9.605816006660461426e-02
7.440840452909469604e-02
4.855339601635932922e-02
5.115465074777603149e-02
4.318777844309806824e-02
4.176926612854003906e-02
1.434035301208496094e-01
7.567842956632375717e-03
7.865554839372634888e-02
1.308990120887756348e-01
1.497734803706407547e-02
5.109136924147605896e-02
4.881387576460838318e-02
3.450537845492362976e-02
1.376099232584238052e-02
1.375512033700942993e-02
4.586519673466682434e-02
2.579310163855552673e-02
2.416395395994186401e-02
3.233597055077552795e-02
2.554742433130741119e-02
2.128084003925323486e-02
1.608151383697986603e-02
2.847672067582607269e-02
3.280693665146827698e-02
2.051975391805171967e-02
6.648417562246322632e-03
1.131650712341070175e-02
6.556502077728509903e-03
7.388233207166194916e-03
2.352004125714302063e-02
5.920632742345333099e-03
5.617930553853511810e-03
1.103378646075725555e-02
5.042558070272207260e-03
5.564986728131771088e-03
3.746942151337862015e-03
1.610887795686721802e-02
7.070791441947221756e-03
7.204885594546794891e-03
6.807250902056694031e-03
3.942814189940690994e-03
3.848033491522073746e-03
5.650776904076337814e-03
4.445180296897888184e-03
2.031633257865905762e-02
3.812558948993682861e-03
4.699335433542728424e-03
9.165746159851551056e-03
5.266317632049322128e-03
1.920046866871416569e-03
4.349946510046720505e-03
3.781341761350631714e-02
2.608734741806983948e-02
1.126589602790772915e-03
1.667788135819137096e-03
4.747787490487098694e-03
1.887383637949824333e-03
1.871793903410434723e-02
2.919312566518783569e-03
7.461238652467727661e-03
8.085539564490318298e-03
7.727448828518390656e-03
2.650605747476220131e-03
4.444353282451629639e-03
2.919672429561614990e-02
3.388417419046163559e-03
4.807754233479499817e-02
1.053765532560646534e-03
1.922544464468955994e-02
6.659833248704671860e-03
4.828575532883405685e-03
7.923577912151813507e-03
5.232350435107946396e-03
2.176240645349025726e-02
1.723198452964425087e-03
9.062612080015242100e-04
1.827797619625926018e-03
2.322338754311203957e-03
5.346040707081556320e-03
1.115081482566893101e-03
9.388674516230821609e-04
8.517614332959055901e-04
2.138571115210652351e-03
2.127964282408356667e-03
1.927616889588534832e-03
1.381889684125781059e-03
9.983450872823596001e-04
7.397469133138656616e-02
4.103936627507209778e-02
8.314503356814384460e-04
2.374148927628993988e-03
8.312780992127954960e-04
1.079700537957251072e-03
2.641160041093826294e-03
2.623358974233269691e-03
5.334835965186357498e-03
1.699021831154823303e-02
7.728944998234510422e-03
1.421978324651718140e-02
5.106105934828519821e-03
2.017123159021139145e-03
1.091161859221756458e-03
1.061489107087254524e-03
9.744324488565325737e-04
1.561461715027689934e-03
9.763896232470870018e-04
1.080406946130096912e-03
5.268927197903394699e-03
1.000946620479226112e-03
2.072787843644618988e-03
9.619059856049716473e-04
4.092266783118247986e-03
6.737179355695843697e-04
1.946539990603923798e-02
7.246564491651952267e-04
4.644165164791047573e-04
1.914905966259539127e-03
6.985440268181264400e-04
9.747516014613211155e-04
6.146487430669367313e-04
5.964565207250416279e-04
1.012629363685846329e-02
1.391256577335298061e-03
1.051624887622892857e-03
5.661154864355921745e-04
2.061815187335014343e-02
9.314718190580606461e-04
6.835547974333167076e-04
8.298078901134431362e-04
1.200089580379426479e-03
1.070333993993699551e-03
4.541278758551925421e-04
8.711835253052413464e-04
1.342592760920524597e-03
1.478387508541345596e-03
4.372279508970677853e-04
1.025553559884428978e-03
4.394784336909651756e-04
2.444348996505141258e-03
4.976390628144145012e-04
7.884432561695575714e-04
3.593056462705135345e-04
8.376839687116444111e-04
3.867998893838375807e-04
1.729370909743010998e-03
1.601961906999349594e-03
5.764783127233386040e-04
2.183762844651937485e-03
7.759182248264551163e-03
1.205317093990743160e-03
9.920099982991814613e-04
5.387745331972837448e-04
3.137998864986002445e-04
4.335397097747772932e-04
3.253607719670981169e-04
3.133821010123938322e-04
6.947065121494233608e-04
7.282330770976841450e-04
1.461285050027072430e-03
3.908958751708269119e-04
9.202285436913371086e-04
3.890070656780153513e-04
3.476063429843634367e-04
6.965805077925324440e-04
4.289443604648113251e-04
3.062983043491840363e-03
1.182993990369141102e-03
3.973393142223358154e-02
7.334544206969439983e-04
9.042791207320988178e-04
6.316073704510927200e-04
5.416136980056762695e-02
3.583574667572975159e-02
1.463915873318910599e-02
9.400630369782447815e-03
3.188268048688769341e-03
8.958183461800217628e-04
2.299263607710599899e-03
4.786832258105278015e-03
1.080236770212650299e-02
1.408890821039676666e-03
9.578022873029112816e-04
2.069407515227794647e-02
4.774813540279865265e-03
1.218913705088198185e-03
9.277992649003863335e-04
2.450649626553058624e-03
4.901838488876819611e-03
9.303919225931167603e-02
1.931820251047611237e-02
5.365288257598876953e-02
1.875076675787568092e-03
4.498934838920831680e-03
2.375887939706444740e-03
3.912229556590318680e-03
4.592849314212799072e-02
1.142726242542266846e-01
1.523093134164810181e-02
2.804409945383667946e-03
9.787636809051036835e-03
3.649401245638728142e-03
5.368681997060775757e-02
1.165523566305637360e-02
6.486348807811737061e-03
3.064836934208869934e-02
5.007433518767356873e-02
7.461505383253097534e-02
5.676299333572387695e-03
6.187162548303604126e-02
7.017746567726135254e-02
1.353507395833730698e-02
8.579540997743606567e-03
2.723494172096252441e-02
3.377868561074137688e-03
5.020446609705686569e-03
9.397829882800579071e-03
5.867539905011653900e-03
1.237046672031283379e-03
1.633870601654052734e-02
2.338921651244163513e-03
4.156362265348434448e-03
5.989265628159046173e-03
6.397793185897171497e-04
6.659255828708410263e-03
2.305070403963327408e-03
7.290598005056381226e-04
5.695119034498929977e-03
3.598835552111268044e-03
4.444324877113103867e-03
1.635373570024967194e-02
2.807900495827198029e-02
1.421037130057811737e-02
9.487076662480831146e-03
8.348575793206691742e-04
1.961443573236465454e-03
7.337786373682320118e-04
1.143182511441409588e-03
2.021522494032979012e-03
7.206263253465294838e-04
2.452100627124309540e-03
7.159606320783495903e-04
3.674451028928160667e-03
4.223051015287637711e-03
4.873782861977815628e-03
5.436164792627096176e-04
1.058873720467090607e-03
1.423407811671495438e-03
4.587670322507619858e-03
1.094400533474981785e-03
7.746579940430819988e-04
1.049455720931291580e-03
8.240577881224453449e-04
7.911244174465537071e-04
7.479615160264074802e-04
1.266236067749559879e-03
5.339033086784183979e-04
1.089817937463521957e-02
7.419227622449398041e-04
1.843245234340429306e-03
1.326044201850891113e-01
8.758800686337053776e-04
1.038595102727413177e-03
4.473326262086629868e-03
1.078034401871263981e-03
2.832523174583911896e-02
1.006157100200653076e-01
4.363005980849266052e-02
8.877807296812534332e-03
2.526987530291080475e-02
8.530738949775695801e-02
2.304882556200027466e-02
4.869853146374225616e-03
8.139717578887939453e-02
3.186475019901990891e-03
1.008734386414289474e-02
1.494113355875015259e-02
1.658799592405557632e-03
2.811446553096175194e-03
2.154396614059805870e-03
1.008291961625218391e-03
1.403283048421144485e-02
5.753673985600471497e-02
1.775477430783212185e-03
3.039595112204551697e-02
6.226511299610137939e-02
1.026349794119596481e-02
3.427372500300407410e-02
1.175960875116288662e-03
2.465909812599420547e-03
2.424488030374050140e-02
2.129442617297172546e-02
1.708899973891675472e-03
3.599647432565689087e-03
6.893252022564411163e-03
2.146826358512043953e-03
2.261377312242984772e-02
1.332498062402009964e-02
1.376836467534303665e-02
9.409544873051345348e-04
9.435049258172512054e-03
2.550093689933419228e-03
3.962233662605285645e-03
2.628009999170899391e-03
2.721476368606090546e-03
5.309033207595348358e-03
7.859998382627964020e-03
6.659497739747166634e-04
9.135832078754901886e-03
3.300110343843698502e-03
6.579071632586419582e-04
6.241354276426136494e-04
1.078739645890891552e-03
1.620511873625218868e-03
6.664915126748383045e-04
1.707690302282571793e-03
5.456689978018403053e-04
2.855486236512660980e-02
1.129658985882997513e-02
2.416776958853006363e-03
9.161727502942085266e-04
2.749452833086252213e-03
7.273204158991575241e-03
7.920245639979839325e-03
1.502730301581323147e-03
4.986535641364753246e-04
1.365490024909377098e-03
1.514566247351467609e-03
6.027183262631297112e-04
6.327315419912338257e-02
1.103564631193876266e-03
2.003450877964496613e-03
4.754194617271423340e-02
2.003841334953904152e-03
1.788269355893135071e-02
7.019648700952529907e-02
7.066061254590749741e-03
7.278991397470235825e-04
1.411202712915837765e-03
3.487106785178184509e-02
1.685501448810100555e-02
1.051797647960484028e-03
3.606611164286732674e-03
1.330601703375577927e-02
7.890708744525909424e-03
3.299291059374809265e-02
2.781817913055419922e-01
6.284391973167657852e-03
2.387178828939795494e-03
1.446483936160802841e-02
2.274770988151431084e-03
1.055478863418102264e-02
4.495965782552957535e-03
3.089794889092445374e-03
2.098982455208897591e-03
4.910975694656372070e-03
3.045084513723850250e-02
6.025861017405986786e-03
1.772606745362281799e-02
2.220931462943553925e-03
2.899045869708061218e-02
1.601730706170201302e-03
3.058016009163111448e-04
1.087257522158324718e-03
3.410449624061584473e-02
1.943742274306714535e-03
3.912660107016563416e-02
2.987280488014221191e-03
2.598312217742204666e-03
1.742957625538110733e-03
3.527647349983453751e-03
1.001305133104324341e-02
1.563306199386715889e-03
1.742765423841774464e-03
1.738319359719753265e-02
9.653727174736559391e-04
8.873793296515941620e-03
2.432982204481959343e-03
2.967570675536990166e-03
6.761335302144289017e-03
8.674865588545799255e-03
4.832095582969486713e-04
8.563684532418847084e-04
7.074694731272757053e-04
6.685344851575791836e-04
1.555518480017781258e-03
8.242338080890476704e-04
1.971615245565772057e-03
1.534054288640618324e-03
6.884837988764047623e-03
4.551239544525742531e-04
2.851405646651983261e-03
5.037410184741020203e-03
1.569997402839362621e-03
1.240495033562183380e-02
5.767678376287221909e-04
5.672703264281153679e-04
2.643327170517295599e-04
6.515089422464370728e-03
1.309950603172183037e-04
2.394029498100280762e-02
4.941214574500918388e-04
6.853640079498291016e-04
1.714818790787830949e-04
2.450325700920075178e-04
2.113256603479385376e-02
1.429937081411480904e-03
1.528805238194763660e-03
1.064612995833158493e-03
3.788326866924762726e-04
7.719917339272797108e-04
1.998849678784608841e-03
4.292043158784508705e-04
5.505849840119481087e-04
4.912961740046739578e-03
1.576891052536666393e-03
1.228000852279365063e-03
1.556436996906995773e-02
1.264194492250680923e-03
6.056345300748944283e-04
4.101081192493438721e-02
1.070441096089780331e-03
4.386751679703593254e-04
8.718356257304549217e-04
3.353237698320299387e-04
1.443339511752128601e-03
4.233997315168380737e-03
3.273824113421142101e-04
4.684312734752893448e-04
1.989988610148429871e-03
1.299890922382473946e-03
8.273112471215426922e-04
8.836799301207065582e-03
4.294726531952619553e-04
3.253906033933162689e-04
2.186263445764780045e-03
8.439644007012248039e-04
3.210617578588426113e-04
1.443559769541025162e-03
2.457737689837813377e-03
9.071730892173945904e-04
3.527203574776649475e-03
1.292497036047279835e-03
3.390933561604470015e-04
2.540563466027379036e-03
6.344571011140942574e-04
9.668746497482061386e-04
5.702441558241844177e-04
3.869729698635637760e-04
5.839929915964603424e-03
1.014302717521786690e-03
1.442397758364677429e-02
7.373201660811901093e-04
4.211851628497242928e-04
3.782749408856034279e-04
3.691306046675890684e-04
4.779478535056114197e-03
6.131267873570322990e-04
5.438390071503818035e-04
7.033637957647442818e-04
1.759961305651813745e-04
1.491653849370777607e-03
5.573043599724769592e-04
5.286347586661577225e-04
2.281878987560048699e-04
6.847874610684812069e-04
2.132976369466632605e-04
5.142391473054885864e-02
2.540774003136903048e-04
1.595018059015274048e-02
3.601296618580818176e-02
6.049448251724243164e-02
4.987541213631629944e-02
2.190569974482059479e-02
1.051757484674453735e-03
2.068516769213601947e-04
4.177510272711515427e-03
1.012755837291479111e-02
1.088196295313537121e-03
2.028570510447025299e-03
1.008736086077988148e-03
1.587086590006947517e-03
2.482745796442031860e-03
2.150118816643953323e-03
5.294838338159024715e-04
2.529826248064637184e-03
1.279426962137222290e-01
2.108287066221237183e-03
2.688318490982055664e-02
1.311621512286365032e-03
2.590682506561279297e-01
7.997334469109773636e-04
2.112202905118465424e-02
4.909890890121459961e-02
1.491218712180852890e-02
1.697033643722534180e-01
1.872986555099487305e-01
5.314183831214904785e-01
7.017216086387634277e-02
1.772072017192840576e-01
2.496836334466934204e-01
2.749935090541839600e-01
1.621288657188415527e-01
2.843648195266723633e-01
2.014309465885162354e-01
2.269815504550933838e-01
1.011431589722633362e-01
1.043263524770736694e-01
1.076194643974304199e-01
3.135436177253723145e-01
1.194401383399963379e-01
9.876252710819244385e-02
1.146347895264625549e-01
4.263817369937896729e-01
3.187659382820129395e-02
1.565991342067718506e-01
2.903354167938232422e-01
1.913138777017593384e-01
2.668314576148986816e-01
3.296579420566558838e-01
3.202305734157562256e-01
3.271480500698089600e-01
1.109071746468544006e-01
5.344297885894775391e-01
2.342421710491180420e-01
9.158170968294143677e-02
2.845862507820129395e-01
1.467319428920745850e-01
9.592655301094055176e-02
1.015091612935066223e-01
1.934567093849182129e-01
1.065231859683990479e-01
1.314090639352798462e-01
1.959234029054641724e-01
1.465704590082168579e-01
9.760599583387374878e-02
7.065528035163879395e-01
4.618779569864273071e-02
1.205005347728729248e-01
9.296428412199020386e-02
2.541183233261108398e-01
1.788696646690368652e-01
1.493065655231475830e-01
1.172972470521926880e-01
1.971338391304016113e-01
1.221100986003875732e-01
1.882905662059783936e-01
1.384425759315490723e-01
1.553814560174942017e-01
9.492952376604080200e-02
2.972324192523956299e-01
1.265550404787063599e-01
1.206943616271018982e-01
6.325459480285644531e-02
1.684850305318832397e-01
5.786811932921409607e-02
1.991201937198638916e-01
1.731178164482116699e-01
7.546711713075637817e-02
1.234400495886802673e-01
2.266181260347366333e-02
8.358217775821685791e-02
1.622324623167514801e-02
3.089541755616664886e-02
6.533968448638916016e-02
7.964773476123809814e-02
3.762289881706237793e-02
1.951137371361255646e-02
3.701893240213394165e-02
6.209002435207366943e-02
4.974732175469398499e-02
4.594769701361656189e-02
3.475468605756759644e-02
8.657903969287872314e-02
1.536636520177125931e-02
8.537033945322036743e-02
3.366976603865623474e-02
4.165894165635108948e-02
1.037903036922216415e-02
3.583211079239845276e-02
8.708947896957397461e-02
5.473398417234420776e-02
1.124884411692619324e-01
1.659228280186653137e-02
8.413920179009437561e-03
3.115192754194140434e-03
5.959937348961830139e-03
4.715084098279476166e-03
2.424322627484798431e-02
3.111910633742809296e-02
5.017288401722908020e-02
4.838927835226058960e-02
2.507488802075386047e-02
4.198158159852027893e-02
1.030548941344022751e-02
4.807612393051385880e-03
6.139803212136030197e-03
7.752714212983846664e-03
1.409807335585355759e-02
4.595438390970230103e-02
1.011735387146472931e-02
8.283130824565887451e-03
2.970549836754798889e-02
1.156807690858840942e-02
4.497976973652839661e-02
8.238481357693672180e-03
1.159918401390314102e-02
4.135055933147668839e-03
5.970888771116733551e-03
2.012365031987428665e-03
9.216741658747196198e-03
2.648742171004414558e-03
1.070483936928212643e-03
6.992211099714040756e-03
1.327712554484605789e-02
3.991894423961639404e-03
2.339591039344668388e-03
2.493428532034158707e-03
2.984364703297615051e-02
6.277709268033504486e-03
1.147396396845579147e-03
6.828658748418092728e-03
6.113071460276842117e-03
3.519599093124270439e-03
5.833280272781848907e-03
1.691609038971364498e-03
6.317436695098876953e-03
1.912942156195640564e-03
8.196349372155964375e-04
5.782230291515588760e-04
1.509411376900970936e-03
1.292559318244457245e-03
2.565060276538133621e-03
1.193055533803999424e-03
8.811983861960470676e-04
1.269170083105564117e-03
1.204589498229324818e-03
1.031409017741680145e-02
1.651665428653359413e-03
1.129767042584717274e-03
4.430267959833145142e-03
6.247989367693662643e-04
1.920417882502079010e-03
2.323477994650602341e-03
1.547346590086817741e-03
1.346474280580878258e-03
1.349833328276872635e-03
3.550153225660324097e-03
4.522392060607671738e-03
1.526706502772867680e-03
1.415189472027122974e-03
7.567142019979655743e-04
1.484897453337907791e-03
3.706051793415099382e-04
5.954646039754152298e-04
8.657468715682625771e-04
1.489051268436014652e-03
6.490910891443490982e-04
7.040895288810133934e-04
9.124351199716329575e-04
8.777850307524204254e-04
7.432245765812695026e-04
8.194061811082065105e-04
8.680142462253570557e-03
6.151865818537771702e-04
8.005573763512074947e-04
9.451923542656004429e-04
7.603109115734696388e-04
8.525669691152870655e-04
5.265219951979815960e-04
2.509963465854525566e-03
3.165751462802290916e-03
2.066061133518815041e-03
1.594871282577514648e-03
2.368275970220565796e-01
1.918433466926217079e-03
6.535661406815052032e-03
5.842603370547294617e-02
7.302819937467575073e-02
9.066747874021530151e-02
1.540195047855377197e-01
8.793051540851593018e-02
4.081593826413154602e-03
8.992493152618408203e-02
1.954426988959312439e-02
9.952443093061447144e-02
7.273071259260177612e-02
3.990965336561203003e-02
3.441245108842849731e-02
4.777349531650543213e-02
4.730975255370140076e-02
1.348952017724514008e-02
8.344680815935134888e-02
4.106251150369644165e-02
2.221995405852794647e-02
6.231894716620445251e-02
6.275096535682678223e-02
2.761445706710219383e-03
3.239963576197624207e-02
1.022674050182104111e-02
2.589922957122325897e-02
3.504806011915206909e-02
2.731705782935023308e-03
7.296391762793064117e-03
2.659392170608043671e-02
8.936720900237560272e-03
1.982311345636844635e-02
7.071988191455602646e-03
3.788667172193527222e-02
9.780460037291049957e-03
1.653579063713550568e-02
9.926449507474899292e-03
5.560399964451789856e-03
1.070317346602678299e-02
1.305634062737226486e-02
5.890926811844110489e-03
2.421213500201702118e-02
7.197155058383941650e-02
5.766392685472965240e-03
4.500567447394132614e-03
3.438005456700921059e-03
3.291964530944824219e-03
3.238288685679435730e-03
1.537667238153517246e-03
1.500368700362741947e-03
3.351216902956366539e-03
1.580790802836418152e-02
2.078577689826488495e-02
4.802246578037738800e-03
2.972629619762301445e-03
2.023354172706604004e-02
2.725253067910671234e-02
6.579370796680450439e-02
5.456794984638690948e-03
7.191143813543021679e-04
8.892381563782691956e-03
2.325268695130944252e-03
2.030094387009739876e-03
2.921988954767584801e-03
5.525652784854173660e-03
4.428254906088113785e-03
1.649509998969733715e-03
1.908275065943598747e-03
7.547419518232345581e-02
9.953744010999798775e-04
7.304612547159194946e-03
2.231962047517299652e-03
1.147617399692535400e-02
8.763344027101993561e-03
2.164165116846561432e-02
5.522098019719123840e-02
1.427838504314422607e-01
2.535480633378028870e-02
8.497158065438270569e-03
6.417547911405563354e-02
6.506033707410097122e-03
9.964204393327236176e-03
1.592815294861793518e-02
3.000230295583605766e-03
2.737461123615503311e-03
1.445319596678018570e-02
3.918674774467945099e-03
4.390485957264900208e-02
6.434081122279167175e-03
1.613062992691993713e-02
4.827678948640823364e-02
1.424433887004852295e-01
1.193435564637184143e-01
9.573126211762428284e-03
8.683425374329090118e-03
3.001962229609489441e-02
2.833503484725952148e-02
9.613141417503356934e-02
5.894694104790687561e-02
4.734788462519645691e-02
2.871135808527469635e-02
6.942437589168548584e-02
5.792953446507453918e-02
3.724137693643569946e-02
2.903635613620281219e-02
2.566864714026451111e-02
1.486369688063859940e-02
1.122969854623079300e-02
1.209039124660193920e-03
1.479240059852600098e-01
5.883391201496124268e-02
3.453604178503155708e-03
2.983697317540645599e-02
3.151398152112960815e-02
3.998253345489501953e-01
4.451767355203628540e-02
2.357707470655441284e-01
1.679181903600692749e-01
1.481548398733139038e-01
2.263348698616027832e-01
2.385169863700866699e-01
3.237706422805786133e-01
3.704574406147003174e-01
1.211718395352363586e-01
1.783004701137542725e-01
4.650444984436035156e-01
3.291301429271697998e-01
9.484402090311050415e-02
1.114413067698478699e-01
6.718639284372329712e-02
1.893321871757507324e-01
5.442691966891288757e-02
2.010248154401779175e-01
1.109142452478408813e-01
9.342043101787567139e-02
2.186933457851409912e-01
8.793050795793533325e-02
3.611931204795837402e-02
6.186214089393615723e-02
1.068207696080207825e-01
4.669166356325149536e-02
4.831213876605033875e-02
4.244490340352058411e-02
1.305391639471054077e-02
1.708543673157691956e-02
2.562683634459972382e-02
6.714275479316711426e-02
3.013348951935768127e-02
2.859521098434925079e-02
5.749848112463951111e-02
4.975585266947746277e-02
5.232891440391540527e-02
8.601880818605422974e-02
4.443371668457984924e-02
5.895582213997840881e-02
1.138900220394134521e-02
4.676350578665733337e-02
1.429520454257726669e-02
1.347992382943630219e-02
6.383858621120452881e-02
1.152137145400047302e-01
1.526620332151651382e-02
4.987076390534639359e-03
4.015950486063957214e-03
6.103618070483207703e-03
1.023848075419664383e-02
3.269856423139572144e-02
7.655205205082893372e-03
4.701057448983192444e-03
1.203582156449556351e-02
1.563511416316032410e-02
1.213816180825233459e-02
1.138748601078987122e-02
1.090930402278900146e-02
4.303574562072753906e-02
4.838585853576660156e-02
9.432494640350341797e-03
4.329464212059974670e-02
5.545313470065593719e-03
2.922695130109786987e-02
4.959060810506343842e-03
3.339086472988128662e-02
3.911156672984361649e-03
4.612900782376527786e-03
1.930385595187544823e-03
3.010616404935717583e-03
7.567050866782665253e-03
4.447577521204948425e-03
1.670374721288681030e-02
6.511765997856855392e-03
6.814877968281507492e-03
4.843343049287796021e-03
2.920558676123619080e-03
1.342079020105302334e-03
1.137210614979267120e-02
1.441381592303514481e-02
2.765450393781065941e-03
7.239283062517642975e-03
9.543798863887786865e-03
9.144832380115985870e-03
2.065176516771316528e-02
2.889572829008102417e-02
1.232428825460374355e-03
9.944905526936054230e-03
3.002430777996778488e-03
8.591590449213981628e-04
1.421681954525411129e-03
6.082276813685894012e-03
1.053750165738165379e-03
1.106176152825355530e-02
1.702968147583305836e-03
2.594432095065712929e-03
2.278280211612582207e-03
1.210778369568288326e-03
4.098024219274520874e-03
1.034069107845425606e-03
4.540415946394205093e-03
4.374839365482330322e-03
7.763589383102953434e-04
1.442058593966066837e-03
1.070275716483592987e-02
7.037872448563575745e-03
1.189316506497561932e-03
1.095179002732038498e-03
6.212504813447594643e-04
1.549010979942977428e-03
4.777770023792982101e-03
9.116953238844871521e-03
7.624170975759625435e-04
1.790006645023822784e-03
1.240436802618205547e-03
8.715130388736724854e-04
7.542454404756426811e-04
1.417887746356427670e-03
1.984106842428445816e-03
1.423676265403628349e-03
1.237975899130105972e-02
1.273887697607278824e-03
3.277608484495431185e-04
1.003497047349810600e-03
3.407890326343476772e-04
6.604358204640448093e-04
1.357261277735233307e-02
5.939640686847269535e-04
5.295895389281213284e-04
1.842412399128079414e-03
5.987074109725654125e-04
6.864892784506082535e-04
2.883562992792576551e-04
7.560947444289922714e-03
1.161614898592233658e-03
2.613964024931192398e-03
1.999087398871779442e-03
6.604710360988974571e-04
6.092927651479840279e-04
1.100937719456851482e-03
4.881201894022524357e-04
4.278336709830909967e-04
2.320425119251012802e-03
3.989518736489117146e-04
4.850307304877787828e-04
1.328155864030122757e-03
4.704981984104961157e-04
3.496324934531003237e-04
9.814488003030419350e-04
1.192268216982483864e-03
1.754150609485805035e-03
5.090510821901261806e-04
4.793311236426234245e-04
5.320289055816829205e-04
6.830697529949247837e-04
2.645011700224131346e-04
2.805509138852357864e-04
1.028522034175693989e-03
3.092425467912107706e-04
4.214950313325971365e-04
7.876213639974594116e-04
6.066968198865652084e-04
3.288687439635396004e-04
