6.978638648986816406e+00
5.966465473175048828e+00
4.331511497497558594e+00
4.679312705993652344e+00
3.095022916793823242e+00
2.508270740509033203e+00
2.556298971176147461e+00
1.942692279815673828e+00
1.437429308891296387e+00
2.036466598510742188e+00
1.482057809829711914e+00
1.353927612304687500e+00
1.815245270729064941e+00
1.405960440635681152e+00
1.014708757400512695e+00
1.887023925781250000e+00
1.133340835571289062e+00
1.239370107650756836e+00
1.875437974929809570e+00
1.040508866310119629e+00
9.770841002464294434e-01
1.763039112091064453e+00
9.541294574737548828e-01
1.013996481895446777e+00
1.715582489967346191e+00
9.070873856544494629e-01
6.973966360092163086e-01
1.780379533767700195e+00
7.174523472785949707e-01
7.790012359619140625e-01
1.569981098175048828e+00
6.028702855110168457e-01
6.476062536239624023e-01
1.493367195129394531e+00
7.322122454643249512e-01
5.945545434951782227e-01
1.310471534729003906e+00
4.812982380390167236e-01
6.326220035552978516e-01
1.208955526351928711e+00
3.389724493026733398e-01
5.679231882095336914e-01
1.178039669990539551e+00
2.754850089550018311e-01
3.566164672374725342e-01
1.332597970962524414e+00
2.982173264026641846e-01
6.847308874130249023e-01
1.011836171150207520e+00
3.821845054626464844e-01
5.639299750328063965e-01
8.835631012916564941e-01
2.266262173652648926e-01
3.336399197578430176e-01
1.052948951721191406e+00
2.458693981170654297e-01
2.983279824256896973e-01
7.242152094841003418e-01
1.898354142904281616e-01
6.010711193084716797e-01
7.551112771034240723e-01
1.838036924600601196e-01
4.388125240802764893e-01
8.472349643707275391e-01
2.068658471107482910e-01
4.471654295921325684e-01
5.439468622207641602e-01
2.349425405263900757e-01
2.493422478437423706e-01
4.355477690696716309e-01
7.163207978010177612e-02
1.325961053371429443e-01
5.322598218917846680e-01
8.721994608640670776e-02
3.066567480564117432e-01
3.646540641784667969e-01
7.690976560115814209e-02
3.746223747730255127e-01
4.486975073814392090e-01
1.429541409015655518e-01
3.120793998241424561e-01
3.617101311683654785e-01
3.752760291099548340e-01
1.773863732814788818e-01
2.083178907632827759e-01
1.492447704076766968e-01
2.514617443084716797e-01
2.922998666763305664e-01
2.089865654706954956e-01
2.297504395246505737e-01
3.043127357959747314e-01
5.713227763772010803e-02
9.183043241500854492e-02
2.236671596765518188e-01
3.197793290019035339e-02
5.493231117725372314e-02
1.884392946958541870e-01
3.386914357542991638e-02
2.451796643435955048e-02
3.921057283878326416e-01
3.352357447147369385e-02
4.250082001090049744e-02
1.850941777229309082e-01
1.841609366238117218e-02
5.493302270770072937e-02
3.491335213184356689e-01
2.480365335941314697e-02
1.250667423009872437e-01
2.300397604703903198e-01
4.212916642427444458e-02
6.074524670839309692e-02
6.039741635322570801e-02
2.175999246537685394e-02
1.894595660269260406e-02
1.245826035737991333e-01
1.252338755875825882e-02
1.339469198137521744e-02
1.283431053161621094e-01
1.511460449546575546e-02
1.158324722200632095e-02
7.854911684989929199e-02
1.432415004819631577e-02
1.117830909788608551e-02
4.163114726543426514e-01
2.258199453353881836e-02
5.159586071968078613e-01
6.271915137767791748e-02
8.982729166746139526e-02
5.157834663987159729e-02
1.195823326706886292e-01
1.547197438776493073e-02
1.724669337272644043e-01
7.494203001260757446e-02
1.124632731080055237e-01
8.113687485456466675e-02
1.569192260503768921e-01
3.017546236515045166e-02
3.879158198833465576e-01
1.131067499518394470e-01
2.619115263223648071e-02
4.228078126907348633e-01
7.326955348253250122e-02
2.185181900858879089e-02
5.767300128936767578e-01
4.951940849423408508e-02
2.540975511074066162e-01
4.459120333194732666e-01
5.705092102289199829e-02
1.051397398114204407e-01
5.048691034317016602e-01
4.800043627619743347e-02
3.766395449638366699e-01
3.604352176189422607e-01
6.317554414272308350e-02
1.171330139040946960e-01
2.966409325599670410e-01
6.778939068317413330e-02
4.407801106572151184e-02
1.468492895364761353e-01
6.736040115356445312e-02
2.661175094544887543e-02
9.338372200727462769e-02
1.040907800197601318e-01
1.716879755258560181e-02
1.096322238445281982e-01
6.290498375892639160e-02
9.482036344707012177e-03
1.216586977243423462e-01
9.330149739980697632e-02
3.625814989209175110e-02
4.465652257204055786e-02
7.124768197536468506e-02
2.929725311696529388e-02
2.413989156484603882e-01
2.845368906855583191e-02
2.957485616207122803e-02
2.449524551630020142e-01
4.414204880595207214e-02
2.970546111464500427e-02
3.658472299575805664e-01
6.098951771855354309e-02
8.925574272871017456e-02
2.805918455123901367e-01
9.028273075819015503e-02
1.028170995414257050e-02
9.896119683980941772e-02
6.233096122741699219e-02
1.056512352079153061e-02
1.518344692885875702e-02
5.410937592387199402e-02
1.088173128664493561e-02
9.965397417545318604e-03
7.880977541208267212e-02
5.325829610228538513e-03
6.416886579245328903e-03
6.607709079980850220e-02
8.161429315805435181e-03
1.209663692861795425e-02
9.014886617660522461e-02
4.958052653819322586e-03
3.053249046206474304e-02
6.642825156450271606e-02
8.675542660057544708e-03
2.209866940975189209e-01
4.085861146450042725e-02
9.840316139161586761e-03
1.873200386762619019e-02
2.464172057807445526e-02
2.561628073453903198e-02
8.009981364011764526e-03
2.060967311263084412e-02
8.434515446424484253e-03
2.670943504199385643e-03
5.050937086343765259e-02
4.487567115575075150e-03
6.195211783051490784e-03
1.861837320029735565e-02
3.900995943695306778e-03
2.411429956555366516e-02
2.339964359998703003e-02
4.210699815303087234e-03
2.828073222190141678e-03
1.149699371308088303e-02
5.065272562205791473e-03
4.111919086426496506e-03
1.129030063748359680e-02
3.245567670091986656e-03
1.989253424108028412e-02
1.984824240207672119e-02
3.666014643386006355e-03
8.180666714906692505e-03
1.139032095670700073e-02
3.753911470994353294e-03
3.011906286701560020e-03
8.943825028836727142e-03
6.469950545579195023e-03
3.129368647933006287e-03
3.247321397066116333e-02
3.395130159333348274e-03
1.004686392843723297e-02
1.051709242165088654e-02
2.754090121015906334e-03
4.772475920617580414e-03
5.547511391341686249e-03
4.596642684191465378e-03
6.813967600464820862e-03
1.038795616477727890e-02
3.079670947045087814e-03
1.091919001191854477e-02
1.298188604414463043e-02
3.491699229925870895e-03
3.840564750134944916e-03
6.246952805668115616e-03
2.839637687429785728e-03
5.099042318761348724e-03
4.726570565253496170e-03
5.106863100081682205e-03
2.712173154577612877e-03
4.547496326267719269e-03
2.424852224066853523e-03
1.982072833925485611e-03
3.039106028154492378e-03
3.440970089286565781e-03
3.945207223296165466e-03
5.082877818495035172e-03
4.893478471785783768e-03
1.488489215262234211e-03
3.745479974895715714e-03
5.334069021046161652e-03
2.824415219947695732e-03
6.872857920825481415e-03
3.074718406423926353e-03
2.657244447618722916e-03
1.553306356072425842e-02
2.709053456783294678e-03
4.406005144119262695e-03
7.986448705196380615e-03
2.704004524275660515e-03
2.096239943057298660e-03
6.336419843137264252e-03
3.299591830000281334e-03
2.035262295976281166e-03
5.319453775882720947e-03
4.354790784418582916e-03
3.314877394586801529e-03
5.550889298319816589e-03
2.039020415395498276e-03
3.052372951060533524e-03
5.000034812837839127e-03
3.335275221616029739e-03
1.884511206299066544e-03
7.180856540799140930e-03
1.816184027120471001e-03
1.098725129850208759e-03
3.345655743032693863e-03
3.664951305836439133e-03
1.374806277453899384e-03
3.225349122658371925e-03
2.108532236889004707e-03
6.034493446350097656e-03
