7.011772632598876953e+00
5.971547126770019531e+00
4.569056034088134766e+00
3.591631889343261719e+00
2.493585586547851562e+00
2.039334535598754883e+00
3.039456129074096680e+00
2.174429655075073242e+00
1.667007565498352051e+00
1.425733804702758789e+00
1.504084229469299316e+00
1.673192143440246582e+00
2.039897441864013672e+00
1.668424487113952637e+00
1.394897222518920898e+00
1.369748473167419434e+00
1.460463285446166992e+00
1.113603711128234863e+00
1.824233770370483398e+00
1.501143574714660645e+00
1.257497906684875488e+00
1.464057564735412598e+00
1.362352132797241211e+00
1.722727417945861816e+00
3.123213291168212891e+00
2.594281196594238281e+00
1.978339910507202148e+00
1.670908570289611816e+00
1.417114973068237305e+00
1.180624723434448242e+00
1.931652069091796875e+00
1.375277161598205566e+00
1.313268899917602539e+00
1.117193698883056641e+00
1.339574337005615234e+00
1.125158548355102539e+00
1.613361477851867676e+00
1.345658183097839355e+00
1.314114451408386230e+00
1.195105314254760742e+00
1.072492361068725586e+00
1.362092733383178711e+00
1.627431511878967285e+00
1.356399297714233398e+00
1.334253191947937012e+00
1.092466354370117188e+00
1.265630245208740234e+00
1.255747914314270020e+00
2.647102117538452148e+00
1.922211289405822754e+00
1.998405337333679199e+00
2.076254844665527344e+00
1.888692855834960938e+00
1.723130226135253906e+00
1.756188869476318359e+00
1.451468229293823242e+00
1.323197007179260254e+00
1.179283738136291504e+00
1.126776933670043945e+00
1.291248321533203125e+00
1.792824506759643555e+00
1.270219445228576660e+00
1.299701094627380371e+00
1.275914788246154785e+00
1.163773417472839355e+00
1.325589179992675781e+00
1.660918831825256348e+00
1.355654954910278320e+00
1.241245865821838379e+00
1.023251175880432129e+00
9.779473543167114258e-01
1.054214835166931152e+00
2.008361339569091797e+00
1.867560863494873047e+00
1.734096407890319824e+00
1.675283074378967285e+00
1.516103386878967285e+00
1.678499221801757812e+00
2.173879384994506836e+00
1.527683258056640625e+00
1.506445407867431641e+00
1.172939300537109375e+00
1.214991569519042969e+00
1.255623459815979004e+00
1.649714708328247070e+00
1.450258135795593262e+00
1.304349899291992188e+00
1.298446416854858398e+00
1.146633028984069824e+00
1.043116450309753418e+00
1.579183936119079590e+00
1.187786579132080078e+00
1.180484533309936523e+00
1.318018794059753418e+00
9.559636116027832031e-01
1.064470887184143066e+00
1.768001914024353027e+00
1.159075736999511719e+00
1.502308368682861328e+00
2.199731111526489258e+00
1.815704345703125000e+00
1.452898740768432617e+00
1.686478137969970703e+00
1.466795563697814941e+00
1.489660382270812988e+00
1.502541661262512207e+00
1.620467782020568848e+00
1.425387501716613770e+00
1.608395576477050781e+00
1.348972201347351074e+00
1.182713150978088379e+00
1.174987196922302246e+00
1.071278572082519531e+00
1.018988251686096191e+00
1.415754437446594238e+00
1.054791569709777832e+00
9.621012210845947266e-01
1.204197764396667480e+00
9.656627774238586426e-01
1.116498827934265137e+00
1.543079257011413574e+00
1.171130657196044922e+00
1.225707173347473145e+00
1.466954946517944336e+00
1.213389515876770020e+00
1.078556776046752930e+00
1.375732302665710449e+00
1.319447398185729980e+00
1.216045498847961426e+00
1.064253449440002441e+00
1.254505038261413574e+00
1.446165561676025391e+00
1.648215174674987793e+00
1.345075726509094238e+00
1.829968810081481934e+00
1.556632041931152344e+00
1.186685204505920410e+00
1.195264339447021484e+00
1.527302622795104980e+00
1.157744050025939941e+00
1.049407124519348145e+00
1.074744105339050293e+00
1.073833823204040527e+00
1.075193524360656738e+00
1.509234905242919922e+00
9.519281387329101562e-01
1.437865853309631348e+00
1.040452957153320312e+00
1.103840231895446777e+00
1.041744828224182129e+00
1.574432373046875000e+00
1.061844229698181152e+00
1.056848287582397461e+00
1.318772912025451660e+00
1.025120139122009277e+00
1.388507008552551270e+00
1.499161005020141602e+00
1.082874536514282227e+00
1.205060601234436035e+00
1.302288651466369629e+00
1.380551934242248535e+00
9.067987799644470215e-01
1.533960700035095215e+00
1.299270272254943848e+00
1.028519153594970703e+00
1.098868489265441895e+00
9.249298572540283203e-01
1.165600657463073730e+00
1.271969318389892578e+00
1.065171241760253906e+00
1.119326353073120117e+00
1.264415502548217773e+00
8.977092504501342773e-01
1.040797233581542969e+00
1.319000005722045898e+00
9.663330316543579102e-01
1.002225875854492188e+00
1.190681576728820801e+00
8.806518912315368652e-01
1.132924437522888184e+00
1.559530019760131836e+00
1.237524390220642090e+00
1.406217575073242188e+00
1.149067044258117676e+00
1.529720783233642578e+00
1.456570029258728027e+00
1.314090728759765625e+00
1.083977818489074707e+00
1.184584021568298340e+00
1.041844010353088379e+00
1.308293342590332031e+00
9.987542629241943359e-01
1.389300227165222168e+00
9.998620152473449707e-01
1.052900791168212891e+00
1.264203548431396484e+00
1.185212373733520508e+00
8.847208023071289062e-01
1.264690637588500977e+00
1.128520727157592773e+00
1.009154438972473145e+00
1.023023486137390137e+00
1.116191387176513672e+00
1.313589096069335938e+00
1.395634412765502930e+00
1.048786401748657227e+00
1.396499872207641602e+00
1.333754181861877441e+00
9.149386882781982422e-01
1.158385753631591797e+00
1.190799832344055176e+00
8.478402495384216309e-01
9.601047039031982422e-01
9.362446665763854980e-01
1.080250501632690430e+00
1.254393219947814941e+00
1.508869051933288574e+00
1.230882763862609863e+00
9.839816093444824219e-01
9.740841388702392578e-01
8.633577227592468262e-01
1.005489587783813477e+00
1.512942433357238770e+00
9.752374887466430664e-01
8.712778687477111816e-01
7.584986686706542969e-01
9.086350798606872559e-01
8.785870671272277832e-01
1.368453741073608398e+00
9.570246934890747070e-01
8.346566557884216309e-01
9.066413640975952148e-01
8.913128972053527832e-01
8.576128482818603516e-01
1.151322841644287109e+00
1.141421198844909668e+00
8.726171255111694336e-01
7.111524343490600586e-01
9.001039862632751465e-01
7.600721716880798340e-01
1.553091526031494141e+00
1.238555908203125000e+00
1.385795950889587402e+00
1.017478346824645996e+00
1.004337430000305176e+00
1.032039880752563477e+00
1.423126697540283203e+00
8.513202071189880371e-01
8.169901371002197266e-01
8.033048510551452637e-01
8.774462938308715820e-01
7.692899107933044434e-01
1.198178052902221680e+00
1.146560907363891602e+00
8.417032361030578613e-01
6.212766170501708984e-01
8.232126832008361816e-01
1.006311535835266113e+00
1.165603876113891602e+00
8.793407678604125977e-01
8.185456395149230957e-01
6.538726091384887695e-01
9.550330638885498047e-01
9.135832786560058594e-01
1.358210563659667969e+00
9.788298010826110840e-01
8.205327391624450684e-01
7.256482243537902832e-01
1.202034354209899902e+00
7.836810350418090820e-01
1.174945354461669922e+00
1.068745851516723633e+00
8.788431286811828613e-01
7.393960356712341309e-01
7.251296043395996094e-01
8.048177361488342285e-01
1.281275272369384766e+00
9.142852425575256348e-01
7.603820562362670898e-01
6.945701241493225098e-01
9.252899885177612305e-01
8.427546620368957520e-01
1.297811150550842285e+00
1.177586078643798828e+00
7.126690745353698730e-01
7.827349305152893066e-01
7.252299785614013672e-01
7.625409364700317383e-01
1.038023829460144043e+00
8.852652907371520996e-01
8.726896643638610840e-01
9.795833826065063477e-01
9.020041823387145996e-01
1.026401281356811523e+00
1.400391101837158203e+00
1.032934308052062988e+00
6.760817766189575195e-01
8.990254998207092285e-01
7.349102497100830078e-01
6.987252235412597656e-01
1.300895929336547852e+00
8.229326009750366211e-01
6.301079392433166504e-01
7.231878638267517090e-01
8.325861692428588867e-01
1.030361652374267578e+00
1.248297572135925293e+00
8.610778450965881348e-01
7.601569890975952148e-01
6.740028858184814453e-01
6.296647191047668457e-01
9.646199345588684082e-01
9.554261565208435059e-01
9.044127464294433594e-01
8.302518129348754883e-01
8.896729946136474609e-01
8.238788843154907227e-01
1.004355549812316895e+00
1.246895313262939453e+00
8.985177874565124512e-01
8.324505686759948730e-01
9.425138831138610840e-01
1.009310722351074219e+00
1.099442481994628906e+00
1.428163290023803711e+00
9.828838109970092773e-01
7.401530146598815918e-01
9.657524824142456055e-01
7.927888035774230957e-01
7.521890401840209961e-01
1.176906108856201172e+00
7.482817173004150391e-01
6.382480263710021973e-01
7.252239584922790527e-01
8.177297115325927734e-01
8.828185200691223145e-01
9.644909501075744629e-01
9.878208637237548828e-01
8.943541049957275391e-01
8.608097434043884277e-01
8.507212996482849121e-01
1.053245782852172852e+00
1.142272591590881348e+00
7.727839946746826172e-01
9.250714182853698730e-01
9.066842198371887207e-01
8.932011723518371582e-01
8.686677217483520508e-01
1.181427955627441406e+00
7.895792126655578613e-01
8.608963489532470703e-01
7.011888623237609863e-01
8.075031042098999023e-01
7.024704217910766602e-01
1.187661767005920410e+00
7.570231556892395020e-01
7.723370194435119629e-01
6.918288469314575195e-01
9.062138795852661133e-01
1.108445048332214355e+00
1.045875430107116699e+00
7.290423512458801270e-01
9.448506832122802734e-01
9.046990871429443359e-01
7.376747131347656250e-01
8.735607862472534180e-01
1.095063090324401855e+00
9.471034407615661621e-01
7.560496330261230469e-01
9.745296835899353027e-01
8.622817993164062500e-01
9.749640822410583496e-01
9.073948860168457031e-01
7.781863212585449219e-01
6.594934463500976562e-01
9.139224886894226074e-01
1.312933325767517090e+00
9.516248106956481934e-01
1.112915277481079102e+00
8.544586300849914551e-01
8.554998636245727539e-01
6.635720729827880859e-01
6.722929477691650391e-01
8.556597232818603516e-01
9.679412841796875000e-01
7.359840273857116699e-01
9.513797760009765625e-01
7.965855002403259277e-01
9.349681138992309570e-01
8.319768905639648438e-01
1.100530862808227539e+00
7.388733029365539551e-01
8.430166840553283691e-01
9.601102471351623535e-01
6.519613265991210938e-01
9.486551284790039062e-01
1.087699294090270996e+00
7.631952762603759766e-01
8.756387233734130859e-01
7.979694008827209473e-01
9.213440418243408203e-01
1.045847296714782715e+00
7.825056314468383789e-01
6.511594057083129883e-01
6.241520643234252930e-01
7.029864192008972168e-01
7.506470680236816406e-01
6.817158460617065430e-01
1.052486538887023926e+00
6.341080665588378906e-01
5.871629118919372559e-01
6.275656819343566895e-01
7.868081927299499512e-01
8.277779221534729004e-01
8.945655226707458496e-01
7.722790837287902832e-01
9.365569353103637695e-01
9.330821633338928223e-01
1.013504862785339355e+00
7.617034316062927246e-01
8.366950750350952148e-01
9.194898009300231934e-01
9.458317756652832031e-01
7.252734899520874023e-01
8.495502471923828125e-01
7.716218829154968262e-01
9.943477511405944824e-01
6.284908652305603027e-01
7.138016223907470703e-01
9.101491570472717285e-01
9.144763946533203125e-01
7.529367208480834961e-01
1.072856545448303223e+00
8.201223015785217285e-01
6.320486664772033691e-01
6.055876016616821289e-01
9.875577688217163086e-01
6.242612600326538086e-01
9.633955955505371094e-01
6.816447377204895020e-01
6.984771490097045898e-01
6.832228302955627441e-01
6.055499911308288574e-01
6.806295514106750488e-01
1.005359411239624023e+00
6.390916109085083008e-01
5.671892166137695312e-01
6.260507702827453613e-01
7.463836073875427246e-01
6.232446432113647461e-01
1.130498886108398438e+00
6.959787607192993164e-01
5.270410180091857910e-01
5.144059658050537109e-01
5.486717224121093750e-01
7.028864622116088867e-01
8.952884674072265625e-01
6.037920117378234863e-01
7.098145484924316406e-01
5.868745446205139160e-01
6.321930885314941406e-01
6.707219481468200684e-01
1.220287919044494629e+00
7.064863443374633789e-01
5.974031090736389160e-01
7.659404277801513672e-01
6.592726707458496094e-01
7.747046947479248047e-01
8.490232825279235840e-01
6.075994968414306641e-01
5.953875184059143066e-01
5.000645518302917480e-01
6.690959334373474121e-01
5.951629877090454102e-01
8.481339812278747559e-01
7.350124716758728027e-01
5.673656463623046875e-01
5.174175500869750977e-01
8.875529170036315918e-01
6.216494441032409668e-01
8.493180871009826660e-01
6.087202429771423340e-01
7.155780792236328125e-01
8.211989998817443848e-01
6.319727897644042969e-01
9.711955189704895020e-01
1.262817025184631348e+00
6.523851752281188965e-01
6.586720943450927734e-01
7.305841445922851562e-01
7.365997433662414551e-01
8.504496812820434570e-01
7.847665548324584961e-01
5.498145818710327148e-01
5.884811878204345703e-01
6.907690167427062988e-01
5.930519104003906250e-01
8.243385553359985352e-01
9.762072563171386719e-01
7.064971327781677246e-01
5.034748911857604980e-01
6.097714304924011230e-01
5.941667556762695312e-01
6.511400938034057617e-01
7.412836551666259766e-01
5.391456484794616699e-01
1.057009339332580566e+00
6.910919547080993652e-01
8.088104128837585449e-01
6.768057346343994141e-01
6.644627451896667480e-01
5.053888559341430664e-01
4.945307672023773193e-01
5.441863536834716797e-01
6.161708235740661621e-01
5.621645450592041016e-01
7.038121819496154785e-01
4.976292252540588379e-01
4.486714005470275879e-01
4.381604790687561035e-01
4.355939924716949463e-01
9.120951294898986816e-01
8.051618337631225586e-01
5.817912220954895020e-01
6.588900685310363770e-01
4.917190670967102051e-01
5.347171425819396973e-01
5.954470634460449219e-01
8.110281825065612793e-01
5.581106543540954590e-01
5.606246590614318848e-01
7.042846083641052246e-01
6.680109500885009766e-01
1.022749781608581543e+00
1.115460276603698730e+00
7.197252511978149414e-01
8.977611064910888672e-01
8.370890021324157715e-01
1.079550266265869141e+00
9.718922376632690430e-01
8.838533759117126465e-01
6.279470324516296387e-01
5.141096115112304688e-01
6.011439561843872070e-01
6.675230860710144043e-01
7.416048049926757812e-01
7.301649451255798340e-01
5.802980661392211914e-01
4.342703819274902344e-01
5.667505264282226562e-01
7.144601345062255859e-01
5.486007928848266602e-01
7.692489027976989746e-01
4.509096443653106689e-01
5.026510953903198242e-01
6.557626724243164062e-01
8.152159452438354492e-01
9.276490807533264160e-01
7.705183029174804688e-01
7.215435504913330078e-01
7.411108613014221191e-01
8.667183518409729004e-01
6.760365366935729980e-01
7.265933156013488770e-01
6.112499833106994629e-01
4.434895217418670654e-01
7.187954783439636230e-01
7.381126284599304199e-01
7.837564349174499512e-01
4.767671227455139160e-01
8.372399210929870605e-01
6.715261936187744141e-01
4.625579118728637695e-01
4.268946647644042969e-01
5.003630518913269043e-01
5.828164219856262207e-01
6.402466297149658203e-01
4.628309905529022217e-01
4.415310323238372803e-01
6.030246615409851074e-01
6.504433155059814453e-01
6.990405321121215820e-01
5.734492540359497070e-01
5.505168437957763672e-01
8.338390588760375977e-01
6.460335850715637207e-01
6.231334805488586426e-01
6.226570010185241699e-01
7.134512662887573242e-01
6.142055988311767578e-01
7.417359352111816406e-01
5.365071296691894531e-01
4.639046788215637207e-01
1.592890024185180664e-01
6.953161954879760742e-01
4.552681148052215576e-01
4.276119470596313477e-01
4.300979673862457275e-01
4.914263486862182617e-01
6.235910654067993164e-01
5.838862061500549316e-01
4.369881451129913330e-01
5.324898958206176758e-01
7.218604683876037598e-01
3.885216116905212402e-01
6.321087479591369629e-01
8.397263288497924805e-01
6.071304678916931152e-01
5.753821134567260742e-01
8.412054777145385742e-01
6.968526840209960938e-01
7.414562106132507324e-01
5.853983759880065918e-01
5.033094286918640137e-01
7.617689371109008789e-01
6.518039703369140625e-01
6.964896321296691895e-01
7.160217165946960449e-01
6.476504206657409668e-01
5.553565025329589844e-01
3.712122738361358643e-01
5.719619989395141602e-01
6.267378926277160645e-01
5.960522294044494629e-01
6.494756340980529785e-01
3.509075939655303955e-01
4.106699824333190918e-01
4.425803720951080322e-01
4.540939629077911377e-01
5.223808884620666504e-01
5.680358409881591797e-01
3.946418166160583496e-01
4.150381982326507568e-01
8.184264898300170898e-01
6.636252403259277344e-01
8.711637258529663086e-01
8.108001947402954102e-01
6.266340613365173340e-01
7.617119550704956055e-01
6.544879078865051270e-01
6.704369187355041504e-01
7.282307744026184082e-01
6.984893679618835449e-01
6.273146271705627441e-01
1.003346204757690430e+00
6.820666790008544922e-01
7.422258257865905762e-01
1.165086269378662109e+00
6.284193396568298340e-01
5.950046181678771973e-01
5.050565004348754883e-01
4.204656779766082764e-01
5.009095072746276855e-01
4.589724242687225342e-01
5.997450947761535645e-01
4.299786388874053955e-01
3.230437636375427246e-01
3.940567076206207275e-01
6.190397143363952637e-01
3.467964231967926025e-01
5.463917255401611328e-01
6.042316555976867676e-01
4.532876014709472656e-01
3.038196265697479248e-01
4.412709474563598633e-01
5.159041285514831543e-01
6.255537271499633789e-01
5.215253233909606934e-01
4.435773789882659912e-01
2.923569977283477783e-01
3.754207491874694824e-01
8.160626292228698730e-01
5.922135114669799805e-01
4.359160959720611572e-01
2.258623242378234863e-01
2.034209668636322021e-01
4.148044288158416748e-01
4.326663017272949219e-01
6.669026613235473633e-01
3.700077235698699951e-01
3.915163874626159668e-01
3.107461631298065186e-01
6.011492013931274414e-01
4.206378757953643799e-01
7.110997438430786133e-01
4.047586917877197266e-01
3.883160352706909180e-01
3.447015583515167236e-01
3.992055058479309082e-01
6.841095089912414551e-01
5.317003130912780762e-01
3.358776271343231201e-01
3.385812044143676758e-01
3.579408824443817139e-01
5.415921211242675781e-01
5.173983573913574219e-01
8.328885436058044434e-01
4.946742653846740723e-01
6.398804187774658203e-01
5.851965546607971191e-01
6.360084414482116699e-01
1.222073554992675781e+00
5.330337882041931152e-01
3.505664765834808350e-01
3.646721839904785156e-01
3.881705701351165771e-01
4.072743356227874756e-01
5.089485049247741699e-01
4.973989427089691162e-01
2.284923493862152100e-01
2.946960628032684326e-01
4.187132120132446289e-01
5.559500455856323242e-01
6.021874547004699707e-01
4.529181420803070068e-01
3.984359502792358398e-01
2.519914209842681885e-01
3.419453501701354980e-01
4.154889583587646484e-01
6.035733222961425781e-01
6.449902057647705078e-01
4.362514913082122803e-01
3.883181512355804443e-01
4.466944932937622070e-01
3.373905122280120850e-01
5.012832880020141602e-01
7.163032293319702148e-01
5.001814365386962891e-01
1.463392674922943115e-01
4.541123807430267334e-01
3.544572889804840088e-01
4.329937398433685303e-01
5.039492845535278320e-01
2.594719827175140381e-01
3.495329022407531738e-01
2.703919410705566406e-01
4.968071579933166504e-01
4.570120275020599365e-01
4.193644523620605469e-01
3.443025648593902588e-01
2.418159842491149902e-01
3.357319533824920654e-01
3.921931385993957520e-01
4.738162755966186523e-01
7.020406723022460938e-01
4.500614404678344727e-01
2.830501198768615723e-01
5.248532891273498535e-01
5.015166401863098145e-01
5.190802812576293945e-01
6.313475370407104492e-01
4.952009022235870361e-01
6.269947290420532227e-01
6.080845594406127930e-01
7.974238991737365723e-01
5.702874660491943359e-01
6.585237383842468262e-01
3.332128822803497314e-01
3.833895325660705566e-01
5.118272304534912109e-01
6.639670133590698242e-01
5.452515482902526855e-01
4.629274904727935791e-01
3.297451734542846680e-01
3.066684305667877197e-01
3.731565475463867188e-01
3.720816373825073242e-01
4.104959666728973389e-01
6.691569089889526367e-01
3.349637985229492188e-01
5.677180290222167969e-01
4.988135099411010742e-01
4.676574468612670898e-01
4.226237237453460693e-01
4.730398654937744141e-01
4.204882979393005371e-01
5.651669502258300781e-01
6.253056526184082031e-01
7.428813576698303223e-01
5.559887290000915527e-01
6.995595097541809082e-01
4.267643988132476807e-01
6.864346265792846680e-01
4.278097152709960938e-01
4.083606004714965820e-01
5.023411512374877930e-01
5.403460860252380371e-01
2.717138528823852539e-01
3.204351961612701416e-01
3.997174799442291260e-01
6.034163236618041992e-01
4.001176953315734863e-01
4.549315571784973145e-01
3.125137090682983398e-01
4.080045819282531738e-01
5.269142985343933105e-01
3.261130154132843018e-01
5.420567989349365234e-01
7.309152483940124512e-01
6.869450211524963379e-01
6.211487054824829102e-01
1.277186989784240723e+00
8.215440511703491211e-01
9.824200868606567383e-01
5.283003449440002441e-01
4.597087204456329346e-01
5.669921040534973145e-01
7.449863553047180176e-01
5.693482756614685059e-01
8.544427156448364258e-01
5.970157980918884277e-01
3.826490938663482666e-01
3.118949532508850098e-01
3.154215514659881592e-01
4.326583743095397949e-01
3.808868527412414551e-01
3.496737778186798096e-01
2.674036324024200439e-01
4.392394423484802246e-01
2.609306871891021729e-01
2.923738062381744385e-01
3.185006082057952881e-01
8.252987861633300781e-01
4.182404875755310059e-01
4.245561659336090088e-01
4.239310920238494873e-01
4.258294105529785156e-01
6.294584870338439941e-01
5.299026966094970703e-01
2.953197360038757324e-01
5.757005810737609863e-01
5.100095868110656738e-01
4.153039753437042236e-01
6.877152323722839355e-01
5.034980773925781250e-01
4.720523953437805176e-01
6.893450021743774414e-01
3.393106758594512939e-01
2.692253589630126953e-01
3.198352456092834473e-01
4.403363764286041260e-01
2.830258905887603760e-01
4.437890350818634033e-01
3.837232291698455811e-01
5.256481170654296875e-01
3.870096206665039062e-01
6.107411384582519531e-01
3.443489670753479004e-01
1.516003161668777466e-01
4.280126094818115234e-01
3.896965384483337402e-01
6.085850000381469727e-01
3.729352653026580811e-01
4.123006761074066162e-01
6.111272573471069336e-01
4.576081037521362305e-01
8.509709239006042480e-01
9.478764533996582031e-01
4.324173927307128906e-01
3.576139509677886963e-01
4.608581066131591797e-01
4.705893695354461670e-01
6.415278315544128418e-01
1.050797462463378906e+00
3.414450287818908691e-01
3.641699552536010742e-01
3.131695985794067383e-01
2.989630997180938721e-01
4.010314345359802246e-01
3.555464446544647217e-01
3.895840942859649658e-01
2.274043560028076172e-01
2.641772925853729248e-01
2.129022330045700073e-01
2.732158005237579346e-01
3.528379201889038086e-01
6.453709006309509277e-01
1.948267817497253418e-01
3.199280202388763428e-01
2.279696613550186157e-01
3.778474330902099609e-01
3.728409409523010254e-01
5.731505751609802246e-01
3.851633667945861816e-01
1.537448316812515259e-01
3.005738556385040283e-01
2.950707972049713135e-01
4.830684363842010498e-01
5.757995247840881348e-01
1.876089572906494141e-01
4.035527408123016357e-01
4.248393177986145020e-01
2.019018381834030151e-01
4.717338979244232178e-01
4.506800770759582520e-01
2.263641804456710815e-01
3.439598977565765381e-01
2.167569994926452637e-01
6.621047854423522949e-01
3.898721635341644287e-01
4.855711460113525391e-01
3.461101353168487549e-01
9.347271174192428589e-02
3.457569479942321777e-01
2.526704370975494385e-01
3.763984441757202148e-01
5.150961875915527344e-01
2.552684247493743896e-01
2.286040782928466797e-01
2.797195315361022949e-01
5.444558262825012207e-01
3.433256149291992188e-01
4.955616295337677002e-01
4.516451358795166016e-01
2.526713907718658447e-01
3.043898046016693115e-01
3.730023205280303955e-01
4.725919067859649658e-01
5.331610441207885742e-01
2.610949277877807617e-01
2.983987033367156982e-01
3.023598790168762207e-01
2.641303241252899170e-01
3.200464546680450439e-01
4.156140685081481934e-01
2.235481142997741699e-01
2.639445364475250244e-01
3.084525465965270996e-01
3.582667708396911621e-01
3.916320502758026123e-01
4.083219170570373535e-01
2.693341672420501709e-01
1.724491864442825317e-01
2.463684678077697754e-01
2.991844117641448975e-01
5.119721889495849609e-01
4.113903939723968506e-01
2.564463317394256592e-01
3.412478268146514893e-01
3.854489326477050781e-01
3.905003666877746582e-01
4.843588769435882568e-01
6.169424653053283691e-01
3.872383832931518555e-01
1.054939985275268555e+00
2.373588830232620239e-01
4.143559038639068604e-01
4.213261902332305908e-01
4.423003494739532471e-01
3.217410147190093994e-01
1.742290258407592773e-01
2.091533690690994263e-01
3.289406299591064453e-01
2.616407871246337891e-01
3.537783324718475342e-01
2.263628393411636353e-01
2.103738635778427124e-01
1.896633654832839966e-01
2.228194922208786011e-01
4.062178432941436768e-01
3.484885990619659424e-01
1.884227842092514038e-01
2.618623375892639160e-01
2.999573349952697754e-01
3.034349381923675537e-01
4.388216137886047363e-01
4.712239801883697510e-01
2.505345642566680908e-01
2.331618964672088623e-01
5.672098398208618164e-01
6.309711337089538574e-01
8.615065217018127441e-01
2.860144674777984619e-01
3.541482388973236084e-01
2.858313918113708496e-01
3.484206199645996094e-01
4.383253753185272217e-01
3.456501662731170654e-01
2.710228264331817627e-01
1.810235083103179932e-01
1.696313768625259399e-01
2.749082446098327637e-01
4.270245432853698730e-01
3.025908172130584717e-01
2.972449958324432373e-01
2.326103448867797852e-01
3.056527376174926758e-01
2.275127321481704712e-01
3.490890860557556152e-01
5.945749282836914062e-01
4.213577210903167725e-01
4.733073413372039795e-01
8.784746527671813965e-01
6.289396286010742188e-01
6.976298093795776367e-01
5.931149721145629883e-01
2.544138431549072266e-01
2.043944150209426880e-01
2.947034835815429688e-01
1.497168093919754028e-01
2.831543087959289551e-01
2.103273570537567139e-01
4.178611636161804199e-01
1.997941434383392334e-01
1.081259250640869141e-01
2.171028405427932739e-01
2.393355369567871094e-01
4.092415273189544678e-01
3.580216765403747559e-01
1.705487370491027832e-01
1.808587014675140381e-01
3.100026249885559082e-01
3.887774348258972168e-01
1.886187791824340820e-01
2.864775359630584717e-01
3.329107761383056641e-01
3.136929273605346680e-01
1.639449894428253174e-01
2.910357713699340820e-01
3.685317039489746094e-01
2.930708825588226318e-01
2.336264103651046753e-01
2.896033525466918945e-01
3.121898174285888672e-01
3.303557634353637695e-01
5.477038621902465820e-01
5.384017825126647949e-01
3.440788388252258301e-01
2.841090559959411621e-01
4.390065371990203857e-01
5.272551774978637695e-01
4.994547665119171143e-01
2.836225032806396484e-01
2.366308122873306274e-01
3.040941953659057617e-01
2.711486220359802246e-01
4.356337785720825195e-01
3.915147483348846436e-01
4.683799743652343750e-01
3.091565966606140137e-01
4.755008816719055176e-01
5.970657467842102051e-01
9.758971929550170898e-01
6.552466750144958496e-01
3.205175101757049561e-01
3.560060262680053711e-01
3.942391276359558105e-01
3.314375281333923340e-01
3.219371140003204346e-01
4.756276011466979980e-01
2.582384347915649414e-01
1.234870851039886475e-01
7.616698741912841797e-01
2.253284603357315063e-01
3.150262832641601562e-01
5.814538002014160156e-01
4.117171466350555420e-01
3.704528510570526123e-01
4.179247021675109863e-01
4.961143732070922852e-01
5.996386408805847168e-01
6.634036302566528320e-01
7.477229833602905273e-01
2.734009027481079102e-01
9.145068526268005371e-01
4.186153411865234375e-01
6.592221260070800781e-01
6.612286567687988281e-01
2.975518405437469482e-01
1.990708857774734497e-01
3.473663926124572754e-01
6.223973035812377930e-01
2.893094420433044434e-01
7.861238718032836914e-01
2.488278150558471680e-01
4.650016129016876221e-01
3.841640055179595947e-01
4.995864033699035645e-01
3.903890848159790039e-01
4.908244609832763672e-01
3.404279947280883789e-01
2.516354620456695557e-01
2.912743091583251953e-01
5.426969528198242188e-01
2.791832983493804932e-01
5.433968305587768555e-01
2.504912912845611572e-01
2.652042210102081299e-01
1.819408386945724487e-01
1.479663848876953125e-01
2.481255978345870972e-01
2.967424988746643066e-01
3.099172413349151611e-01
2.148027718067169189e-01
1.848595291376113892e-01
1.729786098003387451e-01
1.433860361576080322e-01
2.668599784374237061e-01
2.767947316169738770e-01
1.621602177619934082e-01
1.517779231071472168e-01
1.261723339557647705e-01
1.921152174472808838e-01
1.888435482978820801e-01
2.877986729145050049e-01
1.883609741926193237e-01
1.677403748035430908e-01
9.147442132234573364e-02
9.570988267660140991e-02
2.678112983703613281e-01
2.392615824937820435e-01
1.014522686600685120e-01
1.151073276996612549e-01
1.208354532718658447e-01
1.725001335144042969e-01
2.106982916593551636e-01
3.018929660320281982e-01
1.779489517211914062e-01
2.192967683076858521e-01
1.149402558803558350e-01
1.290097087621688843e-01
2.203003764152526855e-01
1.897628903388977051e-01
9.455890953540802002e-02
9.573993086814880371e-02
1.263831555843353271e-01
1.442042142152786255e-01
1.225982904434204102e-01
2.283798754215240479e-01
1.273499578237533569e-01
1.803348660469055176e-01
6.046400666236877441e-01
2.449461221694946289e-01
1.747871339321136475e-01
3.608293831348419189e-01
2.104684412479400635e-01
1.394402235746383667e-01
2.196111828088760376e-01
2.600154280662536621e-01
2.733838260173797607e-01
3.258692622184753418e-01
1.216931566596031189e-01
1.415271162986755371e-01
2.054054588079452515e-01
2.042601108551025391e-01
3.242095112800598145e-01
2.726122438907623291e-01
1.366595774888992310e-01
1.616950184106826782e-01
7.891154289245605469e-02
2.172112017869949341e-01
1.959150880575180054e-01
4.589500725269317627e-01
1.728233397006988525e-01
2.288589775562286377e-01
2.935866713523864746e-01
3.446086347103118896e-01
4.562457501888275146e-01
2.271435111761093140e-01
1.564913392066955566e-01
4.754494875669479370e-02
1.978531032800674438e-01
8.851849287748336792e-02
1.514517962932586670e-01
1.993936598300933838e-01
1.457534730434417725e-01
5.099423229694366455e-02
6.005872786045074463e-02
8.110453933477401733e-02
1.725724935531616211e-01
2.183578014373779297e-01
1.453594118356704712e-01
8.998502790927886963e-02
7.161845266819000244e-02
1.778309047222137451e-01
1.731670498847961426e-01
3.859876990318298340e-01
1.436640918254852295e-01
2.237227559089660645e-01
2.266041785478591919e-01
1.681491136550903320e-01
2.489659041166305542e-01
2.617215514183044434e-01
1.255059242248535156e-01
1.679615080356597900e-01
1.457318067550659180e-01
4.546852111816406250e-01
4.653048217296600342e-01
1.919406056404113770e-01
3.097902536392211914e-01
1.121837943792343140e-01
2.263538241386413574e-01
3.440736830234527588e-01
3.110952675342559814e-01
2.440773099660873413e-01
6.518466770648956299e-02
2.224149852991104126e-01
1.605072915554046631e-01
2.395830005407333374e-01
2.252764254808425903e-01
2.738263010978698730e-01
1.176601052284240723e-01
2.667910456657409668e-01
2.183469682931900024e-01
2.186626791954040527e-01
3.240160942077636719e-01
2.933222651481628418e-01
1.410296261310577393e-01
1.554379314184188843e-01
2.850155532360076904e-01
4.865013062953948975e-01
5.378467440605163574e-01
1.869475394487380981e-01
2.863620221614837646e-01
3.061233460903167725e-01
9.199021011590957642e-02
7.429900020360946655e-02
1.186881959438323975e-01
2.064528018236160278e-01
1.528915613889694214e-01
1.129904240369796753e-01
4.654773697257041931e-02
1.476833075284957886e-01
8.634527772665023804e-02
2.663378715515136719e-01
1.257948130369186401e-01
1.206535845994949341e-01
2.607042789459228516e-01
1.885577440261840820e-01
1.840108931064605713e-01
3.203322589397430420e-01
1.208467781543731689e-01
4.930800199508666992e-01
1.342129856348037720e-01
1.899943500757217407e-01
2.527257800102233887e-01
1.886032074689865112e-01
1.360009312629699707e-01
2.288537174463272095e-01
2.938193082809448242e-01
2.773712575435638428e-01
3.627141714096069336e-01
1.843525916337966919e-01
2.134186774492263794e-01
2.154571413993835449e-01
2.031732350587844849e-01
2.501332163810729980e-01
3.629719316959381104e-01
3.560414314270019531e-01
6.962282210588455200e-02
1.657815873622894287e-01
2.798095047473907471e-01
2.730408012866973877e-01
4.025503396987915039e-01
4.705659449100494385e-01
2.008807063102722168e-01
5.503503084182739258e-01
5.453996062278747559e-01
4.824544787406921387e-01
6.218070983886718750e-01
1.843965649604797363e-01
2.386810928583145142e-01
2.012892067432403564e-01
2.222405374050140381e-01
2.365860044956207275e-01
4.689708054065704346e-01
2.174519002437591553e-01
1.610964089632034302e-01
2.685559391975402832e-01
1.768536865711212158e-01
2.687140107154846191e-01
3.275554776191711426e-01
2.052198946475982666e-01
1.014567241072654724e-01
1.834320425987243652e-01
1.287051141262054443e-01
2.426052540540695190e-01
2.399127036333084106e-01
2.709853649139404297e-01
1.067503318190574646e-01
1.105251461267471313e-01
3.268851935863494873e-01
2.191058546304702759e-01
3.816371560096740723e-01
1.331229805946350098e-01
9.937164932489395142e-02
1.277499943971633911e-01
2.288727164268493652e-01
2.354374825954437256e-01
3.745976686477661133e-01
2.952305972576141357e-01
9.034873545169830322e-02
1.566748023033142090e-01
5.050459504127502441e-01
2.800621390342712402e-01
1.628102958202362061e-01
1.570129394531250000e-01
2.027378082275390625e-01
1.426026672124862671e-01
1.501961648464202881e-01
3.181336224079132080e-01
1.169759556651115417e-01
3.521589934825897217e-01
9.473651647567749023e-02
1.168870925903320312e-01
8.081315457820892334e-02
2.332573384046554565e-01
1.542733162641525269e-01
1.686244904994964600e-01
7.595714181661605835e-02
6.371681392192840576e-02
1.167250201106071472e-01
1.019028276205062866e-01
6.725580990314483643e-02
1.036306917667388916e-01
7.308003306388854980e-02
7.124640047550201416e-02
1.113729402422904968e-01
9.614504873752593994e-02
4.441956430673599243e-02
2.220539003610610962e-01
9.953691065311431885e-02
3.064931929111480713e-02
3.106570057570934296e-02
1.186225935816764832e-01
7.112898677587509155e-02
2.008222639560699463e-01
7.499963045120239258e-02
4.818280786275863647e-02
6.667854636907577515e-02
4.691576585173606873e-02
1.149208322167396545e-01
1.673824936151504517e-01
7.054962962865829468e-02
5.626477673649787903e-02
1.968635916709899902e-01
5.543886125087738037e-02
1.158644631505012512e-01
1.956935673952102661e-01
6.244943663477897644e-02
7.221995294094085693e-02
8.871728926897048950e-02
6.970101594924926758e-02
1.649149805307388306e-01
1.685235202312469482e-01
6.050433963537216187e-02
3.908305987715721130e-02
8.733630180358886719e-02
1.164211705327033997e-01
4.365989938378334045e-02
7.502428442239761353e-02
7.840038090944290161e-02
7.672017812728881836e-02
3.627235814929008484e-02
9.062904119491577148e-02
5.677395686507225037e-02
1.802684962749481201e-01
5.526377633213996887e-02
4.395673424005508423e-02
1.074504852294921875e-01
1.641822904348373413e-01
9.687246382236480713e-02
1.028414294123649597e-01
7.237491756677627563e-02
5.405716970562934875e-02
9.659112989902496338e-02
4.862207919359207153e-02
5.203100293874740601e-02
3.348067402839660645e-01
1.034411415457725525e-01
1.469305753707885742e-01
2.188752889633178711e-01
1.173570603132247925e-01
3.147222399711608887e-01
2.867779135704040527e-01
1.193801909685134888e-01
1.310334354639053345e-01
1.415210664272308350e-01
2.043534666299819946e-01
2.364341467618942261e-01
2.040211111307144165e-01
3.554070740938186646e-02
7.913012802600860596e-02
1.003893390297889709e-01
3.385729491710662842e-01
3.019920289516448975e-01
3.235348463058471680e-01
1.677458882331848145e-01
7.511860877275466919e-02
6.339149177074432373e-02
1.336096376180648804e-01
3.069986104965209961e-01
2.473521083593368530e-01
1.118704974651336670e-01
1.335709691047668457e-01
1.892174482345581055e-01
7.288117706775665283e-02
2.999672293663024902e-01
3.384132683277130127e-01
3.568372726440429688e-01
1.801538765430450439e-01
2.834757864475250244e-01
2.720384895801544189e-01
2.804273068904876709e-01
2.067347913980484009e-01
1.363486796617507935e-01
3.214644193649291992e-01
3.305855691432952881e-01
4.133396744728088379e-01
6.598792076110839844e-01
2.364338636398315430e-01
1.091535314917564392e-01
9.251798689365386963e-02
1.851837188005447388e-01
2.078687399625778198e-01
1.810117661952972412e-01
5.741862058639526367e-01
3.245872557163238525e-01
2.290414869785308838e-01
2.444454133510589600e-01
3.276193439960479736e-01
4.132956862449645996e-01
2.518179416656494141e-01
1.802391856908798218e-01
1.532565951347351074e-01
2.005316466093063354e-01
3.127376735210418701e-01
2.155512273311614990e-01
3.108033239841461182e-01
2.060560733079910278e-01
4.352322220802307129e-02
1.602035611867904663e-01
1.899028122425079346e-01
1.278388798236846924e-01
4.311685264110565186e-01
1.130915507674217224e-01
4.579979926347732544e-02
7.225643843412399292e-02
2.191821634769439697e-01
2.460440397262573242e-01
1.086184829473495483e-01
7.064001262187957764e-02
8.513754606246948242e-02
7.440046221017837524e-02
1.258421242237091064e-01
1.514316648244857788e-01
3.090902566909790039e-01
9.836149960756301880e-02
7.297853380441665649e-02
1.282822936773300171e-01
1.507013887166976929e-01
2.471287995576858521e-01
1.661775559186935425e-01
9.307968616485595703e-02
1.572184115648269653e-01
2.659478485584259033e-01
3.019650578498840332e-01
3.598166108131408691e-01
3.242474198341369629e-01
1.293195933103561401e-01
1.499566882848739624e-01
1.693096607923507690e-01
1.710868626832962036e-01
2.437923103570938110e-01
1.588633805513381958e-01
5.219558253884315491e-02
6.847331672906875610e-02
1.286924779415130615e-01
8.997387439012527466e-02
2.399236857891082764e-01
1.562642008066177368e-01
5.984176695346832275e-02
1.509585380554199219e-01
1.353797167539596558e-01
2.255130261182785034e-01
1.130599230527877808e-01
1.186898499727249146e-01
8.959101140499114990e-02
2.196684926748275757e-01
1.664746999740600586e-01
3.578426539897918701e-01
2.956686317920684814e-01
1.173432916402816772e-01
9.446726739406585693e-02
3.534468710422515869e-01
1.054483875632286072e-01
1.538477838039398193e-01
2.162710130214691162e-01
9.395530819892883301e-02
7.372003048658370972e-02
9.902953356504440308e-02
1.219392120838165283e-01
1.768985986709594727e-01
2.350730895996093750e-01
1.245168447494506836e-01
5.628826096653938293e-02
5.240378901362419128e-02
1.685299277305603027e-01
1.606399714946746826e-01
1.858469247817993164e-01
3.496461212635040283e-01
4.606119543313980103e-02
1.806773096323013306e-01
3.706533610820770264e-01
3.707450628280639648e-01
4.893993437290191650e-01
8.673237264156341553e-02
1.730145364999771118e-01
1.605654209852218628e-01
2.047585099935531616e-01
3.082006275653839111e-01
5.729610323905944824e-01
1.803642958402633667e-01
8.173301070928573608e-02
2.795093357563018799e-01
2.474640756845474243e-01
3.562938272953033447e-01
2.753598093986511230e-01
1.824327409267425537e-01
4.138614982366561890e-02
9.120582044124603271e-02
1.105897948145866394e-01
1.288253664970397949e-01
2.243545055389404297e-01
1.785059720277786255e-01
6.242548301815986633e-02
4.045516625046730042e-02
4.362744092941284180e-02
4.904842749238014221e-02
6.964163482189178467e-02
9.962962567806243896e-02
3.410293906927108765e-02
2.067370340228080750e-02
3.298574686050415039e-02
4.097157716751098633e-02
6.862664967775344849e-02
2.782188355922698975e-01
8.407296240329742432e-02
3.322223946452140808e-02
2.789040841162204742e-02
3.747973963618278503e-02
2.352087572216987610e-02
1.140196472406387329e-01
9.456527233123779297e-02
3.984960168600082397e-02
6.022714450955390930e-02
4.241608083248138428e-02
3.632627055048942566e-02
2.110666483640670776e-01
5.415133014321327209e-02
3.884366527199745178e-02
7.179737091064453125e-02
4.209005087614059448e-02
7.888422906398773193e-02
9.502386301755905151e-02
3.768865391612052917e-02
6.256654858589172363e-02
5.685260146856307983e-02
9.102635830640792847e-02
1.139601171016693115e-01
3.163929879665374756e-01
6.266924738883972168e-02
1.909558773040771484e-01
2.116073668003082275e-01
1.700165271759033203e-01
3.297145962715148926e-01
2.768504023551940918e-01
9.744489938020706177e-02
8.739665895700454712e-02
9.242504090070724487e-02
3.023683726787567139e-01
3.603290915489196777e-01
1.227628886699676514e-01
6.235191598534584045e-02
6.109122931957244873e-02
1.370835304260253906e-01
1.029034778475761414e-01
2.069590091705322266e-01
1.474446058273315430e-01
5.576658993959426880e-02
4.145611077547073364e-02
7.260700315237045288e-02
3.110219351947307587e-02
1.507822722196578979e-01
1.220939829945564270e-01
2.489851973950862885e-02
5.449692532420158386e-02
5.730514228343963623e-02
1.380253434181213379e-01
9.447278082370758057e-02
1.654621809720993042e-01
6.138594076037406921e-02
1.073916722089052200e-02
6.741533428430557251e-02
4.890654236078262329e-02
8.059006929397583008e-02
1.610073894262313843e-01
4.497102648019790649e-02
5.109027028083801270e-02
1.657594367861747742e-02
9.459166973829269409e-02
4.547976702451705933e-02
1.606304049491882324e-01
6.737583875656127930e-02
1.288282684981822968e-02
4.014244675636291504e-02
6.480638682842254639e-02
5.366256460547447205e-02
1.310489326715469360e-01
3.381726890802383423e-02
2.253141440451145172e-02
3.244994580745697021e-02
9.696920216083526611e-02
1.606391072273254395e-01
1.503902673721313477e-01
1.399948745965957642e-01
5.081871524453163147e-02
2.117379456758499146e-01
4.561423510313034058e-02
3.127523958683013916e-01
1.280833780765533447e-01
9.166297316551208496e-02
2.110511362552642822e-01
3.957773447036743164e-01
2.695428133010864258e-01
4.983008503913879395e-01
1.126943975687026978e-01
3.671258315443992615e-02
1.276137977838516235e-01
6.954178214073181152e-02
1.370123177766799927e-01
1.090636253356933594e-01
4.157660305500030518e-01
8.369706571102142334e-02
1.376493722200393677e-01
1.726747006177902222e-01
3.435778021812438965e-01
2.515081465244293213e-01
1.325821280479431152e-01
9.803792834281921387e-02
1.443544924259185791e-01
2.572526335716247559e-01
7.036991715431213379e-01
4.475245177745819092e-01
1.890140026807785034e-01
2.250128835439682007e-01
8.856379389762878418e-01
3.721487224102020264e-01
2.091840803623199463e-01
2.272911667823791504e-01
1.708222031593322754e-01
6.095468997955322266e-02
7.083924859762191772e-02
8.303314447402954102e-02
1.472626626491546631e-01
4.204465448856353760e-01
1.951629519462585449e-01
1.951971948146820068e-01
2.371550649404525757e-01
1.634177118539810181e-01
2.867682576179504395e-01
1.977013647556304932e-01
2.330055385828018188e-01
7.863749563694000244e-02
1.459143310785293579e-01
1.877309679985046387e-01
2.470812350511550903e-01
2.060175240039825439e-01
1.785237491130828857e-01
9.682560712099075317e-02
6.959766894578933716e-02
1.514960825443267822e-01
2.418657392263412476e-01
2.118817269802093506e-01
2.277505248785018921e-01
1.247758865356445312e-01
4.310805350542068481e-02
5.352421477437019348e-02
1.803011149168014526e-01
9.179462492465972900e-02
7.388047128915786743e-02
7.875893265008926392e-02
4.693516716361045837e-02
5.051464959979057312e-02
1.270344108343124390e-01
1.203696429729461670e-01
2.073360085487365723e-01
5.003594979643821716e-02
4.667785018682479858e-02
1.272523850202560425e-01
1.154979094862937927e-01
7.973247766494750977e-02
1.442423909902572632e-01
4.656638577580451965e-02
2.449286170303821564e-02
4.631354659795761108e-02
7.386426627635955811e-02
1.418892443180084229e-01
1.171076074242591858e-01
5.366000533103942871e-02
3.053349629044532776e-02
5.235262960195541382e-02
3.951153531670570374e-02
3.303227201104164124e-02
2.222575843334197998e-01
2.959647029638290405e-02
6.685213744640350342e-02
1.541005522012710571e-01
4.702348634600639343e-02
3.102461695671081543e-01
9.120132774114608765e-02
8.663409948348999023e-02
4.182965680956840515e-02
8.521685749292373657e-02
5.635879561305046082e-02
5.510694533586502075e-02
1.795489639043807983e-01
5.241273716092109680e-02
9.791280329227447510e-02
6.688281893730163574e-02
7.014110684394836426e-02
4.862508475780487061e-01
1.752091646194458008e-01
1.491417437791824341e-01
1.303321421146392822e-01
2.235798537731170654e-01
2.626632153987884521e-01
6.497192382812500000e-01
9.235057979822158813e-02
2.087994217872619629e-01
9.789399802684783936e-02
1.254165023565292358e-01
2.123384326696395874e-01
2.647194266319274902e-01
9.097641706466674805e-02
3.692807257175445557e-02
3.256975859403610229e-02
1.770086400210857391e-02
7.971478998661041260e-02
6.768560409545898438e-02
4.314845055341720581e-02
8.007813990116119385e-02
1.774012297391891479e-02
3.402720019221305847e-02
2.351237647235393524e-02
1.557691022753715515e-02
8.507401496171951294e-02
3.002356924116611481e-02
2.672961913049221039e-02
1.254198979586362839e-02
3.175870701670646667e-02
5.171671137213706970e-02
1.422335207462310791e-01
1.871436089277267456e-02
3.219107398763298988e-03
3.646462410688400269e-02
3.103729151189327240e-02
5.009569227695465088e-02
6.884151697158813477e-02
4.318436607718467712e-02
1.162325404584407806e-02
9.892610833048820496e-03
1.237065065652132034e-02
1.683406531810760498e-02
8.190468698740005493e-02
4.300725832581520081e-02
1.340279635041952133e-02
9.526642970740795135e-03
1.007687859237194061e-02
8.283144235610961914e-02
6.518561393022537231e-02
1.119349226355552673e-01
2.662586607038974762e-02
1.509952638298273087e-02
1.511175837367773056e-02
3.484600409865379333e-02
1.111540645360946655e-01
2.048014476895332336e-02
3.535446897149085999e-02
5.540111288428306580e-02
5.361981689929962158e-02
1.137571111321449280e-01
1.414236426353454590e-01
3.351343795657157898e-02
5.702569335699081421e-02
1.694370955228805542e-01
1.331704556941986084e-01
4.998233914375305176e-02
6.967996060848236084e-02
3.314626589417457581e-02
3.211754187941551208e-02
3.084330819547176361e-02
1.400490701198577881e-01
1.168393790721893311e-01
4.763736948370933533e-02
2.485689148306846619e-02
1.730800233781337738e-02
1.760749332606792450e-02
5.222698673605918884e-02
1.986000314354896545e-02
3.579400107264518738e-02
4.973656311631202698e-02
1.450830511748790741e-02
6.687542889267206192e-03
1.733026094734668732e-02
3.929381072521209717e-02
1.129211559891700745e-01
8.208123594522476196e-02
3.120191954076290131e-02
1.148689016699790955e-01
4.464149102568626404e-02
5.192492157220840454e-02
6.759241223335266113e-02
6.562474370002746582e-02
5.820352956652641296e-02
2.193703688681125641e-02
1.731186360120773315e-02
3.967451676726341248e-02
5.744023248553276062e-02
2.194035984575748444e-02
1.395352836698293686e-02
1.322918292135000229e-02
1.030862051993608475e-02
5.184275656938552856e-02
7.802607864141464233e-02
2.533329837024211884e-02
1.995077170431613922e-02
2.689873799681663513e-02
1.320753246545791626e-01
9.948944300413131714e-02
2.096885442733764648e-01
2.301609143614768982e-02
4.808624833822250366e-02
3.755369782447814941e-02
1.275324076414108276e-01
3.455594480037689209e-01
5.133863165974617004e-02
1.426190286874771118e-01
9.210328757762908936e-02
1.723013818264007568e-01
1.380520015954971313e-01
1.930281668901443481e-01
7.641319185495376587e-02
2.144053392112255096e-02
3.954208269715309143e-02
3.998843953013420105e-02
1.557805538177490234e-01
2.712843120098114014e-01
7.418243587017059326e-02
1.903002895414829254e-02
2.314001880586147308e-02
5.627743527293205261e-02
1.298433989286422729e-01
1.721581965684890747e-01
1.430353820323944092e-01
1.018138602375984192e-01
1.040636375546455383e-01
7.661252468824386597e-02
3.053027987480163574e-01
3.049730062484741211e-01
7.128243148326873779e-02
3.212590888142585754e-02
1.938975974917411804e-02
8.912155777215957642e-02
5.505668371915817261e-02
1.073917150497436523e-01
5.605330690741539001e-02
3.203076869249343872e-02
3.285159170627593994e-02
8.903156965970993042e-03
7.664468884468078613e-02
1.221232116222381592e-02
1.648244261741638184e-01
1.117172092199325562e-02
1.935759373009204865e-02
3.457771614193916321e-02
5.862407758831977844e-02
1.410431116819381714e-01
6.312759220600128174e-02
7.878313213586807251e-02
4.252254590392112732e-02
1.270871888846158981e-02
2.329228073358535767e-01
5.289943143725395203e-02
1.198124140501022339e-01
4.270146414637565613e-02
1.365647464990615845e-01
1.930767148733139038e-01
3.245902955532073975e-01
4.661336541175842285e-02
6.253289431333541870e-02
5.457609891891479492e-02
1.826095022261142731e-02
6.672307103872299194e-02
1.471826732158660889e-01
8.523910492658615112e-02
1.029618009924888611e-01
7.683520205318927765e-03
1.984751783311367035e-02
1.268472373485565186e-01
1.023566201329231262e-01
3.779524862766265869e-01
1.285774111747741699e-01
3.572987318038940430e-01
1.748740524053573608e-01
3.244963884353637695e-01
2.532830834388732910e-01
3.653174638748168945e-01
7.654319703578948975e-02
5.205557867884635925e-02
8.501204848289489746e-02
5.912247300148010254e-02
3.193067908287048340e-01
2.376399338245391846e-01
1.903586834669113159e-01
5.596484616398811340e-02
3.636374175548553467e-01
1.207414492964744568e-01
4.493574798107147217e-01
4.457470774650573730e-01
7.312642037868499756e-02
2.154382765293121338e-01
5.892912745475769043e-01
5.108595490455627441e-01
6.985675096511840820e-01
9.254997968673706055e-01
1.901943087577819824e-01
6.286910176277160645e-02
9.174708276987075806e-02
1.743159294128417969e-01
2.688680887222290039e-01
2.684515714645385742e-01
5.410897135734558105e-01
8.227782696485519409e-02
1.749224811792373657e-01
2.921108603477478027e-01
7.325558662414550781e-01
1.476381182670593262e+00
3.002146482467651367e-01
7.802760601043701172e-01
6.157037019729614258e-01
6.770696640014648438e-01
8.947077989578247070e-01
9.980188012123107910e-01
9.757158905267715454e-02
1.023925691843032837e-01
6.944554299116134644e-02
1.441989541053771973e-01
1.860644668340682983e-01
1.937431395053863525e-01
1.037397012114524841e-01
4.098408669233322144e-02
5.824077501893043518e-02
1.512895617634057999e-02
6.165550649166107178e-02
5.306618660688400269e-02
7.845534384250640869e-02
1.632307842373847961e-02
1.072120945900678635e-02
7.735932245850563049e-03
4.197135567665100098e-02
6.411610543727874756e-02
1.495604813098907471e-01
1.834916509687900543e-02
2.019821852445602417e-02
2.198411710560321808e-02
1.530754659324884415e-02
1.244454905390739441e-01
5.378719791769981384e-02
1.225488912314176559e-02
3.314189612865447998e-03
2.391857653856277466e-02
4.475370049476623535e-03
1.097389962524175644e-02
7.313501834869384766e-02
1.214119419455528259e-01
6.364397238940000534e-03
7.623843848705291748e-03
1.247881539165973663e-02
1.151104643940925598e-02
3.914390876889228821e-02
2.516748569905757904e-02
7.455752696841955185e-03
1.636945270001888275e-02
9.671174921095371246e-03
2.590349689126014709e-02
3.529281541705131531e-02
2.495093084871768951e-02
9.872916154563426971e-03
8.058695122599601746e-03
1.573282666504383087e-02
9.552365168929100037e-03
8.399617671966552734e-02
3.128971531987190247e-02
1.497180107980966568e-02
4.116367921233177185e-02
6.282395869493484497e-02
3.191429078578948975e-01
1.895826607942581177e-01
1.127984002232551575e-01
1.226853579282760620e-01
1.372448951005935669e-01
5.885985866189002991e-02
1.879049539566040039e-01
8.210252970457077026e-02
1.585010625422000885e-02
1.707915775477886200e-02
3.033195808529853821e-02
1.452172640711069107e-02
4.023680090904235840e-02
3.319988399744033813e-02
1.277942862361669540e-02
9.809703566133975983e-03
1.666832156479358673e-02
1.069240551441907883e-02
7.722087670117616653e-03
8.389537036418914795e-02
1.070496812462806702e-02
1.316998153924942017e-02
4.742800816893577576e-02
2.025197632610797882e-02
5.254552699625492096e-03
8.142079412937164307e-02
5.763348937034606934e-02
2.477885931730270386e-01
1.845845021307468414e-02
1.196926832199096680e-01
9.898284077644348145e-02
3.635992854833602905e-02
2.454441227018833160e-02
4.690686985850334167e-02
2.459906041622161865e-02
1.191447116434574127e-02
1.523245126008987427e-01
5.037195608019828796e-02
6.544578820466995239e-03
7.218919694423675537e-02
9.367255493998527527e-03
2.254671975970268250e-02
1.255988180637359619e-01
1.555115580558776855e-01
1.010647322982549667e-02
8.123619109392166138e-02
8.413435518741607666e-02
9.020894020795822144e-02
1.893623769283294678e-01
1.044158637523651123e-01
1.082723438739776611e-01
1.451244354248046875e-01
1.329447925090789795e-01
2.004605233669281006e-01
5.205305293202400208e-02
1.639804542064666748e-01
2.959377691149711609e-02
1.214198209345340729e-02
4.781598597764968872e-02
1.518887281417846680e-01
4.678457602858543396e-02
5.439854785799980164e-02
2.007428929209709167e-02
1.164795830845832825e-02
2.488849125802516937e-02
5.663387849926948547e-02
3.987884148955345154e-02
6.250697374343872070e-02
2.026780880987644196e-02
4.738906398415565491e-03
2.652846276760101318e-03
5.436401348561048508e-03
1.069040596485137939e-02
6.734425574541091919e-02
7.238090969622135162e-03
1.559551712125539780e-02
1.335372589528560638e-02
7.880317047238349915e-03
9.020647965371608734e-03
1.423525530844926834e-02
3.702803514897823334e-03
3.668822720646858215e-02
4.287536069750785828e-02
2.171016670763492584e-02
1.206933408975601196e-01
9.365655481815338135e-02
1.413937937468290329e-02
1.246327813714742661e-02
4.184265434741973877e-02
3.062668442726135254e-02
3.863855823874473572e-02
2.058306336402893066e-01
5.619578063488006592e-02
9.157967567443847656e-02
3.976188972592353821e-02
5.734922289848327637e-01
3.598501205444335938e+00
4.252983033657073975e-01
2.705261230468750000e+00
1.660590648651123047e+00
4.103170871734619141e+00
2.018137454986572266e+00
2.419926404953002930e+00
2.510714054107666016e+00
2.363970994949340820e+00
1.757341265678405762e+00
1.838333368301391602e+00
1.540108799934387207e+00
2.019573688507080078e+00
4.452133774757385254e-01
1.565344035625457764e-01
1.020264178514480591e-01
1.555518358945846558e-01
1.739749014377593994e-01
2.837417423725128174e-01
1.716137290000915527e+00
1.086600065231323242e+00
1.044320106506347656e+00
7.875295281410217285e-01
6.978151798248291016e-01
6.776111125946044922e-01
7.697001695632934570e-01
1.964617669582366943e-01
1.765658855438232422e-01
2.736991047859191895e-01
1.889884322881698608e-01
4.746474921703338623e-01
1.725059151649475098e-01
2.053066790103912354e-01
1.418902575969696045e-01
1.370524019002914429e-01
1.221692189574241638e-01
1.340100020170211792e-01
9.770768135786056519e-02
8.370174467563629150e-02
1.421842426061630249e-01
2.707897424697875977e-01
2.806079089641571045e-01
1.315968632698059082e-01
9.466189146041870117e-02
5.973589047789573669e-02
6.186493113636970520e-02
5.580446496605873108e-02
9.719720482826232910e-02
3.049610555171966553e-01
1.954817473888397217e-01
8.224154263734817505e-02
1.684299111366271973e-01
3.065032660961151123e-01
1.890660375356674194e-01
2.584934830665588379e-01
7.711456716060638428e-02
1.120405048131942749e-01
1.107253283262252808e-01
1.315661221742630005e-01
3.661903142929077148e-01
3.826253116130828857e-01
6.328611075878143311e-02
8.692048490047454834e-02
4.254837334156036377e-01
2.217816859483718872e-01
2.999283075332641602e-01
2.268248498439788818e-01
1.105768382549285889e-01
1.266810595989227295e-01
6.875991076231002808e-02
5.746935680508613586e-02
4.455975070595741272e-02
1.040263697504997253e-01
9.009470790624618530e-02
2.459914050996303558e-02
4.683917015790939331e-02
3.088633716106414795e-02
3.156991675496101379e-02
5.380626022815704346e-02
8.921393752098083496e-02
2.541157789528369904e-02
1.537908427417278290e-02
1.220683101564645767e-02
1.722390763461589813e-02
7.293111644685268402e-03
9.453029930591583252e-02
6.114117428660392761e-02
1.704932563006877899e-02
1.722730137407779694e-02
1.089395396411418915e-02
2.892229147255420685e-02
5.267545953392982483e-02
3.651643544435501099e-02
1.028307806700468063e-02
1.011602766811847687e-02
4.962231963872909546e-03
8.757250383496284485e-03
5.364659428596496582e-02
6.123565137386322021e-02
1.854568533599376678e-02
3.700943291187286377e-02
1.747965998947620392e-02
6.367195863276720047e-03
8.821203559637069702e-02
1.967370323836803436e-02
1.515051349997520447e-02
1.421086490154266357e-02
5.026119761168956757e-03
3.538648411631584167e-02
3.756615146994590759e-02
1.714349351823329926e-02
1.103243883699178696e-02
6.192630622535943985e-03
1.639940589666366577e-02
9.958522394299507141e-03
1.557621508836746216e-01
1.394076924771070480e-02
1.085837557911872864e-02
2.182599343359470367e-02
3.600873053073883057e-02
1.195769943296909332e-02
5.777054280042648315e-02
6.779407709836959839e-02
7.566924672573804855e-03
2.279047667980194092e-02
8.174108341336250305e-03
3.919834271073341370e-02
2.227416262030601501e-02
2.497402019798755646e-02
1.221762970089912415e-02
1.824019849300384521e-02
5.254021380096673965e-03
8.363047614693641663e-03
5.265185981988906860e-02
2.077668718993663788e-02
9.802707470953464508e-03
5.826700944453477859e-03
1.826932840049266815e-02
7.710677105933427811e-03
5.278975144028663635e-02
1.261699944734573364e-02
4.519428126513957977e-03
8.634984493255615234e-03
1.205514371395111084e-02
1.481837779283523560e-02
3.862487897276878357e-02
8.879992179572582245e-03
3.086908254772424698e-03
1.539267413318157196e-02
1.124308910220861435e-02
1.998547650873661041e-02
6.416865438222885132e-02
1.130834314972162247e-02
1.223538536578416824e-02
4.698999226093292236e-03
5.919732153415679932e-03
8.298339322209358215e-03
2.186036668717861176e-02
3.024688176810741425e-02
1.375143043696880341e-02
7.278217934072017670e-03
1.227029506117105484e-02
6.981992628425359726e-03
1.110107079148292542e-01
1.557399984449148178e-02
1.769179292023181915e-02
1.584221608936786652e-02
9.403751045465469360e-02
2.896447852253913879e-02
3.653792291879653931e-02
6.539619527757167816e-03
4.991537891328334808e-03
1.725989207625389099e-02
3.572897240519523621e-02
5.144851654767990112e-02
1.743245497345924377e-02
9.974461793899536133e-02
5.330684781074523926e-02
8.482711017131805420e-02
6.167101487517356873e-02
4.858762025833129883e-02
3.000359050929546356e-02
1.893321424722671509e-02
1.090002618730068207e-02
1.472132280468940735e-02
5.676679685711860657e-02
3.308670222759246826e-02
3.623458370566368103e-02
1.131048891693353653e-02
1.091865263879299164e-02
9.243551641702651978e-03
3.980822488665580750e-02
4.451288655400276184e-02
4.412776604294776917e-02
5.848363973200321198e-03
2.263918332755565643e-02
1.050555426627397537e-02
2.339736558496952057e-02
3.881208226084709167e-02
8.230998367071151733e-02
3.844027873128652573e-03
1.425244007259607315e-02
3.421993926167488098e-02
1.968490146100521088e-02
8.774670772254467010e-03
3.100751340389251709e-02
1.125203818082809448e-02
8.206133730709552765e-03
8.418507874011993408e-03
6.492072716355323792e-03
7.271115668118000031e-03
3.756197914481163025e-02
9.132207371294498444e-03
1.250542141497135162e-02
1.254957355558872223e-02
7.993997074663639069e-03
2.481926605105400085e-02
8.874288946390151978e-02
1.730115711688995361e-02
3.201057016849517822e-02
5.581597331911325455e-03
5.109693855047225952e-02
1.112715527415275574e-01
6.232072785496711731e-02
4.201489035040140152e-03
2.774454839527606964e-02
1.056684739887714386e-02
8.892779052257537842e-02
2.187155932188034058e-01
6.730332225561141968e-02
1.084562987089157104e-01
2.139620482921600342e-01
1.636583060026168823e-01
2.142897099256515503e-01
1.658237129449844360e-01
5.554085224866867065e-02
1.231060735881328583e-02
2.246560156345367432e-02
4.234011098742485046e-02
1.345739811658859253e-01
2.343019694089889526e-01
7.102206349372863770e-02
9.208064526319503784e-02
1.993786171078681946e-02
1.223152056336402893e-01
1.362609714269638062e-01
2.236647009849548340e-01
7.166454195976257324e-02
3.551983833312988281e-02
9.930037707090377808e-02
7.904566824436187744e-02
1.330267190933227539e-01
2.248941212892532349e-01
5.652713403105735779e-02
2.753561362624168396e-02
7.340363413095474243e-02
2.688402682542800903e-02
7.469262927770614624e-02
1.471135467290878296e-01
4.107082262635231018e-02
1.835218630731105804e-02
3.072078339755535126e-02
9.335108846426010132e-02
4.215334728360176086e-02
2.051538228988647461e-01
1.396400481462478638e-01
3.727966174483299255e-02
3.569973632693290710e-02
8.576209098100662231e-02
8.510828018188476562e-02
1.044689044356346130e-01
4.256035014986991882e-02
1.348144933581352234e-02
3.547654487192630768e-03
5.203818157315254211e-02
2.003573477268218994e-01
4.606828466057777405e-02
1.662737689912319183e-02
7.910287380218505859e-02
1.799369901418685913e-01
1.929906606674194336e-01
1.930722445249557495e-01
2.885353267192840576e-01
5.778940021991729736e-02
3.859578073024749756e-02
1.234736293554306030e-01
9.673413634300231934e-02
3.729195594787597656e-01
6.544990092515945435e-02
4.848013818264007568e-02
1.867917552590370178e-02
3.134574741125106812e-02
2.509269304573535919e-02
2.416131459176540375e-02
7.134864479303359985e-02
3.920761495828628540e-02
2.287709712982177734e-02
2.649419382214546204e-02
1.506534405052661896e-02
4.396863747388124466e-03
1.450309529900550842e-02
6.320557743310928345e-02
1.866164430975914001e-02
4.758752137422561646e-02
7.117652799934148788e-03
1.503461878746747971e-02
7.932597771286964417e-03
