6.935032844543457031e+00
6.032602787017822266e+00
4.805476665496826172e+00
3.542476654052734375e+00
2.457878351211547852e+00
2.341542243957519531e+00
1.757251024246215820e+00
1.511371970176696777e+00
1.280477285385131836e+00
1.245612621307373047e+00
1.251368880271911621e+00
1.321554780006408691e+00
1.231975197792053223e+00
9.126171469688415527e-01
1.059467792510986328e+00
9.639171361923217773e-01
8.257095217704772949e-01
9.272670745849609375e-01
7.915094494819641113e-01
7.361944913864135742e-01
1.105475068092346191e+00
5.758792757987976074e-01
6.482588648796081543e-01
8.011729717254638672e-01
4.986467361450195312e-01
6.149352192878723145e-01
7.522541284561157227e-01
4.618729352951049805e-01
4.085029959678649902e-01
4.343998134136199951e-01
3.405264317989349365e-01
4.207947552204132080e-01
4.052458107471466064e-01
2.370340079069137573e-01
3.295677006244659424e-01
4.101756215095520020e-01
3.393425643444061279e-01
1.695808321237564087e-01
3.946757018566131592e-01
2.191382050514221191e-01
2.629195153713226318e-01
3.800511658191680908e-01
2.162833660840988159e-01
3.381229341030120850e-01
4.988262057304382324e-01
2.015263736248016357e-01
3.605390489101409912e-01
1.405025273561477661e-01
2.344020158052444458e-01
2.601616978645324707e-01
1.543176025152206421e-01
1.196016222238540649e-01
2.097056806087493896e-01
1.323875784873962402e-01
7.393085211515426636e-02
7.618615031242370605e-02
1.156778633594512939e-01
7.367189228534698486e-02
8.611323684453964233e-02
1.050595268607139587e-01
3.672574087977409363e-02
3.226586803793907166e-02
2.947925031185150146e-01
5.017346888780593872e-02
3.488793373107910156e-01
1.902938336133956909e-01
5.783885344862937927e-02
1.130747646093368530e-01
5.492155551910400391e-01
2.295043021440505981e-01
2.064165920019149780e-01
3.390862345695495605e-01
7.559682428836822510e-02
2.695483565330505371e-01
5.640299916267395020e-01
1.138855516910552979e-01
1.421891301870346069e-01
2.041036486625671387e-01
7.955432683229446411e-02
2.338867783546447754e-01
2.827985286712646484e-01
8.681748062372207642e-02
9.067015349864959717e-02
2.223637998104095459e-01
9.336940199136734009e-02
5.801627039909362793e-02
1.983033120632171631e-01
9.302282333374023438e-02
2.156567275524139404e-01
1.221699789166450500e-01
3.888211026787757874e-02
1.043646857142448425e-01
4.532575309276580811e-01
1.155654042959213257e-01
1.699681729078292847e-01
3.106538355350494385e-01
1.079488396644592285e-01
1.283044815063476562e-01
3.081387095153331757e-02
1.292562037706375122e-01
1.515535861253738403e-01
1.415671110153198242e-01
2.378292568027973175e-02
1.114919334650039673e-01
1.159448623657226562e-01
7.392816990613937378e-02
8.763727545738220215e-02
3.347599804401397705e-01
2.239946275949478149e-02
9.160174429416656494e-02
1.538819074630737305e-02
5.512252077460289001e-02
5.709090456366539001e-02
6.212035194039344788e-02
2.360872551798820496e-02
4.175841435790061951e-02
1.995992846786975861e-02
4.009357094764709473e-02
2.198605611920356750e-02
1.090525165200233459e-01
8.556129410862922668e-03
8.208740502595901489e-03
1.295510679483413696e-01
8.356757462024688721e-03
1.154909376055002213e-02
2.002685666084289551e-01
2.484319545328617096e-02
5.013681948184967041e-02
6.543194502592086792e-02
4.537616670131683350e-02
5.750459060072898865e-02
9.353570640087127686e-02
1.851622387766838074e-02
9.207868017256259918e-03
6.860563904047012329e-02
1.092993840575218201e-02
1.559982821345329285e-02
1.048117224127054214e-02
1.489223912358283997e-02
8.440518751740455627e-03
7.346779853105545044e-02
2.390475757420063019e-02
4.568933695554733276e-02
1.302727777510881424e-02
7.705663796514272690e-03
1.162268314510583878e-02
3.181230276823043823e-02
1.105112954974174500e-02
1.893863081932067871e-02
8.735910803079605103e-02
9.568404406309127808e-03
1.124620139598846436e-01
1.045922785997390747e-01
7.663991767913103104e-03
1.631788909435272217e-01
2.878987602889537811e-02
1.514704078435897827e-01
1.219099685549736023e-01
1.768855452537536621e-01
3.349281102418899536e-02
3.849302232265472412e-02
1.384668201208114624e-01
2.485310845077037811e-02
1.201825737953186035e-01
2.957501113414764404e-01
6.577359139919281006e-02
2.412540093064308167e-02
3.258651494979858398e-01
5.871308222413063049e-02
1.216916963458061218e-01
5.307250097393989563e-02
1.523025929927825928e-01
2.389472275972366333e-01
1.892844140529632568e-01
1.404387354850769043e-01
8.539485931396484375e-02
1.960797309875488281e-01
2.833939716219902039e-02
6.290832906961441040e-02
1.952171325683593750e-01
3.094070404767990112e-02
6.581660360097885132e-02
2.921738624572753906e-01
6.815636903047561646e-02
4.263253509998321533e-02
2.344205230474472046e-01
6.434212625026702881e-02
1.081954315304756165e-01
2.145916074514389038e-01
4.601931571960449219e-02
1.638210266828536987e-01
4.223599657416343689e-02
8.085119724273681641e-02
4.351644963026046753e-02
2.184509336948394775e-01
1.823125407099723816e-02
4.813469946384429932e-02
1.607072800397872925e-01
5.443878099322319031e-02
7.227895408868789673e-02
6.489630043506622314e-02
4.468931630253791809e-02
3.307668492197990417e-02
1.130866110324859619e-01
1.475696358829736710e-02
3.070144169032573700e-02
6.605864316225051880e-02
1.300170086324214935e-02
2.579338476061820984e-02
1.216974575072526932e-02
3.467352688312530518e-02
4.682572558522224426e-02
3.867796808481216431e-02
1.560723036527633667e-02
1.029697991907596588e-02
2.393444254994392395e-02
1.468476932495832443e-02
7.113697938621044159e-03
2.834379114210605621e-02
5.124025978147983551e-03
3.931706305593252182e-03
1.435008924454450607e-02
3.038300666958093643e-03
2.784492215141654015e-03
3.189435461536049843e-03
8.422075770795345306e-03
4.047323483973741531e-03
8.306466974318027496e-03
1.866531907580792904e-03
3.522432409226894379e-03
2.477949019521474838e-03
4.365422297269105911e-03
2.431057393550872803e-03
6.030262634158134460e-02
1.674733939580619335e-03
1.663765055127441883e-03
5.404952913522720337e-02
1.344388257712125778e-02
6.626682355999946594e-03
3.271434456110000610e-03
4.076032899320125580e-03
7.429897785186767578e-02
4.521964583545923233e-03
2.031788602471351624e-02
6.928565353155136108e-02
8.388768881559371948e-03
1.223349594511091709e-03
1.648218487389385700e-03
3.867805236950516701e-03
3.850728739053010941e-03
2.076562494039535522e-03
5.930209066718816757e-03
1.303628552705049515e-03
3.704850794747471809e-03
3.980864305049180984e-03
2.113622380420565605e-03
5.466110538691282272e-03
2.823608368635177612e-02
1.764291897416114807e-03
1.189252128824591637e-03
1.480085495859384537e-02
2.022913657128810883e-03
1.599578186869621277e-03
2.292848192155361176e-03
9.194097947329282761e-04
1.710258424282073975e-03
7.877583266235888004e-04
6.749775726348161697e-03
2.105394843965768814e-03
1.938603702001273632e-03
1.242123544216156006e-03
2.845772076398134232e-03
8.140165358781814575e-03
5.388154648244380951e-03
1.499681617133319378e-03
9.436906315386295319e-03
4.967196844518184662e-03
7.721805013716220856e-04
4.640728235244750977e-02
9.099044254980981350e-04
1.278134761378169060e-03
1.412232872098684311e-02
7.615995709784328938e-04
7.398926187306642532e-03
5.151748191565275192e-03
8.127462933771312237e-04
1.157672726549208164e-03
3.734436817467212677e-03
1.543394639156758785e-03
2.549491124227643013e-03
1.425957772880792618e-03
1.087640761397778988e-03
6.670764647424221039e-03
2.794315339997410774e-03
1.841848134063184261e-03
3.410533536225557327e-03
2.169897546991705894e-03
5.135080427862703800e-04
7.401999901048839092e-04
4.066788824275135994e-04
