2.219181299209594727e+00
2.023321390151977539e+00
1.725176334381103516e+00
1.392981290817260742e+00
1.303861498832702637e+00
1.075240969657897949e+00
9.794277548789978027e-01
8.198946118354797363e-01
7.402645349502563477e-01
6.721106171607971191e-01
6.554724574089050293e-01
6.513658761978149414e-01
7.317145466804504395e-01
7.882989048957824707e-01
5.581789016723632812e-01
5.746557712554931641e-01
5.991134047508239746e-01
5.221238136291503906e-01
3.734217882156372070e-01
4.125682115554809570e-01
3.893809914588928223e-01
4.723011851310729980e-01
3.314384520053863525e-01
3.516471982002258301e-01
2.579863071441650391e-01
3.918949961662292480e-01
3.498265147209167480e-01
3.524891138076782227e-01
3.074447214603424072e-01
2.585987150669097900e-01
3.540715575218200684e-01
3.288686573505401611e-01
3.165336251258850098e-01
2.800167798995971680e-01
3.142585158348083496e-01
2.930490672588348389e-01
1.883403062820434570e-01
2.477389574050903320e-01
2.473372668027877808e-01
2.627478241920471191e-01
1.426939517259597778e-01
3.115995824337005615e-01
2.449462711811065674e-01
1.629364192485809326e-01
3.102267980575561523e-01
1.470162272453308105e-01
9.756685793399810791e-02
1.985247135162353516e-01
1.765805035829544067e-01
1.261063665151596069e-01
1.283563375473022461e-01
1.251622587442398071e-01
2.033358365297317505e-01
1.315622031688690186e-01
1.560438871383666992e-01
1.496621966361999512e-01
1.927957832813262939e-01
1.258980780839920044e-01
1.425940543413162231e-01
1.496050357818603516e-01
1.849195063114166260e-01
1.247481107711791992e-01
1.544663757085800171e-01
1.315371990203857422e-01
1.398852169513702393e-01
1.448093503713607788e-01
5.867147073149681091e-02
1.161103919148445129e-01
1.233325600624084473e-01
1.412489563226699829e-01
1.275339424610137939e-01
6.343891471624374390e-02
1.169149950146675110e-01
1.514937579631805420e-01
8.776970207691192627e-02
6.693232804536819458e-02
1.619109958410263062e-01
1.315938830375671387e-01
6.972654163837432861e-02
7.586378604173660278e-02
1.207529827952384949e-01
1.328971832990646362e-01
9.548122435808181763e-02
9.187477082014083862e-02
3.794113546609878540e-02
1.119446158409118652e-01
4.639638587832450867e-02
6.016527488827705383e-02
9.205996990203857422e-02
8.324314653873443604e-02
6.094650179147720337e-02
3.962967544794082642e-02
8.539567142724990845e-02
1.006386280059814453e-01
9.282688051462173462e-02
1.139988005161285400e-01
6.749323010444641113e-02
1.103981509804725647e-01
4.045415297150611877e-02
6.496874243021011353e-02
5.264229699969291687e-02
9.810360521078109741e-02
1.157611683011054993e-01
5.102411657571792603e-02
3.961076214909553528e-02
6.215167790651321411e-02
6.287393718957901001e-02
6.713227182626724243e-02
3.504676744341850281e-02
4.304426535964012146e-02
8.324975520372390747e-02
3.780118376016616821e-02
4.329243674874305725e-02
1.628765091300010681e-02
6.680232286453247070e-02
9.113426506519317627e-02
7.590803503990173340e-02
3.376292809844017029e-02
3.739771246910095215e-02
5.431173369288444519e-02
5.198426544666290283e-02
8.567934483289718628e-02
4.485121369361877441e-02
3.018161095678806305e-02
3.333218023180961609e-02
5.579444393515586853e-02
2.767226099967956543e-02
4.647077992558479309e-02
5.161143466830253601e-02
1.120835766196250916e-01
4.331035166978836060e-02
4.158465936779975891e-02
4.801638424396514893e-02
6.191794574260711670e-02
4.129209741950035095e-02
2.083275280892848969e-02
5.967412889003753662e-02
3.432596102356910706e-02
5.355329066514968872e-02
2.409933134913444519e-02
9.542340040206909180e-02
2.780799940228462219e-02
2.875573933124542236e-02
7.080382108688354492e-02
5.354256182909011841e-02
4.540441557765007019e-02
3.175403177738189697e-02
3.147686272859573364e-02
5.789641290903091431e-02
4.486672207713127136e-02
4.391162097454071045e-02
2.614319883286952972e-02
6.654687225818634033e-02
1.771369203925132751e-02
3.685532137751579285e-02
2.892504818737506866e-02
4.795930907130241394e-02
3.529356047511100769e-02
4.078811034560203552e-02
4.361213371157646179e-02
6.012576445937156677e-02
4.171427711844444275e-02
3.577417880296707153e-02
6.517793238162994385e-02
7.167772203683853149e-02
2.272162958979606628e-02
4.224249348044395447e-02
2.709391526877880096e-02
5.478131771087646484e-02
7.640997320413589478e-02
1.003062054514884949e-01
3.255898505449295044e-02
2.810107544064521790e-02
4.673561453819274902e-02
7.255501300096511841e-02
2.664834819734096527e-02
2.605552971363067627e-02
9.914748370647430420e-02
7.741985470056533813e-02
2.816066890954971313e-02
3.905777260661125183e-02
4.739134386181831360e-02
7.269114255905151367e-02
3.960800543427467346e-02
7.415569573640823364e-02
2.704419940710067749e-02
2.422782592475414276e-02
2.153603546321392059e-02
2.964684553444385529e-02
2.314909920096397400e-02
3.297473490238189697e-02
5.316692963242530823e-02
3.233988210558891296e-02
8.906411379575729370e-02
2.034980803728103638e-02
5.401329323649406433e-02
9.488986432552337646e-02
2.099103108048439026e-02
3.301933407783508301e-02
5.381786450743675232e-02
3.308798745274543762e-02
2.896193601191043854e-02
6.533112376928329468e-02
8.407631516456604004e-02
4.024408012628555298e-02
1.437890063971281052e-02
1.713497564196586609e-02
1.386949140578508377e-02
1.400547195225954056e-02
2.840611152350902557e-02
1.814337633550167084e-02
4.657590389251708984e-02
3.627093508839607239e-02
7.018656935542821884e-03
3.326274082064628601e-02
3.033968992531299591e-02
2.978391014039516449e-02
5.494194105267524719e-02
3.950690850615501404e-02
3.885787725448608398e-02
2.027077414095401764e-02
5.906268488615751266e-03
2.963681146502494812e-02
2.634485438466072083e-02
4.187811538577079773e-02
1.816854439675807953e-02
1.526580099016427994e-02
2.088101580739021301e-02
1.288087666034698486e-02
7.733505219221115112e-02
2.133888937532901764e-02
1.637325249612331390e-02
3.895480185747146606e-02
2.277316898107528687e-02
2.267140522599220276e-02
2.361017093062400818e-02
1.280444860458374023e-02
2.244584448635578156e-02
2.570116147398948669e-02
1.504378020763397217e-02
1.599250733852386475e-02
2.563129737973213196e-02
1.098618656396865845e-02
3.150944411754608154e-02
9.952834807336330414e-03
1.488167978823184967e-02
3.735132515430450439e-02
6.213127169758081436e-03
5.488537251949310303e-02
1.657122559845447540e-02
2.042269334197044373e-02
1.335953827947378159e-02
2.720978483557701111e-02
9.319657459855079651e-03
1.407472509890794754e-02
1.480923406779766083e-02
2.640642784535884857e-02
5.303034558892250061e-02
1.239255722612142563e-02
2.355063892900943756e-02
5.469049327075481415e-03
4.232310689985752106e-03
1.246024854481220245e-02
3.318542987108230591e-02
3.330973535776138306e-02
7.248451933264732361e-03
1.420136447995901108e-02
5.316926632076501846e-03
1.064243540167808533e-02
8.458493277430534363e-03
8.937537670135498047e-03
3.091903775930404663e-02
1.569670252501964569e-02
6.363251712173223495e-03
7.706813979893922806e-03
8.461713790893554688e-03
2.726341225206851959e-02
4.644897952675819397e-02
1.558054517954587936e-02
3.983147442340850830e-03
1.336683053523302078e-02
1.155610289424657822e-02
8.684365078806877136e-03
6.594655569642782211e-03
2.842540852725505829e-03
4.185986891388893127e-02
1.206190418452024460e-02
7.003299891948699951e-03
5.042754486203193665e-02
1.306215208023786545e-02
1.343128271400928497e-02
1.525548659265041351e-02
4.096681252121925354e-03
1.203543972223997116e-02
7.207499351352453232e-03
3.216358646750450134e-02
6.583354435861110687e-03
3.072619624435901642e-02
1.571675203740596771e-02
7.959826849400997162e-03
1.100550312548875809e-02
2.610346674919128418e-02
2.608505263924598694e-02
6.071654614061117172e-03
1.292818412184715271e-02
1.729835756123065948e-02
1.253852993249893188e-02
5.003680475056171417e-03
1.190649997442960739e-02
7.619610987603664398e-03
8.323767222464084625e-03
7.884981110692024231e-03
7.928440347313880920e-03
4.648930393159389496e-03
3.196870442479848862e-03
5.105385556817054749e-03
2.378845773637294769e-02
5.558605305850505829e-03
6.696355994790792465e-03
3.335920162498950958e-03
4.083449486643075943e-03
1.310610119253396988e-02
1.866909489035606384e-02
5.127985961735248566e-03
8.029751479625701904e-03
3.762650769203901291e-03
9.292587637901306152e-03
1.769701018929481506e-02
3.729240037500858307e-03
3.706660354509949684e-03
5.437769927084445953e-03
1.001278776675462723e-02
3.163719549775123596e-03
2.431735163554549217e-03
5.730744916945695877e-03
5.294451490044593811e-03
1.135958358645439148e-02
2.892940770834684372e-03
2.626256784424185753e-03
5.249575711786746979e-03
9.069215506315231323e-03
5.853618495166301727e-03
1.086546014994382858e-02
4.360368102788925171e-02
5.832048598676919937e-03
3.241452155634760857e-03
7.142892573028802872e-03
1.226260326802730560e-02
4.095851443707942963e-03
2.583335153758525848e-03
1.226503867655992508e-02
1.951239258050918579e-02
2.398733515292406082e-03
4.441135004162788391e-02
2.273855544626712799e-02
3.407583106309175491e-03
6.284169387072324753e-03
8.129498921334743500e-03
6.700911093503236771e-03
5.328818690031766891e-03
4.563527181744575500e-03
1.963072083890438080e-02
6.467457395046949387e-03
4.919535946100950241e-03
7.492855656892061234e-03
3.561573335900902748e-03
2.283313311636447906e-03
4.368683323264122009e-03
5.365544464439153671e-03
2.127446047961711884e-02
4.323385655879974365e-03
3.920033574104309082e-03
6.787805818021297455e-03
1.345065142959356308e-02
1.350969076156616211e-02
5.075204651802778244e-03
3.729493357241153717e-03
2.028043381869792938e-03
1.020956877619028091e-02
5.356071982532739639e-03
6.764899939298629761e-03
7.438444998115301132e-03
2.822004724293947220e-03
1.475222595036029816e-02
1.930351369082927704e-03
4.923846945166587830e-02
8.404311724007129669e-03
7.810837123543024063e-03
3.292861627414822578e-03
7.514126598834991455e-03
2.810621447861194611e-02
1.502112019807100296e-02
7.046126294881105423e-03
3.349718451499938965e-02
9.510723873972892761e-03
1.532622985541820526e-02
1.418757718056440353e-02
5.775609053671360016e-03
9.832798503339290619e-03
3.772876691073179245e-03
3.495108336210250854e-02
1.013763621449470520e-02
3.546180203557014465e-02
1.238952111452817917e-02
3.770666196942329407e-02
1.552415918558835983e-02
9.132594801485538483e-03
4.400486126542091370e-03
4.894086625427007675e-03
9.481682442128658295e-03
7.405596226453781128e-02
4.374190699309110641e-03
5.727849155664443970e-02
8.543477393686771393e-03
2.482543513178825378e-02
9.970084764063358307e-03
3.172563388943672180e-02
2.579084970057010651e-02
2.821709215641021729e-02
1.716009154915809631e-02
4.280147608369588852e-03
1.438150648027658463e-02
2.378455828875303268e-03
1.110430527478456497e-02
1.416749414056539536e-02
1.273662317544221878e-02
5.336799193173646927e-03
1.058329269289970398e-02
8.129474706947803497e-03
3.128348616883158684e-03
1.001082919538021088e-02
2.031211927533149719e-02
2.627177163958549500e-02
6.592724937945604324e-03
6.499618291854858398e-03
2.000332809984683990e-02
8.016216568648815155e-03
2.939327387139201164e-03
2.426786348223686218e-02
4.655426833778619766e-03
4.431581124663352966e-03
7.838804274797439575e-03
9.942039847373962402e-03
1.052465662360191345e-02
2.404039166867733002e-02
2.836672775447368622e-02
4.374249372631311417e-03
2.039415296167135239e-03
5.687875673174858093e-03
5.947805475443601608e-03
1.797230169177055359e-02
2.799610607326030731e-03
9.762239642441272736e-03
5.975288804620504379e-03
2.829339168965816498e-02
2.440417930483818054e-02
2.489277161657810211e-02
4.448018502444028854e-03
1.603724993765354156e-02
1.954669598489999771e-03
9.338061325252056122e-03
4.676885157823562622e-02
8.336001075804233551e-03
2.840627683326601982e-03
1.685371063649654388e-02
1.449219230562448502e-02
2.949741482734680176e-02
3.598671173676848412e-03
8.792314678430557251e-03
1.285634841769933701e-02
1.278069987893104553e-02
7.922212593257427216e-03
1.403493992984294891e-02
1.095425244420766830e-02
2.213981701061129570e-03
2.640506997704505920e-02
2.814235165715217590e-03
1.200601644814014435e-02
5.775128025561571121e-03
5.474207457154989243e-03
2.646527066826820374e-02
3.012768924236297607e-02
5.996774882078170776e-03
4.802553914487361908e-03
2.076674252748489380e-02
1.402134820818901062e-02
4.927052650600671768e-03
4.725470207631587982e-03
8.698198013007640839e-03
1.670671999454498291e-02
4.376982804387807846e-03
2.515830285847187042e-02
4.379326477646827698e-03
1.182094588875770569e-02
5.378497298806905746e-03
2.301574498414993286e-02
4.085870459675788879e-03
1.456340309232473373e-02
1.624942570924758911e-02
6.178594660013914108e-03
3.258889075368642807e-03
5.702562630176544189e-03
2.225508913397789001e-03
4.111221991479396820e-03
3.242422826588153839e-03
5.344716832041740417e-03
3.398599103093147278e-03
6.612685974687337875e-03
4.061386454850435257e-03
5.812958255410194397e-02
1.915049040690064430e-03
3.458800958469510078e-03
3.032559994608163834e-03
7.038585841655731201e-03
5.100576672703027725e-03
1.990703307092189789e-02
4.449522588402032852e-03
4.217274952679872513e-03
6.402210332453250885e-03
2.091130940243601799e-03
6.495953071862459183e-03
1.829864108003675938e-03
5.991692189127206802e-03
8.993336930871009827e-03
4.797758534550666809e-03
5.661459639668464661e-03
6.869530305266380310e-03
4.593531042337417603e-02
2.343943575397133827e-03
2.709778491407632828e-03
1.712542492896318436e-03
3.329682629555463791e-03
4.253273829817771912e-03
1.777969300746917725e-03
2.988920547068119049e-03
8.519534603692591190e-04
1.813431642949581146e-02
9.928221814334392548e-03
3.267035819590091705e-03
3.575206920504570007e-02
3.754328005015850067e-03
3.229950740933418274e-02
1.678041066043078899e-03
2.704754704609513283e-03
1.316155120730400085e-02
1.424353010952472687e-02
8.425373584032058716e-03
1.284652389585971832e-03
1.635107211768627167e-02
6.059333682060241699e-03
3.151440992951393127e-03
7.903438992798328400e-03
1.184813026338815689e-02
2.402783604338765144e-03
1.001146994531154633e-02
3.510193666443228722e-03
3.932050429284572601e-03
1.989505719393491745e-03
7.672984502278268337e-04
2.635559532791376114e-03
7.030309643596410751e-03
2.368516474962234497e-02
3.081359900534152985e-03
1.413248246535658836e-03
1.523836865089833736e-03
1.360537251457571983e-03
2.588822040706872940e-03
1.861954922787845135e-03
5.285271443426609039e-03
2.259977534413337708e-02
1.861014170572161674e-03
9.981238283216953278e-03
6.019586231559514999e-03
1.871460676193237305e-02
3.306219587102532387e-03
2.106100553646683693e-03
4.925665911287069321e-03
3.815691918134689331e-03
2.051357645541429520e-03
7.570370566099882126e-03
1.169570814818143845e-02
2.225423464551568031e-03
4.788700956851243973e-03
1.411943580023944378e-03
3.330456325784325600e-03
9.151031263172626495e-03
1.980022713541984558e-02
9.419987909495830536e-03
3.839205950498580933e-03
4.082443192601203918e-03
2.193287713453173637e-03
2.331441082060337067e-02
3.000661265105009079e-03
6.055240053683519363e-03
4.561532288789749146e-03
1.069386210292577744e-02
7.914546877145767212e-03
2.543774899095296860e-03
3.318998264148831367e-03
6.955689284950494766e-03
1.384647190570831299e-02
2.149364352226257324e-02
9.448763448745012283e-04
3.917824942618608475e-03
1.279018074274063110e-02
1.858350634574890137e-02
6.206601392477750778e-03
9.671709500253200531e-03
1.204560324549674988e-02
8.993455208837985992e-03
1.692121326923370361e-01
2.301054773852229118e-03
3.126723319292068481e-02
8.013316430151462555e-03
1.979582756757736206e-02
6.087707355618476868e-02
2.028013207018375397e-02
2.336134575307369232e-02
2.892498113214969635e-02
4.512486979365348816e-02
4.279710818082094193e-03
2.562865056097507477e-02
1.221756450831890106e-02
1.044015958905220032e-02
1.439759042114019394e-02
6.678694393485784531e-03
2.420701086521148682e-02
2.399059198796749115e-02
9.097482077777385712e-03
3.470075875520706177e-02
4.668575245887041092e-03
1.131491269916296005e-02
8.763305842876434326e-03
1.317669823765754700e-02
1.641476526856422424e-02
4.040503408759832382e-03
2.889016456902027130e-02
8.115898817777633667e-03
7.936788722872734070e-03
1.336618978530168533e-02
8.056761696934700012e-03
1.881606690585613251e-02
2.526866085827350616e-02
3.514245152473449707e-02
6.950007285922765732e-03
4.523631650954484940e-03
9.824039414525032043e-03
8.162094280123710632e-03
1.043361332267522812e-02
2.751393010839819908e-03
2.624600753188133240e-02
6.384068168699741364e-03
6.338734179735183716e-03
1.388048287481069565e-02
5.932075437158346176e-03
9.250256232917308807e-03
1.880710944533348083e-02
1.889158971607685089e-02
1.606155745685100555e-02
2.733665751293301582e-03
2.069799462333321571e-03
8.191262371838092804e-03
1.055067870765924454e-02
6.707820110023021698e-03
3.653452964499592781e-03
1.446829410269856453e-03
4.618370905518531799e-03
7.476694881916046143e-03
2.336795441806316376e-03
2.646189369261264801e-02
1.087451912462711334e-02
4.290389362722635269e-03
5.073575302958488464e-03
2.505715936422348022e-03
2.134504029527306557e-03
6.627336610108613968e-03
5.798269994556903839e-03
1.707962341606616974e-02
8.501956239342689514e-03
1.314700488001108170e-02
6.896387785673141479e-03
7.007229141891002655e-03
5.658959969878196716e-03
1.435769954696297646e-03
6.658158265054225922e-03
3.323111683130264282e-03
3.505442058667540550e-03
1.729985699057579041e-02
6.609855685383081436e-03
1.916156336665153503e-02
6.437203381210565567e-03
2.679364988580346107e-03
3.388118930160999298e-03
3.925169259309768677e-02
2.130528213456273079e-03
3.377720480784773827e-03
2.284454740583896637e-02
1.811007410287857056e-02
1.054108049720525742e-02
1.217902824282646179e-02
1.837252452969551086e-02
5.058348923921585083e-02
5.176639184355735779e-03
8.685263805091381073e-03
2.275060862302780151e-03
1.735198684036731720e-02
1.602747105062007904e-02
1.990988105535507202e-02
2.573768794536590576e-02
4.671896994113922119e-02
1.035298034548759460e-02
4.042823612689971924e-02
8.242315612733364105e-03
1.269416138529777527e-02
3.676023334264755249e-03
7.754351478070020676e-03
2.098235860466957092e-02
3.744447603821754456e-03
1.504298765212297440e-02
4.298780858516693115e-02
5.430566612631082535e-03
5.367796402424573898e-03
2.069829963147640228e-02
4.510502796620130539e-03
8.030429482460021973e-03
1.506541762501001358e-02
3.569312021136283875e-02
2.920751692727208138e-03
3.286014869809150696e-02
5.981613881886005402e-03
4.225331824272871017e-03
6.781054660677909851e-03
4.820222407579421997e-02
3.059574170038104057e-03
2.615455724298954010e-02
1.199168711900711060e-02
2.508474513888359070e-03
5.467275157570838928e-03
2.918019518256187439e-02
1.445014611817896366e-03
2.118316013365983963e-03
3.439856925979256630e-03
2.606317773461341858e-02
2.423957735300064087e-02
1.367233321070671082e-02
8.130134083330631256e-03
7.310693152248859406e-03
1.445277780294418335e-02
3.289868589490652084e-03
3.556112200021743774e-02
5.845975130796432495e-03
1.029125135391950607e-02
9.833439253270626068e-03
4.556799307465553284e-03
6.824144162237644196e-03
1.224663201719522476e-02
1.315258676186203957e-03
1.876894501037895679e-03
1.707513583824038506e-03
4.466706886887550354e-03
5.017448682337999344e-03
2.835508063435554504e-02
3.810503287240862846e-03
1.161888893693685532e-02
1.554252393543720245e-02
1.398463547229766846e-02
6.547049619257450104e-03
1.126774470321834087e-03
7.693433202803134918e-03
4.309559706598520279e-03
7.123093586415052414e-03
3.395105712115764618e-03
5.345776677131652832e-03
7.725445087999105453e-03
1.258439617231488228e-03
2.940864069387316704e-03
6.734725553542375565e-03
2.338696504011750221e-03
2.416433999314904213e-03
1.116891670972108841e-02
3.185791196301579475e-03
1.961593888700008392e-02
1.607583835721015930e-02
3.764806315302848816e-02
1.496790559031069279e-03
1.365502132102847099e-03
5.669795908033847809e-03
6.863154005259275436e-03
9.749048622325062752e-04
6.736397277563810349e-03
6.445519160479307175e-03
6.773789878934621811e-03
1.614896231330931187e-03
2.836595987901091576e-03
3.181364154443144798e-03
4.013011232018470764e-03
1.554913586005568504e-03
2.332253381609916687e-03
6.170758279040455818e-04
2.038520295172929764e-03
3.285405691713094711e-03
7.639232557266950607e-03
5.722702946513891220e-03
1.897153444588184357e-03
2.173557179048657417e-03
6.821317132562398911e-03
2.176147652789950371e-03
6.023842724971473217e-04
1.088703703135251999e-02
2.475343644618988037e-02
1.403069240041077137e-03
7.888666004873812199e-04
3.226111643016338348e-03
6.798419635742902756e-04
2.095127478241920471e-03
1.252141548320651054e-03
2.474690554663538933e-03
2.340441755950450897e-02
2.069610636681318283e-03
2.829747274518013000e-03
1.424686168320477009e-03
3.031156491488218307e-03
7.058908231556415558e-03
1.568465493619441986e-02
3.606611164286732674e-03
9.087101789191365242e-04
9.053382091224193573e-03
5.146452225744724274e-03
1.083057560026645660e-02
1.713599544018507004e-03
3.773317730519920588e-04
5.696085281670093536e-03
2.511847391724586487e-02
2.031262964010238647e-03
1.686793402768671513e-03
2.750166691839694977e-03
1.344897202216088772e-03
3.150689182803034782e-03
4.308869130909442902e-03
1.207308750599622726e-02
4.007369745522737503e-03
2.340134978294372559e-02
2.161633688956499100e-03
2.027768176048994064e-03
4.557850304991006851e-03
8.326047100126743317e-03
1.495104399509727955e-03
3.706365358084440231e-03
6.904868409037590027e-03
1.310513122007250786e-03
1.960965804755687714e-03
1.234370167367160320e-03
7.604813203215599060e-03
5.825670901685953140e-03
2.884825458750128746e-03
1.287956023588776588e-03
1.191730611026287079e-03
2.282971516251564026e-03
7.084839162416756153e-04
2.260006265714764595e-03
1.425058580935001373e-03
4.414078779518604279e-03
4.511392209678888321e-03
2.026396105065941811e-03
2.433496061712503433e-03
1.027483493089675903e-03
9.748707525432109833e-03
7.353755063377320766e-04
7.709051133133471012e-04
2.167831920087337494e-02
4.316151142120361328e-03
5.213899072259664536e-03
1.023248769342899323e-03
2.922428771853446960e-02
1.992349140346050262e-02
2.366413827985525131e-03
8.822098025120794773e-04
3.944423515349626541e-03
2.218180708587169647e-02
5.874126777052879333e-02
1.368687138892710209e-03
1.726969145238399506e-02
7.382593466900289059e-04
3.202430205419659615e-03
1.822284655645489693e-03
4.494686145335435867e-03
4.811579361557960510e-02
1.871446380391716957e-03
5.697508342564105988e-03
6.607590708881616592e-03
4.301736131310462952e-03
2.003856562077999115e-02
4.531067796051502228e-03
1.195004209876060486e-02
3.499915357679128647e-03
1.620640233159065247e-02
1.422895584255456924e-02
1.242124568670988083e-02
1.234415103681385517e-03
1.746529596857726574e-03
1.149649079889059067e-02
2.402499783784151077e-03
4.940641578286886215e-03
5.433598067611455917e-03
1.028566271997988224e-03
1.345190918073058128e-03
1.309845224022865295e-02
1.016267202794551849e-02
4.340553656220436096e-03
8.556149899959564209e-03
2.145969076082110405e-03
3.113731509074568748e-03
1.360932481475174427e-03
6.532552652060985565e-03
1.223240420222282410e-02
2.115014474838972092e-03
2.843285724520683289e-02
4.015339072793722153e-03
8.001769310794770718e-04
1.474074902944266796e-03
2.901076222769916058e-04
2.400448545813560486e-03
7.640754338353872299e-04
2.143357647582888603e-03
1.279451884329319000e-02
1.027681631967425346e-03
1.129034091718494892e-03
6.119241937994956970e-03
9.208946721628308296e-04
7.179163862019777298e-03
4.710091277956962585e-03
1.122843590565025806e-03
9.548381785862147808e-04
6.246760487556457520e-03
4.037197213619947433e-03
7.500735810026526451e-04
9.175670566037297249e-04
3.617344424128532410e-03
7.605335558764636517e-04
8.294333238154649734e-04
1.381388981826603413e-03
1.130399410612881184e-03
2.372625749558210373e-03
1.491361530497670174e-03
2.303818473592400551e-03
1.380424946546554565e-03
1.138540450483560562e-03
1.233126036822795868e-03
1.117587089538574219e-03
4.504614975303411484e-03
9.684347896836698055e-04
9.326546569354832172e-04
1.156609505414962769e-03
1.165906316600739956e-03
3.297410439699888229e-03
2.294749254360795021e-03
1.514293951913714409e-03
7.349606137722730637e-03
6.692701717838644981e-04
3.509431262500584126e-04
9.071931708604097366e-04
8.897230727598071098e-04
9.567921515554189682e-04
2.512099454179406166e-03
4.064159467816352844e-03
1.474186312407255173e-03
1.226610736921429634e-03
9.210895514115691185e-04
6.014709360897541046e-04
4.200396127998828888e-03
1.833256566897034645e-03
6.351803313009440899e-04
2.298047766089439392e-03
3.751891199499368668e-04
5.219071172177791595e-04
1.219480996951460838e-03
1.044284203089773655e-03
3.592124558053910732e-04
2.090748894261196256e-04
1.466471003368496895e-03
1.247319206595420837e-02
1.189533504657447338e-03
9.070027153939008713e-04
8.387088892050087452e-04
4.247571807354688644e-03
2.096172887831926346e-03
2.238395391032099724e-03
4.094508476555347443e-04
2.436416834825649858e-04
1.350969308987259865e-03
7.320500444620847702e-04
1.101271831430494785e-03
5.972043727524578571e-04
1.750855823047459126e-03
4.654460062738507986e-04
4.533573228400200605e-04
4.474835004657506943e-04
1.552234054543077946e-03
2.389298519119620323e-03
3.039067378267645836e-03
5.535143427550792694e-04
3.838927950710058212e-04
8.402749663218855858e-04
1.501825870946049690e-03
8.113135118037462234e-04
2.989867061842232943e-04
4.511966544669121504e-04
3.719846426974982023e-04
4.624523280654102564e-04
1.098280586302280426e-02
1.884095254354178905e-04
1.412274432368576527e-04
1.178722595795989037e-03
1.964698778465390205e-03
1.833483576774597168e-03
4.746612103190273046e-04
2.988259948324412107e-04
4.288903903216123581e-03
7.655118824914097786e-04
4.486532125156372786e-04
1.135448808781802654e-03
4.800270835403352976e-04
2.470631152391433716e-03
2.462685224600136280e-04
3.737607039511203766e-04
8.718337630853056908e-04
3.267044376116245985e-04
4.720954457297921181e-04
3.312575281597673893e-04
4.188840975984930992e-04
2.357189776375889778e-03
6.547736935317516327e-03
7.276751566678285599e-04
3.273877955507487059e-04
5.045694415457546711e-04
1.866845530457794666e-03
8.981968276202678680e-04
6.094468990340828896e-04
4.031876451335847378e-04
1.150630763731896877e-03
6.110918475314974785e-04
9.242204832844436169e-04
2.455774520058184862e-04
1.795339048840105534e-03
3.794789779931306839e-03
2.610098745208233595e-04
2.475393994245678186e-04
8.058154489845037460e-04
5.764610832557082176e-04
5.043827695772051811e-04
2.906653331592679024e-03
3.991569392383098602e-03
4.571187309920787811e-04
6.492883432656526566e-03
1.769546791911125183e-02
7.382494863122701645e-03
1.401194720529019833e-03
6.690649315714836121e-04
4.226929158903658390e-04
2.943399013020098209e-04
9.791303891688585281e-04
6.149047403596341610e-04
3.273116599302738905e-04
1.327787060290575027e-03
2.241943730041384697e-04
4.441613331437110901e-03
7.645274745300412178e-04
4.464583005756139755e-03
1.945535332197323442e-04
2.935441443696618080e-04
1.267079170793294907e-02
1.687560463324189186e-03
6.525889039039611816e-04
1.177034922875463963e-03
2.035328652709722519e-03
1.374409068375825882e-02
2.416560426354408264e-03
9.359899559058248997e-04
7.980986847542226315e-04
1.601103576831519604e-03
