6.927485942840576172e+00
6.067665100097656250e+00
4.872410774230957031e+00
3.504441976547241211e+00
2.951562404632568359e+00
2.285494804382324219e+00
2.193051099777221680e+00
2.022493124008178711e+00
1.902616143226623535e+00
2.017595529556274414e+00
1.952737212181091309e+00
2.038302898406982422e+00
1.984989285469055176e+00
1.782644391059875488e+00
1.708503246307373047e+00
1.833923816680908203e+00
1.762196779251098633e+00
1.736586689949035645e+00
1.639923214912414551e+00
1.620301961898803711e+00
1.687422275543212891e+00
1.836610913276672363e+00
1.687967300415039062e+00
1.635260820388793945e+00
1.652214050292968750e+00
1.480649471282958984e+00
1.503688216209411621e+00
1.816541433334350586e+00
1.607245445251464844e+00
1.639099121093750000e+00
1.495947599411010742e+00
1.480112791061401367e+00
1.587928175926208496e+00
1.661912202835083008e+00
1.461470365524291992e+00
1.405904769897460938e+00
1.436717152595520020e+00
1.406614780426025391e+00
1.478107571601867676e+00
1.678280234336853027e+00
1.471135020256042480e+00
1.728954792022705078e+00
1.321411728858947754e+00
1.306673169136047363e+00
1.514080643653869629e+00
1.380223989486694336e+00
1.485993385314941406e+00
1.662836551666259766e+00
1.207826018333435059e+00
1.397488117218017578e+00
1.290788054466247559e+00
1.500737428665161133e+00
1.378988504409790039e+00
1.395723700523376465e+00
1.295377731323242188e+00
9.810676574707031250e-01
1.526508808135986328e+00
1.207911491394042969e+00
1.259578585624694824e+00
1.164257645606994629e+00
1.233159661293029785e+00
1.180686950683593750e+00
1.280315995216369629e+00
1.180245995521545410e+00
1.392812490463256836e+00
1.249344468116760254e+00
1.117783904075622559e+00
1.123165011405944824e+00
1.243309736251831055e+00
1.220037102699279785e+00
1.545841813087463379e+00
1.789265036582946777e+00
1.220893621444702148e+00
1.029730319976806641e+00
1.525466799736022949e+00
1.007724881172180176e+00
1.005158782005310059e+00
1.061414003372192383e+00
9.214884638786315918e-01
9.765023589134216309e-01
1.165654659271240234e+00
9.848166704177856445e-01
1.285632252693176270e+00
1.194144010543823242e+00
9.343547224998474121e-01
9.607340693473815918e-01
1.281629800796508789e+00
9.965257644653320312e-01
1.105282425880432129e+00
1.242377281188964844e+00
8.014019727706909180e-01
1.053268313407897949e+00
1.177170038223266602e+00
1.032543063163757324e+00
1.225757598876953125e+00
1.381330609321594238e+00
8.704009652137756348e-01
9.380901455879211426e-01
1.017362833023071289e+00
1.231256008148193359e+00
8.380060195922851562e-01
9.580269455909729004e-01
8.919487595558166504e-01
9.425826072692871094e-01
8.158009648323059082e-01
9.034582376480102539e-01
1.097795724868774414e+00
1.283903360366821289e+00
8.740540146827697754e-01
7.285724878311157227e-01
7.901957035064697266e-01
1.059339523315429688e+00
8.668515086174011230e-01
1.229150295257568359e+00
7.617742419242858887e-01
8.250590562820434570e-01
9.027901291847229004e-01
9.583317637443542480e-01
1.117804050445556641e+00
1.217733263969421387e+00
7.927249670028686523e-01
6.900769472122192383e-01
8.301835060119628906e-01
9.901598095893859863e-01
7.670923471450805664e-01
7.295644283294677734e-01
7.586441636085510254e-01
8.373125791549682617e-01
8.816902041435241699e-01
8.261813521385192871e-01
8.185260295867919922e-01
9.484629034996032715e-01
5.885336399078369141e-01
8.812947273254394531e-01
6.453016996383666992e-01
8.211873769760131836e-01
1.018055558204650879e+00
1.030017256736755371e+00
9.400783777236938477e-01
8.752078413963317871e-01
8.539217114448547363e-01
8.341391086578369141e-01
7.761055231094360352e-01
1.016424179077148438e+00
7.561603784561157227e-01
6.650518774986267090e-01
8.400005102157592773e-01
8.875956535339355469e-01
9.215006828308105469e-01
8.967636823654174805e-01
6.947969198226928711e-01
6.187533140182495117e-01
8.732910752296447754e-01
9.816029071807861328e-01
9.864227175712585449e-01
9.602434635162353516e-01
6.683563590049743652e-01
7.892808914184570312e-01
6.203770637512207031e-01
7.617553472518920898e-01
8.509773015975952148e-01
9.565309882164001465e-01
5.809477567672729492e-01
5.486145019531250000e-01
7.248064279556274414e-01
9.865427017211914062e-01
7.932895421981811523e-01
7.825559377670288086e-01
5.861157178878784180e-01
5.510761141777038574e-01
7.622535228729248047e-01
8.736045360565185547e-01
9.476297497749328613e-01
9.534702301025390625e-01
3.873361349105834961e-01
5.643422603607177734e-01
6.411434412002563477e-01
6.353730559349060059e-01
7.497731447219848633e-01
7.246691584587097168e-01
4.501580893993377686e-01
4.709751605987548828e-01
5.058300495147705078e-01
5.672464966773986816e-01
5.304723381996154785e-01
6.653975248336791992e-01
3.926075994968414307e-01
4.163590967655181885e-01
4.802722334861755371e-01
8.091986775398254395e-01
9.185809493064880371e-01
7.161599397659301758e-01
4.128624796867370605e-01
6.162592768669128418e-01
5.683270096778869629e-01
7.806458473205566406e-01
8.339468836784362793e-01
8.044211268424987793e-01
3.691788315773010254e-01
5.941630601882934570e-01
4.376938343048095703e-01
5.435216426849365234e-01
5.801589488983154297e-01
6.707898974418640137e-01
3.115405142307281494e-01
4.085243344306945801e-01
5.062629580497741699e-01
6.071211099624633789e-01
4.619732499122619629e-01
9.461192488670349121e-01
3.778710961341857910e-01
2.968962490558624268e-01
5.900359749794006348e-01
4.858660399913787842e-01
8.173339366912841797e-01
7.633216381072998047e-01
3.416984379291534424e-01
3.852306604385375977e-01
4.586182534694671631e-01
8.215823173522949219e-01
7.658023834228515625e-01
7.925432920455932617e-01
4.262575507164001465e-01
4.265781342983245850e-01
6.238840222358703613e-01
2.404743731021881104e-01
3.598506450653076172e-01
3.815200030803680420e-01
3.167899250984191895e-01
3.502135276794433594e-01
3.626490831375122070e-01
4.373643398284912109e-01
4.189263284206390381e-01
5.933706760406494141e-01
3.109557926654815674e-01
3.402904868125915527e-01
5.120655894279479980e-01
4.566609263420104980e-01
4.380744099617004395e-01
5.831922888755798340e-01
2.393663972616195679e-01
3.580420315265655518e-01
4.988578557968139648e-01
5.867606997489929199e-01
5.462300777435302734e-01
7.337124943733215332e-01
2.872954905033111572e-01
3.594917953014373779e-01
5.227345824241638184e-01
4.862791299819946289e-01
4.369339346885681152e-01
2.120263129472732544e-01
2.855187356472015381e-01
2.570249140262603760e-01
4.042049944400787354e-01
5.573977828025817871e-01
5.599931478500366211e-01
8.005899786949157715e-01
2.403614968061447144e-01
3.379955291748046875e-01
3.893478214740753174e-01
4.762345552444458008e-01
5.371156334877014160e-01
7.043693065643310547e-01
2.119291871786117554e-01
2.937344014644622803e-01
4.632052481174468994e-01
4.328134357929229736e-01
5.290648341178894043e-01
7.354254126548767090e-01
2.415853291749954224e-01
2.788374722003936768e-01
2.943098247051239014e-01
5.831680297851562500e-01
7.738037109375000000e-01
1.991950869560241699e-01
2.085507959127426147e-01
2.433850169181823730e-01
3.932329416275024414e-01
5.631374120712280273e-01
7.122825384140014648e-01
6.790276169776916504e-01
3.158376812934875488e-01
2.927466034889221191e-01
2.847501635551452637e-01
5.866500139236450195e-01
5.906715393066406250e-01
4.647600948810577393e-01
2.241506725549697876e-01
2.284602671861648560e-01
3.371789753437042236e-01
3.041279315948486328e-01
4.129160940647125244e-01
4.787086844444274902e-01
2.498505562543869019e-01
3.348106741905212402e-01
1.734476089477539062e-01
5.522212982177734375e-01
4.424751698970794678e-01
5.452848076820373535e-01
1.401087641716003418e-01
2.535879015922546387e-01
3.529513776302337646e-01
4.039536714553833008e-01
6.297901868820190430e-01
6.366128921508789062e-01
2.131495475769042969e-01
1.704556345939636230e-01
2.156277745962142944e-01
3.507770299911499023e-01
6.155408620834350586e-01
5.462246537208557129e-01
1.145669966936111450e-01
2.143806517124176025e-01
3.906299471855163574e-01
3.389448523521423340e-01
5.679722428321838379e-01
6.654953956604003906e-01
2.091761529445648193e-01
2.002678513526916504e-01
2.906233370304107666e-01
4.645272195339202881e-01
4.946840405464172363e-01
5.097021460533142090e-01
2.066238671541213989e-01
2.208191752433776855e-01
2.249805033206939697e-01
1.917833685874938965e-01
2.999896109104156494e-01
4.151979088783264160e-01
8.726239204406738281e-02
1.343684643507003784e-01
1.617208719253540039e-01
2.145189493894577026e-01
2.596526443958282471e-01
2.209487706422805786e-01
1.649562269449234009e-01
1.019431278109550476e-01
2.548597157001495361e-01
2.723918557167053223e-01
3.025489151477813721e-01
2.712019383907318115e-01
1.633820235729217529e-01
9.233120083808898926e-02
5.884413048624992371e-02
1.534848660230636597e-01
3.752433657646179199e-01
3.820350170135498047e-01
2.456563860177993774e-01
3.877522796392440796e-02
1.185051128268241882e-01
4.680968448519706726e-02
3.939749300479888916e-02
2.165905237197875977e-01
1.732646971940994263e-01
1.677486896514892578e-01
1.210633590817451477e-01
1.538973152637481689e-01
1.489745527505874634e-01
2.564677000045776367e-01
8.592138439416885376e-02
7.098709046840667725e-02
1.606369465589523315e-01
2.280236184597015381e-01
3.038873374462127686e-01
3.862061500549316406e-01
7.070451229810714722e-02
1.505239009857177734e-01
1.729291528463363647e-01
1.832669228315353394e-01
3.171420693397521973e-01
4.137623608112335205e-01
7.278703153133392334e-02
7.601257413625717163e-02
3.436997532844543457e-01
1.471669524908065796e-01
1.013234257698059082e-01
2.105597555637359619e-01
9.816675633192062378e-02
1.084869280457496643e-01
1.402772814035415649e-01
2.788780629634857178e-01
2.752226591110229492e-01
3.266493976116180420e-01
9.144502878189086914e-02
8.870580047369003296e-02
1.257850378751754761e-01
1.982967257499694824e-01
3.615820705890655518e-01
3.087642788887023926e-01
7.154535502195358276e-02
1.218131408095359802e-01
1.403642743825912476e-01
2.793871462345123291e-01
2.339219599962234497e-01
2.489828765392303467e-01
7.837527990341186523e-02
5.173834040760993958e-02
2.579951286315917969e-01
5.458686351776123047e-01
3.463682159781455994e-02
6.217155233025550842e-02
5.406014248728752136e-02
6.091154366731643677e-02
1.021808832883834839e-01
1.080664396286010742e-01
2.798593938350677490e-01
1.834517270326614380e-01
3.937837481498718262e-02
1.258254498243331909e-01
2.048597186803817749e-01
1.416231095790863037e-01
3.219774365425109863e-01
3.785591721534729004e-01
7.116347551345825195e-02
1.109980866312980652e-01
2.162224799394607544e-01
2.936932742595672607e-01
2.440340369939804077e-01
3.919527828693389893e-01
1.130535900592803955e-01
8.661614358425140381e-02
1.374212801456451416e-01
2.737418413162231445e-01
7.709999680519104004e-01
5.669715628027915955e-02
6.190661713480949402e-02
1.107136830687522888e-01
3.035531342029571533e-01
3.622080087661743164e-01
5.405690670013427734e-01
7.048377394676208496e-01
7.240021228790283203e-02
1.443829089403152466e-01
1.410121172666549683e-01
5.283680558204650879e-01
2.590609788894653320e-01
2.990711927413940430e-01
7.277561724185943604e-02
1.016874164342880249e-01
1.049848943948745728e-01
1.971499919891357422e-01
2.192933559417724609e-01
5.526543855667114258e-01
9.180375188589096069e-02
6.921570748090744019e-02
1.937619596719741821e-01
2.164960056543350220e-01
2.831024229526519775e-01
8.631386756896972656e-01
6.080668047070503235e-02
1.290897727012634277e-01
4.447519779205322266e-01
6.568844318389892578e-01
8.571511507034301758e-01
7.713113427162170410e-01
4.466767236590385437e-02
1.126935780048370361e-01
2.246954441070556641e-01
4.006955325603485107e-01
4.418869912624359131e-01
4.802490174770355225e-01
4.848414659500122070e-02
6.222717836499214172e-02
1.200323551893234253e-01
9.982685744762420654e-02
3.725770413875579834e-01
2.069952338933944702e-01
5.507012456655502319e-02
7.363560050725936890e-02
1.278863102197647095e-01
1.250917613506317139e-01
1.892734915018081665e-01
2.052029371261596680e-01
5.363548919558525085e-02
5.188378691673278809e-02
6.792300939559936523e-02
1.008252874016761780e-01
7.599361985921859741e-02
9.147594869136810303e-02
3.878083080053329468e-02
1.078139245510101318e-01
2.927791327238082886e-02
6.152578815817832947e-02
1.778201460838317871e-01
1.614365279674530029e-01
1.967311836779117584e-02
2.805913053452968597e-02
3.276158869266510010e-02
7.581285387277603149e-02
6.289139389991760254e-02
8.537228405475616455e-02
4.169541597366333008e-02
2.828735858201980591e-02
4.087044671177864075e-02
4.708655551075935364e-02
9.115166962146759033e-02
1.232432052493095398e-01
2.518886700272560120e-02
7.674840092658996582e-02
2.273789606988430023e-02
1.034802291542291641e-02
1.808095909655094147e-02
1.224247291684150696e-01
3.345864638686180115e-02
1.509058475494384766e-02
2.075192891061306000e-02
4.454910010099411011e-02
6.672880798578262329e-02
6.916074454784393311e-02
4.993108287453651428e-02
1.481764111667871475e-02
1.036584004759788513e-01
1.279695425182580948e-02
2.866921760141849518e-02
8.665705472230911255e-02
2.325162291526794434e-02
2.743889018893241882e-02
3.449396416544914246e-02
3.069730475544929504e-02
2.949435636401176453e-02
4.593073576688766479e-02
8.752151392400264740e-03
1.803369633853435516e-02
1.772033050656318665e-02
1.369130145758390427e-02
1.172063220292329788e-02
1.376995909959077835e-02
1.634865812957286835e-02
2.948200330138206482e-02
9.801848791539669037e-03
1.653302833437919617e-02
5.830748006701469421e-02
8.813762106001377106e-03
1.664215140044689178e-02
9.929767996072769165e-02
2.135464362800121307e-02
2.114910818636417389e-02
2.459551580250263214e-02
2.785667404532432556e-02
6.104826927185058594e-03
3.158860281109809875e-02
2.577148191630840302e-02
2.050156332552433014e-02
6.474181264638900757e-02
5.113039538264274597e-02
5.012886971235275269e-02
2.511025778949260712e-02
3.983888402581214905e-02
1.280500739812850952e-01
2.571184746921062469e-02
4.628352448344230652e-02
1.259533129632472992e-02
4.735021665692329407e-02
3.323095664381980896e-02
1.270748525857925415e-01
3.229942321777343750e-01
9.807486087083816528e-02
1.610284112393856049e-02
1.310171373188495636e-02
8.559449762105941772e-02
1.135492622852325439e-01
2.466985136270523071e-01
5.386512279510498047e-01
2.575681544840335846e-02
6.710314750671386719e-02
1.152232214808464050e-01
1.319656968116760254e-01
3.427217602729797363e-01
4.199397861957550049e-01
4.287984594702720642e-02
1.356930285692214966e-01
1.111281439661979675e-01
1.247438043355941772e-01
5.058305859565734863e-01
2.005866542458534241e-02
1.602511107921600342e-02
4.204894229769706726e-02
2.857914268970489502e-01
2.972480654716491699e-01
5.468713641166687012e-01
5.350358486175537109e-01
6.104805693030357361e-02
2.510389685630798340e-02
1.699635386466979980e-01
3.483442962169647217e-01
3.472865521907806396e-01
3.403532505035400391e-01
2.527764439582824707e-02
3.661846742033958435e-02
1.769546866416931152e-01
1.856047660112380981e-01
2.610715925693511963e-01
3.053736686706542969e-01
3.404285758733749390e-02
2.376983687281608582e-02
6.752836704254150391e-02
1.542554795742034912e-01
1.880198121070861816e-01
2.097469717264175415e-01
1.634564623236656189e-02
2.910470403730869293e-02
1.908047497272491455e-01
1.573225855827331543e-01
4.736696779727935791e-01
5.088926553726196289e-01
2.076894976198673248e-02
2.484772726893424988e-02
9.138908237218856812e-02
1.162659823894500732e-01
2.080972641706466675e-01
2.915747761726379395e-01
2.299585565924644470e-02
2.911121957004070282e-02
5.431571230292320251e-02
1.875002533197402954e-01
1.036963909864425659e-01
1.150116771459579468e-01
4.639070108532905579e-02
2.820916846394538879e-02
5.830895155668258667e-02
3.278009966015815735e-02
8.401194959878921509e-02
4.303131625056266785e-02
9.427417814731597900e-02
3.052154742181301117e-02
4.607827961444854736e-02
4.765635356307029724e-02
8.051673322916030884e-02
6.647768616676330566e-02
3.449793532490730286e-02
1.753796823322772980e-02
3.590498119592666626e-02
5.505475401878356934e-02
2.318972349166870117e-02
7.660631090402603149e-02
1.678032800555229187e-02
1.046978030353784561e-02
7.941727340221405029e-02
2.149322442710399628e-02
2.764984406530857086e-02
3.885028138756752014e-02
1.344973966479301453e-02
1.259924657642841339e-02
1.536349579691886902e-02
4.068294540047645569e-02
1.462079398334026337e-02
3.370195627212524414e-02
1.539686135947704315e-02
2.728609368205070496e-02
2.835285384207963943e-03
7.690686732530593872e-03
7.470048032701015472e-03
1.312465406954288483e-02
6.976101547479629517e-03
1.089398004114627838e-02
6.170467473566532135e-03
1.422595418989658356e-02
4.484094306826591492e-02
7.435723673552274704e-03
1.294067408889532089e-02
2.607192099094390869e-02
2.048010751605033875e-02
8.396974764764308929e-03
7.342472672462463379e-02
2.005581557750701904e-02
4.407014232128858566e-03
6.138772703707218170e-03
1.032704114913940430e-02
5.069038365036249161e-03
1.385001093149185181e-02
1.883661001920700073e-02
3.840450895950198174e-03
7.096207700669765472e-03
5.555730685591697693e-02
2.599386963993310928e-03
1.334098260849714279e-02
2.475204318761825562e-02
4.871459212154150009e-03
3.805700922384858131e-03
7.554636802524328232e-03
9.113205969333648682e-02
1.316395401954650879e-01
1.326339393854141235e-01
4.318997263908386230e-03
3.365316893905401230e-03
2.655022777616977692e-02
3.397148847579956055e-02
2.449757419526576996e-02
2.848950959742069244e-02
2.722120378166437149e-03
2.287042560055851936e-03
1.016627065837383270e-02
1.748575642704963684e-02
1.404084637761116028e-02
7.425954192876815796e-02
2.490690909326076508e-03
4.896722268313169479e-03
4.093546420335769653e-03
8.430743962526321411e-02
2.305800560861825943e-03
2.064878679811954498e-02
3.868362866342067719e-03
9.956118650734424591e-03
2.476139739155769348e-02
3.604358807206153870e-02
2.111865282058715820e-01
2.018890529870986938e-01
1.746835652738809586e-03
1.762968488037586212e-02
1.209046319127082825e-02
6.396327912807464600e-02
1.544375866651535034e-01
1.277270913124084473e-01
1.807714579626917839e-03
5.960554350167512894e-03
2.839880995452404022e-02
9.031603485345840454e-02
1.290345638990402222e-01
1.748738586902618408e-01
1.095606479793787003e-03
8.130617439746856689e-03
3.406868875026702881e-02
1.198199093341827393e-01
1.050794720649719238e-01
2.120828721672296524e-03
3.576073329895734787e-03
3.473161533474922180e-02
2.579141594469547272e-02
2.622930109500885010e-01
1.576784849166870117e-01
4.192619025707244873e-01
6.990439724177122116e-03
3.280360251665115356e-02
9.265227615833282471e-02
1.520091891288757324e-01
1.651176810264587402e-01
4.413881599903106689e-01
1.151855662465095520e-02
1.750336214900016785e-02
1.450858637690544128e-02
1.768373697996139526e-01
3.531607091426849365e-01
3.928394019603729248e-01
1.371828746050596237e-02
2.967887930572032928e-02
8.295628428459167480e-02
2.275203913450241089e-01
3.588031530380249023e-01
2.425841093063354492e-01
1.465039514005184174e-02
2.729570306837558746e-02
2.904083728790283203e-01
4.597780704498291016e-01
7.643983960151672363e-01
5.617175102233886719e-01
1.569538749754428864e-02
4.613034799695014954e-02
1.101106181740760803e-01
1.467676311731338501e-01
7.873179912567138672e-01
5.746574401855468750e-01
8.154135942459106445e-02
4.323222488164901733e-02
6.712376326322555542e-02
1.316767185926437378e-01
3.819034695625305176e-01
4.901578426361083984e-01
9.600443765521049500e-03
6.542754918336868286e-02
6.166401505470275879e-02
9.614280611276626587e-02
1.277782768011093140e-01
2.977424263954162598e-01
4.584282264113426208e-02
1.324441842734813690e-02
1.898909732699394226e-02
2.806889079511165619e-02
3.630409389734268188e-02
9.852300584316253662e-02
1.620604470372200012e-02
1.632964052259922028e-02
1.435649022459983826e-02
4.697916284203529358e-02
1.453602313995361328e-01
4.516170546412467957e-02
9.023888967931270599e-03
1.488788705319166183e-02
9.041824378073215485e-03
1.753669604659080505e-02
4.174412414431571960e-02
8.704052120447158813e-02
8.766932412981987000e-03
1.778373867273330688e-02
5.144223105162382126e-03
6.893721222877502441e-02
1.168972812592983246e-02
2.997700124979019165e-02
1.262603886425495148e-02
2.925092726945877075e-02
6.653888151049613953e-03
3.767228918150067329e-03
1.937534846365451813e-02
2.381850220263004303e-02
2.921621548011898994e-03
3.710470162332057953e-03
5.282799713313579559e-03
3.640929237008094788e-03
3.012823406606912613e-03
4.340977594256401062e-02
9.206786751747131348e-03
5.138970445841550827e-03
5.264227092266082764e-02
3.546672873198986053e-03
6.998638156801462173e-03
4.487270023673772812e-03
3.827400039881467819e-03
5.073162261396646500e-03
3.882863325998187065e-03
4.043603315949440002e-03
4.105837550014257431e-03
7.200462743639945984e-03
1.742380904033780098e-03
1.143032312393188477e-02
5.775892734527587891e-02
2.069785026833415031e-03
3.379299305379390717e-03
1.174328103661537170e-02
3.254669252783060074e-03
5.261335056275129318e-03
2.473544329404830933e-02
3.247245028614997864e-02
3.070329315960407257e-02
4.055555164813995361e-02
7.189795374870300293e-03
2.552419202402234077e-03
9.385989978909492493e-03
1.996177062392234802e-02
1.133719738572835922e-02
8.237922936677932739e-02
2.040138700976967812e-03
1.277848333120346069e-02
3.792749485000967979e-03
3.786336630582809448e-02
3.649049252271652222e-02
2.137351967394351959e-02
4.241751506924629211e-03
4.622460156679153442e-02
1.124314498156309128e-02
6.689915060997009277e-02
1.741981366649270058e-03
1.159132644534111023e-02
2.399586373940110207e-03
4.037062637507915497e-03
5.791591946035623550e-03
1.481915637850761414e-02
3.039678372442722321e-02
1.097385734319686890e-01
2.633100608363747597e-03
3.502074629068374634e-03
6.940191145986318588e-03
2.528211660683155060e-02
3.155086189508438110e-02
1.963646560907363892e-01
3.804658073931932449e-03
2.687527332454919815e-03
4.479373246431350708e-02
7.082215696573257446e-02
1.999635398387908936e-01
9.050443768501281738e-02
6.037242244929075241e-03
3.579704556614160538e-03
3.092056326568126678e-02
2.729729004204273224e-02
6.149411946535110474e-02
9.836404584348201752e-03
3.215894475579261780e-02
3.157280012965202332e-02
2.307750582695007324e-01
1.807732507586479187e-02
7.689427584409713745e-02
1.391436010599136353e-01
2.140783239156007767e-03
7.706288248300552368e-03
3.767048940062522888e-02
1.290917247533798218e-01
1.260886490345001221e-01
1.698462516069412231e-01
1.566401682794094086e-02
9.357682429254055023e-03
6.390420347452163696e-02
3.591389209032058716e-02
2.605195716023445129e-02
1.449344009160995483e-01
6.756770424544811249e-03
2.690690197050571442e-02
8.218102157115936279e-03
3.721521049737930298e-02
1.181571185588836670e-01
2.697997391223907471e-01
2.376496791839599609e-02
2.414611354470252991e-02
7.003509253263473511e-02
3.537635505199432373e-01
2.347076833248138428e-01
4.609818458557128906e-01
2.046185918152332306e-02
3.889476135373115540e-02
4.875538870692253113e-02
1.578347086906433105e-01
1.567226946353912354e-01
2.641793787479400635e-01
1.659741811454296112e-02
1.927732676267623901e-02
1.795567385852336884e-02
1.140750572085380554e-01
7.580336928367614746e-02
1.648662835359573364e-01
1.726591959595680237e-02
3.102489560842514038e-02
3.549852967262268066e-02
9.112963080406188965e-02
5.390391498804092407e-02
7.079952210187911987e-02
7.345933467149734497e-02
8.415787480771541595e-03
1.675947010517120361e-02
2.645131200551986694e-02
4.874359071254730225e-02
5.189637467265129089e-02
1.098053529858589172e-02
1.309200190007686615e-02
1.956704631447792053e-02
2.657977119088172913e-02
5.742768943309783936e-02
5.135569348931312561e-02
9.032269939780235291e-03
7.125012110918760300e-03
2.775425836443901062e-02
3.795863315463066101e-02
1.387563347816467285e-02
7.447017729282379150e-02
7.486599497497081757e-03
6.528658326715230942e-03
2.038042619824409485e-02
5.492305383086204529e-03
2.586791664361953735e-02
4.271963611245155334e-02
2.519923076033592224e-02
2.341598644852638245e-02
4.191235452890396118e-02
4.047383554279804230e-03
5.377636291086673737e-03
9.961307980120182037e-03
1.606506295502185822e-03
6.979282945394515991e-03
6.801270879805088043e-03
5.614968482404947281e-03
3.456262871623039246e-03
7.289730012416839600e-03
2.541193971410393715e-03
2.262281486764550209e-03
2.461712108924984932e-03
6.236486136913299561e-03
3.507461864501237869e-03
2.661147154867649078e-03
2.475464250892400742e-03
7.143346592783927917e-04
9.532623807899653912e-04
1.656329375691711903e-03
2.106969943270087242e-03
1.994518563151359558e-03
1.785590429790318012e-03
3.698247019201517105e-03
1.464825868606567383e-02
1.246118918061256409e-03
2.267570467665791512e-03
1.023723394609987736e-03
1.514553325250744820e-03
1.353155355900526047e-03
1.136277103796601295e-03
2.141234930604696274e-03
1.020649680867791176e-03
2.223561052232980728e-03
1.526223681867122650e-02
3.121883142739534378e-03
3.131762379780411720e-03
2.894444623962044716e-03
7.483042427338659763e-04
3.450138494372367859e-03
6.529911770485341549e-04
1.438990933820605278e-03
2.370121330022811890e-02
9.429559111595153809e-03
4.470760934054851532e-03
4.857268650084733963e-03
1.595790032297372818e-03
2.358177909627556801e-03
1.005262602120637894e-03
3.627495467662811279e-02
9.193578152917325497e-04
7.714849198237061501e-04
8.321104687638580799e-04
2.783223055303096771e-03
1.227485574781894684e-02
3.076148778200149536e-02
1.831464171409606934e-01
1.480270922183990479e-01
4.880666267126798630e-03
1.694222679361701012e-03
5.739764776080846786e-03
1.286619007587432861e-01
9.823279082775115967e-02
1.291700899600982666e-01
8.120150305330753326e-03
1.146683818660676479e-03
5.898929201066493988e-03
3.815599903464317322e-02
4.271809756755828857e-02
6.119522824883460999e-02
1.623324467800557613e-03
1.326675410382449627e-03
1.956731779500842094e-03
1.354733016341924667e-02
6.431027501821517944e-02
1.050892751663923264e-03
2.365089254453778267e-03
7.360034156590700150e-03
4.487852379679679871e-02
3.272766470909118652e-01
1.453822702169418335e-01
1.591065078973770142e-01
1.805233769118785858e-03
1.463541761040687561e-02
2.396555803716182709e-02
7.860574871301651001e-02
3.345799073576927185e-02
1.624328941106796265e-01
5.015276372432708740e-03
5.631215870380401611e-03
2.905767783522605896e-02
1.930614747107028961e-02
9.944462031126022339e-02
8.914271742105484009e-02
1.560836681164801121e-03
2.177816815674304962e-03
3.644768381491303444e-03
8.689298294484615326e-03
6.205882504582405090e-02
7.552844472229480743e-03
1.751733128912746906e-03
7.867840118706226349e-03
5.616360576823353767e-04
9.218146093189716339e-03
2.951316162943840027e-02
9.990626014769077301e-03
2.511384896934032440e-03
3.357949666678905487e-03
9.537499863654375076e-04
5.448474548757076263e-03
2.197506092488765717e-02
4.040975123643875122e-03
2.645991276949644089e-03
2.640609163790941238e-03
1.030367915518581867e-03
2.114422805607318878e-02
2.363774459809064865e-03
1.799278892576694489e-02
4.678770899772644043e-03
5.149512551724910736e-03
2.011154592037200928e-02
3.856428200379014015e-03
7.337594870477914810e-03
2.234092680737376213e-03
1.435319520533084869e-02
2.263033064082264900e-03
1.798802171833813190e-03
2.246840856969356537e-03
2.811226760968565941e-03
3.242805134505033493e-03
6.906877271831035614e-03
2.410441637039184570e-03
4.917437676340341568e-03
1.226308988407254219e-03
3.933166153728961945e-03
1.352089829742908478e-02
3.315792884677648544e-03
5.924431141465902328e-03
1.590666593983769417e-03
7.809091475792229176e-04
3.369613550603389740e-03
1.124985422939062119e-02
4.561645910143852234e-03
2.025433350354433060e-03
1.945808413438498974e-03
3.418875625357031822e-03
3.334656590595841408e-03
3.553966525942087173e-03
3.161677625030279160e-03
1.298714987933635712e-02
1.222102623432874680e-02
4.380148369818925858e-03
2.058542566373944283e-03
1.751850126311182976e-03
2.010839059948921204e-03
1.597798313014209270e-03
1.710045733489096165e-03
3.671448910608887672e-03
1.826696796342730522e-03
4.014512524008750916e-03
9.494145051576197147e-04
1.283294870518147945e-03
1.836724346503615379e-03
2.170357154682278633e-03
1.105084922164678574e-02
2.081174170598387718e-03
5.593296140432357788e-03
8.889361633919179440e-04
1.739966566674411297e-03
1.282499288208782673e-03
1.300537842325866222e-03
8.601241861470043659e-04
2.315683988854289055e-03
7.901336997747421265e-03
8.023866452276706696e-03
1.398416818119585514e-03
3.505617845803499222e-03
2.641223603859543800e-03
1.101166568696498871e-02
1.178865553811192513e-03
6.431176443584263325e-04
8.246163488365709782e-04
1.863153651356697083e-03
2.894690819084644318e-02
1.638399786315858364e-03
2.126314910128712654e-03
6.165725644677877426e-04
4.965614527463912964e-03
2.811730606481432915e-03
3.540864586830139160e-02
1.623718533664941788e-03
1.111766509711742401e-02
2.257307292893528938e-03
1.121786772273480892e-03
3.323349868878722191e-03
4.210297483950853348e-03
7.085628458298742771e-04
2.373903756961226463e-03
1.146323513239622116e-03
1.184925902634859085e-03
3.597307018935680389e-03
5.450518801808357239e-04
1.976848579943180084e-03
7.328599458560347557e-04
1.258857734501361847e-02
3.755548095796257257e-04
2.768348203971982002e-03
1.428306684829294682e-03
1.481407321989536285e-03
1.881993957795202732e-03
7.506671245209872723e-04
5.775497760623693466e-03
1.016757450997829437e-03
6.242563249543309212e-04
1.490249764174222946e-03
6.915625999681651592e-04
1.202596351504325867e-03
5.670545622706413269e-03
1.024127355776727200e-03
2.483940217643976212e-03
3.441935405135154724e-04
8.504819124937057495e-04
4.622453358024358749e-03
5.936966277658939362e-03
9.625961072742938995e-03
1.151202479377388954e-03
1.135907019488513470e-03
5.697221495211124420e-04
7.387329242192208767e-04
9.284560801461338997e-04
6.811168976128101349e-03
6.334275938570499420e-03
1.343735493719577789e-03
2.738679759204387665e-04
3.767274611163884401e-04
5.005550337955355644e-04
1.021639793179929256e-03
2.348856767639517784e-03
1.158313825726509094e-03
1.277420786209404469e-03
2.533528022468090057e-03
1.268127118237316608e-03
1.639515277929604053e-03
7.688049809075891972e-04
7.732558296993374825e-04
8.398115169256925583e-04
5.609615473076701164e-04
1.099592261016368866e-02
1.744374749250710011e-03
5.541346967220306396e-02
3.308498067781329155e-03
2.897026715800166130e-03
8.556534349918365479e-02
3.020492494106292725e-01
2.293657511472702026e-01
1.132545694708824158e-01
4.394555464386940002e-03
1.084813009947538376e-02
1.330509223043918610e-02
1.048808321356773376e-01
1.575597673654556274e-01
1.611762344837188721e-01
1.092439331114292145e-02
3.905304148793220520e-02
2.100559882819652557e-02
7.323913276195526123e-02
1.314898878335952759e-01
1.354879587888717651e-01
1.031737495213747025e-02
3.361131250858306885e-02
3.038677014410495758e-02
1.088471487164497375e-01
1.498406678438186646e-01
1.735637038946151733e-01
1.382496505975723267e-01
1.037934515625238419e-02
1.818125136196613312e-02
5.273238942027091980e-02
3.430500030517578125e-01
2.463284432888031006e-01
1.391682121902704239e-02
6.315553560853004456e-03
6.442479789257049561e-02
1.912292391061782837e-01
1.665571779012680054e-01
2.755113840103149414e-01
1.123779546469449997e-02
4.115250892937183380e-03
4.820683971047401428e-02
7.858429849147796631e-02
2.019361108541488647e-01
2.859634160995483398e-01
1.905495673418045044e-02
5.190183408558368683e-03
1.959134638309478760e-02
1.268107444047927856e-01
1.110357642173767090e-01
2.863946259021759033e-01
2.951562637463212013e-03
2.214489504694938660e-03
2.956631127744913101e-03
4.531325772404670715e-03
2.649648860096931458e-02
4.326368495821952820e-02
2.910015173256397247e-03
2.117177238687872887e-03
7.932638749480247498e-03
6.462018936872482300e-02
6.694067735224962234e-03
2.106308564543724060e-02
2.466569188982248306e-03
1.659724279306828976e-03
3.776414785534143448e-03
6.250114645808935165e-03
1.017766911536455154e-02
4.582760389894247055e-03
8.933953940868377686e-04
3.540728241205215454e-03
4.119982477277517319e-03
2.247846918180584908e-03
1.988317118957638741e-03
4.436322953552007675e-03
1.200661063194274902e-02
8.689771639183163643e-04
4.356067162007093430e-03
8.466531871818006039e-04
7.289232453331351280e-04
1.980844419449567795e-03
1.697539351880550385e-03
2.407617401331663132e-03
3.471136325970292091e-03
1.573131652548909187e-03
9.636754170060157776e-03
2.727568615227937698e-03
1.427076174877583981e-03
9.921254822984337807e-04
1.925727818161249161e-03
1.457158126868307590e-03
4.005334805697202682e-03
8.244659984484314919e-04
5.354329012334346771e-03
5.025064572691917419e-03
1.743066008202731609e-03
4.185055382549762726e-03
5.680525209754705429e-03
1.790022244676947594e-03
1.636324683204293251e-03
5.028533749282360077e-03
2.599588595330715179e-03
8.327358402311801910e-03
1.068539451807737350e-03
4.806552082300186157e-03
1.120114582590758801e-03
2.597110345959663391e-03
3.340226598083972931e-03
1.397583633661270142e-03
1.849266001954674721e-03
1.644911943003535271e-03
3.810120280832052231e-03
9.675539913587272167e-04
1.103171845898032188e-03
2.261992311105132103e-03
3.102189628407359123e-03
1.093141734600067139e-03
1.941459835506975651e-03
1.180419814772903919e-03
7.475158199667930603e-04
9.927288629114627838e-04
1.288730418309569359e-03
7.394012063741683960e-04
1.356722228229045868e-02
1.023361575789749622e-03
1.207430264912545681e-03
2.503324998542666435e-03
1.036315574310719967e-03
1.223012106493115425e-03
2.048769267275929451e-03
1.914879656396806240e-03
1.662707189098000526e-03
1.901668263599276543e-03
3.367007477208971977e-03
2.044042106717824936e-03
1.469700946472585201e-03
1.597498077899217606e-03
2.261718036606907845e-03
1.417243294417858124e-02
2.625825814902782440e-03
4.170619416981935501e-03
7.727946154773235321e-03
7.322801742702722549e-03
1.336221862584352493e-02
1.288488041609525681e-03
3.655467648059129715e-03
2.251848950982093811e-02
4.079724196344614029e-03
1.839717733673751354e-03
1.894176565110683441e-02
3.743554232642054558e-03
1.339877489954233170e-02
3.192230314016342163e-02
2.418737858533859253e-03
5.424792692065238953e-02
2.096927724778652191e-03
1.476345360279083252e-01
1.320866644382476807e-01
9.075447171926498413e-02
4.379501100629568100e-03
1.317748147994279861e-02
1.974291168153285980e-02
8.297133445739746094e-02
7.530146092176437378e-02
5.858125910162925720e-02
1.953203231096267700e-02
1.672929711639881134e-02
1.125225052237510681e-02
1.549663487821817398e-02
7.897937297821044922e-02
1.489706039428710938e-01
6.224572192877531052e-03
5.776354111731052399e-03
5.652229860424995422e-02
3.603461384773254395e-02
6.931739300489425659e-02
1.489118933677673340e-01
2.340602129697799683e-02
5.480838008224964142e-03
2.306632231920957565e-03
8.555145002901554108e-03
3.454557433724403381e-02
1.607199385762214661e-02
1.905325101688504219e-03
3.162492066621780396e-03
3.006374696269631386e-03
1.089836098253726959e-02
8.976884186267852783e-03
1.042030937969684601e-02
3.198113758116960526e-03
6.995876319706439972e-03
1.073588989675045013e-02
2.917923033237457275e-03
6.111978553235530853e-03
6.048410199582576752e-03
6.142128724604845047e-03
5.508667789399623871e-03
5.993310827761888504e-03
5.901869386434555054e-03
2.781683811917901039e-03
3.468048525974154472e-03
2.016307320445775986e-03
6.399212405085563660e-03
1.679044682532548904e-03
3.563883481547236443e-03
2.799704903736710548e-03
1.229537650942802429e-03
5.344526842236518860e-03
1.842968538403511047e-02
1.124482601881027222e-03
3.378795925527811050e-03
4.264742881059646606e-02
5.261075217276811600e-03
9.971238905563950539e-04
3.951089456677436829e-03
5.419010296463966370e-03
6.947227288037538528e-03
7.953839376568794250e-03
1.470597577281296253e-03
1.597817754372954369e-03
5.483458284288644791e-03
2.139201620593667030e-03
7.014878559857606888e-03
3.639079863205552101e-03
4.610399249941110611e-03
3.125294111669063568e-03
1.298728119581937790e-02
2.031692676246166229e-02
2.194826724007725716e-03
3.088995115831494331e-03
3.763990011066198349e-03
3.153693396598100662e-03
1.221553073264658451e-03
5.981320980936288834e-03
1.309192040935158730e-03
9.070712141692638397e-03
1.078546163626015186e-03
7.334006950259208679e-03
9.358677780255675316e-04
9.578014723956584930e-03
8.892545010894536972e-04
3.338505281135439873e-03
1.329377410002052784e-03
1.341996830888092518e-03
5.359101574867963791e-03
8.943714201450347900e-04
3.914030734449625015e-03
1.229500281624495983e-03
1.758704893290996552e-03
3.902529133483767509e-03
2.574060112237930298e-03
1.036513363942503929e-03
2.402812801301479340e-02
6.496082060039043427e-04
1.091343001462519169e-03
6.226003752090036869e-04
2.861971966922283173e-03
3.313581645488739014e-02
3.033029614016413689e-03
1.120167225599288940e-02
3.288938198238611221e-03
7.049986743368208408e-04
1.238513924181461334e-02
6.233816966414451599e-04
1.886173617094755173e-03
7.686287630349397659e-03
5.330381914973258972e-03
2.258464926853775978e-03
1.216569566167891026e-03
9.910285007208585739e-04
1.160107832401990891e-02
1.562669407576322556e-03
4.127999767661094666e-03
1.503011211752891541e-03
1.239809556864202023e-03
2.862178022041916847e-03
2.638963749632239342e-03
5.773716140538454056e-03
5.247243680059909821e-04
2.168415812775492668e-03
6.522646872326731682e-04
4.378825833555310965e-04
1.700686989352107048e-03
1.593522028997540474e-03
1.209440175443887711e-03
1.251328852958977222e-03
1.264714170247316360e-03
3.481363411992788315e-03
1.522175502032041550e-03
8.553612278774380684e-04
2.469677943736314774e-03
1.844112528488039970e-03
3.673991188406944275e-03
3.940449561923742294e-03
4.416108597069978714e-03
1.634310465306043625e-03
3.425478469580411911e-03
2.656210446730256081e-03
1.688822754658758640e-03
2.488017082214355469e-03
3.049836261197924614e-03
8.587257470935583115e-04
1.847775653004646301e-02
2.523219911381602287e-03
2.880028216168284416e-03
2.370537025853991508e-03
1.235170215368270874e-01
4.210970364511013031e-03
4.856845829635858536e-03
1.386147690936923027e-03
6.068361923098564148e-03
3.582054516300559044e-03
4.329998046159744263e-02
4.485083278268575668e-03
5.492280703037977219e-03
1.083018630743026733e-02
2.409345703199505806e-03
2.346409112215042114e-02
1.630063727498054504e-02
2.084297686815261841e-02
1.202264148741960526e-02
6.284054368734359741e-03
2.257375419139862061e-02
1.238175109028816223e-02
6.789274513721466064e-03
8.065467700362205505e-03
1.818765513598918915e-02
1.476373076438903809e-01
2.143782004714012146e-02
1.382554024457931519e-01
1.988548636436462402e-01
2.752491235733032227e-01
1.218445897102355957e-01
8.399373851716518402e-03
5.758357699960470200e-03
2.987665496766567230e-02
1.101872920989990234e-01
1.727109253406524658e-01
2.275775521993637085e-01
2.243901835754513741e-03
1.297627575695514679e-02
2.503256872296333313e-02
1.116553395986557007e-01
2.243730574846267700e-01
1.403291225433349609e-01
4.566304385662078857e-03
4.032745491713285446e-03
1.436670497059822083e-02
7.334715127944946289e-02
2.484278529882431030e-01
2.419544309377670288e-01
2.717832569032907486e-03
8.255667984485626221e-02
1.811871305108070374e-03
4.457645583897829056e-03
1.569754481315612793e-01
4.145992994308471680e-01
5.165082402527332306e-03
4.224397707730531693e-03
3.744608163833618164e-02
6.953646987676620483e-02
1.380663365125656128e-01
3.329243063926696777e-01
3.805970773100852966e-03
2.699186326935887337e-03
6.505108624696731567e-02
7.396896928548812866e-02
2.589271366596221924e-01
2.386559545993804932e-01
3.806953784078359604e-03
3.477168502286076546e-03
3.992814943194389343e-02
1.612791121006011963e-01
2.027694731950759888e-01
2.117998749017715454e-01
1.266743754968047142e-03
1.026644278317689896e-02
4.226941466331481934e-01
6.946115172468125820e-04
9.555553644895553589e-02
4.854321479797363281e-01
1.861303229816257954e-03
1.658903434872627258e-02
2.226365953683853149e-01
4.396868348121643066e-01
4.118213355541229248e-01
6.764762401580810547e-01
1.960359979420900345e-03
4.398593306541442871e-02
1.735467612743377686e-01
2.285886108875274658e-01
5.121611952781677246e-01
3.667836189270019531e-01
3.647312987595796585e-03
2.192768268287181854e-02
4.029807075858116150e-02
2.234667241573333740e-01
2.471872568130493164e-01
3.660143017768859863e-01
1.567456522025167942e-03
1.956893363967537880e-03
3.874811902642250061e-02
1.227797195315361023e-01
1.332478830590844154e-03
2.453129505738615990e-03
8.608172647655010223e-04
1.117711048573255539e-02
6.317057460546493530e-02
2.655611038208007812e-01
4.351707547903060913e-02
1.767553985118865967e-01
2.623751526698470116e-03
2.199647249653935432e-03
1.060498878359794617e-03
1.437795162200927734e-02
2.648818865418434143e-02
5.574019998311996460e-02
1.659773988649249077e-03
1.059453468769788742e-03
1.304273307323455811e-02
2.441030228510499001e-03
6.775194779038429260e-03
2.160504087805747986e-02
3.282135119661688805e-03
4.168453626334667206e-03
6.366970017552375793e-03
8.094509132206439972e-03
3.839577361941337585e-02
1.310255657881498337e-02
6.648068316280841827e-03
9.057366289198398590e-03
3.845799015834927559e-03
2.383405342698097229e-02
3.302484285086393356e-03
6.453521549701690674e-02
1.478131162002682686e-03
9.510458447039127350e-03
5.343339405953884125e-03
4.990495741367340088e-03
3.361846087500452995e-03
8.132948540151119232e-03
2.810692647472023964e-03
1.427792198956012726e-02
2.640365390107035637e-03
3.716492326930165291e-03
1.161392498761415482e-02
4.595626145601272583e-03
2.699039876461029053e-03
1.962498528882861137e-03
2.618629951030015945e-03
2.374570444226264954e-02
2.527307020500302315e-03
8.375034481287002563e-02
1.863670651800930500e-03
6.024218164384365082e-03
7.706233114004135132e-02
3.861806169152259827e-02
3.007057011127471924e-01
1.298981755971908569e-01
1.297853328287601471e-02
5.782435182482004166e-03
1.171260513365268707e-02
2.976340986788272858e-02
1.057910919189453125e-01
1.288844048976898193e-01
6.654218770563602448e-03
5.244773812592029572e-03
6.833037827163934708e-03
2.634932473301887512e-02
8.784804493188858032e-02
9.982135146856307983e-02
1.577100344002246857e-02
7.469782605767250061e-03
4.087201505899429321e-02
1.263091340661048889e-02
2.722841128706932068e-02
2.268350869417190552e-02
8.261008560657501221e-02
3.531386842951178551e-03
2.903837710618972778e-02
2.429044432938098907e-02
3.316267952322959900e-02
1.396201699972152710e-01
2.676876028999686241e-03
3.873287932947278023e-03
5.808415357023477554e-03
1.902810484170913696e-02
6.728386133909225464e-02
2.175585180521011353e-02
7.735820487141609192e-03
3.129479708150029182e-03
1.106265280395746231e-02
8.241673558950424194e-02
7.267239689826965332e-02
2.490685880184173584e-02
2.715891925618052483e-03
8.461370132863521576e-03
3.185148583725094795e-03
1.064543500542640686e-01
1.383681222796440125e-02
6.519258022308349609e-02
1.770985778421163559e-03
4.335243999958038330e-02
2.154753077775239944e-03
2.065272303298115730e-03
6.210242956876754761e-02
2.515624165534973145e-01
4.908570088446140289e-03
1.906214165501296520e-03
6.454336922615766525e-03
7.038629800081253052e-02
4.003624245524406433e-02
6.152164563536643982e-02
2.494611311703920364e-03
4.385019186884164810e-03
5.722081754356622696e-03
4.016850609332323074e-03
1.126606669276952744e-02
1.683526858687400818e-02
3.648670855909585953e-03
1.815761439502239227e-03
1.163495890796184540e-02
1.767877605743706226e-03
6.610749755054712296e-03
8.036253973841667175e-03
2.803534502163529396e-03
1.627995516173541546e-03
1.964959781616926193e-03
5.124040180817246437e-04
6.520271417684853077e-04
1.200845930725336075e-03
1.559679047204554081e-03
1.058281864970922470e-03
1.457205973565578461e-03
8.091880008578300476e-04
6.410321220755577087e-04
9.963213233277201653e-04
3.944115596823394299e-04
8.523510769009590149e-04
1.805083244107663631e-03
1.553180743940174580e-03
4.489242273848503828e-04
7.119443616829812527e-04
1.188698457553982735e-03
8.308027172461152077e-04
5.083438591100275517e-04
1.112611265853047371e-03
1.162386499345302582e-03
1.824919134378433228e-03
2.217171480879187584e-03
1.626195269636809826e-03
6.319897947832942009e-04
1.975751481950283051e-02
3.850092762149870396e-04
3.395213279873132706e-04
6.019737920723855495e-04
1.267439802177250385e-03
6.863165763206779957e-04
3.892307868227362633e-03
4.158333688974380493e-02
1.327300444245338440e-03
3.334007458761334419e-03
5.758296465501189232e-04
3.918831236660480499e-03
4.140504822134971619e-02
2.714009489864110947e-03
2.754360437393188477e-02
3.228251589462161064e-04
5.558876437135040760e-04
1.076955581083893776e-03
3.718458581715822220e-03
3.712682984769344330e-03
9.560042992234230042e-03
3.346763260196894407e-04
8.761238423176109791e-04
2.066986169666051865e-03
9.790636831894516945e-04
4.216367378830909729e-02
6.002344307489693165e-04
1.866528647951781750e-03
2.319320192327722907e-04
1.792035298421978951e-03
3.198580816388130188e-02
1.082244608551263809e-02
2.185949124395847321e-02
5.109459743835031986e-04
1.911455066874623299e-03
4.352871619630604982e-04
1.079932902939617634e-03
6.899486761540174484e-03
7.308809552341699600e-03
5.436848150566220284e-04
1.012474996969103813e-03
1.315493136644363403e-03
5.161128356121480465e-04
8.907908922992646694e-04
1.217143377289175987e-03
8.481894619762897491e-04
8.364309323951601982e-04
8.239151793532073498e-04
6.530839600600302219e-04
4.547699354588985443e-04
2.094067633152008057e-03
4.713728849310427904e-04
5.309643456712365150e-04
3.022667951881885529e-04
9.598214528523385525e-04
1.600070158019661903e-03
1.195153221487998962e-03
8.803119999356567860e-04
5.883095436729490757e-04
4.032796423416584730e-04
1.280548400245606899e-03
1.027493621222674847e-03
7.937817717902362347e-04
7.116889464668929577e-04
4.786440986208617687e-04
1.577804563567042351e-03
5.225784145295619965e-03
8.895106730051338673e-04
5.865823477506637573e-03
9.117322042584419250e-03
2.014288678765296936e-03
2.155860187485814095e-03
8.459782227873802185e-03
3.021354088559746742e-03
1.965554198250174522e-03
9.617947973310947418e-03
2.432973589748144150e-03
1.525323837995529175e-03
1.469077775254845619e-03
2.615905599668622017e-03
6.324989721179008484e-03
3.176729427650570869e-03
2.205368829891085625e-03
5.922793876379728317e-03
1.405524439178407192e-03
9.134166757576167583e-04
1.539442408829927444e-02
7.317206822335720062e-03
1.090841251425445080e-03
1.303636468946933746e-03
3.348891856148838997e-03
3.835626645013689995e-03
6.755377165973186493e-03
2.282434143126010895e-03
1.731559517793357372e-03
3.371403552591800690e-03
2.748113824054598808e-03
1.487486995756626129e-03
1.527620479464530945e-03
2.092692535370588303e-03
1.169076748192310333e-02
1.273830770514905453e-03
2.248266013339161873e-03
1.436054939404129982e-03
2.413197420537471771e-03
1.284033525735139847e-03
9.900196455419063568e-04
3.538147546350955963e-03
2.340285107493400574e-02
1.054974505677819252e-03
5.451140459626913071e-03
1.408100361004471779e-03
3.212803974747657776e-03
1.698736683465540409e-03
9.985286742448806763e-04
1.071071531623601913e-02
1.156970206648111343e-02
5.050271749496459961e-03
4.104594234377145767e-03
2.411042107269167900e-03
2.752543427050113678e-03
2.143495948985219002e-03
2.808154560625553131e-03
9.034343529492616653e-04
1.246508560143411160e-03
1.031911186873912811e-02
1.145272981375455856e-03
6.902918103151023388e-04
1.089366967789828777e-03
6.824686424806714058e-04
1.275090267881751060e-03
5.073922220617532730e-04
8.157323463819921017e-04
8.153122616931796074e-04
7.384529453702270985e-04
6.123665370978415012e-04
2.375843003392219543e-03
8.662450127303600311e-04
3.676999825984239578e-03
8.965895394794642925e-04
1.088491408154368401e-03
1.340710325166583061e-03
2.091766335070133209e-03
1.298008137382566929e-03
1.061699353158473969e-03
2.052931115031242371e-03
6.760735996067523956e-04
4.768565297126770020e-03
1.941670780070126057e-03
3.140033688396215439e-03
5.584001541137695312e-03
3.325288183987140656e-03
8.042247034609317780e-03
7.464372320100665092e-04
7.488945848308503628e-04
2.126764040440320969e-03
1.234925235621631145e-03
5.117754265666007996e-02
1.431888155639171600e-02
5.369879305362701416e-03
3.596902592107653618e-03
2.839906606823205948e-03
4.808398894965648651e-03
2.019014768302440643e-02
2.063673920929431915e-03
4.258009605109691620e-03
2.684173872694373131e-03
1.591013628058135509e-03
7.946567609906196594e-03
3.450268879532814026e-02
8.788043051026761532e-04
1.037709065712988377e-03
2.265460789203643799e-03
2.561639063060283661e-03
2.947809174656867981e-02
3.135863225907087326e-03
2.557273954153060913e-03
1.310065621510148048e-03
1.170974224805831909e-03
1.131045632064342499e-03
2.938414691016077995e-03
3.734199097380042076e-03
6.704201456159353256e-03
8.791653439402580261e-03
4.064500797539949417e-03
8.228477090597152710e-03
5.619703792035579681e-03
4.517223220318555832e-03
1.308973762206733227e-03
1.138861384242773056e-02
3.028152976185083389e-03
6.405949592590332031e-03
6.149643566459417343e-03
9.958738461136817932e-03
6.637310609221458435e-03
1.034440938383340836e-02
1.734452508389949799e-02
5.197946913540363312e-03
2.894240897148847580e-03
1.476405654102563858e-02
7.427043281495571136e-03
3.165718866512179375e-03
6.604439113289117813e-03
4.272372927516698837e-03
3.647485980764031410e-03
7.309250999242067337e-03
5.698884837329387665e-03
1.711658388376235962e-02
9.600210934877395630e-03
4.711690824478864670e-03
3.801992628723382950e-03
4.853920545428991318e-03
3.463913220912218094e-03
7.445464376360177994e-03
7.818521000444889069e-03
2.191210538148880005e-02
3.618299029767513275e-03
7.802905049175024033e-03
1.451396662741899490e-02
4.370308481156826019e-03
7.248937617987394333e-03
1.138400752097368240e-02
6.928862538188695908e-03
3.722334280610084534e-03
7.097738329321146011e-03
2.922807633876800537e-02
5.618876311928033829e-03
9.694244712591171265e-03
5.798672325909137726e-03
2.504358999431133270e-02
4.330146126449108124e-03
6.549611221998929977e-03
9.838693775236606598e-03
4.341725725680589676e-03
3.073502564802765846e-03
5.961542949080467224e-03
1.633125357329845428e-02
3.923435229808092117e-03
3.544331528246402740e-03
3.452918725088238716e-03
2.005043439567089081e-02
4.465285222977399826e-03
5.623694974929094315e-03
2.663285704329609871e-03
4.304170608520507812e-03
2.362698316574096680e-03
7.031725719571113586e-03
1.038090698421001434e-02
6.016121711581945419e-03
3.694535465911030769e-03
1.269585336558520794e-03
2.175646834075450897e-03
1.590219442732632160e-03
2.730849431827664375e-03
2.552785910665988922e-03
1.026032492518424988e-03
4.270031116902828217e-03
2.493232022970914841e-03
1.429425086826086044e-03
8.284386247396469116e-03
1.661865971982479095e-03
1.628716825507581234e-03
2.209431957453489304e-03
3.138292813673615456e-03
5.651134997606277466e-03
2.808877499774098396e-03
3.494384698569774628e-03
1.451080664992332458e-03
2.415521768853068352e-03
2.068627160042524338e-03
1.137701445259153843e-03
1.425227732397615910e-03
1.043802825734019279e-03
1.013710512779653072e-03
1.705920090898871422e-03
1.203174120746552944e-03
1.343869487755000591e-03
1.620518276467919350e-03
3.057992784306406975e-03
6.728283595293760300e-03
8.620355511084198952e-04
7.098374189808964729e-04
7.220011320896446705e-04
6.809231708757579327e-04
7.741420995444059372e-04
8.547583129256963730e-04
1.305015408433973789e-03
7.405003416351974010e-04
7.458323379978537560e-04
1.425099559128284454e-03
5.865484708920121193e-04
7.644313154742121696e-04
2.166597405448555946e-03
1.328680664300918579e-03
5.281339399516582489e-04
6.538440007716417313e-03
5.468043382279574871e-04
8.187927887775003910e-04
6.491467938758432865e-04
5.586619372479617596e-04
1.213604817166924477e-03
1.050291932187974453e-03
8.152120281010866165e-04
9.477307321503758430e-04
4.434519796632230282e-04
5.278657772578299046e-04
9.145852527581155300e-04
1.665564370341598988e-03
3.306811850052326918e-04
9.633746230974793434e-04
5.624350160360336304e-04
2.010219497606158257e-03
5.531715578399598598e-04
5.195864941924810410e-04
8.089084876701235771e-04
8.594844839535653591e-04
1.137419021688401699e-03
1.186756766401231289e-03
7.604170241393148899e-04
1.154430327005684376e-03
5.814909934997558594e-03
3.753800701815634966e-04
8.264708449132740498e-04
8.788298000581562519e-04
8.477860246784985065e-04
1.286615729331970215e-01
5.912583437748253345e-04
4.398973193019628525e-03
2.342458814382553101e-02
1.564876735210418701e-01
4.289601445198059082e-01
3.546128869056701660e-01
3.653975427150726318e-01
3.981061279773712158e-03
4.375634249299764633e-03
5.531951040029525757e-02
2.038007378578186035e-01
2.630734443664550781e-01
5.219821333885192871e-01
1.529358909465372562e-03
1.057501789182424545e-02
1.025649085640907288e-01
1.072129607200622559e-01
2.774747312068939209e-01
4.292353689670562744e-01
2.455335343256592751e-03
1.079031266272068024e-02
4.712568596005439758e-02
1.753318309783935547e-01
2.771733999252319336e-01
4.936953783035278320e-01
1.338743022643029690e-03
3.940901905298233032e-02
3.168079257011413574e-01
6.868219971656799316e-01
8.290559649467468262e-01
1.229507207870483398e+00
4.975220654159784317e-03
5.711694434285163879e-02
1.011756733059883118e-01
2.920544743537902832e-01
4.102851748466491699e-01
5.813620090484619141e-01
1.462075393646955490e-02
3.557863458991050720e-02
2.484518289566040039e-02
1.233932152390480042e-01
2.947314679622650146e-01
3.091323673725128174e-01
8.375996723771095276e-03
1.111809536814689636e-02
1.069657281041145325e-01
2.128203958272933960e-02
2.089093774557113647e-01
1.280637383460998535e-01
2.504146285355091095e-02
5.273459013551473618e-03
1.014952175319194794e-02
3.124418295919895172e-02
2.030205167829990387e-02
6.314270198345184326e-02
4.110748413950204849e-03
2.690458903089165688e-03
2.365695685148239136e-02
1.484574191272258759e-02
1.078361645340919495e-01
2.427575550973415375e-02
2.283842768520116806e-03
4.538372159004211426e-03
2.070695161819458008e-03
7.457938045263290405e-03
5.562630668282508850e-02
1.414205227047204971e-02
1.161172403953969479e-03
2.470311941578984261e-03
4.148176405578851700e-03
1.982608810067176819e-02
4.993766546249389648e-03
4.605311434715986252e-03
2.049811743199825287e-02
2.684165257960557938e-03
2.242496004328131676e-03
1.418447005562484264e-03
1.937340013682842255e-03
1.368485041894018650e-03
1.243605511263012886e-03
2.389485714957118034e-03
2.517876215279102325e-03
2.567203249782323837e-03
2.606278285384178162e-03
4.092524293810129166e-03
2.304615685716271400e-03
2.101978287100791931e-03
2.639818936586380005e-03
9.777231607586145401e-04
8.706253720447421074e-04
5.146115552634000778e-03
1.202535117045044899e-03
4.696597810834646225e-03
2.924362430348992348e-03
8.742855279706418514e-04
6.723678670823574066e-04
3.208292182534933090e-03
4.815186373889446259e-03
1.633522799238562584e-03
1.934912428259849548e-02
1.247262465767562389e-03
2.346583176404237747e-03
2.628448419272899628e-03
1.226174877956509590e-03
6.656692130491137505e-04
1.309670624323189259e-03
1.882081385701894760e-03
1.640995847992599010e-03
1.178225968033075333e-02
4.259441513568162918e-03
8.830985170789062977e-04
2.816119929775595665e-03
1.123377471230924129e-03
2.040680963546037674e-03
3.529654350131750107e-03
4.957115743309259415e-04
7.263949955813586712e-04
5.747582297772169113e-03
5.280389450490474701e-03
1.447146642021834850e-03
1.663601258769631386e-03
1.846671570092439651e-03
6.923667388036847115e-04
4.711110086645931005e-04
2.159237116575241089e-02
4.161584656685590744e-04
3.267174353823065758e-03
1.400435925461351871e-03
5.956117529422044754e-04
1.817108364775776863e-03
1.535291131585836411e-02
4.765301942825317383e-03
1.274146046489477158e-02
6.794394575990736485e-04
1.470458810217678547e-03
1.522658742032945156e-03
4.789708764292299747e-04
7.114185718819499016e-04
1.211822615005075932e-03
8.325228700414299965e-04
1.073027378879487514e-03
1.622978597879409790e-03
1.130218524485826492e-02
8.114492520689964294e-04
8.195394766516983509e-04
3.065017051994800568e-03
1.446140813641250134e-03
9.999120375141501427e-04
1.258817384950816631e-03
8.225248008966445923e-02
1.184449158608913422e-02
1.135634956881403923e-03
4.843121278099715710e-04
1.502017490565776825e-02
3.641782701015472412e-02
1.104528456926345825e-01
1.351354420185089111e-01
6.923155393451452255e-03
1.081664115190505981e-03
4.549667239189147949e-03
2.825868129730224609e-02
1.026558950543403625e-01
1.127040386199951172e-02
3.357112174853682518e-03
3.749693976715207100e-03
1.196680869907140732e-02
3.891799971461296082e-02
4.706183448433876038e-03
1.992633379995822906e-02
1.017529633827507496e-03
8.468903251923620701e-04
8.488400490023195744e-04
1.921874238178133965e-03
5.959552247077226639e-03
4.110804572701454163e-02
5.893332418054342270e-04
8.016242063604295254e-04
4.581536632031202316e-03
3.324051946401596069e-02
1.969819143414497375e-02
4.567290842533111572e-02
1.179878716357052326e-03
5.029283929616212845e-03
1.081324415281414986e-03
1.792383263818919659e-03
7.509449869394302368e-02
4.337579011917114258e-02
1.155180274508893490e-03
1.729243318550288677e-03
9.096049470826983452e-04
4.741155542433261871e-03
3.108157403767108917e-02
1.045513711869716644e-02
3.199985250830650330e-03
1.323948730714619160e-03
2.184883225709199905e-03
5.319426301866769791e-03
3.613728098571300507e-03
2.606498776003718376e-03
8.953079814091324806e-04
8.789123385213315487e-04
4.979342920705676079e-04
1.673008315265178680e-03
1.820438075810670853e-03
8.222459582611918449e-04
9.764467249624431133e-04
3.326800186187028885e-03
4.598582454491406679e-04
7.981345057487487793e-03
4.363072221167385578e-04
1.601198338903486729e-03
2.155335620045661926e-03
2.620398066937923431e-03
7.736001280136406422e-04
2.433679066598415375e-03
7.663774886168539524e-04
3.279252676293253899e-03
4.240242706146091223e-04
7.726976182311773300e-04
1.530627952888607979e-03
1.330371713265776634e-03
1.483408384956419468e-03
3.866064362227916718e-03
1.752901473082602024e-03
1.488732406869530678e-03
9.837299585342407227e-04
7.209121249616146088e-04
4.802719049621373415e-04
5.988756893202662468e-04
6.548052188009023666e-04
7.406457443721592426e-04
9.902365272864699364e-04
4.913593875244259834e-04
1.448485301807522774e-03
1.138778403401374817e-03
7.572939503006637096e-04
6.545620271936058998e-04
8.660647436045110226e-04
4.549075674731284380e-04
4.284434835426509380e-04
6.797299720346927643e-04
7.820680621080100536e-04
1.650022342801094055e-03
4.274606704711914062e-03
1.384963165037333965e-03
1.842571655288338661e-03
9.494080441072583199e-04
7.633814821019768715e-04
8.523997385054826736e-04
2.146111801266670227e-03
1.288695493713021278e-03
4.052873118780553341e-04
1.362508395686745644e-03
5.588517524302005768e-04
6.818995461799204350e-04
9.137142333202064037e-04
1.825597020797431469e-03
4.408249806147068739e-04
2.218547742813825607e-03
9.502739412710070610e-04
3.887097409460693598e-04
1.694465288892388344e-03
1.458526356145739555e-03
1.775451237335801125e-03
2.844625851139426231e-04
1.699020271189510822e-03
7.529006106778979301e-04
1.054346328601241112e-03
9.568374371156096458e-04
1.241067308001220226e-03
1.033104141242802143e-03
4.693777300417423248e-04
2.896565478295087814e-03
4.639810940716415644e-04
6.889941869303584099e-04
9.951465763151645660e-04
3.724301350302994251e-04
1.021523959934711456e-03
1.053881365805864334e-03
6.906924536451697350e-04
5.007627769373357296e-04
7.868167944252490997e-03
1.299682073295116425e-03
1.130649121478199959e-03
6.376925157383084297e-04
1.351437414996325970e-03
6.225587334483861923e-03
1.336234970949590206e-03
2.446378348395228386e-03
1.750031835399568081e-03
9.569143876433372498e-04
8.648548973724246025e-04
1.026357407681643963e-03
2.191091887652873993e-03
1.584270969033241272e-03
3.162112785503268242e-03
1.152087468653917313e-03
7.473361911252140999e-04
6.218369817361235619e-04
1.489087194204330444e-01
6.030662916600704193e-04
8.536024950444698334e-03
8.087358437478542328e-03
2.829940989613533020e-02
3.755303025245666504e-01
1.260491013526916504e-01
5.909156426787376404e-02
5.899527575820684433e-03
1.723784767091274261e-02
4.929405450820922852e-02
9.916906803846359253e-02
1.148883998394012451e-01
6.373780965805053711e-02
7.652666419744491577e-03
1.304290723055601120e-02
1.337059680372476578e-02
5.939466506242752075e-02
3.181707561016082764e-01
1.610543876886367798e-01
5.388819146901369095e-03
7.908389903604984283e-03
8.524437248706817627e-02
1.405201107263565063e-01
2.467457503080368042e-01
4.769236743450164795e-01
2.023385139182209969e-03
6.929887086153030396e-02
1.934754252433776855e-01
4.789161682128906250e-01
5.673401951789855957e-01
5.038422346115112305e-01
1.255886349827051163e-02
3.264079988002777100e-02
1.168672367930412292e-01
2.024056017398834229e-01
2.986752688884735107e-01
5.150663256645202637e-01
9.633705951273441315e-03
2.327366359531879425e-02
5.215911567211151123e-02
1.071420609951019287e-01
1.801162213087081909e-01
2.757844626903533936e-01
4.405582789331674576e-03
7.693685591220855713e-03
2.420463413000106812e-02
2.891787327826023102e-02
1.011009290814399719e-01
3.767598867416381836e-01
1.523898635059595108e-02
7.092962507158517838e-03
2.705535152927041054e-03
1.023803185671567917e-02
2.567476779222488403e-02
7.259248942136764526e-02
2.109699882566928864e-02
3.838289994746446609e-03
7.004020735621452332e-03
1.370069850236177444e-02
2.504397556185722351e-02
3.861926123499870300e-02
2.110339934006333351e-03
5.438578780740499496e-03
5.929247010499238968e-03
1.075264904648065567e-02
1.111154723912477493e-02
1.225795596837997437e-02
2.896829275414347649e-03
1.668439479544758797e-03
1.325381803326308727e-03
6.485634949058294296e-03
2.279419219121336937e-03
3.416751278564333916e-03
2.490889281034469604e-03
1.121738776564598083e-01
1.319209346547722816e-03
2.721845638006925583e-03
6.476534903049468994e-02
1.641534417867660522e-01
2.198597649112343788e-03
4.947533365339040756e-03
1.338793896138668060e-03
4.251729696989059448e-02
4.396129399538040161e-02
2.813260629773139954e-02
3.004774916917085648e-03
2.847867319360375404e-03
1.263003796339035034e-02
1.631600433029234409e-03
2.303479425609111786e-02
4.048677161335945129e-02
1.479522208683192730e-03
2.593219047412276268e-03
6.484864745289087296e-03
2.409807639196515083e-03
7.541401311755180359e-03
5.458118859678506851e-03
1.643263036385178566e-03
7.863632636144757271e-04
4.958494007587432861e-02
4.193003114778548479e-04
9.659693459980189800e-04
1.319136470556259155e-01
4.864073707722127438e-04
1.463791588321328163e-03
4.576663020998239517e-03
4.456284642219543457e-02
6.634590774774551392e-02
8.325357735157012939e-02
2.208550926297903061e-03
1.459045335650444031e-03
3.132218262180685997e-03
2.762886323034763336e-02
1.976779289543628693e-02
1.545076444745063782e-02
