6.924828052520751953e+00
5.856558799743652344e+00
4.686239242553710938e+00
3.501247644424438477e+00
2.600727319717407227e+00
2.166847229003906250e+00
2.051631689071655273e+00
2.093607425689697266e+00
1.839071512222290039e+00
1.968670368194580078e+00
1.967671394348144531e+00
1.866805195808410645e+00
1.877866387367248535e+00
1.763588786125183105e+00
1.723508834838867188e+00
1.684877991676330566e+00
1.857764363288879395e+00
1.789450168609619141e+00
1.537129640579223633e+00
1.654059290885925293e+00
1.760051131248474121e+00
1.959195017814636230e+00
1.684171438217163086e+00
1.684937477111816406e+00
1.564064502716064453e+00
1.567853569984436035e+00
1.757958054542541504e+00
1.585767030715942383e+00
1.524088025093078613e+00
1.789295434951782227e+00
1.222990393638610840e+00
1.427410602569580078e+00
1.532508730888366699e+00
1.420433521270751953e+00
1.601320028305053711e+00
1.409231662750244141e+00
1.218875885009765625e+00
1.338941931724548340e+00
1.482100009918212891e+00
1.474808454513549805e+00
1.478404879570007324e+00
1.523061037063598633e+00
1.166944861412048340e+00
1.476599454879760742e+00
1.374591231346130371e+00
1.412447333335876465e+00
1.515074253082275391e+00
1.704169154167175293e+00
1.260455965995788574e+00
1.353190779685974121e+00
1.323166251182556152e+00
1.442705631256103516e+00
1.224498748779296875e+00
1.318456530570983887e+00
1.228864073753356934e+00
1.225571036338806152e+00
1.271436572074890137e+00
1.403326869010925293e+00
1.440717458724975586e+00
1.400197267532348633e+00
1.173830270767211914e+00
1.138984799385070801e+00
1.048658370971679688e+00
1.295868635177612305e+00
1.274080634117126465e+00
1.172274827957153320e+00
9.683576226234436035e-01
1.134479522705078125e+00
1.117376446723937988e+00
1.402083158493041992e+00
1.244384765625000000e+00
1.562317132949829102e+00
1.082990646362304688e+00
9.396885037422180176e-01
1.215787053108215332e+00
1.089599609375000000e+00
1.177833080291748047e+00
1.366710305213928223e+00
1.102517008781433105e+00
9.920116066932678223e-01
9.211496710777282715e-01
1.277608394622802734e+00
1.090995430946350098e+00
1.368902444839477539e+00
9.970175623893737793e-01
1.001523852348327637e+00
1.124708533287048340e+00
1.279583573341369629e+00
1.370497822761535645e+00
1.248421549797058105e+00
8.560684919357299805e-01
8.723257780075073242e-01
9.928244948387145996e-01
1.241916894912719727e+00
1.085057735443115234e+00
1.013966202735900879e+00
1.003069758415222168e+00
9.445099830627441406e-01
1.000033140182495117e+00
9.991101622581481934e-01
1.033025145530700684e+00
1.190505981445312500e+00
8.807872533798217773e-01
7.824553251266479492e-01
1.163895368576049805e+00
1.028416395187377930e+00
8.836838603019714355e-01
1.296633601188659668e+00
6.410630941390991211e-01
8.934313058853149414e-01
8.534738421440124512e-01
7.699527144432067871e-01
1.006193637847900391e+00
1.195051789283752441e+00
6.978623867034912109e-01
9.231324195861816406e-01
8.627569675445556641e-01
9.418445229530334473e-01
8.851146697998046875e-01
1.082354784011840820e+00
8.230826854705810547e-01
8.235036134719848633e-01
9.014497995376586914e-01
1.078900575637817383e+00
9.310041666030883789e-01
1.233600735664367676e+00
5.917649269104003906e-01
7.228065133094787598e-01
8.118759393692016602e-01
9.849821925163269043e-01
1.082494020462036133e+00
1.013619661331176758e+00
6.623519062995910645e-01
8.393312096595764160e-01
7.985236644744873047e-01
9.400677680969238281e-01
9.527291655540466309e-01
1.076093673706054688e+00
6.057341694831848145e-01
6.849713921546936035e-01
6.910082697868347168e-01
8.627154827117919922e-01
8.832445740699768066e-01
9.645219445228576660e-01
5.686517953872680664e-01
6.626084446907043457e-01
6.372870802879333496e-01
7.230526208877563477e-01
1.150675058364868164e+00
8.321928381919860840e-01
5.506256818771362305e-01
7.331538796424865723e-01
5.569324493408203125e-01
8.364403247833251953e-01
9.158797264099121094e-01
8.852063417434692383e-01
4.871867597103118896e-01
6.991794705390930176e-01
5.090301632881164551e-01
7.544512748718261719e-01
9.036455154418945312e-01
1.013463973999023438e+00
5.467715859413146973e-01
5.268695950508117676e-01
7.031630873680114746e-01
8.549528717994689941e-01
7.312116622924804688e-01
1.021451711654663086e+00
4.072291553020477295e-01
6.146473288536071777e-01
5.131176114082336426e-01
7.334565520286560059e-01
7.100252509117126465e-01
7.300585508346557617e-01
5.193036794662475586e-01
4.945194721221923828e-01
5.028536319732666016e-01
7.179593443870544434e-01
7.004895210266113281e-01
8.832071423530578613e-01
3.678168058395385742e-01
5.453977584838867188e-01
5.670344233512878418e-01
7.709220051765441895e-01
8.039392232894897461e-01
8.749211430549621582e-01
3.648537397384643555e-01
5.451576709747314453e-01
5.538253188133239746e-01
7.551281452178955078e-01
7.486563920974731445e-01
8.490656614303588867e-01
5.252811908721923828e-01
4.854194521903991699e-01
5.501413941383361816e-01
4.866189360618591309e-01
5.914364457130432129e-01
5.485511422157287598e-01
3.560481965541839600e-01
4.257257878780364990e-01
4.986678659915924072e-01
6.379408836364746094e-01
4.981196224689483643e-01
6.622464060783386230e-01
4.276750087738037109e-01
3.513268530368804932e-01
6.674091219902038574e-01
5.259934067726135254e-01
7.144590616226196289e-01
6.598061919212341309e-01
4.907107055187225342e-01
4.486920833587646484e-01
5.699191093444824219e-01
6.439769864082336426e-01
6.929125189781188965e-01
6.396551132202148438e-01
3.306965231895446777e-01
3.316541612148284912e-01
5.441407561302185059e-01
3.950456976890563965e-01
5.370234251022338867e-01
5.809425115585327148e-01
3.885945379734039307e-01
3.993643522262573242e-01
5.069414377212524414e-01
5.467105507850646973e-01
5.736111402511596680e-01
4.840324819087982178e-01
2.861659824848175049e-01
4.689906537532806396e-01
4.327636361122131348e-01
4.049912989139556885e-01
6.072889566421508789e-01
5.693773031234741211e-01
3.734029233455657959e-01
3.308628499507904053e-01
5.169284343719482422e-01
4.596153795719146729e-01
5.356582403182983398e-01
7.192323803901672363e-01
2.437034100294113159e-01
3.525267541408538818e-01
4.274525344371795654e-01
4.599501490592956543e-01
4.139843583106994629e-01
6.275039911270141602e-01
3.900499045848846436e-01
2.970564663410186768e-01
4.442423880100250244e-01
4.799799025058746338e-01
5.418016910552978516e-01
4.771618843078613281e-01
2.761052250862121582e-01
3.170371353626251221e-01
3.577713370323181152e-01
5.427885651588439941e-01
5.452846288681030273e-01
6.713508367538452148e-01
3.222869634628295898e-01
2.195321172475814819e-01
4.669032394886016846e-01
5.558809638023376465e-01
4.765535593032836914e-01
6.945564150810241699e-01
2.967068254947662354e-01
2.419704496860504150e-01
2.434258759021759033e-01
2.518336772918701172e-01
4.565254449844360352e-01
4.434314966201782227e-01
2.586162388324737549e-01
2.273666858673095703e-01
2.684231698513031006e-01
3.229683041572570801e-01
2.324500530958175659e-01
4.564124345779418945e-01
1.752719432115554810e-01
2.194630652666091919e-01
2.584958970546722412e-01
3.275911509990692139e-01
4.308108091354370117e-01
6.620317697525024414e-01
3.634133934974670410e-01
1.402675807476043701e-01
3.486486375331878662e-01
4.714247286319732666e-01
3.659271895885467529e-01
5.551924705505371094e-01
1.700214445590972900e-01
2.949331402778625488e-01
2.571817040443420410e-01
3.505210578441619873e-01
4.737099111080169678e-01
5.141497850418090820e-01
1.657496392726898193e-01
2.701811492443084717e-01
2.456589192152023315e-01
3.765262961387634277e-01
4.162682592868804932e-01
5.293305516242980957e-01
2.210375368595123291e-01
3.275114595890045166e-01
2.532636225223541260e-01
2.737952470779418945e-01
3.610523939132690430e-01
6.302717328071594238e-01
1.946978121995925903e-01
1.551594138145446777e-01
3.830966949462890625e-01
2.975765764713287354e-01
5.660544633865356445e-01
4.219106137752532959e-01
1.576868742704391479e-01
1.385839581489562988e-01
3.046773076057434082e-01
1.940609365701675415e-01
4.171254932880401611e-01
4.502142667770385742e-01
1.565829366445541382e-01
1.575904041528701782e-01
1.533012688159942627e-01
2.820256650447845459e-01
2.879776656627655029e-01
4.364617168903350830e-01
8.400851488113403320e-02
1.172969564795494080e-01
1.673642396926879883e-01
2.705395817756652832e-01
3.224349617958068848e-01
2.777132689952850342e-01
1.445043087005615234e-01
1.927917599678039551e-01
1.924767196178436279e-01
3.434516489505767822e-01
3.894011974334716797e-01
3.807661235332489014e-01
7.964970916509628296e-02
1.164647340774536133e-01
2.019620686769485474e-01
2.529349923133850098e-01
3.614076077938079834e-01
4.415059983730316162e-01
1.750837713479995728e-01
8.909384161233901978e-02
2.495615631341934204e-01
1.470601111650466919e-01
3.708894550800323486e-01
4.374989271163940430e-01
9.323532134294509888e-02
7.806220650672912598e-02
2.137846052646636963e-01
2.582937777042388916e-01
4.891632497310638428e-01
3.646909296512603760e-01
2.196365743875503540e-01
2.807614505290985107e-01
1.890626996755599976e-01
3.384853005409240723e-01
4.144651293754577637e-01
4.932592213153839111e-01
1.037183105945587158e-01
5.521650984883308411e-02
2.328839749097824097e-01
2.590154111385345459e-01
3.126756548881530762e-01
5.079430937767028809e-01
4.081354662775993347e-02
7.742083072662353516e-02
1.799211502075195312e-01
1.636441797018051147e-01
2.636530399322509766e-01
3.437788486480712891e-01
9.654884040355682373e-02
9.707638621330261230e-02
1.863415688276290894e-01
2.940772175788879395e-01
3.148038685321807861e-01
3.392066359519958496e-01
8.010202646255493164e-02
5.154076963663101196e-02
2.107798159122467041e-01
2.431899607181549072e-01
2.513621747493743896e-01
3.175174891948699951e-01
6.686785817146301270e-02
1.330603510141372681e-01
1.800519675016403198e-01
3.324831724166870117e-01
1.935985535383224487e-01
4.314376711845397949e-01
8.355834335088729858e-02
8.740271627902984619e-02
2.086746692657470703e-01
2.998928129673004150e-01
2.334031015634536743e-01
2.579381465911865234e-01
3.830799087882041931e-02
1.631302386522293091e-01
1.161638945341110229e-01
1.463977843523025513e-01
1.963473260402679443e-01
3.859625756740570068e-01
7.001706957817077637e-02
1.219810172915458679e-01
6.963650882244110107e-02
1.370608061552047729e-01
1.525627076625823975e-01
3.197724819183349609e-01
5.543703958392143250e-02
3.528209775686264038e-02
9.252451360225677490e-02
2.183611541986465454e-01
2.338180094957351685e-01
2.158579677343368530e-01
8.832629770040512085e-02
5.785964429378509521e-02
1.817360222339630127e-01
1.261443793773651123e-01
1.824378222227096558e-01
2.911964654922485352e-01
5.881166458129882812e-02
1.007306352257728577e-01
9.694097191095352173e-02
1.184033676981925964e-01
2.888121306896209717e-01
1.707839816808700562e-01
5.615450069308280945e-02
1.178706586360931396e-01
1.063838675618171692e-01
7.605979591608047485e-02
2.334096878767013550e-01
3.608598411083221436e-01
5.666491016745567322e-02
4.636730998754501343e-02
1.934197545051574707e-01
1.715857237577438354e-01
2.284803986549377441e-01
2.818411886692047119e-01
3.782195970416069031e-02
7.693806290626525879e-02
1.058264747262001038e-01
1.533125638961791992e-01
1.890851408243179321e-01
2.883371114730834961e-01
8.336680382490158081e-02
2.547534555196762085e-02
5.189023911952972412e-02
1.643150746822357178e-01
1.589816659688949585e-01
1.970146596431732178e-01
4.605255275964736938e-02
1.686044409871101379e-02
1.224919259548187256e-01
1.349299997091293335e-01
1.842592954635620117e-01
9.917742013931274414e-02
2.899197861552238464e-02
1.146708056330680847e-02
3.337064385414123535e-02
5.583976581692695618e-02
1.211946904659271240e-01
3.381994068622589111e-01
2.142888307571411133e-02
3.590362519025802612e-02
6.238975375890731812e-02
2.047557830810546875e-01
4.347923398017883301e-01
2.363326847553253174e-01
4.993965476751327515e-02
4.884602874517440796e-02
9.311380237340927124e-02
2.467528581619262695e-01
1.956461071968078613e-01
4.054180979728698730e-01
1.043577492237091064e-01
2.100085467100143433e-02
1.846141666173934937e-01
2.489918917417526245e-01
1.877285987138748169e-01
3.409561216831207275e-01
8.588429540395736694e-02
6.437936425209045410e-02
1.078660041093826294e-01
3.417867124080657959e-01
2.910626530647277832e-01
3.749473989009857178e-01
1.401553303003311157e-02
4.227654635906219482e-02
8.308845013380050659e-02
1.606644392013549805e-01
3.394115567207336426e-01
4.224505722522735596e-01
6.425037235021591187e-02
5.811379849910736084e-02
1.295319199562072754e-01
1.451016366481781006e-01
2.901926636695861816e-01
2.382133603096008301e-01
4.060730338096618652e-02
2.229488082230091095e-02
1.122441664338111877e-01
1.904139220714569092e-01
1.935069710016250610e-01
3.544125854969024658e-01
2.214536257088184357e-02
4.078367352485656738e-02
1.092051044106483459e-01
1.393159627914428711e-01
3.438811898231506348e-01
2.595676481723785400e-01
2.570383623242378235e-02
2.266373112797737122e-02
6.259567290544509888e-02
2.806989848613739014e-01
2.277929633855819702e-01
1.928732991218566895e-01
8.709275722503662109e-02
8.047709614038467407e-02
8.228973299264907837e-02
6.777528673410415649e-02
1.439912617206573486e-01
1.631404310464859009e-01
2.551985904574394226e-02
2.301839552819728851e-02
6.628696620464324951e-02
1.560799926519393921e-01
7.715997099876403809e-02
2.906498014926910400e-01
9.980958886444568634e-03
2.695426344871520996e-02
4.956863075494766235e-02
1.616851538419723511e-01
4.498287737369537354e-01
2.345002442598342896e-01
1.776889525353908539e-02
2.125209569931030273e-02
5.145100131630897522e-02
4.552881047129631042e-02
1.484522521495819092e-01
2.184106558561325073e-01
1.582541316747665405e-02
2.117107436060905457e-02
5.021442845463752747e-02
4.158822819590568542e-02
2.573919296264648438e-01
1.042534261941909790e-01
1.305707078427076340e-02
3.889305517077445984e-02
1.888355799019336700e-02
3.043520078063011169e-02
8.308789879083633423e-02
9.774817526340484619e-02
5.112268496304750443e-03
1.750620268285274506e-02
2.493668161332607269e-02
7.151774317026138306e-02
1.710700839757919312e-01
2.051894515752792358e-01
1.765575818717479706e-02
1.258317753672599792e-02
6.411410868167877197e-02
1.611059457063674927e-01
1.538532227277755737e-01
5.152703821659088135e-02
1.004039309918880463e-02
5.797828547656536102e-03
3.705321997404098511e-02
2.340307459235191345e-02
5.239797756075859070e-02
1.749319434165954590e-01
2.492108382284641266e-02
8.738586679100990295e-03
2.022225968539714813e-02
7.855744659900665283e-02
1.119997054338455200e-01
8.606483042240142822e-02
1.063434779644012451e-02
1.756253652274608612e-02
1.013723909854888916e-01
1.613394170999526978e-01
1.199872940778732300e-01
2.670862674713134766e-01
6.414962001144886017e-03
1.370482053607702255e-02
1.962065696716308594e-02
1.240686029195785522e-01
1.602117270231246948e-01
9.086807817220687866e-02
2.481328509747982025e-02
2.364162169396877289e-02
1.743264496326446533e-02
1.265670806169509888e-01
2.224126271903514862e-02
2.243468016386032104e-01
1.713177189230918884e-02
1.127342879772186279e-02
6.447650492191314697e-02
3.157619759440422058e-02
8.167438209056854248e-02
1.803072541952133179e-01
2.330640889704227448e-02
2.830629982054233551e-02
1.243977341800928116e-02
6.500019878149032593e-02
7.835457473993301392e-02
3.704672753810882568e-01
2.098345942795276642e-02
1.465280540287494659e-02
3.076038323342800140e-02
7.223662734031677246e-02
1.330622583627700806e-01
2.197224795818328857e-01
1.967757195234298706e-02
1.753380894660949707e-02
2.265846543014049530e-02
6.424798071384429932e-02
1.294194310903549194e-01
1.079599112272262573e-01
2.305555902421474457e-02
2.012046054005622864e-02
1.701802574098110199e-02
8.184427022933959961e-02
6.621704250574111938e-02
3.674729466438293457e-01
6.190097425132989883e-03
2.353944629430770874e-02
9.925378859043121338e-02
3.779422342777252197e-01
6.239791512489318848e-01
4.919239580631256104e-01
8.760919794440269470e-03
7.776361424475908279e-03
1.004511639475822449e-01
2.909841537475585938e-01
6.127454042434692383e-01
3.129114806652069092e-01
7.156786043196916580e-03
3.738460317254066467e-02
6.724859774112701416e-02
7.862689346075057983e-02
5.233250856399536133e-01
4.149532020092010498e-01
3.018721938133239746e-02
1.294246409088373184e-02
5.583605542778968811e-02
4.932710528373718262e-02
2.705819308757781982e-01
4.199113547801971436e-01
6.547000724822282791e-03
1.189189869910478592e-02
7.327463477849960327e-02
2.970385849475860596e-01
4.274963140487670898e-01
2.477950155735015869e-01
6.192700006067752838e-03
1.620156131684780121e-02
8.409801125526428223e-02
1.424427926540374756e-01
2.203904539346694946e-01
2.744279801845550537e-01
1.270529627799987793e-02
1.169439591467380524e-02
3.619974851608276367e-02
5.529815331101417542e-02
5.675473809242248535e-02
1.959210336208343506e-01
1.034291833639144897e-02
5.882580950856208801e-02
4.964949563145637512e-02
1.580970175564289093e-02
7.597794383764266968e-02
2.795067429542541504e-01
2.584089757874608040e-03
1.707090064883232117e-02
4.516196995973587036e-02
3.435011208057403564e-02
3.566943481564521790e-02
6.823720782995223999e-02
3.665279364213347435e-03
2.923208521679043770e-03
2.584504894912242889e-02
1.222735457122325897e-02
5.424066632986068726e-02
2.143134921789169312e-02
5.002838559448719025e-03
6.501649320125579834e-02
2.514379797503352165e-03
7.006046921014785767e-02
1.110247615724802017e-02
1.506339013576507568e-02
3.560723038390278816e-03
1.406586356461048126e-02
8.774490095674991608e-03
1.045348122715950012e-02
6.195468083024024963e-02
2.700041281059384346e-03
1.959286397323012352e-03
2.224512631073594093e-03
3.872747067362070084e-03
5.978492554277181625e-03
6.471729837357997894e-03
4.857885465025901794e-02
4.883031826466321945e-03
3.851492889225482941e-03
1.660040230490267277e-03
7.854185067117214203e-03
2.583165885880589485e-03
3.076813556253910065e-02
2.650849753990769386e-03
5.779637955129146576e-03
6.361010018736124039e-03
1.039326004683971405e-02
2.990880236029624939e-02
5.036631971597671509e-02
2.428424544632434845e-02
1.689933356828987598e-03
5.915055982768535614e-03
4.373000469058752060e-03
2.439265325665473938e-02
2.189006283879280090e-02
5.461515858769416809e-03
3.972929436713457108e-03
2.749033505097031593e-03
6.428869068622589111e-02
6.093603558838367462e-03
2.880158647894859314e-02
1.227950584143400192e-02
4.084951709955930710e-03
1.854298263788223267e-02
8.297144435346126556e-03
5.549110472202301025e-02
3.867902979254722595e-02
3.909742925316095352e-03
8.381499908864498138e-03
1.826165802776813507e-02
2.047250233590602875e-02
1.236296724528074265e-02
3.730932250618934631e-02
5.399258341640233994e-03
4.901607055217027664e-03
6.621629931032657623e-03
1.123240403831005096e-02
9.987738914787769318e-03
2.468208782374858856e-02
9.456206113100051880e-03
1.256451383233070374e-02
8.748865686357021332e-03
3.971011377871036530e-03
1.442991010844707489e-02
8.717797696590423584e-03
1.280643045902252197e-02
4.579479247331619263e-02
4.227580036967992783e-03
1.852896064519882202e-02
3.235359909012913704e-03
3.514789510518312454e-03
7.541389204561710358e-03
2.173359505832195282e-03
8.531886152923107147e-03
9.929457679390907288e-03
3.518770448863506317e-03
9.827938862144947052e-03
1.500082202255725861e-02
5.962195806205272675e-03
4.394439980387687683e-03
4.202174022793769836e-03
6.816281937062740326e-03
2.636229433119297028e-02
2.493862062692642212e-03
6.045361049473285675e-03
1.192354038357734680e-02
5.132327787578105927e-03
7.611548993736505508e-03
3.265149518847465515e-02
1.761598512530326843e-02
2.596547454595565796e-02
5.167938768863677979e-03
2.367608807981014252e-02
3.645316511392593384e-02
4.908142983913421631e-02
3.942544572055339813e-03
3.947284072637557983e-02
6.071567069739103317e-03
7.793017663061618805e-03
6.806201767176389694e-03
1.460461039096117020e-02
4.269535653293132782e-03
7.097320631146430969e-03
6.854836363345384598e-03
5.701633635908365250e-03
3.654541214928030968e-03
9.108922444283962250e-03
3.396652871742844582e-03
2.690328098833560944e-02
2.529647666960954666e-03
4.139359109103679657e-03
1.075601391494274139e-02
8.016860112547874451e-03
5.220703780651092529e-03
1.337093021720647812e-02
1.734801218844950199e-03
1.291571184992790222e-03
5.635123699903488159e-02
1.678299042396247387e-03
4.596202168613672256e-03
3.533470677211880684e-03
5.588407441973686218e-02
6.100504659116268158e-03
1.405888609588146210e-02
1.307914406061172485e-02
1.804333552718162537e-02
2.366757486015558243e-03
2.971213078126311302e-03
3.818110562860965729e-03
4.745009355247020721e-03
4.524018615484237671e-02
4.942688159644603729e-03
1.649371348321437836e-02
1.041930541396141052e-01
7.870622910559177399e-03
1.503602229058742523e-02
5.368559807538986206e-02
4.448410589247941971e-03
1.555936294607818127e-03
3.839403158053755760e-03
6.353958509862422943e-03
4.841880872845649719e-03
1.200811006128787994e-02
2.389594912528991699e-03
1.801024004817008972e-02
5.044559016823768616e-03
2.539493376389145851e-03
2.352991513907909393e-02
6.440429948270320892e-03
1.740633044391870499e-03
5.835698917508125305e-03
3.035776084288954735e-03
3.734926134347915649e-02
9.062081575393676758e-03
2.845637965947389603e-03
3.158678999170660973e-03
1.730645191855728626e-03
4.810080397874116898e-03
5.009283311665058136e-03
1.124932989478111267e-02
1.049621123820543289e-02
3.234835341572761536e-03
5.170099437236785889e-03
1.641653478145599365e-03
9.740236215293407440e-03
2.655612770467996597e-03
3.855359181761741638e-02
9.154346771538257599e-03
3.793216776102781296e-03
1.806829497218132019e-02
1.907702907919883728e-02
4.466365091502666473e-03
5.468372721225023270e-03
1.444680732674896717e-03
4.599886480718851089e-03
3.226051107048988342e-03
2.125040395185351372e-03
3.731277212500572205e-02
3.685146942734718323e-02
5.510013084858655930e-03
1.440552179701626301e-03
5.089914891868829727e-03
2.374475263059139252e-02
1.515199840068817139e-01
3.295281529426574707e-02
3.197034448385238647e-02
8.179849013686180115e-03
9.636069647967815399e-03
2.299034409224987030e-02
7.043448090553283691e-02
5.851738527417182922e-02
3.621578682214021683e-03
1.238589361310005188e-02
1.581384241580963135e-02
2.728609554469585419e-02
7.983647286891937256e-02
1.519666463136672974e-01
2.258240943774580956e-03
6.069672759622335434e-03
7.318864017724990845e-02
7.752726972103118896e-02
1.074695885181427002e-01
3.040806949138641357e-02
8.391269482672214508e-03
5.349284503608942032e-03
4.228030797094106674e-03
6.917460262775421143e-02
1.051128208637237549e-01
5.147115513682365417e-02
2.360243117436766624e-03
1.216254476457834244e-02
3.617725148797035217e-02
2.424513362348079681e-02
1.029058992862701416e-01
1.014799922704696655e-01
1.114938501268625259e-02
1.568061485886573792e-02
9.088714607059955597e-03
4.377542063593864441e-02
5.451400950551033020e-02
5.360821634531021118e-02
1.014225650578737259e-02
4.513516277074813843e-02
1.551401149481534958e-02
3.585752099752426147e-02
6.251791119575500488e-02
2.202916331589221954e-02
4.269713070243597031e-03
1.224091509357094765e-03
1.818581670522689819e-02
6.284597516059875488e-02
1.200661901384592056e-02
5.425446853041648865e-02
7.851883769035339355e-03
1.674721832387149334e-03
5.864989012479782104e-03
5.415829829871654510e-03
8.248353376984596252e-03
8.086729049682617188e-02
2.363366074860095978e-03
3.568776650354266167e-03
7.718158420175313950e-03
4.500302486121654510e-03
1.239763386547565460e-02
1.039577834308147430e-02
2.266045892611145973e-03
7.585445884615182877e-03
3.219650825485587120e-03
6.170048378407955170e-03
3.583963215351104736e-02
1.851361128501594067e-03
2.706035971641540527e-03
1.859514974057674408e-03
3.270638408139348030e-03
3.892399603500962257e-03
4.216772038489580154e-03
4.099019337445497513e-03
2.086598426103591919e-03
1.478047575801610947e-03
4.320263862609863281e-03
1.837685517966747284e-02
1.496180659160017967e-03
2.087132306769490242e-03
3.385696560144424438e-03
2.488659508526325226e-02
3.843477461487054825e-03
4.174188245087862015e-03
1.542086713016033173e-02
6.309629883617162704e-03
8.953989017754793167e-04
3.015432273969054222e-03
1.170479925349354744e-03
1.649112091399729252e-03
9.871433489024639130e-03
9.478629566729068756e-03
1.407764269970357418e-03
2.442255988717079163e-02
6.468628533184528351e-03
3.278550691902637482e-03
3.515683347359299660e-03
1.196399680338799953e-03
8.454500930383801460e-04
3.120318986475467682e-03
3.092165570706129074e-03
2.763655735179781914e-03
3.556370735168457031e-03
2.342545893043279648e-03
2.265702234581112862e-03
4.733708221465349197e-03
5.702934693545103073e-03
1.117107924073934555e-03
6.204550620168447495e-03
2.276026410982012749e-03
1.218038727529346943e-03
2.458659932017326355e-03
3.122385405004024506e-02
4.545999690890312195e-03
4.015125334262847900e-03
7.481899112462997437e-02
1.135231810621917248e-03
6.990115158259868622e-03
1.740740984678268433e-02
1.701997965574264526e-01
7.417147606611251831e-02
5.915214866399765015e-02
2.440563868731260300e-03
2.793212886899709702e-03
4.254021495580673218e-02
2.216080203652381897e-02
2.547421753406524658e-01
7.587087899446487427e-02
1.876318827271461487e-03
6.237538065761327744e-03
4.272696003317832947e-02
1.210712492465972900e-01
2.675432153046131134e-02
1.899194866418838501e-01
6.336112041026353836e-03
3.374578664079308510e-03
1.374076306819915771e-02
1.451415847986936569e-02
5.919685959815979004e-02
1.060155257582664490e-01
4.876890219748020172e-03
4.098427668213844299e-02
7.140554487705230713e-02
1.100243777036666870e-01
7.179629802703857422e-02
1.450145840644836426e-01
3.503196639940142632e-03
1.887429389171302319e-03
1.180554274469614029e-02
1.574884541332721710e-02
1.263072192668914795e-01
1.112182140350341797e-01
1.929152198135852814e-02
2.417233400046825409e-02
4.294623434543609619e-02
2.222230844199657440e-02
2.504285424947738647e-02
1.210094466805458069e-01
2.209486905485391617e-03
7.260406855493783951e-03
4.225047770887613297e-03
1.106810849159955978e-02
4.814930260181427002e-02
3.887682035565376282e-02
9.332818910479545593e-03
1.409210264682769775e-02
2.816426940262317657e-02
5.462976172566413879e-02
9.596675634384155273e-02
1.017860472202301025e-01
2.222687704488635063e-03
9.208047762513160706e-03
7.446175441145896912e-03
2.630098536610603333e-02
1.129446104168891907e-01
5.701094120740890503e-02
5.952840670943260193e-03
5.204697605222463608e-03
3.390421858057379723e-03
1.793285273015499115e-02
6.447328627109527588e-02
3.755416721105575562e-02
2.292311284691095352e-03
4.826339893043041229e-03
8.312780410051345825e-03
1.266381051391363144e-02
3.338946029543876648e-02
1.447976678609848022e-01
3.563545411452651024e-03
1.798169105313718319e-03
4.745033569633960724e-03
1.891434937715530396e-02
1.009701937437057495e-01
8.691285550594329834e-02
5.033459980040788651e-03
7.200647145509719849e-03
9.177157655358314514e-03
5.438756942749023438e-02
7.819868624210357666e-02
1.499384343624114990e-01
7.260160986334085464e-03
3.874184796586632729e-03
2.526134438812732697e-02
2.049442939460277557e-02
4.587247595191001892e-02
5.267471820116043091e-02
3.335066372528672218e-03
5.000748671591281891e-03
7.703665643930435181e-03
4.172058403491973877e-02
2.585866488516330719e-02
5.008592084050178528e-02
2.784809330478310585e-03
2.731467830017209053e-03
3.414324484765529633e-03
5.189674720168113708e-02
1.711670868098735809e-02
6.909908354282379150e-02
3.917377442121505737e-03
2.112362766638398170e-03
1.728252158500254154e-03
7.505322806537151337e-03
5.753529444336891174e-02
8.527654409408569336e-02
2.615235047414898872e-03
3.173344535753130913e-03
6.069113966077566147e-03
7.603199686855077744e-03
1.215093582868576050e-01
1.167315524071455002e-02
2.187782898545265198e-03
3.212113399058580399e-03
2.191872801631689072e-03
4.020265117287635803e-02
1.018649246543645859e-02
3.765745833516120911e-02
1.171570271253585815e-03
3.055125707760453224e-03
7.555920630693435669e-02
7.144309114664793015e-03
3.520872443914413452e-02
1.464599519968032837e-01
1.333382911980152130e-03
7.383006159216165543e-03
8.934673853218555450e-03
1.014152355492115021e-02
1.693165674805641174e-02
1.122733503580093384e-01
1.082870177924633026e-03
3.254638519138097763e-03
1.110810553655028343e-03
1.134097483009099960e-02
1.368823274970054626e-02
4.425171017646789551e-02
3.446822753176093102e-03
1.656825421378016472e-03
7.171201985329389572e-03
6.362572778016328812e-03
2.303114626556634903e-03
1.373669411987066269e-02
3.456825157627463341e-03
1.151605043560266495e-03
6.692135939374566078e-04
2.925501437857747078e-03
3.710392164066433907e-03
5.576557479798793793e-03
1.610213890671730042e-03
1.713715610094368458e-03
1.317433733493089676e-02
7.951441803015768528e-04
5.917757283896207809e-03
1.053485786542296410e-03
6.615965394303202629e-04
8.172714151442050934e-04
1.546905376017093658e-03
5.260104313492774963e-03
3.935585264116525650e-03
1.060491194948554039e-03
1.862210687249898911e-03
5.741825792938470840e-03
1.187839079648256302e-03
2.322649816051125526e-03
2.818336011841893196e-03
7.467318326234817505e-02
1.447369810193777084e-03
1.818177988752722740e-03
4.537488333880901337e-03
9.292370080947875977e-02
1.234825700521469116e-02
7.552956230938434601e-03
1.346509554423391819e-03
1.419342588633298874e-03
2.199372043833136559e-03
1.147310715168714523e-02
8.305021561682224274e-03
9.120091795921325684e-03
6.932613905519247055e-04
1.415007049217820168e-03
1.350204460322856903e-03
1.500971033237874508e-03
2.503173658624291420e-03
2.455726964399218559e-03
1.646095653995871544e-03
6.814162246882915497e-03
2.221709815785288811e-03
2.596844453364610672e-03
1.583088538609445095e-03
3.285984275862574577e-03
1.098928693681955338e-02
5.521565326489508152e-04
6.506890058517456055e-04
1.343571813777089119e-03
3.249492263421416283e-03
1.955579966306686401e-03
2.658424433320760727e-03
1.550746965222060680e-03
7.203980349004268646e-04
2.927379682660102844e-03
2.693938324227929115e-03
1.532367197796702385e-03
5.896684597246348858e-04
9.336507646366953850e-04
1.505807391367852688e-03
8.242150768637657166e-03
1.417232211679220200e-03
2.059004968032240868e-03
3.082375042140483856e-03
1.042086514644324780e-03
8.729282999411225319e-04
1.490412745624780655e-02
3.029684303328394890e-03
1.315598748624324799e-02
1.463376684114336967e-03
1.738793216645717621e-03
1.266617560759186745e-03
1.276744180358946323e-03
2.373939612880349159e-03
1.568152802065014839e-03
2.486889949068427086e-03
3.173394361510872841e-03
1.095827319659292698e-03
1.636394299566745758e-03
1.068264595232903957e-03
4.256129264831542969e-03
6.350579205900430679e-03
9.799320250749588013e-04
2.102392725646495819e-03
3.985425457358360291e-03
1.554291578941047192e-03
1.257116324268281460e-03
9.879358112812042236e-03
1.985118957236409187e-03
4.371704533696174622e-03
4.570649936795234680e-03
7.791492156684398651e-03
2.858940139412879944e-02
1.942978007718920708e-03
7.694726809859275818e-04
9.762314730323851109e-04
8.352763950824737549e-02
4.084994643926620483e-02
2.320874780416488647e-01
7.630118634551763535e-04
2.875610021874308586e-03
2.105252072215080261e-02
1.862071081995964050e-02
2.947141043841838837e-02
6.707654893398284912e-02
2.602258929982781410e-03
3.555641276761889458e-03
8.089571259915828705e-03
1.707863621413707733e-02
2.711785212159156799e-02
3.967711329460144043e-02
1.728421892039477825e-03
4.844299517571926117e-03
3.527854755520820618e-02
3.595282556489109993e-03
1.305502094328403473e-02
1.404635328799486160e-02
1.534036826342344284e-03
5.538414232432842255e-03
6.226378609426319599e-04
3.320043906569480896e-03
9.991010650992393494e-03
3.197197616100311279e-02
1.859340351074934006e-03
1.804509432986378670e-03
2.198175527155399323e-03
3.798649646341800690e-03
3.466007299721240997e-03
1.572610996663570404e-02
4.640689585357904434e-04
9.181080386042594910e-03
1.047675264999270439e-03
6.394074764102697372e-03
9.436041116714477539e-03
2.850372530519962311e-02
3.280451986938714981e-03
1.115273451432585716e-03
4.581370158120989799e-04
3.085941541939973831e-03
3.916454501450061798e-03
3.855399554595351219e-03
4.462116339709609747e-04
5.011679022572934628e-04
9.659678908064961433e-04
5.373240448534488678e-03
1.655367319472134113e-03
1.760218059644103050e-03
4.670535563491284847e-04
9.353916393592953682e-04
3.046249039471149445e-03
8.623630274087190628e-04
2.432937966659665108e-03
3.037458984181284904e-03
1.281187869608402252e-03
6.739890668541193008e-04
7.711264188401401043e-04
7.720667636021971703e-04
4.687290173023939133e-03
3.188588889315724373e-03
5.208823829889297485e-03
5.570072680711746216e-03
8.283057832159101963e-04
3.715582424774765968e-03
1.119217835366725922e-03
3.642345592379570007e-02
1.900588278658688068e-03
2.812708541750907898e-02
1.446144538931548595e-03
5.015517026185989380e-02
2.916047908365726471e-02
2.787333540618419647e-02
1.791547751054167747e-03
6.320925895124673843e-03
7.115982938557863235e-03
7.180800661444664001e-03
1.996295340359210968e-02
5.370176210999488831e-02
3.725082613527774811e-03
3.641161369159817696e-03
8.096303790807723999e-03
1.855325885117053986e-02
2.606112137436866760e-02
1.851731725037097931e-02
3.479735692963004112e-03
7.865426130592823029e-03
2.384958229959011078e-02
8.744304999709129333e-03
8.575354702770709991e-03
2.709611132740974426e-02
1.355580636300146580e-03
1.650322577916085720e-03
1.608783006668090820e-02
5.937837995588779449e-03
1.186525728553533554e-02
1.612096093595027924e-02
4.999785684049129486e-03
8.885346353054046631e-03
1.223916187882423401e-02
6.689728703349828720e-03
4.149934649467468262e-02
1.212481409311294556e-02
1.745225163176655769e-03
4.934104159474372864e-03
4.647150635719299316e-03
3.292265115305781364e-03
5.399679765105247498e-03
4.418446868658065796e-02
6.795051507651805878e-03
4.346919246017932892e-03
3.023518715053796768e-03
5.012806039303541183e-03
8.987155742943286896e-03
4.922014474868774414e-02
3.390584373846650124e-03
9.053123183548450470e-03
8.767749182879924774e-03
1.653876341879367828e-02
3.504570573568344116e-02
2.718888409435749054e-02
4.614518489688634872e-03
7.955844514071941376e-03
4.311623517423868179e-03
1.584189571440219879e-02
4.043622408062219620e-03
5.994755309075117111e-03
3.178075887262821198e-03
4.643091000616550446e-03
8.611029945313930511e-03
3.796787466853857040e-03
1.283147558569908142e-02
1.309492066502571106e-02
4.866424482315778732e-03
1.994206337258219719e-03
4.596069455146789551e-03
5.122854374349117279e-03
1.372620835900306702e-02
4.294672608375549316e-02
1.171971904113888741e-03
1.027142722159624100e-02
3.069778718054294586e-02
1.510752644389867783e-02
7.304367423057556152e-02
1.159623265266418457e-01
1.964094815775752068e-03
9.156931191682815552e-03
1.124702859669923782e-02
1.661103963851928711e-02
1.938705518841743469e-02
1.568997949361801147e-01
7.262759841978549957e-03
8.041395805776119232e-03
2.421371079981327057e-02
1.400474458932876587e-02
2.268039248883724213e-02
6.468705832958221436e-02
1.100034685805439949e-03
7.287199608981609344e-03
3.460087114945054054e-03
1.932325214147567749e-02
7.062017917633056641e-02
1.207580119371414185e-01
3.659676294773817062e-03
1.684764027595520020e-02
8.001459389925003052e-02
9.045383334159851074e-02
1.832431703805923462e-01
3.233676850795745850e-01
3.712990321218967438e-03
3.096231026574969292e-03
4.845367744565010071e-02
8.382902294397354126e-02
8.372420817613601685e-02
5.596228241920471191e-01
1.067418372258543968e-03
1.778143574483692646e-03
1.278420239686965942e-01
1.710624247789382935e-01
3.987009823322296143e-01
3.853739798069000244e-01
2.526514697819948196e-03
2.194872312247753143e-02
2.450224384665489197e-02
1.477833092212677002e-01
3.646207153797149658e-01
9.543160349130630493e-02
1.330207334831357002e-03
3.447353374212980270e-03
3.744161874055862427e-02
8.862258493900299072e-02
1.405381858348846436e-01
2.908648550510406494e-01
1.435834914445877075e-03
2.165490528568625450e-03
6.705650687217712402e-02
8.598187565803527832e-02
1.234811171889305115e-01
2.256744354963302612e-01
1.672826334834098816e-02
7.660713512450456619e-03
1.588733866810798645e-02
3.164685145020484924e-02
2.487125247716903687e-01
9.303342550992965698e-02
1.282070646993815899e-03
2.248131902888417244e-03
8.265299722552299500e-03
2.787019498646259308e-02
1.244755834341049194e-01
1.804306358098983765e-01
1.406438648700714111e-03
3.947448451071977615e-03
3.772250562906265259e-02
1.735961288213729858e-01
3.392950296401977539e-01
2.698668241500854492e-01
2.056536264717578888e-03
9.849877096712589264e-03
1.073784288018941879e-02
5.554327741265296936e-02
3.676107153296470642e-02
9.756588190793991089e-02
1.996143488213419914e-03
5.723302252590656281e-03
1.420926582068204880e-02
1.920115947723388672e-02
1.480241492390632629e-02
1.545110046863555908e-01
5.223066080361604691e-03
6.140360143035650253e-03
7.549288682639598846e-03
8.933724835515022278e-03
7.005720864981412888e-03
6.353116780519485474e-02
1.464761444367468357e-03
3.756390418857336044e-03
9.974613785743713379e-03
3.909454867243766785e-02
4.501988738775253296e-02
3.835130715742707253e-03
1.697441912256181240e-03
1.848140032961964607e-03
1.202170387841761112e-03
5.164080299437046051e-03
5.001842509955167770e-03
2.367760986089706421e-02
2.592172706499695778e-03
1.553998095914721489e-03
1.663405331782996655e-03
3.262184560298919678e-03
5.835520569235086441e-03
7.484397850930690765e-03
3.248335095122456551e-03
2.887945855036377907e-03
2.795540262013673782e-03
3.474961966276168823e-03
2.181865274906158447e-03
4.532685037702322006e-03
5.932021420449018478e-03
6.813278887420892715e-04
1.132207224145531654e-03
1.247650361619889736e-03
1.030601444654166698e-03
2.613546792417764664e-03
4.619931802153587341e-03
1.262763165868818760e-03
1.724613364785909653e-03
2.623914973810315132e-03
1.823496189899742603e-03
1.805432373657822609e-03
2.740944502875208855e-03
2.672054572030901909e-03
3.029405605047941208e-03
1.381754595786333084e-02
1.268585398793220520e-02
1.944014104083180428e-03
2.294745296239852905e-03
1.380734727717936039e-03
2.947047818452119827e-03
9.765566326677799225e-03
1.465430483222007751e-03
4.394539818167686462e-02
8.466669241897761822e-04
2.134594693779945374e-02
1.889599952846765518e-03
1.568992994725704193e-02
8.826602250337600708e-03
4.944960772991180420e-02
1.156929647549986839e-03
1.546362880617380142e-03
2.294031204655766487e-03
2.977932337671518326e-03
1.637761364690959454e-03
2.060133963823318481e-02
8.608995703980326653e-04
1.489765942096710205e-03
1.750130439177155495e-03
1.655555143952369690e-02
1.018206961452960968e-02
8.527430705726146698e-03
1.136612845584750175e-03
2.924651140347123146e-03
1.483560306951403618e-03
3.734624944627285004e-03
1.665991614572703838e-03
9.734719991683959961e-03
6.440296419896185398e-04
3.499982412904500961e-03
1.887955586425960064e-03
1.817767973989248276e-03
1.987650757655501366e-03
6.826936732977628708e-04
5.849960725754499435e-04
3.055879380553960800e-03
3.832498041447252035e-04
4.461430013179779053e-03
1.603945624083280563e-03
4.657570389099419117e-04
8.592309895902872086e-04
1.531214336864650249e-03
4.010397824458777905e-04
4.070443683303892612e-04
1.066146302036941051e-03
5.487059825100004673e-04
2.683838596567511559e-03
9.778414387255907059e-04
4.297812411095947027e-04
2.184876706451177597e-03
7.919549825601279736e-04
1.759025501087307930e-03
5.048668826930224895e-04
9.157229214906692505e-04
1.000932650640606880e-03
8.143156301230192184e-04
3.613431763369590044e-04
7.384244236163794994e-04
1.652573002502322197e-03
6.588503019884228706e-04
2.756829140707850456e-03
1.495076459832489491e-03
5.522267310880124569e-04
1.565319602377712727e-03
6.340374238789081573e-04
6.024309550411999226e-04
1.880865776911377907e-03
8.109768969006836414e-04
1.462900778278708458e-03
8.972157374955713749e-04
1.374578219838440418e-03
7.859024335630238056e-04
4.744171747006475925e-04
2.860902459360659122e-04
6.318095256574451923e-04
1.153892138972878456e-03
1.554771326482295990e-03
7.962075178511440754e-04
9.677946218289434910e-04
7.449013064615428448e-04
6.654858007095754147e-04
4.501702496781945229e-04
1.874954672530293465e-03
1.733266399241983891e-03
1.065659336745738983e-03
1.035127439536154270e-03
8.056629449129104614e-04
6.338491220958530903e-04
8.690960239619016647e-04
2.660914557054638863e-03
6.554514402523636818e-04
6.250354344956576824e-04
6.185780512169003487e-04
2.874164609238505363e-03
5.483628483489155769e-04
2.310078358277678490e-03
1.597895985469222069e-03
6.099122110754251480e-04
6.509128143079578876e-04
1.322401454672217369e-03
1.707634772174060345e-03
7.824453641660511494e-04
7.223959546536207199e-04
9.040129370987415314e-03
2.225383650511503220e-03
6.326894508674740791e-04
4.341295920312404633e-03
8.707678643986582756e-04
1.187284011393785477e-03
6.606806418858468533e-04
1.933014136739075184e-03
2.177599584683775902e-03
1.695650396868586540e-03
1.483959844335913658e-03
1.084779039956629276e-03
7.561804959550499916e-04
1.075251842848956585e-03
1.481850049458444118e-03
6.419972050935029984e-04
8.938234532251954079e-04
1.599236624315381050e-03
9.877166012302041054e-04
8.609017240814864635e-04
1.392754609696567059e-03
8.288290351629257202e-03
1.524854800663888454e-03
1.118235290050506592e-03
1.989622367545962334e-03
7.563271792605519295e-04
1.089990139007568359e-03
1.841005985625088215e-03
7.059290073812007904e-04
2.898020204156637192e-03
1.149436691775918007e-03
8.949766634032130241e-04
1.033114152960479259e-03
5.829071626067161560e-03
7.878968608565628529e-04
1.809128560125827789e-03
1.485453918576240540e-03
2.652588998898863792e-03
5.345072131603956223e-04
3.099035937339067459e-03
1.095293788239359856e-03
6.343736313283443451e-04
6.265473202802240849e-04
5.501365521922707558e-04
1.842973404563963413e-03
4.791426006704568863e-03
1.234226510860025883e-03
1.297019771300256252e-03
4.508923273533582687e-03
1.580689568072557449e-03
5.674446001648902893e-04
7.896302267909049988e-04
1.244210172444581985e-03
2.847174182534217834e-03
1.110465265810489655e-03
1.539068762212991714e-03
5.972739891149103642e-04
1.467614085413515568e-03
2.407787833362817764e-03
1.600579475052654743e-03
1.914850901812314987e-03
4.491262952797114849e-04
1.146437367424368858e-03
2.176760928705334663e-03
2.640589373186230659e-03
1.002925331704318523e-03
1.141236815601587296e-02
7.897206814959645271e-04
1.094503235071897507e-02
2.746663056313991547e-03
1.251813257113099098e-03
5.866464227437973022e-03
7.732305675745010376e-03
1.456380705349147320e-03
3.703975351527333260e-03
8.737027528695762157e-04
1.381865935400128365e-03
1.545883133076131344e-03
2.795621752738952637e-03
1.712354365736246109e-03
3.752401564270257950e-03
8.580741123296320438e-04
1.285113510675728321e-03
1.187912072055041790e-03
6.893940735608339310e-03
1.591599779203534126e-03
2.344786189496517181e-03
1.720767351798713207e-03
6.498350994661450386e-04
5.103826988488435745e-04
2.419502707198262215e-03
7.113034371286630630e-04
3.645713673904538155e-03
2.185389865189790726e-03
2.852032892405986786e-03
1.056691166013479233e-03
8.996714022941887379e-04
4.185220692306756973e-03
5.164995091035962105e-04
1.309633371420204639e-03
4.938337369821965694e-04
3.103503258898854256e-03
9.629442356526851654e-04
7.542903185822069645e-04
8.186366758309304714e-04
1.161486608907580376e-03
9.282614337280392647e-04
1.428533345460891724e-03
1.227997825480997562e-03
9.232868324033915997e-04
8.521993877366185188e-04
1.590713160112500191e-03
1.093872939236462116e-03
5.931936320848762989e-04
8.715271949768066406e-03
1.562090357765555382e-03
4.163315461482852697e-04
1.989011652767658234e-03
8.328465046361088753e-04
2.459930721670389175e-03
3.632031846791505814e-03
6.719731027260422707e-04
3.734361380338668823e-02
9.910109220072627068e-04
5.046994774602353573e-04
3.753669559955596924e-03
1.876397989690303802e-02
2.023892477154731750e-03
1.562489196658134460e-02
2.293984405696392059e-03
1.205021631903946400e-03
4.735498689115047455e-03
1.948326476849615574e-03
2.842081710696220398e-02
3.455145750194787979e-03
9.797819657251238823e-04
8.015130297280848026e-04
6.957211298868060112e-04
2.007972681894898415e-03
1.069719786755740643e-03
4.680408630520105362e-03
1.382796210236847401e-03
1.251786248758435249e-03
8.568484336137771606e-04
4.472269210964441299e-04
8.343417430296540260e-04
1.281384495086967945e-03
3.734044439624994993e-04
4.377132747322320938e-03
8.377709891647100449e-04
3.587801184039562941e-04
1.133625744841992855e-03
1.181760220788419247e-03
9.297953802160918713e-04
6.882799789309501648e-04
3.676856635138392448e-03
2.907759742811322212e-03
9.529745439067482948e-04
2.205022145062685013e-03
8.613827521912753582e-04
1.855068141594529152e-03
7.983373943716287613e-04
1.153905061073601246e-03
6.706177373416721821e-04
1.403903472237288952e-03
4.119810764677822590e-04
7.178861415013670921e-04
6.286939023993909359e-04
1.401424407958984375e-03
9.312510374002158642e-04
2.818229841068387032e-03
3.067895071581006050e-03
1.612729043699800968e-03
1.350843580439686775e-03
9.843687294051051140e-04
5.748979165218770504e-04
5.503675201907753944e-04
2.852901350706815720e-03
5.492824129760265350e-04
1.683655194938182831e-03
9.544891072437167168e-04
1.648764824494719505e-03
4.046954680234193802e-03
1.230713445693254471e-03
8.501464035362005234e-04
1.403603353537619114e-03
1.092248712666332722e-03
2.995595801621675491e-03
1.050262479111552238e-03
8.954838849604129791e-04
5.609954707324504852e-03
7.312754169106483459e-04
6.661922670900821686e-04
1.577748451381921768e-03
6.322334520518779755e-04
1.330145983956754208e-03
1.637534121982753277e-03
4.539100453257560730e-03
1.227794797159731388e-03
1.107491902075707912e-03
6.425687111914157867e-03
2.548267133533954620e-03
1.136385952122509480e-03
2.389027271419763565e-03
3.423704998567700386e-03
1.259268610738217831e-03
1.136461272835731506e-03
3.102247836068272591e-03
3.326478879898786545e-03
4.130387678742408752e-03
1.972737023606896400e-03
6.308773299679160118e-04
1.350155216641724110e-03
3.124545793980360031e-03
8.380449144169688225e-04
1.801369362510740757e-03
1.706192502751946449e-03
1.372443395666778088e-03
1.794389332644641399e-03
1.482977904379367828e-02
2.454928820952773094e-03
1.832214067690074444e-03
1.285888603888452053e-03
9.334006346762180328e-03
2.744026482105255127e-03
4.934659693390130997e-03
3.391667967662215233e-03
4.533941391855478287e-03
3.368501784279942513e-03
3.120559034869074821e-03
2.706457860767841339e-03
1.683676498942077160e-03
5.006194580346345901e-03
9.401079732924699783e-04
2.115524606779217720e-03
1.856134389527142048e-03
1.836393144913017750e-03
1.437074388377368450e-03
1.983094494789838791e-03
3.555585164576768875e-03
7.853077840991318226e-04
1.800988102331757545e-03
1.279445830732584000e-03
3.362959017977118492e-03
4.465277772396802902e-03
1.036174478940665722e-03
4.518808331340551376e-03
1.212283503264188766e-03
1.185606815852224827e-03
4.575746133923530579e-03
2.637787256389856339e-03
2.432063454762101173e-03
1.136992126703262329e-03
1.319922157563269138e-03
7.839555852115154266e-03
2.987575018778443336e-03
6.072015035897493362e-03
2.261445857584476471e-03
1.818086835555732250e-03
2.432315610349178314e-03
4.746616818010807037e-03
1.976958708837628365e-03
1.328000798821449280e-03
1.611986430361866951e-03
1.193501404486596584e-03
1.708191935904324055e-03
1.476441859267652035e-03
1.611209125258028507e-03
1.830830937251448631e-03
1.772727700881659985e-03
3.363320138305425644e-03
2.491293242201209068e-03
2.067826222628355026e-03
1.911108032800257206e-03
1.389091834425926208e-03
4.966567270457744598e-03
1.707722898572683334e-03
2.206032862886786461e-03
4.905303474515676498e-03
2.235102700069546700e-03
2.622861647978425026e-03
1.044073491357266903e-03
9.621093049645423889e-04
9.467898635193705559e-04
5.261896643787622452e-03
4.199490882456302643e-03
1.564111327752470970e-03
1.510491594672203064e-03
1.192794064991176128e-03
1.615031273104250431e-03
2.580456435680389404e-03
4.270024131983518600e-03
3.322883322834968567e-02
3.299092641100287437e-03
3.298964584246277809e-03
3.908152692019939423e-03
7.292781025171279907e-02
4.720868542790412903e-03
4.297433421015739441e-03
5.756673403084278107e-03
5.154765676707029343e-03
9.831819683313369751e-03
4.555859789252281189e-02
6.133331917226314545e-03
4.261621274054050446e-03
5.463203880935907364e-03
4.205970093607902527e-03
1.657324098050594330e-02
1.112041529268026352e-02
1.829945482313632965e-03
2.067214576527476311e-03
1.405493938364088535e-03
2.811358077451586723e-03
1.667994633316993713e-02
3.816251456737518311e-02
2.527115400880575180e-03
2.502880757674574852e-03
1.809008186683058739e-03
2.546309307217597961e-02
4.015597328543663025e-02
9.362516924738883972e-03
1.921482849866151810e-03
3.783450927585363388e-03
2.931464463472366333e-03
7.373038679361343384e-02
2.369273081421852112e-02
1.252220571041107178e-02
2.889541443437337875e-03
2.771806204691529274e-03
3.415776882320642471e-03
4.205896519124507904e-03
2.357422746717929840e-02
3.427925333380699158e-02
2.876735292375087738e-03
1.498100114986300468e-03
2.616094425320625305e-03
1.519733294844627380e-02
6.067348644137382507e-02
5.011002998799085617e-03
3.363813972100615501e-03
2.787307137623429298e-03
1.847983687184751034e-03
3.351950319483876228e-03
4.066408611834049225e-03
8.934782817959785461e-03
2.956875367090106010e-03
2.028605667874217033e-03
1.114348066039383411e-03
1.824827515520155430e-03
3.030820051208138466e-03
1.712433062493801117e-02
4.023450892418622971e-03
3.438477870076894760e-03
5.577825009822845459e-03
5.055117886513471603e-03
2.350097754970192909e-03
3.107034601271152496e-02
2.556888153776526451e-03
3.405219875276088715e-03
1.195541210472583771e-02
9.176983498036861420e-03
3.050088323652744293e-02
3.265019878745079041e-02
2.500117057934403419e-03
1.846499857492744923e-03
3.170378273352980614e-03
1.766520179808139801e-02
3.328469023108482361e-02
2.169581502676010132e-02
3.339953254908323288e-03
1.813213340938091278e-03
3.679094603285193443e-03
6.392681505531072617e-03
2.904932014644145966e-02
1.583023555576801300e-02
1.511972979642450809e-03
5.051095969974994659e-03
2.800778951495885849e-03
1.234491541981697083e-02
4.571497440338134766e-03
5.164952203631401062e-02
9.245191467925906181e-04
1.733983517624437809e-03
6.773397792130708694e-03
1.089585199952125549e-02
1.465831100940704346e-01
9.564282745122909546e-02
8.607769850641489029e-04
5.209293682128190994e-03
5.717483814805746078e-03
2.575346454977989197e-02
3.920590505003929138e-02
2.536651492118835449e-01
2.409005304798483849e-03
1.232402399182319641e-02
1.897962763905525208e-02
3.827078640460968018e-02
8.218845725059509277e-02
9.759966284036636353e-02
2.490514656528830528e-03
1.044559944421052933e-02
1.697186008095741272e-02
2.983780391514301300e-02
9.829958528280258179e-02
4.310507476329803467e-01
1.522156177088618279e-03
1.872756890952587128e-02
2.882198095321655273e-01
3.587414324283599854e-01
7.044759988784790039e-01
7.036660313606262207e-01
1.528586028143763542e-03
2.174927480518817902e-02
7.223769277334213257e-02
3.633601367473602295e-01
4.797040820121765137e-01
5.570484399795532227e-01
3.636706154793500900e-03
2.119831927120685577e-02
5.989065393805503845e-02
1.883192807435989380e-01
3.318377733230590820e-01
4.552657902240753174e-01
1.209664251655340195e-02
8.327143266797065735e-03
4.396960511803627014e-02
1.258974820375442505e-01
2.372593879699707031e-01
5.729841589927673340e-01
1.511177280917763710e-03
8.933659642934799194e-03
1.121953576803207397e-01
2.238211035728454590e-01
3.584267795085906982e-01
4.468285441398620605e-01
2.756651723757386208e-03
2.859002165496349335e-02
9.277426451444625854e-02
2.776867449283599854e-01
3.422305583953857422e-01
7.997013926506042480e-01
2.483839401975274086e-03
1.917316764593124390e-02
1.470667570829391479e-01
5.799956917762756348e-01
3.325199782848358154e-01
5.590258240699768066e-01
3.001481993123888969e-03
1.595154404640197754e-02
4.331192746758460999e-02
1.629443168640136719e-01
2.160369157791137695e-01
3.388887941837310791e-01
1.006626756861805916e-03
4.756300710141658783e-03
1.013480871915817261e-01
2.634750902652740479e-01
3.224442899227142334e-01
4.644658267498016357e-01
9.546995861455798149e-04
5.053226836025714874e-03
8.119016140699386597e-02
2.025921940803527832e-01
2.880775928497314453e-01
3.711557090282440186e-01
4.553953185677528381e-03
1.477615558542311192e-03
1.557038575410842896e-01
3.229491114616394043e-01
1.462747752666473389e-01
2.427965998649597168e-01
7.043589837849140167e-03
3.470738884061574936e-03
1.798651181161403656e-02
2.863860130310058594e-02
1.609233468770980835e-01
1.095041856169700623e-01
1.287376740947365761e-03
2.003275090828537941e-03
2.698269439861178398e-03
8.107502758502960205e-02
8.781649917364120483e-02
1.063882783055305481e-01
9.136818698607385159e-04
3.706731600686907768e-03
9.289529174566268921e-03
1.564158871769905090e-02
7.053959183394908905e-03
1.199161931872367859e-01
7.519071223214268684e-04
8.947716560214757919e-04
3.502279985696077347e-03
1.355798635631799698e-02
1.827656850218772888e-02
3.767687454819679260e-02
1.380572328343987465e-03
1.373650506138801575e-03
2.700080396607518196e-03
1.477081235498189926e-02
1.591252395883202553e-03
7.121493108570575714e-04
7.239055121317505836e-04
1.428971881978213787e-03
3.608611645177006721e-03
5.509568727575242519e-04
5.007559084333479404e-04
2.047161338850855827e-03
9.202526416629552841e-04
1.068344106897711754e-03
5.253123817965388298e-04
3.822989528998732567e-04
3.830966888926923275e-04
7.776442798785865307e-04
5.869623855687677860e-04
1.072375103831291199e-03
4.663590225391089916e-04
9.832946816459298134e-04
1.236558891832828522e-03
9.498327854089438915e-04
1.490747323259711266e-03
4.940451588481664658e-03
3.841489553451538086e-03
4.443390062078833580e-04
4.850972618442028761e-04
2.177143003791570663e-03
1.945041818544268608e-03
3.642419178504496813e-04
3.959811583627015352e-04
2.834578626789152622e-04
1.121257198974490166e-03
8.230683743022382259e-04
1.654043444432318211e-03
9.327011066488921642e-04
6.587483221665024757e-04
1.136520178988575935e-03
5.172903765924274921e-04
1.129997195675969124e-03
8.657412254251539707e-04
9.904416510835289955e-04
4.764248733408749104e-04
1.690132892690598965e-03
1.138890278525650501e-03
5.722378846257925034e-04
7.422501221299171448e-04
1.632035942748188972e-03
4.534613690339028835e-04
7.428879034705460072e-04
9.657748159952461720e-04
7.981868460774421692e-03
5.997739499434828758e-04
4.047919064760208130e-04
2.692526031751185656e-04
1.136604929342865944e-03
6.040664156898856163e-04
1.952407648786902428e-03
6.967617082409560680e-04
1.376669853925704956e-03
1.617797184735536575e-03
3.025031415745615959e-03
7.370176608674228191e-04
1.534042647108435631e-03
1.311097643338143826e-03
1.403428264893591404e-03
4.892816767096519470e-03
2.098569646477699280e-03
2.134369220584630966e-03
1.230218796990811825e-03
1.108209369704127312e-03
8.636875427328050137e-04
1.814174349419772625e-03
1.157422899268567562e-03
1.210171496495604515e-03
2.453307388350367546e-03
1.053642015904188156e-03
4.499655624385923147e-04
6.963360356166958809e-04
6.227855337783694267e-04
8.753924048505723476e-04
1.180393388494849205e-03
1.181370927952229977e-03
1.955252373591065407e-03
8.814866305328905582e-04
1.052861567586660385e-03
9.980732575058937073e-04
7.915255264379084110e-04
7.085338002070784569e-04
1.689594937488436699e-03
7.217976963147521019e-04
8.749993285164237022e-04
2.134845359250903130e-03
7.486292743124067783e-04
9.470940567553043365e-04
6.509925588034093380e-04
3.601905424147844315e-03
5.733814323320984840e-04
9.306273423135280609e-04
6.413332652300596237e-03
1.363215153105556965e-03
8.436496136710047722e-04
1.199059071950614452e-03
2.757853362709283829e-03
8.084421860985457897e-04
6.705342675559222698e-04
1.634185086004436016e-03
3.084010677412152290e-03
9.419948910363018513e-04
4.994982155039906502e-04
9.410207858309149742e-04
1.033108448609709740e-03
7.414761348627507687e-04
8.648176444694399834e-04
8.142772130668163300e-03
5.286813247948884964e-04
1.368669909425079823e-03
1.228227978572249413e-03
2.381152240559458733e-03
3.641154617071151733e-03
7.684323354624211788e-04
1.125165959820151329e-03
1.046473043970763683e-03
1.431926386430859566e-03
1.656439038924872875e-03
3.889100917149335146e-04
1.205286942422389984e-03
5.352055304683744907e-04
3.247361630201339722e-03
8.550258935429155827e-04
1.755636651068925858e-03
8.840564987622201443e-04
2.956751268357038498e-03
5.513412761501967907e-04
9.706020937301218510e-04
6.379024125635623932e-04
3.016683971509337425e-03
8.749620756134390831e-04
7.819887250661849976e-04
1.058501470834016800e-02
1.329907798208296299e-03
1.344281597994267941e-03
1.409217715263366699e-03
4.390752001199871302e-04
8.780773496255278587e-04
1.024313969537615776e-03
3.919763490557670593e-03
2.351728454232215881e-02
5.301644559949636459e-04
6.981263868510723114e-04
1.964516006410121918e-03
1.442006416618824005e-02
1.003210917115211487e-01
9.868887066841125488e-02
6.856446270830929279e-04
1.990886637941002846e-03
6.784005556255578995e-03
3.392381966114044189e-02
7.451365701854228973e-03
4.389821738004684448e-02
1.290743006393313408e-03
1.004558522254228592e-03
5.970691330730915070e-03
8.044704794883728027e-03
8.016044273972511292e-03
4.017207305878400803e-03
2.093398710712790489e-03
1.194780459627509117e-03
1.889487146399915218e-03
1.237798947840929031e-02
3.291696310043334961e-03
1.433810498565435410e-02
3.130909521132707596e-03
7.131609017960727215e-04
7.669161423109471798e-04
1.009334344416856766e-03
2.241870621219277382e-03
3.092021448537707329e-03
2.307343762367963791e-03
1.210692152380943298e-02
2.025872841477394104e-02
6.079577142372727394e-04
9.337235824204981327e-04
1.170534873381257057e-03
1.976762432605028152e-03
1.495135133154690266e-03
2.729276195168495178e-03
1.233914867043495178e-03
1.050309976562857628e-03
1.769861439242959023e-03
5.518161691725254059e-03
6.367083988152444363e-04
7.942159427329897881e-04
4.101956437807530165e-04
1.667136210016906261e-03
8.782161166891455650e-04
2.794357482343912125e-03
1.965871779248118401e-03
1.712636789306998253e-03
1.812641625292599201e-03
1.706977840512990952e-03
1.044094911776483059e-03
2.153074368834495544e-03
2.006967319175601006e-03
5.493102944456040859e-04
5.042818957008421421e-04
1.858564442954957485e-03
3.157486789859831333e-04
7.895699818618595600e-04
1.387629657983779907e-03
8.928025490604341030e-04
7.995430496521294117e-04
5.461710970848798752e-04
3.395030740648508072e-03
1.542406389489769936e-03
1.893281354568898678e-03
1.051268074661493301e-03
3.921289928257465363e-03
1.179899554699659348e-03
2.839920343831181526e-03
3.584877587854862213e-03
2.539836801588535309e-03
1.349723082967102528e-03
2.775346394628286362e-03
8.119051926769316196e-04
1.154491328634321690e-03
3.439672524109482765e-03
8.564625750295817852e-04
2.237495733425021172e-03
1.047412864863872528e-03
1.006033155135810375e-03
8.671242976561188698e-04
1.093150698579847813e-03
5.215785466134548187e-03
2.452172804623842239e-03
9.942989563569426537e-04
6.676566554233431816e-04
9.520740131847560406e-04
1.408299664035439491e-03
4.066821187734603882e-03
1.318633905611932278e-03
1.072923303581774235e-03
2.513542771339416504e-03
3.749561728909611702e-03
1.393061364069581032e-03
1.435964833945035934e-03
2.570763928815722466e-03
7.334323017857968807e-04
3.030889667570590973e-03
7.465600501745939255e-04
7.273754454217851162e-04
3.609341802075505257e-03
6.565899820998311043e-04
5.464298301376402378e-04
7.329593645408749580e-04
1.470426097512245178e-03
2.073434181511402130e-03
3.134087019134312868e-04
6.466088816523551941e-03
9.445425821468234062e-04
1.016163616441190243e-03
7.445673691108822823e-04
1.220079604536294937e-03
1.489298767410218716e-03
1.801816863007843494e-03
5.232781637459993362e-03
8.735404699109494686e-04
3.848799271509051323e-03
1.162460655905306339e-03
5.896215443499386311e-04
1.261844299733638763e-03
7.718028500676155090e-04
1.702831941656768322e-03
9.476917912252247334e-04
1.107984222471714020e-03
1.341148163191974163e-03
1.676583080552518368e-03
6.046797498129308224e-04
1.064731972292065620e-03
2.902138512581586838e-04
2.345788292586803436e-03
1.067837607115507126e-02
1.623139600269496441e-03
1.096785650588572025e-03
3.430674970149993896e-02
8.519799448549747467e-03
1.026236801408231258e-03
4.156131297349929810e-03
2.211027778685092926e-03
1.576257869601249695e-03
1.498252269811928272e-03
1.757197454571723938e-02
