7.086050510406494141e-01
2.610206604003906250e-02
2.392244338989257812e-02
1.922512054443359375e-02
1.759767532348632812e-02
2.174282073974609375e-02
1.819419860839843750e-02
1.687932014465332031e-02
2.603292465209960938e-02
1.251101493835449219e-02
9.807825088500976562e-03
1.088333129882812500e-02
7.377862930297851562e-03
8.882761001586914062e-03
8.831977844238281250e-03
8.685827255249023438e-03
7.318258285522460938e-03
7.109403610229492188e-03
7.000446319580078125e-03
7.077693939208984375e-03
7.096052169799804688e-03
1.236748695373535156e-02
1.251864433288574219e-02
2.889513969421386719e-02
7.108211517333984375e-03
8.414506912231445312e-03
8.006334304809570312e-03
1.904988288879394531e-02
2.176332473754882812e-02
2.061963081359863281e-02
1.448869705200195312e-02
1.217484474182128906e-02
1.212048530578613281e-02
1.234078407287597656e-02
1.173877716064453125e-02
1.636338233947753906e-02
1.416969299316406250e-02
1.278781890869140625e-02
1.099348068237304688e-02
1.273465156555175781e-02
1.265120506286621094e-02
1.075720787048339844e-02
1.215505599975585938e-02
1.178884506225585938e-02
1.240777969360351562e-02
1.178598403930664062e-02
1.242446899414062500e-02
1.255989074707031250e-02
1.163792610168457031e-02
1.187252998352050781e-02
1.204538345336914062e-02
1.259565353393554688e-02
1.252055168151855469e-02
1.227784156799316406e-02
7.060289382934570312e-03
5.296707153320312500e-03
2.425003051757812500e-02
1.981210708618164062e-02
1.894211769104003906e-02
1.462316513061523438e-02
1.198506355285644531e-02
1.244282722473144531e-02
1.254868507385253906e-02
1.619243621826171875e-02
1.528668403625488281e-02
1.313662528991699219e-02
1.301741600036621094e-02
1.306152343750000000e-02
1.305198669433593750e-02
1.131415367126464844e-02
8.916854858398437500e-03
7.309436798095703125e-03
7.013797760009765625e-03
6.977558135986328125e-03
6.980419158935546875e-03
1.196336746215820312e-02
1.652526855468750000e-02
1.240563392639160156e-02
1.180386543273925781e-02
1.199865341186523438e-02
1.198339462280273438e-02
1.219224929809570312e-02
1.221919059753417969e-02
6.696462631225585938e-03
2.432107925415039062e-02
2.108931541442871094e-02
2.070975303649902344e-02
2.075839042663574219e-02
1.976156234741210938e-02
1.546812057495117188e-02
7.225990295410156250e-03
7.127285003662109375e-03
8.539438247680664062e-03
1.253247261047363281e-02
1.327204704284667969e-02
8.987426757812500000e-03
7.140874862670898438e-03
6.978988647460937500e-03
7.142782211303710938e-03
7.077217102050781250e-03
7.539033889770507812e-03
1.099014282226562500e-02
1.236104965209960938e-02
1.214265823364257812e-02
1.176857948303222656e-02
1.196980476379394531e-02
1.201176643371582031e-02
1.183295249938964844e-02
1.191926002502441406e-02
1.183629035949707031e-02
1.222562789916992188e-02
5.470275878906250000e-03
2.243185043334960938e-02
2.176284790039062500e-02
1.660037040710449219e-02
1.735663414001464844e-02
1.839303970336914062e-02
1.963162422180175781e-02
1.779532432556152344e-02
1.213455200195312500e-02
1.232385635375976562e-02
1.424479484558105469e-02
2.058410644531250000e-02
2.312755584716796875e-02
1.995468139648437500e-02
1.912474632263183594e-02
1.890635490417480469e-02
1.921629905700683594e-02
1.704668998718261719e-02
1.752352714538574219e-02
1.240634918212890625e-02
1.120495796203613281e-02
1.116371154785156250e-02
1.114487648010253906e-02
1.116871833801269531e-02
1.115632057189941406e-02
1.113915443420410156e-02
1.783037185668945312e-02
1.116037368774414062e-02
6.231784820556640625e-03
2.128100395202636719e-02
1.914286613464355469e-02
1.570463180541992188e-02
1.311993598937988281e-02
1.074051856994628906e-02
9.624719619750976562e-03
7.331132888793945312e-03
7.311820983886718750e-03
7.392406463623046875e-03
7.266998291015625000e-03
7.358551025390625000e-03
7.294416427612304688e-03
7.237195968627929688e-03
7.480621337890625000e-03
1.041030883789062500e-02
1.286411285400390625e-02
1.230549812316894531e-02
1.234292984008789062e-02
1.805114746093750000e-02
1.424860954284667969e-02
1.088643074035644531e-02
1.108694076538085938e-02
1.085567474365234375e-02
1.100707054138183594e-02
1.095867156982421875e-02
1.532793045043945312e-02
7.232427597045898438e-03
5.588293075561523438e-03
2.289843559265136719e-02
2.141404151916503906e-02
1.677751541137695312e-02
1.722168922424316406e-02
1.725244522094726562e-02
1.686859130859375000e-02
1.682090759277343750e-02
2.009987831115722656e-02
1.630282402038574219e-02
1.262307167053222656e-02
1.196002960205078125e-02
7.331132888793945312e-03
1.961445808410644531e-02
1.222586631774902344e-02
1.201772689819335938e-02
1.234126091003417969e-02
1.265788078308105469e-02
1.271390914916992188e-02
1.261758804321289062e-02
1.115870475769042969e-02
8.846998214721679688e-03
7.353782653808593750e-03
7.108211517333984375e-03
6.994962692260742188e-03
8.445262908935546875e-03
1.408743858337402344e-02
1.070427894592285156e-02
6.483316421508789062e-03
2.416133880615234375e-02
2.364993095397949219e-02
2.363324165344238281e-02
2.361464500427246094e-02
2.353286743164062500e-02
2.132105827331542969e-02
2.235484123229980469e-02
1.798772811889648438e-02
8.963823318481445312e-03
7.061719894409179688e-03
7.027864456176757812e-03
1.119279861450195312e-02
1.888179779052734375e-02
1.761198043823242188e-02
7.139205932617187500e-03
7.103443145751953125e-03
7.108926773071289062e-03
7.063627243041992188e-03
1.538705825805664062e-02
1.465058326721191406e-02
1.248550415039062500e-02
1.462888717651367188e-02
1.240968704223632812e-02
1.158189773559570312e-02
1.126980781555175781e-02
8.937120437622070312e-03
7.367610931396484375e-03
5.231857299804687500e-03
2.367424964904785156e-02
2.163195610046386719e-02
1.110672950744628906e-02
6.932735443115234375e-03
7.086277008056640625e-03
7.080316543579101562e-03
1.100230216979980469e-02
1.459121704101562500e-02
1.594877243041992188e-02
1.799917221069335938e-02
1.697659492492675781e-02
1.555705070495605469e-02
7.948875427246093750e-03
7.124185562133789062e-03
7.263898849487304688e-03
7.191419601440429688e-03
1.342248916625976562e-02
1.332950592041015625e-02
2.120351791381835938e-02
1.952981948852539062e-02
2.025175094604492188e-02
1.797628402709960938e-02
1.724839210510253906e-02
1.989841461181640625e-02
1.975297927856445312e-02
2.215456962585449219e-02
1.327157020568847656e-02
5.448579788208007812e-03
2.388238906860351562e-02
2.064561843872070312e-02
2.257966995239257812e-02
1.933550834655761719e-02
1.587319374084472656e-02
1.690864562988281250e-02
1.915955543518066406e-02
1.792788505554199219e-02
1.454353332519531250e-02
1.795601844787597656e-02
1.996183395385742188e-02
2.224111557006835938e-02
2.375149726867675781e-02
1.788043975830078125e-02
2.048492431640625000e-02
2.283120155334472656e-02
2.041769027709960938e-02
1.219844818115234375e-02
1.602888107299804688e-02
1.198196411132812500e-02
1.080584526062011719e-02
7.285356521606445312e-03
7.277727127075195312e-03
7.220983505249023438e-03
8.137702941894531250e-03
7.218360900878906250e-03
7.996797561645507812e-03
5.594730377197265625e-03
2.120876312255859375e-02
1.860070228576660156e-02
1.658320426940917969e-02
1.208615303039550781e-02
1.235914230346679688e-02
1.113891601562500000e-02
1.612162590026855469e-02
1.691007614135742188e-02
1.143383979797363281e-02
9.010314941406250000e-03
7.187128067016601562e-03
7.220983505249023438e-03
7.182121276855468750e-03
7.148742675781250000e-03
7.061243057250976562e-03
7.084131240844726562e-03
1.027870178222656250e-02
1.085686683654785156e-02
1.152420043945312500e-02
1.116538047790527344e-02
7.362604141235351562e-03
7.415771484375000000e-03
9.002685546875000000e-03
1.147556304931640625e-02
1.245641708374023438e-02
1.246976852416992188e-02
7.291316986083984375e-03
5.640029907226562500e-03
2.303218841552734375e-02
2.326989173889160156e-02
2.108216285705566406e-02
2.181649208068847656e-02
1.688575744628906250e-02
1.269316673278808594e-02
1.201367378234863281e-02
1.207351684570312500e-02
1.229763031005859375e-02
1.223611831665039062e-02
1.229834556579589844e-02
1.231265068054199219e-02
1.221728324890136719e-02
1.221656799316406250e-02
1.225662231445312500e-02
1.219415664672851562e-02
7.179021835327148438e-03
7.263898849487304688e-03
7.167339324951171875e-03
7.210731506347656250e-03
7.173299789428710938e-03
7.112026214599609375e-03
1.175498962402343750e-02
1.105713844299316406e-02
1.109051704406738281e-02
1.392126083374023438e-02
1.191210746765136719e-02
6.429910659790039062e-03
2.788329124450683594e-02
2.756237983703613281e-02
2.802109718322753906e-02
2.467441558837890625e-02
2.255272865295410156e-02
1.156711578369140625e-02
7.105112075805664062e-03
7.024288177490234375e-03
7.006406784057617188e-03
7.459878921508789062e-03
1.300764083862304688e-02
1.492810249328613281e-02
1.686000823974609375e-02
1.725506782531738281e-02
1.269006729125976562e-02
1.087474822998046875e-02
1.185512542724609375e-02
1.186537742614746094e-02
1.170682907104492188e-02
1.156973838806152344e-02
1.201581954956054688e-02
1.161336898803710938e-02
1.220536231994628906e-02
1.180052757263183594e-02
1.086163520812988281e-02
1.103901863098144531e-02
1.072263717651367188e-02
1.501035690307617188e-02
2.179455757141113281e-02
2.185583114624023438e-02
2.169060707092285156e-02
2.168321609497070312e-02
2.153086662292480469e-02
2.110958099365234375e-02
1.646709442138671875e-02
1.246237754821777344e-02
1.190471649169921875e-02
1.233482360839843750e-02
1.185035705566406250e-02
1.187610626220703125e-02
1.188826560974121094e-02
1.200437545776367188e-02
1.176786422729492188e-02
1.189827919006347656e-02
1.209402084350585938e-02
1.187062263488769531e-02
1.199531555175781250e-02
1.181387901306152344e-02
1.131224632263183594e-02
1.175069808959960938e-02
1.181221008300781250e-02
1.188039779663085938e-02
1.190567016601562500e-02
1.180005073547363281e-02
8.074760437011718750e-03
5.538702011108398438e-03
2.387547492980957031e-02
2.187824249267578125e-02
2.222776412963867188e-02
2.332091331481933594e-02
2.091336250305175781e-02
1.973652839660644531e-02
1.689147949218750000e-02
1.527142524719238281e-02
1.976466178894042969e-02
2.052736282348632812e-02
2.096891403198242188e-02
1.866555213928222656e-02
1.686739921569824219e-02
1.564550399780273438e-02
2.073550224304199219e-02
1.882386207580566406e-02
2.115964889526367188e-02
1.920771598815917969e-02
1.863765716552734375e-02
1.936292648315429688e-02
1.981306076049804688e-02
1.600956916809082031e-02
1.636719703674316406e-02
1.422381401062011719e-02
7.318735122680664062e-03
7.313013076782226562e-03
1.007461547851562500e-02
5.545616149902343750e-03
2.380609512329101562e-02
2.315998077392578125e-02
2.096223831176757812e-02
1.939773559570312500e-02
1.764392852783203125e-02
2.026438713073730469e-02
2.065086364746093750e-02
1.911735534667968750e-02
2.141094207763671875e-02
1.860427856445312500e-02
1.557445526123046875e-02
1.540923118591308594e-02
2.182245254516601562e-02
2.062487602233886719e-02
2.262449264526367188e-02
2.218890190124511719e-02
2.071785926818847656e-02
2.127289772033691406e-02
2.103185653686523438e-02
1.902079582214355469e-02
1.545929908752441406e-02
1.444911956787109375e-02
7.321596145629882812e-03
7.253885269165039062e-03
7.653951644897460938e-03
7.219314575195312500e-03
7.195711135864257812e-03
5.852460861206054688e-03
2.375841140747070312e-02
2.308273315429687500e-02
1.608180999755859375e-02
1.059269905090332031e-02
1.079678535461425781e-02
1.188468933105468750e-02
1.574850082397460938e-02
1.842904090881347656e-02
1.781606674194335938e-02
1.687979698181152344e-02
1.721906661987304688e-02
1.497244834899902344e-02
1.277089118957519531e-02
1.193428039550781250e-02
1.183295249938964844e-02
1.227307319641113281e-02
1.187968254089355469e-02
1.176667213439941406e-02
1.129460334777832031e-02
1.123523712158203125e-02
1.194310188293457031e-02
1.166629791259765625e-02
1.198649406433105469e-02
1.119518280029296875e-02
1.186060905456542969e-02
1.122450828552246094e-02
7.220983505249023438e-03
5.540847778320312500e-03
2.209258079528808594e-02
2.154803276062011719e-02
2.165675163269042969e-02
2.137875556945800781e-02
1.261210441589355469e-02
1.170945167541503906e-02
1.127386093139648438e-02
1.298975944519042969e-02
1.653861999511718750e-02
2.123117446899414062e-02
1.896071434020996094e-02
1.623010635375976562e-02
1.641631126403808594e-02
1.880407333374023438e-02
2.102422714233398438e-02
2.367520332336425781e-02
1.785373687744140625e-02
1.845502853393554688e-02
1.433563232421875000e-02
1.255059242248535156e-02
1.189684867858886719e-02
1.193571090698242188e-02
1.407027244567871094e-02
1.616096496582031250e-02
8.991718292236328125e-03
7.250785827636718750e-03
7.284402847290039062e-03
5.654811859130859375e-03
2.279186248779296875e-02
2.156758308410644531e-02
2.156186103820800781e-02
2.090048789978027344e-02
1.605987548828125000e-02
1.225948333740234375e-02
1.791024208068847656e-02
1.278638839721679688e-02
1.232600212097167969e-02
1.125311851501464844e-02
1.112127304077148438e-02
1.098442077636718750e-02
1.307821273803710938e-02
1.542162895202636719e-02
1.319718360900878906e-02
1.115632057189941406e-02
1.093363761901855469e-02
1.074314117431640625e-02
7.280588150024414062e-03
7.336139678955078125e-03
7.284641265869140625e-03
7.377386093139648438e-03
7.276535034179687500e-03
7.308483123779296875e-03
7.336139678955078125e-03
1.062965393066406250e-02
1.082062721252441406e-02
5.501985549926757812e-03
2.272439002990722656e-02
2.260661125183105469e-02
2.352547645568847656e-02
1.946926116943359375e-02
1.638913154602050781e-02
1.278948783874511719e-02
1.184558868408203125e-02
1.114678382873535156e-02
9.236812591552734375e-03
7.093906402587890625e-03
7.899045944213867188e-03
1.066851615905761719e-02
1.429915428161621094e-02
1.256227493286132812e-02
1.186513900756835938e-02
1.230025291442871094e-02
1.228952407836914062e-02
1.226162910461425781e-02
1.222348213195800781e-02
1.226043701171875000e-02
1.224064826965332031e-02
1.224517822265625000e-02
1.220703125000000000e-02
1.226735115051269531e-02
1.217007637023925781e-02
1.209259033203125000e-02
1.679968833923339844e-02
6.583690643310546875e-03
2.410507202148437500e-02
2.260994911193847656e-02
2.052664756774902344e-02
1.112198829650878906e-02
6.928443908691406250e-03
6.940126419067382812e-03
1.069068908691406250e-02
1.900815963745117188e-02
1.832985877990722656e-02
1.775979995727539062e-02
7.214307785034179688e-03
7.087230682373046875e-03
1.632618904113769531e-02
2.043581008911132812e-02
2.128553390502929688e-02
1.909971237182617188e-02
1.943945884704589844e-02
1.831960678100585938e-02
7.147550582885742188e-03
7.130384445190429688e-03
7.085323333740234375e-03
1.491785049438476562e-02
2.006888389587402344e-02
1.875901222229003906e-02
1.141595840454101562e-02
7.082939147949218750e-03
7.077217102050781250e-03
1.104402542114257812e-02
2.396273612976074219e-02
2.381229400634765625e-02
2.280783653259277344e-02
1.824188232421875000e-02
8.810281753540039062e-03
7.130622863769531250e-03
7.034063339233398438e-03
1.129841804504394531e-02
1.704168319702148438e-02
1.651430130004882812e-02
1.707100868225097656e-02
1.992201805114746094e-02
7.989168167114257812e-03
7.060766220092773438e-03
6.980657577514648438e-03
6.940841674804687500e-03
7.020950317382812500e-03
7.087945938110351562e-03
1.063513755798339844e-02
1.190376281738281250e-02
1.222062110900878906e-02
1.256012916564941406e-02
1.259064674377441406e-02
1.243257522583007812e-02
1.247620582580566406e-02
1.231503486633300781e-02
1.248121261596679688e-02
5.372762680053710938e-03
2.356076240539550781e-02
2.165484428405761719e-02
1.369667053222656250e-02
7.306575775146484375e-03
7.093191146850585938e-03
7.037639617919921875e-03
7.143020629882812500e-03
1.436924934387207031e-02
1.832747459411621094e-02
1.376152038574218750e-02
1.165795326232910156e-02
8.930921554565429688e-03
7.276773452758789062e-03
7.274866104125976562e-03
1.959323883056640625e-02
7.210016250610351562e-03
6.959199905395507812e-03
6.919860839843750000e-03
6.961345672607421875e-03
9.757995605468750000e-03
1.541566848754882812e-02
1.999378204345703125e-02
1.718068122863769531e-02
1.463627815246582031e-02
1.449108123779296875e-02
1.262307167053222656e-02
1.097130775451660156e-02
5.303859710693359375e-03
2.764463424682617188e-02
2.570629119873046875e-02
2.341461181640625000e-02
1.529049873352050781e-02
9.196996688842773438e-03
7.418155670166015625e-03
7.155656814575195312e-03
7.063865661621093750e-03
7.062435150146484375e-03
1.105880737304687500e-02
1.279306411743164062e-02
1.296091079711914062e-02
1.252412796020507812e-02
1.252007484436035156e-02
1.208615303039550781e-02
1.197457313537597656e-02
7.304430007934570312e-03
1.072740554809570312e-02
1.823592185974121094e-02
1.282334327697753906e-02
1.230478286743164062e-02
1.216983795166015625e-02
1.266217231750488281e-02
1.264381408691406250e-02
1.266384124755859375e-02
1.255106925964355469e-02
1.253628730773925781e-02
5.199909210205078125e-03
2.443122863769531250e-02
1.767396926879882812e-02
1.083278656005859375e-02
1.158308982849121094e-02
1.204562187194824219e-02
1.182436943054199219e-02
1.204371452331542969e-02
1.211762428283691406e-02
1.184058189392089844e-02
1.177334785461425781e-02
1.211619377136230469e-02
1.198840141296386719e-02
1.195859909057617188e-02
1.251673698425292969e-02
1.213788986206054688e-02
1.251196861267089844e-02
1.245331764221191406e-02
1.232290267944335938e-02
7.265567779541015625e-03
7.829427719116210938e-03
9.177446365356445312e-03
1.273274421691894531e-02
1.101517677307128906e-02
1.084160804748535156e-02
1.099324226379394531e-02
1.117801666259765625e-02
1.087355613708496094e-02
5.851984024047851562e-03
2.368164062500000000e-02
1.752400398254394531e-02
1.726365089416503906e-02
1.984786987304687500e-02
2.236533164978027344e-02
2.218461036682128906e-02
2.104544639587402344e-02
1.774334907531738281e-02
1.713347434997558594e-02
1.927518844604492188e-02
2.117300033569335938e-02
1.994419097900390625e-02
1.952433586120605469e-02
2.053618431091308594e-02
1.820278167724609375e-02
1.713848114013671875e-02
1.621580123901367188e-02
1.685357093811035156e-02
1.720857620239257812e-02
2.120995521545410156e-02
7.242679595947265625e-03
7.069349288940429688e-03
7.113933563232421875e-03
7.318973541259765625e-03
1.124262809753417969e-02
1.217889785766601562e-02
1.118350028991699219e-02
5.344629287719726562e-03
2.389073371887207031e-02
2.269530296325683594e-02
2.117776870727539062e-02
1.318502426147460938e-02
7.096052169799804688e-03
7.079362869262695312e-03
7.055997848510742188e-03
9.793996810913085938e-03
1.562881469726562500e-02
1.814961433410644531e-02
1.625514030456542969e-02
1.253533363342285156e-02
1.238846778869628906e-02
1.262497901916503906e-02
1.265263557434082031e-02
1.263713836669921875e-02
1.256036758422851562e-02
1.225423812866210938e-02
1.265978813171386719e-02
1.149916648864746094e-02
8.925199508666992188e-03
7.302999496459960938e-03
7.322311401367187500e-03
1.152372360229492188e-02
7.397651672363281250e-03
7.043600082397460938e-03
7.145166397094726562e-03
7.987737655639648438e-03
2.368950843811035156e-02
2.263188362121582031e-02
1.925611495971679688e-02
1.492094993591308594e-02
1.231551170349121094e-02
1.234889030456542969e-02
1.225924491882324219e-02
1.228952407836914062e-02
1.229143142700195312e-02
1.240396499633789062e-02
1.255846023559570312e-02
1.229214668273925781e-02
1.239180564880371094e-02
1.268601417541503906e-02
1.234412193298339844e-02
1.227068901062011719e-02
1.243352890014648438e-02
1.246857643127441406e-02
1.237988471984863281e-02
1.227259635925292969e-02
1.237463951110839844e-02
1.234507560729980469e-02
1.263833045959472656e-02
1.227784156799316406e-02
1.194262504577636719e-02
1.242733001708984375e-02
1.239848136901855469e-02
5.416631698608398438e-03
2.227568626403808594e-02
2.253556251525878906e-02
1.855731010437011719e-02
1.162481307983398438e-02
7.102489471435546875e-03
7.115602493286132812e-03
7.128238677978515625e-03
7.113933563232421875e-03
1.000761985778808594e-02
2.003669738769531250e-02
2.079129219055175781e-02
2.082681655883789062e-02
1.831650733947753906e-02
1.717424392700195312e-02
1.449608802795410156e-02
1.440668106079101562e-02
1.233339309692382812e-02
1.234340667724609375e-02
1.233005523681640625e-02
1.228928565979003906e-02
1.224303245544433594e-02
1.227188110351562500e-02
1.235079765319824219e-02
1.235604286193847656e-02
1.230955123901367188e-02
1.231622695922851562e-02
7.236957550048828125e-03
7.935285568237304688e-03
2.410483360290527344e-02
2.240729331970214844e-02
1.879000663757324219e-02
1.558375358581542969e-02
1.109123229980468750e-02
1.173114776611328125e-02
1.174616813659667969e-02
1.214218139648437500e-02
1.159143447875976562e-02
1.199293136596679688e-02
1.201820373535156250e-02
1.197099685668945312e-02
1.211905479431152344e-02
1.207041740417480469e-02
1.205921173095703125e-02
1.215767860412597656e-02
1.221132278442382812e-02
1.225948333740234375e-02
1.198911666870117188e-02
1.226305961608886719e-02
1.228618621826171875e-02
1.232790946960449219e-02
1.223421096801757812e-02
1.244378089904785156e-02
1.230812072753906250e-02
1.251959800720214844e-02
1.251363754272460938e-02
6.302595138549804688e-03
2.408552169799804688e-02
1.982641220092773438e-02
1.898932456970214844e-02
1.665878295898437500e-02
1.192569732666015625e-02
1.209521293640136719e-02
1.190447807312011719e-02
1.188755035400390625e-02
1.194381713867187500e-02
1.180648803710937500e-02
1.180195808410644531e-02
1.096129417419433594e-02
1.231789588928222656e-02
1.214528083801269531e-02
1.194024085998535156e-02
1.197814941406250000e-02
1.195859909057617188e-02
1.182079315185546875e-02
1.202726364135742188e-02
1.226806640625000000e-02
1.104974746704101562e-02
1.219868659973144531e-02
1.250624656677246094e-02
1.220178604125976562e-02
1.243972778320312500e-02
1.258444786071777344e-02
1.264762878417968750e-02
6.397247314453125000e-03
2.403426170349121094e-02
2.396941184997558594e-02
1.771163940429687500e-02
1.679682731628417969e-02
1.108837127685546875e-02
1.184034347534179688e-02
1.111984252929687500e-02
1.185512542724609375e-02
1.089143753051757812e-02
1.157546043395996094e-02
1.199412345886230469e-02
1.195287704467773438e-02
1.165866851806640625e-02
1.221871376037597656e-02
1.177573204040527344e-02
1.206946372985839844e-02
1.207113265991210938e-02
1.200270652770996094e-02
1.209425926208496094e-02
1.182103157043457031e-02
1.194047927856445312e-02
1.217603683471679688e-02
1.246619224548339844e-02
1.191830635070800781e-02
1.202058792114257812e-02
1.192665100097656250e-02
1.197052001953125000e-02
6.689548492431640625e-03
2.429413795471191406e-02
2.391958236694335938e-02
2.222442626953125000e-02
2.244400978088378906e-02
1.814198493957519531e-02
1.140522956848144531e-02
7.166624069213867188e-03
7.071733474731445312e-03
7.047176361083984375e-03
7.104635238647460938e-03
1.046848297119140625e-02
1.513266563415527344e-02
1.476907730102539062e-02
1.765465736389160156e-02
1.977205276489257812e-02
2.292656898498535156e-02
2.287626266479492188e-02
2.111530303955078125e-02
1.708149909973144531e-02
1.233673095703125000e-02
1.244449615478515625e-02
1.104021072387695312e-02
1.095581054687500000e-02
1.177287101745605469e-02
1.205015182495117188e-02
1.207447052001953125e-02
1.208162307739257812e-02
6.533384323120117188e-03
2.179670333862304688e-02
2.231860160827636719e-02
2.413082122802734375e-02
1.953792572021484375e-02
1.859998703002929688e-02
1.775360107421875000e-02
1.247644424438476562e-02
1.358485221862792969e-02
1.325488090515136719e-02
7.175922393798828125e-03
7.114410400390625000e-03
7.093667984008789062e-03
8.283853530883789062e-03
1.264762878417968750e-02
1.400113105773925781e-02
1.446056365966796875e-02
1.121473312377929688e-02
7.031679153442382812e-03
7.085561752319335938e-03
7.067918777465820312e-03
7.145166397094726562e-03
7.569789886474609375e-03
1.093268394470214844e-02
1.247215270996093750e-02
1.224660873413085938e-02
1.214337348937988281e-02
1.224279403686523438e-02
5.565881729125976562e-03
2.668356895446777344e-02
2.818655967712402344e-02
2.610707283020019531e-02
1.992034912109375000e-02
9.792327880859375000e-03
7.334232330322265625e-03
7.367610931396484375e-03
7.206916809082031250e-03
7.323026657104492188e-03
7.123470306396484375e-03
7.187843322753906250e-03
7.353544235229492188e-03
1.175117492675781250e-02
9.116411209106445312e-03
7.118701934814453125e-03
7.081508636474609375e-03
7.097244262695312500e-03
7.075309753417968750e-03
1.267051696777343750e-02
1.460170745849609375e-02
1.127815246582031250e-02
7.111072540283203125e-03
7.123231887817382812e-03
7.034301757812500000e-03
7.092714309692382812e-03
7.090091705322265625e-03
1.232790946960449219e-02
5.410432815551757812e-03
2.424597740173339844e-02
2.112627029418945312e-02
2.140617370605468750e-02
1.918196678161621094e-02
1.161980628967285156e-02
8.930921554565429688e-03
7.440805435180664062e-03
7.156133651733398438e-03
7.040977478027343750e-03
7.130622863769531250e-03
8.343458175659179688e-03
1.385498046875000000e-02
1.121973991394042969e-02
1.112842559814453125e-02
1.120424270629882812e-02
1.290416717529296875e-02
1.081895828247070312e-02
1.063132286071777344e-02
1.079869270324707031e-02
1.115536689758300781e-02
1.121282577514648438e-02
1.113796234130859375e-02
1.106119155883789062e-02
1.123738288879394531e-02
1.101970672607421875e-02
1.125550270080566406e-02
1.113080978393554688e-02
6.279468536376953125e-03
2.376794815063476562e-02
2.344489097595214844e-02
1.964640617370605469e-02
1.642060279846191406e-02
1.299166679382324219e-02
1.296997070312500000e-02
1.133704185485839844e-02
7.153749465942382812e-03
7.147550582885742188e-03
7.058143615722656250e-03
7.008075714111328125e-03
1.220250129699707031e-02
7.296800613403320312e-03
1.144146919250488281e-02
1.148748397827148438e-02
1.128697395324707031e-02
9.236574172973632812e-03
7.374763488769531250e-03
7.311105728149414062e-03
7.289648056030273438e-03
7.233381271362304688e-03
8.233308792114257812e-03
1.068758964538574219e-02
1.135897636413574219e-02
1.482200622558593750e-02
1.808476448059082031e-02
1.151037216186523438e-02
5.623817443847656250e-03
2.160620689392089844e-02
1.933813095092773438e-02
1.640295982360839844e-02
1.222467422485351562e-02
1.218771934509277344e-02
1.232194900512695312e-02
1.188397407531738281e-02
1.267957687377929688e-02
1.235008239746093750e-02
1.135897636413574219e-02
1.147675514221191406e-02
1.139831542968750000e-02
1.229381561279296875e-02
1.233553886413574219e-02
1.024532318115234375e-02
7.475137710571289062e-03
7.136583328247070312e-03
7.080554962158203125e-03
7.073879241943359375e-03
7.188081741333007812e-03
8.298158645629882812e-03
8.684396743774414062e-03
1.266694068908691406e-02
1.298880577087402344e-02
1.676034927368164062e-02
1.268720626831054688e-02
1.273036003112792969e-02
5.418777465820312500e-03
2.231335639953613281e-02
2.194857597351074219e-02
2.323269844055175781e-02
1.907014846801757812e-02
1.915526390075683594e-02
1.574063301086425781e-02
1.128792762756347656e-02
8.826255798339843750e-03
7.273435592651367188e-03
7.150173187255859375e-03
7.071495056152343750e-03
7.058620452880859375e-03
7.040023803710937500e-03
1.068091392517089844e-02
1.395630836486816406e-02
1.249670982360839844e-02
1.344728469848632812e-02
1.099824905395507812e-02
1.203751564025878906e-02
1.204204559326171875e-02
1.177406311035156250e-02
1.117086410522460938e-02
1.151919364929199219e-02
1.368832588195800781e-02
1.332616806030273438e-02
1.057505607604980469e-02
1.181292533874511719e-02
6.338357925415039062e-03
2.488493919372558594e-02
2.104663848876953125e-02
1.855301856994628906e-02
1.166152954101562500e-02
8.916378021240234375e-03
7.354259490966796875e-03
7.075309753417968750e-03
7.041215896606445312e-03
7.092952728271484375e-03
1.097249984741210938e-02
1.259422302246093750e-02
1.225066184997558594e-02
1.310253143310546875e-02
7.107019424438476562e-03
7.155895233154296875e-03
7.000684738159179688e-03
1.687312126159667969e-02
1.820111274719238281e-02
7.338285446166992188e-03
7.139921188354492188e-03
7.054090499877929688e-03
1.061272621154785156e-02
1.423668861389160156e-02
1.639986038208007812e-02
1.716756820678710938e-02
2.163338661193847656e-02
1.690077781677246094e-02
5.411386489868164062e-03
2.387642860412597656e-02
2.369594573974609375e-02
2.368354797363281250e-02
2.198767662048339844e-02
1.969504356384277344e-02
1.991748809814453125e-02
1.645255088806152344e-02
1.240205764770507812e-02
1.173639297485351562e-02
1.224780082702636719e-02
1.222157478332519531e-02
1.174783706665039062e-02
1.253700256347656250e-02
1.210284233093261719e-02
1.179313659667968750e-02
1.215291023254394531e-02
1.217722892761230469e-02
1.209783554077148438e-02
1.194453239440917969e-02
1.178812980651855469e-02
9.070396423339843750e-03
1.113080978393554688e-02
1.122474670410156250e-02
1.183509826660156250e-02
1.302313804626464844e-02
1.309800148010253906e-02
1.318120956420898438e-02
5.382776260375976562e-03
2.361702919006347656e-02
2.173042297363281250e-02
1.812934875488281250e-02
1.601314544677734375e-02
1.361536979675292969e-02
7.334232330322265625e-03
7.142066955566406250e-03
7.092714309692382812e-03
1.055240631103515625e-02
1.759123802185058594e-02
1.884245872497558594e-02
1.455569267272949219e-02
1.221799850463867188e-02
1.231503486633300781e-02
1.242804527282714844e-02
1.218581199645996094e-02
1.220321655273437500e-02
1.257705688476562500e-02
1.256179809570312500e-02
1.237177848815917969e-02
1.226091384887695312e-02
1.257848739624023438e-02
9.001016616821289062e-03
9.012460708618164062e-03
8.998632431030273438e-03
8.906364440917968750e-03
9.862899780273437500e-03
5.409479141235351562e-03
2.188825607299804688e-02
2.278542518615722656e-02
1.925683021545410156e-02
1.818180084228515625e-02
1.649332046508789062e-02
9.004116058349609375e-03
6.961107254028320312e-03
6.979227066040039062e-03
8.110284805297851562e-03
1.276922225952148438e-02
1.352977752685546875e-02
1.238203048706054688e-02
1.255416870117187500e-02
9.064674377441406250e-03
7.081747055053710938e-03
7.096290588378906250e-03
7.123947143554687500e-03
7.669687271118164062e-03
1.102590560913085938e-02
1.251196861267089844e-02
1.251649856567382812e-02
1.231169700622558594e-02
1.212501525878906250e-02
1.219201087951660156e-02
7.319450378417968750e-03
7.281541824340820312e-03
8.612394332885742188e-03
9.013414382934570312e-03
2.262306213378906250e-02
2.231669425964355469e-02
1.980900764465332031e-02
1.682496070861816406e-02
1.459336280822753906e-02
1.188373565673828125e-02
1.170682907104492188e-02
1.351475715637207031e-02
2.015590667724609375e-02
2.118182182312011719e-02
1.691150665283203125e-02
1.277852058410644531e-02
1.066708564758300781e-02
1.080393791198730469e-02
1.104521751403808594e-02
1.100492477416992188e-02
1.101899147033691406e-02
1.099705696105957031e-02
1.082777976989746094e-02
1.106929779052734375e-02
1.105761528015136719e-02
1.103806495666503906e-02
1.095771789550781250e-02
1.083326339721679688e-02
1.099061965942382812e-02
7.325887680053710938e-03
7.278919219970703125e-03
5.574464797973632812e-03
2.514576911926269531e-02
2.287530899047851562e-02
2.010369300842285156e-02
2.022194862365722656e-02
2.022433280944824219e-02
2.004861831665039062e-02
2.160310745239257812e-02
2.105021476745605469e-02
2.310132980346679688e-02
1.827597618103027344e-02
1.837205886840820312e-02
1.807975769042968750e-02
1.201915740966796875e-02
8.961677551269531250e-03
8.991003036499023438e-03
9.009838104248046875e-03
8.973121643066406250e-03
8.986234664916992188e-03
8.999586105346679688e-03
1.292657852172851562e-02
1.193499565124511719e-02
1.196908950805664062e-02
1.171803474426269531e-02
1.189398765563964844e-02
1.210522651672363281e-02
1.223397254943847656e-02
1.239252090454101562e-02
6.503820419311523438e-03
2.750301361083984375e-02
2.732777595520019531e-02
2.129745483398437500e-02
1.270866394042968750e-02
1.132178306579589844e-02
1.293683052062988281e-02
1.278853416442871094e-02
9.147882461547851562e-03
1.067829132080078125e-02
1.562309265136718750e-02
1.416206359863281250e-02
1.393437385559082031e-02
1.158928871154785156e-02
7.525920867919921875e-03
7.339477539062500000e-03
7.385253906250000000e-03
7.261753082275390625e-03
7.358074188232421875e-03
7.318973541259765625e-03
7.236480712890625000e-03
7.342100143432617188e-03
1.063179969787597656e-02
1.417922973632812500e-02
1.321840286254882812e-02
1.392126083374023438e-02
1.095867156982421875e-02
1.184129714965820312e-02
6.440162658691406250e-03
2.290964126586914062e-02
1.939272880554199219e-02
1.681041717529296875e-02
1.244592666625976562e-02
1.259827613830566406e-02
1.406645774841308594e-02
1.153039932250976562e-02
7.160425186157226562e-03
7.156848907470703125e-03
7.142543792724609375e-03
7.040262222290039062e-03
7.130146026611328125e-03
8.515357971191406250e-03
1.652812957763671875e-02
1.881504058837890625e-02
1.921582221984863281e-02
1.767730712890625000e-02
1.699876785278320312e-02
1.528048515319824219e-02
1.057958602905273438e-02
1.118111610412597656e-02
1.094341278076171875e-02
1.116275787353515625e-02
1.117467880249023438e-02
1.120066642761230469e-02
1.124644279479980469e-02
7.251977920532226562e-03
7.556915283203125000e-03
2.387738227844238281e-02
2.359271049499511719e-02
1.881790161132812500e-02
1.547074317932128906e-02
9.165763854980468750e-03
1.354598999023437500e-02
1.129746437072753906e-02
7.744073867797851562e-03
7.128238677978515625e-03
7.163763046264648438e-03
7.107973098754882812e-03
1.327538490295410156e-02
1.242351531982421875e-02
1.213479042053222656e-02
1.215577125549316406e-02
1.234054565429687500e-02
1.239132881164550781e-02
1.239085197448730469e-02
1.239395141601562500e-02
1.242423057556152344e-02
1.246261596679687500e-02
1.242446899414062500e-02
1.261901855468750000e-02
1.246309280395507812e-02
1.258683204650878906e-02
1.155018806457519531e-02
9.175300598144531250e-03
5.766630172729492188e-03
2.165937423706054688e-02
1.969408988952636719e-02
1.667356491088867188e-02
1.291251182556152344e-02
1.237416267395019531e-02
1.185464859008789062e-02
1.697683334350585938e-02
2.007150650024414062e-02
1.634812355041503906e-02
1.277256011962890625e-02
1.093673706054687500e-02
1.029443740844726562e-02
7.362604141235351562e-03
7.372856140136718750e-03
1.016759872436523438e-02
7.377386093139648438e-03
1.030278205871582031e-02
7.363319396972656250e-03
1.085329055786132812e-02
1.033520698547363281e-02
1.001262664794921875e-02
1.015400886535644531e-02
9.895086288452148438e-03
7.350444793701171875e-03
1.040434837341308594e-02
1.027393341064453125e-02
8.211851119995117188e-03
5.584716796875000000e-03
1.974034309387207031e-02
1.601028442382812500e-02
1.666069030761718750e-02
1.283431053161621094e-02
1.106834411621093750e-02
1.081538200378417969e-02
1.085472106933593750e-02
7.357597351074218750e-03
