6.796207427978515625e-01
8.190393447875976562e-03
1.589870452880859375e-02
1.621770858764648438e-02
1.795911788940429688e-02
1.483750343322753906e-02
1.250386238098144531e-02
9.013414382934570312e-03
8.911609649658203125e-03
7.447242736816406250e-03
8.953094482421875000e-03
1.203775405883789062e-02
1.239871978759765625e-02
1.699519157409667969e-02
1.316070556640625000e-02
7.242918014526367188e-03
7.205724716186523438e-03
7.242679595947265625e-03
7.212877273559570312e-03
7.252931594848632812e-03
7.252454757690429688e-03
7.212400436401367188e-03
9.463310241699218750e-03
1.095485687255859375e-02
1.112341880798339844e-02
1.230263710021972656e-02
1.988101005554199219e-02
2.274823188781738281e-02
2.071595191955566406e-02
1.325416564941406250e-02
8.162260055541992188e-03
7.494688034057617188e-03
7.700204849243164062e-03
1.106166839599609375e-02
1.213240623474121094e-02
1.638269424438476562e-02
1.649665832519531250e-02
1.803684234619140625e-02
1.160573959350585938e-02
1.109480857849121094e-02
1.335167884826660156e-02
1.314353942871093750e-02
1.103281974792480469e-02
1.096677780151367188e-02
1.103520393371582031e-02
1.090621948242187500e-02
1.085281372070312500e-02
1.085638999938964844e-02
1.086115837097167969e-02
1.020216941833496094e-02
1.022100448608398438e-02
1.032114028930664062e-02
7.072210311889648438e-03
5.500078201293945312e-03
2.165961265563964844e-02
1.766610145568847656e-02
1.846694946289062500e-02
1.018261909484863281e-02
7.001638412475585938e-03
6.977558135986328125e-03
1.150536537170410156e-02
1.034712791442871094e-02
1.319074630737304688e-02
1.335620880126953125e-02
1.670241355895996094e-02
1.833462715148925781e-02
2.034759521484375000e-02
1.602411270141601562e-02
1.511859893798828125e-02
1.484251022338867188e-02
1.643133163452148438e-02
1.878881454467773438e-02
1.891303062438964844e-02
1.546525955200195312e-02
1.528000831604003906e-02
1.533365249633789062e-02
1.540541648864746094e-02
1.537108421325683594e-02
7.122755050659179688e-03
1.117730140686035156e-02
5.603551864624023438e-03
1.928424835205078125e-02
2.048945426940917969e-02
2.094841003417968750e-02
1.921200752258300781e-02
1.605558395385742188e-02
1.185989379882812500e-02
1.101398468017578125e-02
1.104831695556640625e-02
1.216197013854980469e-02
7.414340972900390625e-03
1.154994964599609375e-02
1.430511474609375000e-02
1.530075073242187500e-02
1.582670211791992188e-02
1.643037796020507812e-02
1.008987426757812500e-02
7.897138595581054688e-03
8.385658264160156250e-03
1.300907135009765625e-02
1.176118850708007812e-02
1.252102851867675781e-02
1.035118103027343750e-02
7.134914398193359375e-03
7.019996643066406250e-03
6.974697113037109375e-03
6.972074508666992188e-03
5.499124526977539062e-03
2.163147926330566406e-02
2.117705345153808594e-02
1.661753654479980469e-02
1.226305961608886719e-02
1.208329200744628906e-02
1.208782196044921875e-02
1.209735870361328125e-02
1.203870773315429688e-02
1.194834709167480469e-02
1.434540748596191406e-02
1.764178276062011719e-02
1.866888999938964844e-02
7.253646850585937500e-03
7.156848907470703125e-03
7.121562957763671875e-03
7.176160812377929688e-03
7.094621658325195312e-03
7.076263427734375000e-03
7.059335708618164062e-03
7.141590118408203125e-03
7.217168807983398438e-03
7.125377655029296875e-03
6.964921951293945312e-03
6.997346878051757812e-03
6.976366043090820312e-03
7.133722305297851562e-03
5.618810653686523438e-03
2.116179466247558594e-02
1.797032356262207031e-02
1.333355903625488281e-02
1.099085807800292969e-02
1.318335533142089844e-02
1.299095153808593750e-02
1.314544677734375000e-02
1.314353942871093750e-02
1.329302787780761719e-02
1.320028305053710938e-02
7.315635681152343750e-03
7.178306579589843750e-03
7.039785385131835938e-03
1.040148735046386719e-02
1.196789741516113281e-02
7.641315460205078125e-03
1.348257064819335938e-02
1.070451736450195312e-02
7.258415222167968750e-03
7.220268249511718750e-03
7.209062576293945312e-03
1.105523109436035156e-02
1.764297485351562500e-02
8.597373962402343750e-03
7.261276245117187500e-03
8.062839508056640625e-03
7.132053375244140625e-03
2.116990089416503906e-02
2.058243751525878906e-02
2.093100547790527344e-02
1.885247230529785156e-02
1.766133308410644531e-02
1.330304145812988281e-02
1.103377342224121094e-02
1.095652580261230469e-02
1.093602180480957031e-02
1.105356216430664062e-02
1.096367835998535156e-02
1.100659370422363281e-02
6.913900375366210938e-03
6.846189498901367188e-03
6.852626800537109375e-03
6.957769393920898438e-03
1.123690605163574219e-02
1.199316978454589844e-02
7.056236267089843750e-03
6.857395172119140625e-03
7.001876831054687500e-03
7.370233535766601562e-03
8.616447448730468750e-03
1.521587371826171875e-02
1.345348358154296875e-02
1.845169067382812500e-02
6.519317626953125000e-03
2.004861831665039062e-02
1.686072349548339844e-02
7.513046264648437500e-03
6.998777389526367188e-03
6.952762603759765625e-03
1.275014877319335938e-02
1.266694068908691406e-02
1.200437545776367188e-02
6.855010986328125000e-03
7.191896438598632812e-03
7.035732269287109375e-03
7.378816604614257812e-03
1.461648941040039062e-02
1.327919960021972656e-02
1.228260993957519531e-02
1.219797134399414062e-02
7.046222686767578125e-03
6.969928741455078125e-03
6.958246231079101562e-03
7.204294204711914062e-03
1.083683967590332031e-02
1.177048683166503906e-02
1.116156578063964844e-02
7.362842559814453125e-03
7.051229476928710938e-03
7.028818130493164062e-03
5.567312240600585938e-03
2.070760726928710938e-02
1.942992210388183594e-02
1.455736160278320312e-02
1.499700546264648438e-02
1.549267768859863281e-02
1.594948768615722656e-02
1.745438575744628906e-02
2.104640007019042969e-02
1.979541778564453125e-02
1.494264602661132812e-02
1.296305656433105469e-02
1.180815696716308594e-02
7.134914398193359375e-03
7.039308547973632812e-03
7.008314132690429688e-03
7.015943527221679688e-03
1.454949378967285156e-02
1.638054847717285156e-02
1.201057434082031250e-02
1.199102401733398438e-02
1.179027557373046875e-02
1.099491119384765625e-02
1.213717460632324219e-02
1.174879074096679688e-02
7.179737091064453125e-03
8.459091186523437500e-03
5.225658416748046875e-03
2.088093757629394531e-02
1.888275146484375000e-02
1.792049407958984375e-02
2.033257484436035156e-02
2.354502677917480469e-02
2.321243286132812500e-02
1.654124259948730469e-02
1.652479171752929688e-02
1.872229576110839844e-02
1.534914970397949219e-02
1.169490814208984375e-02
6.857872009277343750e-03
6.895542144775390625e-03
6.822109222412109375e-03
6.800413131713867188e-03
1.068902015686035156e-02
1.428699493408203125e-02
1.101589202880859375e-02
8.605003356933593750e-03
7.445335388183593750e-03
7.164239883422851562e-03
1.035928726196289062e-02
1.209616661071777344e-02
1.132822036743164062e-02
6.850481033325195312e-03
6.828546524047851562e-03
1.180052757263183594e-02
2.148723602294921875e-02
1.867461204528808594e-02
9.498834609985351562e-03
7.464647293090820312e-03
7.283687591552734375e-03
7.397174835205078125e-03
7.210493087768554688e-03
7.280588150024414062e-03
7.224559783935546875e-03
7.272005081176757812e-03
7.310390472412109375e-03
7.280349731445312500e-03
7.203340530395507812e-03
7.325887680053710938e-03
7.278442382812500000e-03
7.302999496459960938e-03
7.239103317260742188e-03
1.365232467651367188e-02
1.217842102050781250e-02
8.909225463867187500e-03
7.347106933593750000e-03
7.402181625366210938e-03
7.244348526000976562e-03
7.286548614501953125e-03
7.229328155517578125e-03
7.285118103027343750e-03
5.991935729980468750e-03
2.126836776733398438e-02
1.894903182983398438e-02
1.235342025756835938e-02
7.040262222290039062e-03
6.906747817993164062e-03
7.001399993896484375e-03
7.292270660400390625e-03
8.762598037719726562e-03
1.281404495239257812e-02
1.092004776000976562e-02
1.089143753051757812e-02
1.075005531311035156e-02
1.170873641967773438e-02
1.089882850646972656e-02
1.420259475708007812e-02
7.958650588989257812e-03
6.939888000488281250e-03
6.828546524047851562e-03
6.814002990722656250e-03
1.243424415588378906e-02
1.441979408264160156e-02
1.065492630004882812e-02
1.620149612426757812e-02
1.413345336914062500e-02
1.190781593322753906e-02
1.207804679870605469e-02
5.610227584838867188e-03
2.716302871704101562e-02
2.569532394409179688e-02
2.616524696350097656e-02
2.500486373901367188e-02
2.469491958618164062e-02
2.221536636352539062e-02
7.186412811279296875e-03
7.109642028808593750e-03
7.133483886718750000e-03
1.073408126831054688e-02
1.634073257446289062e-02
1.737499237060546875e-02
1.771974563598632812e-02
1.066660881042480469e-02
7.071018218994140625e-03
7.114410400390625000e-03
7.056474685668945312e-03
1.704120635986328125e-02
1.297903060913085938e-02
1.220297813415527344e-02
1.206398010253906250e-02
1.214957237243652344e-02
1.216697692871093750e-02
1.218461990356445312e-02
1.220893859863281250e-02
7.108211517333984375e-03
5.290508270263671875e-03
2.137374877929687500e-02
1.893115043640136719e-02
1.900815963745117188e-02
1.909518241882324219e-02
1.896858215332031250e-02
1.733970642089843750e-02
1.578831672668457031e-02
6.984233856201171875e-03
6.855726242065429688e-03
6.971359252929687500e-03
6.812334060668945312e-03
1.053452491760253906e-02
1.230120658874511719e-02
1.516079902648925781e-02
1.228904724121093750e-02
1.186609268188476562e-02
1.194787025451660156e-02
1.132798194885253906e-02
1.104903221130371094e-02
1.085519790649414062e-02
1.067090034484863281e-02
1.217031478881835938e-02
1.104879379272460938e-02
1.063561439514160156e-02
1.037383079528808594e-02
6.972551345825195312e-03
5.173444747924804688e-03
1.952600479125976562e-02
1.545572280883789062e-02
1.446437835693359375e-02
1.716208457946777344e-02
1.869535446166992188e-02
1.505851745605468750e-02
1.485133171081542969e-02
1.655364036560058594e-02
1.779508590698242188e-02
1.217794418334960938e-02
1.093196868896484375e-02
1.066160202026367188e-02
7.238388061523437500e-03
7.624387741088867188e-03
8.811473846435546875e-03
1.321625709533691406e-02
1.337957382202148438e-02
1.470685005187988281e-02
1.492428779602050781e-02
1.538586616516113281e-02
1.304650306701660156e-02
1.747012138366699219e-02
1.531338691711425781e-02
7.113695144653320312e-03
7.113933563232421875e-03
7.131338119506835938e-03
5.537271499633789062e-03
1.739811897277832031e-02
1.126003265380859375e-02
1.107525825500488281e-02
1.099514961242675781e-02
1.095366477966308594e-02
1.094269752502441406e-02
1.114845275878906250e-02
1.116681098937988281e-02
1.113629341125488281e-02
1.107168197631835938e-02
1.099944114685058594e-02
1.108694076538085938e-02
1.110219955444335938e-02
1.107907295227050781e-02
1.107764244079589844e-02
2.117061614990234375e-02
1.700997352600097656e-02
1.266455650329589844e-02
1.111626625061035156e-02
1.184487342834472656e-02
1.202249526977539062e-02
1.196908950805664062e-02
1.216173171997070312e-02
1.200795173645019531e-02
8.096456527709960938e-03
6.839275360107421875e-03
5.228281021118164062e-03
2.243900299072265625e-02
2.007079124450683594e-02
7.159233093261718750e-03
6.966352462768554688e-03
6.972074508666992188e-03
6.884098052978515625e-03
6.927013397216796875e-03
1.104259490966796875e-02
1.300668716430664062e-02
1.279473304748535156e-02
1.121544837951660156e-02
7.198810577392578125e-03
6.854772567749023438e-03
6.947994232177734375e-03
6.984710693359375000e-03
1.072287559509277344e-02
1.940989494323730469e-02
1.595544815063476562e-02
6.987571716308593750e-03
6.984710693359375000e-03
6.896018981933593750e-03
7.730245590209960938e-03
1.245808601379394531e-02
1.547074317932128906e-02
1.454401016235351562e-02
1.707386970520019531e-02
5.406618118286132812e-03
2.091789245605468750e-02
9.024858474731445312e-03
7.370471954345703125e-03
7.072448730468750000e-03
1.481795310974121094e-02
1.223111152648925781e-02
1.123046875000000000e-02
1.709628105163574219e-02
1.791143417358398438e-02
1.213049888610839844e-02
1.229667663574218750e-02
1.795315742492675781e-02
1.638531684875488281e-02
9.035110473632812500e-03
7.195949554443359375e-03
7.180929183959960938e-03
7.142782211303710938e-03
1.055288314819335938e-02
1.134324073791503906e-02
7.192850112915039062e-03
7.019758224487304688e-03
1.047277450561523438e-02
7.351636886596679688e-03
1.067662239074707031e-02
2.105069160461425781e-02
1.974701881408691406e-02
6.953001022338867188e-03
2.322173118591308594e-02
2.336978912353515625e-02
2.333664894104003906e-02
2.307200431823730469e-02
2.299046516418457031e-02
2.301406860351562500e-02
1.206660270690917969e-02
1.113677024841308594e-02
8.715152740478515625e-03
7.269382476806640625e-03
6.997585296630859375e-03
6.901502609252929688e-03
6.873607635498046875e-03
8.106231689453125000e-03
1.212763786315917969e-02
1.630806922912597656e-02
1.272606849670410156e-02
1.457500457763671875e-02
1.294374465942382812e-02
1.333355903625488281e-02
1.319360733032226562e-02
1.112627983093261719e-02
1.101326942443847656e-02
1.092195510864257812e-02
7.165431976318359375e-03
7.076740264892578125e-03
7.099390029907226562e-03
2.266049385070800781e-02
2.302145957946777344e-02
2.309274673461914062e-02
2.206015586853027344e-02
1.952242851257324219e-02
1.849579811096191406e-02
1.647782325744628906e-02
1.203799247741699219e-02
1.193284988403320312e-02
1.186680793762207031e-02
1.193118095397949219e-02
1.197886466979980469e-02
1.193284988403320312e-02
1.211524009704589844e-02
1.197361946105957031e-02
1.196527481079101562e-02
7.073163986206054688e-03
7.082223892211914062e-03
7.058858871459960938e-03
7.107019424438476562e-03
7.032632827758789062e-03
7.114648818969726562e-03
7.121086120605468750e-03
1.097297668457031250e-02
1.194953918457031250e-02
1.213359832763671875e-02
9.070634841918945312e-03
2.252244949340820312e-02
2.152824401855468750e-02
1.903200149536132812e-02
1.848363876342773438e-02
1.782369613647460938e-02
1.404595375061035156e-02
1.243758201599121094e-02
1.104593276977539062e-02
1.186132431030273438e-02
1.186633110046386719e-02
7.341384887695312500e-03
7.339954376220703125e-03
6.986856460571289062e-03
6.896495819091796875e-03
6.832599639892578125e-03
8.211374282836914062e-03
1.634621620178222656e-02
1.666140556335449219e-02
1.752495765686035156e-02
1.643681526184082031e-02
1.505279541015625000e-02
1.097512245178222656e-02
1.112794876098632812e-02
1.108074188232421875e-02
1.793766021728515625e-02
1.181602478027343750e-02
5.227327346801757812e-03
2.229547500610351562e-02
2.106213569641113281e-02
1.484727859497070312e-02
6.951808929443359375e-03
6.885290145874023438e-03
6.885766983032226562e-03
7.373571395874023438e-03
1.414179801940917969e-02
1.283669471740722656e-02
1.740097999572753906e-02
1.877617835998535156e-02
1.750993728637695312e-02
1.123499870300292969e-02
8.852481842041015625e-03
7.000684738159179688e-03
6.861448287963867188e-03
6.817817687988281250e-03
6.792306900024414062e-03
7.124662399291992188e-03
9.851932525634765625e-03
1.113319396972656250e-02
1.205682754516601562e-02
1.232457160949707031e-02
1.439595222473144531e-02
1.676678657531738281e-02
1.758694648742675781e-02
5.516529083251953125e-03
2.148532867431640625e-02
2.234363555908203125e-02
2.178907394409179688e-02
1.891398429870605469e-02
1.357793807983398438e-02
8.914709091186523438e-03
8.110523223876953125e-03
9.111166000366210938e-03
8.408546447753906250e-03
1.034784317016601562e-02
1.245903968811035156e-02
1.314377784729003906e-02
1.195859909057617188e-02
1.199221611022949219e-02
1.204109191894531250e-02
1.196908950805664062e-02
1.096415519714355469e-02
1.545500755310058594e-02
1.648998260498046875e-02
1.676630973815917969e-02
7.468461990356445312e-03
7.202863693237304688e-03
7.233142852783203125e-03
7.271289825439453125e-03
7.251501083374023438e-03
7.297277450561523438e-03
5.668878555297851562e-03
2.277731895446777344e-02
1.882815361022949219e-02
1.140069961547851562e-02
1.311182975769042969e-02
7.465124130249023438e-03
7.485866546630859375e-03
7.757663726806640625e-03
1.184129714965820312e-02
1.238965988159179688e-02
1.270198822021484375e-02
1.261448860168457031e-02
1.080155372619628906e-02
7.178306579589843750e-03
7.081985473632812500e-03
7.066249847412109375e-03
7.008790969848632812e-03
7.145404815673828125e-03
7.258653640747070312e-03
7.219314575195312500e-03
7.047176361083984375e-03
8.129119873046875000e-03
8.422136306762695312e-03
7.009744644165039062e-03
7.887601852416992188e-03
8.339881896972656250e-03
8.298873901367187500e-03
5.473852157592773438e-03
2.076220512390136719e-02
1.996302604675292969e-02
1.582717895507812500e-02
1.204872131347656250e-02
1.179504394531250000e-02
1.100802421569824219e-02
7.131099700927734375e-03
7.133483886718750000e-03
7.119178771972656250e-03
7.159709930419921875e-03
7.043361663818359375e-03
7.112741470336914062e-03
7.118940353393554688e-03
7.068395614624023438e-03
7.277011871337890625e-03
7.735252380371093750e-03
8.537054061889648438e-03
1.064467430114746094e-02
1.112532615661621094e-02
1.717138290405273438e-02
1.714658737182617188e-02
1.670241355895996094e-02
1.451706886291503906e-02
1.444005966186523438e-02
1.443576812744140625e-02
1.749062538146972656e-02
5.622863769531250000e-03
2.197933197021484375e-02
2.359318733215332031e-02
2.122306823730468750e-02
2.057671546936035156e-02
1.960682868957519531e-02
1.645946502685546875e-02
1.655817031860351562e-02
1.874494552612304688e-02
1.846885681152343750e-02
1.039314270019531250e-02
7.036209106445312500e-03
6.799936294555664062e-03
6.916999816894531250e-03
7.404804229736328125e-03
8.678913116455078125e-03
1.223230361938476562e-02
6.847143173217773438e-03
7.207870483398437500e-03
9.978771209716796875e-03
1.077103614807128906e-02
1.201772689819335938e-02
1.317048072814941406e-02
1.278591156005859375e-02
1.081585884094238281e-02
6.841659545898437500e-03
6.812572479248046875e-03
7.625102996826171875e-03
2.112746238708496094e-02
1.903104782104492188e-02
1.568245887756347656e-02
1.408386230468750000e-02
1.196098327636718750e-02
1.194572448730468750e-02
1.190471649169921875e-02
1.189851760864257812e-02
1.202154159545898438e-02
1.207733154296875000e-02
1.260042190551757812e-02
1.195740699768066406e-02
1.197910308837890625e-02
1.264929771423339844e-02
7.032394409179687500e-03
6.936788558959960938e-03
6.968736648559570312e-03
6.832599639892578125e-03
6.961107254028320312e-03
7.678985595703125000e-03
1.199293136596679688e-02
1.083755493164062500e-02
8.553743362426757812e-03
6.844520568847656250e-03
6.795883178710937500e-03
6.829977035522460938e-03
9.082555770874023438e-03
2.098274230957031250e-02
1.898097991943359375e-02
1.611518859863281250e-02
1.339817047119140625e-02
1.316499710083007812e-02
1.331973075866699219e-02
1.109123229980468750e-02
1.101899147033691406e-02
1.426196098327636719e-02
1.315736770629882812e-02
1.334452629089355469e-02
1.317906379699707031e-02
1.331663131713867188e-02
1.295471191406250000e-02
1.312184333801269531e-02
1.332521438598632812e-02
1.097631454467773438e-02
1.096081733703613281e-02
1.094794273376464844e-02
1.306176185607910156e-02
2.096605300903320312e-02
1.461362838745117188e-02
1.249861717224121094e-02
1.098132133483886719e-02
8.406877517700195312e-03
8.522510528564453125e-03
5.183696746826171875e-03
2.119135856628417969e-02
1.921606063842773438e-02
1.530957221984863281e-02
1.242351531982421875e-02
1.459908485412597656e-02
1.526665687561035156e-02
1.711034774780273438e-02
1.751255989074707031e-02
2.003931999206542969e-02
2.194690704345703125e-02
2.337574958801269531e-02
2.082276344299316406e-02
1.870656013488769531e-02
1.521420478820800781e-02
1.079368591308593750e-02
1.074123382568359375e-02
1.077556610107421875e-02
8.625507354736328125e-03
1.268911361694335938e-02
1.201844215393066406e-02
1.198625564575195312e-02
1.192831993103027344e-02
1.375603675842285156e-02
1.307582855224609375e-02
1.021337509155273438e-02
7.207155227661132812e-03
5.557298660278320312e-03
2.104711532592773438e-02
1.897072792053222656e-02
1.532101631164550781e-02
1.521944999694824219e-02
1.978778839111328125e-02
1.396846771240234375e-02
1.289391517639160156e-02
1.693105697631835938e-02
1.484751701354980469e-02
1.468491554260253906e-02
1.986789703369140625e-02
1.618456840515136719e-02
1.087045669555664062e-02
1.084136962890625000e-02
1.075744628906250000e-02
1.072287559509277344e-02
1.074957847595214844e-02
1.075720787048339844e-02
1.079177856445312500e-02
1.086831092834472656e-02
1.071977615356445312e-02
1.085019111633300781e-02
1.080632209777832031e-02
1.074576377868652344e-02
1.076650619506835938e-02
7.279634475708007812e-03
5.942821502685546875e-03
2.104139328002929688e-02
1.895356178283691406e-02
1.659440994262695312e-02
1.547408103942871094e-02
2.002644538879394531e-02
1.645088195800781250e-02
1.088929176330566406e-02
1.084661483764648438e-02
1.079154014587402344e-02
1.086902618408203125e-02
1.093292236328125000e-02
1.080656051635742188e-02
1.095223426818847656e-02
1.121330261230468750e-02
1.074409484863281250e-02
1.099896430969238281e-02
1.143980026245117188e-02
1.077342033386230469e-02
1.035809516906738281e-02
1.053261756896972656e-02
1.064205169677734375e-02
1.018404960632324219e-02
1.066541671752929688e-02
7.194042205810546875e-03
7.393121719360351562e-03
1.090192794799804688e-02
5.725622177124023438e-03
1.960706710815429688e-02
1.742577552795410156e-02
1.110434532165527344e-02
1.032853126525878906e-02
1.126956939697265625e-02
9.269475936889648438e-03
7.295846939086914062e-03
7.057189941406250000e-03
7.111787796020507812e-03
7.157802581787109375e-03
7.041692733764648438e-03
7.072210311889648438e-03
7.188558578491210938e-03
7.089376449584960938e-03
7.784128189086914062e-03
7.316350936889648438e-03
7.303237915039062500e-03
8.959054946899414062e-03
1.212525367736816406e-02
1.074433326721191406e-02
9.680032730102539062e-03
7.257938385009765625e-03
7.675170898437500000e-03
9.798288345336914062e-03
1.284193992614746094e-02
9.724617004394531250e-03
5.718708038330078125e-03
2.116346359252929688e-02
1.814818382263183594e-02
1.302337646484375000e-02
1.041316986083984375e-02
7.150888442993164062e-03
7.093429565429687500e-03
7.382392883300781250e-03
6.907939910888671875e-03
6.853103637695312500e-03
6.860256195068359375e-03
6.864786148071289062e-03
8.377790451049804688e-03
1.059508323669433594e-02
1.440286636352539062e-02
1.752400398254394531e-02
1.839017868041992188e-02
1.646113395690917969e-02
8.717536926269531250e-03
7.105588912963867188e-03
6.904125213623046875e-03
6.993055343627929688e-03
7.505893707275390625e-03
8.773088455200195312e-03
1.288604736328125000e-02
1.070427894592285156e-02
1.059985160827636719e-02
7.861375808715820312e-03
2.255225181579589844e-02
1.904797554016113281e-02
1.294302940368652344e-02
1.089739799499511719e-02
1.089763641357421875e-02
1.093196868896484375e-02
6.862401962280273438e-03
6.868839263916015625e-03
6.889820098876953125e-03
7.154941558837890625e-03
6.950855255126953125e-03
6.878376007080078125e-03
6.863355636596679688e-03
6.908893585205078125e-03
6.906986236572265625e-03
7.714033126831054688e-03
1.089811325073242188e-02
1.207256317138671875e-02
1.205754280090332031e-02
8.574724197387695312e-03
6.854772567749023438e-03
6.941795349121093750e-03
7.058143615722656250e-03
1.159262657165527344e-02
1.649022102355957031e-02
1.690053939819335938e-02
5.702972412109375000e-03
2.718377113342285156e-02
2.720594406127929688e-02
2.553844451904296875e-02
2.554678916931152344e-02
2.293515205383300781e-02
2.367877960205078125e-02
2.237057685852050781e-02
1.982212066650390625e-02
8.730888366699218750e-03
8.718013763427734375e-03
8.761644363403320312e-03
1.542091369628906250e-02
7.407188415527343750e-03
8.852243423461914062e-03
1.242780685424804688e-02
1.217436790466308594e-02
1.196670532226562500e-02
1.106262207031250000e-02
1.108026504516601562e-02
1.746916770935058594e-02
2.291989326477050781e-02
2.141499519348144531e-02
1.731562614440917969e-02
1.143169403076171875e-02
7.106542587280273438e-03
7.117986679077148438e-03
7.735967636108398438e-03
2.122831344604492188e-02
1.541090011596679688e-02
1.101589202880859375e-02
1.109194755554199219e-02
1.105713844299316406e-02
1.104021072387695312e-02
1.098465919494628906e-02
1.088476181030273438e-02
1.091647148132324219e-02
1.055145263671875000e-02
7.032394409179687500e-03
6.816148757934570312e-03
6.944894790649414062e-03
6.944894790649414062e-03
6.864309310913085938e-03
1.804566383361816406e-02
1.315379142761230469e-02
1.091170310974121094e-02
1.087379455566406250e-02
1.096153259277343750e-02
1.102042198181152344e-02
1.111578941345214844e-02
1.903367042541503906e-02
1.653552055358886719e-02
1.235079765319824219e-02
1.204037666320800781e-02
5.360841751098632812e-03
2.232408523559570312e-02
2.114033699035644531e-02
2.331733703613281250e-02
2.082204818725585938e-02
1.979279518127441406e-02
1.963877677917480469e-02
1.961660385131835938e-02
1.975774765014648438e-02
1.968193054199218750e-02
1.885914802551269531e-02
1.375579833984375000e-02
1.373124122619628906e-02
7.089138031005859375e-03
7.079124450683593750e-03
7.032632827758789062e-03
7.296323776245117188e-03
7.100105285644531250e-03
7.099628448486328125e-03
9.064197540283203125e-03
1.174473762512207031e-02
8.942127227783203125e-03
1.136636734008789062e-02
1.357388496398925781e-02
1.046872138977050781e-02
7.041692733764648438e-03
7.054090499877929688e-03
5.598306655883789062e-03
2.065587043762207031e-02
2.069425582885742188e-02
1.708340644836425781e-02
1.842713356018066406e-02
1.732397079467773438e-02
1.849126815795898438e-02
1.742696762084960938e-02
1.838564872741699219e-02
1.767373085021972656e-02
1.746463775634765625e-02
1.917004585266113281e-02
1.859188079833984375e-02
1.839327812194824219e-02
1.833152770996093750e-02
7.547855377197265625e-03
6.956338882446289062e-03
6.974220275878906250e-03
7.081985473632812500e-03
7.056951522827148438e-03
7.153034210205078125e-03
7.480621337890625000e-03
1.499295234680175781e-02
1.019167900085449219e-02
1.498889923095703125e-02
1.242351531982421875e-02
1.313185691833496094e-02
5.209922790527343750e-03
2.358961105346679688e-02
1.877760887145996094e-02
1.481938362121582031e-02
1.483321189880371094e-02
1.483345031738281250e-02
1.500248908996582031e-02
1.467609405517578125e-02
1.201558113098144531e-02
1.083207130432128906e-02
1.107978820800781250e-02
1.104259490966796875e-02
1.104760169982910156e-02
1.094818115234375000e-02
1.098251342773437500e-02
1.097559928894042969e-02
1.108455657958984375e-02
6.969213485717773438e-03
6.973981857299804688e-03
1.115155220031738281e-02
1.112127304077148438e-02
1.276183128356933594e-02
1.208090782165527344e-02
1.207041740417480469e-02
1.205444335937500000e-02
1.135468482971191406e-02
6.930589675903320312e-03
5.328416824340820312e-03
1.792240142822265625e-02
1.538062095642089844e-02
1.307320594787597656e-02
7.251024246215820312e-03
7.369518280029296875e-03
7.276296615600585938e-03
7.299900054931640625e-03
7.230758666992187500e-03
7.268190383911132812e-03
9.217977523803710938e-03
1.331472396850585938e-02
7.496595382690429688e-03
8.601903915405273438e-03
7.266044616699218750e-03
7.301807403564453125e-03
7.255792617797851562e-03
8.895158767700195312e-03
7.205724716186523438e-03
7.192611694335937500e-03
7.127046585083007812e-03
1.216197013854980469e-02
1.218509674072265625e-02
1.221847534179687500e-02
1.299381256103515625e-02
7.015943527221679688e-03
6.955385208129882812e-03
1.407408714294433594e-02
2.173447608947753906e-02
1.908731460571289062e-02
1.474547386169433594e-02
1.211452484130859375e-02
1.165223121643066406e-02
1.097750663757324219e-02
1.101803779602050781e-02
1.098704338073730469e-02
1.086807250976562500e-02
1.207756996154785156e-02
1.093745231628417969e-02
1.094603538513183594e-02
1.517343521118164062e-02
1.878619194030761719e-02
1.374411582946777344e-02
7.025003433227539062e-03
6.956815719604492188e-03
6.839752197265625000e-03
6.860256195068359375e-03
1.036596298217773438e-02
8.328676223754882812e-03
1.072740554809570312e-02
1.223778724670410156e-02
1.128196716308593750e-02
1.017880439758300781e-02
7.038593292236328125e-03
9.751319885253906250e-03
2.084946632385253906e-02
1.938915252685546875e-02
1.724243164062500000e-02
8.466720581054687500e-03
7.282257080078125000e-03
8.722305297851562500e-03
7.287740707397460938e-03
7.260799407958984375e-03
7.290363311767578125e-03
1.076388359069824219e-02
1.217627525329589844e-02
1.259160041809082031e-02
1.101994514465332031e-02
7.344961166381835938e-03
7.279157638549804688e-03
7.265329360961914062e-03
7.460355758666992188e-03
7.257938385009765625e-03
7.406711578369140625e-03
7.275819778442382812e-03
1.051068305969238281e-02
9.598493576049804688e-03
9.479284286499023438e-03
9.621620178222656250e-03
9.498357772827148438e-03
7.217168807983398438e-03
7.964611053466796875e-03
2.094578742980957031e-02
1.861596107482910156e-02
1.344084739685058594e-02
1.117777824401855469e-02
1.115608215332031250e-02
1.546740531921386719e-02
7.357835769653320312e-03
7.146596908569335938e-03
7.042884826660156250e-03
8.999824523925781250e-03
1.198053359985351562e-02
1.045274734497070312e-02
1.051855087280273438e-02
7.251739501953125000e-03
7.411479949951171875e-03
1.059889793395996094e-02
7.208108901977539062e-03
7.016420364379882812e-03
7.298469543457031250e-03
1.026082038879394531e-02
1.309347152709960938e-02
1.090550422668457031e-02
1.059150695800781250e-02
1.067686080932617188e-02
1.499128341674804688e-02
7.282972335815429688e-03
8.019447326660156250e-03
2.062726020812988281e-02
2.114248275756835938e-02
1.854038238525390625e-02
1.432657241821289062e-02
1.098012924194335938e-02
1.106619834899902344e-02
1.281833648681640625e-02
1.502251625061035156e-02
1.793432235717773438e-02
8.422136306762695312e-03
6.859064102172851562e-03
8.245706558227539062e-03
8.513927459716796875e-03
1.039290428161621094e-02
1.439023017883300781e-02
1.110124588012695312e-02
1.197314262390136719e-02
1.194190979003906250e-02
1.215100288391113281e-02
1.221966743469238281e-02
1.260852813720703125e-02
1.221346855163574219e-02
1.456761360168457031e-02
1.237392425537109375e-02
6.932020187377929688e-03
7.072210311889648438e-03
8.176803588867187500e-03
2.169036865234375000e-02
1.695609092712402344e-02
1.691341400146484375e-02
1.976251602172851562e-02
2.224493026733398438e-02
2.310419082641601562e-02
1.863121986389160156e-02
1.681447029113769531e-02
2.049446105957031250e-02
1.879620552062988281e-02
1.669359207153320312e-02
1.331925392150878906e-02
7.191658020019531250e-03
7.672548294067382812e-03
1.231575012207031250e-02
1.073527336120605469e-02
9.812116622924804688e-03
7.233619689941406250e-03
7.015466690063476562e-03
8.800745010375976562e-03
1.212978363037109375e-02
1.191663742065429688e-02
1.188111305236816406e-02
1.208829879760742188e-02
7.123231887817382812e-03
7.080793380737304688e-03
5.670309066772460938e-03
2.259683609008789062e-02
2.174305915832519531e-02
1.617169380187988281e-02
1.238727569580078125e-02
1.780176162719726562e-02
1.444554328918457031e-02
1.162672042846679688e-02
7.789134979248046875e-03
7.569789886474609375e-03
9.199142456054687500e-03
1.311326026916503906e-02
1.103043556213378906e-02
1.252079010009765625e-02
1.125550270080566406e-02
1.128792762756347656e-02
7.294416427612304688e-03
7.088899612426757812e-03
8.914947509765625000e-03
1.201033592224121094e-02
1.065564155578613281e-02
7.206201553344726562e-03
7.255554199218750000e-03
7.134199142456054688e-03
7.056951522827148438e-03
7.244348526000976562e-03
7.012128829956054688e-03
5.525827407836914062e-03
1.338005065917968750e-02
1.040434837341308594e-02
1.194143295288085938e-02
1.116061210632324219e-02
7.307767868041992188e-03
7.651805877685546875e-03
7.082462310791015625e-03
7.028818130493164062e-03
7.022142410278320312e-03
1.440620422363281250e-02
8.835792541503906250e-03
7.058620452880859375e-03
7.186889648437500000e-03
7.149934768676757812e-03
1.507973670959472656e-02
1.235103607177734375e-02
7.105112075805664062e-03
7.229328155517578125e-03
7.327556610107421875e-03
7.298469543457031250e-03
7.308959960937500000e-03
7.230758666992187500e-03
1.127815246582031250e-02
7.337093353271484375e-03
7.409095764160156250e-03
8.735179901123046875e-03
8.670091629028320312e-03
2.154779434204101562e-02
2.051925659179687500e-02
1.674675941467285156e-02
1.255607604980468750e-02
1.233816146850585938e-02
1.178193092346191406e-02
1.659703254699707031e-02
1.709365844726562500e-02
1.126694679260253906e-02
1.224589347839355469e-02
1.075935363769531250e-02
7.091522216796875000e-03
7.021188735961914062e-03
7.041215896606445312e-03
7.666110992431640625e-03
7.888078689575195312e-03
7.208108901977539062e-03
7.168292999267578125e-03
1.134967803955078125e-02
9.582281112670898438e-03
1.255011558532714844e-02
8.397102355957031250e-03
8.371353149414062500e-03
1.026582717895507812e-02
1.097750663757324219e-02
7.145643234252929688e-03
5.403518676757812500e-03
2.158522605895996094e-02
1.916599273681640625e-02
1.922178268432617188e-02
1.937437057495117188e-02
1.912713050842285156e-02
1.921439170837402344e-02
7.038116455078125000e-03
6.842374801635742188e-03
6.858825683593750000e-03
7.016897201538085938e-03
7.101297378540039062e-03
6.850004196166992188e-03
1.011681556701660156e-02
1.040244102478027344e-02
1.501941680908203125e-02
1.094746589660644531e-02
8.812665939331054688e-03
8.663892745971679688e-03
8.621215820312500000e-03
1.011347770690917969e-02
8.864641189575195312e-03
7.253885269165039062e-03
9.889364242553710938e-03
1.110982894897460938e-02
7.178783416748046875e-03
8.348941802978515625e-03
5.632877349853515625e-03
2.186942100524902344e-02
2.207303047180175781e-02
2.321815490722656250e-02
2.257585525512695312e-02
2.205038070678710938e-02
2.205896377563476562e-02
2.298855781555175781e-02
2.217245101928710938e-02
1.191139221191406250e-02
1.189684867858886719e-02
1.186609268188476562e-02
7.963418960571289062e-03
8.637666702270507812e-03
7.456302642822265625e-03
1.278328895568847656e-02
6.952762603759765625e-03
6.834268569946289062e-03
6.867885589599609375e-03
7.106542587280273438e-03
6.920337677001953125e-03
8.211612701416015625e-03
1.027250289916992188e-02
1.232814788818359375e-02
1.216793060302734375e-02
1.114320755004882812e-02
8.750200271606445312e-03
5.238533020019531250e-03
