5.713300228118896484e+00
2.494311332702636719e-02
2.269935607910156250e-02
2.276015281677246094e-02
1.835298538208007812e-02
1.573300361633300781e-02
1.550555229187011719e-02
1.942467689514160156e-02
1.416206359863281250e-02
9.011268615722656250e-03
7.007837295532226562e-03
7.004022598266601562e-03
1.221656799316406250e-02
6.976604461669921875e-03
6.984949111938476562e-03
8.554697036743164062e-03
1.262354850769042969e-02
1.625728607177734375e-02
1.099991798400878906e-02
6.967067718505859375e-03
6.956338882446289062e-03
7.574081420898437500e-03
6.975650787353515625e-03
6.974220275878906250e-03
6.949424743652343750e-03
1.284193992614746094e-02
6.972312927246093750e-03
6.953001022338867188e-03
6.944179534912109375e-03
6.962537765502929688e-03
7.143735885620117188e-03
6.993532180786132812e-03
6.993532180786132812e-03
7.068157196044921875e-03
1.935791969299316406e-02
2.141642570495605469e-02
1.499438285827636719e-02
1.293540000915527344e-02
9.263992309570312500e-03
7.210254669189453125e-03
7.166385650634765625e-03
1.218342781066894531e-02
7.865667343139648438e-03
7.839441299438476562e-03
7.831573486328125000e-03
9.619235992431640625e-03
1.170301437377929688e-02
7.078170776367187500e-03
1.192522048950195312e-02
1.168537139892578125e-02
1.177287101745605469e-02
1.427912712097167969e-02
1.441526412963867188e-02
9.028911590576171875e-03
1.287794113159179688e-02
1.116943359375000000e-02
7.076501846313476562e-03
7.026433944702148438e-03
7.020950317382812500e-03
1.616215705871582031e-02
7.096290588378906250e-03
1.462197303771972656e-02
1.214408874511718750e-02
1.200294494628906250e-02
1.201677322387695312e-02
1.207923889160156250e-02
1.216888427734375000e-02
1.196551322937011719e-02
1.224088668823242188e-02
5.417108535766601562e-03
2.505326271057128906e-02
2.431464195251464844e-02
2.392840385437011719e-02
2.402901649475097656e-02
2.394580841064453125e-02
2.385997772216796875e-02
2.019596099853515625e-02
1.807022094726562500e-02
1.362085342407226562e-02
1.220154762268066406e-02
1.215529441833496094e-02
1.184940338134765625e-02
1.099419593811035156e-02
1.167416572570800781e-02
1.319885253906250000e-02
1.530218124389648438e-02
1.519584655761718750e-02
1.227855682373046875e-02
7.333993911743164062e-03
6.990194320678710938e-03
7.035732269287109375e-03
7.081985473632812500e-03
7.029533386230468750e-03
7.090091705322265625e-03
7.051706314086914062e-03
7.066249847412109375e-03
7.243871688842773438e-03
7.109642028808593750e-03
7.026672363281250000e-03
1.526975631713867188e-02
7.051467895507812500e-03
7.030248641967773438e-03
7.114887237548828125e-03
7.040023803710937500e-03
1.012969017028808594e-02
2.016496658325195312e-02
1.693630218505859375e-02
1.534771919250488281e-02
1.525974273681640625e-02
1.527833938598632812e-02
1.701116561889648438e-02
1.219987869262695312e-02
1.186394691467285156e-02
1.252532005310058594e-02
1.518130302429199219e-02
1.902198791503906250e-02
1.708841323852539062e-02
7.688760757446289062e-03
7.070541381835937500e-03
7.103443145751953125e-03
7.622480392456054688e-03
9.374618530273437500e-03
9.043455123901367188e-03
7.791757583618164062e-03
7.091522216796875000e-03
7.056236267089843750e-03
7.093429565429687500e-03
7.079124450683593750e-03
7.071495056152343750e-03
7.050991058349609375e-03
7.113695144653320312e-03
7.103204727172851562e-03
6.989717483520507812e-03
6.974220275878906250e-03
7.018089294433593750e-03
7.005691528320312500e-03
6.962299346923828125e-03
7.026433944702148438e-03
6.975650787353515625e-03
5.584239959716796875e-03
2.267408370971679688e-02
2.092504501342773438e-02
2.060031890869140625e-02
2.059364318847656250e-02
2.042341232299804688e-02
2.084279060363769531e-02
2.225518226623535156e-02
2.146720886230468750e-02
1.982808113098144531e-02
2.148032188415527344e-02
2.196407318115234375e-02
2.362322807312011719e-02
2.228951454162597656e-02
2.091217041015625000e-02
1.762151718139648438e-02
1.730895042419433594e-02
1.536226272583007812e-02
1.525998115539550781e-02
1.526021957397460938e-02
9.058475494384765625e-03
8.973598480224609375e-03
8.938074111938476562e-03
8.973836898803710938e-03
8.993148803710937500e-03
8.980512619018554688e-03
1.405644416809082031e-02
7.061481475830078125e-03
7.007598876953125000e-03
6.957292556762695312e-03
7.001161575317382812e-03
6.947278976440429688e-03
6.985902786254882812e-03
9.530305862426757812e-03
7.004022598266601562e-03
5.446434020996093750e-03
2.360558509826660156e-02
2.351784706115722656e-02
2.183508872985839844e-02
1.998972892761230469e-02
1.962208747863769531e-02
1.224064826965332031e-02
1.082587242126464844e-02
1.094150543212890625e-02
1.094627380371093750e-02
1.110363006591796875e-02
1.076817512512207031e-02
1.096940040588378906e-02
1.111507415771484375e-02
1.075315475463867188e-02
1.265859603881835938e-02
1.110506057739257812e-02
1.211690902709960938e-02
1.313686370849609375e-02
1.175808906555175781e-02
1.242375373840332031e-02
1.243638992309570312e-02
1.214241981506347656e-02
1.308751106262207031e-02
1.241922378540039062e-02
1.774764060974121094e-02
1.090931892395019531e-02
1.087331771850585938e-02
1.106357574462890625e-02
1.207923889160156250e-02
1.098346710205078125e-02
1.631879806518554688e-02
1.091980934143066406e-02
1.073265075683593750e-02
1.109743118286132812e-02
1.618766784667968750e-02
2.366852760314941406e-02
2.201509475708007812e-02
2.391648292541503906e-02
1.969122886657714844e-02
1.693272590637207031e-02
1.261806488037109375e-02
1.019835472106933594e-02
1.069664955139160156e-02
1.091957092285156250e-02
1.106595993041992188e-02
1.068425178527832031e-02
1.082634925842285156e-02
1.118445396423339844e-02
1.824402809143066406e-02
1.476788520812988281e-02
1.477885246276855469e-02
1.483297348022460938e-02
1.254653930664062500e-02
1.619887351989746094e-02
7.749557495117187500e-03
7.814884185791015625e-03
7.758855819702148438e-03
7.762670516967773438e-03
7.786512374877929688e-03
1.229858398437500000e-02
1.075363159179687500e-02
1.092123985290527344e-02
1.105165481567382812e-02
1.075720787048339844e-02
7.045507431030273438e-03
1.104450225830078125e-02
7.319211959838867188e-03
7.279157638549804688e-03
7.090091705322265625e-03
5.562067031860351562e-03
2.320790290832519531e-02
2.080607414245605469e-02
2.215170860290527344e-02
2.186131477355957031e-02
2.101111412048339844e-02
1.533675193786621094e-02
1.105999946594238281e-02
1.089787483215332031e-02
1.103234291076660156e-02
1.123404502868652344e-02
7.086515426635742188e-03
7.032394409179687500e-03
7.072210311889648438e-03
1.028704643249511719e-02
1.431870460510253906e-02
1.620411872863769531e-02
1.267743110656738281e-02
1.177787780761718750e-02
1.192188262939453125e-02
1.298356056213378906e-02
1.222276687622070312e-02
1.210904121398925781e-02
1.187515258789062500e-02
1.186060905456542969e-02
7.055044174194335938e-03
8.847713470458984375e-03
7.574558258056640625e-03
7.065296173095703125e-03
7.044315338134765625e-03
6.946086883544921875e-03
6.969690322875976562e-03
6.950378417968750000e-03
6.935596466064453125e-03
6.936550140380859375e-03
5.428314208984375000e-03
2.425265312194824219e-02
2.352619171142578125e-02
2.233743667602539062e-02
2.006602287292480469e-02
1.632094383239746094e-02
1.232337951660156250e-02
7.236957550048828125e-03
7.222414016723632812e-03
1.169252395629882812e-02
7.419347763061523438e-03
7.267951965332031250e-03
7.191181182861328125e-03
7.245540618896484375e-03
1.092934608459472656e-02
7.465600967407226562e-03
7.186412811279296875e-03
7.217168807983398438e-03
1.116013526916503906e-02
7.457017898559570312e-03
7.350444793701171875e-03
9.122133255004882812e-03
7.459402084350585938e-03
7.425785064697265625e-03
1.019239425659179688e-02
1.215147972106933594e-02
9.099006652832031250e-03
8.607864379882812500e-03
1.030278205871582031e-02
1.808404922485351562e-02
1.132059097290039062e-02
1.321458816528320312e-02
1.213264465332031250e-02
1.033496856689453125e-02
7.969141006469726562e-03
1.063370704650878906e-02
1.766586303710937500e-02
1.079463958740234375e-02
8.018732070922851562e-03
8.029699325561523438e-03
9.859085083007812500e-03
1.043057441711425781e-02
7.808208465576171875e-03
1.137733459472656250e-02
1.870512962341308594e-02
1.745820045471191406e-02
1.961112022399902344e-02
1.753664016723632812e-02
1.972985267639160156e-02
1.778435707092285156e-02
2.206230163574218750e-02
7.300376892089843750e-03
1.216530799865722656e-02
7.320165634155273438e-03
6.997585296630859375e-03
7.000207901000976562e-03
7.003068923950195312e-03
6.985425949096679688e-03
7.012605667114257812e-03
7.027387619018554688e-03
9.086847305297851562e-03
7.223367691040039062e-03
1.177716255187988281e-02
7.222175598144531250e-03
7.208108901977539062e-03
7.126569747924804688e-03
7.536411285400390625e-03
1.163864135742187500e-02
7.264137268066406250e-03
7.201671600341796875e-03
8.479118347167968750e-03
2.433729171752929688e-02
2.396750450134277344e-02
2.237343788146972656e-02
2.222108840942382812e-02
2.262544631958007812e-02
2.273416519165039062e-02
2.259707450866699219e-02
2.250361442565917969e-02
2.356839179992675781e-02
2.354049682617187500e-02
7.552146911621093750e-03
7.350921630859375000e-03
1.036620140075683594e-02
1.175689697265625000e-02
1.178312301635742188e-02
7.023334503173828125e-03
7.003307342529296875e-03
7.024765014648437500e-03
1.020884513854980469e-02
1.501917839050292969e-02
1.216459274291992188e-02
1.879262924194335938e-02
8.878231048583984375e-03
9.044885635375976562e-03
8.966684341430664062e-03
8.976459503173828125e-03
8.957386016845703125e-03
8.942604064941406250e-03
8.926630020141601562e-03
8.992910385131835938e-03
8.941411972045898438e-03
9.058475494384765625e-03
1.518869400024414062e-02
7.040023803710937500e-03
5.470037460327148438e-03
2.286767959594726562e-02
2.463960647583007812e-02
2.611613273620605469e-02
2.724123001098632812e-02
2.369546890258789062e-02
1.360630989074707031e-02
7.700681686401367188e-03
7.245302200317382812e-03
7.239580154418945312e-03
7.318735122680664062e-03
9.880542755126953125e-03
1.477551460266113281e-02
7.488965988159179688e-03
7.631540298461914062e-03
9.353876113891601562e-03
8.992433547973632812e-03
9.017467498779296875e-03
9.041547775268554688e-03
7.038831710815429688e-03
7.249593734741210938e-03
7.039308547973632812e-03
7.685422897338867188e-03
1.183104515075683594e-02
7.804632186889648438e-03
7.912397384643554688e-03
7.830381393432617188e-03
9.797334671020507812e-03
8.059978485107421875e-03
7.846593856811523438e-03
8.021116256713867188e-03
7.508993148803710938e-03
7.508039474487304688e-03
9.123325347900390625e-03
7.544040679931640625e-03
6.870508193969726562e-03
2.184605598449707031e-02
2.377963066101074219e-02
2.211093902587890625e-02
2.175879478454589844e-02
2.182054519653320312e-02
2.191114425659179688e-02
2.170181274414062500e-02
2.160811424255371094e-02
2.195429801940917969e-02
2.113389968872070312e-02
2.193093299865722656e-02
1.906394958496093750e-02
2.142000198364257812e-02
2.146387100219726562e-02
1.942253112792968750e-02
1.701378822326660156e-02
1.699805259704589844e-02
1.429128646850585938e-02
1.807403564453125000e-02
1.168751716613769531e-02
1.224493980407714844e-02
1.207041740417480469e-02
1.102423667907714844e-02
1.113176345825195312e-02
1.090192794799804688e-02
1.111221313476562500e-02
1.113200187683105469e-02
1.082706451416015625e-02
1.093792915344238281e-02
7.231235504150390625e-03
1.195693016052246094e-02
1.275396347045898438e-02
1.205730438232421875e-02
7.173776626586914062e-03
5.613327026367187500e-03
2.493476867675781250e-02
2.344679832458496094e-02
1.711964607238769531e-02
1.667571067810058594e-02
1.680898666381835938e-02
1.557517051696777344e-02
1.822400093078613281e-02
1.691699028015136719e-02
1.750087738037109375e-02
2.180600166320800781e-02
1.439929008483886719e-02
1.335358619689941406e-02
1.203632354736328125e-02
1.376390457153320312e-02
1.286387443542480469e-02
1.270437240600585938e-02
7.340669631958007812e-03
7.141590118408203125e-03
7.184505462646484375e-03
7.860898971557617188e-03
7.222175598144531250e-03
7.219552993774414062e-03
1.354098320007324219e-02
7.206916809082031250e-03
7.163286209106445312e-03
7.329463958740234375e-03
7.200479507446289062e-03
7.183313369750976562e-03
7.226705551147460938e-03
7.145404815673828125e-03
7.115364074707031250e-03
7.140636444091796875e-03
7.131576538085937500e-03
1.003718376159667969e-02
5.668163299560546875e-03
2.176737785339355469e-02
1.823425292968750000e-02
1.876187324523925781e-02
1.670575141906738281e-02
1.658678054809570312e-02
1.428222656250000000e-02
1.814818382263183594e-02
1.803898811340332031e-02
1.568531990051269531e-02
1.311469078063964844e-02
1.116752624511718750e-02
1.105403900146484375e-02
1.110482215881347656e-02
1.187205314636230469e-02
1.099991798400878906e-02
1.103258132934570312e-02
1.079773902893066406e-02
1.114583015441894531e-02
1.337671279907226562e-02
7.165193557739257812e-03
8.203983306884765625e-03
8.182764053344726562e-03
8.213043212890625000e-03
8.101701736450195312e-03
7.260322570800781250e-03
7.111549377441406250e-03
7.157564163208007812e-03
7.114171981811523438e-03
7.339715957641601562e-03
7.128715515136718750e-03
7.190465927124023438e-03
7.126331329345703125e-03
7.074594497680664062e-03
7.142305374145507812e-03
5.691289901733398438e-03
2.158570289611816406e-02
1.989579200744628906e-02
1.839399337768554688e-02
1.678133010864257812e-02
2.015161514282226562e-02
2.205562591552734375e-02
2.342367172241210938e-02
2.351117134094238281e-02
2.354788780212402344e-02
2.343535423278808594e-02
2.327156066894531250e-02
2.348494529724121094e-02
2.365207672119140625e-02
2.324366569519042969e-02
1.737451553344726562e-02
1.103854179382324219e-02
7.268667221069335938e-03
7.257223129272460938e-03
7.104396820068359375e-03
7.084608078002929688e-03
7.080316543579101562e-03
7.133007049560546875e-03
7.157564163208007812e-03
7.086515426635742188e-03
9.353160858154296875e-03
7.382631301879882812e-03
7.353305816650390625e-03
7.358789443969726562e-03
7.276773452758789062e-03
7.095336914062500000e-03
7.163524627685546875e-03
7.103443145751953125e-03
7.070541381835937500e-03
7.067203521728515625e-03
5.536556243896484375e-03
2.468228340148925781e-02
2.339196205139160156e-02
2.196145057678222656e-02
2.351903915405273438e-02
2.347660064697265625e-02
2.340221405029296875e-02
2.337145805358886719e-02
2.335786819458007812e-02
2.341270446777343750e-02
2.335834503173828125e-02
7.360219955444335938e-03
7.132530212402343750e-03
7.107019424438476562e-03
7.102251052856445312e-03
7.312059402465820312e-03
7.724761962890625000e-03
9.117364883422851562e-03
9.079694747924804688e-03
9.062051773071289062e-03
1.317453384399414062e-02
1.220464706420898438e-02
1.110386848449707031e-02
1.800966262817382812e-02
1.081037521362304688e-02
1.098418235778808594e-02
1.181387901306152344e-02
1.078057289123535156e-02
1.165223121643066406e-02
1.912331581115722656e-02
1.117372512817382812e-02
1.117587089538574219e-02
1.103329658508300781e-02
1.195049285888671875e-02
1.230549812316894531e-02
5.711793899536132812e-03
2.374410629272460938e-02
2.378964424133300781e-02
2.181434631347656250e-02
2.221560478210449219e-02
2.195501327514648438e-02
1.112246513366699219e-02
1.278305053710937500e-02
1.230382919311523438e-02
1.215267181396484375e-02
1.092839241027832031e-02
1.121807098388671875e-02
1.116251945495605469e-02
1.095747947692871094e-02
1.170563697814941406e-02
1.169109344482421875e-02
1.118350028991699219e-02
1.079964637756347656e-02
1.209998130798339844e-02
1.072025299072265625e-02
1.113200187683105469e-02
1.107025146484375000e-02
1.087212562561035156e-02
1.112318038940429688e-02
1.244306564331054688e-02
1.806139945983886719e-02
1.216912269592285156e-02
1.217317581176757812e-02
1.328611373901367188e-02
1.118588447570800781e-02
1.104617118835449219e-02
1.797056198120117188e-02
1.180744171142578125e-02
1.201486587524414062e-02
1.117181777954101562e-02
7.109165191650390625e-03
2.405595779418945312e-02
2.336049079895019531e-02
2.372527122497558594e-02
2.358317375183105469e-02
2.363944053649902344e-02
2.368736267089843750e-02
1.809334754943847656e-02
1.813149452209472656e-02
1.784706115722656250e-02
9.051084518432617188e-03
7.025480270385742188e-03
6.986379623413085938e-03
1.367282867431640625e-02
1.514363288879394531e-02
1.693201065063476562e-02
1.737546920776367188e-02
1.697754859924316406e-02
1.926851272583007812e-02
1.809453964233398438e-02
1.802992820739746094e-02
1.244831085205078125e-02
1.229667663574218750e-02
1.236176490783691406e-02
1.241922378540039062e-02
1.217865943908691406e-02
1.220488548278808594e-02
1.221656799316406250e-02
1.234626770019531250e-02
1.231551170349121094e-02
1.246786117553710938e-02
8.155822753906250000e-03
8.071660995483398438e-03
8.051872253417968750e-03
9.887456893920898438e-03
7.945299148559570312e-03
1.257300376892089844e-02
7.925987243652343750e-03
1.071476936340332031e-02
8.063793182373046875e-03
7.797479629516601562e-03
7.831811904907226562e-03
7.811069488525390625e-03
7.858037948608398438e-03
7.807731628417968750e-03
7.775545120239257812e-03
7.904529571533203125e-03
7.917404174804687500e-03
7.822990417480468750e-03
8.631229400634765625e-03
8.642435073852539062e-03
8.631944656372070312e-03
8.891105651855468750e-03
8.067607879638671875e-03
8.086919784545898438e-03
8.749246597290039062e-03
7.931947708129882812e-03
8.028745651245117188e-03
1.350069046020507812e-02
8.116722106933593750e-03
8.019447326660156250e-03
8.117198944091796875e-03
8.115768432617187500e-03
1.991701126098632812e-02
8.064508438110351562e-03
1.061892509460449219e-02
8.048057556152343750e-03
8.077859878540039062e-03
8.023738861083984375e-03
8.080720901489257812e-03
6.776094436645507812e-03
1.783013343811035156e-02
1.847243309020996094e-02
1.069951057434082031e-02
1.238059997558593750e-02
8.457422256469726562e-03
7.916927337646484375e-03
7.972002029418945312e-03
1.250672340393066406e-02
7.818222045898437500e-03
7.858276367187500000e-03
7.799625396728515625e-03
1.137828826904296875e-02
2.007150650024414062e-02
1.704287528991699219e-02
9.593725204467773438e-03
8.002519607543945312e-03
8.054494857788085938e-03
8.875131607055664062e-03
8.041620254516601562e-03
8.059978485107421875e-03
8.117437362670898438e-03
9.821176528930664062e-03
9.912967681884765625e-03
8.083105087280273438e-03
8.118152618408203125e-03
8.060693740844726562e-03
1.253843307495117188e-02
8.052349090576171875e-03
8.058786392211914062e-03
1.215195655822753906e-02
8.032798767089843750e-03
8.131742477416992188e-03
9.041547775268554688e-03
8.066177368164062500e-03
6.907224655151367188e-03
1.290225982666015625e-02
1.072692871093750000e-02
9.755849838256835938e-03
7.838726043701171875e-03
8.508920669555664062e-03
1.095223426818847656e-02
7.836580276489257812e-03
7.774591445922851562e-03
7.804870605468750000e-03
7.873773574829101562e-03
7.819414138793945312e-03
7.817506790161132812e-03
1.243829727172851562e-02
7.812500000000000000e-03
1.352596282958984375e-02
1.055026054382324219e-02
7.310628890991210938e-03
7.371902465820312500e-03
7.389545440673828125e-03
7.375955581665039062e-03
7.375955581665039062e-03
7.303237915039062500e-03
9.892225265502929688e-03
7.307767868041992188e-03
7.248640060424804688e-03
7.236003875732421875e-03
7.221221923828125000e-03
1.431059837341308594e-02
7.278203964233398438e-03
7.338047027587890625e-03
7.462978363037109375e-03
7.185697555541992188e-03
7.196903228759765625e-03
7.238864898681640625e-03
5.879163742065429688e-03
2.167463302612304688e-02
1.974844932556152344e-02
1.667022705078125000e-02
1.578092575073242188e-02
1.974320411682128906e-02
2.127313613891601562e-02
1.704621315002441406e-02
1.102924346923828125e-02
1.096463203430175781e-02
7.155656814575195312e-03
7.349967956542968750e-03
7.111787796020507812e-03
8.574724197387695312e-03
8.598566055297851562e-03
8.660554885864257812e-03
1.391768455505371094e-02
1.228499412536621094e-02
1.220273971557617188e-02
7.088422775268554688e-03
7.166862487792968750e-03
7.283449172973632812e-03
7.181644439697265625e-03
7.285118103027343750e-03
7.237672805786132812e-03
9.867191314697265625e-03
7.286548614501953125e-03
7.259368896484375000e-03
7.236719131469726562e-03
7.206916809082031250e-03
7.334232330322265625e-03
7.284164428710937500e-03
1.623892784118652344e-02
7.268905639648437500e-03
7.303237915039062500e-03
5.645036697387695312e-03
2.198219299316406250e-02
2.142739295959472656e-02
2.126932144165039062e-02
2.141427993774414062e-02
2.155566215515136719e-02
7.307052612304687500e-03
1.291894912719726562e-02
1.352429389953613281e-02
1.474952697753906250e-02
1.782226562500000000e-02
1.485848426818847656e-02
1.492476463317871094e-02
1.515150070190429688e-02
1.291060447692871094e-02
9.153366088867187500e-03
7.366418838500976562e-03
9.960174560546875000e-03
9.138584136962890625e-03
1.133322715759277344e-02
1.236486434936523438e-02
1.206064224243164062e-02
1.092076301574707031e-02
1.635003089904785156e-02
1.092982292175292969e-02
1.125645637512207031e-02
1.119422912597656250e-02
1.220369338989257812e-02
1.101946830749511719e-02
1.555824279785156250e-02
1.112151145935058594e-02
1.121640205383300781e-02
1.102828979492187500e-02
1.117110252380371094e-02
1.104617118835449219e-02
7.037162780761718750e-03
2.183651924133300781e-02
2.283954620361328125e-02
2.000689506530761719e-02
1.640963554382324219e-02
1.249194145202636719e-02
1.196599006652832031e-02
1.459026336669921875e-02
1.783204078674316406e-02
2.073454856872558594e-02
2.094602584838867188e-02
1.728057861328125000e-02
9.121417999267578125e-03
7.230043411254882812e-03
7.147789001464843750e-03
7.152080535888671875e-03
1.074838638305664062e-02
1.335287094116210938e-02
1.081609725952148438e-02
1.216387748718261719e-02
1.200747489929199219e-02
7.117509841918945312e-03
7.113218307495117188e-03
7.118225097656250000e-03
7.101774215698242188e-03
7.068157196044921875e-03
7.071018218994140625e-03
1.414871215820312500e-02
7.140874862670898438e-03
7.198095321655273438e-03
7.128477096557617188e-03
7.228136062622070312e-03
7.139205932617187500e-03
9.740591049194335938e-03
1.113271713256835938e-02
5.672931671142578125e-03
2.264976501464843750e-02
2.200531959533691406e-02
1.648616790771484375e-02
1.812505722045898438e-02
1.887941360473632812e-02
1.833844184875488281e-02
1.537752151489257812e-02
1.227045059204101562e-02
9.119033813476562500e-03
9.076356887817382812e-03
1.176333427429199219e-02
1.242280006408691406e-02
1.111388206481933594e-02
1.110744476318359375e-02
1.105189323425292969e-02
1.116991043090820312e-02
1.096701622009277344e-02
1.204466819763183594e-02
1.442503929138183594e-02
1.312756538391113281e-02
1.091146469116210938e-02
1.214122772216796875e-02
1.098370552062988281e-02
1.111817359924316406e-02
1.080822944641113281e-02
1.360988616943359375e-02
1.503610610961914062e-02
1.116061210632324219e-02
1.092934608459472656e-02
1.181793212890625000e-02
1.803565025329589844e-02
1.121926307678222656e-02
1.114487648010253906e-02
1.095199584960937500e-02
6.990194320678710938e-03
2.361869812011718750e-02
2.367639541625976562e-02
2.332329750061035156e-02
2.311110496520996094e-02
2.303743362426757812e-02
2.320361137390136719e-02
2.270412445068359375e-02
2.329921722412109375e-02
2.331352233886718750e-02
2.512335777282714844e-02
2.384161949157714844e-02
2.307963371276855469e-02
1.648807525634765625e-02
1.741194725036621094e-02
1.711630821228027344e-02
2.129292488098144531e-02
2.259278297424316406e-02
2.076816558837890625e-02
1.671957969665527344e-02
1.111912727355957031e-02
7.300615310668945312e-03
7.216930389404296875e-03
7.149457931518554688e-03
1.393508911132812500e-02
7.102489471435546875e-03
7.205963134765625000e-03
7.137537002563476562e-03
7.053136825561523438e-03
7.119655609130859375e-03
7.119178771972656250e-03
1.518392562866210938e-02
7.097959518432617188e-03
7.174253463745117188e-03
7.085800170898437500e-03
8.394479751586914062e-03
2.470397949218750000e-02
2.146863937377929688e-02
2.118015289306640625e-02
2.126479148864746094e-02
2.285408973693847656e-02
2.316737174987792969e-02
2.113986015319824219e-02
2.100443840026855469e-02
2.299904823303222656e-02
2.489757537841796875e-02
2.269220352172851562e-02
2.370023727416992188e-02
2.320623397827148438e-02
2.263307571411132812e-02
1.989674568176269531e-02
1.495647430419921875e-02
1.455831527709960938e-02
7.401466369628906250e-03
7.377147674560546875e-03
7.392168045043945312e-03
7.375240325927734375e-03
1.060032844543457031e-02
1.098561286926269531e-02
1.205229759216308594e-02
1.191616058349609375e-02
1.212882995605468750e-02
1.211214065551757812e-02
1.763224601745605469e-02
1.226925849914550781e-02
1.185917854309082031e-02
1.210641860961914062e-02
1.213359832763671875e-02
1.107907295227050781e-02
1.652455329895019531e-02
5.595684051513671875e-03
2.425670623779296875e-02
2.400898933410644531e-02
2.398681640625000000e-02
2.304434776306152344e-02
2.354812622070312500e-02
2.375578880310058594e-02
1.770615577697753906e-02
1.883697509765625000e-02
1.900005340576171875e-02
2.155208587646484375e-02
1.148605346679687500e-02
1.169896125793457031e-02
1.210737228393554688e-02
1.274228096008300781e-02
1.479077339172363281e-02
9.294986724853515625e-03
7.205724716186523438e-03
7.286071777343750000e-03
7.445573806762695312e-03
7.148504257202148438e-03
7.261991500854492188e-03
7.174015045166015625e-03
7.171630859375000000e-03
7.311820983886718750e-03
7.291316986083984375e-03
1.570558547973632812e-02
7.236719131469726562e-03
7.248878479003906250e-03
7.760763168334960938e-03
1.980018615722656250e-02
1.300740242004394531e-02
1.168799400329589844e-02
1.204156875610351562e-02
1.200580596923828125e-02
6.867408752441406250e-03
2.375006675720214844e-02
2.321624755859375000e-02
2.345108985900878906e-02
2.103281021118164062e-02
2.141547203063964844e-02
7.318019866943359375e-03
1.201152801513671875e-02
1.238799095153808594e-02
1.208519935607910156e-02
1.239490509033203125e-02
1.178812980651855469e-02
1.240253448486328125e-02
1.129078865051269531e-02
8.993387222290039062e-03
9.155988693237304688e-03
1.012992858886718750e-02
9.135007858276367188e-03
9.127140045166015625e-03
7.189512252807617188e-03
7.282972335815429688e-03
7.177829742431640625e-03
7.231473922729492188e-03
7.143974304199218750e-03
7.288455963134765625e-03
7.218122482299804688e-03
9.697198867797851562e-03
7.283926010131835938e-03
7.257938385009765625e-03
7.225513458251953125e-03
7.200002670288085938e-03
7.296323776245117188e-03
7.167577743530273438e-03
9.952783584594726562e-03
7.482528686523437500e-03
5.525350570678710938e-03
2.643299102783203125e-02
2.657628059387207031e-02
2.466964721679687500e-02
2.554035186767578125e-02
2.350854873657226562e-02
2.436518669128417969e-02
2.429318428039550781e-02
2.317190170288085938e-02
2.340865135192871094e-02
2.353882789611816406e-02
2.343320846557617188e-02
2.443933486938476562e-02
2.334403991699218750e-02
2.375507354736328125e-02
2.144598960876464844e-02
2.151226997375488281e-02
2.191638946533203125e-02
1.896977424621582031e-02
1.756858825683593750e-02
1.104807853698730469e-02
1.092100143432617188e-02
1.228761672973632812e-02
1.216721534729003906e-02
1.184129714965820312e-02
1.123690605163574219e-02
1.228642463684082031e-02
1.196575164794921875e-02
1.220989227294921875e-02
1.126050949096679688e-02
1.181793212890625000e-02
7.383346557617187500e-03
7.210493087768554688e-03
7.139205932617187500e-03
7.108449935913085938e-03
1.226472854614257812e-02
2.453923225402832031e-02
2.394628524780273438e-02
2.419543266296386719e-02
2.373957633972167969e-02
2.258062362670898438e-02
2.292227745056152344e-02
2.250194549560546875e-02
2.405142784118652344e-02
2.257609367370605469e-02
2.367877960205078125e-02
1.910614967346191406e-02
2.086162567138671875e-02
1.124572753906250000e-02
1.772546768188476562e-02
1.797914505004882812e-02
2.045345306396484375e-02
2.037143707275390625e-02
2.024698257446289062e-02
1.448178291320800781e-02
1.157522201538085938e-02
1.325154304504394531e-02
1.235175132751464844e-02
1.222372055053710938e-02
1.243066787719726562e-02
1.244878768920898438e-02
7.293701171875000000e-03
7.189750671386718750e-03
7.254838943481445312e-03
7.273912429809570312e-03
1.001381874084472656e-02
7.182836532592773438e-03
7.199764251708984375e-03
7.100343704223632812e-03
7.186889648437500000e-03
8.396863937377929688e-03
2.516698837280273438e-02
2.289772033691406250e-02
2.260255813598632812e-02
2.265191078186035156e-02
2.237081527709960938e-02
2.316164970397949219e-02
2.258419990539550781e-02
2.399897575378417969e-02
2.232670783996582031e-02
2.031302452087402344e-02
9.366750717163085938e-03
7.181167602539062500e-03
7.247924804687500000e-03
1.093387603759765625e-02
7.241964340209960938e-03
8.603096008300781250e-03
1.318430900573730469e-02
1.244497299194335938e-02
1.228761672973632812e-02
1.237630844116210938e-02
7.376194000244140625e-03
7.211208343505859375e-03
7.258892059326171875e-03
7.185459136962890625e-03
1.713848114013671875e-02
9.234905242919921875e-03
9.081840515136718750e-03
9.116649627685546875e-03
9.294033050537109375e-03
9.249925613403320312e-03
9.112119674682617188e-03
9.303808212280273438e-03
1.844549179077148438e-02
1.308989524841308594e-02
5.869388580322265625e-03
2.058744430541992188e-02
1.827907562255859375e-02
1.547074317932128906e-02
1.302981376647949219e-02
1.438379287719726562e-02
1.306247711181640625e-02
7.564067840576171875e-03
7.276773452758789062e-03
1.196694374084472656e-02
7.255315780639648438e-03
7.320165634155273438e-03
7.297992706298828125e-03
1.319336891174316406e-02
1.232123374938964844e-02
1.213002204895019531e-02
9.961128234863281250e-03
1.106262207031250000e-02
1.221203804016113281e-02
1.470351219177246094e-02
9.202241897583007812e-03
7.485628128051757812e-03
7.426261901855468750e-03
7.459878921508789062e-03
7.383346557617187500e-03
7.452249526977539062e-03
9.835004806518554688e-03
7.266283035278320312e-03
7.289886474609375000e-03
7.306575775146484375e-03
7.178306579589843750e-03
7.193565368652343750e-03
7.197141647338867188e-03
7.256746292114257812e-03
7.189035415649414062e-03
9.358644485473632812e-03
2.032399177551269531e-02
1.668334007263183594e-02
1.466274261474609375e-02
1.292824745178222656e-02
1.252603530883789062e-02
1.262664794921875000e-02
1.259732246398925781e-02
1.280713081359863281e-02
1.262593269348144531e-02
1.568222045898437500e-02
1.244473457336425781e-02
1.237773895263671875e-02
1.246929168701171875e-02
1.247072219848632812e-02
1.366949081420898438e-02
1.587390899658203125e-02
1.937031745910644531e-02
1.744461059570312500e-02
1.793217658996582031e-02
1.260018348693847656e-02
1.214671134948730469e-02
1.207113265991210938e-02
1.246500015258789062e-02
1.194405555725097656e-02
1.191592216491699219e-02
1.212430000305175781e-02
1.218032836914062500e-02
1.223111152648925781e-02
1.210570335388183594e-02
1.216244697570800781e-02
1.212906837463378906e-02
1.218295097351074219e-02
1.232504844665527344e-02
1.250958442687988281e-02
6.965160369873046875e-03
2.022337913513183594e-02
1.574134826660156250e-02
1.342058181762695312e-02
1.323246955871582031e-02
1.332879066467285156e-02
1.146650314331054688e-02
7.233858108520507812e-03
7.182598114013671875e-03
7.112741470336914062e-03
1.129794120788574219e-02
7.204055786132812500e-03
7.152080535888671875e-03
7.194519042968750000e-03
8.400201797485351562e-03
1.160669326782226562e-02
7.183313369750976562e-03
7.396936416625976562e-03
1.170229911804199219e-02
1.224470138549804688e-02
1.304221153259277344e-02
1.203918457031250000e-02
1.223444938659667969e-02
1.225066184997558594e-02
1.301503181457519531e-02
1.243019104003906250e-02
9.011030197143554688e-03
9.069681167602539062e-03
9.000778198242187500e-03
9.032249450683593750e-03
9.022712707519531250e-03
8.975505828857421875e-03
1.610898971557617188e-02
7.154941558837890625e-03
7.135629653930664062e-03
6.169557571411132812e-03
1.649737358093261719e-02
9.088993072509765625e-03
7.030963897705078125e-03
7.038116455078125000e-03
1.028060913085937500e-02
7.004499435424804688e-03
7.023334503173828125e-03
8.852720260620117188e-03
1.251029968261718750e-02
1.662635803222656250e-02
1.785755157470703125e-02
1.832199096679687500e-02
1.843070983886718750e-02
1.775097846984863281e-02
1.832723617553710938e-02
1.818847656250000000e-02
1.781916618347167969e-02
1.752638816833496094e-02
1.788187026977539062e-02
1.785206794738769531e-02
1.323890686035156250e-02
1.251316070556640625e-02
1.248931884765625000e-02
1.338410377502441406e-02
1.278662681579589844e-02
1.208758354187011719e-02
1.923155784606933594e-02
1.224732398986816406e-02
1.234960556030273438e-02
1.222658157348632812e-02
7.272005081176757812e-03
9.044885635375976562e-03
8.986234664916992188e-03
1.323127746582031250e-02
5.644798278808593750e-03
1.826930046081542969e-02
1.130008697509765625e-02
7.064819335937500000e-03
7.087945938110351562e-03
7.064342498779296875e-03
8.799076080322265625e-03
8.117675781250000000e-03
1.341247558593750000e-02
1.646924018859863281e-02
1.746845245361328125e-02
1.803469657897949219e-02
1.232266426086425781e-02
1.860976219177246094e-02
1.633930206298828125e-02
1.357269287109375000e-02
7.757902145385742188e-03
6.996631622314453125e-03
7.015228271484375000e-03
1.028728485107421875e-02
7.047414779663085938e-03
8.810758590698242188e-03
1.370429992675781250e-02
7.019042968750000000e-03
7.002353668212890625e-03
7.430076599121093750e-03
1.125717163085937500e-02
7.231235504150390625e-03
1.241993904113769531e-02
1.250815391540527344e-02
1.210069656372070312e-02
1.230645179748535156e-02
1.324939727783203125e-02
1.229596138000488281e-02
1.204562187194824219e-02
9.596824645996093750e-03
1.843547821044921875e-02
1.127839088439941406e-02
7.167339324951171875e-03
7.091522216796875000e-03
7.088661193847656250e-03
8.901357650756835938e-03
7.101058959960937500e-03
1.243805885314941406e-02
1.623654365539550781e-02
1.927471160888671875e-02
1.430273056030273438e-02
1.239585876464843750e-02
1.230692863464355469e-02
7.028341293334960938e-03
7.029771804809570312e-03
1.158952713012695312e-02
7.024049758911132812e-03
7.075309753417968750e-03
7.025957107543945312e-03
1.275539398193359375e-02
1.749229431152343750e-02
7.046937942504882812e-03
7.032394409179687500e-03
6.979227066040039062e-03
7.035732269287109375e-03
7.024049758911132812e-03
7.418394088745117188e-03
8.802413940429687500e-03
7.122993469238281250e-03
7.101058959960937500e-03
7.152795791625976562e-03
7.421493530273437500e-03
8.972644805908203125e-03
7.119655609130859375e-03
5.615472793579101562e-03
1.724410057067871094e-02
7.166385650634765625e-03
7.136821746826171875e-03
7.206916809082031250e-03
1.201415061950683594e-02
7.056951522827148438e-03
9.968519210815429688e-03
1.557111740112304688e-02
1.776576042175292969e-02
1.798129081726074219e-02
1.822376251220703125e-02
1.789832115173339844e-02
1.817750930786132812e-02
1.822924613952636719e-02
1.451444625854492188e-02
1.039075851440429688e-02
1.458644866943359375e-02
1.515150070190429688e-02
8.946180343627929688e-03
7.067680358886718750e-03
6.994962692260742188e-03
6.986141204833984375e-03
1.055049896240234375e-02
6.996393203735351562e-03
1.397991180419921875e-02
7.112026214599609375e-03
7.238388061523437500e-03
7.154226303100585938e-03
1.035404205322265625e-02
7.160902023315429688e-03
7.122516632080078125e-03
9.233713150024414062e-03
9.610652923583984375e-03
1.116347312927246094e-02
5.549192428588867188e-03
2.814364433288574219e-02
2.202081680297851562e-02
2.210879325866699219e-02
2.193188667297363281e-02
2.199077606201171875e-02
2.122998237609863281e-02
1.726508140563964844e-02
8.320569992065429688e-03
7.799625396728515625e-03
7.482051849365234375e-03
7.312059402465820312e-03
7.134914398193359375e-03
1.122522354125976562e-02
7.222652435302734375e-03
8.165597915649414062e-03
7.269620895385742188e-03
7.239103317260742188e-03
1.106691360473632812e-02
7.531881332397460938e-03
7.297515869140625000e-03
7.255792617797851562e-03
7.263183593750000000e-03
1.078224182128906250e-02
9.048223495483398438e-03
7.282733917236328125e-03
7.256984710693359375e-03
7.287263870239257812e-03
7.346630096435546875e-03
1.139521598815917969e-02
7.376194000244140625e-03
7.313966751098632812e-03
7.233381271362304688e-03
1.404976844787597656e-02
7.321596145629882812e-03
5.658149719238281250e-03
2.308487892150878906e-02
2.039861679077148438e-02
1.816773414611816406e-02
1.806926727294921875e-02
1.797866821289062500e-02
1.245474815368652344e-02
7.848501205444335938e-03
7.808446884155273438e-03
8.140325546264648438e-03
8.268356323242187500e-03
8.069753646850585938e-03
1.382207870483398438e-02
1.382279396057128906e-02
1.383566856384277344e-02
1.386499404907226562e-02
1.389408111572265625e-02
1.172637939453125000e-02
1.272058486938476562e-02
8.062601089477539062e-03
8.095979690551757812e-03
8.127689361572265625e-03
2.108407020568847656e-02
8.073568344116210938e-03
9.416103363037109375e-03
8.070945739746093750e-03
8.018970489501953125e-03
9.845018386840820312e-03
1.098871231079101562e-02
8.093833923339843750e-03
8.033752441406250000e-03
1.208758354187011719e-02
8.028745651245117188e-03
8.047819137573242188e-03
8.106946945190429688e-03
6.814241409301757812e-03
1.753425598144531250e-02
1.380777359008789062e-02
8.331775665283203125e-03
7.897615432739257812e-03
9.516716003417968750e-03
1.045203208923339844e-02
7.854938507080078125e-03
7.987022399902343750e-03
8.060932159423828125e-03
8.049726486206054688e-03
8.106946945190429688e-03
8.059501647949218750e-03
8.120775222778320312e-03
8.042097091674804688e-03
8.036136627197265625e-03
8.051633834838867188e-03
8.072376251220703125e-03
8.150339126586914062e-03
9.112358093261718750e-03
8.090496063232421875e-03
8.293151855468750000e-03
1.108574867248535156e-02
8.095979690551757812e-03
8.059740066528320312e-03
8.082628250122070312e-03
7.950544357299804688e-03
1.240491867065429688e-02
8.078098297119140625e-03
8.100748062133789062e-03
7.991075515747070312e-03
1.201796531677246094e-02
8.073568344116210938e-03
8.084535598754882812e-03
8.219003677368164062e-03
6.880998611450195312e-03
1.081013679504394531e-02
8.180856704711914062e-03
7.960796356201171875e-03
8.010149002075195312e-03
1.286005973815917969e-02
8.082151412963867188e-03
8.355855941772460938e-03
1.869535446166992188e-02
1.294159889221191406e-02
8.111953735351562500e-03
1.115179061889648438e-02
1.499867439270019531e-02
1.002860069274902344e-02
1.411628723144531250e-02
8.078336715698242188e-03
8.087396621704101562e-03
8.100509643554687500e-03
1.238036155700683594e-02
8.085727691650390625e-03
8.042812347412109375e-03
8.061170578002929688e-03
8.067846298217773438e-03
8.167505264282226562e-03
8.122205734252929688e-03
1.244163513183593750e-02
8.164644241333007812e-03
9.995222091674804688e-03
1.128077507019042969e-02
8.122682571411132812e-03
8.053779602050781250e-03
8.102655410766601562e-03
8.027315139770507812e-03
8.041620254516601562e-03
1.574277877807617188e-02
6.951332092285156250e-03
1.198863983154296875e-02
9.460210800170898438e-03
9.415388107299804688e-03
9.384155273437500000e-03
9.348630905151367188e-03
9.037256240844726562e-03
8.009195327758789062e-03
8.032798767089843750e-03
8.078575134277343750e-03
8.088350296020507812e-03
8.041858673095703125e-03
8.053541183471679688e-03
9.304523468017578125e-03
9.306907653808593750e-03
8.062839508056640625e-03
8.076906204223632812e-03
8.092403411865234375e-03
8.101701736450195312e-03
8.882761001586914062e-03
8.057355880737304688e-03
9.987592697143554688e-03
1.032018661499023438e-02
8.099794387817382812e-03
8.100986480712890625e-03
8.092164993286132812e-03
7.989406585693359375e-03
1.354122161865234375e-02
1.166987419128417969e-02
8.225202560424804688e-03
1.576399803161621094e-02
1.372885704040527344e-02
8.217573165893554688e-03
8.133649826049804688e-03
8.270740509033203125e-03
7.179021835327148438e-03
1.585745811462402344e-02
1.010441780090332031e-02
8.078336715698242188e-03
8.054256439208984375e-03
8.046865463256835938e-03
1.226902008056640625e-02
8.099317550659179688e-03
8.077859878540039062e-03
8.101224899291992188e-03
8.064746856689453125e-03
8.051872253417968750e-03
8.052825927734375000e-03
8.036375045776367188e-03
8.116245269775390625e-03
8.120775222778320312e-03
1.099467277526855469e-02
1.106619834899902344e-02
8.206367492675781250e-03
7.354736328125000000e-03
7.229566574096679688e-03
7.274866104125976562e-03
1.171326637268066406e-02
7.427215576171875000e-03
1.624274253845214844e-02
1.279854774475097656e-02
1.187753677368164062e-02
1.101589202880859375e-02
2.039313316345214844e-02
1.109099388122558594e-02
1.402139663696289062e-02
1.059436798095703125e-02
7.263898849487304688e-03
7.212638854980468750e-03
7.135629653930664062e-03
5.604267120361328125e-03
2.344489097595214844e-02
2.379226684570312500e-02
2.243113517761230469e-02
2.190852165222167969e-02
2.103495597839355469e-02
2.155590057373046875e-02
1.957297325134277344e-02
1.748538017272949219e-02
1.391196250915527344e-02
1.211333274841308594e-02
1.122379302978515625e-02
1.240777969360351562e-02
1.212072372436523438e-02
1.243495941162109375e-02
1.245212554931640625e-02
1.239371299743652344e-02
1.533770561218261719e-02
1.210403442382812500e-02
1.249575614929199219e-02
1.221609115600585938e-02
1.214814186096191406e-02
1.217961311340332031e-02
2.013540267944335938e-02
1.201820373535156250e-02
1.195931434631347656e-02
1.209306716918945312e-02
1.217627525329589844e-02
1.222252845764160156e-02
2.021741867065429688e-02
1.238512992858886719e-02
1.250767707824707031e-02
1.210904121398925781e-02
1.215171813964843750e-02
1.225805282592773438e-02
7.189750671386718750e-03
2.501153945922851562e-02
2.122378349304199219e-02
2.254080772399902344e-02
1.798343658447265625e-02
1.795291900634765625e-02
9.146451950073242188e-03
9.168863296508789062e-03
9.155988693237304688e-03
9.162425994873046875e-03
9.096384048461914062e-03
1.134300231933593750e-02
1.286840438842773438e-02
1.228404045104980469e-02
1.212739944458007812e-02
1.243662834167480469e-02
1.267600059509277344e-02
1.243209838867187500e-02
1.246380805969238281e-02
1.245045661926269531e-02
1.243233680725097656e-02
1.660466194152832031e-02
1.334857940673828125e-02
1.236438751220703125e-02
1.140880584716796875e-02
2.096247673034667969e-02
1.306128501892089844e-02
1.249837875366210938e-02
1.237630844116210938e-02
1.237559318542480469e-02
1.230645179748535156e-02
1.241374015808105469e-02
1.150226593017578125e-02
1.328039169311523438e-02
1.245474815368652344e-02
7.039785385131835938e-03
2.373981475830078125e-02
2.392458915710449219e-02
2.495765686035156250e-02
2.281475067138671875e-02
2.369451522827148438e-02
2.005338668823242188e-02
1.530170440673828125e-02
1.569437980651855469e-02
1.541519165039062500e-02
1.545405387878417969e-02
1.270318031311035156e-02
1.138901710510253906e-02
1.225090026855468750e-02
1.242136955261230469e-02
1.243424415588378906e-02
1.242423057556152344e-02
1.248908042907714844e-02
1.248836517333984375e-02
1.283764839172363281e-02
7.292985916137695312e-03
7.256507873535156250e-03
7.253408432006835938e-03
7.305383682250976562e-03
1.438236236572265625e-02
7.276058197021484375e-03
1.184225082397460938e-02
7.328510284423828125e-03
7.189750671386718750e-03
7.187128067016601562e-03
7.231235504150390625e-03
1.228737831115722656e-02
7.231235504150390625e-03
7.410526275634765625e-03
7.182836532592773438e-03
5.739450454711914062e-03
2.303552627563476562e-02
2.169656753540039062e-02
2.146100997924804688e-02
1.661610603332519531e-02
1.654958724975585938e-02
1.573705673217773438e-02
1.554465293884277344e-02
1.113367080688476562e-02
1.099848747253417969e-02
1.195073127746582031e-02
1.179623603820800781e-02
1.338410377502441406e-02
1.120901107788085938e-02
1.119470596313476562e-02
1.114678382873535156e-02
1.237106323242187500e-02
1.125931739807128906e-02
1.115727424621582031e-02
1.357221603393554688e-02
1.356959342956542969e-02
1.243495941162109375e-02
1.106166839599609375e-02
1.120877265930175781e-02
1.810574531555175781e-02
1.129627227783203125e-02
