3.034000000000000030e-01
4.369000000000000106e-01
4.582999999999999852e-01
4.791000000000000258e-01
4.662000000000000033e-01
5.027000000000000357e-01
5.068000000000000282e-01
4.860999999999999766e-01
5.169000000000000261e-01
5.184999999999999609e-01
5.316999999999999504e-01
5.312999999999999945e-01
5.280000000000000249e-01
5.442000000000000171e-01
5.348000000000000531e-01
5.611000000000000432e-01
5.532000000000000250e-01
5.554000000000000048e-01
5.493000000000000105e-01
5.624000000000000110e-01
5.536999999999999700e-01
5.552000000000000268e-01
5.310000000000000275e-01
5.647999999999999687e-01
5.748999999999999666e-01
5.805000000000000160e-01
5.542000000000000259e-01
5.581000000000000405e-01
5.346999999999999531e-01
5.470000000000000417e-01
5.383000000000000007e-01
5.419000000000000483e-01
5.686999999999999833e-01
5.793000000000000371e-01
5.796000000000000041e-01
5.757999999999999785e-01
5.762000000000000455e-01
5.790999999999999481e-01
5.582000000000000295e-01
5.623000000000000220e-01
5.516999999999999682e-01
5.564000000000000057e-01
5.622000000000000330e-01
5.629999999999999449e-01
5.631000000000000449e-01
5.573000000000000176e-01
5.648999999999999577e-01
5.461000000000000298e-01
5.669999999999999485e-01
5.756000000000000005e-01
5.702000000000000401e-01
5.757999999999999785e-01
5.719999999999999529e-01
5.597999999999999643e-01
5.667999999999999705e-01
5.737999999999999767e-01
5.725000000000000089e-01
5.686999999999999833e-01
5.808999999999999719e-01
5.756999999999999895e-01
5.629999999999999449e-01
5.621000000000000441e-01
5.476999999999999647e-01
5.514999999999999902e-01
5.652000000000000357e-01
5.790999999999999481e-01
5.879999999999999671e-01
5.884000000000000341e-01
5.876000000000000112e-01
5.890999999999999570e-01
5.938999999999999835e-01
5.925000000000000266e-01
5.919999999999999707e-01
5.927000000000000046e-01
5.924000000000000377e-01
5.944000000000000394e-01
5.941999999999999504e-01
5.950999999999999623e-01
5.959999999999999742e-01
5.947999999999999954e-01
5.957000000000000073e-01
5.960999999999999632e-01
5.957999999999999963e-01
5.947999999999999954e-01
5.954000000000000403e-01
5.946000000000000174e-01
5.930999999999999606e-01
5.945000000000000284e-01
5.947999999999999954e-01
5.933000000000000496e-01
5.949999999999999734e-01
5.957999999999999963e-01
5.954000000000000403e-01
5.933000000000000496e-01
5.954000000000000403e-01
5.956000000000000183e-01
5.954000000000000403e-01
5.953000000000000513e-01
5.957999999999999963e-01
5.960999999999999632e-01
