6.895062446594238281e+00
5.751674652099609375e+00
5.091873645782470703e+00
3.547310829162597656e+00
2.632745504379272461e+00
1.771934509277343750e+00
3.126657009124755859e+00
2.199126720428466797e+00
1.398337244987487793e+00
9.710071682929992676e-01
9.459070563316345215e-01
8.625496625900268555e-01
2.179715394973754883e+00
1.460539817810058594e+00
1.000514268875122070e+00
9.069157838821411133e-01
9.487891197204589844e-01
9.679655432701110840e-01
2.216641664505004883e+00
1.391642928123474121e+00
1.080800652503967285e+00
9.225469231605529785e-01
7.662239074707031250e-01
1.163481354713439941e+00
2.225290775299072266e+00
1.470693588256835938e+00
1.019945502281188965e+00
8.997776508331298828e-01
8.874889016151428223e-01
6.346620321273803711e-01
2.209064483642578125e+00
1.503221631050109863e+00
1.157627224922180176e+00
8.672140836715698242e-01
6.623830199241638184e-01
9.129770994186401367e-01
2.169238805770874023e+00
1.402145743370056152e+00
1.146866679191589355e+00
8.944208621978759766e-01
8.045770525932312012e-01
7.220764160156250000e-01
2.282994031906127930e+00
1.574302434921264648e+00
1.007207632064819336e+00
1.005781531333923340e+00
6.916685700416564941e-01
9.631831049919128418e-01
2.123225450515747070e+00
1.400294303894042969e+00
1.080957531929016113e+00
8.069435358047485352e-01
8.925637006759643555e-01
7.054744958877563477e-01
2.191659927368164062e+00
1.274473547935485840e+00
8.650962114334106445e-01
8.877084255218505859e-01
7.320618629455566406e-01
8.260371685028076172e-01
2.197060823440551758e+00
1.274200081825256348e+00
9.340860843658447266e-01
8.943003416061401367e-01
8.407156467437744141e-01
7.276532053947448730e-01
2.089039087295532227e+00
1.441968321800231934e+00
8.716194629669189453e-01
7.089189291000366211e-01
6.652433276176452637e-01
7.553559541702270508e-01
2.208404541015625000e+00
1.211300969123840332e+00
8.386141061782836914e-01
7.727298140525817871e-01
7.008117437362670898e-01
7.310266494750976562e-01
2.106686830520629883e+00
1.104377985000610352e+00
9.326632022857666016e-01
8.561873435974121094e-01
9.055884480476379395e-01
7.786841392517089844e-01
2.044348239898681641e+00
1.098506927490234375e+00
8.322232961654663086e-01
6.500325202941894531e-01
8.897557258605957031e-01
9.063414335250854492e-01
2.067797183990478516e+00
1.147983670234680176e+00
8.450248837471008301e-01
6.477731466293334961e-01
6.607208847999572754e-01
5.374957323074340820e-01
2.161658287048339844e+00
9.504451155662536621e-01
7.077878713607788086e-01
7.362651824951171875e-01
7.115622162818908691e-01
7.787385582923889160e-01
2.287497282028198242e+00
1.152052640914916992e+00
8.191539645195007324e-01
6.816436052322387695e-01
7.848270535469055176e-01
7.019959092140197754e-01
2.021994352340698242e+00
1.141739010810852051e+00
6.406218409538269043e-01
7.295731902122497559e-01
6.814950108528137207e-01
8.821127414703369141e-01
2.144035577774047852e+00
9.141860008239746094e-01
6.163669824600219727e-01
7.378221154212951660e-01
6.397692561149597168e-01
6.946420073509216309e-01
1.959637641906738281e+00
9.565019607543945312e-01
8.717538118362426758e-01
6.446400880813598633e-01
7.224991917610168457e-01
7.700524926185607910e-01
2.126419067382812500e+00
9.954767227172851562e-01
6.360296010971069336e-01
7.088415622711181641e-01
7.722067832946777344e-01
5.828468799591064453e-01
2.148636817932128906e+00
1.000808596611022949e+00
8.009381890296936035e-01
6.786820292472839355e-01
6.921993494033813477e-01
4.802617728710174561e-01
2.386794567108154297e+00
1.047567009925842285e+00
6.263371706008911133e-01
6.767125129699707031e-01
4.135176539421081543e-01
8.210135698318481445e-01
1.766479372978210449e+00
8.540695905685424805e-01
5.278763771057128906e-01
5.335828661918640137e-01
6.254271268844604492e-01
5.992411375045776367e-01
1.869591355323791504e+00
9.094893336296081543e-01
7.330723404884338379e-01
5.787426829338073730e-01
6.302483081817626953e-01
5.369039177894592285e-01
1.936517715454101562e+00
9.982522726058959961e-01
7.071827650070190430e-01
6.492611169815063477e-01
5.826945900917053223e-01
7.556790709495544434e-01
1.747712016105651855e+00
8.007189035415649414e-01
6.077651381492614746e-01
7.868242263793945312e-01
6.696055531501770020e-01
8.161095976829528809e-01
1.915940761566162109e+00
8.341130018234252930e-01
7.554842829704284668e-01
5.686304569244384766e-01
5.691398978233337402e-01
5.652016401290893555e-01
1.872869491577148438e+00
6.952062845230102539e-01
5.870917439460754395e-01
4.423777759075164795e-01
7.594360709190368652e-01
6.196658015251159668e-01
1.947571516036987305e+00
6.959691643714904785e-01
7.040375471115112305e-01
6.704269647598266602e-01
7.732036709785461426e-01
8.913080096244812012e-01
2.138298273086547852e+00
9.068994522094726562e-01
5.875546932220458984e-01
6.365553140640258789e-01
5.723106861114501953e-01
7.879287600517272949e-01
1.573249340057373047e+00
6.433106064796447754e-01
7.394548058509826660e-01
4.490626454353332520e-01
5.271288156509399414e-01
6.712050437927246094e-01
2.125832080841064453e+00
7.633137702941894531e-01
5.858950614929199219e-01
4.406035542488098145e-01
6.768750548362731934e-01
7.326476573944091797e-01
1.742931127548217773e+00
7.105790972709655762e-01
6.398070454597473145e-01
6.929985880851745605e-01
5.099013447761535645e-01
6.916872262954711914e-01
1.809058189392089844e+00
7.921740412712097168e-01
6.138559579849243164e-01
4.189805090427398682e-01
6.584658622741699219e-01
4.035171866416931152e-01
1.527766466140747070e+00
6.410247087478637695e-01
4.216176271438598633e-01
6.210469007492065430e-01
4.247857332229614258e-01
4.812432229518890381e-01
2.234005928039550781e+00
6.195670366287231445e-01
5.788286924362182617e-01
4.053726792335510254e-01
4.086944758892059326e-01
5.652602314949035645e-01
1.783691763877868652e+00
5.608785152435302734e-01
4.255633652210235596e-01
3.605422377586364746e-01
3.847818672657012939e-01
6.064308285713195801e-01
1.659057617187500000e+00
6.626395583152770996e-01
5.088242292404174805e-01
3.608198463916778564e-01
6.827235221862792969e-01
4.637706577777862549e-01
1.874051809310913086e+00
4.020386338233947754e-01
4.124873876571655273e-01
6.095558404922485352e-01
4.307354390621185303e-01
5.848286151885986328e-01
1.551512956619262695e+00
6.451069712638854980e-01
4.753455221652984619e-01
4.899509549140930176e-01
4.508414864540100098e-01
4.972855448722839355e-01
1.635332345962524414e+00
5.401170253753662109e-01
3.546901643276214600e-01
4.239712059497833252e-01
3.318064808845520020e-01
3.893782496452331543e-01
1.321143269538879395e+00
5.437328815460205078e-01
4.100065827369689941e-01
4.411967694759368896e-01
5.075819492340087891e-01
6.249169111251831055e-01
1.757876873016357422e+00
6.170208454132080078e-01
2.810896635055541992e-01
3.388693034648895264e-01
4.081715047359466553e-01
3.306796252727508545e-01
1.664819478988647461e+00
4.688374102115631104e-01
2.931587994098663330e-01
4.410431981086730957e-01
4.356377124786376953e-01
8.116149306297302246e-01
1.508261680603027344e+00
5.139814615249633789e-01
4.918093681335449219e-01
4.757082760334014893e-01
4.109128713607788086e-01
5.036945343017578125e-01
1.445540666580200195e+00
7.193680405616760254e-01
4.555022418498992920e-01
4.935873150825500488e-01
6.871927380561828613e-01
5.520560741424560547e-01
1.764850258827209473e+00
5.262489914894104004e-01
3.276940882205963135e-01
4.591662287712097168e-01
3.090941905975341797e-01
3.347661197185516357e-01
1.401734948158264160e+00
4.883836805820465088e-01
4.198905825614929199e-01
2.916269600391387939e-01
3.567121326923370361e-01
6.533793807029724121e-01
1.789313793182373047e+00
5.876150131225585938e-01
5.427467226982116699e-01
6.569327712059020996e-01
6.102970838546752930e-01
5.042363405227661133e-01
1.432666659355163574e+00
5.027278065681457520e-01
3.704747855663299561e-01
4.483556449413299561e-01
3.968561291694641113e-01
3.681518733501434326e-01
1.705407261848449707e+00
3.505614697933197021e-01
4.251111447811126709e-01
3.350438475608825684e-01
3.245933651924133301e-01
6.579908728599548340e-01
1.300739169120788574e+00
5.586479306221008301e-01
3.714111447334289551e-01
3.839637935161590576e-01
3.820248246192932129e-01
4.221057891845703125e-01
1.174528479576110840e+00
3.682376742362976074e-01
3.922931551933288574e-01
5.074131488800048828e-01
5.889287590980529785e-01
3.806514441967010498e-01
1.279301404953002930e+00
4.103903770446777344e-01
4.403575062751770020e-01
3.740604817867279053e-01
3.212943971157073975e-01
3.639646172523498535e-01
1.591925621032714844e+00
2.850427627563476562e-01
2.762462496757507324e-01
2.136794775724411011e-01
3.362927734851837158e-01
3.822101354598999023e-01
1.428041577339172363e+00
3.886468410491943359e-01
3.308170735836029053e-01
2.085331380367279053e-01
2.481734454631805420e-01
6.316183805465698242e-01
1.225376605987548828e+00
4.412063956260681152e-01
3.054605126380920410e-01
3.111912310123443604e-01
4.976544976234436035e-01
3.374115824699401855e-01
1.182042956352233887e+00
5.807041525840759277e-01
3.303325772285461426e-01
4.713246524333953857e-01
4.074819386005401611e-01
5.219553112983703613e-01
1.377794742584228516e+00
2.018244713544845581e-01
3.860913515090942383e-01
4.597137570381164551e-01
4.178202152252197266e-01
4.663623571395874023e-01
1.222928881645202637e+00
3.675145208835601807e-01
4.252247810363769531e-01
3.273698389530181885e-01
4.722818434238433838e-01
3.878607153892517090e-01
1.550690174102783203e+00
2.365093976259231567e-01
2.282678782939910889e-01
2.467068731784820557e-01
4.726375937461853027e-01
4.150419533252716064e-01
8.580864667892456055e-01
3.930024504661560059e-01
1.889850050210952759e-01
3.454655706882476807e-01
2.079270184040069580e-01
2.053239345550537109e-01
1.641774654388427734e+00
3.153188526630401611e-01
2.287296205759048462e-01
3.474016785621643066e-01
4.182653129100799561e-01
2.307708859443664551e-01
1.036588430404663086e+00
3.268388509750366211e-01
2.351274043321609497e-01
3.788698911666870117e-01
4.805184006690979004e-01
3.640609979629516602e-01
1.394697666168212891e+00
2.604688405990600586e-01
2.470674812793731689e-01
3.447378873825073242e-01
4.738827645778656006e-01
3.361117839813232422e-01
1.586189508438110352e+00
4.378011524677276611e-01
3.018135726451873779e-01
4.860871434211730957e-01
6.117888689041137695e-01
5.004957914352416992e-01
1.000592827796936035e+00
3.522083759307861328e-01
1.945758908987045288e-01
2.029124200344085693e-01
4.951958656311035156e-01
4.945338070392608643e-01
1.607538580894470215e+00
3.586863875389099121e-01
1.727492362260818481e-01
3.815015554428100586e-01
3.855369687080383301e-01
4.740684032440185547e-01
1.037933468818664551e+00
4.281697273254394531e-01
2.314426749944686890e-01
1.631086915731430054e-01
4.552063941955566406e-01
2.813395857810974121e-01
1.313521265983581543e+00
2.664321660995483398e-01
3.145368695259094238e-01
3.307830691337585449e-01
4.386434257030487061e-01
3.464825153350830078e-01
1.018019080162048340e+00
2.450039833784103394e-01
1.069870665669441223e-01
2.168871462345123291e-01
3.090995252132415771e-01
2.750728726387023926e-01
1.286991715431213379e+00
1.520134508609771729e-01
1.719820201396942139e-01
2.828709185123443604e-01
4.537360668182373047e-01
4.206001460552215576e-01
1.029028773307800293e+00
1.895662397146224976e-01
3.708209395408630371e-01
4.287517368793487549e-01
4.335061907768249512e-01
4.461652040481567383e-01
1.033754825592041016e+00
1.858908981084823608e-01
2.781960666179656982e-01
4.942339062690734863e-01
3.133091032505035400e-01
2.543539106845855713e-01
1.132230401039123535e+00
1.483552008867263794e-01
2.122096866369247437e-01
1.768721789121627808e-01
4.815169274806976318e-01
4.067407250404357910e-01
1.180878162384033203e+00
2.755886614322662354e-01
1.404258906841278076e-01
1.637810766696929932e-01
2.486824840307235718e-01
1.718675047159194946e-01
8.679370284080505371e-01
2.368992120027542114e-01
2.356820255517959595e-01
1.551263481378555298e-01
2.920502722263336182e-01
3.267706036567687988e-01
1.105531692504882812e+00
2.526182532310485840e-01
1.042630225419998169e-01
2.020177990198135376e-01
3.334299623966217041e-01
3.390897810459136963e-01
6.581980586051940918e-01
1.110216081142425537e-01
1.348252445459365845e-01
1.466436386108398438e-01
2.075348645448684692e-01
3.000291287899017334e-01
9.930574893951416016e-01
1.774114966392517090e-01
1.696862876415252686e-01
1.722176522016525269e-01
2.562644779682159424e-01
5.026628375053405762e-01
8.116320967674255371e-01
1.681218147277832031e-01
9.961533546447753906e-02
1.559958755970001221e-01
2.289780080318450928e-01
1.573508381843566895e-01
7.579159140586853027e-01
2.185126990079879761e-01
1.571758389472961426e-01
1.719728708267211914e-01
2.517394423484802246e-01
3.345326483249664307e-01
7.077019810676574707e-01
1.525409817695617676e-01
1.750224232673645020e-01
2.135592550039291382e-01
1.967442929744720459e-01
1.976822912693023682e-01
8.685023188591003418e-01
1.225589439272880554e-01
1.861410886049270630e-01
3.308999538421630859e-01
2.822123467922210693e-01
1.705135256052017212e-01
1.096639513969421387e+00
2.141022682189941406e-01
1.966534256935119629e-01
2.048641145229339600e-01
2.229064255952835083e-01
3.195604681968688965e-01
6.412516236305236816e-01
1.354482769966125488e-01
2.620498538017272949e-01
2.209940552711486816e-01
3.087592422962188721e-01
1.933999508619308472e-01
1.037101507186889648e+00
1.228778660297393799e-01
2.625071704387664795e-01
3.770069479942321777e-01
2.229492962360382080e-01
3.876052200794219971e-01
7.135931253433227539e-01
9.549603611230850220e-02
1.276908218860626221e-01
1.231315657496452332e-01
3.431824445724487305e-01
2.268338650465011597e-01
1.117495179176330566e+00
1.647300869226455688e-01
2.316694110631942749e-01
4.665276706218719482e-01
1.762976050376892090e-01
2.664704918861389160e-01
7.303115129470825195e-01
1.448618322610855103e-01
1.814345568418502808e-01
2.595532536506652832e-01
8.138678967952728271e-02
3.808732926845550537e-01
5.207189321517944336e-01
2.370426803827285767e-01
9.796547144651412964e-02
1.575085371732711792e-01
4.794644713401794434e-01
2.337662577629089355e-01
5.377800464630126953e-01
1.110009625554084778e-01
5.930988863110542297e-02
2.155529409646987915e-01
2.971327602863311768e-01
1.144354417920112610e-01
6.209109425544738770e-01
1.241614595055580139e-01
1.472206711769104004e-01
2.456808686256408691e-01
2.911496162414550781e-01
2.723163366317749023e-01
5.760053992271423340e-01
1.156733185052871704e-01
1.566217392683029175e-01
1.802241504192352295e-01
1.967967897653579712e-01
4.321766793727874756e-01
5.924776196479797363e-01
1.307877153158187866e-01
1.477643251419067383e-01
1.396933645009994507e-01
2.799921035766601562e-01
2.139514535665512085e-01
5.882395505905151367e-01
1.401709914207458496e-01
7.154666632413864136e-02
1.121809333562850952e-01
2.606635093688964844e-01
2.787143290042877197e-01
6.212694644927978516e-01
1.280506849288940430e-01
1.149265989661216736e-01
1.535059511661529541e-01
2.124081104993820190e-01
2.099865376949310303e-01
3.936701714992523193e-01
1.187007874250411987e-01
1.201724633574485779e-01
1.482261121273040771e-01
1.443285048007965088e-01
2.096603959798812866e-01
4.298724830150604248e-01
9.006243199110031128e-02
1.386316120624542236e-01
1.313704401254653931e-01
1.592018157243728638e-01
2.662991583347320557e-01
4.199853241443634033e-01
1.081680133938789368e-01
1.136503443121910095e-01
1.000682711601257324e-01
1.611533164978027344e-01
2.569754719734191895e-01
5.702311396598815918e-01
8.186266571283340454e-02
1.192142367362976074e-01
1.973811388015747070e-01
2.952406704425811768e-01
2.420023530721664429e-01
4.752920269966125488e-01
7.155580073595046997e-02
1.046915724873542786e-01
2.106039226055145264e-01
2.628588378429412842e-01
2.879433035850524902e-01
4.469343125820159912e-01
1.010093986988067627e-01
4.374538660049438477e-01
2.922161519527435303e-01
1.450074315071105957e-01
5.370931625366210938e-01
3.285683691501617432e-01
1.046864986419677734e-01
1.630106866359710693e-01
8.631116151809692383e-02
1.745782643556594849e-01
1.458673477172851562e-01
3.705414235591888428e-01
1.167989820241928101e-01
6.006638705730438232e-02
4.744044691324234009e-02
7.131898403167724609e-02
1.947152018547058105e-01
3.540281355381011963e-01
8.113192021846771240e-02
4.672427102923393250e-02
6.980580091476440430e-02
1.053872033953666687e-01
2.175081074237823486e-01
3.503939807415008545e-01
7.840425521135330200e-02
7.661008089780807495e-02
1.470271646976470947e-01
8.104144781827926636e-02
2.772122919559478760e-01
2.353530228137969971e-01
6.663068383932113647e-02
4.963830113410949707e-02
7.137776911258697510e-02
1.432024985551834106e-01
1.721254736185073853e-01
5.344945192337036133e-01
4.402382299304008484e-02
1.139540597796440125e-01
1.433165669441223145e-01
1.058822497725486755e-01
1.313618272542953491e-01
4.341274797916412354e-01
1.158434301614761353e-01
1.013481169939041138e-01
1.658212244510650635e-01
7.463286072015762329e-02
1.782002300024032593e-01
2.282144725322723389e-01
3.404456749558448792e-02
3.737860545516014099e-02
4.675978794693946838e-02
7.423540949821472168e-02
9.215676039457321167e-02
4.827421307563781738e-01
4.603926837444305420e-02
2.878642641007900238e-02
1.077987551689147949e-01
8.538521826267242432e-02
8.074319362640380859e-02
2.686739861965179443e-01
1.064983010292053223e-01
6.154948472976684570e-02
1.186815872788429260e-01
1.341937780380249023e-01
2.995845079421997070e-01
2.267256975173950195e-01
3.676517680287361145e-02
7.193143665790557861e-02
3.506863415241241455e-01
8.489545434713363647e-02
1.012790560722351074e+00
2.344533801078796387e-01
7.097940146923065186e-02
1.775436997413635254e-01
3.474223613739013672e-01
4.495055675506591797e-01
6.096349954605102539e-01
2.035385221242904663e-01
6.637229025363922119e-02
2.487939596176147461e-01
1.509981155395507812e-01
2.406688332557678223e-01
3.217342197895050049e-01
2.884558141231536865e-01
4.029894247651100159e-02
8.547040075063705444e-02
1.226498633623123169e-01
4.265835285186767578e-01
1.303732246160507202e-01
2.724486589431762695e-01
7.424113154411315918e-02
8.617192506790161133e-02
1.606875807046890259e-01
1.689100563526153564e-01
1.691897362470626831e-01
2.320916801691055298e-01
6.306893378496170044e-02
4.033641144633293152e-02
2.500259578227996826e-01
1.636831611394882202e-01
1.768438369035720825e-01
2.926230728626251221e-01
7.177854329347610474e-02
8.503932505846023560e-02
1.511575579643249512e-01
1.026989072561264038e-01
1.214177310466766357e-01
3.004472255706787109e-01
4.081924259662628174e-02
7.352975010871887207e-02
4.490126296877861023e-02
9.853730350732803345e-02
3.144345805048942566e-02
1.529874503612518311e-01
4.536919295787811279e-02
1.423292458057403564e-01
2.833491377532482147e-02
8.806983381509780884e-02
2.100579738616943359e-01
2.221012711524963379e-01
6.087738648056983948e-02
1.887931823730468750e-01
2.309830784797668457e-01
2.018012404441833496e-01
2.760704755783081055e-01
3.430591821670532227e-01
4.000090435147285461e-02
3.992700949311256409e-02
2.133268713951110840e-01
2.922212779521942139e-01
2.730785906314849854e-01
2.729394137859344482e-01
4.373424500226974487e-02
4.636264219880104065e-02
1.577994376420974731e-01
1.296169310808181763e-01
1.734734326601028442e-01
1.594053208827972412e-01
3.171707317233085632e-02
8.997793495655059814e-02
1.108279600739479065e-01
3.183054327964782715e-01
2.381431311368942261e-01
6.793413162231445312e-01
3.502575680613517761e-02
1.145569756627082825e-01
2.603382766246795654e-01
2.341630309820175171e-01
2.422236353158950806e-01
5.010400414466857910e-01
8.110296726226806641e-02
2.161616981029510498e-01
2.891931235790252686e-01
2.574098408222198486e-01
1.783420592546463013e-01
2.500539422035217285e-01
6.847973167896270752e-02
7.232745736837387085e-02
2.345016449689865112e-01
1.662085652351379395e-01
1.873530000448226929e-01
1.968266218900680542e-01
6.283684074878692627e-02
2.557858452200889587e-02
6.640636920928955078e-02
1.050571724772453308e-01
2.787641584873199463e-01
1.996285915374755859e-01
4.822272807359695435e-02
1.150356754660606384e-01
7.070476561784744263e-02
2.820599973201751709e-01
2.065260261297225952e-01
1.758737266063690186e-01
7.454920560121536255e-02
1.267222687602043152e-02
3.358762338757514954e-02
7.704219967126846313e-02
9.011170268058776855e-02
1.455961316823959351e-01
3.077138587832450867e-02
2.120494283735752106e-02
1.762687601149082184e-02
1.487325727939605713e-01
7.179994136095046997e-02
2.384540736675262451e-01
8.817859739065170288e-02
1.157731842249631882e-02
2.499950677156448364e-02
4.536527395248413086e-02
1.254316568374633789e-01
1.016866117715835571e-01
2.436622604727745056e-02
1.432319823652505875e-02
1.588472537696361542e-02
1.739609800279140472e-02
2.275171689689159393e-02
1.272148191928863525e-01
2.366756834089756012e-02
2.405284158885478973e-02
2.166474424302577972e-02
1.811028271913528442e-02
2.025829441845417023e-02
2.243107557296752930e-01
1.982143707573413849e-02
2.201252989470958710e-02
9.045263752341270447e-03
8.397515863180160522e-02
4.279777407646179199e-02
2.147415429353713989e-01
5.734165757894515991e-02
2.662844024598598480e-02
6.687305867671966553e-02
5.032321810722351074e-02
9.109977632761001587e-02
1.581722646951675415e-01
2.109732478857040405e-02
4.116990417242050171e-02
2.466586679220199585e-01
3.650376200675964355e-02
1.095674708485603333e-01
1.058616787195205688e-01
2.650418505072593689e-02
6.110641360282897949e-02
5.102308467030525208e-02
1.217030063271522522e-01
2.594875991344451904e-01
2.235301584005355835e-01
3.029533103108406067e-02
9.331318736076354980e-02
2.503789067268371582e-01
2.501765489578247070e-01
1.084919571876525879e-01
1.780674755573272705e-01
3.053288161754608154e-02
8.068709820508956909e-02
7.940572500228881836e-02
1.336605697870254517e-01
1.567468345165252686e-01
1.000527366995811462e-01
2.183497697114944458e-02
4.064605385065078735e-02
4.924326762557029724e-02
8.410225063562393188e-02
3.108039684593677521e-02
1.378335356712341309e-01
3.185163438320159912e-02
3.950088098645210266e-02
5.159876868128776550e-02
3.105976060032844543e-02
5.188866704702377319e-02
1.654108166694641113e-01
5.418643727898597717e-02
3.105691261589527130e-02
1.700853556394577026e-02
2.064273320138454437e-02
1.555755641311407089e-02
1.117706373333930969e-01
1.731648109853267670e-02
2.073439210653305054e-02
7.360821962356567383e-02
3.680441528558731079e-02
1.103140600025653839e-02
9.139193594455718994e-02
5.127909779548645020e-02
1.338574476540088654e-02
2.194850705564022064e-02
9.300521574914455414e-03
8.456969261169433594e-02
2.259387373924255371e-01
2.220043912529945374e-02
8.810143172740936279e-02
1.092171389609575272e-02
1.932421326637268066e-02
4.979414865374565125e-02
1.371865570545196533e-01
1.753860153257846832e-02
1.941746100783348083e-02
7.516179699450731277e-03
3.987774625420570374e-02
7.366579771041870117e-02
6.512497365474700928e-02
2.901322022080421448e-02
2.206110022962093353e-02
2.346520312130451202e-02
2.658721432089805603e-02
7.412132807075977325e-03
7.099676877260208130e-02
5.392590537667274475e-02
1.113725733011960983e-02
2.190486527979373932e-02
4.773517139256000519e-03
1.911176368594169617e-02
9.977817535400390625e-02
3.113738819956779480e-02
2.603792399168014526e-02
7.174162659794092178e-03
1.857664063572883606e-02
7.223883643746376038e-03
7.251220196485519409e-02
1.747083850204944611e-02
1.274054683744907379e-02
5.971437320113182068e-03
1.005091704428195953e-02
6.236456800252199173e-03
6.911831349134445190e-02
4.889848828315734863e-02
2.025694027543067932e-02
7.464011665433645248e-03
3.566413000226020813e-02
6.131914258003234863e-02
6.559344381093978882e-02
7.932303845882415771e-02
1.451109256595373154e-02
1.412606239318847656e-01
6.813228130340576172e-02
1.764578670263290405e-01
1.154692545533180237e-01
1.916711032390594482e-02
4.272674769163131714e-02
1.659895628690719604e-01
1.161407455801963806e-01
5.229312554001808167e-02
4.871536791324615479e-02
1.343822479248046875e-02
1.150512546300888062e-01
3.472109884023666382e-02
1.904269307851791382e-01
3.659101203083992004e-02
1.297288537025451660e-01
2.323152869939804077e-02
2.185215055942535400e-02
2.297046929597854614e-01
7.171980291604995728e-02
6.477829068899154663e-02
3.242675587534904480e-02
2.838753722608089447e-02
8.747244253754615784e-03
5.322389304637908936e-02
1.022837758064270020e-01
4.084537178277969360e-02
8.553367108106613159e-02
2.770275808870792389e-02
3.953446447849273682e-02
2.260865829885005951e-02
3.296796977519989014e-02
9.175301343202590942e-02
2.524094283580780029e-01
1.492486335337162018e-02
2.268006652593612671e-02
1.253628283739089966e-01
1.471691280603408813e-01
9.631481766700744629e-02
9.821359068155288696e-02
5.045480281114578247e-02
1.336882412433624268e-01
9.710357338190078735e-02
1.267246752977371216e-01
4.512238800525665283e-01
3.744580969214439392e-02
3.311358392238616943e-02
1.736232340335845947e-01
2.827802598476409912e-01
3.626471161842346191e-01
4.210684597492218018e-01
1.981600970029830933e-01
2.638895064592361450e-02
6.602411717176437378e-02
1.038661897182464600e-01
1.577060073614120483e-01
1.336592584848403931e-01
4.637018218636512756e-02
1.969265006482601166e-02
1.873476058244705200e-02
6.661214679479598999e-02
5.691471695899963379e-02
2.792366147041320801e-01
5.417042970657348633e-02
1.693315617740154266e-02
1.626064442098140717e-02
4.529313370585441589e-02
9.323236346244812012e-02
5.668226256966590881e-02
5.000103265047073364e-02
3.446810692548751831e-02
5.789506435394287109e-02
1.903727278113365173e-02
9.197181090712547302e-03
4.792138189077377319e-02
5.622528865933418274e-02
1.916511170566082001e-02
6.397831719368696213e-03
5.755873396992683411e-02
1.160594727843999863e-02
2.075231634080410004e-02
6.276357918977737427e-02
1.369680184870958328e-02
1.079578511416912079e-02
4.849125165492296219e-03
5.185435712337493896e-02
2.690345980226993561e-02
9.359497576951980591e-02
1.700663566589355469e-02
2.924688905477523804e-02
4.637945070862770081e-02
4.350341111421585083e-02
3.015627339482307434e-02
6.415790319442749023e-02
7.713594939559698105e-03
5.793895572423934937e-02
1.370662357658147812e-02
6.112139672040939331e-03
2.936076745390892029e-02
5.423951521515846252e-02
2.953211404383182526e-02
3.685418888926506042e-02
2.880266867578029633e-02
1.008572876453399658e-01
3.050077520310878754e-02
1.184005662798881531e-01
1.868776418268680573e-02
5.126836523413658142e-02
2.801205962896347046e-02
1.244341731071472168e-01
7.790771126747131348e-02
1.812101304531097412e-01
1.334189623594284058e-02
1.052763238549232483e-01
2.009188011288642883e-02
6.192109361290931702e-02
4.871279746294021606e-02
7.933952659368515015e-02
1.423582155257463455e-02
9.084802120923995972e-03
1.237842254340648651e-02
2.038267552852630615e-01
2.078241109848022461e-02
6.661978363990783691e-02
1.736688986420631409e-02
1.043242122977972031e-02
5.192412063479423523e-02
1.524800658226013184e-01
5.388479679822921753e-02
9.494423866271972656e-02
6.387441605329513550e-02
9.267098456621170044e-02
8.218773454427719116e-02
3.839718177914619446e-02
1.304088067263364792e-02
1.074807569384574890e-01
4.364553838968276978e-02
4.029083624482154846e-02
1.005124971270561218e-01
2.545318193733692169e-02
3.162489831447601318e-02
5.777360871434211731e-02
2.081924304366111755e-02
5.870775878429412842e-02
6.585582345724105835e-02
3.345631062984466553e-01
4.677081853151321411e-02
1.732240617275238037e-01
1.540929917246103287e-02
9.478511661291122437e-02
6.472028791904449463e-02
1.870494931936264038e-01
1.139318943023681641e-01
4.603036493062973022e-02
1.620446518063545227e-02
4.138699918985366821e-02
5.516916513442993164e-02
4.389193654060363770e-02
1.723187118768692017e-01
1.098864823579788208e-01
1.905618794262409210e-02
1.208802778273820877e-02
4.612357169389724731e-02
3.954802453517913818e-02
1.007911190390586853e-01
4.002459347248077393e-02
8.232200145721435547e-02
7.574427872896194458e-02
7.284786552190780640e-02
1.514519192278385162e-02
1.226711645722389221e-01
1.148734912276268005e-01
2.592174522578716278e-02
9.614412672817707062e-03
3.970826789736747742e-02
2.809489145874977112e-02
7.404580712318420410e-02
4.149085283279418945e-02
9.075772017240524292e-03
7.429860532283782959e-03
2.194405719637870789e-02
1.407190114259719849e-01
7.381845265626907349e-02
4.455379024147987366e-02
2.354796789586544037e-02
2.427960559725761414e-02
1.261010952293872833e-02
1.379268895834684372e-02
5.176240578293800354e-02
3.314678370952606201e-02
7.994550466537475586e-02
8.031199686229228973e-03
1.914413645863533020e-02
3.523223847150802612e-02
4.821714386343955994e-02
5.636872351169586182e-02
1.705761253833770752e-02
4.163303971290588379e-02
1.433379054069519043e-01
1.163699775934219360e-01
1.887215077877044678e-01
1.760295033454895020e-01
1.821050234138965607e-02
5.967840179800987244e-02
5.615730956196784973e-02
3.992109373211860657e-02
1.089283451437950134e-01
8.329472690820693970e-02
1.972235180437564850e-02
4.593520984053611755e-02
8.456667512655258179e-02
1.081308498978614807e-01
5.685607343912124634e-02
4.372695460915565491e-02
1.184489671140909195e-02
2.464630082249641418e-02
1.084023341536521912e-01
8.413125574588775635e-02
5.059347301721572876e-02
6.697551161050796509e-02
1.130153704434633255e-02
6.984540726989507675e-03
4.401708766818046570e-02
9.356103837490081787e-03
9.953018277883529663e-02
7.145136594772338867e-02
1.547077205032110214e-02
1.470786798745393753e-02
1.132685691118240356e-01
2.384605072438716888e-02
1.371994335204362869e-02
3.090663440525531769e-02
2.230541221797466278e-02
1.298400759696960449e-02
6.585366092622280121e-03
4.296420887112617493e-02
1.727910898625850677e-02
1.735909655690193176e-02
2.794526517391204834e-02
1.428395230323076248e-02
4.921589046716690063e-03
5.582833290100097656e-02
1.324507594108581543e-02
2.434000559151172638e-02
4.038093984127044678e-02
5.732937715947628021e-03
1.387131586670875549e-02
7.097376976162195206e-03
6.036657467484474182e-02
8.947630226612091064e-02
1.079827174544334412e-02
5.248433910310268402e-03
6.484378594905138016e-03
5.193145014345645905e-03
5.423213168978691101e-02
1.596493273973464966e-02
1.051272917538881302e-02
7.023558486253023148e-03
3.663075156509876251e-03
1.343908347189426422e-02
1.172783691436052322e-02
2.992067672312259674e-02
1.063513010740280151e-02
7.884700782597064972e-03
4.307143390178680420e-03
4.678319208323955536e-03
3.721555927768349648e-03
2.033171057701110840e-02
3.370754793286323547e-02
2.122452482581138611e-02
2.252572216093540192e-03
2.710138680413365364e-03
2.894940320402383804e-03
3.156054392457008362e-02
9.644023142755031586e-03
5.032537039369344711e-03
6.999654695391654968e-03
1.845355960540473461e-03
9.452823549509048462e-03
7.424654811620712280e-02
1.504185609519481659e-02
6.094234529882669449e-03
4.746655467897653580e-03
2.036551758646965027e-02
2.927231369540095329e-03
2.359670959413051605e-02
2.326437272131443024e-02
4.973157308995723724e-03
3.402583533897995949e-03
1.902603358030319214e-02
3.606465645134449005e-03
2.379861287772655487e-02
2.016217261552810669e-02
5.354591645300388336e-03
2.597223268821835518e-03
9.469051845371723175e-03
3.039644332602620125e-03
3.513003885746002197e-02
9.660112671554088593e-03
6.527579389512538910e-03
5.137917120009660721e-03
2.808105200529098511e-03
1.128513459116220474e-02
3.828663751482963562e-02
6.546936929225921631e-03
5.888361483812332153e-03
3.661806229501962662e-03
7.880827412009239197e-03
1.663673669099807739e-03
3.501070663332939148e-02
4.270191118121147156e-02
5.278316326439380646e-03
7.784516550600528717e-03
1.384778879582881927e-02
3.962479531764984131e-03
3.821842744946479797e-02
7.998595014214515686e-03
8.202489465475082397e-03
8.525680750608444214e-03
3.578154137358069420e-03
4.754818044602870941e-03
4.282594844698905945e-02
1.064614858478307724e-02
7.118607405573129654e-03
3.552939277142286301e-03
5.085324402898550034e-03
3.672105027362704277e-03
2.955937758088111877e-02
2.042271941900253296e-02
4.612434189766645432e-03
4.949637688696384430e-03
2.013122662901878357e-03
1.897894032299518585e-02
5.310246720910072327e-02
5.370415374636650085e-02
6.325046531856060028e-03
4.398477729409933090e-03
7.501084357500076294e-03
1.378326676785945892e-02
4.631339386105537415e-02
1.270194724202156067e-02
1.347534824162721634e-02
5.465718917548656464e-03
4.638642538338899612e-03
3.307774662971496582e-02
4.232573136687278748e-02
1.278977561742067337e-02
1.256222743541002274e-02
2.860286645591259003e-02
1.526750437915325165e-02
2.039767801761627197e-03
7.124808430671691895e-02
6.716319825500249863e-03
5.502223502844572067e-03
8.043408393859863281e-03
1.013256609439849854e-02
3.965670242905616760e-03
4.642653092741966248e-02
8.094040676951408386e-03
4.946085624396800995e-03
3.305703867226839066e-03
2.299825847148895264e-02
3.833879716694355011e-03
7.723223417997360229e-02
1.025606971234083176e-02
8.111019618809223175e-03
1.574430800974369049e-02
4.431628622114658356e-03
1.623803004622459412e-02
7.721841335296630859e-02
7.802182808518409729e-03
2.919262275099754333e-03
7.546385284513235092e-03
4.291745834052562714e-03
3.690014593303203583e-03
3.929320350289344788e-02
8.322935551404953003e-03
4.777066875249147415e-03
2.768431324511766434e-03
2.089865971356630325e-03
2.906847978010773659e-03
1.937111839652061462e-02
1.299331802874803543e-02
3.903291188180446625e-03
7.122966460883617401e-03
3.704245900735259056e-03
5.987470503896474838e-03
1.702516674995422363e-01
9.125685319304466248e-03
5.417807959020137787e-03
9.322513826191425323e-03
5.440576467663049698e-03
2.167369239032268524e-02
8.101192116737365723e-02
1.859703101217746735e-02
9.005881845951080322e-03
4.601269494742155075e-03
4.044739995151758194e-03
1.311756949871778488e-02
7.167893648147583008e-02
7.788104936480522156e-03
1.668676547706127167e-02
9.258018806576728821e-03
1.253908313810825348e-02
3.740257769823074341e-02
3.034108132123947144e-02
2.165444567799568176e-02
1.702791303396224976e-01
5.731259286403656006e-02
2.132958732545375824e-02
5.036127567291259766e-01
6.492280215024948120e-02
2.489044703543186188e-02
1.794131845235824585e-01
9.875446557998657227e-02
1.516918390989303589e-01
3.239759802818298340e-01
4.534637928009033203e-02
3.769371658563613892e-02
2.074605040252208710e-02
5.672183260321617126e-02
8.388826996088027954e-02
1.690885275602340698e-01
5.582177266478538513e-02
3.764550015330314636e-02
2.595285139977931976e-02
1.752909645438194275e-02
7.388946413993835449e-02
5.192144960165023804e-02
5.142397433519363403e-02
9.991280734539031982e-03
8.871128782629966736e-03
4.836698062717914581e-03
1.572734303772449493e-02
3.189040347933769226e-03
3.937523812055587769e-02
2.125043794512748718e-02
6.225471850484609604e-03
4.036484286189079285e-03
7.897461764514446259e-03
3.517822828143835068e-03
9.965396672487258911e-02
6.446719169616699219e-03
5.335965659469366074e-03
1.879171468317508698e-03
7.812915369868278503e-03
2.189354039728641510e-03
3.421579673886299133e-02
1.941771246492862701e-02
1.853956282138824463e-02
6.295860279351472855e-03
2.575969323515892029e-02
2.012822078540921211e-03
2.947581186890602112e-02
1.655613072216510773e-02
4.502247087657451630e-03
1.114052254706621170e-02
1.169849839061498642e-02
2.215345157310366631e-03
4.477755352854728699e-02
8.473679423332214355e-03
4.971031099557876587e-03
1.524447184056043625e-02
4.978234414011240005e-03
2.901764353737235069e-03
3.578910231590270996e-02
9.977381676435470581e-03
9.579874575138092041e-03
4.007000010460615158e-03
4.417651332914829254e-03
7.844790816307067871e-03
2.845121175050735474e-02
1.137121859937906265e-02
1.071483641862869263e-02
5.758232437074184418e-03
1.510535553097724915e-02
1.487296191044151783e-03
3.739906102418899536e-02
8.718446828424930573e-03
4.774602130055427551e-03
4.200316965579986572e-03
8.986162021756172180e-03
3.430563490837812424e-03
1.959783770143985748e-02
9.482747875154018402e-03
8.762674406170845032e-03
2.545190509408712387e-03
5.514109041541814804e-03
2.594218822196125984e-03
4.445394128561019897e-02
7.035174872726202011e-03
1.952260918915271759e-02
3.233338473364710808e-03
2.288742689415812492e-03
1.266988273710012436e-02
2.397474460303783417e-02
8.594191633164882660e-03
6.043635308742523193e-03
5.076357163488864899e-03
6.973905488848686218e-03
1.862434484064579010e-02
3.705092892050743103e-02
1.043300982564687729e-02
2.714500203728675842e-02
6.322289351373910904e-03
7.049871236085891724e-02
1.310155633836984634e-02
8.731710165739059448e-02
6.919879931956529617e-03
1.928401738405227661e-02
5.065274983644485474e-02
3.317617624998092651e-02
5.866479873657226562e-02
4.616732150316238403e-02
2.497092820703983307e-02
1.343192066997289658e-02
1.523593962192535400e-01
1.940035521984100342e-01
2.083861529827117920e-01
2.112431451678276062e-02
3.899913281202316284e-02
3.130034729838371277e-02
9.032541513442993164e-02
1.861494779586791992e-01
1.188985183835029602e-01
3.029127232730388641e-02
1.344006657600402832e-01
3.959645703434944153e-02
7.373505830764770508e-02
1.131563633680343628e-01
6.658733636140823364e-02
3.178098425269126892e-02
1.686054840683937073e-02
1.426767278462648392e-02
4.199625924229621887e-02
2.264380604028701782e-01
9.425354748964309692e-02
2.527640387415885925e-02
2.918619848787784576e-02
1.083371862769126892e-01
8.794043958187103271e-02
6.751806288957595825e-02
6.626158952713012695e-02
3.663600608706474304e-02
2.360527217388153076e-02
3.158443421125411987e-02
3.766640648245811462e-02
2.788540720939636230e-01
1.189241185784339905e-01
3.353172913193702698e-02
7.488407194614410400e-02
4.726261645555496216e-02
1.542448997497558594e-01
1.820144057273864746e-01
2.196998745203018188e-01
4.003481194376945496e-02
2.032993361353874207e-02
1.250406075268983841e-02
5.884097144007682800e-02
1.306363344192504883e-01
2.590616941452026367e-01
3.482184931635856628e-02
2.251700125634670258e-02
1.084493622183799744e-01
7.020670920610427856e-02
5.705313757061958313e-02
1.233734935522079468e-01
2.942034602165222168e-02
1.082118507474660873e-02
2.118807286024093628e-02
5.151775851845741272e-02
9.316456317901611328e-02
2.306318134069442749e-01
2.474499121308326721e-02
5.260919686406850815e-03
4.196413159370422363e-01
2.532452046871185303e-01
2.219437062740325928e-01
2.853836715221405029e-01
2.450741827487945557e-02
1.575116626918315887e-02
2.831097878515720367e-02
1.069413051009178162e-01
2.328839004039764404e-01
2.753340601921081543e-01
1.873878389596939087e-02
7.001952081918716431e-02
7.775339484214782715e-02
6.622009724378585815e-02
3.323043286800384521e-01
2.358646094799041748e-01
3.234555199742317200e-02
2.637902088463306427e-02
8.637300878763198853e-02
9.395035356283187866e-02
1.005371212959289551e-01
4.900558292865753174e-01
2.042802609503269196e-02
4.955185949802398682e-02
1.264094263315200806e-01
1.847193688154220581e-01
5.501646995544433594e-01
4.663287103176116943e-01
1.920250616967678070e-02
1.237569842487573624e-02
8.308577537536621094e-02
1.052464172244071960e-01
2.121648341417312622e-01
3.299614191055297852e-01
5.940151214599609375e-02
6.057694554328918457e-03
1.285542827099561691e-02
1.806837916374206543e-01
3.722569048404693604e-01
1.349913626909255981e-01
7.057284563779830933e-02
5.668763443827629089e-02
1.561355441808700562e-01
1.944110840559005737e-01
1.367424577474594116e-01
2.023508995771408081e-01
2.261405438184738159e-02
1.266155019402503967e-02
8.082243800163269043e-02
1.583136022090911865e-01
5.827214568853378296e-02
1.505765616893768311e-01
2.442530728876590729e-02
8.873092010617256165e-03
6.700451951473951340e-03
7.275777310132980347e-02
1.032133027911186218e-02
8.539552986621856689e-02
2.621876448392868042e-02
1.897192932665348053e-02
1.522400043904781342e-02
4.575869534164667130e-03
9.606464207172393799e-02
2.861722745001316071e-02
2.654180489480495453e-02
1.618621312081813812e-02
1.078003272414207458e-02
4.315782804042100906e-03
2.221481688320636749e-02
2.766785677522420883e-03
4.799880832433700562e-02
6.275818217545747757e-03
3.895582631230354309e-03
5.928670521825551987e-03
4.352783318608999252e-03
1.591798732988536358e-03
3.618910908699035645e-02
9.318167343735694885e-03
4.709344357252120972e-03
3.984041512012481689e-03
1.503404695540666580e-03
1.004144456237554550e-02
2.624205127358436584e-02
1.335558667778968811e-02
4.510810598731040955e-02
9.915412403643131256e-03
2.835643012076616287e-03
1.255849469453096390e-02
3.632582351565361023e-02
1.925435289740562439e-02
6.968904752284288406e-03
3.816309617832303047e-03
2.839938504621386528e-03
1.248282939195632935e-02
1.282332092523574829e-02
2.078022994101047516e-02
3.593391971662640572e-03
4.891254473477602005e-03
2.005915902554988861e-02
4.064507782459259033e-03
3.739141300320625305e-02
1.547136344015598297e-02
6.821124814450740814e-03
4.416283685714006424e-03
4.164118319749832153e-03
2.096647955477237701e-02
6.105169653892517090e-02
2.084932476282119751e-02
2.618671860545873642e-03
1.434912066906690598e-02
2.244942635297775269e-02
1.309995166957378387e-02
3.565099090337753296e-02
7.710689213126897812e-03
5.827868357300758362e-02
3.104665316641330719e-03
5.462384223937988281e-02
1.182709410786628723e-01
1.702055707573890686e-02
1.015902869403362274e-02
9.713863022625446320e-03
2.086552977561950684e-02
3.006809391081333160e-02
1.255008205771446228e-02
1.932547390460968018e-01
7.242918945848941803e-03
7.859097793698310852e-03
9.411230683326721191e-03
5.880666151642799377e-02
3.223648667335510254e-02
2.052819356322288513e-02
5.793015472590923309e-03
1.542364619672298431e-02
1.757690683007240295e-02
3.360014641657471657e-03
1.771322451531887054e-02
2.411770261824131012e-02
2.339881286025047302e-02
6.490857806056737900e-03
1.693924330174922943e-02
8.143381215631961823e-03
5.571834277361631393e-03
4.407492280006408691e-02
6.224134471267461777e-03
4.596737213432788849e-03
2.247510012239217758e-03
2.603990025818347931e-03
1.241083140484988689e-03
2.232788875699043274e-02
1.218699384480714798e-02
2.918592188507318497e-03
7.120970170944929123e-03
1.341967959888279438e-03
2.687758067622780800e-03
2.715187892317771912e-02
1.441171951591968536e-02
4.576171748340129852e-03
3.599997144192457199e-03
1.718726474791765213e-03
6.170863751322031021e-03
1.175676956772804260e-01
6.613598205149173737e-03
7.697990164160728455e-03
2.936152508482336998e-03
1.658801920711994171e-02
7.938913255929946899e-02
2.565369382500648499e-02
7.942648604512214661e-03
2.495222352445125580e-02
2.050867974758148193e-01
6.775892525911331177e-02
3.782942146062850952e-02
5.109335482120513916e-02
9.897652082145214081e-03
8.632389828562736511e-03
1.637604273855686188e-02
5.205932632088661194e-02
4.821198433637619019e-02
2.744364552199840546e-02
1.691173762083053589e-02
9.090671315789222717e-03
5.449907388538122177e-03
6.899069249629974365e-02
7.461114227771759033e-02
2.359422296285629272e-02
8.194448426365852356e-03
4.895150288939476013e-02
4.342832136899232864e-03
2.739006653428077698e-02
4.035772755742073059e-02
1.133342087268829346e-01
7.964467629790306091e-03
3.645544499158859253e-02
4.841247573494911194e-02
3.553947061300277710e-02
4.528000578284263611e-02
2.198187448084354401e-02
1.535033434629440308e-02
4.146454855799674988e-02
8.528824895620346069e-03
6.576220691204071045e-02
2.216156758368015289e-02
2.537180297076702118e-02
5.042474716901779175e-03
5.047574639320373535e-03
4.676347225904464722e-02
4.376759007573127747e-02
1.885261572897434235e-02
2.951884269714355469e-02
1.186672598123550415e-02
2.796040847897529602e-03
2.216208912432193756e-02
3.520151972770690918e-02
3.409192198887467384e-03
1.715364679694175720e-02
3.981550224125385284e-03
4.126736428588628769e-03
3.191048046573996544e-03
8.582687005400657654e-03
2.710800245404243469e-02
2.740306966006755829e-02
1.349294558167457581e-02
4.467443097382783890e-03
2.762743970379233360e-03
4.569930024445056915e-03
9.587067179381847382e-03
3.135900944471359253e-02
9.011589922010898590e-03
4.238858353346586227e-03
3.155106445774435997e-03
6.980556063354015350e-03
4.221162293106317520e-03
3.244265541434288025e-02
5.405110772699117661e-03
5.186340305954217911e-03
2.558266976848244667e-03
1.689604949206113815e-03
1.098331250250339508e-02
1.786709576845169067e-02
4.849632270634174347e-03
5.189474206417798996e-03
1.678820233792066574e-03
2.384956227615475655e-03
1.550222188234329224e-02
1.489309873431921005e-02
1.157143805176019669e-02
7.970970124006271362e-03
4.297944251447916031e-03
9.653959423303604126e-03
2.252266742289066315e-03
1.913191191852092743e-02
7.637422066181898117e-03
1.490006875246763229e-02
4.648481495678424835e-03
3.508092835545539856e-03
4.231830127537250519e-03
2.101261354982852936e-02
8.126842789351940155e-03
5.698977503925561905e-03
2.278723986819386482e-03
5.337959621101617813e-03
1.858140341937541962e-02
3.558766096830368042e-02
7.627920713275671005e-03
4.394761286675930023e-03
2.060252055525779724e-02
4.033457022160291672e-03
4.040824249386787415e-03
1.299977488815784454e-02
1.357509475201368332e-02
4.670982714742422104e-03
3.409388475120067596e-03
2.142522484064102173e-03
1.654828432947397232e-03
1.665973290801048279e-02
4.420116543769836426e-03
4.277393221855163574e-03
2.628412796184420586e-03
1.711735152639448643e-03
2.979089040309190750e-03
1.752514950931072235e-02
4.568740725517272949e-03
3.482417203485965729e-03
3.613839158788323402e-03
2.951609436422586441e-03
7.800227496773004532e-03
2.891531027853488922e-02
1.110889948904514313e-02
2.618583617731928825e-03
1.853154739364981651e-03
1.677875174209475517e-03
2.836856292560696602e-03
1.080880407243967056e-02
5.196819547563791275e-03
8.747855201363563538e-03
2.449549036100506783e-03
1.308587961830198765e-03
1.795161166228353977e-03
3.458741679787635803e-02
6.479191128164529800e-03
6.027706433087587357e-03
2.291372977197170258e-03
3.866990283131599426e-02
6.814932916313409805e-03
1.766873896121978760e-02
9.863040409982204437e-03
8.790976367890834808e-03
3.335797926411032677e-03
1.970951911062002182e-03
1.816931879147887230e-03
3.316184133291244507e-02
1.732762716710567474e-02
3.438819199800491333e-03
2.894587814807891846e-03
5.380989983677864075e-03
2.337319543585181236e-03
1.572206988930702209e-02
5.491318181157112122e-03
6.249675061553716660e-03
3.023690544068813324e-03
2.080681733787059784e-03
1.248055021278560162e-03
1.377501990646123886e-02
7.872560061514377594e-03
8.764648810029029846e-03
4.551346879452466965e-03
1.833974500186741352e-03
1.899819122627377510e-03
1.681271381676197052e-02
8.862685412168502808e-03
5.583512596786022186e-03
5.520319100469350815e-03
2.556028310209512711e-03
1.561205019243061543e-03
2.737446129322052002e-02
7.253524847328662872e-03
6.095177028328180313e-03
2.134963870048522949e-03
1.525691477581858635e-03
9.246177505701780319e-04
2.969352528452873230e-02
3.563146805390715599e-03
1.223678421229124069e-02
4.355359356850385666e-03
1.969740493223071098e-03
2.378870733082294464e-03
2.761189639568328857e-02
4.508846439421176910e-03
1.802099309861660004e-02
2.093062037602066994e-03
4.565965384244918823e-03
1.131932600401341915e-03
3.463841974735260010e-02
5.752816796302795410e-03
3.372134640812873840e-03
6.401470396667718887e-03
3.372340463101863861e-03
2.291341545060276985e-03
2.637018822133541107e-02
7.312590721994638443e-03
6.265882868319749832e-03
4.351399838924407959e-03
1.110424404032528400e-03
1.106806797906756401e-03
2.850614115595817566e-02
5.695180501788854599e-03
2.380678430199623108e-03
2.327238209545612335e-03
1.734301797114312649e-03
1.696712896227836609e-02
1.180403083562850952e-01
6.517142057418823242e-03
3.819183213636279106e-03
3.987402189522981644e-03
4.229207057505846024e-03
3.096238709986209869e-02
1.678590476512908936e-02
4.948536399751901627e-03
1.827345974743366241e-02
5.326917860656976700e-03
2.403148915618658066e-03
2.383605986833572388e-01
9.579597041010856628e-03
1.582730375230312347e-02
2.467472292482852936e-02
2.369101718068122864e-02
6.934577226638793945e-02
8.747391402721405029e-02
1.163276378065347672e-02
2.325746417045593262e-02
9.421743452548980713e-02
1.690137572586536407e-02
6.657426804304122925e-02
1.934082359075546265e-01
1.425334531813859940e-02
7.920952513813972473e-03
9.197692386806011200e-03
7.218276709318161011e-02
1.325951218605041504e-01
9.904518723487854004e-02
1.522834040224552155e-02
8.989577181637287140e-03
7.749944180250167847e-02
6.438824534416198730e-02
6.801670044660568237e-02
2.135132253170013428e-02
1.084325276315212250e-02
2.329714782536029816e-02
8.976311236619949341e-02
7.515925914049148560e-02
8.024253882467746735e-03
1.349711418151855469e-01
9.276792407035827637e-03
4.495439585298299789e-03
1.558920089155435562e-02
3.468240424990653992e-02
8.928215503692626953e-02
1.022113412618637085e-01
3.414884954690933228e-02
4.470741376280784607e-03
7.577854674309492111e-03
9.007362648844718933e-03
1.374368518590927124e-01
6.521006673574447632e-02
1.815024390816688538e-02
6.999089848250150681e-03
6.899969652295112610e-03
5.994467996060848236e-03
6.087399087846279144e-03
4.672140255570411682e-02
9.309191256761550903e-03
4.060046747326850891e-03
4.716851562261581421e-02
3.400210756808519363e-03
1.085476949810981750e-01
7.036324590444564819e-02
2.189936488866806030e-02
2.882237359881401062e-02
3.670929372310638428e-02
1.536452323198318481e-01
5.222881212830543518e-02
2.514921426773071289e-01
1.561298593878746033e-02
4.474308341741561890e-03
4.849410802125930786e-02
1.940855756402015686e-02
2.450450211763381958e-01
1.322570890188217163e-01
8.283153176307678223e-03
8.528126776218414307e-02
2.039008587598800659e-02
1.393854897469282150e-02
2.333844453096389771e-02
1.809354275465011597e-01
1.491403114050626755e-02
4.161188006401062012e-02
1.218921244144439697e-01
1.566258072853088379e-01
1.219918802380561829e-01
2.011272907257080078e-01
9.365107864141464233e-03
4.670123569667339325e-03
2.352446876466274261e-02
3.297299519181251526e-02
1.299598813056945801e-01
1.544598639011383057e-01
7.056663278490304947e-03
5.618590861558914185e-03
6.814889609813690186e-02
2.706752344965934753e-02
6.093562394380569458e-02
1.491912454366683960e-01
4.200580529868602753e-03
9.116044268012046814e-03
4.888658411800861359e-03
9.316817857325077057e-03
2.758065983653068542e-02
2.312962338328361511e-02
4.279807675629854202e-03
4.590190015733242035e-03
5.923398304730653763e-03
5.202190484851598740e-03
4.663441330194473267e-03
2.007362805306911469e-02
1.729112304747104645e-02
4.839070606976747513e-03
3.595720510929822922e-03
2.068968024104833603e-03
2.064498141407966614e-03
1.890433952212333679e-03
5.965373478829860687e-03
1.453210134059190750e-02
2.657902194187045097e-03
2.006906783208250999e-03
2.168077509850263596e-03
1.867126091383397579e-03
1.371971238404512405e-02
3.667565062642097473e-03
3.741419874131679535e-03
2.956350333988666534e-03
1.067535020411014557e-03
1.159265288151800632e-03
6.523230578750371933e-03
8.439265191555023193e-03
2.655592747032642365e-03
1.242093392647802830e-03
1.555703231133520603e-03
4.406346008181571960e-03
3.750094771385192871e-02
3.488757647573947906e-03
2.904440974816679955e-03
2.906028181314468384e-02
1.949367113411426544e-03
2.536466578021645546e-03
5.789657123386859894e-03
8.542039431631565094e-03
8.967524394392967224e-03
2.937696408480405807e-03
3.237264929339289665e-03
2.607914386317133904e-03
1.503863837569952011e-02
3.893427085131406784e-03
4.265182185918092728e-03
2.470824634656310081e-03
1.103366841562092304e-03
2.124427119269967079e-03
9.451661258935928345e-03
3.219575388357043266e-03
3.063331125304102898e-03
2.298654522746801376e-03
1.447026035748422146e-03
1.088386401534080505e-03
1.950540766119956970e-02
2.729571657255291939e-03
2.557039726525545120e-03
3.266387153416872025e-03
1.305941259488463402e-03
2.555068815127015114e-03
7.934048771858215332e-03
1.284801308065652847e-02
4.224595613777637482e-03
8.772767148911952972e-03
2.046005334705114365e-03
1.896910369396209717e-03
1.364406757056713104e-02
1.012912951409816742e-02
4.426622297614812851e-03
1.908065285533666611e-03
1.658964785747230053e-03
2.991475863382220268e-03
1.329276245087385178e-02
1.118429098278284073e-02
1.784511841833591461e-03
3.479746403172612190e-03
9.855249663814902306e-04
2.741267206147313118e-03
1.469848118722438812e-02
5.015449598431587219e-03
5.956317298114299774e-03
1.623905496671795845e-03
5.103642586618661880e-03
2.844518516212701797e-03
2.037018910050392151e-02
9.382847696542739868e-03
3.310683649033308029e-03
1.344068557955324650e-03
1.116948667913675308e-03
3.492057789117097855e-03
6.414426025003194809e-03
4.658363293856382370e-03
3.395683132112026215e-03
5.407630465924739838e-03
1.781288185156881809e-03
6.537383887916803360e-03
1.228525210171937943e-02
6.973106414079666138e-03
1.839505508542060852e-03
2.913727657869458199e-03
1.581833465024828911e-03
2.008105628192424774e-03
1.121423617005348206e-01
3.267452120780944824e-03
3.216668032109737396e-03
3.260686062276363373e-03
2.216271869838237762e-02
2.896815538406372070e-03
1.282711699604988098e-02
9.086204692721366882e-03
6.046609487384557724e-03
2.481773728504776955e-03
9.285152889788150787e-03
1.108083291910588741e-03
1.968636363744735718e-02
4.160537850111722946e-03
3.870520973578095436e-03
1.001216098666191101e-02
1.505738124251365662e-03
5.035669542849063873e-03
3.883109241724014282e-02
7.486267480999231339e-03
2.948340494185686111e-03
2.970668952912092209e-03
3.635503817349672318e-03
3.392293583601713181e-03
2.055802009999752045e-02
4.542312119156122208e-03
2.086943481117486954e-03
1.819097436964511871e-03
5.998145788908004761e-03
1.521554309874773026e-03
1.015522330999374390e-02
8.282208815217018127e-03
4.446251317858695984e-03
2.090468769893050194e-03
3.074130974709987640e-03
1.596224261447787285e-03
3.365531191229820251e-02
7.806465029716491699e-03
4.092121031135320663e-03
1.786163193173706532e-03
6.035878788679838181e-03
3.012133529409766197e-03
4.344401881098747253e-02
4.528431687504053116e-03
2.013407414779067039e-03
2.216873923316597939e-03
8.907276205718517303e-04
7.926247781142592430e-04
2.026809938251972198e-02
1.534626260399818420e-02
2.923382911831140518e-03
4.381549078971147537e-03
2.424309728667140007e-03
1.187858637422323227e-03
1.755183190107345581e-02
1.697583869099617004e-02
8.064222522079944611e-03
6.860475521534681320e-03
3.416782710701227188e-03
1.349076395854353905e-03
7.165703177452087402e-02
1.361758448183536530e-02
2.896135905757546425e-03
1.905442564748227596e-03
2.477391390129923820e-03
8.305235952138900757e-02
2.918503619730472565e-02
1.318101491779088974e-02
5.683096125721931458e-02
3.452341556549072266e-01
2.367657721042633057e-01
3.110219836235046387e-01
2.706973068416118622e-02
3.115959092974662781e-02
7.759528607130050659e-02
9.538380056619644165e-02
1.484583318233489990e-01
3.113865554332733154e-01
2.865137904882431030e-02
7.464800029993057251e-02
2.549976482987403870e-02
2.995514497160911560e-02
2.463354170322418213e-01
2.483287006616592407e-01
2.544864080846309662e-02
1.288703363388776779e-02
7.162872701883316040e-02
1.386663019657135010e-01
1.814087182283401489e-01
2.920610308647155762e-01
3.304196149110794067e-02
4.402064904570579529e-02
7.348506897687911987e-02
6.913963705301284790e-02
1.705981343984603882e-01
1.925778985023498535e-01
3.377616778016090393e-02
1.090184506028890610e-02
3.953973948955535889e-02
7.996746897697448730e-02
2.253507822751998901e-01
2.469452172517776489e-01
2.579599246382713318e-02
5.877687782049179077e-02
8.427806943655014038e-02
8.202902227640151978e-02
1.894871592521667480e-01
1.649727970361709595e-01
4.902497306466102600e-02
1.274689286947250366e-02
6.968733854591846466e-03
8.214874193072319031e-03
1.790946424007415771e-01
1.926471292972564697e-02
2.464613132178783417e-02
2.630152367055416107e-02
2.766018360853195190e-02
6.611948460340499878e-02
1.702381074428558350e-01
4.937084019184112549e-02
8.834064751863479614e-02
9.134982712566852570e-03
9.596262127161026001e-03
3.942195326089859009e-02
4.713879525661468506e-02
6.660078465938568115e-02
3.152317926287651062e-02
1.418581418693065643e-02
8.871402591466903687e-02
1.028514560312032700e-02
1.076806858181953430e-01
4.757655039429664612e-02
1.870440877974033356e-02
7.652992382645606995e-03
4.842592403292655945e-03
1.976528204977512360e-02
8.351644873619079590e-02
1.270558089017868042e-01
3.773457184433937073e-02
6.059464812278747559e-02
4.354229196906089783e-02
1.082808375358581543e-01
6.214724481105804443e-02
1.403274685144424438e-01
2.329523116350173950e-02
9.989439509809017181e-03
1.367602199316024780e-01
6.301613152027130127e-02
1.573139727115631104e-01
1.434413641691207886e-01
5.376711487770080566e-02
1.370202843099832535e-02
5.826189182698726654e-03
1.826163753867149353e-02
8.684456348419189453e-02
3.414437174797058105e-02
1.151358149945735931e-02
4.694445990025997162e-03
7.022720761597156525e-03
4.183715954422950745e-02
6.619253754615783691e-02
2.021699845790863037e-01
1.677863672375679016e-02
1.649802923202514648e-02
6.644293665885925293e-02
3.082598447799682617e-01
3.870740830898284912e-01
2.984277009963989258e-01
2.585827186703681946e-02
1.730423793196678162e-02
4.744359850883483887e-02
7.235304266214370728e-02
9.589481353759765625e-02
8.555057644844055176e-02
4.128371551632881165e-02
1.198419369757175446e-02
2.630873024463653564e-02
3.460820391774177551e-02
1.085114181041717529e-01
1.839624159038066864e-02
2.046306058764457703e-02
2.636936865746974945e-02
5.486541427671909332e-03
6.033002957701683044e-02
7.605324685573577881e-02
2.448819577693939209e-01
1.919299364089965820e-02
2.720432914793491364e-02
2.203570306301116943e-01
2.591495513916015625e-01
2.021884322166442871e-01
1.730972081422805786e-01
2.561865560710430145e-02
1.953881978988647461e-02
2.513351291418075562e-02
1.857421696186065674e-01
1.272381395101547241e-01
3.383179381489753723e-02
2.703391015529632568e-02
3.693380858749151230e-03
4.873728007078170776e-02
2.266732417047023773e-02
3.486279398202896118e-02
1.118585243821144104e-01
2.796802483499050140e-02
1.514885574579238892e-02
3.058666363358497620e-02
9.778303094208240509e-03
4.019565414637327194e-03
5.304235965013504028e-02
1.540417410433292389e-02
5.614173132926225662e-03
5.538283381611108780e-03
3.127368167042732239e-02
5.256081372499465942e-02
3.994420543313026428e-02
3.915128111839294434e-02
9.853859432041645050e-03
1.385776139795780182e-02
1.512791123241186142e-02
8.738125860691070557e-02
1.930598914623260498e-02
2.510655857622623444e-02
1.206995081156492233e-02
6.633254699409008026e-03
3.097787266597151756e-03
1.932862401008605957e-02
7.731390651315450668e-03
2.191188000142574310e-02
7.992529310286045074e-03
7.782184984534978867e-03
1.736784819513559341e-03
2.557533793151378632e-03
3.183668246492743492e-03
8.781607262790203094e-03
6.698626559227705002e-03
2.976047573611140251e-03
2.438546391203999519e-03
2.393414033576846123e-03
1.666766358539462090e-03
7.917298004031181335e-03
6.136101204901933670e-03
3.284283215180039406e-03
5.341611802577972412e-03
1.900002593174576759e-03
1.709611504338681698e-03
1.765918359160423279e-02
4.804661031812429428e-03
3.833906957879662514e-03
2.545692026615142822e-03
1.443004352040588856e-03
1.311272848397493362e-03
5.181542038917541504e-02
6.951109971851110458e-03
2.482913667336106300e-03
2.161387354135513306e-03
1.214040908962488174e-03
1.301410025916993618e-03
1.316537149250507355e-02
5.605157930403947830e-03
1.824623905122280121e-03
6.399057339876890182e-03
9.463002788834273815e-04
1.042213290929794312e-03
1.082132104784250259e-02
6.510823499411344528e-03
3.484079614281654358e-03
1.904198550619184971e-03
1.514803734607994556e-03
3.326056990772485733e-03
9.082002565264701843e-03
3.559901146218180656e-03
2.778521506115794182e-03
3.118266118690371513e-03
2.683170838281512260e-03
1.421140274032950401e-03
1.013843156397342682e-02
1.327704638242721558e-02
9.475250728428363800e-03
1.644937205128371716e-03
2.817625645548105240e-03
9.416246903128921986e-04
8.446735329926013947e-03
4.057910293340682983e-03
3.341476665809750557e-03
1.614187727682292461e-03
1.756165060214698315e-03
1.455091754905879498e-03
1.366845238953828812e-02
3.050484927371144295e-03
2.600684063509106636e-03
4.696896299719810486e-03
3.362111747264862061e-03
1.383738243021070957e-03
1.125056296586990356e-02
7.701797876507043839e-03
1.710467855446040630e-03
3.364132251590490341e-03
1.296410919167101383e-03
1.136132865212857723e-03
1.615688763558864594e-02
4.401891957968473434e-03
2.999966032803058624e-03
4.269782453775405884e-03
1.705807750113308430e-03
6.600990891456604004e-03
