6.392384767532348633e+00
1.829719543457031250e-02
1.486349105834960938e-02
1.084566116333007812e-02
8.852481842041015625e-03
8.871793746948242188e-03
8.859395980834960938e-03
8.859395980834960938e-03
8.612155914306640625e-03
8.263349533081054688e-03
8.108615875244140625e-03
8.010149002075195312e-03
8.028268814086914062e-03
8.011341094970703125e-03
7.938146591186523438e-03
7.946968078613281250e-03
7.918357849121093750e-03
7.875919342041015625e-03
7.858991622924804688e-03
7.894992828369140625e-03
7.948875427246093750e-03
7.741928100585937500e-03
7.991313934326171875e-03
8.009433746337890625e-03
7.984876632690429688e-03
9.337902069091796875e-03
8.184194564819335938e-03
7.982969284057617188e-03
5.819797515869140625e-03
5.779981613159179688e-03
5.659103393554687500e-03
5.697488784790039062e-03
6.603956222534179688e-03
7.704496383666992188e-03
7.686376571655273438e-03
8.059263229370117188e-03
7.941961288452148438e-03
5.866765975952148438e-03
5.601644515991210938e-03
5.441904067993164062e-03
5.533695220947265625e-03
5.473136901855468750e-03
5.490779876708984375e-03
5.473136901855468750e-03
5.497217178344726562e-03
5.514860153198242188e-03
5.500555038452148438e-03
5.497217178344726562e-03
5.502939224243164062e-03
5.481958389282226562e-03
6.170034408569335938e-03
7.800340652465820312e-03
8.564710617065429688e-03
5.685329437255859375e-03
3.118586540222167969e-02
1.774334907531738281e-02
1.500511169433593750e-02
1.127815246582031250e-02
9.027719497680664062e-03
8.477210998535156250e-03
6.369590759277343750e-03
6.051301956176757812e-03
6.055116653442382812e-03
6.022930145263671875e-03
5.995273590087890625e-03
6.036281585693359375e-03
5.625963211059570312e-03
5.627632141113281250e-03
5.640745162963867188e-03
5.625009536743164062e-03
5.598068237304687500e-03
5.557775497436523438e-03
5.556106567382812500e-03
5.575656890869140625e-03
5.519866943359375000e-03
5.651473999023437500e-03
5.521774291992187500e-03
5.454540252685546875e-03
5.525350570678710938e-03
5.524396896362304688e-03
6.239652633666992188e-03
8.778095245361328125e-03
1.064419746398925781e-02
1.132535934448242188e-02
1.131916046142578125e-02
1.100492477416992188e-02
5.836725234985351562e-03
8.035898208618164062e-03
5.778551101684570312e-03
8.066177368164062500e-03
5.756378173828125000e-03
5.554676055908203125e-03
5.549430847167968750e-03
5.479574203491210938e-03
5.517482757568359375e-03
5.558252334594726562e-03
6.809473037719726562e-03
7.801771163940429688e-03
7.913589477539062500e-03
8.061408996582031250e-03
7.977724075317382812e-03
8.073329925537109375e-03
7.852077484130859375e-03
5.859613418579101562e-03
5.578756332397460938e-03
5.536556243896484375e-03
5.508899688720703125e-03
5.513668060302734375e-03
5.522727966308593750e-03
5.893230438232421875e-03
1.763939857482910156e-02
1.470613479614257812e-02
1.125741004943847656e-02
8.887767791748046875e-03
8.834600448608398438e-03
8.785724639892578125e-03
8.886575698852539062e-03
8.882522583007812500e-03
8.083343505859375000e-03
7.986545562744140625e-03
6.180286407470703125e-03
5.644559860229492188e-03
5.588054656982421875e-03
5.621433258056640625e-03
5.570411682128906250e-03
5.657434463500976562e-03
5.637645721435546875e-03
5.604267120361328125e-03
8.358240127563476562e-03
8.008241653442382812e-03
8.466482162475585938e-03
7.872104644775390625e-03
7.744789123535156250e-03
7.733583450317382812e-03
7.745981216430664062e-03
7.730245590209960938e-03
7.759809494018554688e-03
7.740259170532226562e-03
7.725477218627929688e-03
7.730722427368164062e-03
7.732391357421875000e-03
7.765054702758789062e-03
7.711887359619140625e-03
7.763385772705078125e-03
7.769346237182617188e-03
7.824420928955078125e-03
7.826089859008789062e-03
7.806062698364257812e-03
7.810831069946289062e-03
7.793188095092773438e-03
7.719755172729492188e-03
7.731914520263671875e-03
7.776021957397460938e-03
7.750511169433593750e-03
7.746696472167968750e-03
7.994413375854492188e-03
7.944583892822265625e-03
7.956027984619140625e-03
7.963895797729492188e-03
5.877017974853515625e-03
7.934808731079101562e-03
7.950067520141601562e-03
7.915258407592773438e-03
7.932662963867187500e-03
5.536317825317382812e-03
1.456189155578613281e-02
6.444931030273437500e-03
6.027460098266601562e-03
6.046295166015625000e-03
6.068944931030273438e-03
6.038427352905273438e-03
5.679607391357421875e-03
5.737304687500000000e-03
5.957841873168945312e-03
5.885601043701171875e-03
5.880594253540039062e-03
5.554199218750000000e-03
5.572557449340820312e-03
7.948160171508789062e-03
8.046388626098632812e-03
8.527040481567382812e-03
8.336782455444335938e-03
8.369207382202148438e-03
7.910966873168945312e-03
7.904052734375000000e-03
5.945205688476562500e-03
7.920742034912109375e-03
5.880117416381835938e-03
8.138895034790039062e-03
7.947444915771484375e-03
7.979869842529296875e-03
5.890846252441406250e-03
7.919311523437500000e-03
5.834579467773437500e-03
7.884740829467773438e-03
7.908582687377929688e-03
5.845785140991210938e-03
8.101224899291992188e-03
7.981538772583007812e-03
8.245229721069335938e-03
7.836103439331054688e-03
5.880594253540039062e-03
7.816076278686523438e-03
8.103132247924804688e-03
8.004903793334960938e-03
5.787611007690429688e-03
5.527734756469726562e-03
5.504608154296875000e-03
5.531549453735351562e-03
5.572795867919921875e-03
5.595207214355468750e-03
5.552530288696289062e-03
5.585908889770507812e-03
5.637168884277343750e-03
5.547285079956054688e-03
5.522727966308593750e-03
6.717920303344726562e-03
7.904052734375000000e-03
7.855892181396484375e-03
6.318569183349609375e-03
1.841068267822265625e-02
1.269674301147460938e-02
9.834289550781250000e-03
9.598493576049804688e-03
9.069919586181640625e-03
9.045839309692382812e-03
8.998632431030273438e-03
9.058475494384765625e-03
7.983922958374023438e-03
8.604764938354492188e-03
8.715867996215820312e-03
8.767843246459960938e-03
8.151292800903320312e-03
7.829666137695312500e-03
8.004903793334960938e-03
7.910251617431640625e-03
5.784273147583007812e-03
5.625963211059570312e-03
5.522012710571289062e-03
5.726099014282226562e-03
5.740642547607421875e-03
5.602598190307617188e-03
7.034063339233398438e-03
6.241798400878906250e-03
7.131338119506835938e-03
7.607936859130859375e-03
6.649971008300781250e-03
5.534410476684570312e-03
5.621910095214843750e-03
5.547523498535156250e-03
5.519390106201171875e-03
5.527257919311523438e-03
5.532503128051757812e-03
5.502700805664062500e-03
5.409717559814453125e-03
5.450487136840820312e-03
5.531311035156250000e-03
5.548715591430664062e-03
5.518198013305664062e-03
5.521774291992187500e-03
5.547046661376953125e-03
5.520105361938476562e-03
5.489826202392578125e-03
5.542039871215820312e-03
5.527973175048828125e-03
5.539894104003906250e-03
5.525350570678710938e-03
5.547285079956054688e-03
5.528688430786132812e-03
5.789995193481445312e-03
5.765914916992187500e-03
5.519628524780273438e-03
5.518913269042968750e-03
5.594253540039062500e-03
5.299091339111328125e-03
1.905775070190429688e-02
1.525664329528808594e-02
1.486921310424804688e-02
1.332020759582519531e-02
1.322388648986816406e-02
6.373882293701171875e-03
6.036996841430664062e-03
6.050586700439453125e-03
5.715847015380859375e-03
5.691766738891601562e-03
5.679607391357421875e-03
5.752801895141601562e-03
6.003618240356445312e-03
8.460760116577148438e-03
8.346796035766601562e-03
7.856369018554687500e-03
7.715225219726562500e-03
7.958650588989257812e-03
7.844686508178710938e-03
7.765293121337890625e-03
7.769346237182617188e-03
7.847785949707031250e-03
7.932186126708984375e-03
7.727146148681640625e-03
7.627725601196289062e-03
1.074004173278808594e-02
5.656003952026367188e-03
5.549430847167968750e-03
5.532741546630859375e-03
5.635738372802734375e-03
5.514383316040039062e-03
5.517244338989257812e-03
5.574703216552734375e-03
5.537033081054687500e-03
5.538702011108398438e-03
5.553007125854492188e-03
6.693363189697265625e-03
7.927894592285156250e-03
7.877349853515625000e-03
7.948637008666992188e-03
5.901813507080078125e-03
5.526065826416015625e-03
5.541324615478515625e-03
5.534410476684570312e-03
5.491495132446289062e-03
5.443334579467773438e-03
5.536317825317382812e-03
5.547761917114257812e-03
5.498170852661132812e-03
5.668401718139648438e-03
5.525350570678710938e-03
5.547761917114257812e-03
5.515098571777343750e-03
7.982015609741210938e-03
6.448984146118164062e-03
1.421093940734863281e-02
6.311416625976562500e-03
6.057024002075195312e-03
6.074905395507812500e-03
6.078481674194335938e-03
6.014347076416015625e-03
5.978107452392578125e-03
5.977630615234375000e-03
6.313085556030273438e-03
5.980968475341796875e-03
5.641222000122070312e-03
5.673408508300781250e-03
5.557537078857421875e-03
5.626201629638671875e-03
5.589246749877929688e-03
5.549907684326171875e-03
5.560636520385742188e-03
5.809783935546875000e-03
6.783008575439453125e-03
7.968664169311523438e-03
8.125782012939453125e-03
8.013963699340820312e-03
7.915258407592773438e-03
7.958889007568359375e-03
8.128643035888671875e-03
8.006095886230468750e-03
7.924318313598632812e-03
5.894899368286132812e-03
5.542755126953125000e-03
5.513906478881835938e-03
5.804300308227539062e-03
5.568981170654296875e-03
5.535602569580078125e-03
5.505084991455078125e-03
5.518674850463867188e-03
5.488395690917968750e-03
5.497217178344726562e-03
5.558013916015625000e-03
5.570650100708007812e-03
5.488157272338867188e-03
5.537986755371093750e-03
5.525350570678710938e-03
5.495786666870117188e-03
5.521059036254882812e-03
5.454301834106445312e-03
5.379915237426757812e-03
5.541086196899414062e-03
5.508422851562500000e-03
5.566120147705078125e-03
5.575180053710937500e-03
5.546092987060546875e-03
5.508661270141601562e-03
5.510568618774414062e-03
5.501508712768554688e-03
6.519794464111328125e-03
1.734852790832519531e-02
1.284265518188476562e-02
8.908987045288085938e-03
9.541511535644531250e-03
9.724378585815429688e-03
6.375312805175781250e-03
5.939245223999023438e-03
5.927562713623046875e-03
5.914211273193359375e-03
5.934476852416992188e-03
5.895853042602539062e-03
5.937099456787109375e-03
5.921125411987304688e-03
6.261825561523437500e-03
5.811452865600585938e-03
6.273746490478515625e-03
6.130695343017578125e-03
6.139278411865234375e-03
8.011341094970703125e-03
8.047103881835937500e-03
8.047580718994140625e-03
7.830858230590820312e-03
8.015632629394531250e-03
7.922887802124023438e-03
7.996320724487304688e-03
7.942914962768554688e-03
7.909297943115234375e-03
7.851362228393554688e-03
7.918596267700195312e-03
7.909774780273437500e-03
8.027076721191406250e-03
8.486270904541015625e-03
7.782936096191406250e-03
7.565975189208984375e-03
5.638360977172851562e-03
5.729675292968750000e-03
5.582571029663085938e-03
5.570411682128906250e-03
5.515098571777343750e-03
7.175207138061523438e-03
7.332324981689453125e-03
9.907960891723632812e-03
7.821798324584960938e-03
7.999181747436523438e-03
7.855415344238281250e-03
8.022785186767578125e-03
8.032083511352539062e-03
5.859375000000000000e-03
8.651494979858398438e-03
7.994651794433593750e-03
7.852554321289062500e-03
5.900859832763671875e-03
7.958889007568359375e-03
5.558490753173828125e-03
5.824089050292968750e-03
1.694250106811523438e-02
1.126551628112792969e-02
9.021997451782226562e-03
8.930444717407226562e-03
8.975982666015625000e-03
8.913040161132812500e-03
8.897781372070312500e-03
8.995532989501953125e-03
8.770704269409179688e-03
8.148193359375000000e-03
8.376121520996093750e-03
8.265972137451171875e-03
8.188724517822265625e-03
8.149862289428710938e-03
8.188009262084960938e-03
8.146524429321289062e-03
7.944107055664062500e-03
7.912874221801757812e-03
8.048057556152343750e-03
8.056879043579101562e-03
7.886886596679687500e-03
7.785797119140625000e-03
7.764816284179687500e-03
7.812261581420898438e-03
7.222175598144531250e-03
6.484985351562500000e-03
7.114410400390625000e-03
7.544517517089843750e-03
7.850408554077148438e-03
7.857799530029296875e-03
8.142471313476562500e-03
7.989883422851562500e-03
8.028030395507812500e-03
8.133649826049804688e-03
8.035421371459960938e-03
8.142471313476562500e-03
7.928133010864257812e-03
7.989645004272460938e-03
8.148908615112304688e-03
7.892608642578125000e-03
8.127927780151367188e-03
7.968425750732421875e-03
7.787942886352539062e-03
7.957935333251953125e-03
8.140087127685546875e-03
7.758140563964843750e-03
7.371425628662109375e-03
7.855176925659179688e-03
9.912252426147460938e-03
7.913589477539062500e-03
5.891799926757812500e-03
5.533695220947265625e-03
5.541324615478515625e-03
5.526542663574218750e-03
5.400419235229492188e-03
1.901149749755859375e-02
1.489186286926269531e-02
1.442241668701171875e-02
1.077318191528320312e-02
9.883165359497070312e-03
9.392261505126953125e-03
9.276628494262695312e-03
9.209394454956054688e-03
9.079456329345703125e-03
8.886337280273437500e-03
8.566141128540039062e-03
8.120775222778320312e-03
7.512331008911132812e-03
8.535861968994140625e-03
8.104562759399414062e-03
8.129119873046875000e-03
8.113861083984375000e-03
8.103132247924804688e-03
8.462905883789062500e-03
8.242607116699218750e-03
6.682634353637695312e-03
5.766868591308593750e-03
5.630493164062500000e-03
5.589485168457031250e-03
5.614757537841796875e-03
5.532264709472656250e-03
5.505084991455078125e-03
5.493640899658203125e-03
5.470752716064453125e-03
5.567789077758789062e-03
5.537271499633789062e-03
5.484819412231445312e-03
5.441904067993164062e-03
5.514860153198242188e-03
5.493164062500000000e-03
5.520343780517578125e-03
5.445718765258789062e-03
5.483865737915039062e-03
5.530834197998046875e-03
5.529880523681640625e-03
5.539655685424804688e-03
5.532264709472656250e-03
5.546331405639648438e-03
5.531311035156250000e-03
5.734443664550781250e-03
5.576372146606445312e-03
5.538702011108398438e-03
5.517721176147460938e-03
5.522727966308593750e-03
5.480289459228515625e-03
5.525588989257812500e-03
5.657196044921875000e-03
5.515575408935546875e-03
5.560398101806640625e-03
5.394697189331054688e-03
1.703143119812011719e-02
1.204991340637207031e-02
6.405353546142578125e-03
6.047010421752929688e-03
6.038188934326171875e-03
6.001710891723632812e-03
5.692481994628906250e-03
5.684375762939453125e-03
5.700349807739257812e-03
5.673646926879882812e-03
7.061481475830078125e-03
5.773782730102539062e-03
6.911277770996093750e-03
6.906032562255859375e-03
6.973981857299804688e-03
7.210493087768554688e-03
8.495807647705078125e-03
8.166074752807617188e-03
7.474184036254882812e-03
7.150650024414062500e-03
7.590532302856445312e-03
7.567167282104492188e-03
8.352041244506835938e-03
7.761716842651367188e-03
7.507562637329101562e-03
6.767988204956054688e-03
7.113456726074218750e-03
7.547616958618164062e-03
7.612705230712890625e-03
7.967710494995117188e-03
7.971286773681640625e-03
7.983207702636718750e-03
8.749485015869140625e-03
5.891323089599609375e-03
5.525112152099609375e-03
5.550146102905273438e-03
5.567073822021484375e-03
5.521297454833984375e-03
5.512952804565429688e-03
5.543231964111328125e-03
5.456447601318359375e-03
5.553007125854492188e-03
5.564689636230468750e-03
5.527734756469726562e-03
5.570411682128906250e-03
5.553007125854492188e-03
5.537033081054687500e-03
5.553007125854492188e-03
5.529403686523437500e-03
6.731271743774414062e-03
5.882501602172851562e-03
1.243090629577636719e-02
1.119613647460937500e-02
9.136915206909179688e-03
5.470991134643554688e-03
1.742553710937500000e-02
1.272535324096679688e-02
8.583307266235351562e-03
8.567571640014648438e-03
6.298542022705078125e-03
6.295680999755859375e-03
5.652189254760742188e-03
5.666017532348632812e-03
5.633115768432617188e-03
5.602598190307617188e-03
5.627155303955078125e-03
5.611658096313476562e-03
5.657911300659179688e-03
7.855415344238281250e-03
7.864952087402343750e-03
8.620023727416992188e-03
8.012056350708007812e-03
7.913827896118164062e-03
8.091926574707031250e-03
7.907390594482421875e-03
8.009433746337890625e-03
8.015871047973632812e-03
5.779981613159179688e-03
5.604267120361328125e-03
5.626201629638671875e-03
5.805015563964843750e-03
8.629322052001953125e-03
7.983446121215820312e-03
8.124828338623046875e-03
6.672859191894531250e-03
5.628108978271484375e-03
5.528450012207031250e-03
5.547285079956054688e-03
5.592107772827148438e-03
5.509138107299804688e-03
6.561279296875000000e-03
7.615804672241210938e-03
6.746053695678710938e-03
7.348775863647460938e-03
7.838487625122070312e-03
7.835388183593750000e-03
7.830858230590820312e-03
7.653713226318359375e-03
7.198810577392578125e-03
7.665872573852539062e-03
6.723403930664062500e-03
7.313013076782226562e-03
7.823944091796875000e-03
7.850170135498046875e-03
7.748603820800781250e-03
7.748126983642578125e-03
8.443832397460937500e-03
8.255004882812500000e-03
9.502410888671875000e-03
6.288290023803710938e-03
1.943063735961914062e-02
1.262450218200683594e-02
8.717060089111328125e-03
8.528232574462890625e-03
8.572578430175781250e-03
6.853342056274414062e-03
5.800724029541015625e-03
5.824089050292968750e-03
8.019208908081054688e-03
8.219242095947265625e-03
8.032083511352539062e-03
7.813692092895507812e-03
8.001565933227539062e-03
8.067369461059570312e-03
8.040428161621093750e-03
8.008956909179687500e-03
7.989406585693359375e-03
5.886554718017578125e-03
5.654096603393554688e-03
5.516767501831054688e-03
5.532264709472656250e-03
5.522489547729492188e-03
5.576610565185546875e-03
5.534887313842773438e-03
5.568504333496093750e-03
5.532503128051757812e-03
5.505323410034179688e-03
7.309436798095703125e-03
7.766008377075195312e-03
6.923437118530273438e-03
1.137495040893554688e-02
1.198625564575195312e-02
1.102328300476074219e-02
9.107351303100585938e-03
7.979869842529296875e-03
8.066177368164062500e-03
5.675315856933593750e-03
5.515813827514648438e-03
5.505800247192382812e-03
5.573511123657226562e-03
5.485773086547851562e-03
5.526542663574218750e-03
5.517959594726562500e-03
5.526781082153320312e-03
5.544900894165039062e-03
5.534410476684570312e-03
7.079124450683593750e-03
7.546186447143554688e-03
7.439136505126953125e-03
6.770133972167968750e-03
7.117986679077148438e-03
7.458686828613281250e-03
6.745100021362304688e-03
7.195472717285156250e-03
8.609294891357421875e-03
1.529860496520996094e-02
1.249885559082031250e-02
8.710384368896484375e-03
8.623361587524414062e-03
8.635282516479492188e-03
6.483554840087890625e-03
6.320238113403320312e-03
6.282567977905273438e-03
6.280660629272460938e-03
6.274700164794921875e-03
6.072998046875000000e-03
6.078004837036132812e-03
6.132841110229492188e-03
6.071329116821289062e-03
6.071567535400390625e-03
6.026744842529296875e-03
5.817174911499023438e-03
5.787372589111328125e-03
5.599021911621093750e-03
5.600690841674804688e-03
5.595922470092773438e-03
5.474090576171875000e-03
5.445718765258789062e-03
5.508184432983398438e-03
5.524635314941406250e-03
5.532264709472656250e-03
5.559444427490234375e-03
5.547761917114257812e-03
5.517005920410156250e-03
5.560159683227539062e-03
5.564689636230468750e-03
5.757331848144531250e-03
6.762027740478515625e-03
7.867097854614257812e-03
8.098602294921875000e-03
5.777597427368164062e-03
1.086020469665527344e-02
1.143455505371093750e-02
1.140522956848144531e-02
1.148200035095214844e-02
1.159238815307617188e-02
1.145362854003906250e-02
1.136112213134765625e-02
1.144599914550781250e-02
1.143193244934082031e-02
1.142358779907226562e-02
1.126909255981445312e-02
1.148605346679687500e-02
1.149535179138183594e-02
1.077771186828613281e-02
1.142001152038574219e-02
1.138615608215332031e-02
1.152873039245605469e-02
1.139497756958007812e-02
5.433082580566406250e-03
1.931166648864746094e-02
1.269769668579101562e-02
8.577823638916015625e-03
9.460449218750000000e-03
8.519172668457031250e-03
8.492708206176757812e-03
8.607149124145507812e-03
9.352684020996093750e-03
8.474826812744140625e-03
8.427858352661132812e-03
5.806207656860351562e-03
5.647182464599609375e-03
5.679130554199218750e-03
5.577802658081054688e-03
5.675554275512695312e-03
5.641937255859375000e-03
5.649805068969726562e-03
5.661487579345703125e-03
6.531000137329101562e-03
7.760286331176757812e-03
7.735252380371093750e-03
7.747411727905273438e-03
6.494760513305664062e-03
7.078170776367187500e-03
6.533622741699218750e-03
7.127046585083007812e-03
7.802009582519531250e-03
7.604598999023437500e-03
7.682561874389648438e-03
6.522417068481445312e-03
7.133722305297851562e-03
7.593870162963867188e-03
7.617235183715820312e-03
7.827281951904296875e-03
7.836580276489257812e-03
7.644653320312500000e-03
7.432460784912109375e-03
6.732225418090820312e-03
7.091045379638671875e-03
7.426977157592773438e-03
5.730390548706054688e-03
5.845546722412109375e-03
8.105039596557617188e-03
5.831718444824218750e-03
8.059501647949218750e-03
5.809783935546875000e-03
6.589412689208984375e-03
8.148670196533203125e-03
7.920026779174804688e-03
7.899999618530273438e-03
7.902860641479492188e-03
5.904197692871093750e-03
6.482601165771484375e-03
5.624294281005859375e-03
5.471467971801757812e-03
1.541876792907714844e-02
1.103997230529785156e-02
8.790493011474609375e-03
8.842229843139648438e-03
8.725881576538085938e-03
9.035110473632812500e-03
8.368492126464843750e-03
7.995367050170898438e-03
7.928848266601562500e-03
8.117437362670898438e-03
8.095264434814453125e-03
7.961034774780273438e-03
7.910013198852539062e-03
5.901098251342773438e-03
7.844209671020507812e-03
6.799459457397460938e-03
5.796909332275390625e-03
5.730390548706054688e-03
5.589246749877929688e-03
5.532026290893554688e-03
5.562067031860351562e-03
5.497217178344726562e-03
5.563974380493164062e-03
5.492210388183593750e-03
5.536079406738281250e-03
5.537986755371093750e-03
5.402803421020507812e-03
5.548715591430664062e-03
5.528450012207031250e-03
5.511999130249023438e-03
5.522251129150390625e-03
5.490779876708984375e-03
5.517244338989257812e-03
6.202459335327148438e-03
5.525827407836914062e-03
5.475521087646484375e-03
5.568027496337890625e-03
6.239175796508789062e-03
5.834341049194335938e-03
6.503582000732421875e-03
6.037712097167968750e-03
7.145881652832031250e-03
8.059501647949218750e-03
5.668878555297851562e-03
5.757093429565429688e-03
5.813598632812500000e-03
7.961034774780273438e-03
8.102178573608398438e-03
8.205413818359375000e-03
5.640268325805664062e-03
5.520820617675781250e-03
5.523204803466796875e-03
5.493640899658203125e-03
5.550146102905273438e-03
5.531072616577148438e-03
1.745080947875976562e-02
1.277065277099609375e-02
8.636474609375000000e-03
9.529829025268554688e-03
9.421586990356445312e-03
8.130073547363281250e-03
9.044647216796875000e-03
8.446931838989257812e-03
9.044647216796875000e-03
8.581161499023437500e-03
8.223772048950195312e-03
8.106946945190429688e-03
8.055686950683593750e-03
7.926464080810546875e-03
8.001565933227539062e-03
5.897283554077148438e-03
5.586624145507812500e-03
5.555629730224609375e-03
5.527019500732421875e-03
5.782842636108398438e-03
5.869865417480468750e-03
5.604505538940429688e-03
5.550622940063476562e-03
5.565643310546875000e-03
5.542278289794921875e-03
5.528450012207031250e-03
5.527734756469726562e-03
5.529165267944335938e-03
5.531787872314453125e-03
5.507707595825195312e-03
5.546092987060546875e-03
5.554676055908203125e-03
5.523681640625000000e-03
5.535364151000976562e-03
5.577325820922851562e-03
5.525112152099609375e-03
5.554437637329101562e-03
5.542993545532226562e-03
5.548715591430664062e-03
5.539178848266601562e-03
5.510330200195312500e-03
5.529165267944335938e-03
5.539417266845703125e-03
5.517482757568359375e-03
5.546808242797851562e-03
5.504846572875976562e-03
5.525112152099609375e-03
6.856203079223632812e-03
7.104396820068359375e-03
8.339643478393554688e-03
9.344339370727539062e-03
5.559682846069335938e-03
5.542755126953125000e-03
5.542039871215820312e-03
5.354404449462890625e-03
1.893091201782226562e-02
1.493859291076660156e-02
1.093196868896484375e-02
8.803129196166992188e-03
8.747577667236328125e-03
8.951902389526367188e-03
8.637905120849609375e-03
8.067607879638671875e-03
8.001804351806640625e-03
8.017301559448242188e-03
8.152246475219726562e-03
8.199453353881835938e-03
5.873680114746093750e-03
8.544445037841796875e-03
8.042097091674804688e-03
8.016586303710937500e-03
7.995128631591796875e-03
7.994890213012695312e-03
8.040904998779296875e-03
8.042812347412109375e-03
8.101463317871093750e-03
8.024454116821289062e-03
8.038043975830078125e-03
5.907773971557617188e-03
8.111000061035156250e-03
7.115602493286132812e-03
7.652521133422851562e-03
7.876157760620117188e-03
7.882118225097656250e-03
7.834672927856445312e-03
7.841587066650390625e-03
7.677078247070312500e-03
6.737947463989257812e-03
7.544517517089843750e-03
7.776260375976562500e-03
7.467031478881835938e-03
6.844282150268554688e-03
6.724596023559570312e-03
8.156061172485351562e-03
7.754802703857421875e-03
7.766485214233398438e-03
7.467508316040039062e-03
6.822586059570312500e-03
7.324934005737304688e-03
7.487297058105468750e-03
6.741523742675781250e-03
7.369041442871093750e-03
7.483959197998046875e-03
6.809711456298828125e-03
7.081985473632812500e-03
6.728649139404296875e-03
7.033109664916992188e-03
6.704568862915039062e-03
5.546808242797851562e-03
5.733728408813476562e-03
1.457333564758300781e-02
1.104760169982910156e-02
8.831977844238281250e-03
8.627653121948242188e-03
8.776903152465820312e-03
8.712053298950195312e-03
8.639097213745117188e-03
8.819341659545898438e-03
8.175134658813476562e-03
8.145809173583984375e-03
8.061885833740234375e-03
8.136510848999023438e-03
8.082151412963867188e-03
8.068799972534179688e-03
8.041620254516601562e-03
8.085966110229492188e-03
8.006811141967773438e-03
8.056163787841796875e-03
8.031845092773437500e-03
8.531332015991210938e-03
7.758140563964843750e-03
7.539749145507812500e-03
6.518363952636718750e-03
7.103681564331054688e-03
7.546901702880859375e-03
7.634162902832031250e-03
7.600545883178710938e-03
7.592916488647460938e-03
7.469177246093750000e-03
6.747961044311523438e-03
8.091211318969726562e-03
8.075952529907226562e-03
8.033514022827148438e-03
7.899522781372070312e-03
5.880355834960937500e-03
8.500814437866210938e-03
7.998466491699218750e-03
5.862712860107421875e-03
8.638143539428710938e-03
7.856369018554687500e-03
7.840871810913085938e-03
8.254528045654296875e-03
9.972572326660156250e-03
5.744934082031250000e-03
8.570671081542968750e-03
8.460044860839843750e-03
7.668495178222656250e-03
7.627725601196289062e-03
7.822275161743164062e-03
7.545471191406250000e-03
7.687568664550781250e-03
6.700038909912109375e-03
7.028818130493164062e-03
6.689071655273437500e-03
5.261421203613281250e-03
1.902627944946289062e-02
1.241874694824218750e-02
8.894920349121093750e-03
8.996009826660156250e-03
9.222984313964843750e-03
8.517265319824218750e-03
8.266210556030273438e-03
8.571863174438476562e-03
6.120204925537109375e-03
5.901575088500976562e-03
5.845546722412109375e-03
5.889892578125000000e-03
5.890130996704101562e-03
5.595684051513671875e-03
5.579710006713867188e-03
5.558967590332031250e-03
5.619287490844726562e-03
5.570650100708007812e-03
5.534410476684570312e-03
5.415916442871093750e-03
5.535125732421875000e-03
6.763458251953125000e-03
7.130146026611328125e-03
7.560491561889648438e-03
7.461786270141601562e-03
6.728172302246093750e-03
7.271528244018554688e-03
5.738258361816406250e-03
5.562543869018554688e-03
5.532741546630859375e-03
5.511522293090820312e-03
5.562782287597656250e-03
5.545854568481445312e-03
5.552291870117187500e-03
5.561590194702148438e-03
8.417129516601562500e-03
7.952451705932617188e-03
7.992982864379882812e-03
8.031129837036132812e-03
7.981538772583007812e-03
8.254051208496093750e-03
5.654811859130859375e-03
5.537033081054687500e-03
5.594730377197265625e-03
5.564212799072265625e-03
5.436420440673828125e-03
5.441427230834960938e-03
5.584955215454101562e-03
5.552053451538085938e-03
5.568742752075195312e-03
5.567073822021484375e-03
5.583047866821289062e-03
5.590200424194335938e-03
7.701635360717773438e-03
5.349874496459960938e-03
1.899266242980957031e-02
1.226401329040527344e-02
8.464574813842773438e-03
9.066104888916015625e-03
6.312608718872070312e-03
6.335020065307617188e-03
6.323814392089843750e-03
6.329298019409179688e-03
6.320714950561523438e-03
8.578777313232421875e-03
8.269071578979492188e-03
8.138656616210937500e-03
8.230209350585937500e-03
8.049249649047851562e-03
8.149385452270507812e-03
8.366346359252929688e-03
5.769968032836914062e-03
5.426883697509765625e-03
5.474328994750976562e-03
5.574464797973632812e-03
5.517244338989257812e-03
5.561351776123046875e-03
5.520343780517578125e-03
5.543231964111328125e-03
5.550384521484375000e-03
5.559682846069335938e-03
5.520343780517578125e-03
7.949590682983398438e-03
8.380651473999023438e-03
7.817745208740234375e-03
7.977962493896484375e-03
8.059978485107421875e-03
7.985591888427734375e-03
7.532596588134765625e-03
6.384849548339843750e-03
6.424188613891601562e-03
5.780458450317382812e-03
6.482601165771484375e-03
6.338357925415039062e-03
5.860805511474609375e-03
6.844997406005859375e-03
7.169723510742187500e-03
7.837057113647460938e-03
7.808446884155273438e-03
7.499456405639648438e-03
6.776571273803710938e-03
7.151842117309570312e-03
8.459568023681640625e-03
7.975816726684570312e-03
8.182764053344726562e-03
7.892131805419921875e-03
7.943868637084960938e-03
7.956743240356445312e-03
6.111145019531250000e-03
5.533695220947265625e-03
1.716685295104980469e-02
1.282548904418945312e-02
8.554220199584960938e-03
9.436368942260742188e-03
8.418560028076171875e-03
8.512973785400390625e-03
8.531332015991210938e-03
6.286859512329101562e-03
6.285905838012695312e-03
5.494594573974609375e-03
5.736351013183593750e-03
5.666971206665039062e-03
5.625486373901367188e-03
5.613803863525390625e-03
5.937099456787109375e-03
1.004362106323242188e-02
9.706974029541015625e-03
1.018404960632324219e-02
7.804393768310546875e-03
7.591247558593750000e-03
7.862091064453125000e-03
7.066488265991210938e-03
6.783008575439453125e-03
7.178306579589843750e-03
7.680892944335937500e-03
7.511615753173828125e-03
7.380008697509765625e-03
7.655143737792968750e-03
7.523536682128906250e-03
7.158994674682617188e-03
7.737398147583007812e-03
7.711648941040039062e-03
6.671428680419921875e-03
6.539106369018554688e-03
7.203578948974609375e-03
7.574796676635742188e-03
7.809638977050781250e-03
7.803916931152343750e-03
7.656812667846679688e-03
8.473873138427734375e-03
7.512569427490234375e-03
5.609750747680664062e-03
5.580425262451171875e-03
5.767107009887695312e-03
5.836725234985351562e-03
5.603313446044921875e-03
5.653858184814453125e-03
5.541801452636718750e-03
5.545377731323242188e-03
5.584239959716796875e-03
5.563020706176757812e-03
5.589962005615234375e-03
5.544662475585937500e-03
5.538702011108398438e-03
5.324363708496093750e-03
1.660585403442382812e-02
1.113057136535644531e-02
8.812189102172851562e-03
8.639812469482421875e-03
8.652687072753906250e-03
9.353876113891601562e-03
8.647441864013671875e-03
8.392810821533203125e-03
8.229255676269531250e-03
6.064414978027343750e-03
8.118867874145507812e-03
7.989883422851562500e-03
8.215427398681640625e-03
5.942106246948242188e-03
7.994174957275390625e-03
8.056879043579101562e-03
7.946968078613281250e-03
7.953166961669921875e-03
7.867813110351562500e-03
8.102893829345703125e-03
6.704568862915039062e-03
8.104324340820312500e-03
5.958080291748046875e-03
6.455183029174804688e-03
8.054733276367187500e-03
7.931232452392578125e-03
8.187055587768554688e-03
8.178949356079101562e-03
8.540630340576171875e-03
7.922649383544921875e-03
7.577896118164062500e-03
7.532358169555664062e-03
6.764888763427734375e-03
7.364273071289062500e-03
7.803201675415039062e-03
7.577419281005859375e-03
7.581710815429687500e-03
7.802724838256835938e-03
7.825374603271484375e-03
7.656574249267578125e-03
9.956598281860351562e-03
8.155584335327148438e-03
5.922317504882812500e-03
7.901430130004882812e-03
8.438587188720703125e-03
7.767915725708007812e-03
6.455183029174804688e-03
6.422519683837890625e-03
6.541490554809570312e-03
7.149934768676757812e-03
9.375095367431640625e-03
6.619215011596679688e-03
7.246255874633789062e-03
9.424209594726562500e-03
6.313323974609375000e-03
1.934146881103515625e-02
1.278495788574218750e-02
8.735895156860351562e-03
9.544610977172851562e-03
8.458852767944335938e-03
8.553266525268554688e-03
8.454799652099609375e-03
5.656003952026367188e-03
5.675077438354492188e-03
5.656957626342773438e-03
5.603551864624023438e-03
5.664587020874023438e-03
8.143424987792968750e-03
7.894754409790039062e-03
8.008956909179687500e-03
8.210182189941406250e-03
8.289575576782226562e-03
8.136510848999023438e-03
8.005619049072265625e-03
8.092403411865234375e-03
7.918596267700195312e-03
8.023738861083984375e-03
6.458997726440429688e-03
5.633831024169921875e-03
5.681753158569335938e-03
6.849765777587890625e-03
7.223367691040039062e-03
7.658004760742187500e-03
7.714986801147460938e-03
6.750106811523437500e-03
7.194280624389648438e-03
7.307291030883789062e-03
6.741523742675781250e-03
7.359743118286132812e-03
7.700204849243164062e-03
7.703781127929687500e-03
6.757974624633789062e-03
7.386445999145507812e-03
7.545232772827148438e-03
6.443738937377929688e-03
6.782531738281250000e-03
7.073879241943359375e-03
6.745815277099609375e-03
7.852792739868164062e-03
8.011817932128906250e-03
7.873296737670898438e-03
7.878303527832031250e-03
8.052825927734375000e-03
8.050203323364257812e-03
7.940053939819335938e-03
7.916212081909179688e-03
7.905721664428710938e-03
8.107423782348632812e-03
8.219480514526367188e-03
7.524967193603515625e-03
1.539063453674316406e-02
1.789188385009765625e-02
1.118469238281250000e-02
8.618593215942382812e-03
8.550643920898437500e-03
8.544445037841796875e-03
6.312131881713867188e-03
5.666971206665039062e-03
5.643606185913085938e-03
5.595922470092773438e-03
5.638360977172851562e-03
5.632162094116210938e-03
5.535125732421875000e-03
5.573511123657226562e-03
5.567073822021484375e-03
5.608320236206054688e-03
5.588293075561523438e-03
5.575895309448242188e-03
5.561828613281250000e-03
5.466222763061523438e-03
5.429029464721679688e-03
5.548000335693359375e-03
5.602598190307617188e-03
5.529642105102539062e-03
9.613513946533203125e-03
7.828712463378906250e-03
7.610321044921875000e-03
7.807493209838867188e-03
7.839679718017578125e-03
7.845163345336914062e-03
6.897449493408203125e-03
7.088899612426757812e-03
6.491184234619140625e-03
7.087469100952148438e-03
6.438732147216796875e-03
6.421327590942382812e-03
6.442308425903320312e-03
6.746292114257812500e-03
7.146835327148437500e-03
7.670402526855468750e-03
7.655382156372070312e-03
7.509231567382812500e-03
6.794452667236328125e-03
7.076263427734375000e-03
7.954835891723632812e-03
7.936239242553710938e-03
5.916118621826171875e-03
8.698225021362304688e-03
7.880210876464843750e-03
7.895231246948242188e-03
7.867336273193359375e-03
7.882118225097656250e-03
5.784034729003906250e-03
5.514860153198242188e-03
5.323171615600585938e-03
1.941514015197753906e-02
1.274585723876953125e-02
8.471488952636718750e-03
9.008884429931640625e-03
9.649515151977539062e-03
6.058454513549804688e-03
6.081342697143554688e-03
6.092309951782226562e-03
6.062507629394531250e-03
6.065607070922851562e-03
6.059169769287109375e-03
5.585908889770507812e-03
5.640506744384765625e-03
5.605220794677734375e-03
5.519151687622070312e-03
5.611896514892578125e-03
5.594730377197265625e-03
5.557775497436523438e-03
5.595207214355468750e-03
5.555629730224609375e-03
5.578994750976562500e-03
5.578994750976562500e-03
5.573749542236328125e-03
5.554199218750000000e-03
5.572795867919921875e-03
5.553722381591796875e-03
5.575180053710937500e-03
5.587339401245117188e-03
5.517244338989257812e-03
5.540370941162109375e-03
5.533933639526367188e-03
5.532264709472656250e-03
5.541086196899414062e-03
5.528688430786132812e-03
5.705118179321289062e-03
5.641460418701171875e-03
5.429029464721679688e-03
5.488395690917968750e-03
5.589723587036132812e-03
5.551338195800781250e-03
5.585193634033203125e-03
5.579471588134765625e-03
5.567312240600585938e-03
8.256435394287109375e-03
8.063316345214843750e-03
8.099555969238281250e-03
7.997035980224609375e-03
5.866527557373046875e-03
7.986783981323242188e-03
8.017063140869140625e-03
7.787942886352539062e-03
7.997512817382812500e-03
5.900621414184570312e-03
5.548000335693359375e-03
7.192134857177734375e-03
1.683163642883300781e-02
1.267838478088378906e-02
9.031295776367187500e-03
8.751869201660156250e-03
9.022951126098632812e-03
8.964538574218750000e-03
8.335113525390625000e-03
8.170604705810546875e-03
8.171796798706054688e-03
8.216142654418945312e-03
1.395368576049804688e-02
7.122278213500976562e-03
7.657289505004882812e-03
7.360458374023437500e-03
7.678747177124023438e-03
7.661342620849609375e-03
7.571935653686523438e-03
5.583763122558593750e-03
5.536317825317382812e-03
5.528688430786132812e-03
5.563974380493164062e-03
5.560874938964843750e-03
5.603075027465820312e-03
5.559444427490234375e-03
5.518198013305664062e-03
5.557298660278320312e-03
5.544424057006835938e-03
5.540847778320312500e-03
5.539417266845703125e-03
5.423069000244140625e-03
5.517005920410156250e-03
5.570411682128906250e-03
5.625247955322265625e-03
5.588293075561523438e-03
5.498886108398437500e-03
5.532741546630859375e-03
5.521774291992187500e-03
5.679607391357421875e-03
5.670070648193359375e-03
5.587816238403320312e-03
5.671262741088867188e-03
5.527019500732421875e-03
5.562067031860351562e-03
5.546092987060546875e-03
5.563259124755859375e-03
7.022142410278320312e-03
7.819414138793945312e-03
8.230447769165039062e-03
8.261919021606445312e-03
8.296251296997070312e-03
8.318185806274414062e-03
8.292675018310546875e-03
6.933689117431640625e-03
5.698919296264648438e-03
6.158351898193359375e-03
1.621890068054199219e-02
1.467847824096679688e-02
6.329774856567382812e-03
6.067514419555664062e-03
6.051778793334960938e-03
6.034851074218750000e-03
5.938053131103515625e-03
6.031990051269531250e-03
6.025791168212890625e-03
7.379770278930664062e-03
5.583763122558593750e-03
5.568027496337890625e-03
5.578517913818359375e-03
5.570888519287109375e-03
5.571365356445312500e-03
5.942821502685546875e-03
7.206439971923828125e-03
8.073568344116210938e-03
7.929563522338867188e-03
8.067369461059570312e-03
7.969379425048828125e-03
5.857467651367187500e-03
5.713939666748046875e-03
5.542993545532226562e-03
5.557775497436523438e-03
5.548000335693359375e-03
5.547046661376953125e-03
5.537033081054687500e-03
5.466461181640625000e-03
5.536079406738281250e-03
5.555868148803710938e-03
5.544185638427734375e-03
5.541324615478515625e-03
6.572723388671875000e-03
7.823467254638671875e-03
7.400512695312500000e-03
7.587671279907226562e-03
7.417917251586914062e-03
7.604837417602539062e-03
7.605314254760742188e-03
7.304906845092773438e-03
6.463527679443359375e-03
6.506919860839843750e-03
7.164716720581054688e-03
7.580280303955078125e-03
7.158994674682617188e-03
2.010345458984375000e-02
1.025104522705078125e-02
8.115768432617187500e-03
5.946636199951171875e-03
8.110523223876953125e-03
7.985353469848632812e-03
7.943391799926757812e-03
1.035642623901367188e-02
7.433176040649414062e-03
1.899719238281250000e-02
1.538872718811035156e-02
1.086926460266113281e-02
1.329731941223144531e-02
8.552074432373046875e-03
8.451461791992187500e-03
8.482217788696289062e-03
8.464574813842773438e-03
8.491277694702148438e-03
8.142232894897460938e-03
8.241891860961914062e-03
6.106853485107421875e-03
8.151769638061523438e-03
8.005380630493164062e-03
8.063316345214843750e-03
8.172750473022460938e-03
7.982254028320312500e-03
7.967472076416015625e-03
7.856845855712890625e-03
8.149385452270507812e-03
8.161544799804687500e-03
9.652376174926757812e-03
8.806228637695312500e-03
6.936788558959960938e-03
8.062839508056640625e-03
5.886554718017578125e-03
8.026123046875000000e-03
7.836341857910156250e-03
5.918025970458984375e-03
8.030176162719726562e-03
7.980823516845703125e-03
7.960081100463867188e-03
7.915258407592773438e-03
8.070707321166992188e-03
8.178710937500000000e-03
8.077621459960937500e-03
8.022546768188476562e-03
5.851507186889648438e-03
7.909059524536132812e-03
5.788564682006835938e-03
8.731365203857421875e-03
8.173227310180664062e-03
8.762598037719726562e-03
8.152484893798828125e-03
5.649805068969726562e-03
5.546331405639648438e-03
5.542516708374023438e-03
5.551576614379882812e-03
5.577564239501953125e-03
5.617141723632812500e-03
5.683422088623046875e-03
5.583524703979492188e-03
5.591154098510742188e-03
8.011341094970703125e-03
5.300760269165039062e-03
1.675248146057128906e-02
1.112961769104003906e-02
8.867979049682617188e-03
8.897066116333007812e-03
8.649826049804687500e-03
8.455991744995117188e-03
8.473396301269531250e-03
8.423328399658203125e-03
8.409023284912109375e-03
8.400678634643554688e-03
7.904052734375000000e-03
5.948066711425781250e-03
8.419752120971679688e-03
7.881879806518554688e-03
8.017301559448242188e-03
8.058071136474609375e-03
8.165836334228515625e-03
8.139371871948242188e-03
8.140563964843750000e-03
8.151292800903320312e-03
7.946491241455078125e-03
8.067607879638671875e-03
8.154153823852539062e-03
8.135795593261718750e-03
8.141994476318359375e-03
5.615472793579101562e-03
5.561828613281250000e-03
5.587100982666015625e-03
5.558013916015625000e-03
5.638122558593750000e-03
5.567789077758789062e-03
5.555152893066406250e-03
5.529403686523437500e-03
5.420684814453125000e-03
5.558967590332031250e-03
5.550384521484375000e-03
5.564451217651367188e-03
5.521774291992187500e-03
5.546569824218750000e-03
5.497455596923828125e-03
5.535125732421875000e-03
5.431890487670898438e-03
5.540847778320312500e-03
5.521059036254882812e-03
5.580902099609375000e-03
5.535125732421875000e-03
5.609989166259765625e-03
5.512237548828125000e-03
5.544185638427734375e-03
8.023262023925781250e-03
7.804632186889648438e-03
8.031368255615234375e-03
8.098602294921875000e-03
7.896423339843750000e-03
5.342483520507812500e-03
1.904296875000000000e-02
1.533961296081542969e-02
8.630037307739257812e-03
6.349802017211914062e-03
6.037712097167968750e-03
6.028890609741210938e-03
6.039857864379882812e-03
6.051540374755859375e-03
6.031990051269531250e-03
5.659580230712890625e-03
5.631446838378906250e-03
5.630493164062500000e-03
6.028175354003906250e-03
5.614042282104492188e-03
5.547523498535156250e-03
6.589412689208984375e-03
8.013725280761718750e-03
7.955551147460937500e-03
6.600856781005859375e-03
8.707284927368164062e-03
9.029388427734375000e-03
8.019685745239257812e-03
8.075714111328125000e-03
8.006811141967773438e-03
7.982015609741210938e-03
7.895946502685546875e-03
7.814168930053710938e-03
8.018255233764648438e-03
7.990121841430664062e-03
6.225109100341796875e-03
8.383035659790039062e-03
7.936239242553710938e-03
8.126258850097656250e-03
8.091211318969726562e-03
5.825996398925781250e-03
8.083820343017578125e-03
5.893468856811523438e-03
8.079528808593750000e-03
5.835771560668945312e-03
8.102655410766601562e-03
8.010387420654296875e-03
7.970571517944335938e-03
5.948066711425781250e-03
8.090019226074218750e-03
7.887601852416992188e-03
7.869243621826171875e-03
7.879972457885742188e-03
7.856369018554687500e-03
7.871627807617187500e-03
7.880210876464843750e-03
7.946252822875976562e-03
7.932662963867187500e-03
5.939960479736328125e-03
7.267713546752929688e-03
5.320787429809570312e-03
1.938295364379882812e-02
1.266002655029296875e-02
8.535385131835937500e-03
8.578300476074218750e-03
8.718490600585937500e-03
6.165981292724609375e-03
6.079435348510742188e-03
6.062746047973632812e-03
6.096601486206054688e-03
6.021022796630859375e-03
5.720376968383789062e-03
5.694389343261718750e-03
5.724430084228515625e-03
5.617618560791015625e-03
5.671977996826171875e-03
5.693674087524414062e-03
5.522727966308593750e-03
5.517244338989257812e-03
5.504131317138671875e-03
5.522489547729492188e-03
5.570888519287109375e-03
5.402803421020507812e-03
5.507469177246093750e-03
5.561351776123046875e-03
5.545377731323242188e-03
5.518436431884765625e-03
5.541324615478515625e-03
5.511045455932617188e-03
5.513429641723632812e-03
5.518436431884765625e-03
5.495309829711914062e-03
5.521059036254882812e-03
5.521535873413085938e-03
5.555868148803710938e-03
5.780458450317382812e-03
5.641222000122070312e-03
5.536079406738281250e-03
5.549669265747070312e-03
6.316900253295898438e-03
5.786895751953125000e-03
5.617618560791015625e-03
5.505800247192382812e-03
5.597829818725585938e-03
5.600214004516601562e-03
5.677223205566406250e-03
7.990837097167968750e-03
8.449792861938476562e-03
7.877111434936523438e-03
5.629777908325195312e-03
5.491018295288085938e-03
5.526781082153320312e-03
5.514621734619140625e-03
5.542039871215820312e-03
5.547761917114257812e-03
5.272150039672851562e-03
1.952576637268066406e-02
1.687741279602050781e-02
8.576631546020507812e-03
9.081602096557617188e-03
8.596658706665039062e-03
9.663820266723632812e-03
9.344339370727539062e-03
9.643316268920898438e-03
8.000850677490234375e-03
8.851051330566406250e-03
5.745649337768554688e-03
5.623817443847656250e-03
5.518674850463867188e-03
5.592346191406250000e-03
5.630254745483398438e-03
5.586147308349609375e-03
5.625963211059570312e-03
5.637645721435546875e-03
5.569696426391601562e-03
5.585908889770507812e-03
5.524396896362304688e-03
5.508899688720703125e-03
5.506753921508789062e-03
5.563735961914062500e-03
5.544662475585937500e-03
5.570888519287109375e-03
5.553245544433593750e-03
5.556583404541015625e-03
5.568981170654296875e-03
5.567789077758789062e-03
5.527257919311523438e-03
5.540847778320312500e-03
5.544424057006835938e-03
5.539655685424804688e-03
5.554676055908203125e-03
5.562782287597656250e-03
5.545377731323242188e-03
5.550861358642578125e-03
5.557775497436523438e-03
5.750894546508789062e-03
5.613803863525390625e-03
5.565643310546875000e-03
5.538463592529296875e-03
5.711317062377929688e-03
5.735158920288085938e-03
5.752563476562500000e-03
5.600214004516601562e-03
5.644083023071289062e-03
7.133245468139648438e-03
7.816791534423828125e-03
7.802724838256835938e-03
7.639646530151367188e-03
7.528543472290039062e-03
6.917715072631835938e-03
5.359172821044921875e-03
1.720142364501953125e-02
8.925199508666992188e-03
8.908748626708984375e-03
8.739233016967773438e-03
8.741617202758789062e-03
8.029222488403320312e-03
7.978677749633789062e-03
8.173227310180664062e-03
6.047487258911132812e-03
8.121252059936523438e-03
8.071899414062500000e-03
5.980253219604492188e-03
7.989168167114257812e-03
8.645057678222656250e-03
7.980823516845703125e-03
1.196980476379394531e-02
1.076960563659667969e-02
1.093125343322753906e-02
1.051926612854003906e-02
1.072502136230468750e-02
1.090288162231445312e-02
1.086735725402832031e-02
1.090168952941894531e-02
1.091098785400390625e-02
1.091313362121582031e-02
1.092386245727539062e-02
1.093316078186035156e-02
1.094269752502441406e-02
1.092600822448730469e-02
1.089620590209960938e-02
1.082086563110351562e-02
1.092648506164550781e-02
1.091957092285156250e-02
1.089715957641601562e-02
1.089835166931152344e-02
1.086640357971191406e-02
1.090836524963378906e-02
1.089763641357421875e-02
1.092004776000976562e-02
1.076483726501464844e-02
1.092243194580078125e-02
1.087236404418945312e-02
1.090884208679199219e-02
1.089644432067871094e-02
1.088881492614746094e-02
8.241891860961914062e-03
8.175373077392578125e-03
7.977247238159179688e-03
8.017539978027343750e-03
8.047580718994140625e-03
7.998228073120117188e-03
7.817506790161132812e-03
8.040904998779296875e-03
7.792949676513671875e-03
5.401611328125000000e-03
1.896953582763671875e-02
1.286458969116210938e-02
9.878635406494140625e-03
8.691072463989257812e-03
8.650064468383789062e-03
9.433269500732421875e-03
9.533166885375976562e-03
8.058786392211914062e-03
8.099794387817382812e-03
8.000850677490234375e-03
8.077383041381835938e-03
8.245706558227539062e-03
8.134841918945312500e-03
7.968425750732421875e-03
5.943775177001953125e-03
5.632400512695312500e-03
5.534648895263671875e-03
5.570650100708007812e-03
5.676269531250000000e-03
5.781888961791992188e-03
5.632400512695312500e-03
5.565404891967773438e-03
5.612611770629882812e-03
5.592823028564453125e-03
5.559444427490234375e-03
5.667448043823242188e-03
6.712675094604492188e-03
7.891893386840820312e-03
7.234334945678710938e-03
7.868528366088867188e-03
7.905960083007812500e-03
7.885217666625976562e-03
7.752180099487304688e-03
7.500648498535156250e-03
7.173061370849609375e-03
7.629632949829101562e-03
7.589578628540039062e-03
7.884740829467773438e-03
7.885217666625976562e-03
8.049964904785156250e-03
7.967233657836914062e-03
7.858991622924804688e-03
7.875442504882812500e-03
7.877826690673828125e-03
5.878210067749023438e-03
8.090257644653320312e-03
7.960319519042968750e-03
7.943630218505859375e-03
5.932331085205078125e-03
8.172512054443359375e-03
5.729198455810546875e-03
5.630016326904296875e-03
5.515336990356445312e-03
5.567550659179687500e-03
7.395267486572265625e-03
1.909089088439941406e-02
1.079535484313964844e-02
9.217023849487304688e-03
8.782386779785156250e-03
9.322881698608398438e-03
9.020328521728515625e-03
8.970499038696289062e-03
8.312940597534179688e-03
8.177042007446289062e-03
8.054018020629882812e-03
8.126974105834960938e-03
8.050203323364257812e-03
7.914543151855468750e-03
7.953643798828125000e-03
7.892847061157226562e-03
7.903814315795898438e-03
7.891416549682617188e-03
7.907152175903320312e-03
7.889747619628906250e-03
7.869720458984375000e-03
7.991552352905273438e-03
7.879972457885742188e-03
5.918502807617187500e-03
8.106946945190429688e-03
5.936622619628906250e-03
8.361339569091796875e-03
7.517337799072265625e-03
7.403135299682617188e-03
7.892608642578125000e-03
8.285045623779296875e-03
7.728576660156250000e-03
6.958484649658203125e-03
7.379293441772460938e-03
7.878780364990234375e-03
8.062839508056640625e-03
7.858753204345703125e-03
8.105039596557617188e-03
7.795333862304687500e-03
7.862567901611328125e-03
7.917642593383789062e-03
7.888078689575195312e-03
8.011102676391601562e-03
7.930278778076171875e-03
7.864713668823242188e-03
5.761146545410156250e-03
7.938385009765625000e-03
8.009433746337890625e-03
5.782604217529296875e-03
5.544424057006835938e-03
5.475997924804687500e-03
5.510807037353515625e-03
5.567550659179687500e-03
5.460262298583984375e-03
5.633831024169921875e-03
5.823373794555664062e-03
1.840615272521972656e-02
1.525115966796875000e-02
1.221823692321777344e-02
9.342908859252929688e-03
9.015321731567382812e-03
9.027242660522460938e-03
8.870840072631835938e-03
8.918046951293945312e-03
8.834362030029296875e-03
8.294105529785156250e-03
7.958889007568359375e-03
8.032083511352539062e-03
8.098840713500976562e-03
8.148670196533203125e-03
8.089542388916015625e-03
8.492708206176757812e-03
7.931947708129882812e-03
8.022069931030273438e-03
7.880687713623046875e-03
7.870674133300781250e-03
7.878541946411132812e-03
8.000612258911132812e-03
7.878541946411132812e-03
7.890224456787109375e-03
7.870197296142578125e-03
7.844924926757812500e-03
7.849454879760742188e-03
7.843732833862304688e-03
7.891654968261718750e-03
6.088256835937500000e-03
7.196426391601562500e-03
7.634639739990234375e-03
7.844209671020507812e-03
7.821798324584960938e-03
7.831335067749023438e-03
8.239269256591796875e-03
8.376121520996093750e-03
8.356571197509765625e-03
8.315324783325195312e-03
8.008480072021484375e-03
5.594730377197265625e-03
5.509138107299804688e-03
5.518198013305664062e-03
5.503654479980468750e-03
5.519390106201171875e-03
5.528926849365234375e-03
5.498409271240234375e-03
5.478858947753906250e-03
5.518436431884765625e-03
5.549192428588867188e-03
5.475282669067382812e-03
5.480289459228515625e-03
5.522251129150390625e-03
5.545377731323242188e-03
5.903482437133789062e-03
1.464152336120605469e-02
1.124978065490722656e-02
8.897542953491210938e-03
8.874893188476562500e-03
8.789777755737304688e-03
6.157875061035156250e-03
6.006956100463867188e-03
6.067514419555664062e-03
6.038188934326171875e-03
6.064891815185546875e-03
6.061553955078125000e-03
6.031751632690429688e-03
5.815505981445312500e-03
7.077217102050781250e-03
8.519649505615234375e-03
7.925033569335937500e-03
7.911920547485351562e-03
8.141756057739257812e-03
8.185863494873046875e-03
8.157253265380859375e-03
7.962703704833984375e-03
6.500959396362304688e-03
5.562543869018554688e-03
5.501031875610351562e-03
5.528926849365234375e-03
5.507469177246093750e-03
5.491971969604492188e-03
5.488157272338867188e-03
5.503654479980468750e-03
5.525588989257812500e-03
5.484580993652343750e-03
5.523920059204101562e-03
5.528450012207031250e-03
5.491971969604492188e-03
5.497694015502929688e-03
5.800724029541015625e-03
7.450580596923828125e-03
8.095264434814453125e-03
7.942914962768554688e-03
7.961034774780273438e-03
7.950782775878906250e-03
8.100748062133789062e-03
8.057355880737304688e-03
8.094072341918945312e-03
5.930423736572265625e-03
5.631446838378906250e-03
5.638122558593750000e-03
5.500793457031250000e-03
5.486965179443359375e-03
5.475282669067382812e-03
5.475282669067382812e-03
5.505084991455078125e-03
5.500793457031250000e-03
5.468130111694335938e-03
6.083488464355468750e-03
1.553392410278320312e-02
9.076595306396484375e-03
8.989810943603515625e-03
8.811235427856445312e-03
9.049892425537109375e-03
8.941411972045898438e-03
8.976936340332031250e-03
8.964776992797851562e-03
8.075952529907226562e-03
8.242845535278320312e-03
8.941173553466796875e-03
5.930900573730468750e-03
7.997989654541015625e-03
8.369207382202148438e-03
7.992506027221679688e-03
8.134365081787109375e-03
6.272792816162109375e-03
7.930517196655273438e-03
7.967472076416015625e-03
7.868289947509765625e-03
7.987976074218750000e-03
7.963657379150390625e-03
5.925893783569335938e-03
8.073806762695312500e-03
7.993698120117187500e-03
8.229970932006835938e-03
7.899522781372070312e-03
7.994174957275390625e-03
7.864713668823242188e-03
7.880687713623046875e-03
7.869720458984375000e-03
7.535934448242187500e-03
5.628585815429687500e-03
5.771875381469726562e-03
5.759000778198242188e-03
5.570173263549804688e-03
5.760431289672851562e-03
5.576133728027343750e-03
5.743265151977539062e-03
5.715608596801757812e-03
6.790399551391601562e-03
5.581140518188476562e-03
5.765914916992187500e-03
5.627870559692382812e-03
5.516052246093750000e-03
5.555868148803710938e-03
5.551576614379882812e-03
5.567073822021484375e-03
5.607366561889648438e-03
5.534648895263671875e-03
5.506992340087890625e-03
5.502939224243164062e-03
5.536079406738281250e-03
5.519390106201171875e-03
6.167650222778320312e-03
1.910018920898437500e-02
1.490616798400878906e-02
1.091480255126953125e-02
8.879184722900390625e-03
9.096145629882812500e-03
8.744239807128906250e-03
9.152412414550781250e-03
8.356571197509765625e-03
8.183479309082031250e-03
8.241653442382812500e-03
8.230447769165039062e-03
8.213281631469726562e-03
7.923126220703125000e-03
7.890462875366210938e-03
7.878541946411132812e-03
8.030414581298828125e-03
5.935430526733398438e-03
8.066654205322265625e-03
8.165597915649414062e-03
7.956266403198242188e-03
7.957935333251953125e-03
7.930278778076171875e-03
7.968187332153320312e-03
7.952213287353515625e-03
8.373498916625976562e-03
7.953405380249023438e-03
7.952690124511718750e-03
7.939100265502929688e-03
7.958650588989257812e-03
7.986783981323242188e-03
5.940675735473632812e-03
7.946491241455078125e-03
7.879257202148437500e-03
7.897138595581054688e-03
7.845640182495117188e-03
7.867813110351562500e-03
7.900714874267578125e-03
7.884502410888671875e-03
7.942914962768554688e-03
7.946014404296875000e-03
7.886886596679687500e-03
7.860422134399414062e-03
7.868766784667968750e-03
7.867097854614257812e-03
5.783796310424804688e-03
8.146762847900390625e-03
6.525754928588867188e-03
7.999897003173828125e-03
7.866621017456054688e-03
5.893468856811523438e-03
8.030414581298828125e-03
7.850646972656250000e-03
7.905721664428710938e-03
1.083731651306152344e-02
5.329132080078125000e-03
1.689839363098144531e-02
1.475310325622558594e-02
1.271748542785644531e-02
8.871316909790039062e-03
8.988618850708007812e-03
8.742332458496093750e-03
8.368730545043945312e-03
8.220434188842773438e-03
8.176565170288085938e-03
8.193969726562500000e-03
8.216857910156250000e-03
8.023977279663085938e-03
7.890224456787109375e-03
7.874250411987304688e-03
7.889032363891601562e-03
7.864952087402343750e-03
7.896661758422851562e-03
7.860660552978515625e-03
7.946014404296875000e-03
8.023262023925781250e-03
1.185655593872070312e-02
1.265430450439453125e-02
1.018476486206054688e-02
8.064985275268554688e-03
7.917165756225585938e-03
8.528232574462890625e-03
8.395671844482421875e-03
8.410930633544921875e-03
5.615472793579101562e-03
5.466461181640625000e-03
5.463600158691406250e-03
5.557298660278320312e-03
6.621122360229492188e-03
8.086204528808593750e-03
8.274793624877929688e-03
7.961273193359375000e-03
7.985830307006835938e-03
7.964849472045898438e-03
7.988452911376953125e-03
7.988214492797851562e-03
7.963657379150390625e-03
7.941722869873046875e-03
7.979393005371093750e-03
7.971286773681640625e-03
7.918834686279296875e-03
7.874965667724609375e-03
7.889032363891601562e-03
7.924795150756835938e-03
7.955551147460937500e-03
5.906820297241210938e-03
7.430791854858398438e-03
8.246898651123046875e-03
5.541086196899414062e-03
5.501985549926757812e-03
5.246877670288085938e-03
1.706242561340332031e-02
1.126050949096679688e-02
9.051799774169921875e-03
8.878707885742187500e-03
9.120702743530273438e-03
8.112907409667968750e-03
8.040189743041992188e-03
8.140563964843750000e-03
7.951498031616210938e-03
8.011579513549804688e-03
8.074045181274414062e-03
5.954504013061523438e-03
8.074045181274414062e-03
5.920171737670898438e-03
6.544113159179687500e-03
7.805347442626953125e-03
7.948637008666992188e-03
7.904291152954101562e-03
7.954597473144531250e-03
7.938861846923828125e-03
7.972240447998046875e-03
7.951498031616210938e-03
7.960796356201171875e-03
7.976531982421875000e-03
7.951259613037109375e-03
8.342027664184570312e-03
7.897615432739257812e-03
5.924463272094726562e-03
8.141994476318359375e-03
7.878065109252929688e-03
5.871057510375976562e-03
6.556272506713867188e-03
8.165359497070312500e-03
7.889986038208007812e-03
7.962226867675781250e-03
7.928371429443359375e-03
7.938146591186523438e-03
5.908250808715820312e-03
7.986307144165039062e-03
8.041381835937500000e-03
7.899761199951171875e-03
7.864713668823242188e-03
7.880210876464843750e-03
7.869243621826171875e-03
7.870674133300781250e-03
8.026361465454101562e-03
5.978822708129882812e-03
7.962465286254882812e-03
8.018016815185546875e-03
7.910013198852539062e-03
7.869482040405273438e-03
7.880210876464843750e-03
8.206844329833984375e-03
7.936000823974609375e-03
7.338047027587890625e-03
1.547384262084960938e-02
1.134133338928222656e-02
9.093284606933593750e-03
9.107112884521484375e-03
9.150505065917968750e-03
8.548259735107421875e-03
8.129596710205078125e-03
8.166551589965820312e-03
8.272647857666015625e-03
8.186817169189453125e-03
8.069038391113281250e-03
7.991790771484375000e-03
7.840156555175781250e-03
5.714178085327148438e-03
8.103132247924804688e-03
6.350755691528320312e-03
7.942438125610351562e-03
8.271694183349609375e-03
7.939338684082031250e-03
7.867574691772460938e-03
7.989406585693359375e-03
8.004426956176757812e-03
7.967233657836914062e-03
7.958650588989257812e-03
7.893562316894531250e-03
7.940292358398437500e-03
7.882118225097656250e-03
7.971048355102539062e-03
7.956981658935546875e-03
7.921218872070312500e-03
1.043868064880371094e-02
1.115489006042480469e-02
1.089978218078613281e-02
1.078677177429199219e-02
1.120090484619140625e-02
1.095795631408691406e-02
1.105237007141113281e-02
1.098990440368652344e-02
1.103734970092773438e-02
7.971525192260742188e-03
5.669116973876953125e-03
5.633115768432617188e-03
5.491256713867187500e-03
5.485296249389648438e-03
5.467891693115234375e-03
5.430459976196289062e-03
5.463600158691406250e-03
5.461931228637695312e-03
5.511760711669921875e-03
5.562305450439453125e-03
5.470514297485351562e-03
5.469560623168945312e-03
5.539178848266601562e-03
5.462408065795898438e-03
5.224704742431640625e-03
1.470685005187988281e-02
1.151204109191894531e-02
9.126663208007812500e-03
9.242296218872070312e-03
9.011030197143554688e-03
8.868217468261718750e-03
8.293867111206054688e-03
8.336305618286132812e-03
8.257865905761718750e-03
8.459091186523437500e-03
9.318113327026367188e-03
8.148670196533203125e-03
8.510589599609375000e-03
7.796287536621093750e-03
1.006293296813964844e-02
8.082389831542968750e-03
8.276700973510742188e-03
7.939100265502929688e-03
7.998943328857421875e-03
6.429195404052734375e-03
5.669355392456054688e-03
5.508184432983398438e-03
5.473852157592773438e-03
5.471229553222656250e-03
5.465030670166015625e-03
5.477905273437500000e-03
5.479812622070312500e-03
5.493640899658203125e-03
5.462408065795898438e-03
5.505561828613281250e-03
5.518913269042968750e-03
5.461931228637695312e-03
5.538702011108398438e-03
5.535840988159179688e-03
5.595684051513671875e-03
5.568504333496093750e-03
5.519390106201171875e-03
5.512475967407226562e-03
5.608558654785156250e-03
7.108211517333984375e-03
7.739782333374023438e-03
7.495164871215820312e-03
9.711265563964843750e-03
8.126020431518554688e-03
7.885456085205078125e-03
8.234262466430664062e-03
8.461475372314453125e-03
8.401393890380859375e-03
8.255481719970703125e-03
7.807731628417968750e-03
7.789850234985351562e-03
7.676362991333007812e-03
7.495641708374023438e-03
7.602214813232421875e-03
8.046388626098632812e-03
1.825046539306640625e-02
1.357650756835937500e-02
8.562088012695312500e-03
8.548974990844726562e-03
8.491754531860351562e-03
6.249666213989257812e-03
5.677461624145507812e-03
5.692720413208007812e-03
5.650520324707031250e-03
5.787372589111328125e-03
5.873203277587890625e-03
5.721092224121093750e-03
5.660533905029296875e-03
5.669116973876953125e-03
6.047010421752929688e-03
5.965471267700195312e-03
7.914304733276367188e-03
1.070475578308105469e-02
1.185560226440429688e-02
1.208376884460449219e-02
1.147222518920898438e-02
1.094222068786621094e-02
8.532524108886718750e-03
7.997035980224609375e-03
8.006811141967773438e-03
8.033990859985351562e-03
8.063077926635742188e-03
8.061647415161132812e-03
8.032321929931640625e-03
5.689620971679687500e-03
8.182525634765625000e-03
7.894515991210937500e-03
8.731842041015625000e-03
8.029699325561523438e-03
7.786035537719726562e-03
7.894515991210937500e-03
8.055686950683593750e-03
7.885217666625976562e-03
7.884979248046875000e-03
5.696296691894531250e-03
9.082794189453125000e-03
7.872104644775390625e-03
7.873058319091796875e-03
7.880926132202148438e-03
7.887601852416992188e-03
5.929231643676757812e-03
5.673646926879882812e-03
5.495309829711914062e-03
5.507469177246093750e-03
5.501270294189453125e-03
5.516290664672851562e-03
5.522727966308593750e-03
5.483150482177734375e-03
6.314754486083984375e-03
5.231618881225585938e-03
1.635217666625976562e-02
9.198904037475585938e-03
9.446859359741210938e-03
9.266614913940429688e-03
8.962154388427734375e-03
9.275197982788085938e-03
8.193969726562500000e-03
8.131265640258789062e-03
8.008956909179687500e-03
7.994651794433593750e-03
7.950067520141601562e-03
7.828712463378906250e-03
5.689620971679687500e-03
7.865667343139648438e-03
8.147001266479492188e-03
5.681276321411132812e-03
5.488872528076171875e-03
5.557298660278320312e-03
5.471706390380859375e-03
5.485534667968750000e-03
5.591154098510742188e-03
5.504131317138671875e-03
7.982730865478515625e-03
8.038282394409179688e-03
8.024692535400390625e-03
5.751848220825195312e-03
7.816553115844726562e-03
8.036851882934570312e-03
7.910728454589843750e-03
7.909536361694335938e-03
7.967233657836914062e-03
5.720376968383789062e-03
5.540370941162109375e-03
5.493402481079101562e-03
5.375385284423828125e-03
5.501031875610351562e-03
5.501031875610351562e-03
5.491256713867187500e-03
5.477428436279296875e-03
5.438566207885742188e-03
5.482196807861328125e-03
5.492925643920898438e-03
5.517959594726562500e-03
5.458593368530273438e-03
5.544662475585937500e-03
8.028030395507812500e-03
9.360790252685546875e-03
6.070852279663085938e-03
6.911754608154296875e-03
8.452653884887695312e-03
7.968425750732421875e-03
5.638360977172851562e-03
5.472898483276367188e-03
5.466699600219726562e-03
5.281209945678710938e-03
1.814746856689453125e-02
1.678895950317382812e-02
1.026868820190429688e-02
8.615970611572265625e-03
8.652687072753906250e-03
6.267547607421875000e-03
6.264925003051757812e-03
6.256103515625000000e-03
5.593538284301757812e-03
5.599975585937500000e-03
5.567073822021484375e-03
5.552768707275390625e-03
5.786418914794921875e-03
5.629301071166992188e-03
7.970809936523437500e-03
7.974386215209960938e-03
7.984638214111328125e-03
7.960796356201171875e-03
7.829427719116210938e-03
8.215665817260742188e-03
8.339881896972656250e-03
8.056402206420898438e-03
7.930755615234375000e-03
8.056163787841796875e-03
8.179426193237304688e-03
8.235454559326171875e-03
8.307933807373046875e-03
8.183240890502929688e-03
7.896661758422851562e-03
8.105039596557617188e-03
5.642414093017578125e-03
5.494832992553710938e-03
5.512475967407226562e-03
6.819963455200195312e-03
6.830930709838867188e-03
7.882118225097656250e-03
7.697105407714843750e-03
6.898164749145507812e-03
6.852626800537109375e-03
7.605552673339843750e-03
8.038759231567382812e-03
7.710933685302734375e-03
7.046461105346679688e-03
6.802558898925781250e-03
7.595062255859375000e-03
7.990837097167968750e-03
7.884740829467773438e-03
7.880210876464843750e-03
7.930040359497070312e-03
7.886171340942382812e-03
7.961034774780273438e-03
7.874727249145507812e-03
7.873773574829101562e-03
9.521484375000000000e-03
6.037712097167968750e-03
1.912951469421386719e-02
1.498031616210937500e-02
1.109337806701660156e-02
9.109497070312500000e-03
9.418487548828125000e-03
9.382009506225585938e-03
9.016036987304687500e-03
9.210348129272460938e-03
8.940935134887695312e-03
7.991552352905273438e-03
7.879495620727539062e-03
7.856845855712890625e-03
8.111715316772460938e-03
8.033990859985351562e-03
7.929325103759765625e-03
7.891654968261718750e-03
7.874965667724609375e-03
7.877349853515625000e-03
7.904529571533203125e-03
7.990598678588867188e-03
7.959127426147460938e-03
8.020877838134765625e-03
7.981061935424804688e-03
7.925748825073242188e-03
8.026838302612304688e-03
6.824254989624023438e-03
7.742166519165039062e-03
8.487462997436523438e-03
8.424043655395507812e-03
8.020162582397460938e-03
5.481481552124023438e-03
5.475044250488281250e-03
5.503654479980468750e-03
5.462884902954101562e-03
5.367517471313476562e-03
5.454063415527343750e-03
5.486011505126953125e-03
5.467176437377929688e-03
5.465745925903320312e-03
5.460500717163085938e-03
5.466461181640625000e-03
5.478143692016601562e-03
5.504369735717773438e-03
5.532741546630859375e-03
7.111787796020507812e-03
7.763624191284179688e-03
8.164167404174804688e-03
8.114099502563476562e-03
8.203029632568359375e-03
8.330345153808593750e-03
8.135557174682617188e-03
8.166551589965820312e-03
7.975578308105468750e-03
1.091480255126953125e-02
5.497455596923828125e-03
1.563668251037597656e-02
1.140475273132324219e-02
9.046792984008789062e-03
8.866786956787109375e-03
9.052038192749023438e-03
8.963108062744140625e-03
8.735418319702148438e-03
8.777141571044921875e-03
8.931636810302734375e-03
8.877515792846679688e-03
7.891654968261718750e-03
8.017539978027343750e-03
7.909536361694335938e-03
7.953643798828125000e-03
7.932424545288085938e-03
7.875204086303710938e-03
7.872343063354492188e-03
8.033275604248046875e-03
7.792949676513671875e-03
7.931709289550781250e-03
7.944345474243164062e-03
7.881879806518554688e-03
7.889270782470703125e-03
7.884025573730468750e-03
7.871150970458984375e-03
7.872581481933593750e-03
7.881164550781250000e-03
7.867336273193359375e-03
7.888555526733398438e-03
7.864475250244140625e-03
7.819890975952148438e-03
8.297681808471679688e-03
8.219957351684570312e-03
8.276700973510742188e-03
8.403301239013671875e-03
8.431911468505859375e-03
8.471250534057617188e-03
8.311510086059570312e-03
7.866382598876953125e-03
7.971763610839843750e-03
5.920410156250000000e-03
5.518674850463867188e-03
5.514383316040039062e-03
5.469560623168945312e-03
5.474567413330078125e-03
5.463838577270507812e-03
5.457639694213867188e-03
5.483627319335937500e-03
5.481958389282226562e-03
5.504846572875976562e-03
5.520582199096679688e-03
5.474567413330078125e-03
5.501985549926757812e-03
5.502700805664062500e-03
5.942821502685546875e-03
1.917052268981933594e-02
1.356315612792968750e-02
6.351709365844726562e-03
6.023883819580078125e-03
6.120204925537109375e-03
8.593797683715820312e-03
8.329391479492187500e-03
8.588790893554687500e-03
8.495569229125976562e-03
8.366584777832031250e-03
8.403062820434570312e-03
8.645057678222656250e-03
8.583307266235351562e-03
8.670091629028320312e-03
8.186101913452148438e-03
7.994651794433593750e-03
7.949829101562500000e-03
7.853984832763671875e-03
7.946968078613281250e-03
7.878541946411132812e-03
7.987022399902343750e-03
7.892847061157226562e-03
5.740404129028320312e-03
5.475997924804687500e-03
5.484342575073242188e-03
5.533218383789062500e-03
5.480051040649414062e-03
5.472660064697265625e-03
5.465984344482421875e-03
5.461692810058593750e-03
5.473136901855468750e-03
5.451679229736328125e-03
6.410598754882812500e-03
7.188558578491210938e-03
8.284330368041992188e-03
