9.375000000000000000e-02
2.343750000000000000e-01
3.359375000000000000e-01
3.046875000000000000e-01
5.078125000000000000e-01
5.390625000000000000e-01
5.781250000000000000e-01
5.703125000000000000e-01
6.015625000000000000e-01
7.500000000000000000e-01
7.500000000000000000e-01
7.812500000000000000e-01
8.125000000000000000e-01
8.359375000000000000e-01
8.906250000000000000e-01
8.593750000000000000e-01
8.593750000000000000e-01
8.828125000000000000e-01
9.296875000000000000e-01
9.062500000000000000e-01
9.062500000000000000e-01
9.296875000000000000e-01
9.531250000000000000e-01
9.296875000000000000e-01
9.609375000000000000e-01
9.453125000000000000e-01
9.218750000000000000e-01
9.375000000000000000e-01
1.328125000000000000e-01
9.375000000000000000e-02
9.375000000000000000e-02
1.093750000000000000e-01
2.068965517241379282e-01
9.218750000000000000e-01
9.453125000000000000e-01
9.453125000000000000e-01
9.453125000000000000e-01
9.531250000000000000e-01
9.765625000000000000e-01
9.531250000000000000e-01
9.687500000000000000e-01
9.609375000000000000e-01
9.531250000000000000e-01
9.687500000000000000e-01
9.218750000000000000e-01
9.375000000000000000e-01
9.609375000000000000e-01
9.140625000000000000e-01
9.531250000000000000e-01
9.687500000000000000e-01
9.921875000000000000e-01
9.531250000000000000e-01
9.609375000000000000e-01
9.687500000000000000e-01
9.765625000000000000e-01
9.687500000000000000e-01
9.687500000000000000e-01
9.531250000000000000e-01
9.453125000000000000e-01
9.843750000000000000e-01
9.609375000000000000e-01
9.687500000000000000e-01
9.609375000000000000e-01
9.765625000000000000e-01
9.687500000000000000e-01
8.793103448275861878e-01
9.843750000000000000e-01
9.531250000000000000e-01
9.687500000000000000e-01
9.609375000000000000e-01
9.531250000000000000e-01
9.609375000000000000e-01
9.687500000000000000e-01
1.000000000000000000e+00
9.843750000000000000e-01
9.609375000000000000e-01
9.453125000000000000e-01
9.765625000000000000e-01
9.765625000000000000e-01
1.000000000000000000e+00
9.531250000000000000e-01
9.687500000000000000e-01
9.687500000000000000e-01
9.765625000000000000e-01
9.921875000000000000e-01
9.765625000000000000e-01
9.843750000000000000e-01
9.843750000000000000e-01
9.531250000000000000e-01
9.843750000000000000e-01
9.843750000000000000e-01
9.609375000000000000e-01
9.531250000000000000e-01
9.765625000000000000e-01
9.765625000000000000e-01
9.687500000000000000e-01
9.921875000000000000e-01
9.843750000000000000e-01
9.655172413793103869e-01
9.921875000000000000e-01
9.609375000000000000e-01
9.843750000000000000e-01
9.687500000000000000e-01
9.531250000000000000e-01
9.765625000000000000e-01
9.687500000000000000e-01
9.765625000000000000e-01
9.843750000000000000e-01
9.921875000000000000e-01
9.843750000000000000e-01
9.609375000000000000e-01
9.765625000000000000e-01
9.765625000000000000e-01
9.921875000000000000e-01
1.000000000000000000e+00
9.843750000000000000e-01
9.843750000000000000e-01
9.765625000000000000e-01
9.843750000000000000e-01
9.921875000000000000e-01
9.843750000000000000e-01
9.921875000000000000e-01
9.921875000000000000e-01
9.687500000000000000e-01
9.843750000000000000e-01
9.843750000000000000e-01
9.921875000000000000e-01
9.921875000000000000e-01
9.921875000000000000e-01
1.000000000000000000e+00
9.921875000000000000e-01
1.000000000000000000e+00
9.921875000000000000e-01
9.921875000000000000e-01
9.765625000000000000e-01
9.843750000000000000e-01
9.921875000000000000e-01
9.765625000000000000e-01
9.687500000000000000e-01
9.921875000000000000e-01
9.843750000000000000e-01
9.765625000000000000e-01
9.921875000000000000e-01
1.000000000000000000e+00
9.687500000000000000e-01
9.921875000000000000e-01
9.843750000000000000e-01
9.843750000000000000e-01
9.921875000000000000e-01
9.921875000000000000e-01
9.843750000000000000e-01
9.921875000000000000e-01
9.921875000000000000e-01
9.843750000000000000e-01
9.765625000000000000e-01
9.687500000000000000e-01
9.843750000000000000e-01
9.843750000000000000e-01
9.921875000000000000e-01
9.921875000000000000e-01
9.843750000000000000e-01
9.843750000000000000e-01
9.765625000000000000e-01
9.843750000000000000e-01
1.000000000000000000e+00
9.921875000000000000e-01
9.687500000000000000e-01
9.921875000000000000e-01
9.921875000000000000e-01
1.000000000000000000e+00
1.000000000000000000e+00
9.843750000000000000e-01
9.921875000000000000e-01
9.921875000000000000e-01
9.687500000000000000e-01
1.000000000000000000e+00
1.000000000000000000e+00
9.843750000000000000e-01
9.921875000000000000e-01
9.843750000000000000e-01
9.843750000000000000e-01
1.000000000000000000e+00
9.765625000000000000e-01
9.843750000000000000e-01
9.765625000000000000e-01
9.843750000000000000e-01
9.765625000000000000e-01
9.921875000000000000e-01
9.921875000000000000e-01
9.921875000000000000e-01
9.843750000000000000e-01
9.843750000000000000e-01
9.921875000000000000e-01
9.843750000000000000e-01
9.921875000000000000e-01
9.921875000000000000e-01
9.921875000000000000e-01
1.000000000000000000e+00
1.000000000000000000e+00
9.843750000000000000e-01
9.687500000000000000e-01
9.843750000000000000e-01
9.843750000000000000e-01
1.000000000000000000e+00
9.921875000000000000e-01
9.921875000000000000e-01
9.687500000000000000e-01
9.843750000000000000e-01
9.765625000000000000e-01
9.921875000000000000e-01
9.687500000000000000e-01
1.000000000000000000e+00
9.765625000000000000e-01
9.843750000000000000e-01
1.000000000000000000e+00
1.000000000000000000e+00
9.843750000000000000e-01
9.843750000000000000e-01
9.921875000000000000e-01
1.000000000000000000e+00
9.843750000000000000e-01
9.843750000000000000e-01
1.000000000000000000e+00
9.921875000000000000e-01
1.000000000000000000e+00
9.921875000000000000e-01
1.000000000000000000e+00
1.000000000000000000e+00
1.000000000000000000e+00
9.843750000000000000e-01
1.000000000000000000e+00
9.921875000000000000e-01
9.921875000000000000e-01
1.000000000000000000e+00
9.765625000000000000e-01
9.921875000000000000e-01
1.000000000000000000e+00
9.921875000000000000e-01
1.000000000000000000e+00
1.000000000000000000e+00
1.000000000000000000e+00
9.921875000000000000e-01
9.921875000000000000e-01
9.765625000000000000e-01
9.765625000000000000e-01
9.765625000000000000e-01
9.843750000000000000e-01
9.921875000000000000e-01
9.531250000000000000e-01
9.921875000000000000e-01
9.609375000000000000e-01
9.921875000000000000e-01
1.000000000000000000e+00
1.000000000000000000e+00
1.000000000000000000e+00
9.843750000000000000e-01
9.921875000000000000e-01
9.921875000000000000e-01
1.000000000000000000e+00
9.843750000000000000e-01
9.843750000000000000e-01
9.843750000000000000e-01
1.000000000000000000e+00
9.827586206896551380e-01
1.000000000000000000e+00
9.843750000000000000e-01
1.000000000000000000e+00
9.843750000000000000e-01
9.765625000000000000e-01
9.921875000000000000e-01
1.000000000000000000e+00
9.843750000000000000e-01
9.921875000000000000e-01
9.921875000000000000e-01
9.843750000000000000e-01
9.687500000000000000e-01
1.000000000000000000e+00
9.843750000000000000e-01
9.921875000000000000e-01
9.921875000000000000e-01
9.921875000000000000e-01
9.921875000000000000e-01
1.000000000000000000e+00
1.000000000000000000e+00
9.843750000000000000e-01
9.921875000000000000e-01
1.000000000000000000e+00
1.000000000000000000e+00
1.000000000000000000e+00
1.000000000000000000e+00
1.000000000000000000e+00
9.843750000000000000e-01
9.921875000000000000e-01
9.765625000000000000e-01
9.921875000000000000e-01
9.921875000000000000e-01
9.827586206896551380e-01
1.000000000000000000e+00
9.921875000000000000e-01
9.531250000000000000e-01
9.921875000000000000e-01
1.000000000000000000e+00
9.843750000000000000e-01
9.843750000000000000e-01
9.843750000000000000e-01
9.687500000000000000e-01
1.000000000000000000e+00
1.000000000000000000e+00
1.000000000000000000e+00
9.921875000000000000e-01
1.000000000000000000e+00
1.000000000000000000e+00
1.000000000000000000e+00
1.000000000000000000e+00
1.000000000000000000e+00
1.000000000000000000e+00
9.843750000000000000e-01
1.000000000000000000e+00
1.000000000000000000e+00
9.921875000000000000e-01
1.000000000000000000e+00
9.843750000000000000e-01
1.000000000000000000e+00
9.921875000000000000e-01
9.921875000000000000e-01
9.921875000000000000e-01
1.000000000000000000e+00
9.921875000000000000e-01
9.921875000000000000e-01
9.827586206896551380e-01
1.000000000000000000e+00
9.921875000000000000e-01
9.921875000000000000e-01
9.609375000000000000e-01
9.609375000000000000e-01
9.843750000000000000e-01
1.000000000000000000e+00
9.921875000000000000e-01
1.000000000000000000e+00
9.843750000000000000e-01
9.921875000000000000e-01
1.000000000000000000e+00
9.921875000000000000e-01
1.000000000000000000e+00
1.000000000000000000e+00
9.843750000000000000e-01
9.843750000000000000e-01
9.765625000000000000e-01
9.843750000000000000e-01
1.000000000000000000e+00
1.000000000000000000e+00
9.921875000000000000e-01
9.843750000000000000e-01
9.921875000000000000e-01
9.921875000000000000e-01
9.921875000000000000e-01
1.000000000000000000e+00
9.609375000000000000e-01
9.843750000000000000e-01
9.843750000000000000e-01
1.000000000000000000e+00
1.000000000000000000e+00
1.000000000000000000e+00
1.000000000000000000e+00
9.921875000000000000e-01
9.921875000000000000e-01
1.000000000000000000e+00
1.000000000000000000e+00
9.921875000000000000e-01
1.000000000000000000e+00
1.000000000000000000e+00
1.000000000000000000e+00
9.921875000000000000e-01
1.000000000000000000e+00
1.000000000000000000e+00
9.921875000000000000e-01
9.921875000000000000e-01
1.000000000000000000e+00
1.000000000000000000e+00
1.000000000000000000e+00
9.843750000000000000e-01
9.921875000000000000e-01
9.843750000000000000e-01
1.000000000000000000e+00
1.000000000000000000e+00
9.843750000000000000e-01
9.921875000000000000e-01
9.921875000000000000e-01
9.843750000000000000e-01
9.765625000000000000e-01
1.000000000000000000e+00
1.000000000000000000e+00
1.000000000000000000e+00
1.000000000000000000e+00
1.000000000000000000e+00
1.000000000000000000e+00
9.921875000000000000e-01
9.921875000000000000e-01
1.000000000000000000e+00
9.843750000000000000e-01
9.921875000000000000e-01
9.843750000000000000e-01
9.843750000000000000e-01
1.000000000000000000e+00
1.000000000000000000e+00
9.843750000000000000e-01
9.843750000000000000e-01
1.000000000000000000e+00
9.843750000000000000e-01
1.000000000000000000e+00
1.000000000000000000e+00
9.921875000000000000e-01
9.921875000000000000e-01
9.843750000000000000e-01
9.921875000000000000e-01
1.000000000000000000e+00
9.921875000000000000e-01
1.000000000000000000e+00
1.000000000000000000e+00
1.000000000000000000e+00
9.843750000000000000e-01
1.000000000000000000e+00
1.000000000000000000e+00
1.000000000000000000e+00
1.000000000000000000e+00
1.000000000000000000e+00
9.921875000000000000e-01
9.921875000000000000e-01
1.000000000000000000e+00
1.000000000000000000e+00
9.921875000000000000e-01
9.843750000000000000e-01
9.921875000000000000e-01
1.000000000000000000e+00
9.921875000000000000e-01
1.000000000000000000e+00
9.843750000000000000e-01
9.843750000000000000e-01
9.921875000000000000e-01
9.921875000000000000e-01
9.843750000000000000e-01
9.843750000000000000e-01
9.921875000000000000e-01
9.843750000000000000e-01
9.843750000000000000e-01
9.921875000000000000e-01
1.000000000000000000e+00
1.000000000000000000e+00
1.000000000000000000e+00
1.000000000000000000e+00
1.000000000000000000e+00
1.000000000000000000e+00
9.921875000000000000e-01
1.000000000000000000e+00
1.000000000000000000e+00
9.921875000000000000e-01
1.000000000000000000e+00
1.000000000000000000e+00
9.921875000000000000e-01
1.000000000000000000e+00
9.921875000000000000e-01
1.000000000000000000e+00
9.921875000000000000e-01
1.000000000000000000e+00
9.843750000000000000e-01
9.765625000000000000e-01
1.000000000000000000e+00
1.000000000000000000e+00
9.921875000000000000e-01
9.687500000000000000e-01
9.921875000000000000e-01
9.843750000000000000e-01
9.921875000000000000e-01
9.687500000000000000e-01
9.921875000000000000e-01
1.000000000000000000e+00
1.000000000000000000e+00
1.000000000000000000e+00
9.921875000000000000e-01
1.000000000000000000e+00
9.921875000000000000e-01
1.000000000000000000e+00
1.000000000000000000e+00
1.000000000000000000e+00
9.921875000000000000e-01
1.000000000000000000e+00
1.000000000000000000e+00
9.921875000000000000e-01
1.000000000000000000e+00
9.921875000000000000e-01
1.000000000000000000e+00
1.000000000000000000e+00
1.000000000000000000e+00
1.000000000000000000e+00
1.000000000000000000e+00
9.921875000000000000e-01
1.000000000000000000e+00
1.000000000000000000e+00
1.000000000000000000e+00
1.000000000000000000e+00
1.000000000000000000e+00
9.921875000000000000e-01
9.921875000000000000e-01
1.000000000000000000e+00
9.921875000000000000e-01
1.000000000000000000e+00
1.000000000000000000e+00
1.000000000000000000e+00
1.000000000000000000e+00
1.000000000000000000e+00
1.000000000000000000e+00
1.000000000000000000e+00
9.921875000000000000e-01
1.000000000000000000e+00
1.000000000000000000e+00
1.000000000000000000e+00
9.921875000000000000e-01
1.000000000000000000e+00
1.000000000000000000e+00
1.000000000000000000e+00
9.921875000000000000e-01
1.000000000000000000e+00
9.843750000000000000e-01
9.921875000000000000e-01
1.000000000000000000e+00
1.000000000000000000e+00
9.843750000000000000e-01
1.000000000000000000e+00
1.000000000000000000e+00
9.921875000000000000e-01
9.921875000000000000e-01
1.000000000000000000e+00
1.000000000000000000e+00
1.000000000000000000e+00
1.000000000000000000e+00
1.000000000000000000e+00
1.000000000000000000e+00
1.000000000000000000e+00
1.000000000000000000e+00
1.000000000000000000e+00
1.000000000000000000e+00
9.921875000000000000e-01
1.000000000000000000e+00
1.000000000000000000e+00
1.000000000000000000e+00
1.000000000000000000e+00
9.921875000000000000e-01
1.000000000000000000e+00
1.000000000000000000e+00
1.000000000000000000e+00
9.843750000000000000e-01
9.921875000000000000e-01
9.921875000000000000e-01
1.000000000000000000e+00
1.000000000000000000e+00
9.843750000000000000e-01
9.921875000000000000e-01
9.921875000000000000e-01
1.000000000000000000e+00
1.000000000000000000e+00
1.000000000000000000e+00
9.921875000000000000e-01
1.000000000000000000e+00
9.843750000000000000e-01
1.000000000000000000e+00
1.000000000000000000e+00
9.921875000000000000e-01
9.921875000000000000e-01
9.843750000000000000e-01
9.921875000000000000e-01
1.000000000000000000e+00
9.843750000000000000e-01
1.000000000000000000e+00
9.921875000000000000e-01
1.000000000000000000e+00
9.921875000000000000e-01
9.687500000000000000e-01
9.921875000000000000e-01
9.921875000000000000e-01
9.921875000000000000e-01
1.000000000000000000e+00
1.000000000000000000e+00
1.000000000000000000e+00
1.000000000000000000e+00
1.000000000000000000e+00
1.000000000000000000e+00
1.000000000000000000e+00
1.000000000000000000e+00
1.000000000000000000e+00
1.000000000000000000e+00
1.000000000000000000e+00
1.000000000000000000e+00
1.000000000000000000e+00
1.000000000000000000e+00
1.000000000000000000e+00
1.000000000000000000e+00
9.921875000000000000e-01
9.921875000000000000e-01
1.000000000000000000e+00
1.000000000000000000e+00
9.843750000000000000e-01
1.000000000000000000e+00
9.843750000000000000e-01
1.000000000000000000e+00
1.000000000000000000e+00
9.765625000000000000e-01
1.000000000000000000e+00
1.000000000000000000e+00
9.921875000000000000e-01
9.765625000000000000e-01
9.687500000000000000e-01
9.843750000000000000e-01
1.000000000000000000e+00
1.000000000000000000e+00
1.000000000000000000e+00
1.000000000000000000e+00
1.000000000000000000e+00
1.000000000000000000e+00
1.000000000000000000e+00
9.921875000000000000e-01
1.000000000000000000e+00
1.000000000000000000e+00
1.000000000000000000e+00
9.921875000000000000e-01
1.000000000000000000e+00
1.000000000000000000e+00
1.000000000000000000e+00
1.000000000000000000e+00
1.000000000000000000e+00
9.921875000000000000e-01
1.000000000000000000e+00
1.000000000000000000e+00
1.000000000000000000e+00
9.765625000000000000e-01
9.921875000000000000e-01
9.921875000000000000e-01
9.921875000000000000e-01
1.000000000000000000e+00
9.921875000000000000e-01
1.000000000000000000e+00
1.000000000000000000e+00
9.765625000000000000e-01
1.000000000000000000e+00
9.921875000000000000e-01
1.000000000000000000e+00
1.000000000000000000e+00
1.000000000000000000e+00
1.000000000000000000e+00
1.000000000000000000e+00
1.000000000000000000e+00
1.000000000000000000e+00
1.000000000000000000e+00
1.000000000000000000e+00
1.000000000000000000e+00
9.921875000000000000e-01
1.000000000000000000e+00
1.000000000000000000e+00
1.000000000000000000e+00
1.000000000000000000e+00
1.000000000000000000e+00
9.921875000000000000e-01
1.000000000000000000e+00
9.921875000000000000e-01
1.000000000000000000e+00
1.000000000000000000e+00
1.000000000000000000e+00
1.000000000000000000e+00
1.000000000000000000e+00
1.000000000000000000e+00
1.000000000000000000e+00
9.921875000000000000e-01
1.000000000000000000e+00
1.000000000000000000e+00
9.921875000000000000e-01
1.000000000000000000e+00
1.000000000000000000e+00
1.000000000000000000e+00
9.921875000000000000e-01
1.000000000000000000e+00
9.921875000000000000e-01
9.921875000000000000e-01
1.000000000000000000e+00
9.921875000000000000e-01
1.000000000000000000e+00
1.000000000000000000e+00
1.000000000000000000e+00
1.000000000000000000e+00
9.921875000000000000e-01
1.000000000000000000e+00
1.000000000000000000e+00
1.000000000000000000e+00
1.000000000000000000e+00
1.000000000000000000e+00
9.921875000000000000e-01
1.000000000000000000e+00
1.000000000000000000e+00
9.765625000000000000e-01
9.921875000000000000e-01
9.921875000000000000e-01
9.921875000000000000e-01
1.000000000000000000e+00
1.000000000000000000e+00
1.000000000000000000e+00
1.000000000000000000e+00
1.000000000000000000e+00
9.921875000000000000e-01
1.000000000000000000e+00
1.000000000000000000e+00
1.000000000000000000e+00
1.000000000000000000e+00
9.921875000000000000e-01
1.000000000000000000e+00
9.921875000000000000e-01
1.000000000000000000e+00
1.000000000000000000e+00
1.000000000000000000e+00
1.000000000000000000e+00
1.000000000000000000e+00
9.921875000000000000e-01
1.000000000000000000e+00
1.000000000000000000e+00
1.000000000000000000e+00
1.000000000000000000e+00
1.000000000000000000e+00
9.921875000000000000e-01
1.000000000000000000e+00
9.921875000000000000e-01
9.843750000000000000e-01
1.000000000000000000e+00
1.000000000000000000e+00
1.000000000000000000e+00
9.921875000000000000e-01
1.000000000000000000e+00
1.000000000000000000e+00
1.000000000000000000e+00
1.000000000000000000e+00
1.000000000000000000e+00
9.843750000000000000e-01
1.000000000000000000e+00
9.921875000000000000e-01
1.000000000000000000e+00
1.000000000000000000e+00
1.000000000000000000e+00
9.843750000000000000e-01
1.000000000000000000e+00
1.000000000000000000e+00
9.843750000000000000e-01
1.000000000000000000e+00
1.000000000000000000e+00
1.000000000000000000e+00
1.000000000000000000e+00
1.000000000000000000e+00
1.000000000000000000e+00
1.000000000000000000e+00
9.921875000000000000e-01
9.921875000000000000e-01
1.000000000000000000e+00
1.000000000000000000e+00
1.000000000000000000e+00
1.000000000000000000e+00
1.000000000000000000e+00
1.000000000000000000e+00
1.000000000000000000e+00
1.000000000000000000e+00
9.921875000000000000e-01
1.000000000000000000e+00
1.000000000000000000e+00
9.921875000000000000e-01
9.921875000000000000e-01
1.000000000000000000e+00
9.921875000000000000e-01
1.000000000000000000e+00
1.000000000000000000e+00
1.000000000000000000e+00
1.000000000000000000e+00
1.000000000000000000e+00
1.000000000000000000e+00
9.921875000000000000e-01
9.921875000000000000e-01
9.921875000000000000e-01
1.000000000000000000e+00
1.000000000000000000e+00
9.921875000000000000e-01
9.921875000000000000e-01
1.000000000000000000e+00
1.000000000000000000e+00
1.000000000000000000e+00
9.921875000000000000e-01
9.921875000000000000e-01
1.000000000000000000e+00
1.000000000000000000e+00
1.000000000000000000e+00
9.921875000000000000e-01
9.921875000000000000e-01
9.921875000000000000e-01
1.000000000000000000e+00
1.000000000000000000e+00
1.000000000000000000e+00
1.000000000000000000e+00
9.921875000000000000e-01
1.000000000000000000e+00
1.000000000000000000e+00
9.921875000000000000e-01
9.921875000000000000e-01
9.921875000000000000e-01
1.000000000000000000e+00
9.921875000000000000e-01
1.000000000000000000e+00
9.843750000000000000e-01
9.921875000000000000e-01
1.000000000000000000e+00
1.000000000000000000e+00
1.000000000000000000e+00
1.000000000000000000e+00
1.000000000000000000e+00
1.000000000000000000e+00
1.000000000000000000e+00
1.000000000000000000e+00
1.000000000000000000e+00
1.000000000000000000e+00
1.000000000000000000e+00
1.000000000000000000e+00
1.000000000000000000e+00
1.000000000000000000e+00
1.000000000000000000e+00
1.000000000000000000e+00
9.921875000000000000e-01
1.000000000000000000e+00
1.000000000000000000e+00
1.000000000000000000e+00
1.000000000000000000e+00
1.000000000000000000e+00
1.000000000000000000e+00
1.000000000000000000e+00
1.000000000000000000e+00
1.000000000000000000e+00
1.000000000000000000e+00
1.000000000000000000e+00
9.843750000000000000e-01
1.000000000000000000e+00
1.000000000000000000e+00
1.000000000000000000e+00
1.000000000000000000e+00
1.000000000000000000e+00
1.000000000000000000e+00
9.609375000000000000e-01
1.000000000000000000e+00
9.921875000000000000e-01
9.921875000000000000e-01
9.765625000000000000e-01
9.765625000000000000e-01
9.687500000000000000e-01
1.000000000000000000e+00
1.000000000000000000e+00
9.843750000000000000e-01
1.000000000000000000e+00
9.453125000000000000e-01
1.000000000000000000e+00
9.921875000000000000e-01
1.000000000000000000e+00
1.000000000000000000e+00
8.984375000000000000e-01
1.000000000000000000e+00
9.843750000000000000e-01
9.921875000000000000e-01
1.000000000000000000e+00
9.843750000000000000e-01
1.000000000000000000e+00
1.000000000000000000e+00
1.000000000000000000e+00
1.000000000000000000e+00
1.000000000000000000e+00
1.000000000000000000e+00
9.921875000000000000e-01
9.921875000000000000e-01
1.000000000000000000e+00
1.000000000000000000e+00
1.000000000000000000e+00
1.000000000000000000e+00
1.000000000000000000e+00
1.000000000000000000e+00
1.000000000000000000e+00
1.000000000000000000e+00
1.000000000000000000e+00
1.000000000000000000e+00
1.000000000000000000e+00
1.000000000000000000e+00
1.000000000000000000e+00
1.000000000000000000e+00
1.000000000000000000e+00
1.000000000000000000e+00
1.000000000000000000e+00
1.000000000000000000e+00
9.921875000000000000e-01
1.000000000000000000e+00
1.000000000000000000e+00
1.000000000000000000e+00
9.921875000000000000e-01
1.000000000000000000e+00
1.000000000000000000e+00
1.000000000000000000e+00
1.000000000000000000e+00
1.000000000000000000e+00
1.000000000000000000e+00
1.000000000000000000e+00
1.000000000000000000e+00
1.000000000000000000e+00
1.000000000000000000e+00
1.000000000000000000e+00
1.000000000000000000e+00
1.000000000000000000e+00
9.921875000000000000e-01
1.000000000000000000e+00
1.000000000000000000e+00
1.000000000000000000e+00
1.000000000000000000e+00
1.000000000000000000e+00
1.000000000000000000e+00
1.000000000000000000e+00
9.921875000000000000e-01
1.000000000000000000e+00
1.000000000000000000e+00
1.000000000000000000e+00
1.000000000000000000e+00
9.843750000000000000e-01
9.921875000000000000e-01
1.000000000000000000e+00
1.000000000000000000e+00
1.000000000000000000e+00
1.000000000000000000e+00
1.000000000000000000e+00
9.921875000000000000e-01
1.000000000000000000e+00
1.000000000000000000e+00
9.843750000000000000e-01
9.921875000000000000e-01
1.000000000000000000e+00
9.921875000000000000e-01
1.000000000000000000e+00
1.000000000000000000e+00
1.000000000000000000e+00
9.843750000000000000e-01
1.000000000000000000e+00
1.000000000000000000e+00
1.000000000000000000e+00
1.000000000000000000e+00
1.000000000000000000e+00
1.000000000000000000e+00
9.921875000000000000e-01
9.921875000000000000e-01
1.000000000000000000e+00
1.000000000000000000e+00
1.000000000000000000e+00
1.000000000000000000e+00
1.000000000000000000e+00
1.000000000000000000e+00
1.000000000000000000e+00
1.000000000000000000e+00
9.921875000000000000e-01
1.000000000000000000e+00
9.921875000000000000e-01
9.921875000000000000e-01
9.843750000000000000e-01
9.843750000000000000e-01
1.000000000000000000e+00
1.000000000000000000e+00
9.921875000000000000e-01
9.843750000000000000e-01
9.921875000000000000e-01
1.000000000000000000e+00
1.000000000000000000e+00
9.921875000000000000e-01
1.000000000000000000e+00
1.000000000000000000e+00
1.000000000000000000e+00
1.000000000000000000e+00
9.843750000000000000e-01
9.765625000000000000e-01
1.000000000000000000e+00
1.000000000000000000e+00
9.921875000000000000e-01
1.000000000000000000e+00
1.000000000000000000e+00
1.000000000000000000e+00
1.000000000000000000e+00
1.000000000000000000e+00
1.000000000000000000e+00
1.000000000000000000e+00
1.000000000000000000e+00
1.000000000000000000e+00
9.921875000000000000e-01
9.921875000000000000e-01
1.000000000000000000e+00
1.000000000000000000e+00
9.921875000000000000e-01
9.921875000000000000e-01
1.000000000000000000e+00
9.921875000000000000e-01
9.921875000000000000e-01
1.000000000000000000e+00
9.921875000000000000e-01
9.843750000000000000e-01
1.000000000000000000e+00
1.000000000000000000e+00
1.000000000000000000e+00
9.843750000000000000e-01
1.000000000000000000e+00
1.000000000000000000e+00
1.000000000000000000e+00
1.000000000000000000e+00
1.000000000000000000e+00
1.000000000000000000e+00
1.000000000000000000e+00
1.000000000000000000e+00
1.000000000000000000e+00
1.000000000000000000e+00
1.000000000000000000e+00
1.000000000000000000e+00
1.000000000000000000e+00
1.000000000000000000e+00
1.000000000000000000e+00
1.000000000000000000e+00
1.000000000000000000e+00
1.000000000000000000e+00
1.000000000000000000e+00
1.000000000000000000e+00
1.000000000000000000e+00
1.000000000000000000e+00
1.000000000000000000e+00
1.000000000000000000e+00
1.000000000000000000e+00
1.000000000000000000e+00
1.000000000000000000e+00
9.921875000000000000e-01
1.000000000000000000e+00
1.000000000000000000e+00
1.000000000000000000e+00
1.000000000000000000e+00
1.000000000000000000e+00
1.000000000000000000e+00
1.000000000000000000e+00
1.000000000000000000e+00
1.000000000000000000e+00
1.000000000000000000e+00
1.000000000000000000e+00
1.000000000000000000e+00
1.000000000000000000e+00
9.921875000000000000e-01
1.000000000000000000e+00
1.000000000000000000e+00
1.000000000000000000e+00
1.000000000000000000e+00
9.921875000000000000e-01
1.000000000000000000e+00
9.843750000000000000e-01
1.000000000000000000e+00
1.000000000000000000e+00
1.000000000000000000e+00
1.000000000000000000e+00
1.000000000000000000e+00
1.000000000000000000e+00
1.000000000000000000e+00
1.000000000000000000e+00
1.000000000000000000e+00
1.000000000000000000e+00
1.000000000000000000e+00
1.000000000000000000e+00
1.000000000000000000e+00
1.000000000000000000e+00
1.000000000000000000e+00
1.000000000000000000e+00
1.000000000000000000e+00
1.000000000000000000e+00
1.000000000000000000e+00
1.000000000000000000e+00
9.921875000000000000e-01
1.000000000000000000e+00
1.000000000000000000e+00
9.921875000000000000e-01
1.000000000000000000e+00
1.000000000000000000e+00
1.000000000000000000e+00
1.000000000000000000e+00
1.000000000000000000e+00
1.000000000000000000e+00
9.921875000000000000e-01
1.000000000000000000e+00
1.000000000000000000e+00
1.000000000000000000e+00
1.000000000000000000e+00
1.000000000000000000e+00
1.000000000000000000e+00
1.000000000000000000e+00
1.000000000000000000e+00
1.000000000000000000e+00
1.000000000000000000e+00
1.000000000000000000e+00
1.000000000000000000e+00
1.000000000000000000e+00
1.000000000000000000e+00
9.921875000000000000e-01
1.000000000000000000e+00
1.000000000000000000e+00
1.000000000000000000e+00
1.000000000000000000e+00
1.000000000000000000e+00
1.000000000000000000e+00
1.000000000000000000e+00
1.000000000000000000e+00
1.000000000000000000e+00
1.000000000000000000e+00
1.000000000000000000e+00
1.000000000000000000e+00
1.000000000000000000e+00
1.000000000000000000e+00
1.000000000000000000e+00
1.000000000000000000e+00
1.000000000000000000e+00
1.000000000000000000e+00
1.000000000000000000e+00
1.000000000000000000e+00
1.000000000000000000e+00
1.000000000000000000e+00
1.000000000000000000e+00
1.000000000000000000e+00
1.000000000000000000e+00
1.000000000000000000e+00
1.000000000000000000e+00
9.921875000000000000e-01
9.921875000000000000e-01
1.000000000000000000e+00
1.000000000000000000e+00
1.000000000000000000e+00
9.765625000000000000e-01
1.000000000000000000e+00
1.000000000000000000e+00
1.000000000000000000e+00
9.765625000000000000e-01
9.843750000000000000e-01
9.921875000000000000e-01
1.000000000000000000e+00
1.000000000000000000e+00
1.000000000000000000e+00
1.000000000000000000e+00
9.921875000000000000e-01
9.843750000000000000e-01
9.921875000000000000e-01
9.921875000000000000e-01
1.000000000000000000e+00
1.000000000000000000e+00
1.000000000000000000e+00
9.921875000000000000e-01
1.000000000000000000e+00
1.000000000000000000e+00
1.000000000000000000e+00
9.921875000000000000e-01
9.921875000000000000e-01
9.921875000000000000e-01
1.000000000000000000e+00
1.000000000000000000e+00
9.921875000000000000e-01
9.921875000000000000e-01
1.000000000000000000e+00
1.000000000000000000e+00
1.000000000000000000e+00
1.000000000000000000e+00
1.000000000000000000e+00
1.000000000000000000e+00
1.000000000000000000e+00
9.921875000000000000e-01
1.000000000000000000e+00
1.000000000000000000e+00
9.921875000000000000e-01
1.000000000000000000e+00
1.000000000000000000e+00
9.921875000000000000e-01
1.000000000000000000e+00
9.921875000000000000e-01
1.000000000000000000e+00
1.000000000000000000e+00
1.000000000000000000e+00
1.000000000000000000e+00
1.000000000000000000e+00
1.000000000000000000e+00
1.000000000000000000e+00
1.000000000000000000e+00
1.000000000000000000e+00
1.000000000000000000e+00
1.000000000000000000e+00
1.000000000000000000e+00
1.000000000000000000e+00
9.921875000000000000e-01
1.000000000000000000e+00
1.000000000000000000e+00
1.000000000000000000e+00
1.000000000000000000e+00
1.000000000000000000e+00
1.000000000000000000e+00
9.921875000000000000e-01
1.000000000000000000e+00
1.000000000000000000e+00
1.000000000000000000e+00
1.000000000000000000e+00
1.000000000000000000e+00
9.921875000000000000e-01
1.000000000000000000e+00
1.000000000000000000e+00
1.000000000000000000e+00
1.000000000000000000e+00
1.000000000000000000e+00
9.921875000000000000e-01
1.000000000000000000e+00
1.000000000000000000e+00
1.000000000000000000e+00
1.000000000000000000e+00
1.000000000000000000e+00
1.000000000000000000e+00
1.000000000000000000e+00
1.000000000000000000e+00
1.000000000000000000e+00
1.000000000000000000e+00
1.000000000000000000e+00
1.000000000000000000e+00
1.000000000000000000e+00
1.000000000000000000e+00
1.000000000000000000e+00
1.000000000000000000e+00
1.000000000000000000e+00
1.000000000000000000e+00
1.000000000000000000e+00
1.000000000000000000e+00
1.000000000000000000e+00
1.000000000000000000e+00
1.000000000000000000e+00
1.000000000000000000e+00
1.000000000000000000e+00
1.000000000000000000e+00
1.000000000000000000e+00
1.000000000000000000e+00
1.000000000000000000e+00
1.000000000000000000e+00
1.000000000000000000e+00
1.000000000000000000e+00
1.000000000000000000e+00
1.000000000000000000e+00
1.000000000000000000e+00
1.000000000000000000e+00
1.000000000000000000e+00
9.921875000000000000e-01
1.000000000000000000e+00
1.000000000000000000e+00
1.000000000000000000e+00
9.921875000000000000e-01
1.000000000000000000e+00
1.000000000000000000e+00
1.000000000000000000e+00
1.000000000000000000e+00
1.000000000000000000e+00
1.000000000000000000e+00
1.000000000000000000e+00
1.000000000000000000e+00
1.000000000000000000e+00
1.000000000000000000e+00
1.000000000000000000e+00
1.000000000000000000e+00
1.000000000000000000e+00
1.000000000000000000e+00
1.000000000000000000e+00
1.000000000000000000e+00
1.000000000000000000e+00
1.000000000000000000e+00
1.000000000000000000e+00
9.921875000000000000e-01
1.000000000000000000e+00
1.000000000000000000e+00
1.000000000000000000e+00
9.843750000000000000e-01
1.000000000000000000e+00
1.000000000000000000e+00
1.000000000000000000e+00
1.000000000000000000e+00
1.000000000000000000e+00
1.000000000000000000e+00
1.000000000000000000e+00
1.000000000000000000e+00
1.000000000000000000e+00
1.000000000000000000e+00
1.000000000000000000e+00
1.000000000000000000e+00
1.000000000000000000e+00
1.000000000000000000e+00
1.000000000000000000e+00
1.000000000000000000e+00
1.000000000000000000e+00
1.000000000000000000e+00
1.000000000000000000e+00
1.000000000000000000e+00
1.000000000000000000e+00
1.000000000000000000e+00
1.000000000000000000e+00
1.000000000000000000e+00
1.000000000000000000e+00
1.000000000000000000e+00
1.000000000000000000e+00
1.000000000000000000e+00
1.000000000000000000e+00
1.000000000000000000e+00
1.000000000000000000e+00
1.000000000000000000e+00
1.000000000000000000e+00
1.000000000000000000e+00
1.000000000000000000e+00
1.000000000000000000e+00
1.000000000000000000e+00
1.000000000000000000e+00
1.000000000000000000e+00
9.921875000000000000e-01
1.000000000000000000e+00
1.000000000000000000e+00
1.000000000000000000e+00
1.000000000000000000e+00
1.000000000000000000e+00
1.000000000000000000e+00
1.000000000000000000e+00
1.000000000000000000e+00
1.000000000000000000e+00
1.000000000000000000e+00
1.000000000000000000e+00
1.000000000000000000e+00
9.921875000000000000e-01
1.000000000000000000e+00
1.000000000000000000e+00
1.000000000000000000e+00
1.000000000000000000e+00
1.000000000000000000e+00
1.000000000000000000e+00
1.000000000000000000e+00
1.000000000000000000e+00
1.000000000000000000e+00
1.000000000000000000e+00
9.921875000000000000e-01
1.000000000000000000e+00
1.000000000000000000e+00
1.000000000000000000e+00
1.000000000000000000e+00
1.000000000000000000e+00
1.000000000000000000e+00
1.000000000000000000e+00
1.000000000000000000e+00
1.000000000000000000e+00
1.000000000000000000e+00
1.000000000000000000e+00
1.000000000000000000e+00
1.000000000000000000e+00
9.921875000000000000e-01
1.000000000000000000e+00
1.000000000000000000e+00
1.000000000000000000e+00
1.000000000000000000e+00
9.921875000000000000e-01
1.000000000000000000e+00
1.000000000000000000e+00
1.000000000000000000e+00
1.000000000000000000e+00
1.000000000000000000e+00
1.000000000000000000e+00
1.000000000000000000e+00
9.921875000000000000e-01
1.000000000000000000e+00
1.000000000000000000e+00
1.000000000000000000e+00
1.000000000000000000e+00
1.000000000000000000e+00
1.000000000000000000e+00
9.921875000000000000e-01
1.000000000000000000e+00
1.000000000000000000e+00
1.000000000000000000e+00
9.921875000000000000e-01
9.921875000000000000e-01
