2.310633659362792969e-02
2.238368988037109375e-02
1.830220222473144531e-02
1.526689529418945312e-02
1.449680328369140625e-02
9.139299392700195312e-03
2.107954025268554688e-02
2.103066444396972656e-02
2.219247817993164062e-02
2.028179168701171875e-02
1.643061637878417969e-02
1.698803901672363281e-02
2.278232574462890625e-02
1.944899559020996094e-02
1.972532272338867188e-02
1.523113250732421875e-02
1.593637466430664062e-02
1.220488548278808594e-02
2.284049987792968750e-02
2.001476287841796875e-02
1.892161369323730469e-02
1.507902145385742188e-02
1.486110687255859375e-02
1.590943336486816406e-02
2.278637886047363281e-02
1.987695693969726562e-02
1.897668838500976562e-02
6.096601486206054688e-03
2.287054061889648438e-02
1.941013336181640625e-02
7.316112518310546875e-03
7.161378860473632812e-03
7.098197937011718750e-03
1.376128196716308594e-02
7.075786590576171875e-03
7.031679153442382812e-03
1.869082450866699219e-02
1.491975784301757812e-02
1.495957374572753906e-02
1.489925384521484375e-02
1.671624183654785156e-02
1.494979858398437500e-02
1.869392395019531250e-02
1.508450508117675781e-02
1.508760452270507812e-02
1.510763168334960938e-02
1.652550697326660156e-02
1.843571662902832031e-02
1.856780052185058594e-02
1.516437530517578125e-02
1.504135131835937500e-02
1.505112648010253906e-02
1.479220390319824219e-02
1.497459411621093750e-02
1.724386215209960938e-02
6.950139999389648438e-03
2.132201194763183594e-02
1.594614982604980469e-02
1.228713989257812500e-02
1.237273216247558594e-02
1.204800605773925781e-02
1.332306861877441406e-02
1.220870018005371094e-02
1.226496696472167969e-02
1.446127891540527344e-02
1.443576812744140625e-02
2.212095260620117188e-02
1.812291145324707031e-02
7.014274597167968750e-03
6.927728652954101562e-03
6.981372833251953125e-03
1.480126380920410156e-02
2.482962608337402344e-02
2.273488044738769531e-02
2.238035202026367188e-02
2.206206321716308594e-02
2.235722541809082031e-02
2.267646789550781250e-02
2.216076850891113281e-02
2.484083175659179688e-02
2.285432815551757812e-02
2.286458015441894531e-02
2.276802062988281250e-02
1.022863388061523438e-02
2.334022521972656250e-02
2.340245246887207031e-02
2.117061614990234375e-02
2.140569686889648438e-02
1.989269256591796875e-02
1.787590980529785156e-02
2.277421951293945312e-02
1.914620399475097656e-02
1.653838157653808594e-02
1.633810997009277344e-02
7.357120513916015625e-03
7.261276245117187500e-03
2.326393127441406250e-02
2.239680290222167969e-02
2.239727973937988281e-02
2.477979660034179688e-02
2.119517326354980469e-02
2.114057540893554688e-02
2.331328392028808594e-02
2.225923538208007812e-02
1.824402809143066406e-02
1.716184616088867188e-02
8.564472198486328125e-03
6.908893585205078125e-03
2.331757545471191406e-02
2.207183837890625000e-02
2.204966545104980469e-02
1.100087165832519531e-02
2.548885345458984375e-02
2.545738220214843750e-02
2.524638175964355469e-02
2.523398399353027344e-02
2.538633346557617188e-02
2.634763717651367188e-02
2.439379692077636719e-02
2.312588691711425781e-02
1.999640464782714844e-02
2.017116546630859375e-02
2.001714706420898438e-02
1.829004287719726562e-02
1.740884780883789062e-02
1.119661331176757812e-02
2.223753929138183594e-02
2.248930931091308594e-02
2.199149131774902344e-02
2.189707756042480469e-02
2.238965034484863281e-02
2.210259437561035156e-02
2.235865592956542969e-02
2.200508117675781250e-02
2.235722541809082031e-02
2.213358879089355469e-02
2.165317535400390625e-02
1.647257804870605469e-02
2.329111099243164062e-02
1.104378700256347656e-02
2.232336997985839844e-02
2.093744277954101562e-02
1.659703254699707031e-02
1.215100288391113281e-02
2.370572090148925781e-02
2.215790748596191406e-02
2.211666107177734375e-02
2.217030525207519531e-02
2.224659919738769531e-02
2.208781242370605469e-02
2.041268348693847656e-02
1.657819747924804688e-02
1.223349571228027344e-02
1.201128959655761719e-02
1.211667060852050781e-02
1.208567619323730469e-02
2.419590950012207031e-02
2.433109283447265625e-02
2.203297615051269531e-02
2.261662483215332031e-02
2.340459823608398438e-02
2.351808547973632812e-02
2.221488952636718750e-02
2.258801460266113281e-02
2.217912673950195312e-02
2.229142189025878906e-02
2.339696884155273438e-02
1.074337959289550781e-02
2.412843704223632812e-02
2.362895011901855469e-02
2.244877815246582031e-02
2.191257476806640625e-02
1.287937164306640625e-02
7.152080535888671875e-03
2.401041984558105469e-02
2.201342582702636719e-02
2.240872383117675781e-02
2.145719528198242188e-02
1.894569396972656250e-02
1.352787017822265625e-02
8.569717407226562500e-03
1.106524467468261719e-02
8.390903472900390625e-03
1.301074028015136719e-02
1.470398902893066406e-02
7.902860641479492188e-03
1.239180564880371094e-02
8.148908615112304688e-03
8.080959320068359375e-03
8.623361587524414062e-03
8.946418762207031250e-03
9.025096893310546875e-03
1.225638389587402344e-02
8.146286010742187500e-03
8.147239685058593750e-03
7.033824920654296875e-03
1.273441314697265625e-02
7.933855056762695312e-03
1.531481742858886719e-02
9.275913238525390625e-03
9.273529052734375000e-03
8.997201919555664062e-03
9.267330169677734375e-03
9.063482284545898438e-03
1.246190071105957031e-02
7.864713668823242188e-03
7.852554321289062500e-03
7.988452911376953125e-03
8.595466613769531250e-03
9.259462356567382812e-03
1.254177093505859375e-02
8.109569549560546875e-03
8.066415786743164062e-03
7.980108261108398438e-03
7.975816726684570312e-03
8.089542388916015625e-03
1.065254211425781250e-02
8.066654205322265625e-03
7.914304733276367188e-03
7.956743240356445312e-03
8.060932159423828125e-03
8.216619491577148438e-03
1.238608360290527344e-02
6.747245788574218750e-03
1.658272743225097656e-02
1.190471649169921875e-02
8.069753646850585938e-03
8.044481277465820312e-03
1.285457611083984375e-02
9.737968444824218750e-03
1.079344749450683594e-02
8.007764816284179688e-03
7.982254028320312500e-03
8.008241653442382812e-03
1.342797279357910156e-02
8.846521377563476562e-03
8.882999420166015625e-03
8.899927139282226562e-03
7.935762405395507812e-03
7.954597473144531250e-03
8.314847946166992188e-03
8.060216903686523438e-03
8.016586303710937500e-03
8.008718490600585938e-03
7.938146591186523438e-03
7.939338684082031250e-03
1.465272903442382812e-02
9.350776672363281250e-03
7.919788360595703125e-03
7.873058319091796875e-03
9.560108184814453125e-03
6.858825683593750000e-03
1.588368415832519531e-02
7.861375808715820312e-03
7.856607437133789062e-03
1.191926002502441406e-02
7.917642593383789062e-03
7.870197296142578125e-03
8.628606796264648438e-03
8.987188339233398438e-03
9.001016616821289062e-03
7.872343063354492188e-03
7.884025573730468750e-03
7.907629013061523438e-03
1.054072380065917969e-02
7.878303527832031250e-03
7.838249206542968750e-03
7.807016372680664062e-03
7.868051528930664062e-03
7.938385009765625000e-03
7.310152053833007812e-03
1.249265670776367188e-02
1.921343803405761719e-02
2.030420303344726562e-02
2.138805389404296875e-02
2.242136001586914062e-02
2.341461181640625000e-02
2.225399017333984375e-02
2.208733558654785156e-02
1.096534729003906250e-02
2.419948577880859375e-02
2.405285835266113281e-02
2.233433723449707031e-02
2.260804176330566406e-02
2.321147918701171875e-02
1.788568496704101562e-02
7.007837295532226562e-03
7.018804550170898438e-03
2.381253242492675781e-02
2.432322502136230469e-02
2.195024490356445312e-02
2.271556854248046875e-02
2.132177352905273438e-02
2.111220359802246094e-02
2.351927757263183594e-02
2.485728263854980469e-02
2.126026153564453125e-02
1.640605926513671875e-02
1.601791381835937500e-02
1.234745979309082031e-02
1.798486709594726562e-02
1.824998855590820312e-02
1.510405540466308594e-02
1.269602775573730469e-02
1.262998580932617188e-02
1.277565956115722656e-02
1.993656158447265625e-02
7.464885711669921875e-03
1.974296569824218750e-02
1.430606842041015625e-02
1.221585273742675781e-02
1.222586631774902344e-02
1.998901367187500000e-02
1.438236236572265625e-02
1.225209236145019531e-02
1.342868804931640625e-02
1.243901252746582031e-02
1.265072822570800781e-02
2.006840705871582031e-02
1.437664031982421875e-02
1.288247108459472656e-02
1.258826255798339844e-02
1.272130012512207031e-02
1.271820068359375000e-02
1.996231079101562500e-02
1.447606086730957031e-02
1.231169700622558594e-02
1.213765144348144531e-02
1.211619377136230469e-02
1.210904121398925781e-02
1.428914070129394531e-02
1.454854011535644531e-02
1.211142539978027344e-02
1.207613945007324219e-02
1.211762428283691406e-02
6.555080413818359375e-03
2.481150627136230469e-02
2.024888992309570312e-02
1.536512374877929688e-02
1.562905311584472656e-02
1.517081260681152344e-02
1.571869850158691406e-02
2.101826667785644531e-02
1.514840126037597656e-02
1.152443885803222656e-02
9.270668029785156250e-03
7.428884506225585938e-03
7.011175155639648438e-03
2.008008956909179688e-02
1.458311080932617188e-02
1.218271255493164062e-02
1.437830924987792969e-02
1.443052291870117188e-02
1.432466506958007812e-02
1.870608329772949219e-02
1.695156097412109375e-02
1.732349395751953125e-02
1.749634742736816406e-02
1.785850524902343750e-02
1.773643493652343750e-02
1.684141159057617188e-02
1.744055747985839844e-02
2.075338363647460938e-02
5.423069000244140625e-03
2.408170700073242188e-02
1.757574081420898438e-02
2.392768859863281250e-02
2.284002304077148438e-02
2.223801612854003906e-02
1.818871498107910156e-02
1.733732223510742188e-02
1.294088363647460938e-02
2.203536033630371094e-02
2.021646499633789062e-02
1.508116722106933594e-02
1.258563995361328125e-02
1.193261146545410156e-02
1.179385185241699219e-02
2.394294738769531250e-02
1.748347282409667969e-02
1.149940490722656250e-02
6.964445114135742188e-03
6.932497024536132812e-03
7.032871246337890625e-03
2.185583114624023438e-02
2.014851570129394531e-02
1.327514648437500000e-02
6.999731063842773438e-03
6.991624832153320312e-03
6.933212280273437500e-03
1.476287841796875000e-02
5.764484405517578125e-03
2.113652229309082031e-02
2.157926559448242188e-02
2.234554290771484375e-02
2.225327491760253906e-02
2.205705642700195312e-02
2.246880531311035156e-02
2.009391784667968750e-02
1.735115051269531250e-02
1.114034652709960938e-02
7.179021835327148438e-03
2.406644821166992188e-02
1.885747909545898438e-02
1.747107505798339844e-02
1.384687423706054688e-02
7.076740264892578125e-03
6.922245025634765625e-03
2.193856239318847656e-02
2.027368545532226562e-02
1.743507385253906250e-02
7.183313369750976562e-03
6.930589675903320312e-03
6.942987442016601562e-03
2.403926849365234375e-02
1.968431472778320312e-02
1.908373832702636719e-02
1.828241348266601562e-02
1.757478713989257812e-02
7.124423980712890625e-03
1.990437507629394531e-02
1.474022865295410156e-02
1.253962516784667969e-02
1.473402976989746094e-02
1.475167274475097656e-02
1.471018791198730469e-02
2.015829086303710938e-02
1.479196548461914062e-02
1.260852813720703125e-02
1.479077339172363281e-02
1.467108726501464844e-02
1.477122306823730469e-02
2.001142501831054688e-02
1.471328735351562500e-02
1.271867752075195312e-02
1.475572586059570312e-02
1.435041427612304688e-02
1.434612274169921875e-02
1.615691184997558594e-02
1.100611686706542969e-02
6.954669952392578125e-03
6.948947906494140625e-03
9.701967239379882812e-03
7.149934768676757812e-03
1.789736747741699219e-02
1.363205909729003906e-02
6.978273391723632812e-03
6.978511810302734375e-03
2.292346954345703125e-02
1.952052116394042969e-02
1.821565628051757812e-02
2.002334594726562500e-02
1.656675338745117188e-02
1.217365264892578125e-02
1.213049888610839844e-02
1.217889785766601562e-02
2.270960807800292969e-02
2.298808097839355469e-02
2.313971519470214844e-02
2.369070053100585938e-02
2.197551727294921875e-02
2.261424064636230469e-02
2.367258071899414062e-02
2.335619926452636719e-02
2.328062057495117188e-02
2.353739738464355469e-02
2.326679229736328125e-02
2.352786064147949219e-02
2.342176437377929688e-02
2.332997322082519531e-02
2.323031425476074219e-02
2.460646629333496094e-02
2.145218849182128906e-02
2.311182022094726562e-02
2.451109886169433594e-02
1.080441474914550781e-02
2.336788177490234375e-02
2.339649200439453125e-02
2.210783958435058594e-02
2.229142189025878906e-02
2.310895919799804688e-02
1.770639419555664062e-02
1.751255989074707031e-02
1.764225959777832031e-02
1.999378204345703125e-02
1.099395751953125000e-02
2.356863021850585938e-02
2.221322059631347656e-02
2.343988418579101562e-02
2.207946777343750000e-02
2.212524414062500000e-02
2.334237098693847656e-02
2.264833450317382812e-02
2.190160751342773438e-02
2.346968650817871094e-02
2.339100837707519531e-02
2.333831787109375000e-02
2.222752571105957031e-02
2.294039726257324219e-02
2.343463897705078125e-02
2.352809906005859375e-02
2.231407165527343750e-02
2.216219902038574219e-02
1.095700263977050781e-02
2.474617958068847656e-02
2.202177047729492188e-02
1.797389984130859375e-02
6.960868835449218750e-03
6.948947906494140625e-03
6.963968276977539062e-03
1.809740066528320312e-02
1.788473129272460938e-02
1.717710494995117188e-02
1.753067970275878906e-02
1.779294013977050781e-02
1.873683929443359375e-02
2.000904083251953125e-02
1.652812957763671875e-02
1.430916786193847656e-02
1.565909385681152344e-02
1.525926589965820312e-02
1.545476913452148438e-02
2.019309997558593750e-02
1.430797576904296875e-02
9.933233261108398438e-03
1.464200019836425781e-02
1.774096488952636719e-02
1.761937141418457031e-02
1.995015144348144531e-02
1.303434371948242188e-02
1.216793060302734375e-02
6.733417510986328125e-03
2.004861831665039062e-02
1.805400848388671875e-02
1.985549926757812500e-02
1.658010482788085938e-02
1.425600051879882812e-02
1.448035240173339844e-02
1.436781883239746094e-02
1.434040069580078125e-02
1.700282096862792969e-02
1.975512504577636719e-02
1.658535003662109375e-02
1.063942909240722656e-02
7.102727890014648438e-03
6.958723068237304688e-03
2.333569526672363281e-02
2.227354049682617188e-02
1.866602897644042969e-02
1.661920547485351562e-02
1.390337944030761719e-02
1.213216781616210938e-02
2.377676963806152344e-02
2.342414855957031250e-02
2.337121963500976562e-02
2.210640907287597656e-02
2.454566955566406250e-02
2.280783653259277344e-02
2.348732948303222656e-02
1.085495948791503906e-02
2.740049362182617188e-02
2.673459053039550781e-02
2.674126625061035156e-02
2.627372741699218750e-02
2.458262443542480469e-02
2.442312240600585938e-02
2.457046508789062500e-02
2.365231513977050781e-02
2.327179908752441406e-02
2.291870117187500000e-02
1.518106460571289062e-02
7.012605667114257812e-03
6.919145584106445312e-03
6.942987442016601562e-03
1.512098312377929688e-02
1.855897903442382812e-02
2.361869812011718750e-02
1.982212066650390625e-02
1.666235923767089844e-02
6.976366043090820312e-03
6.955623626708984375e-03
7.001399993896484375e-03
2.241015434265136719e-02
2.225184440612792969e-02
1.608991622924804688e-02
1.305508613586425781e-02
1.263785362243652344e-02
6.514549255371093750e-03
2.329730987548828125e-02
1.978802680969238281e-02
1.497960090637207031e-02
1.412916183471679688e-02
7.337093353271484375e-03
7.300853729248046875e-03
2.377557754516601562e-02
1.743435859680175781e-02
1.634693145751953125e-02
6.972551345825195312e-03
6.947755813598632812e-03
6.941318511962890625e-03
1.954126358032226562e-02
1.678156852722167969e-02
1.756358146667480469e-02
1.878118515014648438e-02
1.777625083923339844e-02
1.795053482055664062e-02
2.001905441284179688e-02
1.763558387756347656e-02
1.766490936279296875e-02
1.689863204956054688e-02
1.745676994323730469e-02
1.767396926879882812e-02
1.988625526428222656e-02
1.789689064025878906e-02
1.765251159667968750e-02
8.503675460815429688e-03
1.989412307739257812e-02
1.770949363708496094e-02
1.999783515930175781e-02
1.792502403259277344e-02
1.759719848632812500e-02
1.781463623046875000e-02
1.753640174865722656e-02
1.775884628295898438e-02
1.996326446533203125e-02
1.777839660644531250e-02
1.770710945129394531e-02
1.779103279113769531e-02
1.783895492553710938e-02
1.770853996276855469e-02
1.691222190856933594e-02
1.527881622314453125e-02
1.640748977661132812e-02
1.728200912475585938e-02
1.748108863830566406e-02
1.763701438903808594e-02
2.014613151550292969e-02
1.691484451293945312e-02
1.493954658508300781e-02
1.649689674377441406e-02
1.636672019958496094e-02
1.644468307495117188e-02
2.009701728820800781e-02
7.118940353393554688e-03
2.303743362426757812e-02
1.711082458496093750e-02
1.483750343322753906e-02
1.848459243774414062e-02
2.006506919860839844e-02
1.773786544799804688e-02
1.431822776794433594e-02
1.521849632263183594e-02
1.288628578186035156e-02
7.619619369506835938e-03
2.010560035705566406e-02
1.796436309814453125e-02
1.452207565307617188e-02
1.273894309997558594e-02
1.255655288696289062e-02
1.272249221801757812e-02
1.920819282531738281e-02
1.838874816894531250e-02
1.522803306579589844e-02
1.482415199279785156e-02
1.531338691711425781e-02
1.250839233398437500e-02
2.414369583129882812e-02
2.255058288574218750e-02
2.256822586059570312e-02
2.252507209777832031e-02
2.274370193481445312e-02
9.941101074218750000e-03
2.192473411560058594e-02
2.275681495666503906e-02
2.400922775268554688e-02
2.298545837402343750e-02
2.253174781799316406e-02
2.193045616149902344e-02
2.387142181396484375e-02
2.267932891845703125e-02
2.247714996337890625e-02
2.285480499267578125e-02
2.260041236877441406e-02
2.211284637451171875e-02
2.452421188354492188e-02
2.112293243408203125e-02
2.228546142578125000e-02
2.093029022216796875e-02
2.240514755249023438e-02
2.306461334228515625e-02
2.009892463684082031e-02
1.746845245361328125e-02
1.776051521301269531e-02
1.757621765136718750e-02
1.814770698547363281e-02
1.747465133666992188e-02
1.924395561218261719e-02
1.726269721984863281e-02
1.723051071166992188e-02
8.901357650756835938e-03
1.918435096740722656e-02
1.752972602844238281e-02
1.768708229064941406e-02
1.665973663330078125e-02
1.273965835571289062e-02
1.119923591613769531e-02
1.112818717956542969e-02
1.110148429870605469e-02
1.768755912780761719e-02
1.660609245300292969e-02
1.365947723388671875e-02
1.111507415771484375e-02
1.116347312927246094e-02
1.159906387329101562e-02
1.999378204345703125e-02
1.966094970703125000e-02
1.666975021362304688e-02
1.162552833557128906e-02
9.918212890625000000e-03
9.902715682983398438e-03
1.712012290954589844e-02
1.858377456665039062e-02
1.864051818847656250e-02
1.657009124755859375e-02
1.031970977783203125e-02
6.986141204833984375e-03
2.336883544921875000e-02
1.072263717651367188e-02
2.430129051208496094e-02
1.951456069946289062e-02
2.052545547485351562e-02
2.164649963378906250e-02
2.227807044982910156e-02
2.185058593750000000e-02
2.333116531372070312e-02
2.344417572021484375e-02
2.218103408813476562e-02
2.230620384216308594e-02
2.349829673767089844e-02
2.211260795593261719e-02
2.225613594055175781e-02
2.369856834411621094e-02
2.217245101928710938e-02
2.220654487609863281e-02
2.343487739562988281e-02
2.339124679565429688e-02
2.291727066040039062e-02
2.249240875244140625e-02
2.298069000244140625e-02
2.358317375183105469e-02
1.861381530761718750e-02
1.889538764953613281e-02
1.676702499389648438e-02
1.734399795532226562e-02
1.745915412902832031e-02
8.486986160278320312e-03
2.172803878784179688e-02
1.403665542602539062e-02
9.980440139770507812e-03
1.475048065185546875e-02
1.734590530395507812e-02
1.782512664794921875e-02
1.996994018554687500e-02
1.796984672546386719e-02
1.764869689941406250e-02
1.779818534851074219e-02
1.779651641845703125e-02
1.764893531799316406e-02
2.009201049804687500e-02
1.800680160522460938e-02
1.770877838134765625e-02
1.761770248413085938e-02
1.756954193115234375e-02
1.762342453002929688e-02
2.005171775817871094e-02
1.769089698791503906e-02
1.781272888183593750e-02
1.789498329162597656e-02
1.795625686645507812e-02
1.791119575500488281e-02
1.699662208557128906e-02
1.796841621398925781e-02
2.024698257446289062e-02
7.321357727050781250e-03
2.753210067749023438e-02
2.582406997680664062e-02
2.627730369567871094e-02
2.688360214233398438e-02
2.736377716064453125e-02
2.180814743041992188e-02
1.880693435668945312e-02
1.761555671691894531e-02
2.435755729675292969e-02
2.177357673645019531e-02
1.781129837036132812e-02
1.137304306030273438e-02
6.993055343627929688e-03
6.996631622314453125e-03
2.348518371582031250e-02
2.410888671875000000e-02
2.137851715087890625e-02
2.097177505493164062e-02
1.473593711853027344e-02
1.445269584655761719e-02
2.351474761962890625e-02
1.917266845703125000e-02
1.480150222778320312e-02
1.033115386962890625e-02
1.080965995788574219e-02
1.103639602661132812e-02
2.074933052062988281e-02
8.189201354980468750e-03
2.204680442810058594e-02
2.250623703002929688e-02
1.792120933532714844e-02
1.439881324768066406e-02
2.375769615173339844e-02
2.425765991210937500e-02
2.114677429199218750e-02
1.732254028320312500e-02
1.203799247741699219e-02
7.329225540161132812e-03
2.115893363952636719e-02
1.566720008850097656e-02
9.180784225463867188e-03
7.010221481323242188e-03
6.976604461669921875e-03
6.943702697753906250e-03
2.233004570007324219e-02
1.715779304504394531e-02
1.316523551940917969e-02
1.122117042541503906e-02
1.184558868408203125e-02
1.208186149597167969e-02
2.395296096801757812e-02
2.125120162963867188e-02
1.523399353027343750e-02
1.429986953735351562e-02
7.405042648315429688e-03
6.025314331054687500e-03
2.366375923156738281e-02
2.090978622436523438e-02
2.033090591430664062e-02
2.112960815429687500e-02
2.111411094665527344e-02
2.098011970520019531e-02
2.286696434020996094e-02
2.282166481018066406e-02
2.308416366577148438e-02
2.272653579711914062e-02
2.101516723632812500e-02
1.657867431640625000e-02
2.202939987182617188e-02
2.326560020446777344e-02
2.320742607116699219e-02
2.343916893005371094e-02
2.020907402038574219e-02
1.953625679016113281e-02
2.002644538879394531e-02
2.112817764282226562e-02
2.125287055969238281e-02
2.118897438049316406e-02
2.108860015869140625e-02
2.263355255126953125e-02
2.281689643859863281e-02
2.311015129089355469e-02
2.295303344726562500e-02
1.072478294372558594e-02
2.031445503234863281e-02
2.076005935668945312e-02
2.267670631408691406e-02
2.333092689514160156e-02
1.706480979919433594e-02
1.699328422546386719e-02
1.772308349609375000e-02
1.703977584838867188e-02
2.356982231140136719e-02
2.181506156921386719e-02
2.086114883422851562e-02
2.077627182006835938e-02
2.225184440612792969e-02
1.994156837463378906e-02
2.281594276428222656e-02
2.194643020629882812e-02
2.191090583801269531e-02
2.192926406860351562e-02
2.331113815307617188e-02
2.138280868530273438e-02
2.200794219970703125e-02
2.302765846252441406e-02
2.315640449523925781e-02
2.291917800903320312e-02
2.245593070983886719e-02
2.241945266723632812e-02
2.409338951110839844e-02
1.048922538757324219e-02
2.412438392639160156e-02
2.298045158386230469e-02
2.282905578613281250e-02
2.351331710815429688e-02
1.897597312927246094e-02
8.969306945800781250e-03
7.363796234130859375e-03
7.354497909545898438e-03
7.317066192626953125e-03
1.234912872314453125e-02
1.924276351928710938e-02
1.632618904113769531e-02
1.157355308532714844e-02
9.975671768188476562e-03
1.000499725341796875e-02
9.794950485229492188e-03
1.924562454223632812e-02
1.365780830383300781e-02
1.147675514221191406e-02
1.262354850769042969e-02
1.185655593872070312e-02
1.113462448120117188e-02
1.960492134094238281e-02
1.949715614318847656e-02
1.608514785766601562e-02
1.535844802856445312e-02
1.717019081115722656e-02
7.889270782470703125e-03
1.916050910949707031e-02
1.676511764526367188e-02
1.232981681823730469e-02
1.185011863708496094e-02
1.198077201843261719e-02
1.178693771362304688e-02
1.668787002563476562e-02
1.651096343994140625e-02
9.944200515747070312e-03
7.154941558837890625e-03
6.988286972045898438e-03
9.256839752197265625e-03
2.165317535400390625e-02
2.030444145202636719e-02
1.508879661560058594e-02
1.285052299499511719e-02
1.179909706115722656e-02
1.191854476928710938e-02
2.190375328063964844e-02
2.025222778320312500e-02
1.479411125183105469e-02
1.282000541687011719e-02
1.182174682617187500e-02
1.214408874511718750e-02
2.377438545227050781e-02
1.739692687988281250e-02
1.376891136169433594e-02
5.447626113891601562e-03
2.352166175842285156e-02
1.974296569824218750e-02
2.183580398559570312e-02
1.962089538574218750e-02
1.487159729003906250e-02
1.258516311645507812e-02
1.179647445678710938e-02
1.166462898254394531e-02
2.006626129150390625e-02
1.531457901000976562e-02
1.717638969421386719e-02
1.799678802490234375e-02
1.669096946716308594e-02
1.748800277709960938e-02
1.841592788696289062e-02
1.503324508666992188e-02
1.699972152709960938e-02
1.500415802001953125e-02
1.689910888671875000e-02
1.679992675781250000e-02
1.854968070983886719e-02
1.498246192932128906e-02
1.515531539916992188e-02
1.687407493591308594e-02
1.760411262512207031e-02
1.491880416870117188e-02
2.025532722473144531e-02
7.165908813476562500e-03
2.005505561828613281e-02
1.513600349426269531e-02
1.342606544494628906e-02
1.373195648193359375e-02
1.981186866760253906e-02
1.306509971618652344e-02
1.375365257263183594e-02
1.307678222656250000e-02
1.340794563293457031e-02
1.345682144165039062e-02
1.700997352600097656e-02
1.660919189453125000e-02
1.677227020263671875e-02
1.801943778991699219e-02
1.672291755676269531e-02
1.652050018310546875e-02
1.979303359985351562e-02
1.678943634033203125e-02
1.669216156005859375e-02
1.677489280700683594e-02
1.675558090209960938e-02
1.679086685180664062e-02
2.040863037109375000e-02
1.494884490966796875e-02
1.338434219360351562e-02
1.402711868286132812e-02
1.323938369750976562e-02
1.022267341613769531e-02
2.167510986328125000e-02
1.662397384643554688e-02
1.573967933654785156e-02
1.266741752624511719e-02
1.321148872375488281e-02
1.344180107116699219e-02
2.030014991760253906e-02
1.513385772705078125e-02
1.341986656188964844e-02
1.346802711486816406e-02
1.348686218261718750e-02
1.326704025268554688e-02
1.934123039245605469e-02
1.973199844360351562e-02
2.250719070434570312e-02
1.942563056945800781e-02
1.468634605407714844e-02
1.076912879943847656e-02
2.347326278686523438e-02
1.965212821960449219e-02
1.482295989990234375e-02
1.079368591308593750e-02
1.110196113586425781e-02
1.111340522766113281e-02
2.214455604553222656e-02
2.217864990234375000e-02
2.237534523010253906e-02
9.397745132446289062e-03
2.375102043151855469e-02
2.108025550842285156e-02
2.376151084899902344e-02
2.105784416198730469e-02
1.925468444824218750e-02
1.962900161743164062e-02
1.114296913146972656e-02
6.930589675903320312e-03
2.201700210571289062e-02
2.062606811523437500e-02
1.664376258850097656e-02
1.288151741027832031e-02
1.223444938659667969e-02
1.167321205139160156e-02
1.704025268554687500e-02
1.441121101379394531e-02
1.209568977355957031e-02
1.206827163696289062e-02
1.212096214294433594e-02
1.205754280090332031e-02
2.208733558654785156e-02
2.345395088195800781e-02
2.392959594726562500e-02
2.276897430419921875e-02
2.154207229614257812e-02
1.747393608093261719e-02
2.216100692749023438e-02
1.083421707153320312e-02
2.412748336791992188e-02
1.979398727416992188e-02
1.485776901245117188e-02
1.073646545410156250e-02
1.946020126342773438e-02
1.980495452880859375e-02
2.025675773620605469e-02
2.113461494445800781e-02
2.266812324523925781e-02
2.097320556640625000e-02
2.454257011413574219e-02
2.093172073364257812e-02
2.085280418395996094e-02
2.083539962768554688e-02
1.935625076293945312e-02
1.938033103942871094e-02
1.680040359497070312e-02
1.656723022460937500e-02
1.505327224731445312e-02
1.272201538085937500e-02
1.044821739196777344e-02
1.110458374023437500e-02
2.223539352416992188e-02
2.171301841735839844e-02
2.231574058532714844e-02
2.257561683654785156e-02
1.734781265258789062e-02
6.060361862182617188e-03
2.365946769714355469e-02
1.964902877807617188e-02
1.468038558959960938e-02
1.046681404113769531e-02
1.117157936096191406e-02
1.116156578063964844e-02
2.397274971008300781e-02
1.964044570922851562e-02
1.497483253479003906e-02
1.053476333618164062e-02
1.119351387023925781e-02
1.111841201782226562e-02
2.189040184020996094e-02
2.067065238952636719e-02
1.665878295898437500e-02
1.290082931518554688e-02
1.225781440734863281e-02
1.231646537780761719e-02
1.958727836608886719e-02
1.525068283081054688e-02
1.512837409973144531e-02
1.479268074035644531e-02
1.240539550781250000e-02
1.084470748901367188e-02
2.391314506530761719e-02
2.018642425537109375e-02
1.495623588562011719e-02
5.310058593750000000e-03
2.381157875061035156e-02
2.110457420349121094e-02
2.348875999450683594e-02
2.213931083679199219e-02
2.238655090332031250e-02
2.256417274475097656e-02
1.795220375061035156e-02
1.821923255920410156e-02
2.385711669921875000e-02
1.965761184692382812e-02
1.522564888000488281e-02
1.074957847595214844e-02
1.116943359375000000e-02
1.122021675109863281e-02
2.179503440856933594e-02
2.066111564636230469e-02
2.229857444763183594e-02
2.258920669555664062e-02
1.669359207153320312e-02
1.644873619079589844e-02
1.292824745178222656e-02
1.462507247924804688e-02
1.769113540649414062e-02
1.801538467407226562e-02
6.905317306518554688e-03
6.947517395019531250e-03
2.380776405334472656e-02
1.015639305114746094e-02
2.328300476074218750e-02
2.422833442687988281e-02
2.093791961669921875e-02
1.966261863708496094e-02
2.380609512329101562e-02
2.204370498657226562e-02
2.039742469787597656e-02
1.734709739685058594e-02
1.251268386840820312e-02
1.283049583435058594e-02
2.382206916809082031e-02
2.207660675048828125e-02
2.213072776794433594e-02
2.206873893737792969e-02
2.209019660949707031e-02
2.218556404113769531e-02
2.367067337036132812e-02
2.263712882995605469e-02
1.964426040649414062e-02
1.518344879150390625e-02
1.086807250976562500e-02
1.120924949645996094e-02
1.972150802612304688e-02
1.535606384277343750e-02
1.475977897644042969e-02
1.219773292541503906e-02
1.078414916992187500e-02
6.273746490478515625e-03
2.343297004699707031e-02
1.963210105895996094e-02
1.470947265625000000e-02
1.038050651550292969e-02
1.183152198791503906e-02
1.224303245544433594e-02
2.151107788085937500e-02
2.248787879943847656e-02
1.685857772827148438e-02
1.420307159423828125e-02
6.957292556762695312e-03
6.965160369873046875e-03
2.372765541076660156e-02
1.964068412780761719e-02
1.465034484863281250e-02
9.291648864746093750e-03
6.960153579711914062e-03
6.933212280273437500e-03
2.179622650146484375e-02
2.229285240173339844e-02
1.718854904174804688e-02
1.288628578186035156e-02
1.121664047241210938e-02
1.111888885498046875e-02
2.115440368652343750e-02
1.958584785461425781e-02
1.751756668090820312e-02
5.627632141113281250e-03
2.369904518127441406e-02
1.978039741516113281e-02
2.191090583801269531e-02
2.244758605957031250e-02
1.689839363098144531e-02
1.279211044311523438e-02
1.117038726806640625e-02
1.121258735656738281e-02
2.226138114929199219e-02
1.691985130310058594e-02
1.263856887817382812e-02
1.122498512268066406e-02
1.123571395874023438e-02
1.120448112487792969e-02
2.179193496704101562e-02
2.244019508361816406e-02
1.710605621337890625e-02
1.538252830505371094e-02
1.031398773193359375e-02
1.120305061340332031e-02
2.345299720764160156e-02
1.970052719116210938e-02
1.485443115234375000e-02
1.035332679748535156e-02
1.108646392822265625e-02
1.117181777954101562e-02
2.110552787780761719e-02
8.996725082397460938e-03
2.704286575317382812e-02
2.195715904235839844e-02
2.022504806518554688e-02
1.967978477478027344e-02
2.552366256713867188e-02
2.419185638427734375e-02
1.892018318176269531e-02
1.884078979492187500e-02
1.744031906127929688e-02
7.656574249267578125e-03
2.490878105163574219e-02
1.956295967102050781e-02
2.164745330810546875e-02
1.867818832397460938e-02
1.353597640991210938e-02
1.107335090637207031e-02
2.383279800415039062e-02
2.110099792480468750e-02
1.914906501770019531e-02
1.119971275329589844e-02
6.990432739257812500e-03
6.934642791748046875e-03
2.288079261779785156e-02
1.925134658813476562e-02
1.940274238586425781e-02
1.945304870605468750e-02
1.791620254516601562e-02
5.382299423217773438e-03
2.072358131408691406e-02
1.923894882202148438e-02
1.826024055480957031e-02
1.256370544433593750e-02
1.238775253295898438e-02
1.208090782165527344e-02
2.076768875122070312e-02
2.087187767028808594e-02
2.055573463439941406e-02
2.086687088012695312e-02
2.096438407897949219e-02
2.104425430297851562e-02
2.115178108215332031e-02
2.098846435546875000e-02
2.109146118164062500e-02
2.090382575988769531e-02
2.229619026184082031e-02
1.924085617065429688e-02
2.270746231079101562e-02
1.961636543273925781e-02
1.779556274414062500e-02
1.315116882324218750e-02
1.214551925659179688e-02
1.210308074951171875e-02
2.279829978942871094e-02
1.922821998596191406e-02
1.858043670654296875e-02
5.948305130004882812e-03
2.318644523620605469e-02
1.937413215637207031e-02
1.967000961303710938e-02
1.703286170959472656e-02
1.713800430297851562e-02
1.860046386718750000e-02
1.690649986267089844e-02
9.121417999267578125e-03
2.108716964721679688e-02
2.103042602539062500e-02
2.110195159912109375e-02
2.103996276855468750e-02
2.096748352050781250e-02
2.273797988891601562e-02
2.090430259704589844e-02
2.075314521789550781e-02
2.196478843688964844e-02
2.190732955932617188e-02
1.741528511047363281e-02
1.752257347106933594e-02
2.107429504394531250e-02
2.106666564941406250e-02
2.164864540100097656e-02
2.108907699584960938e-02
2.119255065917968750e-02
2.063345909118652344e-02
2.281546592712402344e-02
9.377956390380859375e-03
2.296471595764160156e-02
2.156424522399902344e-02
2.076244354248046875e-02
2.096581459045410156e-02
2.109289169311523438e-02
1.692199707031250000e-02
1.375651359558105469e-02
1.202368736267089844e-02
1.265478134155273438e-02
7.136344909667968750e-03
2.073597908020019531e-02
2.134847640991210938e-02
2.108240127563476562e-02
2.101016044616699219e-02
1.932168006896972656e-02
1.801109313964843750e-02
2.286314964294433594e-02
1.933860778808593750e-02
1.890707015991210938e-02
1.483368873596191406e-02
1.378440856933593750e-02
1.130509376525878906e-02
2.096724510192871094e-02
1.944971084594726562e-02
1.702857017517089844e-02
1.753520965576171875e-02
1.655006408691406250e-02
5.684852600097656250e-03
2.258563041687011719e-02
2.062511444091796875e-02
2.081966400146484375e-02
1.919031143188476562e-02
1.876449584960937500e-02
1.614403724670410156e-02
1.261448860168457031e-02
7.767438888549804688e-03
7.778644561767578125e-03
7.724285125732421875e-03
7.811069488525390625e-03
7.820606231689453125e-03
1.277065277099609375e-02
7.805347442626953125e-03
7.793426513671875000e-03
7.756233215332031250e-03
7.725000381469726562e-03
7.823467254638671875e-03
1.150989532470703125e-02
8.199691772460937500e-03
7.813453674316406250e-03
7.779598236083984375e-03
1.190304756164550781e-02
7.829427719116210938e-03
1.276588439941406250e-02
7.795572280883789062e-03
7.735729217529296875e-03
6.654262542724609375e-03
1.045751571655273438e-02
7.772445678710937500e-03
1.270174980163574219e-02
7.753610610961914062e-03
7.771730422973632812e-03
7.761240005493164062e-03
7.746696472167968750e-03
7.774353027343750000e-03
