1.095000000000000001e-01
2.867999999999999994e-01
3.810000000000000053e-01
3.917999999999999816e-01
4.375999999999999890e-01
4.212000000000000188e-01
4.621000000000000107e-01
4.447999999999999732e-01
4.554000000000000270e-01
4.424000000000000155e-01
4.768999999999999906e-01
4.489000000000000212e-01
4.373000000000000220e-01
4.390000000000000013e-01
4.195999999999999730e-01
4.897000000000000242e-01
4.870999999999999774e-01
4.944000000000000061e-01
4.858999999999999986e-01
4.929999999999999938e-01
5.026000000000000467e-01
5.203999999999999737e-01
4.617999999999999883e-01
4.783000000000000029e-01
4.845999999999999752e-01
5.078000000000000291e-01
5.069000000000000172e-01
5.032999999999999696e-01
4.656000000000000139e-01
4.820999999999999730e-01
5.090999999999999970e-01
5.151999999999999913e-01
5.109000000000000208e-01
5.221999999999999975e-01
5.089000000000000190e-01
4.961999999999999744e-01
5.087000000000000410e-01
4.718999999999999861e-01
4.944000000000000061e-01
5.122999999999999776e-01
5.157000000000000473e-01
4.950999999999999845e-01
4.938000000000000167e-01
4.966999999999999749e-01
4.922000000000000264e-01
5.104999999999999538e-01
5.142999999999999794e-01
5.153999999999999693e-01
5.032999999999999696e-01
5.060000000000000053e-01
4.884999999999999898e-01
4.994999999999999996e-01
5.033999999999999586e-01
4.981999999999999762e-01
5.046000000000000485e-01
5.160000000000000142e-01
5.118000000000000327e-01
5.167000000000000481e-01
5.256999999999999451e-01
5.067000000000000393e-01
5.131999999999999895e-01
5.002999999999999670e-01
5.090999999999999970e-01
5.071999999999999842e-01
5.149000000000000243e-01
5.162999999999999812e-01
5.078000000000000291e-01
4.848999999999999977e-01
4.874999999999999889e-01
5.104999999999999538e-01
4.975999999999999868e-01
5.091999999999999860e-01
4.928000000000000158e-01
4.945999999999999841e-01
4.974999999999999978e-01
5.031999999999999806e-01
5.089000000000000190e-01
5.164999999999999591e-01
5.138000000000000345e-01
5.163999999999999702e-01
5.130000000000000115e-01
5.061999999999999833e-01
5.001999999999999780e-01
5.151999999999999913e-01
5.185999999999999499e-01
5.086000000000000520e-01
4.905999999999999805e-01
4.890999999999999792e-01
5.059000000000000163e-01
5.209000000000000297e-01
5.091999999999999860e-01
5.170000000000000151e-01
4.989999999999999991e-01
5.133999999999999675e-01
5.174999999999999600e-01
5.068000000000000282e-01
5.131999999999999895e-01
5.037000000000000366e-01
5.108000000000000318e-01
5.102999999999999758e-01
