6.953651428222656250e+00
5.935644149780273438e+00
4.784804344177246094e+00
3.533214807510375977e+00
2.479678392410278320e+00
2.120253324508666992e+00
2.766180515289306641e+00
2.153315544128417969e+00
1.701692700386047363e+00
1.634237647056579590e+00
1.676165699958801270e+00
1.683161616325378418e+00
2.218259334564208984e+00
1.832378268241882324e+00
1.529992341995239258e+00
1.658601045608520508e+00
1.558817028999328613e+00
1.629605054855346680e+00
1.978873848915100098e+00
1.613693118095397949e+00
1.657324433326721191e+00
1.317732095718383789e+00
1.380908131599426270e+00
1.382887005805969238e+00
1.874725818634033203e+00
1.578092932701110840e+00
1.387528538703918457e+00
1.412748336791992188e+00
1.405221104621887207e+00
1.607720255851745605e+00
1.955738782882690430e+00
1.491603016853332520e+00
1.479523301124572754e+00
1.283290028572082520e+00
1.154751420021057129e+00
1.292995452880859375e+00
1.873492956161499023e+00
1.555113911628723145e+00
1.426947116851806641e+00
1.608905792236328125e+00
1.321050882339477539e+00
1.515743017196655273e+00
1.857142210006713867e+00
1.654427528381347656e+00
1.390664696693420410e+00
1.483422398567199707e+00
1.122646331787109375e+00
1.188652038574218750e+00
1.775853753089904785e+00
1.337735295295715332e+00
1.353514432907104492e+00
1.148729324340820312e+00
1.404842615127563477e+00
1.268301010131835938e+00
1.851508259773254395e+00
1.404117822647094727e+00
1.422742962837219238e+00
1.207906603813171387e+00
1.173080444335937500e+00
1.418197870254516602e+00
1.742614626884460449e+00
1.475936532020568848e+00
1.315404772758483887e+00
1.507455587387084961e+00
1.147634029388427734e+00
1.614239573478698730e+00
1.758858919143676758e+00
1.261323213577270508e+00
1.378488063812255859e+00
1.379157781600952148e+00
1.238532543182373047e+00
1.308521151542663574e+00
1.443050384521484375e+00
1.281189203262329102e+00
1.030623555183410645e+00
1.082531929016113281e+00
1.302947521209716797e+00
1.409005761146545410e+00
1.553315639495849609e+00
1.352156162261962891e+00
1.143201589584350586e+00
1.360898256301879883e+00
1.205898761749267578e+00
1.209104418754577637e+00
1.529814124107360840e+00
1.154752612113952637e+00
1.040225982666015625e+00
1.154150128364562988e+00
1.223268389701843262e+00
1.306519746780395508e+00
1.505373716354370117e+00
1.085742235183715820e+00
1.332239985466003418e+00
1.052052021026611328e+00
9.911256432533264160e-01
1.182314991950988770e+00
1.432461619377136230e+00
1.224550962448120117e+00
1.023254513740539551e+00
1.207374453544616699e+00
1.168983936309814453e+00
1.211059570312500000e+00
1.585349559783935547e+00
1.036515474319458008e+00
1.013805508613586426e+00
1.237778663635253906e+00
1.131277441978454590e+00
1.196723818778991699e+00
1.343324422836303711e+00
1.147913575172424316e+00
1.112076520919799805e+00
1.029533267021179199e+00
1.136301040649414062e+00
1.180529117584228516e+00
1.622416734695434570e+00
1.206294059753417969e+00
1.120013833045959473e+00
1.130916953086853027e+00
1.143981218338012695e+00
9.802357554435729980e-01
1.501742959022521973e+00
9.470149278640747070e-01
1.017346978187561035e+00
1.024880886077880859e+00
1.091272950172424316e+00
1.226669311523437500e+00
1.362533688545227051e+00
9.539429545402526855e-01
9.657841324806213379e-01
1.008513212203979492e+00
9.188135862350463867e-01
9.175280928611755371e-01
1.448737621307373047e+00
9.427203536033630371e-01
1.322439432144165039e+00
1.086236476898193359e+00
9.207041263580322266e-01
1.083398222923278809e+00
1.388711571693420410e+00
9.518272280693054199e-01
1.080528020858764648e+00
1.073480963706970215e+00
8.749958872795104980e-01
1.335502028465270996e+00
1.428988814353942871e+00
8.285140991210937500e-01
8.802580237388610840e-01
1.103927850723266602e+00
9.074349403381347656e-01
1.014829993247985840e+00
1.214108109474182129e+00
9.630514383316040039e-01
7.542655467987060547e-01
8.638261556625366211e-01
9.470529556274414062e-01
1.076254963874816895e+00
1.402261137962341309e+00
9.008545875549316406e-01
9.444633126258850098e-01
8.918287158012390137e-01
8.666109442710876465e-01
1.170060634613037109e+00
1.168666005134582520e+00
8.110905885696411133e-01
9.715036153793334961e-01
1.058891415596008301e+00
1.262358784675598145e+00
1.159977793693542480e+00
1.297544717788696289e+00
9.090060591697692871e-01
9.390786886215209961e-01
8.512039184570312500e-01
9.846291542053222656e-01
1.076716303825378418e+00
1.228875756263732910e+00
8.393927812576293945e-01
8.564985990524291992e-01
9.588923454284667969e-01
8.330630660057067871e-01
1.116943359375000000e+00
9.140122532844543457e-01
7.469015121459960938e-01
8.921782374382019043e-01
8.228824138641357422e-01
1.000076889991760254e+00
7.261549830436706543e-01
1.321417093276977539e+00
9.135326147079467773e-01
9.116252660751342773e-01
8.438788652420043945e-01
8.674145340919494629e-01
9.076865315437316895e-01
1.245235800743103027e+00
8.193005919456481934e-01
6.592074036598205566e-01
7.356588840484619141e-01
8.008443117141723633e-01
7.638987898826599121e-01
1.249065995216369629e+00
7.480582594871520996e-01
8.342352509498596191e-01
7.667410373687744141e-01
8.185729980468750000e-01
8.671267628669738770e-01
1.178384065628051758e+00
6.219699978828430176e-01
8.106499314308166504e-01
7.746177315711975098e-01
7.995962500572204590e-01
9.211472272872924805e-01
1.419907808303833008e+00
6.369435787200927734e-01
6.966581344604492188e-01
9.313805103302001953e-01
9.879828095436096191e-01
9.692773222923278809e-01
1.088291525840759277e+00
7.089362740516662598e-01
6.673189401626586914e-01
7.435091137886047363e-01
8.346781730651855469e-01
1.080913782119750977e+00
1.001122951507568359e+00
8.593036532402038574e-01
8.092853426933288574e-01
7.511929273605346680e-01
6.592650413513183594e-01
8.127179741859436035e-01
1.104014396667480469e+00
7.266847491264343262e-01
6.521927714347839355e-01
5.633457303047180176e-01
7.150605320930480957e-01
7.065737247467041016e-01
9.564228653907775879e-01
7.344303131103515625e-01
7.233031988143920898e-01
6.821026206016540527e-01
8.458718061447143555e-01
7.951778769493103027e-01
1.018450021743774414e+00
6.087099313735961914e-01
5.545527338981628418e-01
7.415838241577148438e-01
7.581489086151123047e-01
5.930866003036499023e-01
8.423699140548706055e-01
6.783043742179870605e-01
5.421556830406188965e-01
6.738594174385070801e-01
7.134838104248046875e-01
8.011118173599243164e-01
1.279807329177856445e+00
5.784848332405090332e-01
6.069477200508117676e-01
1.087823271751403809e+00
6.500156521797180176e-01
8.566848039627075195e-01
9.065937399864196777e-01
6.645587086677551270e-01
5.355675220489501953e-01
7.259430289268493652e-01
8.663985133171081543e-01
8.065132498741149902e-01
9.584162831306457520e-01
5.678522586822509766e-01
7.604883313179016113e-01
8.479403853416442871e-01
8.557475209236145020e-01
8.948564529418945312e-01
8.680821657180786133e-01
5.585786700248718262e-01
6.336931586265563965e-01
7.404701113700866699e-01
6.282171607017517090e-01
7.639686465263366699e-01
9.567296504974365234e-01
6.560646295547485352e-01
5.998764038085937500e-01
6.493455171585083008e-01
8.057895302772521973e-01
8.576939105987548828e-01
9.585763216018676758e-01
5.201354622840881348e-01
6.815877556800842285e-01
7.956572771072387695e-01
5.710698962211608887e-01
6.773688197135925293e-01
8.244578838348388672e-01
5.680298805236816406e-01
5.277609229087829590e-01
6.310349702835083008e-01
6.484963297843933105e-01
7.464726567268371582e-01
6.800143718719482422e-01
4.437765479087829590e-01
5.155739784240722656e-01
5.983680486679077148e-01
4.820368885993957520e-01
5.828003883361816406e-01
8.249503374099731445e-01
4.830791354179382324e-01
4.974735081195831299e-01
6.987860798835754395e-01
6.645464301109313965e-01
7.592265009880065918e-01
7.407640218734741211e-01
5.133563876152038574e-01
5.685402750968933105e-01
6.515986323356628418e-01
6.632478237152099609e-01
6.487033963203430176e-01
7.897307276725769043e-01
4.398885667324066162e-01
3.741520345211029053e-01
6.245907545089721680e-01
5.388385653495788574e-01
5.632750391960144043e-01
6.673138737678527832e-01
5.060173869132995605e-01
4.388336837291717529e-01
6.065312027931213379e-01
5.753743052482604980e-01
6.274827718734741211e-01
8.181716203689575195e-01
4.349687695503234863e-01
6.141977906227111816e-01
6.235017180442810059e-01
5.330235958099365234e-01
9.825400114059448242e-01
6.111044287681579590e-01
5.060660243034362793e-01
4.772136509418487549e-01
7.132793664932250977e-01
6.799622774124145508e-01
9.004364013671875000e-01
6.002498865127563477e-01
4.455166459083557129e-01
4.439725577831268311e-01
4.873922765254974365e-01
5.670819878578186035e-01
5.016720294952392578e-01
8.211261630058288574e-01
3.713229894638061523e-01
4.660443365573883057e-01
4.768981635570526123e-01
6.793901324272155762e-01
6.357843875885009766e-01
6.214728951454162598e-01
3.912300765514373779e-01
4.986939430236816406e-01
4.362990558147430420e-01
7.464421391487121582e-01
7.387911081314086914e-01
7.716555595397949219e-01
4.093633592128753662e-01
5.189284682273864746e-01
6.150256991386413574e-01
5.631411671638488770e-01
7.102531194686889648e-01
5.423802733421325684e-01
3.989304304122924805e-01
4.989193677902221680e-01
5.478012561798095703e-01
6.022632122039794922e-01
3.686123490333557129e-01
1.062158465385437012e+00
2.864865064620971680e-01
4.767629504203796387e-01
4.853511750698089600e-01
3.786032199859619141e-01
3.994383811950683594e-01
3.990057706832885742e-01
3.639191985130310059e-01
3.423644602298736572e-01
5.138117074966430664e-01
6.574389934539794922e-01
5.911281108856201172e-01
8.554271459579467773e-01
4.963924586772918701e-01
6.366293430328369141e-01
5.984778404235839844e-01
5.796542167663574219e-01
9.592574834823608398e-01
6.531952023506164551e-01
2.886024713516235352e-01
3.601529300212860107e-01
5.231081247329711914e-01
4.854266047477722168e-01
5.715518593788146973e-01
7.045975923538208008e-01
2.733205556869506836e-01
2.306229919195175171e-01
4.843019545078277588e-01
6.209463477134704590e-01
4.281369149684906006e-01
5.718338489532470703e-01
3.262310028076171875e-01
3.729290962219238281e-01
4.844128489494323730e-01
4.615605175495147705e-01
5.276583433151245117e-01
6.877212524414062500e-01
2.786439061164855957e-01
3.380845487117767334e-01
4.442116022109985352e-01
4.713573157787322998e-01
4.632285237312316895e-01
4.439299106597900391e-01
2.901355326175689697e-01
2.943198382854461670e-01
3.311087787151336670e-01
5.463808178901672363e-01
4.177501797676086426e-01
5.091775059700012207e-01
3.118914961814880371e-01
3.137443065643310547e-01
3.006630539894104004e-01
3.456854522228240967e-01
4.799259305000305176e-01
4.866805672645568848e-01
2.851732075214385986e-01
2.327740788459777832e-01
5.638306736946105957e-01
7.499450445175170898e-01
6.069209575653076172e-01
5.404956936836242676e-01
3.058235049247741699e-01
4.337088763713836670e-01
4.156994521617889404e-01
5.277952551841735840e-01
7.401567697525024414e-01
6.012980341911315918e-01
2.897117733955383301e-01
4.613652527332305908e-01
4.227305650711059570e-01
5.767443776130676270e-01
8.529024720191955566e-01
2.780402898788452148e-01
2.796106338500976562e-01
2.325951755046844482e-01
2.989653944969177246e-01
3.742134571075439453e-01
5.284261703491210938e-01
4.585223495960235596e-01
2.194085866212844849e-01
2.387199699878692627e-01
3.888346552848815918e-01
3.822971582412719727e-01
5.758595466613769531e-01
3.559291958808898926e-01
2.986701130867004395e-01
3.090664148330688477e-01
2.989639341831207275e-01
4.699175953865051270e-01
4.641824364662170410e-01
3.857268393039703369e-01
1.784415394067764282e-01
2.356110811233520508e-01
2.816587984561920166e-01
5.723545551300048828e-01
5.036919116973876953e-01
3.053850531578063965e-01
2.162169665098190308e-01
3.696239292621612549e-01
3.754793107509613037e-01
3.832275271415710449e-01
3.793421685695648193e-01
4.054984152317047119e-01
1.872189044952392578e-01
2.522836625576019287e-01
3.086195886135101318e-01
2.340286225080490112e-01
3.686026334762573242e-01
2.966064810752868652e-01
2.429099678993225098e-01
2.682290971279144287e-01
1.971655189990997314e-01
2.826347351074218750e-01
3.310830891132354736e-01
4.534689188003540039e-01
1.642890274524688721e-01
1.783834546804428101e-01
1.909560561180114746e-01
2.773196101188659668e-01
4.970791339874267578e-01
2.719811201095581055e-01
1.383180916309356689e-01
2.092987895011901855e-01
3.389852941036224365e-01
4.114942848682403564e-01
3.707087337970733643e-01
4.515084028244018555e-01
1.791048943996429443e-01
3.265574276447296143e-01
3.263351619243621826e-01
4.577429294586181641e-01
6.035072803497314453e-01
2.744289636611938477e-01
1.922235935926437378e-01
2.260120213031768799e-01
3.187751770019531250e-01
3.767587244510650635e-01
4.836201667785644531e-01
2.970718443393707275e-01
1.677978783845901489e-01
1.799505949020385742e-01
2.134270817041397095e-01
3.453077375888824463e-01
5.678697228431701660e-01
1.811420768499374390e-01
1.630637049674987793e-01
1.017776355147361755e-01
2.319133281707763672e-01
3.215359151363372803e-01
5.073928236961364746e-01
3.605214953422546387e-01
1.883164048194885254e-01
2.654229402542114258e-01
3.572362959384918213e-01
3.946125209331512451e-01
3.299388885498046875e-01
2.484004497528076172e-01
1.399130821228027344e-01
1.451956778764724731e-01
2.433101534843444824e-01
3.673503398895263672e-01
4.102825224399566650e-01
5.081699490547180176e-01
1.607137173414230347e-01
1.924285590648651123e-01
4.638220667839050293e-01
3.976733386516571045e-01
3.541847467422485352e-01
1.819253116846084595e-01
1.318753361701965332e-01
2.053632140159606934e-01
2.380032241344451904e-01
3.397160172462463379e-01
4.273611009120941162e-01
4.694649875164031982e-01
1.265923082828521729e-01
2.162755876779556274e-01
2.649362385272979736e-01
6.966732144355773926e-01
5.175749063491821289e-01
3.003941178321838379e-01
2.254632115364074707e-01
1.507467925548553467e-01
2.669588625431060791e-01
5.181001424789428711e-01
6.893858909606933594e-01
1.726496219635009766e-01
1.387637406587600708e-01
2.444882392883300781e-01
4.130593538284301758e-01
2.645401954650878906e-01
3.495298922061920166e-01
2.915596067905426025e-01
9.433930367231369019e-02
1.578903645277023315e-01
2.481929957866668701e-01
1.657678782939910889e-01
5.315227508544921875e-01
1.980102360248565674e-01
1.778344959020614624e-01
2.402136027812957764e-01
2.048144340515136719e-01
3.616650700569152832e-01
2.957799136638641357e-01
2.093841284513473511e-01
1.963677406311035156e-01
1.742103099822998047e-01
4.024958610534667969e-01
3.463883697986602783e-01
2.515676617622375488e-01
2.067342102527618408e-01
9.377239644527435303e-02
1.999179869890213013e-01
3.001525402069091797e-01
2.430826872587203979e-01
3.439695835113525391e-01
2.070446610450744629e-01
1.013596281409263611e-01
1.182097867131233215e-01
2.048741728067398071e-01
4.091253280639648438e-01
3.529386520385742188e-01
1.677978485822677612e-01
8.271718770265579224e-02
3.004121780395507812e-01
2.886790633201599121e-01
4.476325213909149170e-01
2.808037698268890381e-01
1.584145724773406982e-01
8.675651997327804565e-02
1.907011419534683228e-01
2.486408948898315430e-01
4.510806500911712646e-01
1.985119730234146118e-01
1.647402644157409668e-01
1.207160726189613342e-01
6.596413999795913696e-02
1.883534789085388184e-01
2.528426051139831543e-01
3.405874669551849365e-01
1.996839046478271484e-01
6.734727323055267334e-02
1.297721117734909058e-01
2.452010214328765869e-01
2.497148960828781128e-01
1.698855757713317871e-01
2.283148616552352905e-01
7.612714916467666626e-02
7.561262696981430054e-02
2.237712293863296509e-01
1.936474740505218506e-01
3.374270796775817871e-01
2.820919454097747803e-01
1.240380927920341492e-01
2.896480560302734375e-01
2.719796001911163330e-01
1.514624506235122681e-01
3.683383762836456299e-01
1.767972111701965332e-01
1.053876504302024841e-01
2.109853178262710571e-01
2.281793653964996338e-01
4.050368070602416992e-01
3.768773078918457031e-01
1.510696709156036377e-01
1.387848407030105591e-01
1.978861391544342041e-01
2.137593328952789307e-01
1.875694543123245239e-01
6.117264628410339355e-01
1.515351533889770508e-01
8.165435492992401123e-02
1.640180349349975586e-01
2.576319873332977295e-01
2.199564725160598755e-01
3.441393375396728516e-01
1.217909306287765503e-01
1.091658696532249451e-01
1.023532375693321228e-01
7.511986047029495239e-02
1.165720000863075256e-01
3.154843449592590332e-01
1.262587606906890869e-01
4.714226722717285156e-02
4.464212059974670410e-02
2.108383029699325562e-01
3.673817813396453857e-01
1.078988015651702881e-01
1.261630356311798096e-01
1.345440149307250977e-01
1.075272932648658752e-01
1.613232344388961792e-01
1.324747949838638306e-01
1.723140925168991089e-01
9.208425879478454590e-02
6.275852769613265991e-02
5.981752276420593262e-02
6.406842917203903198e-02
1.297727078199386597e-01
9.131944924592971802e-02
1.556444168090820312e-01
6.330353766679763794e-02
6.644792854785919189e-02
1.754834502935409546e-01
1.601531058549880981e-01
1.571934521198272705e-01
9.492630511522293091e-02
5.256770178675651550e-02
1.485531777143478394e-01
1.750493347644805908e-01
1.643733233213424683e-01
3.217278718948364258e-01
1.657666116952896118e-01
5.942600220441818237e-02
1.004334613680839539e-01
7.850049436092376709e-02
2.330951988697052002e-01
3.820892572402954102e-01
9.852826595306396484e-02
7.055605202913284302e-02
9.630198031663894653e-02
1.232430264353752136e-01
2.080613523721694946e-01
1.857921928167343140e-01
1.249914616346359253e-01
8.133026957511901855e-02
7.407949864864349365e-02
2.127885520458221436e-01
1.394563615322113037e-01
1.877736598253250122e-01
1.093570590019226074e-01
4.696873575448989868e-02
1.027828231453895569e-01
3.116014897823333740e-01
2.520114183425903320e-01
3.618987202644348145e-01
9.760548919439315796e-02
7.273696362972259521e-02
2.837377190589904785e-01
1.494345068931579590e-01
8.112522214651107788e-02
3.421848416328430176e-01
1.728539764881134033e-01
4.863801971077919006e-02
4.061906412243843079e-02
1.349825710058212280e-01
7.570741325616836548e-02
1.931862980127334595e-01
1.031091734766960144e-01
8.189697563648223877e-02
3.818986937403678894e-02
5.696489289402961731e-02
1.620676517486572266e-01
4.570059180259704590e-01
7.460745424032211304e-02
5.132232606410980225e-02
1.299048364162445068e-01
3.411305546760559082e-01
3.350841403007507324e-01
1.986347436904907227e-01
1.041279882192611694e-01
8.478499948978424072e-02
1.493106484413146973e-01
6.973988562822341919e-02
2.355608344078063965e-01
3.050388991832733154e-01
7.390357553958892822e-02
9.135821461677551270e-02
7.314950227737426758e-02
1.712259054183959961e-01
2.556788921356201172e-01
1.332762092351913452e-01
1.291528195142745972e-01
4.149184748530387878e-02
4.736674204468727112e-02
1.414197087287902832e-01
6.679147481918334961e-02
1.102298349142074585e-01
4.314525052905082703e-02
3.593571111559867859e-02
2.245792187750339508e-02
2.101389318704605103e-01
9.131187200546264648e-02
1.038719341158866882e-01
7.513745129108428955e-02
3.331599384546279907e-02
1.497255712747573853e-01
1.636803746223449707e-01
1.965445727109909058e-01
2.684170007705688477e-01
5.112377926707267761e-02
5.504454299807548523e-02
1.143164485692977905e-01
1.754843741655349731e-01
2.174061387777328491e-01
2.604843676090240479e-01
6.798204779624938965e-02
4.457955807447433472e-02
6.796888262033462524e-02
9.131869673728942871e-02
1.853064149618148804e-01
7.742639631032943726e-02
6.331581622362136841e-02
5.079180002212524414e-02
1.087456494569778442e-01
1.308270990848541260e-01
1.512892842292785645e-01
1.138371303677558899e-01
5.100331455469131470e-02
3.487381711602210999e-02
8.773101121187210083e-02
4.693480581045150757e-02
3.523772954940795898e-02
4.155446216464042664e-02
8.242867887020111084e-02
3.485049307346343994e-02
5.280127003788948059e-02
4.850336164236068726e-02
1.200414299964904785e-01
7.840403169393539429e-02
9.631185233592987061e-02
2.776967361569404602e-02
3.996306657791137695e-02
3.272699937224388123e-02
1.055815890431404114e-01
1.451899558305740356e-01
1.122278422117233276e-01
3.201243653893470764e-02
1.373736411333084106e-01
1.234990358352661133e-01
2.126453816890716553e-01
1.283086240291595459e-01
6.802213937044143677e-02
6.604827195405960083e-02
4.520168527960777283e-02
5.019241571426391602e-02
1.713944375514984131e-01
1.171036437153816223e-01
1.031175032258033752e-01
4.281838983297348022e-02
3.195208683609962463e-02
1.197632774710655212e-01
1.772757619619369507e-01
1.281257420778274536e-01
6.613403558731079102e-02
2.043573372066020966e-02
6.271208077669143677e-02
1.421622931957244873e-01
1.324833035469055176e-01
8.966784179210662842e-02
6.289017200469970703e-02
2.024744823575019836e-02
5.651741847395896912e-02
8.387184143066406250e-02
1.292399764060974121e-01
1.385827809572219849e-01
9.863974153995513916e-02
7.048315554857254028e-02
5.724697187542915344e-02
9.825449436902999878e-02
7.903563231229782104e-02
1.415660381317138672e-01
7.103552669286727905e-02
4.489532113075256348e-02
1.160576045513153076e-01
5.721411481499671936e-02
2.452233433723449707e-01
8.110925555229187012e-02
3.213975206017494202e-02
2.988013811409473419e-02
6.045914441347122192e-02
1.941731721162796021e-01
7.086116820573806763e-02
4.128417968750000000e-01
2.077356167137622833e-02
2.775007300078868866e-02
1.537283658981323242e-01
1.824438273906707764e-01
3.676786720752716064e-01
1.720792502164840698e-01
1.105224490165710449e-01
5.128949508070945740e-02
1.154488995671272278e-01
1.837027221918106079e-01
1.203209459781646729e-01
2.317540794610977173e-01
4.890253022313117981e-02
3.007442876696586609e-02
5.762586742639541626e-02
8.428865671157836914e-02
6.051493436098098755e-02
9.081769734621047974e-02
3.736890107393264771e-02
3.864382952451705933e-02
5.397812277078628540e-02
6.680569797754287720e-02
1.062795072793960571e-01
2.955325320363044739e-02
4.034525528550148010e-02
1.901185885071754456e-02
1.954813674092292786e-02
1.243292819708585739e-02
5.637000501155853271e-02
3.987981751561164856e-02
2.465865947306156158e-02
3.315347060561180115e-02
1.087886746972799301e-02
4.242062941193580627e-02
1.719534583389759064e-02
5.961306020617485046e-02
6.014527380466461182e-02
1.487674564123153687e-02
2.536014653742313385e-02
5.528740212321281433e-02
3.477712348103523254e-02
2.630264684557914734e-02
5.711596459150314331e-02
2.958813868463039398e-02
9.889875538647174835e-03
3.487026691436767578e-02
3.048717789351940155e-02
1.670462638139724731e-02
4.072641953825950623e-02
1.612559892237186432e-02
1.590949483215808868e-02
1.382700819522142410e-02
5.434027872979640961e-03
5.468446388840675354e-02
3.273676708340644836e-02
2.469876967370510101e-02
1.883319579064846039e-02
3.106837719678878784e-02
1.013457588851451874e-02
6.627208087593317032e-03
8.360625058412551880e-02
5.511114373803138733e-02
9.141742251813411713e-03
1.792033948004245758e-02
1.226035133004188538e-02
2.092275582253932953e-02
2.477646432816982269e-02
4.744561389088630676e-02
1.454626955091953278e-02
1.472816243767738342e-02
1.196717750281095505e-02
7.631888240575790405e-02
3.384403139352798462e-02
3.767071664333343506e-02
9.279076009988784790e-03
3.933877870440483093e-02
1.065672338008880615e-01
1.249856501817703247e-01
4.836695641279220581e-02
1.311925332993268967e-02
2.092427015304565430e-02
2.607228048145771027e-02
1.128705888986587524e-01
7.699141651391983032e-02
2.977150678634643555e-02
2.036393247544765472e-02
1.332162320613861084e-02
5.194799602031707764e-02
4.227128624916076660e-02
5.756760016083717346e-02
1.183915361762046814e-01
1.917525567114353180e-02
3.220639750361442566e-02
6.669983267784118652e-02
5.597654730081558228e-02
3.501297906041145325e-02
4.571268707513809204e-02
1.114435307681560516e-02
1.337338704615831375e-02
7.138893753290176392e-02
5.413293838500976562e-02
7.283237576484680176e-02
5.258126929402351379e-02
1.749672368168830872e-02
2.233146317303180695e-02
8.074909448623657227e-02
4.031748771667480469e-01
1.090311482548713684e-01
2.331045828759670258e-02
5.205041170120239258e-02
7.051329314708709717e-02
1.157937273383140564e-01
1.829872578382492065e-01
3.316380381584167480e-01
5.802570283412933350e-02
2.675823494791984558e-02
8.961040526628494263e-02
1.261937767267227173e-01
2.008262127637863159e-01
2.311067581176757812e-01
5.199333280324935913e-02
7.634203135967254639e-02
6.461272388696670532e-02
1.575507372617721558e-01
2.175024598836898804e-01
2.294253706932067871e-01
7.925111800432205200e-02
3.947932273149490356e-02
1.242771148681640625e-01
1.599278897047042847e-01
1.557067930698394775e-01
4.608362615108489990e-01
6.502292305231094360e-02
3.692394122481346130e-02
6.705907732248306274e-02
2.943947017192840576e-01
3.342787325382232666e-01
4.361131191253662109e-01
3.216562420129776001e-02
6.103416532278060913e-02
1.026397794485092163e-01
1.784390509128570557e-01
3.217033743858337402e-01
6.155785918235778809e-01
6.952710449695587158e-02
4.545284807682037354e-02
1.550125628709793091e-01
5.012788176536560059e-01
7.230960726737976074e-01
3.504957854747772217e-01
4.149812832474708557e-02
3.411856666207313538e-02
8.371857553720474243e-02
2.485787272453308105e-01
3.631322085857391357e-01
5.112333297729492188e-01
3.387484699487686157e-02
2.544351853430271149e-02
4.419396445155143738e-02
1.268633604049682617e-01
2.226319164037704468e-01
2.356786578893661499e-01
5.701135843992233276e-02
1.936833001673221588e-02
2.717060595750808716e-02
1.492634713649749756e-01
1.208384782075881958e-01
2.010187804698944092e-01
2.789088897407054901e-02
1.425509620457887650e-02
9.012144058942794800e-02
1.798090338706970215e-01
3.800042569637298584e-01
1.749344170093536377e-01
2.488783933222293854e-02
1.950295083224773407e-02
4.596627131104469299e-02
1.050602123141288757e-01
1.190339699387550354e-01
3.001524806022644043e-01
2.470586448907852173e-02
1.847036369144916534e-02
1.014534831047058105e-01
9.606714546680450439e-02
1.879806518554687500e-01
1.195153892040252686e-01
1.898436620831489563e-02
2.623472176492214203e-02
4.426052793860435486e-02
3.010400384664535522e-02
1.486165225505828857e-01
1.081903353333473206e-01
1.903328858315944672e-02
1.288525015115737915e-02
9.185671806335449219e-02
8.943614363670349121e-02
2.390113174915313721e-01
1.411518752574920654e-01
1.796021312475204468e-02
1.248744968324899673e-02
2.590501308441162109e-02
3.941415995359420776e-02
1.178942620754241943e-01
1.204177960753440857e-01
1.452480070292949677e-02
1.421211846172809601e-02
1.338357478380203247e-02
2.211433276534080505e-02
4.499181732535362244e-02
1.164768561720848083e-01
2.100796997547149658e-02
1.343831978738307953e-02
1.858878694474697113e-02
6.051465868949890137e-02
1.106695160269737244e-01
2.856780216097831726e-02
2.741697803139686584e-02
2.198458649218082428e-02
5.153967812657356262e-02
5.113182589411735535e-02
2.515908703207969666e-02
3.814484924077987671e-02
1.769195124506950378e-02
9.837005287408828735e-03
8.503380231559276581e-03
9.377231821417808533e-03
9.159300476312637329e-02
5.546047911047935486e-02
1.740004681050777435e-02
1.327183470129966736e-02
3.424566611647605896e-02
4.743108525872230530e-02
7.371300458908081055e-02
1.072792857885360718e-01
1.148551143705844879e-02
2.168893627822399139e-02
1.736666448414325714e-02
1.762083321809768677e-01
8.314542472362518311e-02
2.113446891307830811e-01
1.549579016864299774e-02
1.502056606113910675e-02
4.094666615128517151e-02
9.917312860488891602e-02
3.535233065485954285e-02
8.165384829044342041e-02
1.231966353952884674e-02
1.044066343456506729e-02
6.082653999328613281e-02
1.084929406642913818e-01
1.074880547821521759e-02
5.378193408250808716e-02
2.245999127626419067e-02
9.738187305629253387e-03
9.794769808650016785e-03
6.175290420651435852e-02
2.322256378829479218e-02
6.623780727386474609e-02
1.059671211987733841e-02
1.698436774313449860e-02
1.858659833669662476e-02
7.319191843271255493e-02
3.028768487274646759e-02
9.136629849672317505e-02
1.054341439157724380e-02
6.454670336097478867e-03
2.210417203605175018e-02
3.854430839419364929e-02
2.045623585581779480e-02
2.543076872825622559e-02
1.745533198118209839e-02
1.012795139104127884e-02
2.117456682026386261e-02
8.373769000172615051e-03
2.636928856372833252e-02
5.710724368691444397e-02
1.870423369109630585e-02
1.165547408163547516e-02
1.273678615689277649e-02
3.611930832266807556e-02
4.078782349824905396e-02
2.617075666785240173e-02
2.669185772538185120e-02
8.430942893028259277e-03
6.067391484975814819e-02
4.398782178759574890e-02
1.103037372231483459e-01
1.423137784004211426e-01
1.347215659916400909e-02
7.587689440697431564e-03
7.328438013792037964e-02
1.378366947174072266e-01
8.033642172813415527e-02
1.846709251403808594e-01
1.356787886470556259e-02
7.564042694866657257e-03
3.286915272474288940e-02
7.249875366687774658e-02
7.651685178279876709e-02
2.879147231578826904e-01
1.012792158871889114e-02
2.463011816143989563e-02
4.367311298847198486e-02
1.486368328332901001e-01
1.279035508632659912e-01
3.779858723282814026e-02
1.822518557310104370e-02
2.165940776467323303e-02
5.127999186515808105e-02
8.280470967292785645e-02
1.353979706764221191e-01
9.499152004718780518e-02
1.519620884209871292e-02
1.095074974000453949e-02
8.137594908475875854e-02
4.938130825757980347e-02
1.159319803118705750e-01
9.064836055040359497e-02
1.195788010954856873e-02
7.690517697483301163e-03
1.649378798902034760e-02
3.212933614850044250e-02
7.262493669986724854e-02
6.030895188450813293e-02
1.317465212196111679e-02
8.354472927749156952e-03
6.530774384737014771e-02
7.623396813869476318e-03
6.395260989665985107e-02
8.270467072725296021e-02
1.503555849194526672e-02
1.232007052749395370e-02
1.606533303856849670e-02
4.475465789437294006e-02
1.439569294452667236e-01
1.128375064581632614e-02
1.445815805345773697e-02
1.879359595477581024e-02
4.441163968294858932e-03
2.082148939371109009e-02
2.600076980888843536e-02
9.267311543226242065e-02
1.071406994014978409e-02
2.741345204412937164e-02
1.015820447355508804e-02
1.470420788973569870e-02
6.411415338516235352e-02
3.945034742355346680e-02
4.184067249298095703e-02
7.955312728881835938e-03
1.761320605874061584e-02
5.004202574491500854e-02
6.155512854456901550e-02
3.998347744345664978e-02
1.868885383009910583e-02
1.185698993504047394e-02
2.119474858045578003e-02
2.616472914814949036e-02
1.504061222076416016e-01
3.533536195755004883e-02
1.778574287891387939e-02
3.203436359763145447e-02
1.164207309484481812e-01
5.247434973716735840e-02
1.070419624447822571e-01
1.740437448024749756e-01
1.149753853678703308e-02
6.668260321021080017e-03
2.375215850770473480e-02
6.597880274057388306e-02
3.091469593346118927e-02
4.870863258838653564e-02
1.516522187739610672e-02
2.367102541029453278e-02
3.332933038473129272e-02
3.398600965738296509e-02
1.318803429603576660e-01
3.275970742106437683e-02
1.485179457813501358e-02
1.366892550140619278e-02
1.752739585936069489e-02
1.110085695981979370e-01
7.087442558258771896e-03
1.123161911964416504e-01
1.288956496864557266e-02
1.561307627707719803e-02
6.915286183357238770e-02
7.437944412231445312e-02
4.391160979866981506e-02
8.167051710188388824e-03
7.752353791147470474e-03
1.149786729365587234e-02
1.041586417704820633e-02
2.375136129558086395e-02
8.280403912067413330e-02
2.799994684755802155e-02
3.829895332455635071e-02
1.203007530421018600e-02
7.340156286954879761e-02
4.949698597192764282e-02
3.192815929651260376e-02
5.872206389904022217e-02
3.515580296516418457e-02
1.209314726293087006e-02
2.604500204324722290e-02
7.507576048374176025e-02
1.455667894333600998e-02
3.654882684350013733e-02
1.291631534695625305e-02
2.338793128728866577e-02
1.315279863774776459e-02
1.881900615990161896e-02
3.623345121741294861e-02
3.591259196400642395e-02
2.252577990293502808e-02
2.103507146239280701e-02
2.335548028349876404e-02
7.688660174608230591e-03
7.490300387144088745e-02
2.450359240174293518e-02
1.185641810297966003e-02
1.671493425965309143e-02
1.014867331832647324e-02
2.636689506471157074e-02
6.505461782217025757e-02
5.210973694920539856e-02
2.748350054025650024e-02
1.018524728715419769e-02
1.771232113242149353e-02
9.289409033954143524e-03
1.015339791774749756e-01
2.166824787855148315e-01
1.487613469362258911e-02
4.275087267160415649e-02
7.053079456090927124e-02
2.150419205427169800e-01
7.291518151760101318e-02
1.579091995954513550e-01
2.646582387387752533e-02
1.643465086817741394e-02
8.886874467134475708e-02
3.957238420844078064e-02
2.340242862701416016e-01
3.194659054279327393e-01
1.475322805345058441e-02
8.739653043448925018e-03
5.470977723598480225e-02
1.130535081028938293e-01
8.299002796411514282e-02
2.696655988693237305e-01
3.455422818660736084e-02
1.022985763847827911e-02
3.442393243312835693e-02
1.470463573932647705e-01
2.051857858896255493e-01
2.057165205478668213e-01
3.076931834220886230e-02
9.406655095517635345e-03
5.364517867565155029e-02
1.614941060543060303e-01
2.473594695329666138e-01
1.096993312239646912e-01
4.452434554696083069e-02
1.773609034717082977e-02
2.108636125922203064e-02
1.851766556501388550e-02
1.953072696924209595e-01
8.862558007240295410e-02
3.400237858295440674e-02
6.496870424598455429e-03
1.738307997584342957e-02
1.439187377691268921e-01
1.376749277114868164e-01
1.070691421627998352e-01
1.063050981611013412e-02
1.916809193789958954e-02
1.068656221032142639e-01
2.373972684144973755e-01
3.571541607379913330e-02
1.567452251911163330e-01
8.136062882840633392e-03
4.138256981968879700e-02
6.689608842134475708e-02
1.568837761878967285e-01
3.364042043685913086e-01
1.512000113725662231e-01
1.541592180728912354e-02
1.334253139793872833e-02
6.469084322452545166e-02
4.543150961399078369e-02
2.102708220481872559e-01
8.864647150039672852e-02
3.495368734002113342e-02
3.542351722717285156e-02
3.703505918383598328e-02
1.128982827067375183e-01
1.144288554787635803e-01
8.558481931686401367e-02
2.078207209706306458e-02
6.857308093458414078e-03
1.900687627494335175e-02
2.956549078226089478e-02
4.414572566747665405e-02
1.195360049605369568e-01
6.867246702313423157e-03
4.624874331057071686e-03
2.478645183145999908e-02
1.547894328832626343e-01
3.748788312077522278e-02
6.898705661296844482e-02
1.103638112545013428e-02
1.301134191453456879e-02
3.686724603176116943e-02
2.678412385284900665e-02
6.542767584323883057e-02
2.232375554740428925e-02
1.235471200197935104e-02
6.582265719771385193e-03
9.410513564944267273e-03
9.226443246006965637e-03
7.611800730228424072e-02
3.649309277534484863e-02
2.775794826447963715e-02
7.850317284464836121e-03
1.886262372136116028e-02
1.194271910935640335e-02
2.550824545323848724e-02
2.731034457683563232e-01
1.103329099714756012e-02
7.309913635253906250e-03
2.653204798698425293e-01
2.204132527112960815e-01
1.426477432250976562e-01
1.541710793972015381e-01
1.555821113288402557e-02
1.010420080274343491e-02
2.977886609733104706e-02
6.846239417791366577e-02
6.766307353973388672e-02
2.385394461452960968e-02
5.848834756761789322e-03
1.026102714240550995e-02
6.893914658576250076e-03
1.177414972335100174e-02
2.008865773677825928e-02
2.559210173785686493e-02
1.932770013809204102e-02
4.107840359210968018e-03
1.398001518100500107e-02
3.949188441038131714e-02
4.163252189755439758e-03
6.456025410443544388e-03
1.173704583197832108e-02
1.108513865619897842e-02
2.549501834437251091e-03
1.040546409785747528e-02
5.774173885583877563e-03
2.018049592152237892e-03
1.438406668603420258e-02
6.497100461274385452e-03
2.786377910524606705e-03
2.405693521723151207e-03
8.462735451757907867e-03
4.350196104496717453e-03
1.936571486294269562e-02
1.898238249123096466e-02
5.180020350962877274e-03
1.654276624321937561e-03
2.720263088122010231e-03
3.872314700856804848e-03
2.740856632590293884e-02
5.308979656547307968e-03
2.957899123430252075e-02
3.580627730116248131e-03
2.544519118964672089e-02
1.122092711739242077e-03
2.193377353250980377e-02
3.273468930274248123e-03
2.160354284569621086e-03
6.243133451789617538e-03
3.163663670420646667e-03
4.531432874500751495e-03
1.536149159073829651e-02
7.045201957225799561e-03
3.277819370850920677e-03
1.652955659665167332e-03
1.088314130902290344e-02
3.318137489259243011e-03
8.780028671026229858e-03
7.207864429801702499e-03
9.689672850072383881e-03
2.532131737098097801e-03
2.089170739054679871e-03
4.785698372870683670e-03
3.187443688511848450e-02
4.454952664673328400e-03
3.239307785406708717e-03
5.840093363076448441e-03
1.343347225338220596e-02
1.500714756548404694e-02
6.991034839302301407e-03
4.455363377928733826e-03
8.650590665638446808e-03
3.273074515163898468e-03
2.404485130682587624e-03
2.155729569494724274e-02
3.172109648585319519e-02
2.322419313713908195e-03
1.026149932295084000e-02
3.899035276845097542e-03
3.315719775855541229e-03
8.492946624755859375e-03
1.359108928591012955e-02
4.380182828754186630e-03
2.726543461903929710e-03
6.517296191304922104e-03
4.636516328901052475e-03
4.164592921733856201e-02
5.157830193638801575e-03
6.510354578495025635e-03
2.121682977303862572e-03
1.207130867987871170e-02
3.002709243446588516e-03
7.774458732455968857e-03
5.654404871165752411e-03
8.989903144538402557e-03
5.731246434152126312e-03
2.771602012217044830e-03
2.231713384389877319e-03
4.808582365512847900e-03
9.292571805417537689e-03
5.756622646003961563e-03
2.174439607188105583e-03
3.425162751227617264e-03
2.412160858511924744e-03
1.193438190966844559e-02
1.234152540564537048e-02
7.697435561567544937e-03
4.509636200964450836e-03
5.654212553054094315e-03
2.973829861730337143e-03
3.382246941328048706e-03
7.714420557022094727e-03
5.270787514746189117e-03
1.073358114808797836e-02
6.003002636134624481e-03
1.513083116151392460e-03
5.335727240890264511e-03
9.652510285377502441e-03
2.998208161443471909e-03
2.906006528064608574e-03
1.730923773720860481e-03
1.707219751551747322e-03
1.606240170076489449e-03
2.093515545129776001e-02
3.858428448438644409e-03
5.809853319078683853e-03
2.466806955635547638e-02
2.167394384741783142e-03
6.889244075864553452e-03
1.905024237930774689e-02
1.066459808498620987e-02
9.922608733177185059e-03
1.617559790611267090e-02
3.004602156579494476e-03
1.063086930662393570e-02
1.390886306762695312e-02
7.126651238650083542e-03
7.548569701611995697e-03
3.121832851320505142e-03
1.351583865471184254e-03
2.385519631206989288e-02
1.174437813460826874e-02
5.053390283137559891e-03
4.368175752460956573e-03
1.553422189317643642e-03
6.054928991943597794e-03
7.545204833149909973e-03
3.587841754779219627e-03
4.077444784343242645e-03
4.052186850458383560e-03
8.767120540142059326e-03
2.814547857269644737e-03
1.716939033940434456e-03
1.884647458791732788e-02
2.924373839050531387e-03
2.822010312229394913e-03
3.260175464674830437e-03
9.117586538195610046e-03
1.484797452576458454e-03
7.772078271955251694e-03
4.860701970756053925e-03
3.859972115606069565e-03
4.742364864796400070e-03
2.727890852838754654e-03
7.458221167325973511e-03
9.958962909877300262e-03
1.407936029136180878e-02
2.330022864043712616e-03
6.391030270606279373e-03
7.804583758115768433e-03
7.718793116509914398e-03
6.730432156473398209e-03
4.739524796605110168e-03
2.597952494397759438e-03
3.683521645143628120e-03
1.515511423349380493e-03
1.567502319812774658e-02
1.403845567256212234e-02
4.532228689640760422e-03
9.185972623527050018e-03
7.652468979358673096e-03
2.429786138236522675e-02
2.961028367280960083e-02
7.884618826210498810e-03
6.223013624548912048e-03
7.546750362962484360e-03
3.838689066469669342e-03
7.139442861080169678e-02
2.609534887596964836e-03
1.652080938220024109e-02
1.127768587321043015e-02
4.687475040555000305e-03
1.735753961838781834e-03
2.388653345406055450e-03
6.998759228736162186e-03
2.048635296523571014e-02
8.358924649655818939e-03
7.268987596035003662e-03
6.487115286290645599e-03
3.672952763736248016e-03
1.069459505379199982e-02
7.464178372174501419e-03
7.368567399680614471e-03
5.370215512812137604e-03
2.675673225894570351e-03
2.099675126373767853e-03
1.014957018196582794e-02
1.351719535887241364e-02
7.281823083758354187e-03
1.070094760507345200e-02
6.085453089326620102e-03
5.492108408361673355e-03
2.063187304884195328e-03
6.925978232175111771e-03
7.423269562423229218e-03
9.109520353376865387e-03
8.743457496166229248e-03
2.280652057379484177e-03
1.899620168842375278e-03
1.489430572837591171e-02
7.401112467050552368e-03
9.665837511420249939e-03
3.358584363013505936e-03
5.235692951828241348e-03
2.960212528705596924e-03
2.416402660310268402e-02
7.951818406581878662e-03
1.113363076001405716e-02
3.355508903041481972e-03
9.727916680276393890e-03
3.375197760760784149e-03
1.779587566852569580e-02
8.885507471859455109e-03
7.215415127575397491e-03
8.206574246287345886e-03
8.216367103159427643e-03
3.646512283012270927e-03
1.699526049196720123e-02
5.483580753207206726e-03
5.293672904372215271e-03
3.460901090875267982e-03
2.428232925012707710e-03
3.209023969247937202e-03
6.156295072287321091e-03
1.855275034904479980e-02
7.351320702582597733e-03
4.892777185887098312e-03
1.896658353507518768e-02
2.118208678439259529e-03
2.427900210022926331e-02
1.277543511241674423e-02
2.753981389105319977e-03
1.737760379910469055e-02
1.308233570307493210e-02
1.231237351894378662e-01
2.234001830220222473e-02
3.796757757663726807e-02
7.894403301179409027e-03
2.722168527543544769e-02
1.596062630414962769e-02
1.473336387425661087e-02
6.663395557552576065e-03
7.097864523530006409e-03
6.858483422547578812e-03
1.844144426286220551e-02
3.568014875054359436e-02
1.691234856843948364e-02
1.553824543952941895e-02
7.936939597129821777e-03
8.506841026246547699e-03
4.139957576990127563e-02
5.672520957887172699e-03
1.820501498878002167e-02
8.937414735555648804e-03
7.259965874254703522e-03
3.177371993660926819e-02
3.286912292242050171e-02
1.765868067741394043e-02
5.737081542611122131e-02
1.845511421561241150e-02
7.972828112542629242e-03
6.505425088107585907e-03
3.477495163679122925e-02
1.588657349348068237e-01
9.465722739696502686e-02
1.824354194104671478e-02
1.426345854997634888e-02
1.082420200109481812e-01
1.108599677681922913e-01
9.183561056852340698e-02
3.098950386047363281e-01
1.219595130532979965e-02
1.233927160501480103e-02
3.155091777443885803e-02
1.046073287725448608e-01
5.470730364322662354e-02
2.223481088876724243e-01
1.139889843761920929e-02
7.359138689935207367e-03
5.388573929667472839e-02
2.109759151935577393e-01
3.693778812885284424e-01
1.736653298139572144e-01
1.330951601266860962e-02
8.320414274930953979e-02
1.784476637840270996e-01
3.427199423313140869e-01
4.224605560302734375e-01
4.414149224758148193e-01
8.253150619566440582e-03
1.829555071890354156e-02
1.813094317913055420e-01
3.321707844734191895e-01
5.728943347930908203e-01
5.212755799293518066e-01
1.534346491098403931e-02
1.424730196595191956e-02
1.450686156749725342e-01
2.779765725135803223e-01
1.237006187438964844e-01
3.565495312213897705e-01
9.340394288301467896e-03
2.178712189197540283e-02
2.595907263457775116e-02
1.094964295625686646e-01
2.198434323072433472e-01
3.250069916248321533e-01
8.514732122421264648e-03
2.995161153376102448e-02
1.587609015405178070e-02
1.047317758202552795e-01
1.929636150598526001e-01
2.793860435485839844e-01
4.671558272093534470e-03
6.962902098894119263e-02
1.664098203182220459e-01
1.069940701127052307e-01
3.298939764499664307e-01
2.911813557147979736e-01
6.098081823438405991e-03
4.499818757176399231e-02
3.881712630391120911e-02
1.482481360435485840e-01
9.241885691881179810e-02
2.967112958431243896e-01
5.504700820893049240e-03
1.464504841715097427e-02
5.547814443707466125e-02
2.410945296287536621e-01
6.329078227281570435e-02
1.488553434610366821e-01
7.376842666417360306e-03
4.919002763926982880e-03
4.469953849911689758e-02
9.855330735445022583e-02
9.804089367389678955e-02
1.152066439390182495e-01
1.446201186627149582e-02
1.784243062138557434e-02
1.075609400868415833e-01
5.533843860030174255e-02
3.388715684413909912e-01
2.357385456562042236e-01
3.801452228799462318e-03
1.709529384970664978e-02
7.431552559137344360e-02
1.278109401464462280e-01
1.356676816940307617e-01
3.353362977504730225e-01
2.992651425302028656e-03
5.547715816646814346e-03
1.199034154415130615e-01
1.521031260490417480e-01
1.601147055625915527e-01
1.545520573854446411e-01
4.738445393741130829e-03
4.728029016405344009e-03
1.722569577395915985e-02
1.276377439498901367e-01
7.781788706779479980e-02
2.059153765439987183e-01
2.504313830286264420e-03
2.918996848165988922e-02
2.274710536003112793e-01
1.843947619199752808e-01
2.501553297042846680e-01
4.016998708248138428e-01
4.079442471265792847e-03
4.434445872902870178e-03
7.163448631763458252e-02
1.149610131978988647e-01
2.419886887073516846e-01
1.126814335584640503e-01
5.804323125630617142e-03
4.851468373090028763e-03
1.014216057956218719e-02
6.972209084779024124e-03
1.466046720743179321e-01
1.166448295116424561e-01
1.570078893564641476e-03
2.235983731225132942e-03
5.470881611108779907e-02
3.950651362538337708e-02
2.542588114738464355e-01
1.512737572193145752e-01
1.604248420335352421e-03
3.156643733382225037e-02
1.435848474502563477e-01
1.626312732696533203e-01
2.900880575180053711e-01
1.464329957962036133e-01
1.942780055105686188e-02
5.811988376080989838e-03
5.252557992935180664e-02
1.716492921113967896e-01
1.712297648191452026e-01
1.168534457683563232e-01
3.539314726367592812e-03
9.280269965529441833e-03
1.987578161060810089e-02
1.361846271902322769e-02
7.684055715799331665e-02
7.753347605466842651e-02
4.032546654343605042e-03
3.234550124034285545e-03
3.905661031603813171e-02
1.365093048661947250e-02
1.284921318292617798e-01
7.884605973958969116e-02
3.633865388110280037e-03
4.570569843053817749e-03
4.004678130149841309e-02
2.282764017581939697e-02
3.555047512054443359e-01
2.067743241786956787e-01
5.072749685496091843e-03
1.019057724624872208e-02
9.402711689472198486e-02
9.140300750732421875e-02
4.783455654978752136e-02
1.626282930374145508e-01
1.068087387830018997e-02
4.822544287890195847e-03
1.946177333593368530e-02
4.570037871599197388e-02
1.803328990936279297e-01
1.319990605115890503e-01
5.465466529130935669e-03
2.235014690086245537e-03
4.880170803517103195e-03
4.512176290154457092e-02
1.477430202066898346e-02
4.511313885450363159e-02
2.439746633172035217e-03
1.136947888880968094e-02
1.618421450257301331e-02
6.542430818080902100e-02
1.941096596419811249e-02
3.316460642963647842e-03
2.232573227956891060e-03
2.925904234871268272e-03
3.329583676531910896e-03
1.494451332837343216e-02
3.972551319748163223e-03
1.192513480782508850e-02
4.053259734064340591e-03
1.471493276767432690e-03
1.729691959917545319e-02
1.949597033672034740e-03
3.896342357620596886e-03
1.825652085244655609e-02
3.198580583557486534e-03
3.735851962119340897e-03
4.579560365527868271e-03
3.334706882014870644e-03
1.846348401159048080e-03
3.575923386961221695e-03
1.319168973714113235e-02
5.346431396901607513e-03
3.144619055092334747e-03
2.298849867656826973e-03
1.473011332564055920e-03
2.179103204980492592e-03
7.885536178946495056e-03
4.081270657479763031e-03
3.826309693977236748e-03
2.420337172225117683e-03
1.435820246115326881e-03
1.267143990844488144e-03
1.645931042730808258e-02
2.393067814409732819e-03
2.898238832131028175e-03
2.175723901018500328e-03
1.111134653910994530e-03
1.735392143018543720e-03
8.304072543978691101e-03
5.682433489710092545e-03
3.868378233164548874e-03
4.195836838334798813e-03
4.130943678319454193e-03
1.831551780924201012e-03
1.109507214277982712e-02
8.661139756441116333e-03
3.290385473519563675e-03
2.269400283694267273e-03
3.138875588774681091e-03
1.187487738206982613e-03
8.475437760353088379e-03
4.955314565449953079e-03
2.487350953742861748e-03
2.982084639370441437e-03
1.138334395363926888e-03
1.777165918610990047e-03
9.921710006892681122e-03
8.841534145176410675e-03
4.337132908403873444e-03
3.180754603818058968e-03
1.200377102941274643e-02
1.603120472282171249e-03
2.684992551803588867e-02
6.118860561400651932e-03
2.359878085553646088e-02
3.849795088171958923e-03
2.766071585938334465e-03
2.859342144802212715e-03
1.360894180834293365e-02
5.551010370254516602e-03
3.150835400447249413e-03
4.223274532705545425e-03
1.163410115987062454e-02
1.467720977962017059e-02
5.938623100519180298e-03
8.707807399332523346e-03
2.086716704070568085e-02
2.999325748533010483e-03
1.575278490781784058e-02
4.083444364368915558e-03
7.530495524406433105e-03
5.196044221520423889e-03
1.072699856013059616e-02
5.841510836035013199e-03
4.898412153124809265e-03
7.098975125700235367e-03
1.421102229505777359e-02
8.082037791609764099e-03
1.790984161198139191e-02
2.348066074773669243e-03
1.584868994541466236e-03
2.536280779168009758e-03
8.592198602855205536e-03
7.635507266968488693e-03
5.434232298284769058e-03
2.942374441772699356e-03
2.424025442451238632e-03
2.418368123471736908e-03
3.335218131542205811e-02
2.243771031498908997e-02
6.413890514522790909e-03
1.324010081589221954e-02
3.444164758548140526e-03
4.171891137957572937e-03
1.120351068675518036e-02
1.200767979025840759e-02
4.391622729599475861e-03
4.618255421519279480e-03
4.835259635001420975e-03
4.269363824278116226e-03
6.078357342630624771e-03
4.595378413796424866e-03
1.562501676380634308e-02
2.970246132463216782e-03
3.517574165016412735e-03
2.239116653800010681e-02
1.691865362226963043e-02
9.770196862518787384e-03
3.330077975988388062e-03
1.167681254446506500e-02
4.764692857861518860e-03
4.079907387495040894e-02
1.219842024147510529e-02
2.129228413105010986e-02
2.171401632949709892e-03
3.614066867157816887e-03
5.734885577112436295e-03
6.538992282003164291e-03
1.015194691717624664e-02
3.832174697890877724e-03
6.154825445264577866e-03
3.939352463930845261e-03
7.936450652778148651e-03
1.036933530122041702e-02
2.030364982783794403e-02
4.320567008107900620e-03
4.327515605837106705e-03
4.336989484727382660e-03
2.887916984036564827e-03
1.571852015331387520e-03
3.909497521817684174e-03
4.679894540458917618e-03
3.133187070488929749e-03
2.912538358941674232e-03
1.834622956812381744e-02
1.379696768708527088e-03
1.321104262024164200e-02
6.202369928359985352e-03
1.014678739011287689e-02
5.402589682489633560e-03
3.906250465661287308e-03
3.765033185482025146e-02
1.387137267738580704e-02
1.177880726754665375e-02
5.206515640020370483e-02
1.357257645577192307e-02
3.979793284088373184e-03
6.826715171337127686e-02
1.533493679016828537e-02
5.350405350327491760e-03
1.183715276420116425e-02
1.234493777155876160e-02
1.273262966424226761e-02
1.833969727158546448e-02
1.842777989804744720e-02
5.322183016687631607e-03
1.870162598788738251e-02
1.276503968983888626e-02
3.323991782963275909e-03
1.822843565605580807e-03
1.285783946514129639e-02
1.524210162460803986e-02
5.389303900301456451e-03
5.137149244546890259e-03
6.838122382760047913e-03
1.419591903686523438e-02
8.112897165119647980e-03
1.368016470223665237e-02
1.546704862266778946e-02
5.825411528348922729e-03
5.029693245887756348e-03
1.044356375932693481e-01
1.212966535240411758e-02
5.706798750907182693e-03
7.373449858278036118e-03
8.442805148661136627e-03
8.353080600500106812e-03
2.171088196337223053e-02
8.974227122962474823e-03
2.208477118983864784e-03
2.838077954947948456e-03
4.082764498889446259e-03
2.441270509734749794e-03
1.125449407845735550e-02
9.563990868628025055e-03
3.062046831473708153e-03
3.493560710921883583e-03
1.605332596227526665e-03
5.564645398408174515e-03
3.198179416358470917e-03
4.652274772524833679e-03
8.690908551216125488e-03
2.105451654642820358e-03
2.043145475909113884e-03
3.080101683735847473e-03
8.445627172477543354e-04
7.192113436758518219e-03
2.813858678564429283e-03
1.052612811326980591e-02
4.313210025429725647e-03
3.147487528622150421e-03
1.224703807383775711e-02
3.663680516183376312e-03
3.047382924705743790e-03
2.763175638392567635e-03
9.729769080877304077e-04
1.950978417880833149e-03
1.590653322637081146e-02
6.530546583235263824e-03
5.954029969871044159e-03
3.274301765486598015e-03
1.084441039711236954e-02
1.740005053579807281e-02
9.191974997520446777e-03
6.062562111765146255e-03
5.266532301902770996e-03
2.155871503055095673e-02
2.793603576719760895e-03
3.736786311492323875e-03
3.375780954957008362e-02
1.549595687538385391e-02
5.163647700101137161e-03
7.010359782725572586e-03
1.397514529526233673e-02
3.756183199584484100e-03
9.601893834769725800e-04
9.041335433721542358e-03
3.847748739644885063e-03
2.290583914145827293e-03
1.585695892572402954e-03
9.406962199136614799e-04
1.457702554762363434e-02
1.502444967627525330e-02
3.810033667832612991e-03
4.314586054533720016e-03
3.461387474089860916e-03
2.284755930304527283e-03
4.929838236421346664e-03
4.580827895551919937e-03
4.840799141675233841e-03
4.589734133332967758e-03
1.788187422789633274e-03
2.896305406466126442e-03
2.000623848289251328e-03
1.022765506058931351e-02
4.824957810342311859e-03
3.488841466605663300e-03
4.675097297877073288e-03
3.163645975291728973e-03
4.579375032335519791e-03
6.905092857778072357e-03
5.479880608618259430e-03
1.898887450806796551e-03
1.436587423086166382e-03
6.684520281851291656e-03
1.277104835025966167e-03
8.527501486241817474e-03
3.506680484861135483e-03
2.200183924287557602e-03
1.961486646905541420e-03
1.057321438565850258e-03
4.041460342705249786e-03
4.563890863209962845e-03
2.875342033803462982e-03
1.112276222556829453e-03
1.343993586488068104e-03
9.918914875015616417e-04
1.560429576784372330e-03
4.336996935307979584e-03
4.024195950478315353e-03
2.803278155624866486e-03
1.316945767030119896e-03
1.448004855774343014e-03
1.161665539257228374e-03
8.552595041692256927e-03
1.785300555638968945e-03
2.605931833386421204e-03
2.748857252299785614e-03
2.140475669875741005e-03
1.789190224371850491e-03
4.513922613114118576e-03
5.736927967518568039e-03
2.514240331947803497e-03
2.328532049432396889e-03
2.301126951351761818e-03
2.451454056426882744e-03
5.217843689024448395e-03
7.260966580361127853e-03
2.108620479702949524e-03
3.396428655833005905e-03
9.172584977932274342e-04
1.229939982295036316e-03
4.155364818871021271e-03
5.199166480451822281e-03
2.292690100148320198e-03
1.295315800234675407e-03
1.247471431270241737e-03
2.326261717826128006e-03
7.496915291994810104e-03
4.387164488434791565e-03
3.146890318021178246e-03
1.674751634709537029e-03
2.067435067147016525e-03
3.097172593697905540e-03
4.635014571249485016e-03
2.540498040616512299e-03
1.388304983265697956e-03
2.069285605102777481e-03
1.637464389204978943e-03
8.580458234064280987e-04
5.013386718928813934e-03
4.288325551897287369e-03
2.089430578052997589e-03
1.450062496587634087e-03
1.828286447562277317e-03
1.693066675215959549e-03
2.752965316176414490e-03
1.837398158386349678e-03
5.538495723158121109e-03
1.575175439938902855e-03
1.337491208687424660e-03
2.979062031954526901e-03
6.329354364424943924e-03
2.514803083613514900e-03
4.063006024807691574e-03
1.085484167560935020e-03
1.179386279545724392e-03
7.466879906132817268e-04
4.575731232762336731e-03
4.839926026761531830e-03
7.604314945638179779e-03
1.995272235944867134e-03
1.662054099142551422e-03
8.250053972005844116e-03
3.456674050539731979e-03
2.241477603092789650e-03
2.469399943947792053e-03
1.437196740880608559e-03
1.242347527295351028e-02
2.166565973311662674e-03
7.289876230061054230e-03
4.341457970440387726e-03
3.517786972224712372e-03
2.821487607434391975e-03
3.899494651705026627e-03
2.195417648181319237e-03
3.133445978164672852e-03
2.715494716539978981e-03
1.603554817847907543e-03
2.560403663665056229e-03
6.860801368020474911e-04
4.944960819557309151e-04
1.366996555589139462e-03
1.004214631393551826e-03
2.237651497125625610e-03
1.262114150449633598e-03
1.453620032407343388e-03
1.424448448233306408e-03
2.465603640303015709e-03
3.175128716975450516e-03
1.546449260786175728e-03
2.514147199690341949e-03
1.245888532139360905e-03
7.598777767270803452e-03
5.023601930588483810e-03
2.126640873029828072e-03
1.703050569631159306e-03
1.152281183749437332e-03
1.617534644901752472e-02
4.374444950371980667e-03
1.609189552254974842e-03
2.062564250081777573e-03
9.979002643376588821e-04
3.380311653017997742e-03
2.177284099161624908e-02
8.676396310329437256e-02
3.200228326022624969e-03
1.548558240756392479e-03
5.769154988229274750e-03
2.096358686685562134e-02
1.790155470371246338e-02
9.104134887456893921e-02
1.206571352668106556e-03
1.242909231223165989e-03
3.790222108364105225e-03
1.401998568326234818e-02
6.794325262308120728e-02
7.031650096178054810e-02
2.207921817898750305e-03
5.399138666689395905e-03
8.615052700042724609e-02
1.368014812469482422e-01
2.239009141921997070e-01
4.393589794635772705e-01
9.557165321893990040e-04
4.362599179148674011e-02
1.836357861757278442e-01
5.678679943084716797e-01
5.449487566947937012e-01
1.174593210220336914e+00
1.311875646933913231e-03
4.929573833942413330e-02
2.672923207283020020e-01
6.487551331520080566e-01
1.206161022186279297e+00
1.007031679153442383e+00
1.282896962948143482e-03
2.625894844532012939e-01
4.482507705688476562e-01
3.106055259704589844e-01
3.708104193210601807e-01
4.143909811973571777e-01
3.048804122954607010e-03
1.681294664740562439e-02
4.777076840400695801e-02
2.163439840078353882e-01
2.426777482032775879e-01
3.181030750274658203e-01
3.257162636145949364e-03
4.670841619372367859e-03
2.821953780949115753e-02
1.090983599424362183e-01
1.718171536922454834e-01
2.990645766258239746e-01
2.265275223180651665e-03
4.796867258846759796e-03
2.160318195819854736e-02
5.373785272240638733e-02
1.065213978290557861e-01
1.588463336229324341e-01
1.737151062116026878e-03
1.545096165500581264e-03
4.230607673525810242e-02
4.175644740462303162e-02
5.128621682524681091e-02
2.867435216903686523e-01
1.251669717021286488e-03
1.760922255925834179e-03
8.222886361181735992e-03
4.114940389990806580e-02
8.812424540519714355e-02
1.292471885681152344e-01
1.132154138758778572e-03
9.139137342572212219e-03
4.004283621907234192e-02
3.828367590904235840e-02
1.246287524700164795e-01
1.860161423683166504e-01
2.029733266681432724e-03
1.721163862384855747e-03
7.147582713514566422e-03
3.501049429178237915e-02
1.997185647487640381e-01
5.840440839529037476e-02
1.209225971251726151e-03
3.690102370455861092e-03
9.328783303499221802e-02
4.648783430457115173e-02
9.916637092828750610e-02
6.862863153219223022e-02
1.118508167564868927e-03
5.958472378551959991e-03
1.019532233476638794e-02
4.052086547017097473e-02
1.202229037880897522e-01
1.039345562458038330e-02
2.031064126640558243e-03
2.042912878096103668e-03
9.161924943327903748e-03
2.466501295566558838e-02
2.409946545958518982e-02
3.121256455779075623e-02
1.122496090829372406e-03
1.489463145844638348e-03
1.286191516555845737e-03
1.322827953845262527e-02
1.028167176991701126e-02
2.738021500408649445e-02
9.413187392055988312e-03
3.143300302326679230e-03
4.960773047059774399e-03
5.158938933163881302e-03
4.143248125910758972e-02
2.214047499001026154e-02
1.276097632944583893e-02
4.818629007786512375e-03
2.395339542999863625e-03
3.818414406850934029e-03
2.850220724940299988e-02
1.595185101032257080e-01
3.762811189517378807e-03
6.793950684368610382e-03
2.472041249275207520e-01
4.265996813774108887e-02
3.448231518268585205e-02
1.358274668455123901e-01
4.855637438595294952e-03
2.790767932310700417e-03
2.784602344036102295e-02
2.202420681715011597e-02
9.690593928098678589e-02
4.080633074045181274e-02
9.795366786420345306e-03
2.880700491368770599e-02
3.614316228777170181e-03
2.115579321980476379e-02
6.100462004542350769e-02
2.309863083064556122e-02
4.827689006924629211e-02
4.695456475019454956e-03
1.292048487812280655e-02
5.537899211049079895e-03
1.022655703127384186e-02
2.261690609157085419e-02
6.384290754795074463e-03
6.540823727846145630e-03
3.707698080688714981e-03
1.456215139478445053e-02
2.321546524763107300e-02
4.670587368309497833e-03
1.181247364729642868e-02
6.177414208650588989e-03
3.886372782289981842e-03
1.036222465336322784e-02
3.988332115113735199e-03
2.659869147464632988e-03
1.634733378887176514e-02
8.692429400980472565e-03
1.863443665206432343e-02
2.455693669617176056e-03
5.370566621422767639e-03
2.058063633739948273e-02
1.045059505850076675e-02
3.943244926631450653e-03
8.763389661908149719e-03
1.476475149393081665e-01
3.636264707893133163e-03
3.815488889813423157e-02
9.030301123857498169e-03
6.045765243470668793e-03
1.821704767644405365e-02
8.481162041425704956e-02
4.425043985247612000e-02
4.213469475507736206e-02
1.038322411477565765e-02
9.308784268796443939e-03
1.727419532835483551e-02
6.951805204153060913e-03
4.332784935832023621e-02
7.125268131494522095e-02
1.479732152074575424e-02
1.074052974581718445e-02
1.975397206842899323e-02
9.680041112005710602e-03
7.169255986809730530e-03
2.129415981471538544e-02
1.082148030400276184e-02
1.230292860418558121e-02
5.442470312118530273e-03
7.506243884563446045e-02
2.931640949100255966e-03
8.648511022329330444e-03
