1.686309099197387695e+00
2.368822097778320312e-01
2.447838783264160156e-01
2.473256587982177734e-01
2.471280097961425781e-01
2.472760677337646484e-01
2.472784519195556641e-01
2.479631900787353516e-01
2.472100257873535156e-01
2.463538646697998047e-01
2.457263469696044922e-01
2.450809478759765625e-01
2.458326816558837891e-01
2.452225685119628906e-01
2.387723922729492188e-01
2.410361766815185547e-01
2.389831542968750000e-01
2.343919277191162109e-01
2.410922050476074219e-01
2.405030727386474609e-01
2.423174381256103516e-01
2.429292201995849609e-01
2.425937652587890625e-01
6.476831436157226562e-02
2.546858787536621094e-01
2.496891021728515625e-01
2.407624721527099609e-01
2.419006824493408203e-01
2.408893108367919922e-01
2.399053573608398438e-01
2.402093410491943359e-01
2.409219741821289062e-01
2.423326969146728516e-01
2.439901828765869141e-01
2.433350086212158203e-01
2.430882453918457031e-01
2.423589229583740234e-01
2.424097061157226562e-01
2.428622245788574219e-01
2.428364753723144531e-01
2.433304786682128906e-01
2.430963516235351562e-01
2.427825927734375000e-01
2.430465221405029297e-01
2.431144714355468750e-01
2.428290843963623047e-01
2.425532341003417969e-01
5.266022682189941406e-02
2.551622390747070312e-01
2.538218498229980469e-01
2.576105594635009766e-01
2.510230541229248047e-01
2.466185092926025391e-01
2.454333305358886719e-01
2.467858791351318359e-01
2.467412948608398438e-01
2.464239597320556641e-01
2.461957931518554688e-01
2.467677593231201172e-01
2.452697753906250000e-01
2.478597164154052734e-01
2.460603713989257812e-01
2.460832595825195312e-01
2.480735778808593750e-01
2.484457492828369141e-01
2.476758956909179688e-01
2.480399608612060547e-01
2.479588985443115234e-01
2.459793090820312500e-01
2.445862293243408203e-01
2.447681427001953125e-01
4.504728317260742188e-02
2.582159042358398438e-01
2.551877498626708984e-01
2.483134269714355469e-01
2.437117099761962891e-01
2.418539524078369141e-01
2.376320362091064453e-01
2.394936084747314453e-01
2.373538017272949219e-01
2.394444942474365234e-01
2.394797801971435547e-01
2.397835254669189453e-01
2.395777702331542969e-01
2.395172119140625000e-01
2.392120361328125000e-01
2.395467758178710938e-01
2.401864528656005859e-01
2.401628494262695312e-01
2.395176887512207031e-01
2.393970489501953125e-01
2.395951747894287109e-01
2.394595146179199219e-01
2.395229339599609375e-01
2.415335178375244141e-01
5.155277252197265625e-02
2.585320472717285156e-01
2.555117607116699219e-01
2.489299774169921875e-01
2.438626289367675781e-01
2.416999340057373047e-01
2.371468544006347656e-01
2.394452095031738281e-01
2.375311851501464844e-01
2.395212650299072266e-01
2.397294044494628906e-01
2.396438121795654297e-01
2.445740699768066406e-01
2.423148155212402344e-01
2.443590164184570312e-01
2.397000789642333984e-01
2.398838996887207031e-01
2.399129867553710938e-01
2.428162097930908203e-01
2.422828674316406250e-01
2.428047657012939453e-01
2.400715351104736328e-01
2.399799823760986328e-01
2.400922775268554688e-01
5.017209053039550781e-02
2.577362060546875000e-01
2.563164234161376953e-01
2.526578903198242188e-01
2.486176490783691406e-01
2.450153827667236328e-01
2.440414428710937500e-01
2.442333698272705078e-01
2.437047958374023438e-01
2.445907592773437500e-01
2.441654205322265625e-01
2.444899082183837891e-01
2.444670200347900391e-01
2.439599037170410156e-01
2.437667846679687500e-01
2.435617446899414062e-01
2.440066337585449219e-01
2.438399791717529297e-01
2.441673278808593750e-01
2.435860633850097656e-01
2.434096336364746094e-01
2.441651821136474609e-01
2.441053390502929688e-01
2.442758083343505859e-01
5.138111114501953125e-02
2.549283504486083984e-01
2.496244907379150391e-01
2.471859455108642578e-01
2.465682029724121094e-01
2.468302249908447266e-01
2.469699382781982422e-01
2.474353313446044922e-01
2.463829517364501953e-01
2.441909313201904297e-01
2.428405284881591797e-01
2.422661781311035156e-01
2.449131011962890625e-01
2.446205615997314453e-01
2.449681758880615234e-01
2.448804378509521484e-01
2.452178001403808594e-01
2.445094585418701172e-01
2.470996379852294922e-01
2.471485137939453125e-01
2.474696636199951172e-01
2.469732761383056641e-01
2.470111846923828125e-01
2.471675872802734375e-01
5.471372604370117188e-02
2.571017742156982422e-01
2.520825862884521484e-01
2.452869415283203125e-01
2.439858913421630859e-01
2.443189620971679688e-01
2.442729473114013672e-01
2.443382740020751953e-01
2.439112663269042969e-01
2.441763877868652344e-01
2.439169883728027344e-01
2.465951442718505859e-01
2.467510700225830078e-01
2.447640895843505859e-01
2.454471588134765625e-01
2.469527721405029297e-01
2.467408180236816406e-01
2.467613220214843750e-01
2.472379207611083984e-01
2.468924522399902344e-01
2.466440200805664062e-01
2.466950416564941406e-01
2.471168041229248047e-01
2.468576431274414062e-01
5.659270286560058594e-02
2.576508522033691406e-01
2.576274871826171875e-01
2.520461082458496094e-01
2.525095939636230469e-01
2.530457973480224609e-01
2.521371841430664062e-01
2.518765926361083984e-01
2.520246505737304688e-01
2.519955635070800781e-01
2.531332969665527344e-01
2.524011135101318359e-01
2.518918514251708984e-01
2.520081996917724609e-01
2.522137165069580078e-01
2.521405220031738281e-01
2.522790431976318359e-01
2.526409626007080078e-01
2.516059875488281250e-01
2.524673938751220703e-01
2.521233558654785156e-01
2.515282630920410156e-01
2.513642311096191406e-01
2.520318031311035156e-01
6.037449836730957031e-02
2.609095573425292969e-01
2.566993236541748047e-01
2.568271160125732422e-01
2.565076351165771484e-01
2.564182281494140625e-01
2.568566799163818359e-01
2.582859992980957031e-01
2.567305564880371094e-01
2.562227249145507812e-01
2.566444873809814453e-01
2.565045356750488281e-01
2.570638656616210938e-01
2.574646472930908203e-01
2.565934658050537109e-01
2.556576728820800781e-01
2.520151138305664062e-01
2.520291805267333984e-01
2.523319721221923828e-01
2.525014877319335938e-01
2.519299983978271484e-01
2.455978393554687500e-01
2.518951892852783203e-01
2.518768310546875000e-01
5.994415283203125000e-02
2.570552825927734375e-01
2.554738521575927734e-01
2.452721595764160156e-01
2.451643943786621094e-01
2.444756031036376953e-01
2.447586059570312500e-01
2.438633441925048828e-01
2.445828914642333984e-01
2.470388412475585938e-01
2.475209236145019531e-01
2.473583221435546875e-01
2.489478588104248047e-01
2.493441104888916016e-01
2.485466003417968750e-01
2.496979236602783203e-01
2.499673366546630859e-01
2.495768070220947266e-01
2.490444183349609375e-01
2.493290901184082031e-01
2.498447895050048828e-01
2.503705024719238281e-01
2.512385845184326172e-01
2.493815422058105469e-01
5.872869491577148438e-02
2.537786960601806641e-01
2.522594928741455078e-01
2.506701946258544922e-01
2.478995323181152344e-01
2.425708770751953125e-01
2.446017265319824219e-01
2.471065521240234375e-01
2.474639415740966797e-01
2.497675418853759766e-01
2.468192577362060547e-01
2.471976280212402344e-01
2.465722560882568359e-01
2.473123073577880859e-01
2.466857433319091797e-01
2.446324825286865234e-01
2.467405796051025391e-01
2.470338344573974609e-01
2.470273971557617188e-01
2.469277381896972656e-01
2.466716766357421875e-01
2.464752197265625000e-01
2.465560436248779297e-01
2.470541000366210938e-01
5.668354034423828125e-02
2.588076591491699219e-01
2.577173709869384766e-01
2.523462772369384766e-01
2.486629486083984375e-01
2.459337711334228516e-01
2.447617053985595703e-01
2.438819408416748047e-01
2.435905933380126953e-01
2.433438301086425781e-01
2.439484596252441406e-01
2.438385486602783203e-01
2.439889907836914062e-01
2.275104522705078125e-01
2.104859352111816406e-01
1.906857490539550781e-01
1.478884220123291016e-01
1.690135002136230469e-01
2.294089794158935547e-01
2.416510581970214844e-01
2.495863437652587891e-01
2.492511272430419922e-01
2.496285438537597656e-01
2.497496604919433594e-01
6.810355186462402344e-02
2.597937583923339844e-01
2.526974678039550781e-01
2.521097660064697266e-01
2.522666454315185547e-01
2.539517879486083984e-01
2.532129287719726562e-01
2.478747367858886719e-01
2.483251094818115234e-01
2.478590011596679688e-01
2.470147609710693359e-01
2.471873760223388672e-01
2.467358112335205078e-01
2.473421096801757812e-01
2.471258640289306641e-01
2.475414276123046875e-01
2.453589439392089844e-01
2.433946132659912109e-01
2.445225715637207031e-01
2.450344562530517578e-01
2.474288940429687500e-01
2.471733093261718750e-01
2.469058036804199219e-01
2.462339401245117188e-01
5.444908142089843750e-02
2.553811073303222656e-01
2.557260990142822266e-01
2.547249794006347656e-01
2.548129558563232422e-01
2.550330162048339844e-01
2.558815479278564453e-01
2.528626918792724609e-01
2.516198158264160156e-01
2.506413459777832031e-01
2.523088455200195312e-01
2.523071765899658203e-01
2.521917819976806641e-01
2.523903846740722656e-01
2.523095607757568359e-01
2.515597343444824219e-01
2.521817684173583984e-01
2.524733543395996094e-01
2.522273063659667969e-01
2.522261142730712891e-01
2.553887367248535156e-01
2.508656978607177734e-01
2.477953433990478516e-01
2.457087039947509766e-01
5.487585067749023438e-02
2.586612701416015625e-01
2.524993419647216797e-01
2.530319690704345703e-01
2.523367404937744141e-01
2.520744800567626953e-01
2.522716522216796875e-01
2.511970996856689453e-01
2.490878105163574219e-01
2.471899986267089844e-01
2.432761192321777344e-01
2.430350780487060547e-01
2.435219287872314453e-01
2.429709434509277344e-01
2.434830665588378906e-01
2.438397407531738281e-01
2.429556846618652344e-01
2.426457405090332031e-01
2.430648803710937500e-01
2.435913085937500000e-01
2.435555458068847656e-01
2.446868419647216797e-01
2.447006702423095703e-01
2.405664920806884766e-01
5.248403549194335938e-02
2.580096721649169922e-01
2.556362152099609375e-01
2.549681663513183594e-01
2.552404403686523438e-01
2.528834342956542969e-01
2.529985904693603516e-01
2.527289390563964844e-01
2.527916431427001953e-01
2.521569728851318359e-01
2.518637180328369141e-01
2.523951530456542969e-01
2.524628639221191406e-01
2.527279853820800781e-01
2.526521682739257812e-01
2.522146701812744141e-01
2.522368431091308594e-01
2.527396678924560547e-01
2.524116039276123047e-01
2.520270347595214844e-01
2.517385482788085938e-01
2.522497177124023438e-01
2.528586387634277344e-01
2.520058155059814453e-01
6.033015251159667969e-02
2.583281993865966797e-01
2.506904602050781250e-01
2.467248439788818359e-01
2.456860542297363281e-01
2.460992336273193359e-01
2.451448440551757812e-01
2.450494766235351562e-01
2.458009719848632812e-01
2.559270858764648438e-01
2.294926643371582031e-01
2.387409210205078125e-01
2.454023361206054688e-01
2.332439422607421875e-01
2.319734096527099609e-01
2.435283660888671875e-01
2.425601482391357422e-01
2.441034317016601562e-01
2.451286315917968750e-01
2.444984912872314453e-01
2.473294734954833984e-01
2.446498870849609375e-01
2.444374561309814453e-01
1.944978237152099609e-01
4.337549209594726562e-02
2.550826072692871094e-01
2.494966983795166016e-01
2.474699020385742188e-01
2.449414730072021484e-01
2.446534633636474609e-01
2.451844215393066406e-01
2.447431087493896484e-01
2.450461387634277344e-01
2.430665493011474609e-01
2.428364753723144531e-01
2.422072887420654297e-01
2.428493499755859375e-01
2.425689697265625000e-01
2.440667152404785156e-01
2.413620948791503906e-01
2.421610355377197266e-01
2.444455623626708984e-01
2.470710277557373047e-01
2.455520629882812500e-01
2.445061206817626953e-01
2.444272041320800781e-01
2.445104122161865234e-01
2.450780868530273438e-01
5.471110343933105469e-02
2.596821784973144531e-01
2.546401023864746094e-01
2.484998703002929688e-01
2.435603141784667969e-01
2.428522109985351562e-01
2.430770397186279297e-01
2.429449558258056641e-01
2.426524162292480469e-01
2.431058883666992188e-01
2.432558536529541016e-01
2.432003021240234375e-01
2.422950267791748047e-01
2.425348758697509766e-01
2.421844005584716797e-01
2.427396774291992188e-01
2.426066398620605469e-01
2.423472404479980469e-01
2.418162822723388672e-01
2.418007850646972656e-01
2.418639659881591797e-01
2.448170185089111328e-01
2.465655803680419922e-01
2.417457103729248047e-01
5.384349822998046875e-02
2.531003952026367188e-01
2.501192092895507812e-01
2.522809505462646484e-01
2.506287097930908203e-01
2.471916675567626953e-01
2.472791671752929688e-01
2.474253177642822266e-01
2.459022998809814453e-01
2.438111305236816406e-01
2.423148155212402344e-01
2.426385879516601562e-01
2.423145771026611328e-01
2.423799037933349609e-01
2.427563667297363281e-01
2.421674728393554688e-01
2.418503761291503906e-01
2.423372268676757812e-01
2.427790164947509766e-01
2.424235343933105469e-01
2.423145771026611328e-01
2.417643070220947266e-01
2.421154975891113281e-01
2.420108318328857422e-01
5.178141593933105469e-02
2.507843971252441406e-01
2.500381469726562500e-01
2.502775192260742188e-01
2.505805492401123047e-01
2.487337589263916016e-01
2.458996772766113281e-01
2.482774257659912109e-01
2.477853298187255859e-01
2.426352500915527344e-01
2.404594421386718750e-01
2.432477474212646484e-01
2.405579090118408203e-01
2.422058582305908203e-01
2.446267604827880859e-01
2.396817207336425781e-01
2.423436641693115234e-01
2.410204410552978516e-01
2.407901287078857422e-01
2.432031631469726562e-01
2.432918548583984375e-01
2.434945106506347656e-01
2.435009479522705078e-01
2.438020706176757812e-01
5.157494544982910156e-02
2.539477348327636719e-01
2.512030601501464844e-01
2.494692802429199219e-01
2.478218078613281250e-01
2.466251850128173828e-01
2.473020553588867188e-01
2.453560829162597656e-01
2.454073429107666016e-01
2.439634799957275391e-01
2.434906959533691406e-01
2.431852817535400391e-01
2.431252002716064453e-01
2.471060752868652344e-01
2.469840049743652344e-01
2.471351623535156250e-01
2.454733848571777344e-01
2.455294132232666016e-01
2.455692291259765625e-01
2.455313205718994141e-01
2.446365356445312500e-01
2.446269989013671875e-01
2.427248954772949219e-01
2.470743656158447266e-01
5.506324768066406250e-02
2.582690715789794922e-01
2.502024173736572266e-01
2.501256465911865234e-01
2.531037330627441406e-01
2.513461112976074219e-01
2.447810173034667969e-01
2.433900833129882812e-01
2.409038543701171875e-01
2.404794692993164062e-01
2.408337593078613281e-01
2.408602237701416016e-01
2.411572933197021484e-01
2.406780719757080078e-01
2.408530712127685547e-01
2.401082515716552734e-01
2.407829761505126953e-01
2.414629459381103516e-01
2.413032054901123047e-01
2.410540580749511719e-01
2.406704425811767578e-01
2.408976554870605469e-01
2.407727241516113281e-01
2.410991191864013672e-01
5.009460449218750000e-02
2.575197219848632812e-01
2.501685619354248047e-01
2.493629455566406250e-01
2.506396770477294922e-01
2.507326602935791016e-01
2.499995231628417969e-01
2.503662109375000000e-01
2.519941329956054688e-01
2.506551742553710938e-01
2.454416751861572266e-01
2.452130317687988281e-01
2.382180690765380859e-01
2.384479045867919922e-01
2.392096519470214844e-01
2.384052276611328125e-01
2.383849620819091797e-01
2.382659912109375000e-01
2.381548881530761719e-01
2.385826110839843750e-01
2.388803958892822266e-01
2.385280132293701172e-01
2.406425476074218750e-01
2.410156726837158203e-01
5.206465721130371094e-02
2.593808174133300781e-01
2.519569396972656250e-01
2.491855621337890625e-01
2.488024234771728516e-01
2.483978271484375000e-01
2.491440773010253906e-01
2.487537860870361328e-01
2.493882179260253906e-01
2.478587627410888672e-01
2.477948665618896484e-01
2.473199367523193359e-01
2.449400424957275391e-01
2.420718669891357422e-01
2.402818202972412109e-01
2.424011230468750000e-01
2.445445060729980469e-01
2.449300289154052734e-01
2.472815513610839844e-01
2.469244003295898438e-01
2.466950416564941406e-01
2.470893859863281250e-01
2.467451095581054688e-01
2.474541664123535156e-01
5.704998970031738281e-02
2.581162452697753906e-01
2.502796649932861328e-01
2.471349239349365234e-01
2.467684745788574219e-01
2.472724914550781250e-01
2.470533847808837891e-01
2.466590404510498047e-01
2.465639114379882812e-01
2.467126846313476562e-01
2.469935417175292969e-01
2.468762397766113281e-01
2.466993331909179688e-01
2.468869686126708984e-01
2.484426498413085938e-01
2.477958202362060547e-01
2.464995384216308594e-01
2.455408573150634766e-01
2.471003532409667969e-01
2.472181320190429688e-01
2.471752166748046875e-01
2.469179630279541016e-01
2.471737861633300781e-01
2.469365596771240234e-01
5.734443664550781250e-02
2.599923610687255859e-01
2.573330402374267578e-01
2.463295459747314453e-01
2.454032897949218750e-01
2.452375888824462891e-01
2.454264163970947266e-01
2.454676628112792969e-01
2.506301403045654297e-01
2.507908344268798828e-01
2.498850822448730469e-01
2.502560615539550781e-01
2.496390342712402344e-01
2.357125282287597656e-01
2.373480796813964844e-01
2.390892505645751953e-01
2.447321414947509766e-01
2.464325428009033203e-01
2.471585273742675781e-01
2.459051609039306641e-01
2.457382678985595703e-01
2.469804286956787109e-01
2.469630241394042969e-01
2.457308769226074219e-01
5.621361732482910156e-02
2.591311931610107422e-01
2.545387744903564453e-01
2.490413188934326172e-01
2.470223903656005859e-01
2.448174953460693359e-01
2.447247505187988281e-01
2.443826198577880859e-01
2.443566322326660156e-01
2.419638633728027344e-01
2.425131797790527344e-01
2.424063682556152344e-01
2.424304485321044922e-01
2.419927120208740234e-01
2.419860363006591797e-01
2.418932914733886719e-01
2.424411773681640625e-01
2.419116497039794922e-01
2.418041229248046875e-01
2.420749664306640625e-01
2.446563243865966797e-01
2.446913719177246094e-01
2.448167800903320312e-01
2.449004650115966797e-01
5.645823478698730469e-02
2.587985992431640625e-01
2.579765319824218750e-01
2.576341629028320312e-01
2.582089900970458984e-01
2.542490959167480469e-01
2.456388473510742188e-01
2.451770305633544922e-01
2.479939460754394531e-01
2.503333091735839844e-01
2.473974227905273438e-01
2.452147006988525391e-01
2.453439235687255859e-01
2.455284595489501953e-01
2.457280158996582031e-01
2.455852031707763672e-01
2.450604438781738281e-01
2.449328899383544922e-01
2.448329925537109375e-01
2.456731796264648438e-01
2.455105781555175781e-01
2.450990676879882812e-01
2.451269626617431641e-01
2.452449798583984375e-01
5.480837821960449219e-02
2.591791152954101562e-01
2.532918453216552734e-01
2.447755336761474609e-01
2.483193874359130859e-01
2.482061386108398438e-01
2.495527267456054688e-01
2.487180233001708984e-01
2.488489151000976562e-01
2.463405132293701172e-01
2.394385337829589844e-01
2.440733909606933594e-01
2.432179450988769531e-01
2.430801391601562500e-01
2.405221462249755859e-01
2.405846118927001953e-01
2.408733367919921875e-01
2.410399913787841797e-01
2.409467697143554688e-01
2.406849861145019531e-01
2.406129837036132812e-01
2.405033111572265625e-01
2.412190437316894531e-01
2.412106990814208984e-01
5.386376380920410156e-02
2.558591365814208984e-01
2.498679161071777344e-01
2.529933452606201172e-01
2.484123706817626953e-01
2.496228218078613281e-01
2.410824298858642578e-01
2.443137168884277344e-01
2.436580657958984375e-01
2.431375980377197266e-01
2.436158657073974609e-01
2.436857223510742188e-01
2.431609630584716797e-01
2.432203292846679688e-01
2.407708168029785156e-01
2.387056350708007812e-01
2.404911518096923828e-01
2.432260513305664062e-01
2.429327964782714844e-01
2.435741424560546875e-01
2.387740612030029297e-01
2.424764633178710938e-01
2.357227802276611328e-01
2.385413646697998047e-01
5.134558677673339844e-02
2.580616474151611328e-01
2.504897117614746094e-01
2.531077861785888672e-01
2.486119270324707031e-01
2.483882904052734375e-01
2.482690811157226562e-01
2.486722469329833984e-01
2.482481002807617188e-01
2.481217384338378906e-01
2.483146190643310547e-01
2.464022636413574219e-01
2.487311363220214844e-01
2.524929046630859375e-01
2.471201419830322266e-01
2.422382831573486328e-01
2.424275875091552734e-01
2.426590919494628906e-01
2.405817508697509766e-01
2.446925640106201172e-01
2.446911334991455078e-01
2.441253662109375000e-01
2.442579269409179688e-01
2.469651699066162109e-01
5.478405952453613281e-02
2.578349113464355469e-01
2.553269863128662109e-01
2.502269744873046875e-01
2.440917491912841797e-01
2.413454055786132812e-01
2.417912483215332031e-01
2.430663108825683594e-01
2.425811290740966797e-01
2.432365417480468750e-01
2.433784008026123047e-01
2.462146282196044922e-01
2.452332973480224609e-01
2.450928688049316406e-01
2.449674606323242188e-01
2.451932430267333984e-01
2.454733848571777344e-01
2.449576854705810547e-01
2.454946041107177734e-01
2.451949119567871094e-01
2.455735206604003906e-01
2.456386089324951172e-01
2.451972961425781250e-01
2.450900077819824219e-01
5.521512031555175781e-02
2.566535472869873047e-01
2.529847621917724609e-01
2.477684020996093750e-01
2.430696487426757812e-01
2.407360076904296875e-01
2.404208183288574219e-01
2.407109737396240234e-01
2.403595447540283203e-01
2.407090663909912109e-01
2.340416908264160156e-01
2.380955219268798828e-01
2.384426593780517578e-01
2.411506175994873047e-01
2.430262565612792969e-01
2.432727813720703125e-01
2.424581050872802734e-01
2.401900291442871094e-01
2.406861782073974609e-01
2.408065795898437500e-01
2.405793666839599609e-01
2.405674457550048828e-01
2.398388385772705078e-01
2.360072135925292969e-01
5.042839050292968750e-02
2.586600780487060547e-01
2.523200511932373047e-01
2.482223510742187500e-01
2.488098144531250000e-01
2.483577728271484375e-01
2.484438419342041016e-01
2.483208179473876953e-01
2.481873035430908203e-01
2.481541633605957031e-01
2.513611316680908203e-01
2.455222606658935547e-01
2.431769371032714844e-01
2.432160377502441406e-01
2.437682151794433594e-01
2.435548305511474609e-01
2.436075210571289062e-01
2.457325458526611328e-01
2.456405162811279297e-01
2.455742359161376953e-01
2.456667423248291016e-01
2.455523014068603516e-01
2.461030483245849609e-01
2.456257343292236328e-01
5.620288848876953125e-02
2.567846775054931641e-01
2.510743141174316406e-01
2.481124401092529297e-01
2.465283870697021484e-01
2.442362308502197266e-01
2.440543174743652344e-01
2.444231510162353516e-01
2.446599006652832031e-01
2.449116706848144531e-01
2.446849346160888672e-01
2.445237636566162109e-01
2.469961643218994141e-01
2.473423480987548828e-01
2.475175857543945312e-01
2.470080852508544922e-01
2.458777427673339844e-01
2.451665401458740234e-01
2.457563877105712891e-01
2.454609870910644531e-01
2.457034587860107422e-01
2.448942661285400391e-01
2.450699806213378906e-01
2.454619407653808594e-01
5.546736717224121094e-02
2.611284255981445312e-01
2.565469741821289062e-01
2.529494762420654297e-01
2.485244274139404297e-01
2.480916976928710938e-01
2.486724853515625000e-01
2.487733364105224609e-01
2.476680278778076172e-01
2.480604648590087891e-01
2.482116222381591797e-01
2.482261657714843750e-01
2.484319210052490234e-01
2.425978183746337891e-01
2.455489635467529297e-01
2.448208332061767578e-01
2.449841499328613281e-01
2.449491024017333984e-01
2.446410655975341797e-01
2.446703910827636719e-01
2.470595836639404297e-01
2.471184730529785156e-01
2.473042011260986328e-01
2.467281818389892578e-01
5.643939971923828125e-02
2.565636634826660156e-01
2.576949596405029297e-01
2.558298110961914062e-01
2.558712959289550781e-01
2.552576065063476562e-01
2.556710243225097656e-01
2.530264854431152344e-01
2.518200874328613281e-01
2.492783069610595703e-01
2.492778301239013672e-01
2.488939762115478516e-01
2.489476203918457031e-01
2.489264011383056641e-01
2.480566501617431641e-01
2.477567195892333984e-01
2.469589710235595703e-01
2.478616237640380859e-01
2.482478618621826172e-01
2.483603954315185547e-01
2.484874725341796875e-01
2.482204437255859375e-01
2.466161251068115234e-01
2.478945255279541016e-01
5.673980712890625000e-02
2.547335624694824219e-01
2.498795986175537109e-01
2.491996288299560547e-01
2.485864162445068359e-01
2.490327358245849609e-01
2.493739128112792969e-01
2.481575012207031250e-01
2.473440170288085938e-01
2.475674152374267578e-01
2.468211650848388672e-01
2.466435432434082031e-01
2.469842433929443359e-01
2.466747760772705078e-01
2.462010383605957031e-01
2.476556301116943359e-01
2.475047111511230469e-01
2.484605312347412109e-01
2.490811347961425781e-01
2.491657733917236328e-01
2.489063739776611328e-01
2.492303848266601562e-01
2.495901584625244141e-01
2.496426105499267578e-01
5.778288841247558594e-02
2.589488029479980469e-01
2.536935806274414062e-01
2.498686313629150391e-01
2.476260662078857422e-01
2.454912662506103516e-01
2.451820373535156250e-01
2.445929050445556641e-01
2.451612949371337891e-01
2.458374500274658203e-01
2.454414367675781250e-01
2.447614669799804688e-01
2.454400062561035156e-01
2.450306415557861328e-01
2.454757690429687500e-01
2.451620101928710938e-01
2.458510398864746094e-01
2.455580234527587891e-01
2.450983524322509766e-01
2.450211048126220703e-01
2.430224418640136719e-01
2.430443763732910156e-01
2.429909706115722656e-01
2.425982952117919922e-01
5.489206314086914062e-02
2.572708129882812500e-01
2.587058544158935547e-01
2.544877529144287109e-01
2.452285289764404297e-01
2.445597648620605469e-01
2.443926334381103516e-01
2.450308799743652344e-01
2.447159290313720703e-01
2.444291114807128906e-01
2.445235252380371094e-01
2.445337772369384766e-01
2.444901466369628906e-01
2.448887825012207031e-01
2.444403171539306641e-01
2.444114685058593750e-01
2.447004318237304688e-01
2.444849014282226562e-01
2.446420192718505859e-01
2.447323799133300781e-01
2.445762157440185547e-01
2.470228672027587891e-01
2.470622062683105469e-01
2.449908256530761719e-01
5.494904518127441406e-02
2.576036453247070312e-01
2.511224746704101562e-01
2.486941814422607422e-01
2.450790405273437500e-01
2.449045181274414062e-01
2.431130409240722656e-01
2.444024085998535156e-01
2.447412014007568359e-01
2.445921897888183594e-01
2.472896575927734375e-01
2.444286346435546875e-01
2.447957992553710938e-01
2.398917675018310547e-01
2.426383495330810547e-01
2.452797889709472656e-01
2.456319332122802734e-01
2.455461025238037109e-01
2.451686859130859375e-01
2.450830936431884766e-01
2.454319000244140625e-01
2.454123497009277344e-01
2.454049587249755859e-01
2.451212406158447266e-01
5.599260330200195312e-02
2.594094276428222656e-01
2.568783760070800781e-01
2.545149326324462891e-01
2.550420761108398438e-01
2.529456615447998047e-01
2.525951862335205078e-01
2.532300949096679688e-01
2.493515014648437500e-01
2.493064403533935547e-01
2.490463256835937500e-01
2.484793663024902344e-01
2.494149208068847656e-01
2.502226829528808594e-01
2.497825622558593750e-01
2.491943836212158203e-01
2.496576309204101562e-01
2.468776702880859375e-01
2.471649646759033203e-01
2.471306324005126953e-01
2.469673156738281250e-01
2.470228672027587891e-01
2.468760013580322266e-01
2.473959922790527344e-01
5.695319175720214844e-02
2.580237388610839844e-01
2.530989646911621094e-01
2.535383701324462891e-01
2.532815933227539062e-01
2.532975673675537109e-01
2.533957958221435547e-01
2.526824474334716797e-01
2.527601718902587891e-01
2.524991035461425781e-01
2.494835853576660156e-01
2.498359680175781250e-01
2.497692108154296875e-01
2.487249374389648438e-01
2.486605644226074219e-01
2.488689422607421875e-01
2.498075962066650391e-01
2.505676746368408203e-01
2.493007183074951172e-01
2.491126060485839844e-01
2.493295669555664062e-01
2.503154277801513672e-01
2.491812705993652344e-01
2.507472038269042969e-01
5.973243713378906250e-02
2.581608295440673828e-01
2.554044723510742188e-01
2.546896934509277344e-01
2.495145797729492188e-01
2.441763877868652344e-01
2.446885108947753906e-01
2.444489002227783203e-01
2.452592849731445312e-01
2.449624538421630859e-01
2.447142601013183594e-01
2.467169761657714844e-01
2.443416118621826172e-01
2.443900108337402344e-01
2.459385395050048828e-01
2.445678710937500000e-01
2.447826862335205078e-01
2.442083358764648438e-01
2.445225715637207031e-01
2.452101707458496094e-01
2.463021278381347656e-01
2.446699142456054688e-01
2.444756031036376953e-01
2.467043399810791016e-01
5.428791046142578125e-02
2.573513984680175781e-01
2.552788257598876953e-01
2.547342777252197266e-01
2.531478404998779297e-01
2.497701644897460938e-01
2.487001419067382812e-01
2.489299774169921875e-01
2.483370304107666016e-01
2.470378875732421875e-01
2.470703125000000000e-01
2.471826076507568359e-01
2.476363182067871094e-01
2.466926574707031250e-01
2.471232414245605469e-01
2.470543384552001953e-01
2.470536231994628906e-01
2.470679283142089844e-01
2.483458518981933594e-01
2.476191520690917969e-01
2.471802234649658203e-01
2.478160858154296875e-01
2.463846206665039062e-01
2.458920478820800781e-01
5.684638023376464844e-02
2.584455013275146484e-01
2.559132575988769531e-01
2.495801448822021484e-01
2.474608421325683594e-01
2.468380928039550781e-01
2.463362216949462891e-01
2.464985847473144531e-01
2.470650672912597656e-01
2.464709281921386719e-01
2.458007335662841797e-01
2.462985515594482422e-01
2.465851306915283203e-01
2.315936088562011719e-01
2.267096042633056641e-01
2.061045169830322266e-01
1.738853454589843750e-01
1.273739337921142578e-01
2.120668888092041016e-01
2.430500984191894531e-01
2.479884624481201172e-01
2.481622695922851562e-01
2.468588352203369141e-01
2.477886676788330078e-01
8.194231986999511719e-02
2.608978748321533203e-01
2.586843967437744141e-01
2.577211856842041016e-01
2.480442523956298828e-01
2.452993392944335938e-01
2.471737861633300781e-01
2.475676536560058594e-01
2.469036579132080078e-01
2.467257976531982422e-01
2.468144893646240234e-01
2.467606067657470703e-01
2.473027706146240234e-01
2.469749450683593750e-01
2.471139430999755859e-01
2.468199729919433594e-01
2.470674514770507812e-01
2.469193935394287109e-01
2.473251819610595703e-01
2.474718093872070312e-01
2.465214729309082031e-01
2.469089031219482422e-01
2.473652362823486328e-01
2.471437454223632812e-01
5.702543258666992188e-02
2.587807178497314453e-01
2.532942295074462891e-01
2.483029365539550781e-01
2.457413673400878906e-01
2.451484203338623047e-01
2.453274726867675781e-01
2.451903820037841797e-01
2.449986934661865234e-01
2.456023693084716797e-01
2.453258037567138672e-01
2.448141574859619141e-01
2.449505329132080078e-01
2.450864315032958984e-01
2.467067241668701172e-01
2.473282814025878906e-01
2.464318275451660156e-01
2.456622123718261719e-01
2.453606128692626953e-01
2.457785606384277344e-01
2.463402748107910156e-01
2.463345527648925781e-01
2.456574440002441406e-01
2.455704212188720703e-01
5.474019050598144531e-02
2.572138309478759766e-01
2.578713893890380859e-01
2.514050006866455078e-01
2.429757118225097656e-01
2.407126426696777344e-01
2.406730651855468750e-01
2.410306930541992188e-01
2.409453392028808594e-01
2.406356334686279297e-01
2.409226894378662109e-01
2.408082485198974609e-01
2.410180568695068359e-01
2.409596443176269531e-01
2.410507202148437500e-01
2.408437728881835938e-01
2.403421401977539062e-01
2.406809329986572266e-01
2.409462928771972656e-01
2.408185005187988281e-01
2.409126758575439453e-01
2.427966594696044922e-01
2.406663894653320312e-01
2.412383556365966797e-01
5.038738250732421875e-02
2.594337463378906250e-01
2.493727207183837891e-01
2.479088306427001953e-01
2.432527542114257812e-01
2.435860633850097656e-01
2.436740398406982422e-01
2.429859638214111328e-01
2.429010868072509766e-01
2.429237365722656250e-01
2.431666851043701172e-01
2.411510944366455078e-01
2.431795597076416016e-01
2.435102462768554688e-01
2.433068752288818359e-01
2.435519695281982422e-01
2.432496547698974609e-01
2.434580326080322266e-01
2.433931827545166016e-01
2.431271076202392578e-01
2.433173656463623047e-01
2.437055110931396484e-01
2.360248565673828125e-01
2.439260482788085938e-01
5.241203308105468750e-02
2.604610919952392578e-01
2.503488063812255859e-01
2.529685497283935547e-01
2.484934329986572266e-01
2.480785846710205078e-01
2.500216960906982422e-01
2.428565025329589844e-01
2.430858612060546875e-01
2.436630725860595703e-01
2.429308891296386719e-01
2.407557964324951172e-01
2.431855201721191406e-01
2.427890300750732422e-01
2.471683025360107422e-01
2.473084926605224609e-01
2.469561100006103516e-01
2.476251125335693359e-01
2.481946945190429688e-01
2.482590675354003906e-01
2.484009265899658203e-01
2.483425140380859375e-01
2.481844425201416016e-01
2.488236427307128906e-01
5.984902381896972656e-02
2.590043544769287109e-01
2.519469261169433594e-01
2.529008388519287109e-01
2.529256343841552734e-01
2.530856132507324219e-01
2.530841827392578125e-01
2.523453235626220703e-01
2.504103183746337891e-01
2.518894672393798828e-01
2.518384456634521484e-01
2.512123584747314453e-01
2.520444393157958984e-01
2.517867088317871094e-01
2.512671947479248047e-01
2.514832019805908203e-01
2.518999576568603516e-01
2.515642642974853516e-01
2.514286041259765625e-01
2.518832683563232422e-01
2.519536018371582031e-01
2.520282268524169922e-01
2.522726058959960938e-01
2.520611286163330078e-01
6.031298637390136719e-02
2.549247741699218750e-01
2.497043609619140625e-01
2.487781047821044922e-01
2.472562789916992188e-01
2.468636035919189453e-01
2.454180717468261719e-01
2.457830905914306641e-01
2.451248168945312500e-01
2.448027133941650391e-01
2.439718246459960938e-01
2.434222698211669922e-01
2.443356513977050781e-01
2.432348728179931641e-01
2.434229850769042969e-01
2.441053390502929688e-01
2.434692382812500000e-01
2.438766956329345703e-01
2.437295913696289062e-01
2.440166473388671875e-01
2.444727420806884766e-01
2.461314201354980469e-01
2.454903125762939453e-01
2.456259727478027344e-01
5.497217178344726562e-02
2.576816082000732422e-01
2.537546157836914062e-01
2.448048591613769531e-01
2.405405044555664062e-01
2.421219348907470703e-01
2.425572872161865234e-01
2.426378726959228516e-01
2.444682121276855469e-01
2.445337772369384766e-01
2.446889877319335938e-01
2.447369098663330078e-01
2.447624206542968750e-01
2.447364330291748047e-01
2.449800968170166016e-01
2.440021038055419922e-01
2.410261631011962891e-01
2.424144744873046875e-01
2.441346645355224609e-01
2.422342300415039062e-01
2.420804500579833984e-01
2.422029972076416016e-01
2.424058914184570312e-01
2.427022457122802734e-01
5.216979980468750000e-02
2.575426101684570312e-01
2.540237903594970703e-01
2.539582252502441406e-01
2.540974617004394531e-01
2.543096542358398438e-01
2.509136199951171875e-01
2.466809749603271484e-01
2.409746646881103516e-01
2.392213344573974609e-01
2.416472434997558594e-01
2.429316043853759766e-01
2.433180809020996094e-01
2.428050041198730469e-01
2.438971996307373047e-01
2.411873340606689453e-01
2.433826923370361328e-01
2.443761825561523438e-01
2.446520328521728516e-01
2.444458007812500000e-01
2.448432445526123047e-01
2.437021732330322266e-01
2.433822154998779297e-01
2.405285835266113281e-01
5.276560783386230469e-02
2.570836544036865234e-01
2.543668746948242188e-01
2.469868659973144531e-01
2.412104606628417969e-01
2.387375831604003906e-01
2.412903308868408203e-01
2.410490512847900391e-01
2.424871921539306641e-01
2.452161312103271484e-01
2.450428009033203125e-01
2.453064918518066406e-01
2.455463409423828125e-01
2.444920539855957031e-01
2.481815814971923828e-01
2.515699863433837891e-01
2.479412555694580078e-01
2.455863952636718750e-01
2.439119815826416016e-01
2.439606189727783203e-01
2.438981533050537109e-01
2.435505390167236328e-01
2.437281608581542969e-01
2.438364028930664062e-01
3.164052963256835938e-02
2.595069408416748047e-01
2.548000812530517578e-01
2.511241436004638672e-01
2.520856857299804688e-01
2.519330978393554688e-01
2.497160434722900391e-01
2.487454414367675781e-01
2.499988079071044922e-01
2.491021156311035156e-01
2.489821910858154297e-01
2.489697933197021484e-01
2.472393512725830078e-01
2.495033740997314453e-01
2.493143081665039062e-01
2.497951984405517578e-01
2.491571903228759766e-01
2.465331554412841797e-01
2.489907741546630859e-01
2.492806911468505859e-01
2.495641708374023438e-01
2.495937347412109375e-01
2.492940425872802734e-01
2.466681003570556641e-01
5.646109580993652344e-02
2.589592933654785156e-01
2.527034282684326172e-01
2.522435188293457031e-01
2.524578571319580078e-01
2.514550685882568359e-01
2.489495277404785156e-01
2.480382919311523438e-01
2.468240261077880859e-01
2.470784187316894531e-01
2.461903095245361328e-01
2.465467453002929688e-01
2.464017868041992188e-01
2.468030452728271484e-01
2.455747127532958984e-01
2.455883026123046875e-01
2.448587417602539062e-01
2.453241348266601562e-01
2.456071376800537109e-01
2.452838420867919922e-01
2.449240684509277344e-01
2.452504634857177734e-01
2.454092502593994141e-01
2.455921173095703125e-01
5.258393287658691406e-02
2.584197521209716797e-01
2.526552677154541016e-01
2.482607364654541016e-01
2.480080127716064453e-01
2.477121353149414062e-01
2.514069080352783203e-01
2.504267692565917969e-01
2.507255077362060547e-01
2.503185272216796875e-01
2.496044635772705078e-01
2.455606460571289062e-01
2.458162307739257812e-01
2.451531887054443359e-01
2.445020675659179688e-01
2.479264736175537109e-01
2.497036457061767578e-01
2.496440410614013672e-01
2.488627433776855469e-01
2.493715286254882812e-01
2.492203712463378906e-01
2.493457794189453125e-01
2.484474182128906250e-01
2.487776279449462891e-01
5.571770668029785156e-02
2.583522796630859375e-01
2.524864673614501953e-01
2.512166500091552734e-01
2.513751983642578125e-01
2.508411407470703125e-01
2.446501255035400391e-01
2.427930831909179688e-01
2.433092594146728516e-01
2.434196472167968750e-01
2.430195808410644531e-01
2.428839206695556641e-01
2.431230545043945312e-01
2.435238361358642578e-01
2.434940338134765625e-01
2.479064464569091797e-01
2.484834194183349609e-01
2.477695941925048828e-01
2.478718757629394531e-01
2.479262351989746094e-01
2.485003471374511719e-01
2.472093105316162109e-01
2.479455471038818359e-01
2.479896545410156250e-01
5.962467193603515625e-02
2.592806816101074219e-01
2.554554939270019531e-01
2.475137710571289062e-01
2.441473007202148438e-01
2.441966533660888672e-01
2.446579933166503906e-01
2.449316978454589844e-01
2.427480220794677734e-01
2.430536746978759766e-01
2.430675029754638672e-01
2.428579330444335938e-01
2.434418201446533203e-01
2.227544784545898438e-01
2.352015972137451172e-01
2.383980751037597656e-01
2.431402206420898438e-01
2.458930015563964844e-01
2.455954551696777344e-01
2.451660633087158203e-01
2.458429336547851562e-01
2.453360557556152344e-01
2.458453178405761719e-01
2.458064556121826172e-01
5.619812011718750000e-02
2.582063674926757812e-01
2.566268444061279297e-01
2.484087944030761719e-01
2.460725307464599609e-01
2.439672946929931641e-01
2.446537017822265625e-01
2.471246719360351562e-01
2.467765808105468750e-01
2.470378875732421875e-01
2.473375797271728516e-01
2.468881607055664062e-01
2.469966411590576172e-01
2.468192577362060547e-01
2.475657463073730469e-01
2.469143867492675781e-01
2.468843460083007812e-01
2.470824718475341797e-01
2.470028400421142578e-01
2.359211444854736328e-01
2.423169612884521484e-01
2.422273159027099609e-01
2.416815757751464844e-01
2.424819469451904297e-01
4.923129081726074219e-02
2.599387168884277344e-01
2.532703876495361328e-01
2.517466545104980469e-01
2.453680038452148438e-01
2.427957057952880859e-01
2.437107563018798828e-01
2.454628944396972656e-01
2.435405254364013672e-01
2.432868480682373047e-01
2.433183193206787109e-01
2.434697151184082031e-01
2.432847023010253906e-01
2.444953918457031250e-01
2.443885803222656250e-01
2.444250583648681641e-01
2.465922832489013672e-01
2.434935569763183594e-01
2.449383735656738281e-01
2.442717552185058594e-01
2.431745529174804688e-01
2.433919906616210938e-01
2.429969310760498047e-01
2.431542873382568359e-01
5.087256431579589844e-02
2.567856311798095703e-01
2.500903606414794922e-01
2.490031719207763672e-01
2.486910820007324219e-01
2.499387264251708984e-01
2.465591430664062500e-01
2.467958927154541016e-01
2.452704906463623047e-01
2.432503700256347656e-01
2.472131252288818359e-01
2.437200546264648438e-01
2.431254386901855469e-01
2.430417537689208984e-01
2.465379238128662109e-01
2.475240230560302734e-01
2.453615665435791016e-01
2.453081607818603516e-01
2.455189228057861328e-01
2.455401420593261719e-01
2.435407638549804688e-01
2.491488456726074219e-01
2.492458820343017578e-01
2.493376731872558594e-01
5.553412437438964844e-02
2.572441101074218750e-01
2.551784515380859375e-01
2.554399967193603516e-01
2.550635337829589844e-01
2.550354003906250000e-01
2.547914981842041016e-01
2.550907135009765625e-01
2.594435214996337891e-01
2.560539245605468750e-01
2.534358501434326172e-01
2.480287551879882812e-01
2.472968101501464844e-01
2.496542930603027344e-01
2.474129199981689453e-01
2.467296123504638672e-01
2.466449737548828125e-01
2.469408512115478516e-01
2.494995594024658203e-01
2.475693225860595703e-01
2.489364147186279297e-01
2.466998100280761719e-01
2.431521415710449219e-01
2.433059215545654297e-01
5.140209197998046875e-02
2.579126358032226562e-01
2.549681663513183594e-01
2.551712989807128906e-01
2.550294399261474609e-01
2.556242942810058594e-01
2.557859420776367188e-01
2.584714889526367188e-01
2.520172595977783203e-01
2.516965866088867188e-01
2.525427341461181641e-01
2.519876956939697266e-01
2.518010139465332031e-01
2.515027523040771484e-01
2.522153854370117188e-01
2.531890869140625000e-01
2.531087398529052734e-01
2.534050941467285156e-01
2.524261474609375000e-01
2.524869441986083984e-01
2.525856494903564453e-01
2.483942508697509766e-01
2.481424808502197266e-01
2.483944892883300781e-01
5.692815780639648438e-02
2.604837417602539062e-01
2.572731971740722656e-01
2.566545009613037109e-01
2.537856101989746094e-01
2.556705474853515625e-01
2.533042430877685547e-01
2.529542446136474609e-01
2.531812191009521484e-01
2.534890174865722656e-01
2.521798610687255859e-01
2.517743110656738281e-01
2.519247531890869141e-01
2.525336742401123047e-01
2.516882419586181641e-01
2.492175102233886719e-01
2.494318485260009766e-01
2.477746009826660156e-01
2.467482089996337891e-01
2.457778453826904297e-01
2.453844547271728516e-01
2.450859546661376953e-01
2.464942932128906250e-01
2.452616691589355469e-01
5.237221717834472656e-02
2.598204612731933594e-01
2.562634944915771484e-01
2.542605400085449219e-01
2.488152980804443359e-01
2.462856769561767578e-01
2.455363273620605469e-01
2.444617748260498047e-01
2.444639205932617188e-01
2.443890571594238281e-01
2.441413402557373047e-01
2.441978454589843750e-01
2.456827163696289062e-01
2.452051639556884766e-01
2.452187538146972656e-01
2.452673912048339844e-01
2.451143264770507812e-01
2.457516193389892578e-01
2.454764842987060547e-01
2.447733879089355469e-01
2.450475692749023438e-01
2.456004619598388672e-01
2.451848983764648438e-01
2.473154067993164062e-01
5.369281768798828125e-02
2.563202381134033203e-01
2.560300827026367188e-01
2.534854412078857422e-01
2.524323463439941406e-01
2.500264644622802734e-01
2.491817474365234375e-01
2.481169700622558594e-01
2.459180355072021484e-01
2.451832294464111328e-01
2.434151172637939453e-01
2.434933185577392578e-01
2.442483901977539062e-01
2.453062534332275391e-01
2.458138465881347656e-01
2.452557086944580078e-01
2.465150356292724609e-01
2.444350719451904297e-01
2.442696094512939453e-01
2.454466819763183594e-01
2.453081607818603516e-01
2.452282905578613281e-01
2.452137470245361328e-01
2.453055381774902344e-01
4.983472824096679688e-02
2.583889961242675781e-01
2.584221363067626953e-01
2.533719539642333984e-01
2.525444030761718750e-01
2.519583702087402344e-01
2.522950172424316406e-01
2.520492076873779297e-01
2.515811920166015625e-01
2.494413852691650391e-01
2.479126453399658203e-01
2.465105056762695312e-01
2.455494403839111328e-01
2.457616329193115234e-01
2.452220916748046875e-01
2.450211048126220703e-01
2.449853420257568359e-01
2.453963756561279297e-01
2.455112934112548828e-01
2.451517581939697266e-01
2.453315258026123047e-01
2.451250553131103516e-01
2.458236217498779297e-01
2.439670562744140625e-01
3.196239471435546875e-02
2.592988014221191406e-01
2.526645660400390625e-01
2.524893283843994141e-01
2.527458667755126953e-01
2.521781921386718750e-01
2.520279884338378906e-01
2.520525455474853516e-01
2.526612281799316406e-01
2.525682449340820312e-01
2.534527778625488281e-01
2.519023418426513672e-01
2.518784999847412109e-01
2.476301193237304688e-01
2.477395534515380859e-01
2.483828067779541016e-01
2.483031749725341797e-01
2.493419647216796875e-01
2.491853237152099609e-01
2.515990734100341797e-01
2.528266906738281250e-01
2.525038719177246094e-01
2.479047775268554688e-01
2.489683628082275391e-01
5.385518074035644531e-02
2.594697475433349609e-01
2.568807601928710938e-01
2.557289600372314453e-01
2.532544136047363281e-01
2.531166076660156250e-01
2.529060840606689453e-01
2.523236274719238281e-01
2.517039775848388672e-01
2.488737106323242188e-01
2.478797435760498047e-01
2.468411922454833984e-01
2.457263469696044922e-01
2.456414699554443359e-01
2.451715469360351562e-01
2.462942600250244141e-01
2.455852031707763672e-01
2.450737953186035156e-01
2.455797195434570312e-01
2.453005313873291016e-01
2.470932006835937500e-01
2.449417114257812500e-01
2.440850734710693359e-01
2.452042102813720703e-01
5.249571800231933594e-02
2.537524700164794922e-01
2.482728958129882812e-01
2.453527450561523438e-01
2.451999187469482422e-01
2.465009689331054688e-01
2.462160587310791016e-01
2.453005313873291016e-01
2.469263076782226562e-01
2.467837333679199219e-01
2.466301918029785156e-01
2.473742961883544922e-01
2.461516857147216797e-01
2.468225955963134766e-01
2.465360164642333984e-01
2.469141483306884766e-01
2.453789710998535156e-01
2.454829216003417969e-01
2.450780868530273438e-01
2.450113296508789062e-01
2.452580928802490234e-01
2.457630634307861328e-01
2.450602054595947266e-01
2.449004650115966797e-01
5.485320091247558594e-02
2.561748027801513672e-01
2.487838268280029297e-01
2.436344623565673828e-01
2.448682785034179688e-01
2.467169761657714844e-01
2.466843128204345703e-01
2.474100589752197266e-01
2.475497722625732422e-01
2.472622394561767578e-01
2.469503879547119141e-01
2.471299171447753906e-01
2.469217777252197266e-01
2.471120357513427734e-01
2.476058006286621094e-01
2.469036579132080078e-01
2.467734813690185547e-01
2.470107078552246094e-01
2.475471496582031250e-01
2.473378181457519531e-01
2.470564842224121094e-01
2.468705177307128906e-01
2.468466758728027344e-01
2.469840049743652344e-01
5.608987808227539062e-02
2.587330341339111328e-01
2.567741870880126953e-01
2.481074333190917969e-01
2.411973476409912109e-01
2.443633079528808594e-01
2.449467182159423828e-01
2.469744682312011719e-01
2.476031780242919922e-01
2.451741695404052734e-01
2.453401088714599609e-01
2.457444667816162109e-01
2.456817626953125000e-01
2.451765537261962891e-01
2.452356815338134766e-01
2.471127510070800781e-01
2.472512722015380859e-01
2.475683689117431641e-01
2.466685771942138672e-01
2.456772327423095703e-01
2.459871768951416016e-01
2.463521957397460938e-01
2.456784248352050781e-01
2.451364994049072266e-01
5.561041831970214844e-02
2.580571174621582031e-01
2.583305835723876953e-01
2.499952316284179688e-01
2.481794357299804688e-01
2.466533184051513672e-01
2.454133033752441406e-01
2.453072071075439453e-01
2.458071708679199219e-01
2.472314834594726562e-01
2.461910247802734375e-01
2.462949752807617188e-01
2.462143898010253906e-01
2.469809055328369141e-01
2.493021488189697266e-01
2.531039714813232422e-01
2.511234283447265625e-01
2.461504936218261719e-01
2.380597591400146484e-01
2.404630184173583984e-01
2.446191310882568359e-01
2.406291961669921875e-01
2.405478954315185547e-01
2.406501770019531250e-01
5.300617218017578125e-02
2.545979022979736328e-01
2.467272281646728516e-01
2.461009025573730469e-01
2.493546009063720703e-01
2.473487854003906250e-01
2.476437091827392578e-01
2.484970092773437500e-01
2.481887340545654297e-01
2.435503005981445312e-01
2.427232265472412109e-01
2.408165931701660156e-01
2.404646873474121094e-01
2.404575347900390625e-01
2.456631660461425781e-01
2.407040596008300781e-01
2.410428524017333984e-01
2.406785488128662109e-01
2.409095764160156250e-01
2.408175468444824219e-01
2.406299114227294922e-01
2.405905723571777344e-01
2.408573627471923828e-01
2.426702976226806641e-01
5.240488052368164062e-02
2.574069499969482422e-01
2.529864311218261719e-01
2.473375797271728516e-01
2.469811439514160156e-01
2.424366474151611328e-01
2.410497665405273438e-01
2.405619621276855469e-01
2.388768196105957031e-01
2.397184371948242188e-01
2.421102523803710938e-01
2.420814037322998047e-01
2.419939041137695312e-01
2.424020767211914062e-01
2.425227165222167969e-01
2.423896789550781250e-01
2.418653964996337891e-01
2.444794178009033203e-01
2.406728267669677734e-01
2.409398555755615234e-01
2.411525249481201172e-01
2.408964633941650391e-01
2.407507896423339844e-01
2.406759262084960938e-01
5.124092102050781250e-02
2.579150199890136719e-01
2.525880336761474609e-01
2.481451034545898438e-01
2.482380867004394531e-01
2.482202053070068359e-01
2.484879493713378906e-01
2.483353614807128906e-01
2.480466365814208984e-01
2.493844032287597656e-01
2.468845844268798828e-01
2.443552017211914062e-01
2.446682453155517578e-01
2.447874546051025391e-01
2.446587085723876953e-01
2.447831630706787109e-01
2.446177005767822266e-01
2.432942390441894531e-01
2.438769340515136719e-01
2.407705783843994141e-01
2.388312816619873047e-01
2.336637973785400391e-01
2.318346500396728516e-01
2.274389266967773438e-01
4.728364944458007812e-02
2.568750381469726562e-01
2.508063316345214844e-01
2.474093437194824219e-01
2.459540367126464844e-01
2.439002990722656250e-01
2.446146011352539062e-01
2.406520843505859375e-01
2.384603023529052734e-01
2.423450946807861328e-01
2.423708438873291016e-01
2.422552108764648438e-01
2.422404289245605469e-01
2.420117855072021484e-01
2.422726154327392578e-01
2.428097724914550781e-01
2.405059337615966797e-01
2.384736537933349609e-01
2.431244850158691406e-01
2.454571723937988281e-01
2.444908618927001953e-01
2.447834014892578125e-01
2.432756423950195312e-01
2.429389953613281250e-01
5.225133895874023438e-02
2.576780319213867188e-01
2.513797283172607422e-01
2.463729381561279297e-01
2.437562942504882812e-01
2.425227165222167969e-01
2.450165748596191406e-01
2.451579570770263672e-01
2.457833290100097656e-01
2.454509735107421875e-01
2.454192638397216797e-01
2.449378967285156250e-01
2.479300498962402344e-01
2.288329601287841797e-01
2.378206253051757812e-01
2.398698329925537109e-01
2.409029006958007812e-01
2.454116344451904297e-01
2.474219799041748047e-01
2.487101554870605469e-01
2.484474182128906250e-01
2.487301826477050781e-01
2.482514381408691406e-01
1.932275295257568359e-01
4.504704475402832031e-02
2.568039894104003906e-01
2.517259120941162109e-01
2.444911003112792969e-01
2.470357418060302734e-01
2.475206851959228516e-01
2.423243522644042969e-01
2.421627044677734375e-01
2.423450946807861328e-01
2.422444820404052734e-01
2.423830032348632812e-01
2.411112785339355469e-01
2.422158718109130859e-01
2.421126365661621094e-01
2.421469688415527344e-01
2.403159141540527344e-01
2.426052093505859375e-01
2.424681186676025391e-01
2.424514293670654297e-01
2.413175106048583984e-01
2.399122714996337891e-01
2.401397228240966797e-01
2.401835918426513672e-01
2.379636764526367188e-01
5.250716209411621094e-02
2.563049793243408203e-01
2.520697116851806641e-01
2.485857009887695312e-01
2.472918033599853516e-01
2.471573352813720703e-01
2.462260723114013672e-01
2.446088790893554688e-01
2.492470741271972656e-01
2.482814788818359375e-01
2.445206642150878906e-01
2.446377277374267578e-01
2.446589469909667969e-01
2.449924945831298828e-01
2.446444034576416016e-01
2.445704936981201172e-01
2.441895008087158203e-01
2.446444034576416016e-01
2.449226379394531250e-01
2.443418502807617188e-01
2.446951866149902344e-01
2.447063922882080078e-01
2.440667152404785156e-01
2.446062564849853516e-01
5.170679092407226562e-02
2.579889297485351562e-01
2.506096363067626953e-01
2.508800029754638672e-01
2.473161220550537109e-01
2.451753616333007812e-01
2.449052333831787109e-01
2.472703456878662109e-01
2.469618320465087891e-01
2.469058036804199219e-01
2.469422817230224609e-01
2.431280612945556641e-01
2.430713176727294922e-01
2.431707382202148438e-01
2.430512905120849609e-01
2.428526878356933594e-01
2.418546676635742188e-01
2.447977066040039062e-01
2.445309162139892578e-01
2.447233200073242188e-01
2.440834045410156250e-01
2.448129653930664062e-01
2.432067394256591797e-01
2.436938285827636719e-01
5.396747589111328125e-02
2.584507465362548828e-01
2.504515647888183594e-01
2.468388080596923828e-01
2.471442222595214844e-01
2.454459667205810547e-01
2.446022033691406250e-01
2.442743778228759766e-01
2.451391220092773438e-01
2.450895309448242188e-01
2.451019287109375000e-01
2.445313930511474609e-01
2.445869445800781250e-01
2.448241710662841797e-01
2.445914745330810547e-01
2.451546192169189453e-01
2.426462173461914062e-01
2.428383827209472656e-01
2.429776191711425781e-01
2.425284385681152344e-01
2.416348457336425781e-01
2.421360015869140625e-01
2.469153404235839844e-01
2.467215061187744141e-01
5.667710304260253906e-02
2.589929103851318359e-01
2.507338523864746094e-01
2.462859153747558594e-01
2.446589469909667969e-01
2.441856861114501953e-01
2.445576190948486328e-01
2.448334693908691406e-01
2.443172931671142578e-01
2.445793151855468750e-01
2.445111274719238281e-01
2.447819709777832031e-01
2.448031902313232422e-01
2.422614097595214844e-01
2.429804801940917969e-01
2.450003623962402344e-01
2.469432353973388672e-01
2.481753826141357422e-01
2.502334117889404297e-01
2.506594657897949219e-01
2.506616115570068359e-01
2.495551109313964844e-01
2.502210140228271484e-01
2.501165866851806641e-01
5.730414390563964844e-02
2.570731639862060547e-01
2.533526420593261719e-01
2.533824443817138672e-01
2.535891532897949219e-01
2.528631687164306641e-01
2.519602775573730469e-01
2.522363662719726562e-01
2.525908946990966797e-01
2.494235038757324219e-01
2.465345859527587891e-01
2.455892562866210938e-01
2.458775043487548828e-01
2.456517219543457031e-01
2.458102703094482422e-01
2.457020282745361328e-01
2.442793846130371094e-01
2.435331344604492188e-01
2.435986995697021484e-01
2.434368133544921875e-01
2.442455291748046875e-01
2.439799308776855469e-01
2.433001995086669922e-01
2.434661388397216797e-01
3.219699859619140625e-02
2.553853988647460938e-01
2.493696212768554688e-01
2.457423210144042969e-01
2.429306507110595703e-01
2.425076961517333984e-01
2.424912452697753906e-01
2.426428794860839844e-01
2.440352439880371094e-01
2.449266910552978516e-01
2.443058490753173828e-01
2.453777790069580078e-01
2.458856105804443359e-01
2.455611228942871094e-01
2.453913688659667969e-01
2.470071315765380859e-01
2.467379570007324219e-01
2.457089424133300781e-01
2.453603744506835938e-01
2.441112995147705078e-01
2.454812526702880859e-01
2.454495429992675781e-01
2.457134723663330078e-01
2.460834980010986328e-01
5.384135246276855469e-02
2.574923038482666016e-01
2.557489871978759766e-01
2.511994838714599609e-01
2.469625473022460938e-01
2.448127269744873047e-01
2.450876235961914062e-01
2.444725036621093750e-01
2.445280551910400391e-01
2.443206310272216797e-01
2.445268630981445312e-01
2.446887493133544922e-01
2.443253993988037109e-01
2.441735267639160156e-01
2.445309162139892578e-01
2.425017356872558594e-01
2.426176071166992188e-01
2.421495914459228516e-01
2.422299385070800781e-01
2.426145076751708984e-01
2.446517944335937500e-01
2.449331283569335938e-01
2.447025775909423828e-01
2.441542148590087891e-01
5.642056465148925781e-02
2.573852539062500000e-01
2.556378841400146484e-01
2.542545795440673828e-01
2.498719692230224609e-01
2.478666305541992188e-01
2.452657222747802734e-01
2.457907199859619141e-01
2.454552650451660156e-01
2.455172538757324219e-01
2.448725700378417969e-01
2.453780174255371094e-01
2.476754188537597656e-01
2.452917098999023438e-01
2.454912662506103516e-01
2.454993724822998047e-01
2.454073429107666016e-01
2.450578212738037109e-01
2.455029487609863281e-01
2.455346584320068359e-01
2.452192306518554688e-01
2.452244758605957031e-01
2.476789951324462891e-01
2.453963756561279297e-01
5.487871170043945312e-02
2.563977241516113281e-01
2.520079612731933594e-01
2.496140003204345703e-01
2.493927478790283203e-01
2.497613430023193359e-01
2.495484352111816406e-01
2.495179176330566406e-01
2.491612434387207031e-01
2.467486858367919922e-01
2.448899745941162109e-01
2.449362277984619141e-01
2.449049949645996094e-01
2.165899276733398438e-01
2.370114326477050781e-01
2.347226142883300781e-01
2.387981414794921875e-01
2.406654357910156250e-01
2.453300952911376953e-01
2.459647655487060547e-01
2.459058761596679688e-01
2.463531494140625000e-01
2.460453510284423828e-01
1.944882869720458984e-01
4.600620269775390625e-02
2.550189495086669922e-01
2.523612976074218750e-01
2.530839443206787109e-01
2.538239955902099609e-01
2.502634525299072266e-01
2.480041980743408203e-01
2.456300258636474609e-01
2.438609600067138672e-01
2.459850311279296875e-01
2.431461811065673828e-01
2.435951232910156250e-01
2.436716556549072266e-01
2.439923286437988281e-01
2.441003322601318359e-01
2.447321414947509766e-01
2.420935630798339844e-01
2.398316860198974609e-01
2.430093288421630859e-01
2.434182167053222656e-01
2.433662414550781250e-01
2.430474758148193359e-01
2.432613372802734375e-01
2.426028251647949219e-01
5.468773841857910156e-02
2.574679851531982422e-01
2.509808540344238281e-01
2.524588108062744141e-01
2.481617927551269531e-01
2.482740879058837891e-01
2.475452423095703125e-01
2.497324943542480469e-01
2.479155063629150391e-01
2.456104755401611328e-01
2.474379539489746094e-01
2.455039024353027344e-01
2.460808753967285156e-01
2.385478019714355469e-01
2.455143928527832031e-01
2.458376884460449219e-01
2.385771274566650391e-01
2.386522293090820312e-01
2.408866882324218750e-01
2.428965568542480469e-01
2.430686950683593750e-01
2.433614730834960938e-01
2.436048984527587891e-01
2.435145378112792969e-01
5.199384689331054688e-02
2.573072910308837891e-01
2.490737438201904297e-01
2.432990074157714844e-01
2.409868240356445312e-01
2.413427829742431641e-01
2.407934665679931641e-01
2.406134605407714844e-01
2.404034137725830078e-01
2.414653301239013672e-01
2.408905029296875000e-01
2.408478260040283203e-01
2.430262565612792969e-01
2.407341003417968750e-01
2.412841320037841797e-01
2.412402629852294922e-01
2.407872676849365234e-01
2.409982681274414062e-01
2.410175800323486328e-01
2.409279346466064453e-01
2.412922382354736328e-01
2.414178848266601562e-01
2.432060241699218750e-01
2.409129142761230469e-01
5.164003372192382812e-02
2.568962574005126953e-01
2.507956027984619141e-01
2.495367527008056641e-01
2.531132698059082031e-01
2.482347488403320312e-01
2.488873004913330078e-01
2.448494434356689453e-01
2.433233261108398438e-01
2.408809661865234375e-01
2.409706115722656250e-01
2.406873703002929688e-01
2.411608695983886719e-01
2.408130168914794922e-01
2.407956123352050781e-01
2.403068542480468750e-01
2.452902793884277344e-01
2.410767078399658203e-01
2.407126426696777344e-01
2.409405708312988281e-01
2.408404350280761719e-01
2.410252094268798828e-01
2.410573959350585938e-01
2.410709857940673828e-01
5.034923553466796875e-02
2.555203437805175781e-01
2.579085826873779297e-01
2.515046596527099609e-01
2.457325458526611328e-01
2.400355339050292969e-01
2.397751808166503906e-01
2.333626747131347656e-01
2.309107780456542969e-01
2.402048110961914062e-01
2.462313175201416016e-01
2.349364757537841797e-01
2.276988029479980469e-01
2.391679286956787109e-01
2.447087764739990234e-01
2.433745861053466797e-01
2.435758113861083984e-01
2.429223060607910156e-01
2.429389953613281250e-01
2.431001663208007812e-01
2.432539463043212891e-01
2.453939914703369141e-01
1.846864223480224609e-01
1.570527553558349609e-01
3.297305107116699219e-02
2.559361457824707031e-01
2.556731700897216797e-01
2.557055950164794922e-01
2.553977966308593750e-01
2.549076080322265625e-01
2.552006244659423828e-01
2.554733753204345703e-01
2.552468776702880859e-01
2.483766078948974609e-01
2.465658187866210938e-01
2.459244728088378906e-01
2.468731403350830078e-01
2.483012676239013672e-01
2.478225231170654297e-01
2.471890449523925781e-01
2.468898296356201172e-01
2.464513778686523438e-01
2.482056617736816406e-01
2.480266094207763672e-01
2.481827735900878906e-01
2.475991249084472656e-01
2.480168342590332031e-01
2.482943534851074219e-01
5.727076530456542969e-02
2.593410015106201172e-01
2.579853534698486328e-01
2.582805156707763672e-01
2.544686794281005859e-01
2.526848316192626953e-01
2.533700466156005859e-01
2.520513534545898438e-01
2.522423267364501953e-01
2.521107196807861328e-01
2.523961067199707031e-01
2.524056434631347656e-01
2.522211074829101562e-01
2.536377906799316406e-01
2.511146068572998047e-01
2.483918666839599609e-01
2.462050914764404297e-01
2.438087463378906250e-01
2.431983947753906250e-01
2.435035705566406250e-01
2.434206008911132812e-01
2.436740398406982422e-01
2.431502342224121094e-01
2.432758808135986328e-01
5.313038825988769531e-02
