6.981858730316162109e+00
5.902717590332031250e+00
4.428126811981201172e+00
3.482998371124267578e+00
2.445711374282836914e+00
2.104691267013549805e+00
2.207717180252075195e+00
1.849245786666870117e+00
1.696165800094604492e+00
1.916740655899047852e+00
1.708616495132446289e+00
1.748638391494750977e+00
1.868156552314758301e+00
1.641060471534729004e+00
1.888954877853393555e+00
1.593559503555297852e+00
1.570186376571655273e+00
1.486672163009643555e+00
1.677866220474243164e+00
1.525741696357727051e+00
1.474021553993225098e+00
1.468757867813110352e+00
1.406843304634094238e+00
1.327236533164978027e+00
1.709904789924621582e+00
1.600261330604553223e+00
1.430877447128295898e+00
1.394538760185241699e+00
1.477411746978759766e+00
1.474147200584411621e+00
1.515806913375854492e+00
1.322383642196655273e+00
1.156514644622802734e+00
1.270634651184082031e+00
1.444814085960388184e+00
1.480212450027465820e+00
1.412918567657470703e+00
1.203135371208190918e+00
1.317050695419311523e+00
1.270987629890441895e+00
1.408809900283813477e+00
1.409804105758666992e+00
1.415503263473510742e+00
1.204788088798522949e+00
1.184008955955505371e+00
1.276490449905395508e+00
1.522502541542053223e+00
1.501147747039794922e+00
1.332764029502868652e+00
1.703096866607666016e+00
1.431371212005615234e+00
1.242629170417785645e+00
1.373379468917846680e+00
1.364257931709289551e+00
1.340986013412475586e+00
1.181848883628845215e+00
1.027548432350158691e+00
1.311016559600830078e+00
1.305357456207275391e+00
1.192740082740783691e+00
1.137184500694274902e+00
9.711400866508483887e-01
1.268515825271606445e+00
1.148872375488281250e+00
1.343065261840820312e+00
1.194161891937255859e+00
1.197661876678466797e+00
1.125761508941650391e+00
1.182370781898498535e+00
1.175257921218872070e+00
1.086573362350463867e+00
1.531845569610595703e+00
1.313357830047607422e+00
1.138459682464599609e+00
1.057703971862792969e+00
1.399791121482849121e+00
9.391725659370422363e-01
1.057065486907958984e+00
1.225757002830505371e+00
1.062581658363342285e+00
9.570910334587097168e-01
1.091340184211730957e+00
1.146433949470520020e+00
9.266016483306884766e-01
1.074114680290222168e+00
9.561035633087158203e-01
9.417043924331665039e-01
9.741747975349426270e-01
1.135666966438293457e+00
1.146141886711120605e+00
1.226165890693664551e+00
1.036304950714111328e+00
9.000132679939270020e-01
9.783703088760375977e-01
1.056644439697265625e+00
1.242391586303710938e+00
1.192550420761108398e+00
1.023041248321533203e+00
8.790850043296813965e-01
1.492784738540649414e+00
1.058470964431762695e+00
8.491663336753845215e-01
1.019957900047302246e+00
9.075434803962707520e-01
8.827096223831176758e-01
1.094474554061889648e+00
1.125940203666687012e+00
9.072833061218261719e-01
9.861210584640502930e-01
9.972669482231140137e-01
9.116568565368652344e-01
1.060794711112976074e+00
9.763575792312622070e-01
1.020600914955139160e+00
9.826722145080566406e-01
8.404725790023803711e-01
9.120415449142456055e-01
9.550411701202392578e-01
9.576677083969116211e-01
1.038078308105468750e+00
1.071201324462890625e+00
9.816619753837585449e-01
1.091196060180664062e+00
1.033061265945434570e+00
7.851268053054809570e-01
9.578143954277038574e-01
9.562313556671142578e-01
9.435528516769409180e-01
9.038234353065490723e-01
9.030778408050537109e-01
1.071038484573364258e+00
1.015009284019470215e+00
9.888045191764831543e-01
7.852768301963806152e-01
9.245681166648864746e-01
8.349237442016601562e-01
9.788437485694885254e-01
9.292543530464172363e-01
1.006556749343872070e+00
7.853353023529052734e-01
8.109480142593383789e-01
1.011019110679626465e+00
8.317871689796447754e-01
1.105192065238952637e+00
9.364566206932067871e-01
9.118971824645996094e-01
7.919411063194274902e-01
7.658278346061706543e-01
7.396907806396484375e-01
7.267075181007385254e-01
9.578778743743896484e-01
7.323895096778869629e-01
9.788649082183837891e-01
8.009426593780517578e-01
8.512241840362548828e-01
1.083049535751342773e+00
9.051158428192138672e-01
8.967266082763671875e-01
7.015075087547302246e-01
8.611727356910705566e-01
8.891036510467529297e-01
9.965087771415710449e-01
9.237826466560363770e-01
7.143303751945495605e-01
6.590991020202636719e-01
8.269739151000976562e-01
7.860905528068542480e-01
1.202583551406860352e+00
7.937943935394287109e-01
8.067584633827209473e-01
5.969848632812500000e-01
8.725081086158752441e-01
7.550988197326660156e-01
8.087258934974670410e-01
1.153720855712890625e+00
8.273670673370361328e-01
7.250564098358154297e-01
8.091937899589538574e-01
9.337283968925476074e-01
1.049602270126342773e+00
8.653789758682250977e-01
6.779496669769287109e-01
7.043154239654541016e-01
8.317641019821166992e-01
9.368546009063720703e-01
7.760741710662841797e-01
1.015121459960937500e+00
6.687391996383666992e-01
6.533619165420532227e-01
8.281297683715820312e-01
8.427525758743286133e-01
1.070366263389587402e+00
8.334761261940002441e-01
6.176068186759948730e-01
7.223444581031799316e-01
9.604247212409973145e-01
1.066394090652465820e+00
7.544499039649963379e-01
8.269138336181640625e-01
5.998172760009765625e-01
7.272221446037292480e-01
5.643393993377685547e-01
6.267852783203125000e-01
7.065315246582031250e-01
6.919533014297485352e-01
5.907950401306152344e-01
4.876265525817871094e-01
7.681830525398254395e-01
6.753702759742736816e-01
9.040075540542602539e-01
6.622924208641052246e-01
5.736740231513977051e-01
7.387933135032653809e-01
8.019652366638183594e-01
5.877646803855895996e-01
6.671721935272216797e-01
7.770127058029174805e-01
7.263062596321105957e-01
5.941617488861083984e-01
8.613563776016235352e-01
7.396253347396850586e-01
1.032028913497924805e+00
7.893959283828735352e-01
5.565062761306762695e-01
5.459995865821838379e-01
8.337572216987609863e-01
5.088796019554138184e-01
6.411741375923156738e-01
6.785101294517517090e-01
4.838502407073974609e-01
4.290942847728729248e-01
6.069452762603759766e-01
6.433140635490417480e-01
8.907196521759033203e-01
8.020673394203186035e-01
5.123693943023681641e-01
7.387189269065856934e-01
6.181159019470214844e-01
6.216091513633728027e-01
7.452887296676635742e-01
8.621126413345336914e-01
6.483019590377807617e-01
3.730789124965667725e-01
6.864799857139587402e-01
6.684520840644836426e-01
5.572109222412109375e-01
5.604094266891479492e-01
4.435452520847320557e-01
5.719629526138305664e-01
5.449939966201782227e-01
6.886671781539916992e-01
5.343649387359619141e-01
6.598614454269409180e-01
4.695369303226470947e-01
4.150274991989135742e-01
6.731017827987670898e-01
1.028618693351745605e+00
8.493050932884216309e-01
5.970226526260375977e-01
5.216236114501953125e-01
5.850642919540405273e-01
6.302815079689025879e-01
7.204690575599670410e-01
7.041171193122863770e-01
7.130687832832336426e-01
5.075148344039916992e-01
7.302381396293640137e-01
6.133610010147094727e-01
7.947632074356079102e-01
7.241210341453552246e-01
5.171639919281005859e-01
5.690596103668212891e-01
5.421139001846313477e-01
5.239484906196594238e-01
1.228366732597351074e+00
7.506881952285766602e-01
6.504253149032592773e-01
4.777283370494842529e-01
7.846555113792419434e-01
7.011388540267944336e-01
1.087092399597167969e+00
7.381767630577087402e-01
6.176618933677673340e-01
4.639697074890136719e-01
5.586087703704833984e-01
6.361955404281616211e-01
7.781010866165161133e-01
5.112015008926391602e-01
6.565428376197814941e-01
4.500168561935424805e-01
5.486688017845153809e-01
6.469026207923889160e-01
5.863280296325683594e-01
6.085179448127746582e-01
6.947915554046630859e-01
4.300697743892669678e-01
6.680599451065063477e-01
5.261093974113464355e-01
4.894921183586120605e-01
7.430722713470458984e-01
7.157992124557495117e-01
5.522910952568054199e-01
6.937613487243652344e-01
6.190140247344970703e-01
8.531895279884338379e-01
6.931034922599792480e-01
6.969981193542480469e-01
4.345777630805969238e-01
6.531934738159179688e-01
5.583119988441467285e-01
7.500103712081909180e-01
5.238113999366760254e-01
6.375071406364440918e-01
4.071942269802093506e-01
5.090764164924621582e-01
5.798709988594055176e-01
4.473408162593841553e-01
7.871912121772766113e-01
5.752772092819213867e-01
3.632034361362457275e-01
5.737984180450439453e-01
5.896053910255432129e-01
4.890156984329223633e-01
5.386497974395751953e-01
8.865225911140441895e-01
5.371018052101135254e-01
4.359211921691894531e-01
7.127631902694702148e-01
7.744519710540771484e-01
6.136779785156250000e-01
4.397107362747192383e-01
4.182548224925994873e-01
4.079248607158660889e-01
6.503835916519165039e-01
5.418182015419006348e-01
7.200425267219543457e-01
5.980125069618225098e-01
4.057853519916534424e-01
3.175508975982666016e-01
4.937367141246795654e-01
6.898020505905151367e-01
7.520641684532165527e-01
5.122623443603515625e-01
3.015631139278411865e-01
5.490944385528564453e-01
3.185936510562896729e-01
4.280539155006408691e-01
4.807029962539672852e-01
5.321013927459716797e-01
4.498090147972106934e-01
3.709824085235595703e-01
3.181274533271789551e-01
6.777792572975158691e-01
4.637854397296905518e-01
4.971099495887756348e-01
2.828044295310974121e-01
3.563585877418518066e-01
5.296060442924499512e-01
4.948992431163787842e-01
5.180609822273254395e-01
4.160490036010742188e-01
2.634158730506896973e-01
3.545766770839691162e-01
4.194298386573791504e-01
5.044889450073242188e-01
7.034250497817993164e-01
4.094526469707489014e-01
2.567806839942932129e-01
4.838840365409851074e-01
4.203483760356903076e-01
3.999348580837249756e-01
5.935447812080383301e-01
4.255486726760864258e-01
3.628185093402862549e-01
1.028059482574462891e+00
3.897503018379211426e-01
4.391870796680450439e-01
6.141880750656127930e-01
3.621239960193634033e-01
3.116061687469482422e-01
4.052205085754394531e-01
5.351424217224121094e-01
7.986848354339599609e-01
8.622732162475585938e-01
6.579557657241821289e-01
2.840358614921569824e-01
3.142117559909820557e-01
3.940138816833496094e-01
4.796696007251739502e-01
6.782870888710021973e-01
3.814559876918792725e-01
3.581329584121704102e-01
3.956257998943328857e-01
3.464785814285278320e-01
4.915901422500610352e-01
4.887001216411590576e-01
3.824118077754974365e-01
2.886425256729125977e-01
3.987258672714233398e-01
3.267800211906433105e-01
3.453646302223205566e-01
3.282119631767272949e-01
3.080771267414093018e-01
2.183411270380020142e-01
3.291836678981781006e-01
5.014591813087463379e-01
4.463019669055938721e-01
5.068106055259704590e-01
3.490848541259765625e-01
2.563017010688781738e-01
3.225146532058715820e-01
2.656836807727813721e-01
4.160296618938446045e-01
3.473679125308990479e-01
4.082207679748535156e-01
2.239960581064224243e-01
4.050478935241699219e-01
2.145595699548721313e-01
3.671445548534393311e-01
3.550182878971099854e-01
4.214684963226318359e-01
3.101365566253662109e-01
2.195195853710174561e-01
3.269167244434356689e-01
7.850175499916076660e-01
3.394030928611755371e-01
2.625446021556854248e-01
2.834015786647796631e-01
5.983049869537353516e-01
7.061052918434143066e-01
6.668003797531127930e-01
7.926493287086486816e-01
2.941245138645172119e-01
2.602793276309967041e-01
4.216966331005096436e-01
4.943707585334777832e-01
4.514054656028747559e-01
3.969153165817260742e-01
3.228335976600646973e-01
2.685869038105010986e-01
2.922910153865814209e-01
3.326730430126190186e-01
3.358154296875000000e-01
3.482280075550079346e-01
2.489193975925445557e-01
2.607811093330383301e-01
2.686433494091033936e-01
1.990764141082763672e-01
5.540270209312438965e-01
3.646059334278106689e-01
3.144863247871398926e-01
1.970555931329727173e-01
2.476498633623123169e-01
3.017192482948303223e-01
2.346406280994415283e-01
3.757267594337463379e-01
2.718268334865570068e-01
1.942764818668365479e-01
2.250391989946365356e-01
2.120967805385589600e-01
2.191107869148254395e-01
4.018924832344055176e-01
3.310242295265197754e-01
2.582427561283111572e-01
2.805795967578887939e-01
1.303478330373764038e-01
3.246626555919647217e-01
2.766786217689514160e-01
2.895312607288360596e-01
2.218274176120758057e-01
1.893720328807830811e-01
3.052761852741241455e-01
2.671074569225311279e-01
3.722444176673889160e-01
3.927018344402313232e-01
2.279177904129028320e-01
1.625654101371765137e-01
1.986123025417327881e-01
2.276491224765777588e-01
5.963234901428222656e-01
3.342807888984680176e-01
1.595066636800765991e-01
2.105325162410736084e-01
2.174997925758361816e-01
2.473581582307815552e-01
3.038350939750671387e-01
3.002699613571166992e-01
1.646015793085098267e-01
1.973072588443756104e-01
4.140883088111877441e-01
2.938253879547119141e-01
3.698182702064514160e-01
2.190722227096557617e-01
3.052868843078613281e-01
2.158705145120620728e-01
4.233660995960235596e-01
3.428383767604827881e-01
4.206320345401763916e-01
4.017497897148132324e-01
2.997265160083770752e-01
2.096644490957260132e-01
1.549313813447952271e-01
2.775518596172332764e-01
5.122343897819519043e-01
1.973606348037719727e-01
1.379476189613342285e-01
3.241168856620788574e-01
2.889559566974639893e-01
3.074685037136077881e-01
2.871717810630798340e-01
2.744866609573364258e-01
1.402881890535354614e-01
9.019292891025543213e-02
2.126314789056777954e-01
3.896624147891998291e-01
3.698064982891082764e-01
3.285805284976959229e-01
1.960718482732772827e-01
1.325690001249313354e-01
3.377204537391662598e-01
3.376264870166778564e-01
3.886224627494812012e-01
2.287653237581253052e-01
1.705454140901565552e-01
3.923351466655731201e-01
1.741809248924255371e-01
1.140959411859512329e-01
3.567308187484741211e-01
2.754962146282196045e-01
1.044123694300651550e-01
1.603903621435165405e-01
4.081176519393920898e-01
3.847465217113494873e-01
4.126819074153900146e-01
1.851929575204849243e-01
1.416603624820709229e-01
1.590269953012466431e-01
2.952821552753448486e-01
2.056777626276016235e-01
3.479375541210174561e-01
1.281916499137878418e-01
1.493159383535385132e-01
2.081593871116638184e-01
1.275805681943893433e-01
2.622850835323333740e-01
3.277928829193115234e-01
2.123782187700271606e-01
1.471029818058013916e-01
1.990463286638259888e-01
9.492077231407165527e-01
1.819827109575271606e-01
1.603768914937973022e-01
2.216828018426895142e-01
8.260531723499298096e-02
3.153439760208129883e-01
3.408948779106140137e-01
3.628843724727630615e-01
6.262713074684143066e-01
1.386249065399169922e-01
1.386091709136962891e-01
1.159289181232452393e-01
2.816172838211059570e-01
4.549976289272308350e-01
3.657061457633972168e-01
1.850756257772445679e-01
6.699971854686737061e-02
2.771737575531005859e-01
4.002777040004730225e-01
4.858286976814270020e-01
3.830627202987670898e-01
1.230751425027847290e-01
1.612927615642547607e-01
2.836167514324188232e-01
3.146013915538787842e-01
4.774805158376693726e-02
1.194710209965705872e-01
1.259632706642150879e-01
1.187980771064758301e-01
8.841936290264129639e-02
9.972502291202545166e-02
1.675435751676559448e-01
4.127407073974609375e-01
2.232684344053268433e-01
6.277020275592803955e-02
8.605268597602844238e-02
1.300617307424545288e-01
1.093009412288665771e-01
2.251815348863601685e-01
1.763229966163635254e-01
1.657465100288391113e-01
1.155460774898529053e-01
1.108236685395240784e-01
1.674481928348541260e-01
1.653325259685516357e-01
2.188614308834075928e-01
8.121526986360549927e-02
8.201299607753753662e-02
1.308260560035705566e-01
1.347571313381195068e-01
1.238410398364067078e-01
1.341890990734100342e-01
8.668489009141921997e-02
2.591069936752319336e-01
6.110237240791320801e-01
3.222850561141967773e-01
3.243670761585235596e-01
1.970363408327102661e-01
9.678019583225250244e-02
2.747358977794647217e-01
1.128519028425216675e-01
4.358005821704864502e-01
3.193547129631042480e-01
1.827192753553390503e-01
8.776650577783584595e-02
1.398074775934219360e-01
2.828284204006195068e-01
1.636598706245422363e-01
5.104666948318481445e-01
1.751566678285598755e-01
1.178824231028556824e-01
1.922957152128219604e-01
2.109033465385437012e-01
2.806454896926879883e-01
3.391610980033874512e-01
1.434713900089263916e-01
9.487760066986083984e-02
5.496299266815185547e-02
1.040292531251907349e-01
1.550676077604293823e-01
3.129026591777801514e-01
2.646015882492065430e-01
7.441360503435134888e-02
1.378403007984161377e-01
7.867883145809173584e-02
2.839728593826293945e-01
2.190703451633453369e-01
1.252989619970321655e-01
1.082668155431747437e-01
1.474260240793228149e-01
1.213884055614471436e-01
1.576922386884689331e-01
1.660592705011367798e-01
9.672655910253524780e-02
4.972020909190177917e-02
8.937993645668029785e-02
9.885753691196441650e-02
1.371770650148391724e-01
2.389740645885467529e-01
1.176908090710639954e-01
2.253246605396270752e-01
7.272305339574813843e-02
1.223401352763175964e-01
1.535196006298065186e-01
2.317732423543930054e-01
1.949277371168136597e-01
1.273379772901535034e-01
1.175220385193824768e-01
1.430535018444061279e-01
3.133483231067657471e-01
2.886107265949249268e-01
9.635289013385772705e-02
1.632722318172454834e-01
1.173640415072441101e-01
2.311669141054153442e-01
1.968502104282379150e-01
3.014427721500396729e-01
1.530812978744506836e-01
1.022796034812927246e-01
1.398350000381469727e-01
2.050655037164688110e-01
9.836062043905258179e-02
4.429540634155273438e-01
8.406565338373184204e-02
9.254961460828781128e-02
1.517097502946853638e-01
6.096158921718597412e-02
8.448345214128494263e-02
2.001512944698333740e-01
1.421984881162643433e-01
4.313120990991592407e-02
7.889439165592193604e-02
2.327025383710861206e-01
1.867050528526306152e-01
1.175415068864822388e-01
6.183037906885147095e-02
3.518738225102424622e-02
1.169651672244071960e-01
1.911621838808059692e-01
4.316984117031097412e-02
7.484892755746841431e-02
8.311735093593597412e-02
6.664979457855224609e-02
4.058346152305603027e-02
1.036531254649162292e-01
6.510912626981735229e-02
1.496372967958450317e-01
4.275643080472946167e-02
6.235388293862342834e-02
8.417396247386932373e-02
1.594312340021133423e-01
7.364755868911743164e-02
8.944727480411529541e-02
1.207194924354553223e-01
3.045126423239707947e-02
1.050274893641471863e-01
1.820503473281860352e-01
2.596819102764129639e-01
2.878056466579437256e-01
7.379085570573806763e-02
8.986707031726837158e-02
7.620385289192199707e-02
4.965389519929885864e-02
1.754816919565200806e-01
2.840900123119354248e-01
1.139560863375663757e-01
9.692995250225067139e-02
1.111056357622146606e-01
2.073877453804016113e-01
2.215372920036315918e-01
1.930235773324966431e-01
5.919381976127624512e-02
4.169945791363716125e-02
7.897964864969253540e-02
9.513649344444274902e-02
3.193174898624420166e-01
8.364003151655197144e-02
6.166571378707885742e-02
1.768883168697357178e-01
4.032506048679351807e-01
5.282775163650512695e-01
8.406733274459838867e-01
6.723052263259887695e-01
1.050480380654335022e-01
6.732501834630966187e-02
1.907984465360641479e-01
1.329628527164459229e-01
2.836194038391113281e-01
4.358246922492980957e-01
6.577986478805541992e-02
8.253657817840576172e-02
8.330703526735305786e-02
1.166407689452171326e-01
1.649756282567977905e-01
3.658187091350555420e-01
1.084268316626548767e-01
5.600881949067115784e-02
7.519047707319259644e-02
1.510486751794815063e-01
3.479629755020141602e-01
5.363490581512451172e-01
7.614785432815551758e-02
4.451935589313507080e-01
4.741510152816772461e-01
9.569659233093261719e-01
8.012046217918395996e-01
9.034348726272583008e-01
4.348527640104293823e-02
6.952158361673355103e-02
2.902881205081939697e-01
2.337597459554672241e-01
5.043380856513977051e-01
4.457775652408599854e-01
7.065664976835250854e-02
1.278477460145950317e-01
1.323820948600769043e-01
1.815227419137954712e-01
2.345149815082550049e-01
1.379568576812744141e-01
1.234115809202194214e-01
7.122404128313064575e-02
8.937245607376098633e-02
1.671893000602722168e-01
1.428331285715103149e-01
2.094239741563796997e-01
3.081108331680297852e-01
4.263996332883834839e-02
1.212991848587989807e-01
1.349288970232009888e-01
5.857799649238586426e-01
1.903110295534133911e-01
8.415102958679199219e-02
5.126441270112991333e-02
1.351414620876312256e-01
8.008652925491333008e-02
2.696829736232757568e-01
1.928980052471160889e-01
6.174594163894653320e-02
6.194192916154861450e-02
4.725090414285659790e-02
4.697124287486076355e-02
7.679885625839233398e-02
1.153538823127746582e-01
1.026607379317283630e-01
4.937748983502388000e-02
6.456322222948074341e-02
1.106275990605354309e-01
5.561047047376632690e-02
9.156459569931030273e-02
2.908868342638015747e-02
1.010270416736602783e-01
5.061812698841094971e-02
7.181033492088317871e-02
3.128411173820495605e-01
2.768897414207458496e-01
6.616569310426712036e-02
6.643703579902648926e-02
1.250028051435947418e-02
1.529463082551956177e-01
9.680567681789398193e-02
2.455166280269622803e-01
2.556134201586246490e-02
3.174107149243354797e-02
8.502861857414245605e-02
4.549028351902961731e-02
1.398083865642547607e-01
1.188715174794197083e-01
6.613153964281082153e-02
3.760054707527160645e-02
2.135484665632247925e-02
5.349833145737648010e-02
6.931062787771224976e-02
8.010891824960708618e-02
6.617469340562820435e-02
4.300913214683532715e-02
3.674665689468383789e-01
2.576363831758499146e-02
7.158234715461730957e-02
1.870130896568298340e-01
5.754393711686134338e-02
2.135599590837955475e-02
1.495394259691238403e-01
1.217473372817039490e-01
2.477132678031921387e-01
3.432849645614624023e-01
1.071327552199363708e-01
4.822393134236335754e-02
1.059771105647087097e-01
1.970719695091247559e-01
9.958663582801818848e-02
2.105430364608764648e-01
6.293886899948120117e-02
6.097587570548057556e-02
3.161732107400894165e-02
8.164070546627044678e-02
2.091573178768157959e-01
1.152614727616310120e-01
4.050195217132568359e-02
1.660818606615066528e-02
2.868262119591236115e-02
4.648748040199279785e-01
2.591713145375251770e-02
1.168569624423980713e-01
2.456124126911163330e-02
2.591629885137081146e-02
1.328060328960418701e-01
2.091835737228393555e-01
4.590184390544891357e-01
3.307449817657470703e-01
6.904078274965286255e-02
7.768836617469787598e-02
1.076829582452774048e-01
3.186164200305938721e-01
1.735689043998718262e-01
2.549276053905487061e-01
4.070799052715301514e-02
5.981803685426712036e-02
7.717256247997283936e-02
6.453675031661987305e-02
9.958558529615402222e-02
3.153851330280303955e-01
2.822625264525413513e-02
4.554549977183341980e-02
4.316665604710578918e-02
4.732608795166015625e-02
1.476179957389831543e-01
1.605065912008285522e-02
2.583538740873336792e-02
1.003875210881233215e-01
9.256529062986373901e-02
1.540738195180892944e-01
2.233110070228576660e-01
2.538961172103881836e-01
1.077118366956710815e-01
5.334348976612091064e-02
5.017288401722908020e-02
1.449198275804519653e-01
2.008296400308609009e-01
4.632101953029632568e-01
7.015425711870193481e-02
5.742094665765762329e-02
5.500061810016632080e-02
8.531613647937774658e-02
2.680604457855224609e-01
1.766723394393920898e-01
5.423441529273986816e-02
5.474801734089851379e-02
7.396666705608367920e-02
1.806107312440872192e-01
6.128248944878578186e-02
6.021629087626934052e-03
2.162014506757259369e-02
3.770201653242111206e-02
3.340137749910354614e-02
5.039972439408302307e-02
1.732546836137771606e-02
7.247134298086166382e-02
4.365046322345733643e-02
1.031213626265525818e-01
2.898413315415382385e-02
3.409181162714958191e-02
9.450444579124450684e-02
7.758503407239913940e-02
6.528961658477783203e-02
5.973087996244430542e-02
3.114582784473896027e-02
5.552101507782936096e-02
3.937607258558273315e-02
4.886224865913391113e-02
3.072386607527732849e-02
2.480126172304153442e-02
1.602206937968730927e-02
5.066686496138572693e-02
4.789534583687782288e-02
2.346789278090000153e-02
1.141762919723987579e-02
3.015561774373054504e-02
2.960234321653842926e-02
1.313403714448213577e-02
2.885615453124046326e-02
2.093825675547122955e-02
3.012941032648086548e-02
2.299016900360584259e-02
2.143599838018417358e-02
2.414342202246189117e-02
2.025150321424007416e-02
1.154354307800531387e-02
5.457053333520889282e-02
4.115117341279983521e-02
1.951291784644126892e-02
1.314384117722511292e-02
2.580543980002403259e-02
3.209066390991210938e-02
2.854642085731029510e-02
5.474594980478286743e-02
1.504373550415039062e-02
9.486299008131027222e-03
2.658426016569137573e-02
8.323035389184951782e-02
3.162094950675964355e-02
1.392005756497383118e-02
3.219057992100715637e-02
1.159473042935132980e-02
2.121920697391033173e-02
1.929227821528911591e-02
5.565904825925827026e-02
4.503808170557022095e-02
2.466046251356601715e-02
1.749073714017868042e-02
1.890544407069683075e-02
2.673237398266792297e-02
5.347587913274765015e-02
2.272617630660533905e-02
1.436241157352924347e-02
1.381919160485267639e-02
4.157449677586555481e-02
2.219936996698379517e-02
3.112845122814178467e-02
5.429176241159439087e-02
1.896636746823787689e-02
1.655985228717327118e-02
1.064897794276475906e-02
1.895928010344505310e-02
3.675384446978569031e-02
1.831419207155704498e-02
3.163565397262573242e-01
1.995613053441047668e-02
5.072571709752082825e-02
3.733567893505096436e-01
4.156893119215965271e-02
5.733092129230499268e-02
1.593543887138366699e-01
2.109795063734054565e-01
4.667095839977264404e-01
2.836427092552185059e-01
5.091249570250511169e-02
4.996921122074127197e-02
8.988955616950988770e-02
6.329092383384704590e-02
3.168798983097076416e-01
1.556013524532318115e-01
3.384664654731750488e-02
2.411644533276557922e-02
3.869644552469253540e-02
5.351925268769264221e-02
1.327354311943054199e-01
1.114486455917358398e-01
3.614764660596847534e-02
2.756792493164539337e-02
7.764790207147598267e-02
4.187079966068267822e-01
3.745090961456298828e-02
7.691181451082229614e-02
3.685516491532325745e-02
7.287580519914627075e-02
1.588820666074752808e-01
2.415587157011032104e-01
6.263770461082458496e-01
4.488041698932647705e-01
5.708127096295356750e-02
3.317175805568695068e-02
1.246413663029670715e-01
8.024756610393524170e-02
4.723182320594787598e-01
2.828640639781951904e-01
3.703838586807250977e-02
6.518214941024780273e-02
1.417694538831710815e-01
1.180685833096504211e-01
1.497755646705627441e-01
1.726894825696945190e-01
2.095888368785381317e-02
4.112847521901130676e-02
2.567113935947418213e-02
9.394307434558868408e-02
4.556530714035034180e-01
3.418033197522163391e-02
4.964631795883178711e-02
1.574314385652542114e-01
3.854539692401885986e-01
6.400747299194335938e-01
4.974018633365631104e-01
7.139855027198791504e-01
3.726995363831520081e-02
4.017039388418197632e-02
1.045817583799362183e-01
2.751962244510650635e-01
3.483670353889465332e-01
3.426220118999481201e-01
1.368604041635990143e-02
3.459452465176582336e-02
4.449540749192237854e-02
8.682810515165328979e-02
5.724766477942466736e-02
1.915524601936340332e-01
2.719055302441120148e-02
2.715553343296051025e-02
3.186570480465888977e-02
9.688828885555267334e-02
2.408819831907749176e-02
5.714973211288452148e-01
1.394449360668659210e-02
9.797623753547668457e-02
9.270069599151611328e-01
1.232698678970336914e+00
1.082844734191894531e+00
1.017649292945861816e+00
4.054433852434158325e-02
5.094643682241439819e-02
8.563055843114852905e-02
3.653302192687988281e-01
6.366727948188781738e-01
4.964991211891174316e-01
5.298184230923652649e-02
2.787430211901664734e-02
1.027821153402328491e-01
1.733838319778442383e-01
1.502484977245330811e-01
2.863404154777526855e-01
3.820990771055221558e-02
4.520273953676223755e-02
3.725615888833999634e-02
5.067094415426254272e-02
7.139226794242858887e-02
8.042366802692413330e-02
1.801118850708007812e-01
1.912532746791839600e-02
1.536196935921907425e-02
1.409673541784286499e-01
1.177895590662956238e-01
3.061829507350921631e-01
3.452619537711143494e-02
1.849699951708316803e-02
2.320254035294055939e-02
6.820425391197204590e-02
1.154218241572380066e-01
3.419260680675506592e-01
7.247667759656906128e-02
1.266366150230169296e-02
2.604493685066699982e-02
4.822163283824920654e-02
8.413770794868469238e-02
1.773151755332946777e-01
2.336687967181205750e-02
4.613379016518592834e-02
3.031559102237224579e-02
4.255849123001098633e-02
8.110950142145156860e-02
4.042011499404907227e-02
1.684894785284996033e-02
1.795193552970886230e-02
2.104695327579975128e-02
1.109043601900339127e-02
1.146690826863050461e-02
9.786129929125308990e-03
2.114043012261390686e-02
2.856391668319702148e-02
2.075962349772453308e-02
7.650157902389764786e-03
1.232710573822259903e-02
1.370187196880578995e-02
4.135140031576156616e-02
1.961562782526016235e-02
8.436440490186214447e-03
1.120240334421396255e-02
3.416409716010093689e-02
1.049956399947404861e-02
2.037173695862293243e-02
9.249278344213962555e-03
2.502201311290264130e-02
1.129499170929193497e-02
1.590417139232158661e-02
5.838955286890268326e-03
1.361323241144418716e-02
1.342231221497058868e-02
2.532546818256378174e-01
9.985762648284435272e-03
3.624738380312919617e-02
2.225182056427001953e-01
2.387711219489574432e-02
2.470343559980392456e-02
8.133988827466964722e-02
4.672681540250778198e-02
3.212726116180419922e-01
9.897598624229431152e-02
3.652473539113998413e-02
1.875281892716884613e-02
1.446316950023174286e-02
1.992091163992881775e-02
1.595194488763809204e-01
1.037947684526443481e-01
1.521258428692817688e-02
8.069178089499473572e-03
1.595760136842727661e-02
2.492084912955760956e-02
1.862301304936408997e-02
5.124408006668090820e-02
1.603726670145988464e-02
9.537146426737308502e-03
3.143467381596565247e-02
5.323005095124244690e-02
1.294422335922718048e-02
1.205384265631437302e-02
2.066622674465179443e-02
8.489269763231277466e-03
6.903410423547029495e-03
2.652073837816715240e-02
4.229210689663887024e-02
3.367399424314498901e-02
2.512388676404953003e-02
1.451827771961688995e-02
1.645450666546821594e-02
1.446983497589826584e-02
1.042972877621650696e-02
6.028294097632169724e-03
2.408263832330703735e-02
1.506305951625108719e-02
6.599391344934701920e-03
1.371009927242994308e-02
1.217337325215339661e-02
1.856078952550888062e-02
1.984230242669582367e-02
9.993106126785278320e-03
4.942544735968112946e-03
4.203984979540109634e-03
1.493830084800720215e-01
1.669131219387054443e-02
9.716915898025035858e-03
8.093795180320739746e-02
4.107851907610893250e-02
1.917632371187210083e-01
5.281370282173156738e-01
4.569387435913085938e-01
2.810159511864185333e-02
7.829566299915313721e-02
1.130159497261047363e-01
8.338537067174911499e-02
2.004847675561904907e-01
1.079055368900299072e-01
2.533219940960407257e-02
9.678727015852928162e-03
4.082117602229118347e-02
2.429969608783721924e-02
9.799994528293609619e-02
1.532134264707565308e-01
2.225424721837043762e-02
2.041491121053695679e-02
2.099981531500816345e-02
5.942084640264511108e-02
5.281367897987365723e-02
2.851594090461730957e-01
3.080873936414718628e-02
3.127455413341522217e-01
1.113524317741394043e+00
8.880022168159484863e-01
9.181169867515563965e-01
8.764148950576782227e-01
5.236222594976425171e-02
6.934382766485214233e-02
9.807941317558288574e-02
4.117292761802673340e-01
4.766323566436767578e-01
6.133861541748046875e-01
5.531808733940124512e-02
3.848014771938323975e-02
3.057420998811721802e-02
1.159054860472679138e-01
1.583178192377090454e-01
2.228632569313049316e-01
3.142676502466201782e-02
2.922629937529563904e-02
4.086756706237792969e-02
1.632301323115825653e-02
4.336446523666381836e-02
7.767471671104431152e-02
1.788713783025741577e-01
1.983039826154708862e-02
1.697499863803386688e-02
1.356075257062911987e-01
1.275201290845870972e-01
2.328508496284484863e-01
4.479353129863739014e-02
2.267436869442462921e-02
3.722211346030235291e-02
1.362945884466171265e-01
1.439745277166366577e-01
5.665824189782142639e-02
1.787243038415908813e-02
2.489387430250644684e-02
1.118657458573579788e-02
1.130195856094360352e-01
8.222733438014984131e-02
7.233934104442596436e-02
2.482892572879791260e-02
5.571930110454559326e-02
1.146528497338294983e-02
8.152681402862071991e-03
2.946786396205425262e-02
6.870617717504501343e-02
1.417503040283918381e-02
2.393300384283065796e-01
1.312998682260513306e-02
1.969882473349571228e-02
2.196995913982391357e-01
1.709393113851547241e-01
6.322380900382995605e-02
3.955146297812461853e-02
2.217144891619682312e-02
1.101869195699691772e-01
7.344002276659011841e-02
1.312885582447052002e-01
4.247632622718811035e-02
1.331697497516870499e-02
1.623811200261116028e-02
3.411165997385978699e-02
6.192292645573616028e-02
1.223418265581130981e-01
2.293943054974079132e-02
2.002248540520668030e-02
1.570346578955650330e-02
4.197070002555847168e-02
1.745020784437656403e-02
9.888047724962234497e-02
1.286861114203929901e-02
7.340587209910154343e-03
2.611186355352401733e-02
1.296844054013490677e-02
5.286528728902339935e-03
7.485419046133756638e-03
1.910518482327461243e-02
1.005354803055524826e-02
1.481313910335302353e-02
1.033036876469850540e-02
1.912465877830982208e-02
6.204599048942327499e-03
2.727681212127208710e-02
2.998663298785686493e-02
1.100718695670366287e-02
1.121949218213558197e-02
3.133197873830795288e-02
8.550751022994518280e-03
2.421360835433006287e-02
9.153759106993675232e-03
5.449804011732339859e-03
6.001664791256189346e-03
3.324684919789433479e-03
3.092604689300060272e-02
1.125459559261798859e-02
1.747543178498744965e-02
1.048465631902217865e-02
4.850005358457565308e-02
1.207773294299840927e-02
1.305300556123256683e-02
3.021941706538200378e-02
3.690019622445106506e-02
7.679776847362518311e-02
4.467641562223434448e-02
1.051159501075744629e-01
1.545167565345764160e-01
3.448540344834327698e-02
1.302306819707155228e-02
3.026324510574340820e-02
1.159105915576219559e-02
2.894352562725543976e-02
1.663520932197570801e-02
1.839979551732540131e-02
1.022927090525627136e-02
9.285065345466136932e-03
8.114021271467208862e-03
1.327267847955226898e-02
3.108876384794712067e-02
3.849690780043601990e-02
1.236690301448106766e-02
1.282429508864879608e-02
1.944750174880027771e-02
3.919070959091186523e-02
2.374187484383583069e-02
1.123575773090124130e-02
1.118070632219314575e-02
1.099907513707876205e-02
2.860136702656745911e-02
1.174987331032752991e-01
2.056411840021610260e-02
1.056261826306581497e-02
2.285495400428771973e-02
1.023181993514299393e-02
9.536471217870712280e-03
3.674424067139625549e-02
2.050898410379886627e-02
8.823079057037830353e-03
2.376537956297397614e-02
8.440622128546237946e-03
8.428991772234439850e-03
1.100361905992031097e-02
1.535699516534805298e-02
1.508717890828847885e-02
2.305482700467109680e-02
3.583948593586683273e-03
8.428801782429218292e-03
4.350895062088966370e-03
1.052126735448837280e-01
2.866767346858978271e-02
1.845778711140155792e-02
7.822769880294799805e-02
1.932570189237594604e-01
4.377304911613464355e-01
3.160542249679565430e-01
1.469711307436227798e-02
3.440961986780166626e-02
3.436155617237091064e-02
8.148907870054244995e-02
1.538359373807907104e-01
1.854912638664245605e-01
3.348018601536750793e-02
1.504564937204122543e-02
1.931054703891277313e-02
2.441511675715446472e-02
6.067863106727600098e-02
3.510831668972969055e-02
4.522328823804855347e-02
2.241034060716629028e-02
1.564335636794567108e-02
1.843643933534622192e-02
2.631956711411476135e-02
3.881623968482017517e-02
1.018134057521820068e-01
1.948250085115432739e-02
1.089368388056755066e-02
1.005311831831932068e-01
1.441812962293624878e-01
1.565689146518707275e-01
2.331773191690444946e-02
2.075158245861530304e-02
2.327351644635200500e-02
2.408334612846374512e-02
1.177901774644851685e-01
1.129304692149162292e-01
3.898471593856811523e-02
3.211312741041183472e-02
1.770467311143875122e-02
2.981087379157543182e-02
2.618242241442203522e-02
3.718658536672592163e-02
9.666411206126213074e-03
1.068797521293163300e-02
9.487695060670375824e-03
1.684932783246040344e-02
8.954096585512161255e-03
1.161577831953763962e-02
4.100409895181655884e-02
2.099923193454742432e-01
1.272240933030843735e-02
1.855734921991825104e-02
7.607560604810714722e-02
2.293227463960647583e-01
2.304031327366828918e-02
1.895952969789505005e-02
1.979046873748302460e-02
1.052578613162040710e-01
1.854952573776245117e-01
2.680474817752838135e-01
1.920518279075622559e-02
1.906299218535423279e-02
5.230946466326713562e-02
3.060443699359893799e-02
5.548344552516937256e-02
6.005541235208511353e-02
1.526480168104171753e-02
1.931646279990673065e-02
1.003769692033529282e-02
3.289927169680595398e-02
1.712942123413085938e-02
5.187749490141868591e-02
8.332565426826477051e-03
1.587031222879886627e-02
2.007479965686798096e-01
6.865276955068111420e-03
2.627406418323516846e-01
6.328536868095397949e-01
2.992217801511287689e-02
6.696827244013547897e-03
4.938449710607528687e-02
2.856696248054504395e-01
3.564630150794982910e-01
1.876624375581741333e-01
1.258248742669820786e-02
2.314667031168937683e-02
5.345517024397850037e-02
2.527302876114845276e-02
1.158460527658462524e-01
1.528841257095336914e-01
2.325746789574623108e-02
8.408674038946628571e-03
4.613421484827995300e-02
1.389747671782970428e-02
1.733711361885070801e-02
5.515895783901214600e-02
8.451927453279495239e-03
1.256865262985229492e-02
1.143549289554357529e-02
6.263662874698638916e-02
1.100883074104785919e-02
8.026476018130779266e-03
1.630296558141708374e-02
1.975551433861255646e-02
3.521951660513877869e-02
1.100064814090728760e-02
4.808531701564788818e-02
7.615976780652999878e-02
2.814616262912750244e-02
2.139002829790115356e-02
4.525065422058105469e-03
9.594362229108810425e-03
2.427768893539905548e-02
1.775922626256942749e-02
1.768772676587104797e-02
4.983777180314064026e-03
9.153373539447784424e-03
9.943466633558273315e-03
1.078757457435131073e-02
8.539533242583274841e-03
1.158958207815885544e-02
6.361694075167179108e-03
5.498493555933237076e-03
4.221229813992977142e-03
1.891384134069085121e-03
1.013175677508115768e-02
7.692540530115365982e-03
6.109695881605148315e-03
5.547282285988330841e-03
1.977442298084497452e-03
3.629548009485006332e-03
6.015234161168336868e-03
9.224799461662769318e-03
1.751472987234592438e-02
1.514214742928743362e-02
4.963190294802188873e-03
6.477070041000843048e-03
1.016418728977441788e-02
3.507513552904129028e-02
1.148084923624992371e-02
1.053937710821628571e-02
1.069672405719757080e-02
4.624789580702781677e-03
6.486693024635314941e-02
1.592797040939331055e-02
1.265327166765928268e-02
1.278447639197111130e-02
4.507430829107761383e-03
1.474416907876729965e-02
1.439434709027409554e-03
7.568613626062870026e-03
4.931204952299594879e-03
5.448534153401851654e-03
1.304724253714084625e-02
4.919818602502346039e-03
3.225382417440414429e-03
1.590731553733348846e-02
1.095376256853342056e-02
3.940464183688163757e-02
1.499136723577976227e-02
1.445894967764616013e-02
6.617906969040632248e-03
1.612799987196922302e-02
3.295614197850227356e-02
9.677163325250148773e-03
1.909202523529529572e-02
1.372485794126987457e-02
7.346897386014461517e-03
8.321894332766532898e-03
2.730840258300304413e-02
1.212592609226703644e-02
2.002323418855667114e-02
2.563644573092460632e-02
5.335683934390544891e-03
5.781115964055061340e-02
1.412597298622131348e-02
7.471494842320680618e-03
2.852918021380901337e-02
1.285882294178009033e-02
6.249614804983139038e-02
2.700820937752723694e-02
2.279599942266941071e-02
1.025937870144844055e-02
1.493311021476984024e-02
2.276645787060260773e-02
2.273648977279663086e-02
3.026976250112056732e-02
3.374155238270759583e-02
1.129329763352870941e-02
1.624595373868942261e-02
2.256459742784500122e-02
1.891665905714035034e-02
2.068871632218360901e-02
2.075925283133983612e-02
6.931437645107507706e-03
3.421298041939735413e-02
4.526440054178237915e-03
3.651230782270431519e-02
2.313464879989624023e-02
5.256094969809055328e-03
1.212624739855527878e-02
6.526510231196880341e-03
3.801498562097549438e-03
3.531495342031121254e-03
2.567658759653568268e-02
1.044523809105157852e-02
1.613055914640426636e-02
5.570235196501016617e-03
6.296060513705015182e-03
5.153953097760677338e-03
3.673188760876655579e-02
1.187643967568874359e-02
7.891246117651462555e-03
8.707253262400627136e-03
1.928664930164813995e-02
2.067138627171516418e-02
1.190487574785947800e-02
7.990858517587184906e-03
1.109799463301897049e-02
1.477173995226621628e-02
1.103923562914133072e-02
3.370660915970802307e-02
9.889439679682254791e-03
1.113565359264612198e-02
4.961189813911914825e-03
6.150250788778066635e-03
3.616175381466746330e-03
1.940255402587354183e-03
5.177340470254421234e-03
6.619763560593128204e-03
9.388578124344348907e-03
2.740042982622981071e-03
5.987606476992368698e-03
1.107211410999298096e-02
1.256904006004333496e-02
1.535787247121334076e-02
1.419902034103870392e-02
6.173555273562669754e-03
1.109114475548267365e-02
5.651447921991348267e-02
1.895955018699169159e-02
3.981663845479488373e-03
3.885269165039062500e-03
3.503039944916963577e-03
2.732449211180210114e-03
3.402706701308488846e-03
1.024988759309053421e-02
4.728388506919145584e-03
6.921805441379547119e-03
3.225783109664916992e-01
7.339996751397848129e-03
4.438060894608497620e-02
9.082412347197532654e-03
1.791194975376129150e-01
8.706419169902801514e-02
2.153681963682174683e-01
2.803168892860412598e-01
4.144615530967712402e-01
2.414239756762981415e-02
1.699810102581977844e-02
4.711663350462913513e-02
2.483541518449783325e-02
2.420527487993240356e-01
1.886102110147476196e-01
1.320116780698299408e-02
7.544814608991146088e-03
2.261738106608390808e-02
4.719712957739830017e-02
6.571428477764129639e-02
9.974186867475509644e-02
9.086570702493190765e-03
4.157240968197584152e-03
1.640371046960353851e-02
5.069787800312042236e-02
1.568598859012126923e-02
1.106607820838689804e-02
1.065981946885585785e-02
1.592086814343929291e-02
4.494004417210817337e-03
7.048626430332660675e-03
3.373548015952110291e-02
2.515982091426849365e-02
6.615404039621353149e-02
1.117087062448263168e-02
6.875635590404272079e-03
8.259358815848827362e-03
1.026032119989395142e-02
2.028546296060085297e-02
1.858735270798206329e-02
1.793769001960754395e-02
1.041459571570158005e-02
7.360142655670642853e-03
1.223227661103010178e-02
4.795947577804327011e-03
1.885545253753662109e-02
1.468180213123559952e-02
6.820822134613990784e-03
1.057567447423934937e-02
1.182430982589721680e-02
2.936651706695556641e-01
5.003670230507850647e-02
1.702673733234405518e-01
5.702015161514282227e-01
4.335464835166931152e-01
4.010023772716522217e-01
4.164783060550689697e-01
4.469252005219459534e-02
1.864902488887310028e-02
1.303025931119918823e-01
1.947764456272125244e-01
2.256314009428024292e-01
2.661872506141662598e-01
5.602477863430976868e-02
7.618991285562515259e-02
5.391362681984901428e-02
6.883420795202255249e-02
1.405344903469085693e-01
1.719127148389816284e-01
4.855711385607719421e-02
2.526048384606838226e-02
2.230648137629032135e-02
1.853389479219913483e-02
1.215896829962730408e-01
1.697626262903213501e-01
1.118224300444126129e-02
2.621288225054740906e-02
2.522870711982250214e-02
6.878757383674383163e-03
6.721087545156478882e-02
4.847253486514091492e-02
4.180921614170074463e-02
2.809534035623073578e-02
1.893640309572219849e-02
8.818651549518108368e-03
3.569171950221061707e-02
3.594472631812095642e-02
2.685591578483581543e-02
3.085621260106563568e-02
2.929436229169368744e-02
1.842090487480163574e-02
2.700475603342056274e-02
1.405127067118883133e-02
4.653297737240791321e-02
1.276991050690412521e-02
5.598162766546010971e-03
9.111385792493820190e-03
3.855338320136070251e-02
1.791710965335369110e-02
2.700140513479709625e-02
7.067676167935132980e-03
1.415004674345254898e-02
1.438553724437952042e-02
3.335030516609549522e-03
6.039015483111143112e-03
1.611233502626419067e-02
3.098916821181774139e-02
7.193512748926877975e-03
4.110268317162990570e-03
5.504537373781204224e-03
9.280407801270484924e-03
1.293863449245691299e-02
5.617743730545043945e-02
6.705214269459247589e-03
3.303487226366996765e-02
6.822743918746709824e-03
7.818844169378280640e-03
5.392319057136774063e-03
6.792540196329355240e-03
1.328787673264741898e-02
3.829432418569922447e-03
2.026914060115814209e-02
1.143328752368688583e-02
2.407886460423469543e-02
5.969568155705928802e-03
1.013709791004657745e-02
1.729534193873405457e-02
3.420941997319459915e-03
3.379357745870947838e-03
1.149736065417528152e-02
1.064081303775310516e-02
4.576957784593105316e-03
3.739707637578248978e-03
2.106658881530165672e-03
2.695757430046796799e-03
9.533606469631195068e-03
5.980825051665306091e-03
6.386152934283018112e-03
1.488403417170047760e-02
2.581271110102534294e-03
7.005146238952875137e-03
1.108321081846952438e-02
8.158749900758266449e-03
6.137603893876075745e-03
5.016944836825132370e-03
2.454174682497978210e-03
3.563730511814355850e-03
1.470227539539337158e-02
1.062881015241146088e-02
4.933069925755262375e-03
6.098973006010055542e-02
6.528251338750123978e-03
2.154601737856864929e-02
4.451286047697067261e-03
1.324449945241212845e-02
1.847339980304241180e-02
1.245661731809377670e-02
8.343764394521713257e-02
1.304704993963241577e-01
8.212884888052940369e-03
1.748549565672874451e-02
1.618261076509952545e-02
5.333273857831954956e-02
1.180699020624160767e-01
7.228687405586242676e-02
1.229626312851905823e-02
1.681303605437278748e-02
2.297130413353443146e-02
1.200937665998935699e-02
1.691160798072814941e-01
1.392391473054885864e-01
1.715838909149169922e-02
7.218884304165840149e-03
1.324971020221710205e-02
4.850184917449951172e-02
3.055518865585327148e-02
7.431142032146453857e-03
3.112699603661894798e-03
6.435628514736890793e-03
4.317695274949073792e-03
3.909068182110786438e-02
2.538253925740718842e-02
3.652691468596458435e-02
5.624472629278898239e-03
1.181161124259233475e-02
1.838043145835399628e-02
3.300110623240470886e-02
3.051234036684036255e-02
6.174867972731590271e-03
6.379633676260709763e-03
6.097621750086545944e-03
1.086866948753595352e-02
1.017505303025245667e-02
4.343721549957990646e-03
1.021789200603961945e-02
4.657563753426074982e-03
5.719103384763002396e-03
3.155169542878866196e-03
7.026607170701026917e-03
5.847475491464138031e-03
2.370105125010013580e-02
3.483370412141084671e-03
8.267651312053203583e-03
5.352183245122432709e-03
3.862006822600960732e-03
3.732344135642051697e-02
2.714267000555992126e-02
2.351557090878486633e-02
1.200549397617578506e-02
1.788711361587047577e-02
4.409126937389373779e-03
1.672438159584999084e-02
1.260677911341190338e-02
2.771479263901710510e-02
1.631723530590534210e-02
1.288693491369485855e-02
1.231002714484930038e-02
1.302132289856672287e-02
1.126416213810443878e-02
1.612500660121440887e-02
9.677282534539699554e-03
4.889394156634807587e-03
8.101186715066432953e-03
4.732415452599525452e-02
1.243973150849342346e-02
4.824770987033843994e-02
1.004495657980442047e-02
8.654020726680755615e-03
1.665928028523921967e-02
8.135708048939704895e-03
9.870859980583190918e-02
1.774094440042972565e-02
1.924640499055385590e-02
2.116925269365310669e-02
2.179918624460697174e-02
9.612372145056724548e-03
2.090295255184173584e-01
6.889936327934265137e-02
8.742408826947212219e-03
4.069717600941658020e-02
9.901377558708190918e-02
8.163020014762878418e-02
3.326026722788810730e-02
3.803225979208946228e-02
1.484569255262613297e-02
6.881636567413806915e-03
5.571452900767326355e-02
5.156548693776130676e-02
9.168157726526260376e-02
2.273912355303764343e-02
1.325256191194057465e-02
5.338486749678850174e-03
6.195758469402790070e-03
4.423491191118955612e-03
8.120837621390819550e-03
1.127238478511571884e-02
1.261027250438928604e-02
1.030311919748783112e-02
1.116754580289125443e-02
9.462707675993442535e-03
6.546754390001296997e-03
2.335355244576931000e-02
1.471129059791564941e-02
1.123962923884391785e-02
1.658930070698261261e-02
9.262139908969402313e-03
3.989422228187322617e-03
2.026014029979705811e-02
6.111442111432552338e-03
6.546408403664827347e-03
4.020975902676582336e-03
5.661712959408760071e-03
1.462617516517639160e-02
8.304124698042869568e-03
1.135652791708707809e-02
3.324780613183975220e-02
1.190745085477828979e-02
6.546916440129280090e-03
7.008327636867761612e-03
9.191943332552909851e-03
1.089138351380825043e-02
7.277479860931634903e-03
2.406983822584152222e-02
5.215474404394626617e-03
2.675686730071902275e-03
3.299699351191520691e-02
7.444269023835659027e-03
1.519331429153680801e-02
7.339113857597112656e-03
1.390697341412305832e-02
1.177649572491645813e-02
1.014844886958599091e-02
1.234272401779890060e-02
4.083817824721336365e-03
1.682714000344276428e-02
5.682977847754955292e-03
1.273178961127996445e-02
1.333871483802795410e-02
6.941854022443294525e-03
6.315593142062425613e-03
9.955795109272003174e-02
6.873561535030603409e-03
2.396258711814880371e-02
9.687676094472408295e-03
4.446168616414070129e-02
8.183053880929946899e-02
1.934850811958312988e-01
2.159705460071563721e-01
2.185512036085128784e-01
2.550374343991279602e-02
1.980541273951530457e-02
5.569246411323547363e-02
9.320776909589767456e-02
9.275054931640625000e-02
8.030511438846588135e-02
1.835277676582336426e-02
1.710259355604648590e-02
6.550302356481552124e-02
1.071431022137403488e-02
4.047949239611625671e-02
4.685847088694572449e-02
1.670493371784687042e-02
1.685505919158458710e-02
1.261682156473398209e-02
8.638830855488777161e-03
2.360166907310485840e-01
8.860132656991481781e-03
1.009855698794126511e-02
1.440034508705139160e-01
3.616012632846832275e-01
3.472422957420349121e-01
3.467452526092529297e-01
4.684611856937408447e-01
1.254365779459476471e-02
2.831620909273624420e-02
7.132866978645324707e-02
2.199086844921112061e-01
2.463076561689376831e-01
2.302277237176895142e-01
5.529331788420677185e-02
3.473651781678199768e-02
9.187451750040054321e-02
6.332489848136901855e-02
1.105778738856315613e-01
5.893502384424209595e-02
4.816222935914993286e-03
7.654378190636634827e-03
1.562401466071605682e-02
1.384246721863746643e-02
2.118270471692085266e-02
1.266443636268377304e-02
1.112606469541788101e-02
4.174297675490379333e-03
4.911481402814388275e-03
2.574631478637456894e-03
2.533314749598503113e-03
1.860797405242919922e-02
6.958059500902891159e-03
3.750022035092115402e-03
9.223139844834804535e-03
2.191669493913650513e-02
3.646996105089783669e-03
4.319069441407918930e-03
1.464680768549442291e-02
1.091818232089281082e-02
2.049156278371810913e-02
7.819323800504207611e-03
8.305008523166179657e-03
1.303301099687814713e-02
1.073093432933092117e-02
1.055094227194786072e-02
1.845345273613929749e-02
7.683576550334692001e-03
1.767566800117492676e-02
3.523767227306962013e-03
5.136035848408937454e-03
1.338911987841129303e-02
7.694978732615709305e-03
6.054993718862533569e-03
4.151791334152221680e-03
4.750659689307212830e-03
3.614464029669761658e-02
8.996689692139625549e-03
8.310004137456417084e-03
1.727996394038200378e-02
4.376464523375034332e-03
3.915568813681602478e-03
2.777511067688465118e-02
8.325188420712947845e-03
7.288239430636167526e-03
1.172323804348707199e-02
3.677237778902053833e-03
1.007985603064298630e-02
1.440776977688074112e-02
1.033138763159513474e-02
7.755399215966463089e-03
3.864648751914501190e-03
2.214622450992465019e-03
5.557600874453783035e-03
1.339039858430624008e-02
3.210619464516639709e-02
1.555080525577068329e-02
7.168286480009555817e-03
6.833437830209732056e-03
7.801604457199573517e-03
1.367258187383413315e-02
1.571243628859519958e-02
6.523729767650365829e-03
1.528960000723600388e-02
1.146648079156875610e-02
5.900095682591199875e-03
2.588672749698162079e-02
2.633231319487094879e-02
2.065024711191654205e-02
8.958802558481693268e-03
1.870650239288806915e-02
3.086607903242111206e-02
1.694437861442565918e-02
8.256772533059120178e-03
1.957963407039642334e-02
2.443275973200798035e-02
2.843038365244865417e-02
9.700396098196506500e-03
1.257390994578599930e-02
1.711590588092803955e-02
4.868084937334060669e-02
1.818363741040229797e-02
4.741635173559188843e-03
5.041879788041114807e-02
1.245465222746133804e-02
6.153210066258907318e-03
4.860544577240943909e-03
7.237492129206657410e-03
2.470804192125797272e-02
2.786980941891670227e-02
9.822079911828041077e-03
1.120874751359224319e-02
7.095227949321269989e-03
4.900867585092782974e-03
4.037699196487665176e-03
1.480274647474288940e-02
1.271938439458608627e-02
7.543637417256832123e-03
1.003811229020357132e-02
3.061885014176368713e-03
5.038955714553594589e-03
7.973898202180862427e-03
1.037708856165409088e-02
5.435628350824117661e-03
3.129060380160808563e-03
3.912802040576934814e-02
3.984904382377862930e-03
3.616154659539461136e-03
6.606782786548137665e-03
4.626386333256959915e-03
2.854253863915801048e-03
9.188792668282985687e-03
6.147528067231178284e-03
3.582079708576202393e-02
8.070548065006732941e-03
3.096763975918292999e-03
3.886769991368055344e-03
6.859606131911277771e-03
1.314445491880178452e-02
1.466190814971923828e-02
6.836888846009969711e-03
1.540722977370023727e-02
3.064598655328154564e-03
4.293986596167087555e-03
5.726428236812353134e-03
4.847052507102489471e-03
3.811487695202231407e-03
4.017178434878587723e-03
2.504082862287759781e-03
3.214133437722921371e-03
9.761964902281761169e-04
4.001826979219913483e-03
4.966277163475751877e-03
4.604393150657415390e-03
3.114661667495965958e-03
2.514252206310629845e-03
1.467570429667830467e-03
1.280568190850317478e-03
5.843779537826776505e-03
1.527428813278675079e-02
1.515443716198205948e-02
4.668075125664472580e-03
1.349975937046110630e-03
1.427390705794095993e-02
7.899607531726360321e-03
7.170652039349079132e-03
6.228147540241479874e-03
8.515611290931701660e-03
5.812954157590866089e-03
3.100876696407794952e-03
1.056099310517311096e-02
6.127947941422462463e-03
1.124259270727634430e-02
2.372890478000044823e-03
1.836469396948814392e-03
3.412358462810516357e-03
5.544841289520263672e-03
6.565090268850326538e-03
6.672045215964317322e-03
2.308985916897654533e-03
1.639434718526899815e-03
1.763787702657282352e-03
6.064527481794357300e-02
4.769877530634403229e-03
1.456682942807674408e-02
4.881413653492927551e-03
8.239262737333774567e-03
1.741853542625904083e-02
8.289908058941364288e-03
8.994833566248416901e-03
8.972370065748691559e-03
1.205442845821380615e-02
1.138773187994956970e-02
1.905114389955997467e-02
1.336075644940137863e-02
5.185979884117841721e-03
8.892019279301166534e-03
1.275206357240676880e-02
5.815171170979738235e-03
1.269448269158601761e-02
7.389373183250427246e-01
9.403510019183158875e-03
1.261089295148849487e-01
4.538119435310363770e-01
5.878838300704956055e-01
1.022058963775634766e+00
2.064746432006359100e-02
9.390252828598022461e-02
3.062700629234313965e-01
3.072966933250427246e-01
3.434587419033050537e-01
2.313529551029205322e-01
2.206142432987689972e-02
2.655799314379692078e-02
2.412150204181671143e-01
7.322061806917190552e-02
2.537852227687835693e-01
1.746957004070281982e-01
2.641138434410095215e-02
4.786757752299308777e-03
1.880956999957561493e-02
1.145203113555908203e-01
1.044288873672485352e-01
1.917544901371002197e-01
7.309942971915006638e-03
1.550663113594055176e-01
6.145724561065435410e-03
8.502847701311111450e-02
3.785582184791564941e-01
4.651726186275482178e-01
1.078478246927261353e-02
3.464671224355697632e-02
1.050024330615997314e-01
1.169668510556221008e-01
1.049646064639091492e-01
1.727352738380432129e-01
1.734178140759468079e-02
5.027602426707744598e-03
1.778218336403369904e-02
3.178250417113304138e-02
6.927119940519332886e-02
6.523512303829193115e-02
1.392519194632768631e-02
1.603037305176258087e-02
1.354647241532802582e-02
1.348283048719167709e-02
3.303040564060211182e-02
1.338868774473667145e-02
9.045191109180450439e-03
5.295340903103351593e-03
2.822976559400558472e-03
5.915610119700431824e-03
4.666669759899377823e-03
1.859898795373737812e-03
3.783049993216991425e-03
5.267616827040910721e-03
4.984126426279544830e-03
4.533913917839527130e-03
4.835412837564945221e-03
3.713593818247318268e-03
2.061644569039344788e-02
7.039497606456279755e-03
2.272682264447212219e-02
4.368822090327739716e-03
9.446850046515464783e-03
3.470104187726974487e-03
8.183051832020282745e-03
9.961348026990890503e-03
1.883128774352371693e-03
2.366897882893681526e-03
3.610596759244799614e-03
6.518762093037366867e-03
7.787012960761785507e-03
6.984656676650047302e-03
7.723836693912744522e-03
1.416180003434419632e-02
9.236402809619903564e-03
3.130607306957244873e-03
2.372008748352527618e-02
6.588240619748830795e-03
2.825952600687742233e-03
5.414341576397418976e-03
3.582818899303674698e-03
1.444951444864273071e-02
8.150432258844375610e-03
4.642280749976634979e-03
2.104084752500057220e-02
5.874896887689828873e-03
1.461433479562401772e-03
2.779575996100902557e-02
7.803619839251041412e-03
4.371387884020805359e-03
9.262994863092899323e-03
3.787827445194125175e-03
3.762339008972048759e-03
4.461042582988739014e-03
6.787336897104978561e-03
3.411033190786838531e-03
9.057199582457542419e-03
1.692968653514981270e-03
7.171489996835589409e-04
7.079712580889463425e-03
5.185515154153108597e-03
5.146536044776439667e-03
1.910384627990424633e-03
3.197669750079512596e-03
1.623305375687777996e-03
1.582582015544176102e-03
4.282912984490394592e-02
1.481432653963565826e-02
1.145477313548326492e-02
1.142984721809625626e-02
4.206995014101266861e-03
9.701527655124664307e-03
2.083270996809005737e-02
1.321329083293676376e-02
3.739936277270317078e-03
3.098685666918754578e-02
1.139803882688283920e-02
5.344942212104797363e-03
8.145852945744991302e-03
4.308067727833986282e-03
8.172329515218734741e-03
5.590017419308423996e-03
4.254621919244527817e-03
4.554315209388732910e-01
2.382548525929450989e-02
5.568462237715721130e-02
3.131723701953887939e-01
3.013054132461547852e-01
1.266337186098098755e-01
8.046710491180419922e-01
3.227054700255393982e-02
9.219011291861534119e-03
3.601151704788208008e-02
1.387319713830947876e-01
1.469143480062484741e-01
1.504226177930831909e-01
3.704660013318061829e-02
1.906112208962440491e-02
2.819374203681945801e-02
2.780585363507270813e-02
1.007211580872535706e-01
1.182511821389198303e-01
2.119228243827819824e-02
3.833822160959243774e-02
1.371820643544197083e-02
5.931035429239273071e-02
2.445794455707073212e-02
4.331388324499130249e-02
2.616108059883117676e-01
9.498924948275089264e-03
3.641738370060920715e-02
4.195195436477661133e-01
1.798640787601470947e-01
4.936878681182861328e-01
1.741500012576580048e-02
3.039327636361122131e-02
9.946659952402114868e-02
2.637872397899627686e-01
1.145467534661293030e-01
1.840159147977828979e-01
3.928941860795021057e-02
3.278758749365806580e-02
4.037666320800781250e-02
6.504163891077041626e-02
1.013980433344841003e-01
8.487107604742050171e-02
2.028677240014076233e-02
8.262662217020988464e-03
6.218791380524635315e-02
4.768153652548789978e-02
4.371253773570060730e-02
3.497795388102531433e-02
1.022856403142213821e-02
7.574278861284255981e-02
1.434010732918977737e-02
7.245806511491537094e-03
2.583691664040088654e-02
1.083999052643775940e-01
8.435534313321113586e-03
2.539006248116493225e-02
3.278731554746627808e-02
3.895327821373939514e-02
5.574719607830047607e-02
6.515716016292572021e-02
1.447242777794599533e-02
2.374051697552204132e-02
4.276882391422986984e-03
1.003563124686479568e-02
3.772084414958953857e-02
9.069690853357315063e-02
1.345921028405427933e-02
3.608311759307980537e-03
1.033844705671072006e-02
4.165457934141159058e-02
6.812737323343753815e-03
3.521665558218955994e-02
4.889809526503086090e-03
2.882928587496280670e-03
4.652229137718677521e-03
2.690575551241636276e-03
2.046794863417744637e-03
1.805974869057536125e-03
9.337724186480045319e-03
3.178279614076018333e-03
2.963526174426078796e-03
2.708468120545148849e-03
2.376605058088898659e-03
2.068060217425227165e-03
8.613423444330692291e-03
1.122300978749990463e-02
5.313472822308540344e-03
2.951428992673754692e-03
3.680065041407942772e-03
2.203705953434109688e-03
9.876188822090625763e-03
9.149324148893356323e-03
8.152146823704242706e-03
8.445896208286285400e-03
4.678642377257347107e-03
6.914039142429828644e-03
3.765545319765806198e-03
2.762721385806798935e-03
3.859059885144233704e-03
3.120199590921401978e-02
6.108765490353107452e-03
3.544070059433579445e-03
8.857865817844867706e-03
3.305400023236870766e-03
3.058323636651039124e-03
2.800429984927177429e-02
1.726279384456574917e-03
5.890220031142234802e-02
8.793681859970092773e-03
5.361652933061122894e-03
5.415064748376607895e-03
2.557513071224093437e-03
1.379779260605573654e-02
2.410956099629402161e-02
1.008878275752067566e-02
6.307274568825960159e-03
4.397871438413858414e-03
4.185693711042404175e-02
2.202504128217697144e-02
3.303371835500001907e-03
1.094679534435272217e-02
3.484257962554693222e-03
3.440241329371929169e-03
7.125646807253360748e-03
2.755470387637615204e-02
6.071868818253278732e-03
3.319462295621633530e-03
5.551471840590238571e-03
6.308571901172399521e-03
7.102796807885169983e-03
2.482708776369690895e-03
4.566727671772241592e-03
9.254150092601776123e-03
4.069775342941284180e-03
4.262430593371391296e-03
3.601327538490295410e-03
1.134890876710414886e-02
3.127908334136009216e-03
3.417096799239516258e-03
4.990677814930677414e-03
2.372319577261805534e-03
7.081549614667892456e-03
2.490825718268752098e-03
5.653224419802427292e-03
9.884182363748550415e-03
4.882197827100753784e-03
6.744713522493839264e-03
7.933917455375194550e-03
6.179722025990486145e-03
3.223956096917390823e-03
5.582230631262063980e-03
2.640891121700406075e-03
2.162173157557845116e-03
1.501967548392713070e-03
3.344778437167406082e-03
1.245244522579014301e-03
3.068818338215351105e-02
7.234557066112756729e-03
3.681345609948039055e-03
4.169740248471498489e-03
2.255924418568611145e-02
9.212167933583259583e-03
1.282955892384052277e-02
4.302627407014369965e-03
3.335412126034498215e-03
4.620325192809104919e-02
3.356556408107280731e-03
3.008231054991483688e-03
1.191280968487262726e-02
3.731088945642113686e-03
1.152854971587657928e-02
2.112524118274450302e-03
2.823853399604558945e-03
8.193419314920902252e-03
1.501935161650180817e-02
1.108926534652709961e-02
1.250577624887228012e-02
3.034906461834907532e-03
5.154249258339405060e-03
2.172619802877306938e-03
9.021313861012458801e-03
7.192864548414945602e-03
5.866302177309989929e-03
2.250731457024812698e-03
2.458452619612216949e-02
8.936886675655841827e-03
3.808266017585992813e-03
5.072437226772308350e-03
3.321578027680516243e-03
5.268887151032686234e-03
3.106096014380455017e-02
9.452481754124164581e-03
2.082327567040920258e-02
9.707383811473846436e-03
1.218786276876926422e-02
4.954261239618062973e-03
2.179270377382636070e-03
8.108102716505527496e-03
1.304100081324577332e-02
2.659516595304012299e-02
5.261226557195186615e-03
2.733639208599925041e-03
2.200532238930463791e-03
1.307361014187335968e-02
4.834174644201993942e-03
4.284539259970188141e-03
8.015799336135387421e-03
5.698638036847114563e-03
6.708503235131502151e-03
8.801972493529319763e-03
