5.050880670547485352e+00
6.393647193908691406e-02
4.504179954528808594e-02
3.220391273498535156e-02
2.540111541748046875e-02
2.072715759277343750e-02
2.083635330200195312e-02
2.091073989868164062e-02
2.082967758178710938e-02
2.111959457397460938e-02
2.104473114013671875e-02
2.091574668884277344e-02
2.245545387268066406e-02
2.186346054077148438e-02
2.178573608398437500e-02
2.184629440307617188e-02
2.163791656494140625e-02
2.169275283813476562e-02
2.209663391113281250e-02
2.200078964233398438e-02
2.159190177917480469e-02
2.186655998229980469e-02
2.144598960876464844e-02
2.185416221618652344e-02
5.924582481384277344e-02
3.936243057250976562e-02
2.120923995971679688e-02
1.163649559020996094e-02
2.842330932617187500e-02
2.560114860534667969e-02
1.429033279418945312e-02
1.733708381652832031e-02
2.789378166198730469e-02
2.645874023437500000e-02
2.847480773925781250e-02
2.410554885864257812e-02
1.258516311645507812e-02
2.818512916564941406e-02
2.631449699401855469e-02
2.327752113342285156e-02
2.710580825805664062e-02
2.379822731018066406e-02
1.929569244384765625e-02
2.430343627929687500e-02
2.165913581848144531e-02
1.703596115112304688e-02
2.601480484008789062e-02
2.547979354858398438e-02
2.701783180236816406e-02
1.743221282958984375e-02
3.496241569519042969e-02
2.124381065368652344e-02
1.162838935852050781e-02
2.974867820739746094e-02
2.349805831909179688e-02
1.426458358764648438e-02
1.895809173583984375e-02
1.725125312805175781e-02
2.229070663452148438e-02
1.939654350280761719e-02
1.950097084045410156e-02
1.143956184387207031e-02
1.640653610229492188e-02
1.413536071777343750e-02
2.648615837097167969e-02
2.808380126953125000e-02
1.169729232788085938e-02
1.711511611938476562e-02
2.818131446838378906e-02
2.817440032958984375e-02
2.417421340942382812e-02
2.134561538696289062e-02
2.252364158630371094e-02
2.429795265197753906e-02
1.687622070312500000e-02
4.129743576049804688e-02
3.526020050048828125e-02
3.232002258300781250e-02
1.178956031799316406e-02
2.184224128723144531e-02
3.027749061584472656e-02
2.892518043518066406e-02
2.475547790527343750e-02
1.940727233886718750e-02
1.973223686218261719e-02
2.457141876220703125e-02
2.164912223815917969e-02
1.490664482116699219e-02
2.366566658020019531e-02
2.816486358642578125e-02
2.212095260620117188e-02
2.175068855285644531e-02
2.021598815917968750e-02
2.161478996276855469e-02
1.990079879760742188e-02
2.157855033874511719e-02
1.200723648071289062e-02
2.817869186401367188e-02
1.687979698181152344e-02
8.488893508911132812e-03
3.697538375854492188e-02
3.045868873596191406e-02
2.650189399719238281e-02
2.414965629577636719e-02
2.175545692443847656e-02
2.181911468505859375e-02
2.412199974060058594e-02
2.376675605773925781e-02
2.419328689575195312e-02
2.177000045776367188e-02
2.164316177368164062e-02
2.431750297546386719e-02
2.389597892761230469e-02
2.150154113769531250e-02
2.203845977783203125e-02
2.385568618774414062e-02
2.646327018737792969e-02
2.633333206176757812e-02
2.380084991455078125e-02
2.411174774169921875e-02
2.644205093383789062e-02
1.271033287048339844e-02
1.345062255859375000e-02
2.454924583435058594e-02
1.694655418395996094e-02
3.994560241699218750e-02
3.223419189453125000e-02
1.244163513183593750e-02
1.240992546081542969e-02
2.812290191650390625e-02
2.673459053039550781e-02
2.284979820251464844e-02
1.986098289489746094e-02
1.733064651489257812e-02
1.456761360168457031e-02
2.189469337463378906e-02
1.684379577636718750e-02
1.320481300354003906e-02
2.235746383666992188e-02
2.797937393188476562e-02
2.165699005126953125e-02
1.713633537292480469e-02
1.695847511291503906e-02
2.032876014709472656e-02
2.811622619628906250e-02
2.689099311828613281e-02
2.179622650146484375e-02
1.736426353454589844e-02
2.443361282348632812e-02
9.517669677734375000e-03
3.756499290466308594e-02
3.068971633911132812e-02
2.619314193725585938e-02
2.180004119873046875e-02
2.182769775390625000e-02
2.397346496582031250e-02
2.221393585205078125e-02
1.731181144714355469e-02
1.227927207946777344e-02
2.472305297851562500e-02
2.180886268615722656e-02
1.673054695129394531e-02
1.227498054504394531e-02
1.657366752624511719e-02
1.903867721557617188e-02
1.992273330688476562e-02
2.197790145874023438e-02
2.163243293762207031e-02
2.190589904785156250e-02
2.181315422058105469e-02
1.730775833129882812e-02
1.225662231445312500e-02
2.120494842529296875e-02
1.965951919555664062e-02
1.728415489196777344e-02
3.763461112976074219e-02
3.062248229980468750e-02
2.394485473632812500e-02
2.071022987365722656e-02
1.951169967651367188e-02
1.196694374084472656e-02
1.219010353088378906e-02
2.644133567810058594e-02
1.248121261596679688e-02
1.473188400268554688e-02
2.341771125793457031e-02
3.535580635070800781e-02
3.252458572387695312e-02
3.264021873474121094e-02
2.574872970581054688e-02
2.386164665222167969e-02
2.144765853881835938e-02
1.728796958923339844e-02
1.209998130798339844e-02
2.190494537353515625e-02
2.262568473815917969e-02
2.519631385803222656e-02
1.663947105407714844e-02
1.232886314392089844e-02
1.053667068481445312e-02
4.097461700439453125e-02
3.687644004821777344e-02
2.774739265441894531e-02
1.838994026184082031e-02
1.939058303833007812e-02
1.231765747070312500e-02
1.782035827636718750e-02
1.988720893859863281e-02
2.456784248352050781e-02
2.720999717712402344e-02
2.741241455078125000e-02
2.475357055664062500e-02
2.237153053283691406e-02
2.239203453063964844e-02
2.217745780944824219e-02
2.228426933288574219e-02
2.213978767395019531e-02
2.432703971862792969e-02
2.458906173706054688e-02
2.250409126281738281e-02
2.234435081481933594e-02
2.415442466735839844e-02
1.972627639770507812e-02
1.923251152038574219e-02
1.058173179626464844e-02
4.227137565612792969e-02
3.768467903137207031e-02
2.682375907897949219e-02
1.426148414611816406e-02
1.247739791870117188e-02
2.546381950378417969e-02
3.281450271606445312e-02
3.280115127563476562e-02
2.920484542846679688e-02
2.402567863464355469e-02
2.226924896240234375e-02
2.205252647399902344e-02
2.182960510253906250e-02
2.433204650878906250e-02
1.238393783569335938e-02
1.331210136413574219e-02
1.588749885559082031e-02
1.355862617492675781e-02
2.061247825622558594e-02
2.204394340515136719e-02
1.434850692749023438e-02
1.334571838378906250e-02
1.343774795532226562e-02
2.570319175720214844e-02
1.119852066040039062e-02
4.076790809631347656e-02
2.905678749084472656e-02
2.661919593811035156e-02
2.648210525512695312e-02
2.063155174255371094e-02
1.583600044250488281e-02
1.335334777832031250e-02
1.834630966186523438e-02
2.316260337829589844e-02
1.706862449645996094e-02
1.329851150512695312e-02
1.326179504394531250e-02
1.325702667236328125e-02
1.831364631652832031e-02
2.546119689941406250e-02
1.345515251159667969e-02
1.331281661987304688e-02
1.331377029418945312e-02
1.959276199340820312e-02
1.750564575195312500e-02
1.739811897277832031e-02
1.511716842651367188e-02
2.812981605529785156e-02
1.334047317504882812e-02
1.092648506164550781e-02
4.062366485595703125e-02
3.137302398681640625e-02
3.231883049011230469e-02
2.303910255432128906e-02
1.441502571105957031e-02
1.329088211059570312e-02
1.568698883056640625e-02
2.257680892944335938e-02
2.269959449768066406e-02
1.335072517395019531e-02
1.335906982421875000e-02
1.517319679260253906e-02
1.974916458129882812e-02
1.738238334655761719e-02
1.495265960693359375e-02
1.502323150634765625e-02
1.495003700256347656e-02
1.492524147033691406e-02
1.491236686706542969e-02
1.511716842651367188e-02
1.528477668762207031e-02
1.787543296813964844e-02
2.405691146850585938e-02
1.324915885925292969e-02
1.067662239074707031e-02
3.378987312316894531e-02
2.915883064270019531e-02
2.659225463867187500e-02
2.411055564880371094e-02
2.155280113220214844e-02
1.841378211975097656e-02
1.336407661437988281e-02
1.596951484680175781e-02
2.260398864746093750e-02
1.939678192138671875e-02
1.331019401550292969e-02
1.333022117614746094e-02
1.768374443054199219e-02
1.757931709289550781e-02
1.523852348327636719e-02
1.527786254882812500e-02
1.502561569213867188e-02
1.511597633361816406e-02
1.767086982727050781e-02
1.766753196716308594e-02
1.499724388122558594e-02
1.521587371826171875e-02
2.197885513305664062e-02
1.331520080566406250e-02
1.094341278076171875e-02
3.425073623657226562e-02
2.888035774230957031e-02
2.688431739807128906e-02
2.438974380493164062e-02
2.160239219665527344e-02
1.845192909240722656e-02
1.333737373352050781e-02
1.590418815612792969e-02
2.260565757751464844e-02
1.971840858459472656e-02
1.329827308654785156e-02
1.329159736633300781e-02
1.765847206115722656e-02
2.010393142700195312e-02
1.769471168518066406e-02
1.515960693359375000e-02
1.498842239379882812e-02
1.504826545715332031e-02
1.496505737304687500e-02
1.502752304077148438e-02
1.521396636962890625e-02
1.782488822937011719e-02
2.430200576782226562e-02
1.333403587341308594e-02
1.105737686157226562e-02
3.589487075805664062e-02
2.892923355102539062e-02
2.758908271789550781e-02
2.490448951721191406e-02
1.704001426696777344e-02
1.329994201660156250e-02
1.533341407775878906e-02
1.770448684692382812e-02
1.752018928527832031e-02
1.335191726684570312e-02
1.335597038269042969e-02
1.331567764282226562e-02
1.832985877990722656e-02
2.353858947753906250e-02
1.718616485595703125e-02
1.333522796630859375e-02
1.328158378601074219e-02
1.552891731262207031e-02
2.007770538330078125e-02
1.772165298461914062e-02
1.759791374206542969e-02
1.333308219909667969e-02
1.330661773681640625e-02
2.470898628234863281e-02
1.104831695556640625e-02
3.717780113220214844e-02
2.840805053710937500e-02
2.026414871215820312e-02
1.481151580810546875e-02
1.353406906127929688e-02
1.829504966735839844e-02
2.336692810058593750e-02
1.453232765197753906e-02
1.334404945373535156e-02
1.329755783081054688e-02
1.773428916931152344e-02
1.772356033325195312e-02
1.534557342529296875e-02
1.531314849853515625e-02
1.535010337829589844e-02
1.527166366577148438e-02
1.759552955627441406e-02
1.769208908081054688e-02
1.546812057495117188e-02
1.539683341979980469e-02
1.547336578369140625e-02
1.541328430175781250e-02
1.760768890380859375e-02
1.573038101196289062e-02
1.116704940795898438e-02
3.615927696228027344e-02
2.666282653808593750e-02
2.507996559143066406e-02
2.686738967895507812e-02
2.703738212585449219e-02
2.653813362121582031e-02
3.136491775512695312e-02
2.727103233337402344e-02
2.063655853271484375e-02
1.335000991821289062e-02
1.358962059020996094e-02
2.261567115783691406e-02
1.703810691833496094e-02
1.330137252807617188e-02
1.554918289184570312e-02
1.798772811889648438e-02
1.833653450012207031e-02
2.043819427490234375e-02
2.239251136779785156e-02
2.202367782592773438e-02
2.200198173522949219e-02
1.239871978759765625e-02
2.670574188232421875e-02
1.253676414489746094e-02
9.246587753295898438e-03
3.962159156799316406e-02
3.123402595520019531e-02
2.676987648010253906e-02
2.464699745178222656e-02
2.237296104431152344e-02
2.242016792297363281e-02
2.463936805725097656e-02
2.437400817871093750e-02
2.236700057983398438e-02
2.241849899291992188e-02
2.226686477661132812e-02
2.467703819274902344e-02
2.452468872070312500e-02
2.224469184875488281e-02
2.225661277770996094e-02
2.216410636901855469e-02
2.258396148681640625e-02
2.231216430664062500e-02
2.225208282470703125e-02
2.219057083129882812e-02
2.240490913391113281e-02
2.240943908691406250e-02
2.233314514160156250e-02
2.250409126281738281e-02
2.128696441650390625e-02
3.782701492309570312e-02
3.067731857299804688e-02
2.399086952209472656e-02
2.157139778137207031e-02
1.965260505676269531e-02
1.267695426940917969e-02
2.209734916687011719e-02
2.260971069335937500e-02
2.162837982177734375e-02
1.429700851440429688e-02
1.249170303344726562e-02
1.852416992187500000e-02
2.547740936279296875e-02
2.875494956970214844e-02
2.449202537536621094e-02
1.249122619628906250e-02
1.781582832336425781e-02
2.011156082153320312e-02
2.216935157775878906e-02
2.449989318847656250e-02
2.669501304626464844e-02
2.452707290649414062e-02
2.210974693298339844e-02
2.238368988037109375e-02
1.713991165161132812e-02
3.789186477661132812e-02
3.079462051391601562e-02
2.392482757568359375e-02
1.734018325805664062e-02
1.509141921997070312e-02
1.245808601379394531e-02
1.233625411987304688e-02
1.403355598449707031e-02
1.243305206298828125e-02
2.222561836242675781e-02
2.398920059204101562e-02
2.152514457702636719e-02
2.435588836669921875e-02
2.631616592407226562e-02
2.404928207397460938e-02
2.185773849487304688e-02
2.197408676147460938e-02
1.737165451049804688e-02
1.237249374389648438e-02
2.455091476440429688e-02
2.182960510253906250e-02
1.902484893798828125e-02
1.239657402038574219e-02
1.665759086608886719e-02
1.415753364562988281e-02
3.971385955810546875e-02
3.117775917053222656e-02
2.679085731506347656e-02
2.423143386840820312e-02
2.242922782897949219e-02
2.228879928588867188e-02
2.217125892639160156e-02
2.423906326293945312e-02
2.442383766174316406e-02
2.434945106506347656e-02
2.247023582458496094e-02
2.214407920837402344e-02
2.218270301818847656e-02
2.228903770446777344e-02
2.258133888244628906e-02
2.220487594604492188e-02
2.437400817871093750e-02
2.442955970764160156e-02
2.237415313720703125e-02
2.245640754699707031e-02
2.197170257568359375e-02
2.244043350219726562e-02
2.225732803344726562e-02
2.215337753295898438e-02
2.133417129516601562e-02
3.968787193298339844e-02
3.127741813659667969e-02
2.694749832153320312e-02
2.426624298095703125e-02
2.228927612304687500e-02
2.211213111877441406e-02
2.242660522460937500e-02
2.162337303161621094e-02
2.409529685974121094e-02
2.434706687927246094e-02
1.267409324645996094e-02
2.235555648803710938e-02
2.685046195983886719e-02
2.636861801147460938e-02
2.566981315612792969e-02
2.157902717590332031e-02
2.149152755737304688e-02
2.219724655151367188e-02
2.156782150268554688e-02
2.005767822265625000e-02
1.985955238342285156e-02
1.976633071899414062e-02
2.570724487304687500e-02
1.735043525695800781e-02
1.523542404174804688e-02
4.266858100891113281e-02
3.972172737121582031e-02
3.155922889709472656e-02
2.504634857177734375e-02
2.466654777526855469e-02
2.400898933410644531e-02
1.739692687988281250e-02
1.713562011718750000e-02
2.034044265747070312e-02
2.237296104431152344e-02
2.194237709045410156e-02
2.230596542358398438e-02
1.966476440429687500e-02
1.258897781372070312e-02
2.246284484863281250e-02
3.112006187438964844e-02
2.708435058593750000e-02
1.749324798583984375e-02
1.247262954711914062e-02
1.618695259094238281e-02
2.265095710754394531e-02
1.745510101318359375e-02
1.263999938964843750e-02
2.815341949462890625e-02
9.476900100708007812e-03
3.974771499633789062e-02
3.509545326232910156e-02
2.612662315368652344e-02
1.504182815551757812e-02
1.244950294494628906e-02
2.552342414855957031e-02
2.649712562561035156e-02
2.393603324890136719e-02
2.150917053222656250e-02
2.173852920532226562e-02
2.174901962280273438e-02
2.194690704345703125e-02
2.194237709045410156e-02
2.215766906738281250e-02
2.163243293762207031e-02
2.170658111572265625e-02
2.220034599304199219e-02
2.179789543151855469e-02
2.147173881530761719e-02
2.192163467407226562e-02
2.157998085021972656e-02
2.204060554504394531e-02
2.200198173522949219e-02
2.162885665893554688e-02
1.937651634216308594e-02
3.789997100830078125e-02
3.046560287475585938e-02
1.510095596313476562e-02
1.308226585388183594e-02
2.295136451721191406e-02
1.979303359985351562e-02
1.244568824768066406e-02
1.998925209045410156e-02
2.274084091186523438e-02
3.342151641845703125e-02
3.073191642761230469e-02
2.489590644836425781e-02
1.508498191833496094e-02
1.238203048706054688e-02
2.255511283874511719e-02
2.493190765380859375e-02
1.966381072998046875e-02
1.246023178100585938e-02
2.020645141601562500e-02
2.971076965332031250e-02
2.779173851013183594e-02
2.177405357360839844e-02
1.694440841674804688e-02
1.718115806579589844e-02
1.000738143920898438e-02
3.726434707641601562e-02
3.082776069641113281e-02
2.641177177429199219e-02
2.187395095825195312e-02
2.194833755493164062e-02
2.188849449157714844e-02
2.186155319213867188e-02
2.181243896484375000e-02
2.161383628845214844e-02
1.735758781433105469e-02
1.243162155151367188e-02
2.441334724426269531e-02
2.156400680541992188e-02
1.971507072448730469e-02
1.239013671875000000e-02
1.879525184631347656e-02
2.868008613586425781e-02
2.896332740783691406e-02
1.979327201843261719e-02
1.245379447937011719e-02
1.574039459228515625e-02
2.021908760070800781e-02
2.235865592956542969e-02
2.167391777038574219e-02
1.924872398376464844e-02
3.769326210021972656e-02
3.043794631958007812e-02
1.513147354125976562e-02
1.314949989318847656e-02
2.308726310729980469e-02
1.983499526977539062e-02
1.241493225097656250e-02
1.993608474731445312e-02
2.939581871032714844e-02
3.299784660339355469e-02
1.975131034851074219e-02
1.739263534545898438e-02
2.158308029174804688e-02
1.815319061279296875e-02
2.818155288696289062e-02
1.588892936706542969e-02
1.315593719482421875e-02
2.905082702636718750e-02
2.640008926391601562e-02
1.500010490417480469e-02
1.315402984619140625e-02
2.299952507019042969e-02
2.711081504821777344e-02
2.658057212829589844e-02
1.530933380126953125e-02
4.133462905883789062e-02
3.721404075622558594e-02
3.093743324279785156e-02
1.966333389282226562e-02
1.238226890563964844e-02
2.240204811096191406e-02
2.898955345153808594e-02
2.257728576660156250e-02
1.747226715087890625e-02
1.239728927612304688e-02
2.673554420471191406e-02
2.681446075439453125e-02
2.431941032409667969e-02
2.465963363647460938e-02
2.231621742248535156e-02
2.147173881530761719e-02
2.182412147521972656e-02
2.164459228515625000e-02
2.396225929260253906e-02
2.165174484252929688e-02
2.217507362365722656e-02
2.148556709289550781e-02
2.197051048278808594e-02
2.407765388488769531e-02
1.503252983093261719e-02
3.980541229248046875e-02
3.518319129943847656e-02
2.637004852294921875e-02
2.158451080322265625e-02
1.243710517883300781e-02
1.543927192687988281e-02
2.246379852294921875e-02
2.299833297729492188e-02
2.267742156982421875e-02
2.227950096130371094e-02
2.221441268920898438e-02
2.234315872192382812e-02
2.169036865234375000e-02
2.227711677551269531e-02
2.206826210021972656e-02
2.221989631652832031e-02
2.215194702148437500e-02
2.242898941040039062e-02
2.225065231323242188e-02
2.231597900390625000e-02
2.035236358642578125e-02
3.797602653503417969e-02
1.752710342407226562e-02
1.917600631713867188e-02
1.486849784851074219e-02
4.406166076660156250e-02
3.575587272644042969e-02
3.061604499816894531e-02
1.953959465026855469e-02
1.244974136352539062e-02
1.782083511352539062e-02
2.018713951110839844e-02
2.160835266113281250e-02
2.194952964782714844e-02
2.172875404357910156e-02
2.145695686340332031e-02
2.233791351318359375e-02
2.173852920532226562e-02
2.191829681396484375e-02
2.184844017028808594e-02
2.189445495605468750e-02
2.187848091125488281e-02
2.173542976379394531e-02
2.195692062377929688e-02
2.154326438903808594e-02
2.177214622497558594e-02
2.172327041625976562e-02
2.198481559753417969e-02
2.180075645446777344e-02
2.002143859863281250e-02
4.161739349365234375e-02
3.941869735717773438e-02
3.312158584594726562e-02
2.197885513305664062e-02
1.241779327392578125e-02
2.040362358093261719e-02
2.726578712463378906e-02
3.334379196166992188e-02
2.654695510864257812e-02
1.500511169433593750e-02
1.300907135009765625e-02
2.028322219848632812e-02
2.679395675659179688e-02
2.440476417541503906e-02
1.244974136352539062e-02
1.588869094848632812e-02
2.253699302673339844e-02
1.741790771484375000e-02
1.254653930664062500e-02
1.807761192321777344e-02
1.812267303466796875e-02
1.268482208251953125e-02
1.575589179992675781e-02
2.261090278625488281e-02
1.743078231811523438e-02
4.404544830322265625e-02
4.040265083312988281e-02
2.713489532470703125e-02
1.281261444091796875e-02
1.588773727416992188e-02
1.249933242797851562e-02
2.874469757080078125e-02
3.052687644958496094e-02
3.373003005981445312e-02
3.314375877380371094e-02
2.621936798095703125e-02
1.498031616210937500e-02
1.244521141052246094e-02
2.680134773254394531e-02
2.806186676025390625e-02
2.413773536682128906e-02
2.182745933532714844e-02
2.197694778442382812e-02
2.150487899780273438e-02
2.222585678100585938e-02
2.169656753540039062e-02
2.185130119323730469e-02
2.183032035827636719e-02
2.147555351257324219e-02
1.471376419067382812e-02
4.052305221557617188e-02
2.420473098754882812e-02
1.238346099853515625e-02
2.476763725280761719e-02
2.844619750976562500e-02
3.065633773803710938e-02
2.509212493896484375e-02
2.167963981628417969e-02
2.179026603698730469e-02
2.169084548950195312e-02
2.180981636047363281e-02
2.221298217773437500e-02
2.211165428161621094e-02
2.234864234924316406e-02
2.151346206665039062e-02
2.216386795043945312e-02
2.210974693298339844e-02
2.187490463256835938e-02
2.201461791992187500e-02
2.219390869140625000e-02
2.157354354858398438e-02
2.198505401611328125e-02
2.327704429626464844e-02
2.171921730041503906e-02
2.104401588439941406e-02
3.908753395080566406e-02
2.196121215820312500e-02
1.243281364440917969e-02
2.727317810058593750e-02
2.916288375854492188e-02
3.321027755737304688e-02
2.843284606933593750e-02
2.232646942138671875e-02
1.319503784179687500e-02
1.787328720092773438e-02
2.464127540588378906e-02
2.312254905700683594e-02
2.252340316772460938e-02
2.275967597961425781e-02
2.249264717102050781e-02
1.248741149902343750e-02
1.235938072204589844e-02
2.213406562805175781e-02
2.295494079589843750e-02
2.355289459228515625e-02
1.266980171203613281e-02
1.603531837463378906e-02
2.738523483276367188e-02
2.171421051025390625e-02
1.841449737548828125e-02
3.948020935058593750e-02
3.124380111694335938e-02
2.680945396423339844e-02
2.467894554138183594e-02
2.206039428710937500e-02
2.227902412414550781e-02
2.456092834472656250e-02
2.464890480041503906e-02
2.224040031433105469e-02
2.245974540710449219e-02
2.243208885192871094e-02
2.224040031433105469e-02
2.229571342468261719e-02
2.442240715026855469e-02
2.466320991516113281e-02
2.225065231323242188e-02
2.211117744445800781e-02
2.446079254150390625e-02
2.476334571838378906e-02
2.448463439941406250e-02
2.642464637756347656e-02
2.448534965515136719e-02
1.507472991943359375e-02
2.715992927551269531e-02
9.908199310302734375e-03
3.812289237976074219e-02
2.484345436096191406e-02
1.497673988342285156e-02
1.262521743774414062e-02
2.260112762451171875e-02
2.132940292358398438e-02
1.263499259948730469e-02
1.620268821716308594e-02
2.021026611328125000e-02
2.111029624938964844e-02
1.978182792663574219e-02
2.008581161499023438e-02
2.702474594116210938e-02
2.864146232604980469e-02
2.204155921936035156e-02
1.503300666809082031e-02
1.933145523071289062e-02
3.028035163879394531e-02
2.360343933105468750e-02
2.526521682739257812e-02
2.683711051940917969e-02
2.427315711975097656e-02
2.229928970336914062e-02
2.464938163757324219e-02
2.156615257263183594e-02
3.998541831970214844e-02
3.146791458129882812e-02
2.639150619506835938e-02
2.214288711547851562e-02
1.748609542846679688e-02
2.043795585632324219e-02
2.485537528991699219e-02
2.490520477294921875e-02
2.228450775146484375e-02
2.486920356750488281e-02
2.483391761779785156e-02
2.484250068664550781e-02
2.483177185058593750e-02
2.485561370849609375e-02
2.474045753479003906e-02
2.489590644836425781e-02
2.485775947570800781e-02
2.488756179809570312e-02
2.489161491394042969e-02
2.481198310852050781e-02
2.482008934020996094e-02
2.487277984619140625e-02
2.475619316101074219e-02
2.918028831481933594e-02
1.493096351623535156e-02
3.958344459533691406e-02
3.501629829406738281e-02
2.656006813049316406e-02
1.273894309997558594e-02
1.748704910278320312e-02
2.516674995422363281e-02
2.206969261169433594e-02
1.757955551147460938e-02
1.249551773071289062e-02
2.083253860473632812e-02
2.032685279846191406e-02
1.251626014709472656e-02
2.024698257446289062e-02
2.499198913574218750e-02
3.061103820800781250e-02
2.478051185607910156e-02
2.118897438049316406e-02
1.761412620544433594e-02
2.275538444519042969e-02
2.528500556945800781e-02
2.112126350402832031e-02
1.824569702148437500e-02
2.269744873046875000e-02
2.896118164062500000e-02
1.162624359130859375e-02
3.955197334289550781e-02
3.050708770751953125e-02
1.505780220031738281e-02
1.315069198608398438e-02
2.274227142333984375e-02
1.690840721130371094e-02
1.242756843566894531e-02
2.638411521911621094e-02
2.708649635314941406e-02
2.458715438842773438e-02
1.254630088806152344e-02
1.225042343139648438e-02
2.611231803894042969e-02
2.235579490661621094e-02
2.234101295471191406e-02
2.238535881042480469e-02
2.445340156555175781e-02
2.442002296447753906e-02
1.508855819702148438e-02
2.268171310424804688e-02
2.685952186584472656e-02
2.649378776550292969e-02
2.380537986755371094e-02
2.177739143371582031e-02
1.263499259948730469e-02
4.109764099121093750e-02
3.640484809875488281e-02
3.088116645812988281e-02
2.672481536865234375e-02
2.208209037780761719e-02
1.271796226501464844e-02
2.490139007568359375e-02
2.471780776977539062e-02
2.431964874267578125e-02
2.204895019531250000e-02
2.412533760070800781e-02
2.402091026306152344e-02
1.746582984924316406e-02
1.246452331542968750e-02
2.489686012268066406e-02
2.422928810119628906e-02
1.690149307250976562e-02
1.241230964660644531e-02
2.271509170532226562e-02
2.635550498962402344e-02
2.902340888977050781e-02
2.144479751586914062e-02
1.254487037658691406e-02
2.842402458190917969e-02
9.387016296386718750e-03
2.858161926269531250e-02
2.160072326660156250e-02
1.735997200012207031e-02
1.747846603393554688e-02
1.751399040222167969e-02
1.504111289978027344e-02
2.232718467712402344e-02
1.691222190856933594e-02
1.243591308593750000e-02
1.827073097229003906e-02
2.666163444519042969e-02
2.963280677795410156e-02
2.463316917419433594e-02
2.214241027832031250e-02
2.495360374450683594e-02
1.784420013427734375e-02
2.239060401916503906e-02
2.433156967163085938e-02
2.059102058410644531e-02
1.714658737182617188e-02
1.252770423889160156e-02
1.484107971191406250e-02
1.900362968444824219e-02
1.249575614929199219e-02
1.288175582885742188e-02
3.926920890808105469e-02
3.116011619567871094e-02
2.686047554016113281e-02
2.449584007263183594e-02
2.172398567199707031e-02
1.967525482177734375e-02
1.264286041259765625e-02
2.213191986083984375e-02
2.277374267578125000e-02
2.250194549560546875e-02
1.409935951232910156e-02
1.243066787719726562e-02
2.175617218017578125e-02
2.616477012634277344e-02
2.253842353820800781e-02
1.740074157714843750e-02
1.732516288757324219e-02
2.360248565673828125e-02
2.917861938476562500e-02
2.643418312072753906e-02
2.178406715393066406e-02
2.227950096130371094e-02
2.150225639343261719e-02
1.747465133666992188e-02
1.560282707214355469e-02
3.942513465881347656e-02
3.060317039489746094e-02
1.502513885498046875e-02
1.320791244506835938e-02
2.272105216979980469e-02
1.690220832824707031e-02
1.239156723022460938e-02
2.636861801147460938e-02
2.721405029296875000e-02
2.462315559387207031e-02
2.164769172668457031e-02
2.010822296142578125e-02
2.103233337402343750e-02
2.256464958190917969e-02
2.666902542114257812e-02
2.196741104125976562e-02
2.016305923461914062e-02
1.965618133544921875e-02
2.340507507324218750e-02
2.194952964782714844e-02
1.270055770874023438e-02
1.749539375305175781e-02
2.195239067077636719e-02
1.434373855590820312e-02
1.158356666564941406e-02
3.795838356018066406e-02
3.046035766601562500e-02
1.502037048339843750e-02
1.321220397949218750e-02
2.273297309875488281e-02
1.254630088806152344e-02
2.693271636962890625e-02
1.508927345275878906e-02
1.245307922363281250e-02
2.260923385620117188e-02
3.265166282653808594e-02
2.601313591003417969e-02
2.476572990417480469e-02
2.261710166931152344e-02
2.240228652954101562e-02
2.234101295471191406e-02
2.252411842346191406e-02
2.228164672851562500e-02
2.257013320922851562e-02
2.233052253723144531e-02
2.245998382568359375e-02
2.236533164978027344e-02
2.241635322570800781e-02
2.263140678405761719e-02
1.937413215637207031e-02
3.984904289245605469e-02
3.281378746032714844e-02
1.511788368225097656e-02
1.239204406738281250e-02
2.732753753662109375e-02
3.254938125610351562e-02
2.819919586181640625e-02
2.414369583129882812e-02
2.184772491455078125e-02
2.155852317810058594e-02
2.177166938781738281e-02
2.177524566650390625e-02
2.207064628601074219e-02
2.187466621398925781e-02
2.223825454711914062e-02
2.153873443603515625e-02
2.189040184020996094e-02
2.227234840393066406e-02
2.174806594848632812e-02
2.142214775085449219e-02
2.178239822387695312e-02
2.179121971130371094e-02
2.178120613098144531e-02
2.178049087524414062e-02
1.984214782714843750e-02
3.940820693969726562e-02
3.794264793395996094e-02
3.090500831604003906e-02
2.244114875793457031e-02
1.264715194702148438e-02
1.596117019653320312e-02
2.266764640808105469e-02
1.968288421630859375e-02
1.266503334045410156e-02
1.578307151794433594e-02
1.819467544555664062e-02
1.253795623779296875e-02
1.878571510314941406e-02
2.258348464965820312e-02
1.264405250549316406e-02
1.770615577697753906e-02
1.871180534362792969e-02
1.698493957519531250e-02
2.864027023315429688e-02
2.857685089111328125e-02
1.971936225891113281e-02
1.830410957336425781e-02
1.991009712219238281e-02
3.199267387390136719e-02
9.541749954223632812e-03
3.975653648376464844e-02
3.135704994201660156e-02
2.643465995788574219e-02
1.978826522827148438e-02
1.276803016662597656e-02
2.268433570861816406e-02
2.151226997375488281e-02
2.320837974548339844e-02
2.246046066284179688e-02
2.445554733276367188e-02
2.415657043457031250e-02
1.745295524597167969e-02
1.245307922363281250e-02
2.435660362243652344e-02
2.849102020263671875e-02
2.852153778076171875e-02
2.680683135986328125e-02
2.358198165893554688e-02
1.694154739379882812e-02
1.245713233947753906e-02
1.879954338073730469e-02
2.703738212585449219e-02
2.985739707946777344e-02
3.025388717651367188e-02
1.144552230834960938e-02
3.960251808166503906e-02
3.130888938903808594e-02
2.421236038208007812e-02
2.177000045776367188e-02
2.419996261596679688e-02
2.216958999633789062e-02
1.270771026611328125e-02
2.468872070312500000e-02
2.688169479370117188e-02
2.719545364379882812e-02
2.534556388854980469e-02
2.820324897766113281e-02
2.807378768920898438e-02
1.976537704467773438e-02
1.267218589782714844e-02
2.260398864746093750e-02
2.463841438293457031e-02
2.360987663269042969e-02
2.240920066833496094e-02
2.533507347106933594e-02
2.462720870971679688e-02
2.452993392944335938e-02
2.468800544738769531e-02
1.441359519958496094e-02
9.288311004638671875e-03
4.017305374145507812e-02
3.119230270385742188e-02
2.671289443969726562e-02
1.985001564025878906e-02
1.277232170104980469e-02
2.266120910644531250e-02
2.642416954040527344e-02
2.334046363830566406e-02
2.416014671325683594e-02
2.614617347717285156e-02
1.768040657043457031e-02
1.247358322143554688e-02
2.117967605590820312e-02
2.055978775024414062e-02
1.249670982360839844e-02
1.814985275268554688e-02
2.400016784667968750e-02
2.258753776550292969e-02
1.248741149902343750e-02
1.834249496459960938e-02
2.135038375854492188e-02
2.186369895935058594e-02
2.263593673706054688e-02
2.886271476745605469e-02
1.526784896850585938e-02
3.920173645019531250e-02
3.547620773315429688e-02
2.427196502685546875e-02
1.249694824218750000e-02
1.865458488464355469e-02
2.734279632568359375e-02
3.360867500305175781e-02
3.082656860351562500e-02
2.198624610900878906e-02
1.249504089355468750e-02
2.035355567932128906e-02
2.208089828491210938e-02
1.434993743896484375e-02
1.659917831420898438e-02
2.366256713867187500e-02
2.563953399658203125e-02
2.118659019470214844e-02
1.838397979736328125e-02
1.927208900451660156e-02
2.041697502136230469e-02
1.973867416381835938e-02
1.249909400939941406e-02
1.856064796447753906e-02
2.709841728210449219e-02
1.379585266113281250e-02
4.178428649902343750e-02
2.849650382995605469e-02
1.251554489135742188e-02
2.097201347351074219e-02
3.151082992553710938e-02
3.871011734008789062e-02
3.511285781860351562e-02
2.685689926147460938e-02
2.280020713806152344e-02
2.234101295471191406e-02
2.699470520019531250e-02
2.418136596679687500e-02
1.750946044921875000e-02
1.737236976623535156e-02
2.035546302795410156e-02
2.058863639831542969e-02
2.396941184997558594e-02
1.989006996154785156e-02
1.250696182250976562e-02
1.793670654296875000e-02
2.049326896667480469e-02
2.356767654418945312e-02
1.748061180114746094e-02
1.977205276489257812e-02
1.940369606018066406e-02
4.130959510803222656e-02
3.759503364562988281e-02
3.409624099731445312e-02
2.914142608642578125e-02
2.667021751403808594e-02
2.346992492675781250e-02
2.234673500061035156e-02
2.168655395507812500e-02
2.188253402709960938e-02
2.143907546997070312e-02
2.211976051330566406e-02
2.281546592712402344e-02
2.244997024536132812e-02
2.176189422607421875e-02
2.145099639892578125e-02
2.196812629699707031e-02
2.302098274230957031e-02
2.199554443359375000e-02
2.198958396911621094e-02
2.291941642761230469e-02
2.215147018432617188e-02
2.163934707641601562e-02
2.208113670349121094e-02
2.291297912597656250e-02
2.342867851257324219e-02
4.069352149963378906e-02
3.592395782470703125e-02
3.322315216064453125e-02
3.109073638916015625e-02
2.662920951843261719e-02
1.244616508483886719e-02
1.562023162841796875e-02
2.196288108825683594e-02
2.029871940612792969e-02
2.263665199279785156e-02
2.246642112731933594e-02
2.266740798950195312e-02
2.217316627502441406e-02
2.252197265625000000e-02
2.233982086181640625e-02
2.230358123779296875e-02
2.245211601257324219e-02
2.220940589904785156e-02
2.250432968139648438e-02
2.220368385314941406e-02
3.789496421813964844e-02
2.954840660095214844e-02
3.173041343688964844e-02
2.166414260864257812e-02
1.194763183593750000e-02
4.269146919250488281e-02
3.521847724914550781e-02
2.594733238220214844e-02
2.210259437561035156e-02
2.062249183654785156e-02
2.006435394287109375e-02
2.132844924926757812e-02
2.245950698852539062e-02
2.229022979736328125e-02
2.255320549011230469e-02
2.237153053283691406e-02
2.268695831298828125e-02
2.241039276123046875e-02
2.254652976989746094e-02
2.265620231628417969e-02
2.245521545410156250e-02
2.256774902343750000e-02
2.244067192077636719e-02
2.238106727600097656e-02
2.215814590454101562e-02
2.280378341674804688e-02
2.255225181579589844e-02
2.244067192077636719e-02
2.239656448364257812e-02
2.301287651062011719e-02
4.136133193969726562e-02
3.558397293090820312e-02
3.096723556518554688e-02
2.425241470336914062e-02
2.165937423706054688e-02
2.148222923278808594e-02
2.110147476196289062e-02
1.991271972656250000e-02
1.963376998901367188e-02
2.050757408142089844e-02
2.168512344360351562e-02
2.429795265197753906e-02
1.740574836730957031e-02
1.729679107666015625e-02
2.045559883117675781e-02
2.262735366821289062e-02
2.214574813842773438e-02
2.207159996032714844e-02
2.096056938171386719e-02
2.000141143798828125e-02
2.205991744995117188e-02
2.275896072387695312e-02
2.183485031127929688e-02
2.142071723937988281e-02
2.263236045837402344e-02
4.404592514038085938e-02
4.005670547485351562e-02
3.515458106994628906e-02
3.323912620544433594e-02
2.203679084777832031e-02
2.384757995605468750e-02
2.162718772888183594e-02
2.204537391662597656e-02
2.172017097473144531e-02
2.152919769287109375e-02
2.194571495056152344e-02
2.189040184020996094e-02
2.168893814086914062e-02
2.193927764892578125e-02
2.184033393859863281e-02
2.150845527648925781e-02
2.154517173767089844e-02
2.205920219421386719e-02
2.159643173217773438e-02
2.155303955078125000e-02
2.182269096374511719e-02
2.188277244567871094e-02
3.262972831726074219e-02
2.046322822570800781e-02
1.067519187927246094e-02
3.958582878112792969e-02
3.279066085815429688e-02
1.516866683959960938e-02
1.249432563781738281e-02
2.736806869506835938e-02
3.269767761230468750e-02
2.853226661682128906e-02
2.417016029357910156e-02
2.177262306213378906e-02
2.157402038574218750e-02
2.196431159973144531e-02
2.145433425903320312e-02
2.051997184753417969e-02
2.170252799987792969e-02
2.019286155700683594e-02
1.979398727416992188e-02
1.737904548645019531e-02
1.744103431701660156e-02
1.741290092468261719e-02
1.735305786132812500e-02
1.739573478698730469e-02
1.743888854980468750e-02
1.747941970825195312e-02
1.746606826782226562e-02
1.328253746032714844e-02
4.400277137756347656e-02
4.008913040161132812e-02
3.114199638366699219e-02
2.184915542602539062e-02
2.174782752990722656e-02
2.171969413757324219e-02
2.157020568847656250e-02
2.151942253112792969e-02
2.191662788391113281e-02
2.180123329162597656e-02
2.156209945678710938e-02
2.193260192871093750e-02
2.183818817138671875e-02
2.141547203063964844e-02
2.177262306213378906e-02
1.721191406250000000e-02
1.761341094970703125e-02
1.717591285705566406e-02
2.030134201049804688e-02
2.079963684082031250e-02
2.026629447937011719e-02
2.141904830932617188e-02
2.214503288269042969e-02
2.627754211425781250e-02
1.716971397399902344e-02
3.779339790344238281e-02
3.039360046386718750e-02
1.503944396972656250e-02
1.317882537841796875e-02
2.371311187744140625e-02
2.418684959411621094e-02
1.267361640930175781e-02
1.586008071899414062e-02
2.355909347534179688e-02
2.694869041442871094e-02
2.655029296875000000e-02
1.982998847961425781e-02
1.249074935913085938e-02
1.843333244323730469e-02
2.216148376464843750e-02
2.178859710693359375e-02
2.489590644836425781e-02
2.438497543334960938e-02
2.024054527282714844e-02
1.977920532226562500e-02
2.373385429382324219e-02
2.421545982360839844e-02
1.752543449401855469e-02
1.243519783020019531e-02
1.830720901489257812e-02
3.761982917785644531e-02
2.202010154724121094e-02
1.245546340942382812e-02
1.927495002746582031e-02
2.045273780822753906e-02
1.248192787170410156e-02
1.798486709594726562e-02
2.268218994140625000e-02
2.682423591613769531e-02
1.911592483520507812e-02
1.471376419067382812e-02
1.802396774291992188e-02
2.605724334716796875e-02
3.125143051147460938e-02
2.694821357727050781e-02
2.175760269165039062e-02
2.228045463562011719e-02
2.197027206420898438e-02
2.170562744140625000e-02
2.401423454284667969e-02
1.751852035522460938e-02
1.243996620178222656e-02
2.059078216552734375e-02
2.062177658081054688e-02
2.072024345397949219e-02
3.797054290771484375e-02
3.053379058837890625e-02
1.502013206481933594e-02
1.327896118164062500e-02
2.173972129821777344e-02
1.428484916687011719e-02
1.327681541442871094e-02
2.241086959838867188e-02
2.455115318298339844e-02
2.380585670471191406e-02
2.358984947204589844e-02
2.707457542419433594e-02
2.658319473266601562e-02
1.748752593994140625e-02
1.500654220581054688e-02
2.585387229919433594e-02
2.205014228820800781e-02
2.187156677246093750e-02
1.272416114807128906e-02
1.721239089965820312e-02
2.173137664794921875e-02
1.435828208923339844e-02
1.482033729553222656e-02
2.020049095153808594e-02
1.398682594299316406e-02
3.800344467163085938e-02
3.124976158142089844e-02
2.387833595275878906e-02
1.753449440002441406e-02
1.273322105407714844e-02
2.218294143676757812e-02
2.273893356323242188e-02
2.167129516601562500e-02
1.437735557556152344e-02
1.360535621643066406e-02
1.861023902893066406e-02
2.713179588317871094e-02
2.681469917297363281e-02
2.472758293151855469e-02
1.272606849670410156e-02
1.612520217895507812e-02
2.038168907165527344e-02
2.276325225830078125e-02
2.288413047790527344e-02
2.271389961242675781e-02
2.219390869140625000e-02
2.483677864074707031e-02
2.659106254577636719e-02
2.434492111206054688e-02
1.539468765258789062e-02
3.886270523071289062e-02
3.540134429931640625e-02
2.873253822326660156e-02
1.743674278259277344e-02
1.248764991760253906e-02
2.699398994445800781e-02
3.093934059143066406e-02
2.482390403747558594e-02
1.243734359741210938e-02
1.682925224304199219e-02
1.293015480041503906e-02
1.242756843566894531e-02
1.253867149353027344e-02
1.946520805358886719e-02
2.889156341552734375e-02
3.465318679809570312e-02
2.931308746337890625e-02
3.113293647766113281e-02
2.269005775451660156e-02
1.244854927062988281e-02
2.261590957641601562e-02
2.501988410949707031e-02
2.673888206481933594e-02
2.626419067382812500e-02
1.923990249633789062e-02
3.950238227844238281e-02
3.132033348083496094e-02
2.661561965942382812e-02
2.457523345947265625e-02
2.193689346313476562e-02
2.432060241699218750e-02
2.488350868225097656e-02
2.438354492187500000e-02
2.211022377014160156e-02
1.502943038940429688e-02
2.032208442687988281e-02
2.491211891174316406e-02
2.198696136474609375e-02
1.753211021423339844e-02
1.237845420837402344e-02
2.059698104858398438e-02
2.004265785217285156e-02
1.278853416442871094e-02
1.909089088439941406e-02
2.489876747131347656e-02
2.997946739196777344e-02
2.479195594787597656e-02
1.785087585449218750e-02
2.587842941284179688e-02
1.078605651855468750e-02
4.149031639099121094e-02
3.615236282348632812e-02
3.504419326782226562e-02
2.658009529113769531e-02
1.270127296447753906e-02
1.585865020751953125e-02
2.943754196166992188e-02
2.874755859375000000e-02
3.083586692810058594e-02
1.970410346984863281e-02
1.250910758972167969e-02
1.723146438598632812e-02
2.333879470825195312e-02
1.675271987915039062e-02
1.252651214599609375e-02
2.049851417541503906e-02
2.483749389648437500e-02
3.005719184875488281e-02
2.152442932128906250e-02
1.496911048889160156e-02
2.155566215515136719e-02
2.386379241943359375e-02
3.472733497619628906e-02
3.375577926635742188e-02
1.881146430969238281e-02
3.943800926208496094e-02
3.519582748413085938e-02
2.868318557739257812e-02
1.755809783935546875e-02
1.250529289245605469e-02
2.685403823852539062e-02
3.109002113342285156e-02
2.490115165710449219e-02
1.255393028259277344e-02
1.701688766479492188e-02
3.008460998535156250e-02
3.548741340637207031e-02
3.186011314392089844e-02
3.520727157592773438e-02
3.609967231750488281e-02
1.302790641784667969e-02
1.291608810424804688e-02
2.855634689331054688e-02
2.686834335327148438e-02
1.424741744995117188e-02
1.327943801879882812e-02
2.462553977966308594e-02
2.682256698608398438e-02
2.441668510437011719e-02
1.573681831359863281e-02
3.799962997436523438e-02
3.051471710205078125e-02
1.507282257080078125e-02
1.324200630187988281e-02
2.272534370422363281e-02
1.688933372497558594e-02
1.251792907714843750e-02
2.658843994140625000e-02
2.719020843505859375e-02
2.896070480346679688e-02
2.259039878845214844e-02
1.743459701538085938e-02
1.743173599243164062e-02
2.382469177246093750e-02
3.271484375000000000e-02
2.981996536254882812e-02
3.990888595581054688e-02
4.117774963378906250e-02
3.777289390563964844e-02
3.120779991149902344e-02
1.746940612792968750e-02
1.247072219848632812e-02
2.100229263305664062e-02
3.193092346191406250e-02
1.081347465515136719e-02
3.997898101806640625e-02
3.574490547180175781e-02
3.139686584472656250e-02
2.648806571960449219e-02
2.213597297668457031e-02
1.285910606384277344e-02
1.556491851806640625e-02
2.441048622131347656e-02
1.687407493591308594e-02
1.714992523193359375e-02
2.337169647216796875e-02
2.192139625549316406e-02
2.497220039367675781e-02
2.030897140502929688e-02
1.586985588073730469e-02
2.269840240478515625e-02
2.413558959960937500e-02
2.463412284851074219e-02
1.247143745422363281e-02
1.804804801940917969e-02
2.267241477966308594e-02
2.354812622070312500e-02
2.716016769409179688e-02
3.112578392028808594e-02
1.529526710510253906e-02
3.774929046630859375e-02
3.119373321533203125e-02
2.389335632324218750e-02
1.742148399353027344e-02
1.267957687377929688e-02
2.233314514160156250e-02
2.274394035339355469e-02
2.163219451904296875e-02
1.435542106628417969e-02
1.408100128173828125e-02
1.943135261535644531e-02
2.411150932312011719e-02
2.461671829223632812e-02
1.271605491638183594e-02
1.794052124023437500e-02
2.017831802368164062e-02
2.256345748901367188e-02
2.657699584960937500e-02
2.659559249877929688e-02
1.746058464050292969e-02
1.504921913146972656e-02
2.413940429687500000e-02
2.316427230834960938e-02
2.562904357910156250e-02
1.630592346191406250e-02
4.043817520141601562e-02
3.614401817321777344e-02
2.447819709777832031e-02
1.247382164001464844e-02
1.935744285583496094e-02
2.896094322204589844e-02
3.143787384033203125e-02
2.666449546813964844e-02
1.751661300659179688e-02
1.267910003662109375e-02
2.583956718444824219e-02
2.940893173217773438e-02
3.337812423706054688e-02
2.519011497497558594e-02
1.257824897766113281e-02
2.003169059753417969e-02
1.982045173645019531e-02
1.737332344055175781e-02
2.226781845092773438e-02
2.471113204956054688e-02
2.192974090576171875e-02
1.580190658569335938e-02
1.941919326782226562e-02
2.158212661743164062e-02
9.335517883300781250e-03
3.903603553771972656e-02
3.310179710388183594e-02
2.698659896850585938e-02
2.418255805969238281e-02
1.973295211791992188e-02
1.507329940795898438e-02
2.247881889343261719e-02
2.484011650085449219e-02
2.182817459106445312e-02
2.188897132873535156e-02
1.268696784973144531e-02
1.725625991821289062e-02
2.175164222717285156e-02
1.428651809692382812e-02
1.241874694824218750e-02
1.911020278930664062e-02
2.667617797851562500e-02
2.473998069763183594e-02
1.955628395080566406e-02
2.210617065429687500e-02
1.342225074768066406e-02
1.824069023132324219e-02
2.272486686706542969e-02
2.677345275878906250e-02
1.580810546875000000e-02
3.896498680114746094e-02
3.064870834350585938e-02
2.652645111083984375e-02
2.185583114624023438e-02
1.269364356994628906e-02
2.041697502136230469e-02
2.578973770141601562e-02
2.203655242919921875e-02
1.742410659790039062e-02
1.238203048706054688e-02
2.072691917419433594e-02
2.030324935913085938e-02
1.242828369140625000e-02
1.871538162231445312e-02
2.476477622985839844e-02
2.983093261718750000e-02
2.679872512817382812e-02
1.969361305236816406e-02
1.269268989562988281e-02
1.822781562805175781e-02
2.281165122985839844e-02
2.858924865722656250e-02
2.627587318420410156e-02
2.288174629211425781e-02
1.910233497619628906e-02
3.712463378906250000e-02
2.196860313415527344e-02
1.240658760070800781e-02
2.331113815307617188e-02
2.025961875915527344e-02
1.262283325195312500e-02
1.544642448425292969e-02
1.764583587646484375e-02
2.207589149475097656e-02
2.116370201110839844e-02
2.202892303466796875e-02
2.482080459594726562e-02
2.416229248046875000e-02
1.739811897277832031e-02
1.745343208312988281e-02
2.831172943115234375e-02
3.096890449523925781e-02
2.421832084655761719e-02
1.268362998962402344e-02
1.741671562194824219e-02
2.326488494873046875e-02
1.690411567687988281e-02
1.248335838317871094e-02
2.010273933410644531e-02
1.367688179016113281e-02
3.982686996459960938e-02
3.122591972351074219e-02
2.392387390136718750e-02
2.405643463134765625e-02
2.203273773193359375e-02
1.502203941345214844e-02
2.016377449035644531e-02
2.600955963134765625e-02
2.192664146423339844e-02
2.187848091125488281e-02
1.272273063659667969e-02
1.736688613891601562e-02
2.181410789489746094e-02
1.436471939086914062e-02
1.248669624328613281e-02
2.015089988708496094e-02
2.180171012878417969e-02
1.752424240112304688e-02
1.788735389709472656e-02
2.182269096374511719e-02
2.473187446594238281e-02
2.430462837219238281e-02
1.742172241210937500e-02
2.199435234069824219e-02
1.078200340270996094e-02
3.812313079833984375e-02
3.109812736511230469e-02
2.445697784423828125e-02
2.231168746948242188e-02
2.240014076232910156e-02
2.179265022277832031e-02
1.972723007202148438e-02
1.270484924316406250e-02
2.228045463562011719e-02
2.717995643615722656e-02
1.261544227600097656e-02
1.807832717895507812e-02
2.160501480102539062e-02
1.264429092407226562e-02
1.358652114868164062e-02
2.218580245971679688e-02
2.019667625427246094e-02
2.155041694641113281e-02
2.201962471008300781e-02
2.241683006286621094e-02
2.437710762023925781e-02
2.700257301330566406e-02
2.444577217102050781e-02
2.244353294372558594e-02
1.914119720458984375e-02
3.964757919311523438e-02
3.551435470581054688e-02
3.143572807312011719e-02
2.652525901794433594e-02
2.208781242370605469e-02
1.267790794372558594e-02
2.495217323303222656e-02
2.677106857299804688e-02
2.506494522094726562e-02
3.097438812255859375e-02
2.418327331542968750e-02
1.271080970764160156e-02
1.722574234008789062e-02
2.173542976379394531e-02
1.425004005432128906e-02
1.413989067077636719e-02
2.231717109680175781e-02
2.039337158203125000e-02
2.159547805786132812e-02
2.146649360656738281e-02
2.249717712402343750e-02
2.658057212829589844e-02
2.440452575683593750e-02
2.355623245239257812e-02
1.540398597717285156e-02
3.933405876159667969e-02
3.514838218688964844e-02
2.866101264953613281e-02
1.744723320007324219e-02
1.243185997009277344e-02
2.682614326477050781e-02
2.635908126831054688e-02
1.663064956665039062e-02
1.246500015258789062e-02
2.427697181701660156e-02
3.155779838562011719e-02
2.645802497863769531e-02
2.179765701293945312e-02
2.238321304321289062e-02
2.459239959716796875e-02
2.390241622924804688e-02
1.747512817382812500e-02
1.242065429687500000e-02
2.438426017761230469e-02
2.443981170654296875e-02
1.261544227600097656e-02
1.242446899414062500e-02
1.226234436035156250e-02
1.790881156921386719e-02
1.272034645080566406e-02
4.131746292114257812e-02
3.490185737609863281e-02
1.513743400573730469e-02
1.237344741821289062e-02
2.683639526367187500e-02
3.258895874023437500e-02
3.293371200561523438e-02
2.847743034362792969e-02
2.168369293212890625e-02
2.185320854187011719e-02
2.172374725341796875e-02
2.193403244018554688e-02
2.204036712646484375e-02
2.389502525329589844e-02
2.159452438354492188e-02
2.174139022827148438e-02
2.186560630798339844e-02
2.646851539611816406e-02
1.759696006774902344e-02
1.257872581481933594e-02
2.604818344116210938e-02
2.916026115417480469e-02
2.651524543762207031e-02
1.750349998474121094e-02
2.187943458557128906e-02
3.920531272888183594e-02
2.194738388061523438e-02
1.243782043457031250e-02
2.765798568725585938e-02
2.898979187011718750e-02
3.344631195068359375e-02
2.800321578979492188e-02
2.916502952575683594e-02
1.240825653076171875e-02
1.558828353881835938e-02
2.052807807922363281e-02
2.270126342773437500e-02
2.252268791198730469e-02
2.211904525756835938e-02
2.243900299072265625e-02
2.218389511108398438e-02
2.264857292175292969e-02
2.178311347961425781e-02
2.194881439208984375e-02
2.199745178222656250e-02
2.239704132080078125e-02
2.221989631652832031e-02
2.227044105529785156e-02
2.243280410766601562e-02
2.075409889221191406e-02
4.410314559936523438e-02
3.586292266845703125e-02
3.041720390319824219e-02
2.201509475708007812e-02
1.259493827819824219e-02
1.702761650085449219e-02
3.752231597900390625e-02
2.836990356445312500e-02
2.384781837463378906e-02
1.498079299926757812e-02
1.271748542785644531e-02
2.697372436523437500e-02
2.487611770629882812e-02
2.024173736572265625e-02
1.743721961975097656e-02
1.740837097167968750e-02
2.431702613830566406e-02
2.160787582397460938e-02
2.178645133972167969e-02
2.206063270568847656e-02
2.217650413513183594e-02
2.160835266113281250e-02
2.156805992126464844e-02
2.800822257995605469e-02
1.315140724182128906e-02
3.986072540283203125e-02
3.262925148010253906e-02
1.503205299377441406e-02
1.238346099853515625e-02
2.728748321533203125e-02
3.256011009216308594e-02
2.833628654479980469e-02
2.323961257934570312e-02
2.169990539550781250e-02
2.177166938781738281e-02
2.166724205017089844e-02
2.187371253967285156e-02
2.203130722045898438e-02
2.151989936828613281e-02
2.199697494506835938e-02
2.218031883239746094e-02
2.228379249572753906e-02
2.145075798034667969e-02
2.183389663696289062e-02
2.195715904235839844e-02
2.188467979431152344e-02
2.154874801635742188e-02
2.214503288269042969e-02
2.148532867431640625e-02
1.781940460205078125e-02
3.905749320983886719e-02
2.200007438659667969e-02
1.238751411437988281e-02
2.775073051452636719e-02
2.912092208862304688e-02
3.326153755187988281e-02
2.853894233703613281e-02
2.194690704345703125e-02
1.242923736572265625e-02
1.808118820190429688e-02
2.283239364624023438e-02
2.357268333435058594e-02
2.268195152282714844e-02
1.724863052368164062e-02
2.149009704589843750e-02
1.248860359191894531e-02
2.331662178039550781e-02
1.242160797119140625e-02
1.579165458679199219e-02
2.260136604309082031e-02
1.505279541015625000e-02
1.245236396789550781e-02
1.845288276672363281e-02
2.265858650207519531e-02
1.311588287353515625e-02
3.980779647827148438e-02
3.566598892211914062e-02
3.111553192138671875e-02
2.182698249816894531e-02
1.498460769653320312e-02
1.785898208618164062e-02
2.358436584472656250e-02
2.167510986328125000e-02
2.178907394409179688e-02
2.177286148071289062e-02
2.183985710144042969e-02
2.177882194519042969e-02
2.186012268066406250e-02
2.213931083679199219e-02
2.225208282470703125e-02
2.221775054931640625e-02
2.150177955627441406e-02
2.195429801940917969e-02
2.176380157470703125e-02
2.216291427612304688e-02
2.197313308715820312e-02
2.168846130371093750e-02
2.193713188171386719e-02
2.213954925537109375e-02
2.208209037780761719e-02
4.143214225769042969e-02
3.952121734619140625e-02
3.310155868530273438e-02
2.197432518005371094e-02
1.244664192199707031e-02
1.926994323730468750e-02
2.768421173095703125e-02
2.409219741821289062e-02
2.401781082153320312e-02
2.311944961547851562e-02
2.226948738098144531e-02
2.218103408813476562e-02
2.194261550903320312e-02
2.217984199523925781e-02
2.300953865051269531e-02
2.246570587158203125e-02
2.214789390563964844e-02
2.018761634826660156e-02
1.726102828979492188e-02
2.027177810668945312e-02
2.282977104187011719e-02
2.254867553710937500e-02
2.217125892639160156e-02
2.152824401855468750e-02
2.472019195556640625e-02
4.152202606201171875e-02
3.160023689270019531e-02
3.889679908752441406e-02
3.379631042480468750e-02
2.659797668457031250e-02
2.318286895751953125e-02
2.249765396118164062e-02
2.204442024230957031e-02
2.135276794433593750e-02
2.004313468933105469e-02
1.968288421630859375e-02
1.983046531677246094e-02
1.747369766235351562e-02
1.765441894531250000e-02
1.756048202514648438e-02
1.752161979675292969e-02
1.748180389404296875e-02
1.749491691589355469e-02
1.755213737487792969e-02
1.757740974426269531e-02
1.752233505249023438e-02
1.759815216064453125e-02
1.969003677368164062e-02
2.288389205932617188e-02
9.341001510620117188e-03
4.147815704345703125e-02
3.552031517028808594e-02
3.077435493469238281e-02
1.950764656066894531e-02
1.327896118164062500e-02
1.771211624145507812e-02
2.024030685424804688e-02
2.301764488220214844e-02
2.249407768249511719e-02
2.171945571899414062e-02
2.228593826293945312e-02
2.194237709045410156e-02
2.215623855590820312e-02
2.250528335571289062e-02
2.243256568908691406e-02
2.236795425415039062e-02
2.314257621765136719e-02
2.246212959289550781e-02
2.233743667602539062e-02
2.227234840393066406e-02
2.273058891296386719e-02
2.244329452514648438e-02
2.182126045227050781e-02
2.159428596496582031e-02
2.481102943420410156e-02
4.005289077758789062e-02
2.643680572509765625e-02
1.248264312744140625e-02
2.278423309326171875e-02
3.042769432067871094e-02
3.135085105895996094e-02
3.731870651245117188e-02
3.382754325866699219e-02
2.843832969665527344e-02
1.988172531127929688e-02
1.255035400390625000e-02
2.023220062255859375e-02
2.299690246582031250e-02
2.627253532409667969e-02
2.664399147033691406e-02
1.265001296997070312e-02
1.802206039428710938e-02
2.036976814270019531e-02
2.279281616210937500e-02
2.243185043334960938e-02
2.243661880493164062e-02
2.207279205322265625e-02
2.160453796386718750e-02
2.209734916687011719e-02
1.924180984497070312e-02
4.369473457336425781e-02
4.031324386596679688e-02
2.864313125610351562e-02
1.748418807983398438e-02
1.251888275146484375e-02
2.260112762451171875e-02
2.905964851379394531e-02
2.249050140380859375e-02
1.752948760986328125e-02
1.248168945312500000e-02
2.301907539367675781e-02
2.680873870849609375e-02
2.201724052429199219e-02
1.748132705688476562e-02
1.265239715576171875e-02
2.782273292541503906e-02
2.482724189758300781e-02
2.196693420410156250e-02
1.972484588623046875e-02
1.502370834350585938e-02
2.234554290771484375e-02
2.257347106933593750e-02
2.169585227966308594e-02
2.761721611022949219e-02
1.483869552612304688e-02
3.971934318542480469e-02
3.046441078186035156e-02
1.739096641540527344e-02
1.241374015808105469e-02
2.358746528625488281e-02
2.841186523437500000e-02
2.182960510253906250e-02
2.223300933837890625e-02
2.230095863342285156e-02
2.236437797546386719e-02
2.217078208923339844e-02
2.202177047729492188e-02
2.232336997985839844e-02
2.395749092102050781e-02
2.163362503051757812e-02
2.236270904541015625e-02
2.238893508911132812e-02
2.153515815734863281e-02
2.213263511657714844e-02
2.036714553833007812e-02
2.168679237365722656e-02
2.838039398193359375e-02
2.353000640869140625e-02
2.226758003234863281e-02
1.513457298278808594e-02
4.390931129455566406e-02
3.569483757019042969e-02
3.095030784606933594e-02
2.637529373168945312e-02
1.475048065185546875e-02
1.778793334960937500e-02
2.022600173950195312e-02
2.157783508300781250e-02
2.174282073974609375e-02
2.177619934082031250e-02
2.182769775390625000e-02
2.187418937683105469e-02
2.177524566650390625e-02
2.174663543701171875e-02
2.222871780395507812e-02
2.180647850036621094e-02
2.191400527954101562e-02
2.163791656494140625e-02
2.186560630798339844e-02
2.160191535949707031e-02
2.177476882934570312e-02
2.207231521606445312e-02
2.177906036376953125e-02
2.196192741394042969e-02
1.949787139892578125e-02
4.124188423156738281e-02
3.970956802368164062e-02
3.299093246459960938e-02
2.189445495605468750e-02
1.236915588378906250e-02
2.112269401550292969e-02
2.742719650268554688e-02
3.342342376708984375e-02
2.936053276062011719e-02
2.431964874267578125e-02
1.241445541381835938e-02
1.584720611572265625e-02
2.227091789245605469e-02
1.751184463500976562e-02
1.245427131652832031e-02
2.038931846618652344e-02
1.747894287109375000e-02
1.241922378540039062e-02
2.043390274047851562e-02
1.743125915527343750e-02
1.240324974060058594e-02
1.808977127075195312e-02
2.036070823669433594e-02
2.328324317932128906e-02
1.744627952575683594e-02
4.123973846435546875e-02
3.576421737670898438e-02
3.074336051940917969e-02
1.951670646667480469e-02
1.241326332092285156e-02
1.248764991760253906e-02
2.046751976013183594e-02
2.177572250366210938e-02
1.423215866088867188e-02
1.318049430847167969e-02
2.279734611511230469e-02
2.269840240478515625e-02
2.207040786743164062e-02
2.000355720520019531e-02
2.208304405212402344e-02
1.757025718688964844e-02
1.249885559082031250e-02
2.074527740478515625e-02
2.048087120056152344e-02
1.248884201049804688e-02
1.765108108520507812e-02
2.653837203979492188e-02
2.392673492431640625e-02
2.366042137145996094e-02
1.904010772705078125e-02
3.926062583923339844e-02
3.563094139099121094e-02
3.299403190612792969e-02
2.418351173400878906e-02
1.267981529235839844e-02
1.919317245483398438e-02
2.548408508300781250e-02
3.092432022094726562e-02
2.480602264404296875e-02
1.246571540832519531e-02
1.686692237854003906e-02
3.069663047790527344e-02
3.439092636108398438e-02
3.572177886962890625e-02
2.846312522888183594e-02
1.272344589233398438e-02
1.583886146545410156e-02
2.670478820800781250e-02
3.308010101318359375e-02
3.516602516174316406e-02
3.038072586059570312e-02
2.578449249267578125e-02
2.741289138793945312e-02
1.273107528686523438e-02
1.255059242248535156e-02
4.051470756530761719e-02
3.571271896362304688e-02
2.437782287597656250e-02
1.240587234497070312e-02
1.933670043945312500e-02
2.908587455749511719e-02
2.908730506896972656e-02
2.655172348022460938e-02
1.744842529296875000e-02
1.267027854919433594e-02
2.810239791870117188e-02
2.661991119384765625e-02
3.316760063171386719e-02
1.970672607421875000e-02
1.241731643676757812e-02
1.281976699829101562e-02
1.517248153686523438e-02
2.440929412841796875e-02
2.484703063964843750e-02
2.017760276794433594e-02
1.499485969543457031e-02
1.808023452758789062e-02
2.043604850769042969e-02
1.987552642822265625e-02
9.288549423217773438e-03
4.529237747192382812e-02
4.060053825378417969e-02
3.562211990356445312e-02
3.136968612670898438e-02
2.700281143188476562e-02
2.235960960388183594e-02
2.236604690551757812e-02
2.198696136474609375e-02
2.243852615356445312e-02
2.249312400817871094e-02
2.247500419616699219e-02
2.244305610656738281e-02
2.238130569458007812e-02
2.251958847045898438e-02
2.221488952636718750e-02
2.241492271423339844e-02
2.229309082031250000e-02
2.240872383117675781e-02
2.237772941589355469e-02
2.202725410461425781e-02
2.261590957641601562e-02
2.196526527404785156e-02
2.184033393859863281e-02
2.196836471557617188e-02
1.883697509765625000e-02
4.277849197387695312e-02
3.501296043395996094e-02
3.078770637512207031e-02
2.637577056884765625e-02
2.180671691894531250e-02
2.267932891845703125e-02
2.167367935180664062e-02
2.193784713745117188e-02
2.213644981384277344e-02
2.282190322875976562e-02
2.205348014831542969e-02
2.167510986328125000e-02
2.028179168701171875e-02
1.968717575073242188e-02
2.201795578002929688e-02
2.194094657897949219e-02
2.216196060180664062e-02
2.160501480102539062e-02
2.174425125122070312e-02
2.169489860534667969e-02
2.188181877136230469e-02
2.213954925537109375e-02
2.196145057678222656e-02
2.044200897216796875e-02
2.129650115966796875e-02
4.441642761230468750e-02
4.056191444396972656e-02
3.128981590270996094e-02
2.683281898498535156e-02
2.254104614257812500e-02
2.236413955688476562e-02
2.226138114929199219e-02
2.226710319519042969e-02
2.233672142028808594e-02
2.250075340270996094e-02
2.199029922485351562e-02
2.181386947631835938e-02
2.149581909179687500e-02
2.240443229675292969e-02
2.240204811096191406e-02
2.249288558959960938e-02
2.209448814392089844e-02
2.244830131530761719e-02
2.197909355163574219e-02
2.261519432067871094e-02
2.242636680603027344e-02
2.247834205627441406e-02
2.199792861938476562e-02
2.237057685852050781e-02
2.283549308776855469e-02
4.064369201660156250e-02
2.846956253051757812e-02
1.244449615478515625e-02
1.695394515991210938e-02
2.950501441955566406e-02
3.707289695739746094e-02
3.546881675720214844e-02
3.317785263061523438e-02
2.622342109680175781e-02
2.456855773925781250e-02
2.188134193420410156e-02
2.175378799438476562e-02
2.029490470886230469e-02
1.979494094848632812e-02
1.962804794311523438e-02
2.427506446838378906e-02
2.181267738342285156e-02
2.203941345214843750e-02
2.392363548278808594e-02
2.175498008728027344e-02
2.164673805236816406e-02
2.186203002929687500e-02
2.173924446105957031e-02
2.154588699340820312e-02
1.980590820312500000e-02
4.327607154846191406e-02
3.929781913757324219e-02
3.298115730285644531e-02
2.690124511718750000e-02
2.182602882385253906e-02
2.152037620544433594e-02
2.017283439636230469e-02
1.956772804260253906e-02
1.973605155944824219e-02
2.208828926086425781e-02
