7.463816404342651367e+00
2.858889102935791016e-01
2.819428443908691406e-01
2.814676761627197266e-01
2.690956592559814453e-01
2.293460369110107422e-01
2.288169860839843750e-01
2.098538875579833984e-01
2.016024589538574219e-01
2.456388473510742188e-01
2.694225311279296875e-01
2.716095447540283203e-01
2.776155471801757812e-01
2.736365795135498047e-01
2.747352123260498047e-01
2.623312473297119141e-01
2.568025588989257812e-01
2.607400417327880859e-01
2.574963569641113281e-01
2.642128467559814453e-01
2.519810199737548828e-01
2.631862163543701172e-01
2.597987651824951172e-01
2.276630401611328125e-01
6.887841224670410156e-02
2.990412712097167969e-01
2.856123447418212891e-01
2.852885723114013672e-01
2.644515037536621094e-01
2.627356052398681641e-01
2.156500816345214844e-01
2.067058086395263672e-01
2.170028686523437500e-01
2.345616817474365234e-01
2.526159286499023438e-01
2.733168601989746094e-01
2.748548984527587891e-01
2.617661952972412109e-01
2.799909114837646484e-01
2.768416404724121094e-01
2.757382392883300781e-01
2.660720348358154297e-01
2.516167163848876953e-01
2.438838481903076172e-01
2.224576473236083984e-01
2.201228141784667969e-01
2.035665512084960938e-01
2.576792240142822266e-01
2.774639129638671875e-01
1.751351356506347656e-02
3.023357391357421875e-01
2.868347167968750000e-01
2.767975330352783203e-01
2.859489917755126953e-01
2.818419933319091797e-01
2.836365699768066406e-01
2.730543613433837891e-01
2.783977985382080078e-01
2.828240394592285156e-01
2.125411033630371094e-01
2.257268428802490234e-01
2.298159599304199219e-01
2.443180084228515625e-01
2.439229488372802734e-01
2.525188922882080078e-01
2.560036182403564453e-01
2.768590450286865234e-01
2.608675956726074219e-01
2.781653404235839844e-01
2.658219337463378906e-01
2.546448707580566406e-01
2.638254165649414062e-01
2.585973739624023438e-01
2.628662586212158203e-01
5.541157722473144531e-02
3.024656772613525391e-01
2.930920124053955078e-01
2.839238643646240234e-01
2.796702384948730469e-01
2.673296928405761719e-01
2.096235752105712891e-01
1.937434673309326172e-01
2.071857452392578125e-01
2.642810344696044922e-01
2.659809589385986328e-01
2.758157253265380859e-01
2.745115756988525391e-01
2.316901683807373047e-01
2.090115547180175781e-01
2.132475376129150391e-01
2.499022483825683594e-01
2.396733760833740234e-01
2.645227909088134766e-01
2.588689327239990234e-01
2.726531028747558594e-01
2.739162445068359375e-01
2.722494602203369141e-01
2.618329524993896484e-01
2.260327339172363281e-01
4.743194580078125000e-02
3.022892475128173828e-01
2.828390598297119141e-01
2.720282077789306641e-01
2.688138484954833984e-01
2.586405277252197266e-01
2.413702011108398438e-01
2.142469882965087891e-01
2.244753837585449219e-01
2.503619194030761719e-01
2.637679576873779297e-01
2.679731845855712891e-01
2.619557380676269531e-01
2.693958282470703125e-01
2.581019401550292969e-01
2.720665931701660156e-01
2.598402500152587891e-01
2.627675533294677734e-01
2.619125843048095703e-01
2.624168395996093750e-01
2.417325973510742188e-01
7.282233238220214844e-02
2.084219455718994141e-01
2.183017730712890625e-01
2.316837310791015625e-01
6.014680862426757812e-02
3.026297092437744141e-01
2.925150394439697266e-01
2.750842571258544922e-01
2.835614681243896484e-01
2.371189594268798828e-01
2.006766796112060547e-01
2.294769287109375000e-01
2.567191123962402344e-01
2.536876201629638672e-01
2.600426673889160156e-01
2.799315452575683594e-01
2.645993232727050781e-01
2.644226551055908203e-01
2.666442394256591797e-01
2.672929763793945312e-01
2.669057846069335938e-01
2.699761390686035156e-01
2.688264846801757812e-01
2.692897319793701172e-01
2.535011768341064453e-01
2.673230171203613281e-01
2.560992240905761719e-01
2.514858245849609375e-01
2.241311073303222656e-01
6.045913696289062500e-02
3.025271892547607422e-01
2.870159149169921875e-01
2.766547203063964844e-01
2.685956954956054688e-01
2.574756145477294922e-01
2.082734107971191406e-01
1.742203235626220703e-01
2.429146766662597656e-01
2.770464420318603516e-01
2.814097404479980469e-01
2.757914066314697266e-01
2.798180580139160156e-01
2.746176719665527344e-01
2.838981151580810547e-01
2.697870731353759766e-01
2.821986675262451172e-01
2.667262554168701172e-01
2.554025650024414062e-01
2.596743106842041016e-01
2.637782096862792969e-01
2.405414581298828125e-01
2.525250911712646484e-01
2.422993183135986328e-01
2.455420494079589844e-01
6.766462326049804688e-02
3.022611141204833984e-01
2.880494594573974609e-01
2.696158885955810547e-01
2.627828121185302734e-01
2.244570255279541016e-01
1.206629276275634766e-01
2.599849700927734375e-01
2.771961688995361328e-01
2.842800617218017578e-01
2.780969142913818359e-01
2.400844097137451172e-01
1.913840770721435547e-01
2.178730964660644531e-01
2.477099895477294922e-01
2.557594776153564453e-01
2.744612693786621094e-01
2.755386829376220703e-01
2.660720348358154297e-01
2.594113349914550781e-01
2.661297321319580078e-01
2.594623565673828125e-01
2.650177478790283203e-01
2.630734443664550781e-01
2.205443382263183594e-01
4.147219657897949219e-02
3.197093009948730469e-01
3.093962669372558594e-01
3.003919124603271484e-01
3.002662658691406250e-01
2.719066143035888672e-01
2.277510166168212891e-01
2.237823009490966797e-01
2.446870803833007812e-01
2.683119773864746094e-01
2.795317173004150391e-01
2.879805564880371094e-01
2.886416912078857422e-01
2.757549285888671875e-01
2.887816429138183594e-01
2.973477840423583984e-01
2.974214553833007812e-01
2.950224876403808594e-01
2.929546833038330078e-01
2.853665351867675781e-01
2.838492393493652344e-01
2.672045230865478516e-01
2.784938812255859375e-01
2.737147808074951172e-01
2.849061489105224609e-01
6.732439994812011719e-02
3.254933357238769531e-01
3.090882301330566406e-01
3.066694736480712891e-01
2.936170101165771484e-01
2.936265468597412109e-01
2.908236980438232422e-01
3.074271678924560547e-01
3.110179901123046875e-01
3.015615940093994141e-01
2.903175354003906250e-01
2.857730388641357422e-01
2.965650558471679688e-01
3.010914325714111328e-01
2.634115219116210938e-01
2.753717899322509766e-01
2.846479415893554688e-01
2.936007976531982422e-01
2.900698184967041016e-01
2.475726604461669922e-01
2.390570640563964844e-01
2.222163677215576172e-01
2.175076007843017578e-01
2.932870388031005859e-01
2.163102626800537109e-01
2.236437797546386719e-02
3.114509582519531250e-01
3.029184341430664062e-01
2.918746471405029297e-01
2.961163520812988281e-01
2.927103042602539062e-01
2.687847614288330078e-01
2.750618457794189453e-01
2.374036312103271484e-01
2.162551879882812500e-01
2.105381488800048828e-01
2.686147689819335938e-01
2.826452255249023438e-01
2.833642959594726562e-01
2.918422222137451172e-01
2.831523418426513672e-01
2.921636104583740234e-01
2.891671657562255859e-01
2.838077545166015625e-01
2.834649085998535156e-01
2.829346656799316406e-01
3.091065883636474609e-01
2.836668491363525391e-01
2.880997657775878906e-01
2.430860996246337891e-01
5.088639259338378906e-02
3.150911331176757812e-01
3.040046691894531250e-01
2.899279594421386719e-01
2.939131259918212891e-01
2.832648754119873047e-01
2.196319103240966797e-01
2.245540618896484375e-01
2.239286899566650391e-01
2.529678344726562500e-01
2.748429775238037109e-01
2.794661521911621094e-01
2.910766601562500000e-01
2.884144783020019531e-01
2.847604751586914062e-01
2.839870452880859375e-01
2.843549251556396484e-01
2.629680633544921875e-01
2.894411087036132812e-01
2.808339595794677734e-01
2.856993675231933594e-01
2.849671840667724609e-01
2.811467647552490234e-01
2.851834297180175781e-01
2.429788112640380859e-01
5.046129226684570312e-02
3.142075538635253906e-01
2.782223224639892578e-01
2.310655117034912109e-01
2.442631721496582031e-01
2.728564739227294922e-01
2.803375720977783203e-01
2.942495346069335938e-01
2.673320770263671875e-01
2.753627300262451172e-01
2.837402820587158203e-01
2.863345146179199219e-01
2.964739799499511719e-01
2.990548610687255859e-01
2.946052551269531250e-01
2.747249603271484375e-01
2.861580848693847656e-01
2.836587429046630859e-01
2.841460704803466797e-01
2.700443267822265625e-01
2.717816829681396484e-01
2.648837566375732422e-01
2.657053470611572266e-01
2.864902019500732422e-01
2.775511741638183594e-01
6.891632080078125000e-02
3.148980140686035156e-01
3.020436763763427734e-01
2.798974514007568359e-01
2.896196842193603516e-01
2.593483924865722656e-01
2.390172481536865234e-01
2.091333866119384766e-01
1.947443485260009766e-01
2.665505409240722656e-01
2.965202331542968750e-01
2.848792076110839844e-01
2.791478633880615234e-01
2.789616584777832031e-01
2.839696407318115234e-01
2.824072837829589844e-01
2.811579704284667969e-01
2.839765548706054688e-01
2.843489646911621094e-01
2.802946567535400391e-01
2.818999290466308594e-01
2.807590961456298828e-01
2.528252601623535156e-01
2.420732975006103516e-01
2.603242397308349609e-01
7.442998886108398438e-02
3.135006427764892578e-01
2.982387542724609375e-01
2.881917953491210938e-01
2.929184436798095703e-01
2.828860282897949219e-01
2.688689231872558594e-01
2.316014766693115234e-01
2.131297588348388672e-01
1.933550834655761719e-01
2.732141017913818359e-01
2.655735015869140625e-01
3.014376163482666016e-01
2.913405895233154297e-01
2.914350032806396484e-01
2.901732921600341797e-01
2.935698032379150391e-01
2.944760322570800781e-01
2.914698123931884766e-01
2.944929599761962891e-01
2.792954444885253906e-01
2.855417728424072266e-01
2.885179519653320312e-01
2.902448177337646484e-01
2.639195919036865234e-01
5.401468276977539062e-02
3.303625583648681641e-01
3.129289150238037109e-01
2.983050346374511719e-01
2.928590774536132812e-01
2.735857963562011719e-01
2.524933815002441406e-01
2.255289554595947266e-01
2.505595684051513672e-01
2.438318729400634766e-01
2.591023445129394531e-01
2.695465087890625000e-01
2.754244804382324219e-01
2.844161987304687500e-01
3.095419406890869141e-01
2.892637252807617188e-01
2.782671451568603516e-01
2.884190082550048828e-01
2.787206172943115234e-01
2.849731445312500000e-01
2.756016254425048828e-01
2.857325077056884766e-01
2.845280170440673828e-01
3.005728721618652344e-01
2.508990764617919922e-01
6.076002120971679688e-02
3.203842639923095703e-01
2.997617721557617188e-01
2.820596694946289062e-01
2.939009666442871094e-01
2.618105411529541016e-01
2.251417636871337891e-01
2.324337959289550781e-01
2.341175079345703125e-01
2.587301731109619141e-01
2.692897319793701172e-01
2.706379890441894531e-01
2.594668865203857422e-01
2.733569145202636719e-01
2.770743370056152344e-01
2.968499660491943359e-01
2.922682762145996094e-01
2.888524532318115234e-01
2.659530639648437500e-01
2.889535427093505859e-01
2.571361064910888672e-01
2.609510421752929688e-01
2.376024723052978516e-01
2.568373680114746094e-01
2.505252361297607422e-01
6.982398033142089844e-02
3.104133605957031250e-01
3.022134304046630859e-01
2.995474338531494141e-01
2.863287925720214844e-01
2.705092430114746094e-01
2.671449184417724609e-01
2.267167568206787109e-01
2.258183956146240234e-01
2.335784435272216797e-01
2.705271244049072266e-01
2.774560451507568359e-01
2.826998233795166016e-01
2.934136390686035156e-01
2.952010631561279297e-01
2.916548252105712891e-01
2.911713123321533203e-01
2.883265018463134766e-01
2.936356067657470703e-01
2.995417118072509766e-01
2.904319763183593750e-01
2.669143676757812500e-01
2.896099090576171875e-01
2.792007923126220703e-01
2.503418922424316406e-01
6.942725181579589844e-02
3.145279884338378906e-01
2.875955104827880859e-01
2.870540618896484375e-01
2.692472934722900391e-01
2.672412395477294922e-01
2.494258880615234375e-01
2.452971935272216797e-01
2.485511302947998047e-01
2.543015480041503906e-01
2.681689262390136719e-01
2.742767333984375000e-01
2.721531391143798828e-01
2.745997905731201172e-01
2.792062759399414062e-01
2.744352817535400391e-01
2.802727222442626953e-01
2.900791168212890625e-01
2.853584289550781250e-01
2.936794757843017578e-01
2.855916023254394531e-01
2.789988517761230469e-01
2.795507907867431641e-01
2.675817012786865234e-01
2.528202533721923828e-01
6.149148941040039062e-02
3.265564441680908203e-01
3.038980960845947266e-01
2.918362617492675781e-01
3.015944957733154297e-01
2.596976757049560547e-01
1.946811676025390625e-01
2.637400627136230469e-01
2.727825641632080078e-01
2.756705284118652344e-01
2.721393108367919922e-01
2.886133193969726562e-01
2.867488861083984375e-01
2.862436771392822266e-01
2.943139076232910156e-01
3.048095703125000000e-01
3.075084686279296875e-01
2.969191074371337891e-01
2.940654754638671875e-01
3.014159202575683594e-01
2.878704071044921875e-01
2.960648536682128906e-01
2.970702648162841797e-01
2.931380271911621094e-01
1.756668090820312500e-01
6.627702713012695312e-02
3.079092502593994141e-01
2.982974052429199219e-01
2.985155582427978516e-01
2.978253364562988281e-01
3.010396957397460938e-01
2.880058288574218750e-01
2.698404788970947266e-01
2.421052455902099609e-01
1.981446743011474609e-01
2.132005691528320312e-01
2.618110179901123047e-01
2.854824066162109375e-01
2.978804111480712891e-01
2.985482215881347656e-01
2.959074974060058594e-01
2.900662422180175781e-01
2.731959819793701172e-01
2.778890132904052734e-01
2.597086429595947266e-01
2.512679100036621094e-01
2.105057239532470703e-01
2.259688377380371094e-01
2.836086750030517578e-01
2.997810840606689453e-01
7.932829856872558594e-02
3.222274780273437500e-01
3.060972690582275391e-01
3.097913265228271484e-01
2.981672286987304688e-01
2.991571426391601562e-01
2.982380390167236328e-01
2.769832611083984375e-01
2.931494712829589844e-01
2.728989124298095703e-01
2.961485385894775391e-01
2.891659736633300781e-01
2.880637645721435547e-01
3.062708377838134766e-01
3.001811504364013672e-01
2.489469051361083984e-01
2.326769828796386719e-01
2.147600650787353516e-01
2.468402385711669922e-01
2.644777297973632812e-01
2.765927314758300781e-01
2.830617427825927734e-01
2.878870964050292969e-01
3.045592308044433594e-01
2.068574428558349609e-01
2.295804023742675781e-02
3.129394054412841797e-01
2.951653003692626953e-01
2.923109531402587891e-01
2.877528667449951172e-01
2.883303165435791016e-01
2.761311531066894531e-01
2.610843181610107422e-01
1.996114253997802734e-01
2.200613021850585938e-01
2.469899654388427734e-01
2.715222835540771484e-01
2.819302082061767578e-01
2.848842144012451172e-01
2.860920429229736328e-01
2.733824253082275391e-01
2.854909896850585938e-01
2.731027603149414062e-01
2.744581699371337891e-01
2.772488594055175781e-01
2.701137065887451172e-01
2.865793704986572266e-01
2.715952396392822266e-01
2.640607357025146484e-01
2.752857208251953125e-01
5.971980094909667969e-02
3.199687004089355469e-01
2.996799945831298828e-01
2.944309711456298828e-01
2.860536575317382812e-01
2.675015926361083984e-01
2.113659381866455078e-01
2.120196819305419922e-01
2.273287773132324219e-01
2.452270984649658203e-01
2.673408985137939453e-01
2.803006172180175781e-01
2.762196063995361328e-01
2.865986824035644531e-01
2.797117233276367188e-01
2.782254219055175781e-01
2.732937335968017578e-01
2.731769084930419922e-01
2.714133262634277344e-01
2.677142620086669922e-01
2.804892063140869141e-01
2.607791423797607422e-01
2.704195976257324219e-01
2.740318775177001953e-01
2.649459838867187500e-01
5.050516128540039062e-02
3.147690296173095703e-01
2.879433631896972656e-01
2.842822074890136719e-01
2.782166004180908203e-01
2.749121189117431641e-01
2.330508232116699219e-01
2.082331180572509766e-01
2.255890369415283203e-01
2.516696453094482422e-01
2.510609626770019531e-01
2.648231983184814453e-01
2.712476253509521484e-01
2.857604026794433594e-01
2.784037590026855469e-01
2.715396881103515625e-01
2.700741291046142578e-01
2.652752399444580078e-01
2.793772220611572266e-01
2.756826877593994141e-01
2.862296104431152344e-01
2.660889625549316406e-01
2.792284488677978516e-01
2.465486526489257812e-01
2.285594940185546875e-01
6.456208229064941406e-02
3.124876022338867188e-01
2.908937931060791016e-01
2.785420417785644531e-01
2.877149581909179688e-01
2.738587856292724609e-01
2.315068244934082031e-01
1.952466964721679688e-01
1.972582340240478516e-01
2.507793903350830078e-01
2.732195854187011719e-01
2.915716171264648438e-01
2.837922573089599609e-01
2.846970558166503906e-01
2.474877834320068359e-01
2.156662940979003906e-01
2.310488224029541016e-01
2.611329555511474609e-01
2.625594139099121094e-01
2.794952392578125000e-01
2.883768081665039062e-01
2.585604190826416016e-01
2.859849929809570312e-01
2.767426967620849609e-01
2.309272289276123047e-01
5.698370933532714844e-02
3.142576217651367188e-01
3.036015033721923828e-01
2.845642566680908203e-01
2.802865505218505859e-01
2.849805355072021484e-01
2.958440780639648438e-01
2.875175476074218750e-01
2.742214202880859375e-01
2.293705940246582031e-01
1.954483985900878906e-01
1.660571098327636719e-01
2.694187164306640625e-01
2.840757369995117188e-01
2.896091938018798828e-01
2.772831916809082031e-01
2.788619995117187500e-01
2.783074378967285156e-01
2.634162902832031250e-01
2.801105976104736328e-01
2.723739147186279297e-01
2.739074230194091797e-01
2.776162624359130859e-01
2.916872501373291016e-01
2.230114936828613281e-01
5.439352989196777344e-02
3.128972053527832031e-01
2.892653942108154297e-01
2.848365306854248047e-01
2.655889987945556641e-01
2.370812892913818359e-01
2.155501842498779297e-01
2.217040061950683594e-01
2.381997108459472656e-01
2.716705799102783203e-01
2.788779735565185547e-01
2.661042213439941406e-01
2.614173889160156250e-01
2.690320014953613281e-01
2.786951065063476562e-01
2.761590480804443359e-01
2.813222408294677734e-01
2.786843776702880859e-01
2.768278121948242188e-01
2.827007770538330078e-01
2.836492061614990234e-01
2.862067222595214844e-01
2.808380126953125000e-01
2.932415008544921875e-01
2.037587165832519531e-01
5.839371681213378906e-02
3.094592094421386719e-01
2.988593578338623047e-01
2.941288948059082031e-01
2.928857803344726562e-01
2.867493629455566406e-01
2.762458324432373047e-01
2.758548259735107422e-01
2.088046073913574219e-01
1.870851516723632812e-01
2.270665168762207031e-01
2.435834407806396484e-01
2.693378925323486328e-01
2.897522449493408203e-01
2.900292873382568359e-01
2.875118255615234375e-01
2.728860378265380859e-01
2.766830921173095703e-01
2.811689376831054688e-01
2.731800079345703125e-01
2.648508548736572266e-01
2.676074504852294922e-01
2.887201309204101562e-01
2.770962715148925781e-01
2.505455017089843750e-01
5.149817466735839844e-02
3.124816417694091797e-01
2.961106300354003906e-01
2.878258228302001953e-01
2.680232524871826172e-01
2.170054912567138672e-01
1.975204944610595703e-01
2.032389640808105469e-01
2.640221118927001953e-01
2.876298427581787109e-01
2.887148857116699219e-01
2.870955467224121094e-01
2.762322425842285156e-01
2.855401039123535156e-01
2.855322360992431641e-01
2.778232097625732422e-01
2.738709449768066406e-01
2.652037143707275391e-01
2.581870555877685547e-01
2.152202129364013672e-01
2.322518825531005859e-01
2.285187244415283203e-01
2.808318138122558594e-01
2.927186489105224609e-01
3.118200302124023438e-01
6.590676307678222656e-02
3.140590190887451172e-01
2.931900024414062500e-01
2.689421176910400391e-01
2.706685066223144531e-01
2.325377464294433594e-01
1.924660205841064453e-01
2.087433338165283203e-01
2.601828575134277344e-01
2.778725624084472656e-01
2.660374641418457031e-01
2.746191024780273438e-01
2.869431972503662109e-01
2.779917716979980469e-01
2.766523361206054688e-01
2.699220180511474609e-01
2.841563224792480469e-01
2.719883918762207031e-01
2.884089946746826172e-01
2.768831253051757812e-01
2.647001743316650391e-01
2.863676548004150391e-01
2.837944030761718750e-01
2.889902591705322266e-01
2.167177200317382812e-01
4.418444633483886719e-02
3.090677261352539062e-01
2.897462844848632812e-01
2.779266834259033203e-01
2.732779979705810547e-01
2.243919372558593750e-01
1.561439037322998047e-01
2.351229190826416016e-01
2.563018798828125000e-01
2.623553276062011719e-01
2.712860107421875000e-01
2.808015346527099609e-01
2.412130832672119141e-01
2.019777297973632812e-01
2.272343635559082031e-01
2.375245094299316406e-01
2.696082592010498047e-01
2.827084064483642578e-01
2.828681468963623047e-01
2.761402130126953125e-01
2.768938541412353516e-01
2.884705066680908203e-01
2.894086837768554688e-01
2.824790477752685547e-01
2.084217071533203125e-01
5.651450157165527344e-02
3.092072010040283203e-01
2.903916835784912109e-01
2.854371070861816406e-01
2.697472572326660156e-01
2.607243061065673828e-01
2.600727081298828125e-01
2.575654983520507812e-01
2.133195400238037109e-01
1.862492561340332031e-01
2.519686222076416016e-01
2.832069396972656250e-01
2.812643051147460938e-01
2.928166389465332031e-01
2.882647514343261719e-01
2.524991035461425781e-01
2.102220058441162109e-01
2.202355861663818359e-01
2.253105640411376953e-01
2.664635181427001953e-01
2.803056240081787109e-01
2.947916984558105469e-01
2.883975505828857422e-01
2.907793521881103516e-01
2.831585407257080078e-01
6.243014335632324219e-02
3.069398403167724609e-01
2.984216213226318359e-01
2.893917560577392578e-01
2.777698040008544922e-01
2.677459716796875000e-01
2.287125587463378906e-01
1.903545856475830078e-01
2.081220149993896484e-01
2.741808891296386719e-01
2.843754291534423828e-01
2.703895568847656250e-01
2.875576019287109375e-01
2.822022438049316406e-01
2.843074798583984375e-01
2.591016292572021484e-01
2.759542465209960938e-01
2.827475070953369141e-01
2.774591445922851562e-01
2.784180641174316406e-01
2.706134319305419922e-01
2.552490234375000000e-01
2.290968894958496094e-01
2.230033874511718750e-01
2.547326087951660156e-01
7.011365890502929688e-02
3.093695640563964844e-01
2.914936542510986328e-01
2.838931083679199219e-01
2.823348045349121094e-01
2.765030860900878906e-01
2.735857963562011719e-01
2.711117267608642578e-01
2.660608291625976562e-01
2.676055431365966797e-01
2.712841033935546875e-01
2.690460681915283203e-01
2.547845840454101562e-01
2.738869190216064453e-01
2.703559398651123047e-01
2.832355499267578125e-01
2.652180194854736328e-01
2.749834060668945312e-01
2.649438381195068359e-01
2.682268619537353516e-01
2.770242691040039062e-01
2.830193042755126953e-01
2.800915241241455078e-01
2.891941070556640625e-01
1.697847843170166016e-01
2.826261520385742188e-02
3.135261535644531250e-01
2.909080982208251953e-01
2.919156551361083984e-01
2.852180004119873047e-01
2.759399414062500000e-01
2.712385654449462891e-01
2.840824127197265625e-01
2.785584926605224609e-01
2.755126953125000000e-01
2.775304317474365234e-01
2.765333652496337891e-01
2.786300182342529297e-01
2.783863544464111328e-01
2.772612571716308594e-01
2.812633514404296875e-01
2.922735214233398438e-01
2.904527187347412109e-01
2.675778865814208984e-01
2.612745761871337891e-01
2.400093078613281250e-01
2.555155754089355469e-01
2.277085781097412109e-01
2.705094814300537109e-01
1.812129020690917969e-01
5.707144737243652344e-02
3.016645908355712891e-01
2.885782718658447266e-01
2.914767265319824219e-01
2.809927463531494141e-01
2.618584632873535156e-01
2.217512130737304688e-01
2.014760971069335938e-01
2.359681129455566406e-01
2.398645877838134766e-01
2.613596916198730469e-01
2.723503112792968750e-01
2.855877876281738281e-01
2.870090007781982422e-01
2.825798988342285156e-01
2.724523544311523438e-01
2.172982692718505859e-01
2.303528785705566406e-01
2.441263198852539062e-01
2.593920230865478516e-01
2.538986206054687500e-01
2.617933750152587891e-01
2.872328758239746094e-01
2.784936428070068359e-01
2.515110969543457031e-01
6.069684028625488281e-02
3.043766021728515625e-01
2.903366088867187500e-01
2.692079544067382812e-01
2.220096588134765625e-01
2.248048782348632812e-01
2.480175495147705078e-01
2.549896240234375000e-01
2.381887435913085938e-01
2.584450244903564453e-01
2.699522972106933594e-01
2.901849746704101562e-01
2.897336483001708984e-01
2.937474250793457031e-01
2.833583354949951172e-01
2.884857654571533203e-01
2.822871208190917969e-01
2.869129180908203125e-01
2.619273662567138672e-01
2.199800014495849609e-01
2.011797428131103516e-01
2.038497924804687500e-01
2.643632888793945312e-01
2.867412567138671875e-01
2.979407310485839844e-01
2.139568328857421875e-02
3.087525367736816406e-01
2.918798923492431641e-01
2.846488952636718750e-01
2.777013778686523438e-01
2.608263492584228516e-01
2.089772224426269531e-01
1.829547882080078125e-01
2.130954265594482422e-01
2.754042148590087891e-01
2.832245826721191406e-01
2.708575725555419922e-01
2.776353359222412109e-01
2.773244380950927734e-01
2.782738208770751953e-01
2.723710536956787109e-01
2.674307823181152344e-01
2.491486072540283203e-01
2.740356922149658203e-01
2.617790699005126953e-01
2.759838104248046875e-01
2.617385387420654297e-01
2.785112857818603516e-01
2.764098644256591797e-01
2.855503559112548828e-01
7.079696655273437500e-02
3.124625682830810547e-01
2.962865829467773438e-01
2.842018604278564453e-01
2.829728126525878906e-01
2.425944805145263672e-01
1.969065666198730469e-01
1.997318267822265625e-01
2.427234649658203125e-01
2.671275138854980469e-01
2.792413234710693359e-01
2.851037979125976562e-01
2.851190567016601562e-01
2.828233242034912109e-01
2.788074016571044922e-01
2.841756343841552734e-01
2.788026332855224609e-01
2.402939796447753906e-01
2.218799591064453125e-01
2.149875164031982422e-01
2.208256721496582031e-01
2.865552902221679688e-01
3.011081218719482422e-01
2.851479053497314453e-01
2.477431297302246094e-01
2.977657318115234375e-02
3.017292022705078125e-01
2.950770854949951172e-01
2.803270816802978516e-01
2.777557373046875000e-01
2.599794864654541016e-01
2.226042747497558594e-01
1.937351226806640625e-01
2.139053344726562500e-01
2.473316192626953125e-01
2.787132263183593750e-01
2.821180820465087891e-01
2.773623466491699219e-01
2.829051017761230469e-01
2.814669609069824219e-01
2.821366786956787109e-01
2.702047824859619141e-01
2.866141796112060547e-01
2.724997997283935547e-01
2.838568687438964844e-01
2.629466056823730469e-01
2.715361118316650391e-01
2.835044860839843750e-01
2.723662853240966797e-01
2.147600650787353516e-01
5.368900299072265625e-02
3.095145225524902344e-01
2.923722267150878906e-01
2.879838943481445312e-01
2.720382213592529297e-01
2.754001617431640625e-01
2.694833278656005859e-01
2.700488567352294922e-01
2.835240364074707031e-01
2.660295963287353516e-01
2.662928104400634766e-01
2.711949348449707031e-01
2.775049209594726562e-01
2.801020145416259766e-01
2.887060642242431641e-01
2.879533767700195312e-01
2.875084877014160156e-01
2.853367328643798828e-01
2.747199535369873047e-01
2.554030418395996094e-01
2.318148612976074219e-01
2.291915416717529297e-01
2.209072113037109375e-01
2.909967899322509766e-01
1.900417804718017578e-01
5.802512168884277344e-02
3.047585487365722656e-01
2.875590324401855469e-01
2.820727825164794922e-01
2.615792751312255859e-01
2.047054767608642578e-01
2.095546722412109375e-01
2.104871273040771484e-01
2.491812705993652344e-01
2.603805065155029297e-01
2.781169414520263672e-01
2.786924839019775391e-01
2.811610698699951172e-01
2.899050712585449219e-01
2.878928184509277344e-01
2.941317558288574219e-01
2.814686298370361328e-01
2.998640537261962891e-01
3.006820678710937500e-01
2.897138595581054688e-01
2.840843200683593750e-01
2.774674892425537109e-01
2.669496536254882812e-01
2.565259933471679688e-01
1.683173179626464844e-01
7.532000541687011719e-02
3.102600574493408203e-01
2.924942970275878906e-01
2.814068794250488281e-01
2.884085178375244141e-01
2.670099735260009766e-01
2.775306701660156250e-01
2.871925830841064453e-01
2.785992622375488281e-01
2.653241157531738281e-01
2.480762004852294922e-01
1.846261024475097656e-01
2.082262039184570312e-01
2.515473365783691406e-01
2.746243476867675781e-01
2.868747711181640625e-01
2.903339862823486328e-01
2.801909446716308594e-01
2.803800106048583984e-01
2.761275768280029297e-01
2.665722370147705078e-01
2.738227844238281250e-01
2.800364494323730469e-01
2.640187740325927734e-01
1.975431442260742188e-01
6.203031539916992188e-02
3.118231296539306641e-01
2.945768833160400391e-01
2.900712490081787109e-01
2.937233448028564453e-01
2.776136398315429688e-01
2.555270195007324219e-01
2.030832767486572266e-01
2.270262241363525391e-01
2.490680217742919922e-01
2.615194320678710938e-01
2.457633018493652344e-01
2.734110355377197266e-01
2.769246101379394531e-01
2.849664688110351562e-01
2.913322448730468750e-01
2.897572517395019531e-01
2.853050231933593750e-01
2.846150398254394531e-01
2.736244201660156250e-01
2.899212837219238281e-01
2.862083911895751953e-01
2.829887866973876953e-01
2.687969207763671875e-01
1.676959991455078125e-01
6.692934036254882812e-02
3.134915828704833984e-01
2.949361801147460938e-01
2.843713760375976562e-01
2.767977714538574219e-01
2.764563560485839844e-01
2.760710716247558594e-01
2.724351882934570312e-01
2.749912738800048828e-01
2.678740024566650391e-01
2.874703407287597656e-01
2.875590324401855469e-01
2.894661426544189453e-01
2.809402942657470703e-01
2.687346935272216797e-01
2.748150825500488281e-01
2.844033241271972656e-01
2.796354293823242188e-01
2.734489440917968750e-01
2.681663036346435547e-01
2.792065143585205078e-01
2.788677215576171875e-01
2.864363193511962891e-01
1.965849399566650391e-01
1.916987895965576172e-01
4.720878601074218750e-02
3.079271316528320312e-01
2.842128276824951172e-01
2.778954505920410156e-01
2.680068016052246094e-01
2.513756752014160156e-01
2.140944004058837891e-01
2.033171653747558594e-01
2.122335433959960938e-01
2.740077972412109375e-01
2.750613689422607422e-01
2.908155918121337891e-01
2.974402904510498047e-01
2.871305942535400391e-01
2.926039695739746094e-01
2.873764038085937500e-01
2.752344608306884766e-01
2.913169860839843750e-01
2.804284095764160156e-01
2.845067977905273438e-01
2.757906913757324219e-01
2.690520286560058594e-01
2.629005908966064453e-01
2.666065692901611328e-01
1.784181594848632812e-01
6.537270545959472656e-02
3.078126907348632812e-01
2.808997631072998047e-01
2.941107749938964844e-01
2.757441997528076172e-01
2.860291004180908203e-01
2.879343032836914062e-01
2.853047847747802734e-01
2.909851074218750000e-01
2.706129550933837891e-01
2.745575904846191406e-01
2.555143833160400391e-01
2.561302185058593750e-01
2.356069087982177734e-01
2.345089912414550781e-01
2.472860813140869141e-01
2.540192604064941406e-01
2.631878852844238281e-01
2.809493541717529297e-01
2.754926681518554688e-01
2.850370407104492188e-01
2.733702659606933594e-01
2.779924869537353516e-01
2.557246685028076172e-01
1.960177421569824219e-01
5.830478668212890625e-02
3.022649288177490234e-01
2.897474765777587891e-01
2.710542678833007812e-01
2.662799358367919922e-01
2.504818439483642578e-01
2.144670486450195312e-01
2.156949043273925781e-01
2.269680500030517578e-01
2.642896175384521484e-01
2.794775962829589844e-01
2.712891101837158203e-01
2.785546779632568359e-01
2.759160995483398438e-01
2.925930023193359375e-01
2.746860980987548828e-01
2.856991291046142578e-01
2.739658355712890625e-01
2.757122516632080078e-01
2.812235355377197266e-01
2.751555442810058594e-01
2.708420753479003906e-01
2.664127349853515625e-01
2.705895900726318359e-01
2.371401786804199219e-01
6.513857841491699219e-02
3.081536293029785156e-01
2.910037040710449219e-01
2.940979003906250000e-01
2.707452774047851562e-01
2.628366947174072266e-01
2.348916530609130859e-01
1.953735351562500000e-01
1.990375518798828125e-01
2.562091350555419922e-01
2.883272171020507812e-01
2.920403480529785156e-01
2.785513401031494141e-01
2.886226177215576172e-01
2.630455493927001953e-01
2.370376586914062500e-01
2.154419422149658203e-01
2.292439937591552734e-01
2.684679031372070312e-01
2.730174064636230469e-01
2.738900184631347656e-01
2.813892364501953125e-01
2.809262275695800781e-01
2.803626060485839844e-01
2.723658084869384766e-01
6.111574172973632812e-02
3.098855018615722656e-01
2.924149036407470703e-01
2.850277423858642578e-01
2.793340682983398438e-01
2.776741981506347656e-01
2.811682224273681641e-01
2.775473594665527344e-01
2.885713577270507812e-01
2.871694564819335938e-01
2.557520866394042969e-01
2.875406742095947266e-01
2.807292938232421875e-01
2.809989452362060547e-01
2.496912479400634766e-01
2.565057277679443359e-01
2.238037586212158203e-01
2.440867424011230469e-01
2.467520236968994141e-01
2.511222362518310547e-01
2.748105525970458984e-01
2.766630649566650391e-01
2.803409099578857422e-01
2.804691791534423828e-01
1.987736225128173828e-01
5.557084083557128906e-02
3.113687038421630859e-01
2.915897369384765625e-01
2.895536422729492188e-01
2.844295501708984375e-01
2.895598411560058594e-01
2.867500782012939453e-01
2.876977920532226562e-01
2.848932743072509766e-01
2.788681983947753906e-01
2.735629081726074219e-01
2.774364948272705078e-01
2.653663158416748047e-01
2.761566638946533203e-01
2.670183181762695312e-01
2.782602310180664062e-01
2.599630355834960938e-01
2.612595558166503906e-01
2.649316787719726562e-01
2.769207954406738281e-01
2.821462154388427734e-01
2.627224922180175781e-01
2.551691532135009766e-01
2.495284080505371094e-01
1.665790081024169922e-01
5.125451087951660156e-02
3.062927722930908203e-01
2.939300537109375000e-01
2.877035140991210938e-01
2.841179370880126953e-01
2.830839157104492188e-01
2.623014450073242188e-01
2.326524257659912109e-01
2.597517967224121094e-01
2.649681568145751953e-01
2.805213928222656250e-01
2.848131656646728516e-01
2.799828052520751953e-01
2.791342735290527344e-01
2.669939994812011719e-01
2.634501457214355469e-01
2.317337989807128906e-01
2.626583576202392578e-01
2.623946666717529297e-01
2.378377914428710938e-01
2.863252162933349609e-01
2.589521408081054688e-01
2.942557334899902344e-01
2.705721855163574219e-01
1.961970329284667969e-01
9.110403060913085938e-02
3.131055831909179688e-01
2.928628921508789062e-01
2.740623950958251953e-01
2.758054733276367188e-01
2.570049762725830078e-01
2.082722187042236328e-01
1.951935291290283203e-01
2.455785274505615234e-01
2.739245891571044922e-01
2.944843769073486328e-01
2.774934768676757812e-01
2.788717746734619141e-01
2.776916027069091797e-01
2.724175453186035156e-01
2.661960124969482422e-01
2.747731208801269531e-01
2.692980766296386719e-01
2.738330364227294922e-01
2.649402618408203125e-01
2.827353477478027344e-01
2.624740600585937500e-01
2.672841548919677734e-01
2.871081829071044922e-01
2.329006195068359375e-01
5.703401565551757812e-02
3.096613883972167969e-01
2.912571430206298828e-01
2.967765331268310547e-01
2.802801132202148438e-01
2.733931541442871094e-01
2.050347328186035156e-01
2.083756923675537109e-01
2.038829326629638672e-01
2.669568061828613281e-01
2.820050716400146484e-01
2.751624584197998047e-01
2.831993103027343750e-01
2.795770168304443359e-01
2.798671722412109375e-01
3.000619411468505859e-01
2.920105457305908203e-01
2.852139472961425781e-01
3.038544654846191406e-01
2.930567264556884766e-01
2.972819805145263672e-01
2.823648452758789062e-01
2.824757099151611328e-01
2.571787834167480469e-01
2.025206089019775391e-01
7.436633110046386719e-02
3.035569190979003906e-01
2.996041774749755859e-01
2.951824665069580078e-01
2.736349105834960938e-01
2.477076053619384766e-01
2.829678058624267578e-01
2.902328968048095703e-01
2.956895828247070312e-01
2.924439907073974609e-01
2.795426845550537109e-01
2.787692546844482422e-01
2.740774154663085938e-01
2.622563838958740234e-01
2.628340721130371094e-01
2.589440345764160156e-01
2.682018280029296875e-01
2.627446651458740234e-01
2.669341564178466797e-01
2.679650783538818359e-01
2.691609859466552734e-01
2.666258811950683594e-01
2.778410911560058594e-01
2.819645404815673828e-01
1.803376674652099609e-01
4.389643669128417969e-02
3.129928112030029297e-01
2.874829769134521484e-01
2.939772605895996094e-01
2.828552722930908203e-01
2.767696380615234375e-01
2.853386402130126953e-01
2.845168113708496094e-01
2.805542945861816406e-01
2.851943969726562500e-01
2.919285297393798828e-01
2.885351181030273438e-01
2.757122516632080078e-01
2.709212303161621094e-01
2.472779750823974609e-01
2.232084274291992188e-01
2.159986495971679688e-01
2.262163162231445312e-01
2.832727432250976562e-01
2.964789867401123047e-01
2.958416938781738281e-01
2.850868701934814453e-01
2.818467617034912109e-01
2.853243350982666016e-01
1.992814540863037109e-01
2.577233314514160156e-02
3.050847053527832031e-01
2.881205081939697266e-01
2.765414714813232422e-01
2.843065261840820312e-01
2.540249824523925781e-01
2.095420360565185547e-01
2.154455184936523438e-01
2.143504619598388672e-01
2.678139209747314453e-01
2.861828804016113281e-01
2.808909416198730469e-01
2.842793464660644531e-01
2.890713214874267578e-01
2.800850868225097656e-01
2.669513225555419922e-01
2.529523372650146484e-01
2.657325267791748047e-01
2.686355113983154297e-01
2.656552791595458984e-01
2.742979526519775391e-01
2.730700969696044922e-01
2.790570259094238281e-01
2.990224361419677734e-01
3.054218292236328125e-01
6.518959999084472656e-02
2.967450618743896484e-01
2.971756458282470703e-01
2.913472652435302734e-01
2.859172821044921875e-01
2.591619491577148438e-01
2.244806289672851562e-01
1.901047229766845703e-01
2.214753627777099609e-01
2.409684658050537109e-01
2.818150520324707031e-01
2.848072052001953125e-01
2.878861427307128906e-01
2.674341201782226562e-01
2.834601402282714844e-01
2.782478332519531250e-01
2.765448093414306641e-01
2.665143013000488281e-01
2.650029659271240234e-01
2.705459594726562500e-01
2.750449180603027344e-01
2.680995464324951172e-01
2.821989059448242188e-01
2.691979408264160156e-01
2.453689575195312500e-01
5.862092971801757812e-02
3.053510189056396484e-01
2.948017120361328125e-01
2.975344657897949219e-01
2.895605564117431641e-01
2.899243831634521484e-01
2.804300785064697266e-01
2.605867385864257812e-01
2.498023509979248047e-01
2.491886615753173828e-01
2.643365859985351562e-01
2.725179195404052734e-01
2.794730663299560547e-01
2.917726039886474609e-01
2.902693748474121094e-01
2.791786193847656250e-01
2.644252777099609375e-01
2.692842483520507812e-01
2.576701641082763672e-01
2.679769992828369141e-01
2.533605098724365234e-01
2.590990066528320312e-01
2.549855709075927734e-01
2.863061428070068359e-01
1.690843105316162109e-01
6.758069992065429688e-02
3.099033832550048828e-01
2.927494049072265625e-01
2.820003032684326172e-01
2.802832126617431641e-01
2.847630977630615234e-01
2.689180374145507812e-01
2.403485774993896484e-01
2.007582187652587891e-01
1.876165866851806641e-01
2.603075504302978516e-01
2.768552303314208984e-01
2.934472560882568359e-01
2.863619327545166016e-01
2.960894107818603516e-01
2.947430610656738281e-01
2.767312526702880859e-01
2.881269454956054688e-01
2.736840248107910156e-01
2.447648048400878906e-01
2.059910297393798828e-01
2.149930000305175781e-01
2.442240715026855469e-01
2.915282249450683594e-01
2.725079059600830078e-01
1.806426048278808594e-02
3.031542301177978516e-01
2.892117500305175781e-01
2.880704402923583984e-01
2.958731651306152344e-01
2.804276943206787109e-01
2.296130657196044922e-01
1.883716583251953125e-01
1.955382823944091797e-01
2.616345882415771484e-01
2.870283126831054688e-01
2.896239757537841797e-01
2.797598838806152344e-01
2.956860065460205078e-01
2.883996963500976562e-01
2.603418827056884766e-01
2.795848846435546875e-01
2.848234176635742188e-01
2.739374637603759766e-01
2.726545333862304688e-01
2.894175052642822266e-01
2.650539875030517578e-01
2.601134777069091797e-01
2.612099647521972656e-01
2.447168827056884766e-01
6.341695785522460938e-02
3.138928413391113281e-01
2.797811031341552734e-01
2.817182540893554688e-01
2.921826839447021484e-01
2.558791637420654297e-01
2.136313915252685547e-01
1.994063854217529297e-01
2.472102642059326172e-01
2.590913772583007812e-01
2.458305358886718750e-01
2.542939186096191406e-01
2.782886028289794922e-01
2.935082912445068359e-01
2.915668487548828125e-01
2.870132923126220703e-01
2.895016670227050781e-01
2.974395751953125000e-01
2.958946228027343750e-01
2.921662330627441406e-01
2.977123260498046875e-01
2.939319610595703125e-01
2.742741107940673828e-01
2.310836315155029297e-01
1.551890373229980469e-01
8.488202095031738281e-02
3.047311305999755859e-01
2.879886627197265625e-01
2.856781482696533203e-01
2.715899944305419922e-01
2.807066440582275391e-01
2.766919136047363281e-01
2.962262630462646484e-01
2.838728427886962891e-01
2.842540740966796875e-01
2.821633815765380859e-01
2.906537055969238281e-01
2.887043952941894531e-01
2.821261882781982422e-01
2.795960903167724609e-01
2.635238170623779297e-01
2.492768764495849609e-01
2.458407878875732422e-01
2.470300197601318359e-01
2.509822845458984375e-01
2.524847984313964844e-01
2.664368152618408203e-01
2.866549491882324219e-01
2.794878482818603516e-01
1.844496726989746094e-01
3.236579895019531250e-02
2.995121479034423828e-01
3.010940551757812500e-01
2.830996513366699219e-01
2.812013626098632812e-01
2.752516269683837891e-01
2.647261619567871094e-01
2.285208702087402344e-01
2.059977054595947266e-01
2.012743949890136719e-01
2.453320026397705078e-01
2.843205928802490234e-01
2.835733890533447266e-01
2.858152389526367188e-01
2.849354743957519531e-01
2.985582351684570312e-01
2.818987369537353516e-01
2.830936908721923828e-01
2.870423793792724609e-01
2.869956493377685547e-01
2.637689113616943359e-01
2.507190704345703125e-01
2.717676162719726562e-01
2.847852706909179688e-01
2.219789028167724609e-01
2.859377861022949219e-02
3.088693618774414062e-01
2.884216308593750000e-01
2.847521305084228516e-01
2.764403820037841797e-01
2.928431034088134766e-01
2.847392559051513672e-01
2.799901962280273438e-01
2.788436412811279297e-01
2.880411148071289062e-01
2.774145603179931641e-01
2.512218952178955078e-01
2.091159820556640625e-01
2.044878005981445312e-01
2.151875495910644531e-01
2.556731700897216797e-01
2.807464599609375000e-01
2.779283523559570312e-01
2.814402580261230469e-01
2.785503864288330078e-01
2.897267341613769531e-01
2.743434906005859375e-01
2.794198989868164062e-01
2.805244922637939453e-01
2.725086212158203125e-01
2.753067016601562500e-02
3.029308319091796875e-01
2.957313060760498047e-01
2.881996631622314453e-01
2.881278991699218750e-01
2.733325958251953125e-01
2.160069942474365234e-01
1.864812374114990234e-01
2.097792625427246094e-01
2.563233375549316406e-01
2.833330631256103516e-01
2.787199020385742188e-01
2.690639495849609375e-01
2.737436294555664062e-01
2.575900554656982422e-01
2.156512737274169922e-01
2.202146053314208984e-01
2.379579544067382812e-01
2.485044002532958984e-01
2.668106555938720703e-01
2.637989521026611328e-01
2.572290897369384766e-01
2.656524181365966797e-01
2.739799022674560547e-01
2.677817344665527344e-01
5.182623863220214844e-02
3.061804771423339844e-01
2.854375839233398438e-01
2.910091876983642578e-01
2.869341373443603516e-01
2.544949054718017578e-01
2.813608646392822266e-01
2.697601318359375000e-01
2.755098342895507812e-01
2.891135215759277344e-01
2.819244861602783203e-01
2.804892063140869141e-01
2.932748794555664062e-01
2.896485328674316406e-01
2.812795639038085938e-01
2.821865081787109375e-01
2.892851829528808594e-01
2.624886035919189453e-01
2.287173271179199219e-01
2.064113616943359375e-01
2.377808094024658203e-01
2.568225860595703125e-01
2.925806045532226562e-01
1.916251182556152344e-01
2.665412425994873047e-01
5.330371856689453125e-02
2.939140796661376953e-01
2.884500026702880859e-01
2.889719009399414062e-01
2.862694263458251953e-01
2.830102443695068359e-01
2.794065475463867188e-01
2.735652923583984375e-01
2.241637706756591797e-01
2.026567459106445312e-01
1.903560161590576172e-01
2.707149982452392578e-01
2.902066707611083984e-01
2.813804149627685547e-01
2.862105369567871094e-01
2.823383808135986328e-01
2.849485874176025391e-01
2.799303531646728516e-01
2.897548675537109375e-01
2.728099822998046875e-01
2.760000228881835938e-01
2.861256599426269531e-01
2.777011394500732422e-01
2.807080745697021484e-01
2.026147842407226562e-01
6.717133522033691406e-02
3.093962669372558594e-01
2.930088043212890625e-01
2.777311801910400391e-01
2.867865562438964844e-01
2.713153362274169922e-01
2.545058727264404297e-01
2.298831939697265625e-01
2.263684272766113281e-01
2.295706272125244141e-01
2.552454471588134766e-01
2.540514469146728516e-01
2.673833370208740234e-01
2.631216049194335938e-01
2.838342189788818359e-01
2.537419795989990234e-01
2.662444114685058594e-01
2.773220539093017578e-01
2.624526023864746094e-01
2.581865787506103516e-01
2.710325717926025391e-01
2.651994228363037109e-01
2.600109577178955078e-01
2.638351917266845703e-01
2.414090633392333984e-01
7.082056999206542969e-02
3.102746009826660156e-01
2.925431728363037109e-01
2.746152877807617188e-01
2.885613441467285156e-01
2.530858516693115234e-01
1.981167793273925781e-01
2.171111106872558594e-01
2.435359954833984375e-01
2.710082530975341797e-01
2.740902900695800781e-01
2.643823623657226562e-01
2.715542316436767578e-01
2.774991989135742188e-01
2.695994377136230469e-01
2.751951217651367188e-01
2.765643596649169922e-01
2.863745689392089844e-01
2.946379184722900391e-01
2.902445793151855469e-01
2.989325523376464844e-01
2.892453670501708984e-01
2.942931652069091797e-01
2.302618026733398438e-01
2.189967632293701172e-01
9.909915924072265625e-02
3.065388202667236328e-01
2.891376018524169922e-01
2.883505821228027344e-01
2.821016311645507812e-01
2.796442508697509766e-01
2.781143188476562500e-01
2.785370349884033203e-01
2.576127052307128906e-01
2.515265941619873047e-01
2.443082332611083984e-01
2.428357601165771484e-01
2.411386966705322266e-01
2.545557022094726562e-01
2.460322380065917969e-01
2.626223564147949219e-01
2.684614658355712891e-01
2.707104682922363281e-01
2.885184288024902344e-01
2.743632793426513672e-01
2.773735523223876953e-01
2.831478118896484375e-01
2.847979068756103516e-01
2.796337604522705078e-01
2.515344619750976562e-01
5.585503578186035156e-02
3.103022575378417969e-01
2.879693508148193359e-01
2.877602577209472656e-01
2.788910865783691406e-01
2.797443866729736328e-01
2.762911319732666016e-01
2.881031036376953125e-01
2.964181900024414062e-01
2.962439060211181641e-01
2.855446338653564453e-01
2.884609699249267578e-01
2.893259525299072266e-01
2.904062271118164062e-01
2.819657325744628906e-01
2.827007770538330078e-01
2.872619628906250000e-01
2.685835361480712891e-01
2.192296981811523438e-01
2.063856124877929688e-01
2.042415142059326172e-01
2.722818851470947266e-01
2.882261276245117188e-01
2.985694408416748047e-01
1.848092079162597656e-01
2.985000610351562500e-02
3.030955791473388672e-01
2.905349731445312500e-01
2.815833091735839844e-01
2.827415466308593750e-01
2.526967525482177734e-01
2.094552516937255859e-01
2.236902713775634766e-01
2.455744743347167969e-01
2.414793968200683594e-01
2.577712535858154297e-01
2.743909358978271484e-01
2.731127738952636719e-01
2.505795955657958984e-01
2.655847072601318359e-01
2.628743648529052734e-01
2.705760002136230469e-01
2.773263454437255859e-01
2.855858802795410156e-01
2.850944995880126953e-01
2.849843502044677734e-01
2.795023918151855469e-01
2.898488044738769531e-01
2.830030918121337891e-01
2.598347663879394531e-01
5.726313591003417969e-02
3.092193603515625000e-01
2.993061542510986328e-01
2.780148983001708984e-01
2.815308570861816406e-01
2.769393920898437500e-01
2.779161930084228516e-01
2.423892021179199219e-01
2.058007717132568359e-01
2.270181179046630859e-01
2.133345603942871094e-01
2.348358631134033203e-01
2.782065868377685547e-01
2.797827720642089844e-01
2.819645404815673828e-01
2.620427608489990234e-01
2.675974369049072266e-01
2.570793628692626953e-01
2.640228271484375000e-01
2.739360332489013672e-01
2.848095893859863281e-01
2.774624824523925781e-01
2.730340957641601562e-01
2.677288055419921875e-01
2.495541572570800781e-01
5.483961105346679688e-02
3.077962398529052734e-01
2.853507995605468750e-01
2.875139713287353516e-01
2.787778377532958984e-01
2.440421581268310547e-01
2.044484615325927734e-01
2.076387405395507812e-01
2.286899089813232422e-01
2.682206630706787109e-01
2.793869972229003906e-01
2.676849365234375000e-01
2.643194198608398438e-01
2.721757888793945312e-01
2.740006446838378906e-01
2.533233165740966797e-01
2.614328861236572266e-01
2.622432708740234375e-01
2.636995315551757812e-01
2.687666416168212891e-01
2.715492248535156250e-01
2.515521049499511719e-01
2.718436717987060547e-01
2.737879753112792969e-01
2.377133369445800781e-01
6.848859786987304688e-02
3.043816089630126953e-01
2.992632389068603516e-01
2.879512310028076172e-01
2.810261249542236328e-01
2.557022571563720703e-01
2.217595577239990234e-01
2.280533313751220703e-01
2.449696063995361328e-01
2.524929046630859375e-01
2.555580139160156250e-01
2.719500064849853516e-01
2.700197696685791016e-01
2.758455276489257812e-01
2.710654735565185547e-01
2.847580909729003906e-01
2.955238819122314453e-01
2.853817939758300781e-01
2.830688953399658203e-01
2.967112064361572266e-01
2.989196777343750000e-01
2.878458499908447266e-01
2.813107967376708984e-01
2.160034179687500000e-01
1.636350154876708984e-01
1.025395393371582031e-01
3.087468147277832031e-01
2.907645702362060547e-01
2.818584442138671875e-01
2.773437500000000000e-01
2.750875949859619141e-01
2.733135223388671875e-01
2.721188068389892578e-01
2.731959819793701172e-01
2.680983543395996094e-01
2.606959342956542969e-01
2.633910179138183594e-01
2.593817710876464844e-01
2.628929615020751953e-01
2.575809955596923828e-01
2.470836639404296875e-01
2.465736865997314453e-01
2.424211502075195312e-01
2.393269538879394531e-01
2.564771175384521484e-01
2.534112930297851562e-01
2.781729698181152344e-01
2.745549678802490234e-01
2.634980678558349609e-01
2.726669311523437500e-01
7.143259048461914062e-02
3.074607849121093750e-01
2.918956279754638672e-01
2.789056301116943359e-01
2.739539146423339844e-01
2.448592185974121094e-01
2.200863361358642578e-01
2.138140201568603516e-01
1.991605758666992188e-01
2.684602737426757812e-01
2.777266502380371094e-01
2.894880771636962891e-01
2.889640331268310547e-01
2.895312309265136719e-01
2.757093906402587891e-01
2.743732929229736328e-01
2.750723361968994141e-01
2.698786258697509766e-01
2.750635147094726562e-01
2.660408020019531250e-01
2.700462341308593750e-01
2.660796642303466797e-01
2.741720676422119141e-01
2.724025249481201172e-01
2.386505603790283203e-01
5.994606018066406250e-02
3.079383373260498047e-01
2.963924407958984375e-01
2.864012718200683594e-01
2.779490947723388672e-01
2.362871170043945312e-01
1.771135330200195312e-01
2.720203399658203125e-01
2.481760978698730469e-01
2.580132484436035156e-01
2.701847553253173828e-01
2.783880233764648438e-01
2.781865596771240234e-01
2.841780185699462891e-01
2.801394462585449219e-01
2.932183742523193359e-01
2.790994644165039062e-01
2.744119167327880859e-01
2.886579036712646484e-01
2.841422557830810547e-01
2.770543098449707031e-01
2.825589179992675781e-01
2.582573890686035156e-01
2.534222602844238281e-01
1.768305301666259766e-01
8.309006690979003906e-02
3.019688129425048828e-01
2.943689823150634766e-01
2.851138114929199219e-01
2.821152210235595703e-01
2.499442100524902344e-01
2.137331962585449219e-01
2.090692520141601562e-01
2.012565135955810547e-01
2.652571201324462891e-01
2.807302474975585938e-01
2.957019805908203125e-01
2.843799591064453125e-01
2.848126888275146484e-01
2.720141410827636719e-01
2.660050392150878906e-01
2.630634307861328125e-01
2.593445777893066406e-01
2.438075542449951172e-01
2.468981742858886719e-01
2.628631591796875000e-01
2.570524215698242188e-01
2.743721008300781250e-01
2.726337909698486328e-01
2.660005092620849609e-01
7.236790657043457031e-02
3.071942329406738281e-01
2.879853248596191406e-01
2.869589328765869141e-01
2.690997123718261719e-01
2.418761253356933594e-01
2.061121463775634766e-01
2.221047878265380859e-01
2.225906848907470703e-01
2.644457817077636719e-01
2.700276374816894531e-01
2.804486751556396484e-01
2.812082767486572266e-01
2.722902297973632812e-01
2.621133327484130859e-01
2.494161128997802734e-01
2.520759105682373047e-01
2.834167480468750000e-01
2.688815593719482422e-01
2.658023834228515625e-01
2.688217163085937500e-01
2.628223896026611328e-01
2.752544879913330078e-01
2.678284645080566406e-01
2.352840900421142578e-01
4.765820503234863281e-02
3.040788173675537109e-01
2.850961685180664062e-01
2.895829677581787109e-01
2.892858982086181641e-01
2.885966300964355469e-01
2.875428199768066406e-01
2.796821594238281250e-01
2.833437919616699219e-01
2.780711650848388672e-01
2.824587821960449219e-01
2.763466835021972656e-01
2.699038982391357422e-01
2.646682262420654297e-01
2.637779712677001953e-01
2.557144165039062500e-01
2.548418045043945312e-01
2.477328777313232422e-01
2.553324699401855469e-01
2.643513679504394531e-01
2.658247947692871094e-01
2.900896072387695312e-01
2.775137424468994141e-01
2.840192317962646484e-01
1.928646564483642578e-01
4.805016517639160156e-02
3.031077384948730469e-01
2.878594398498535156e-01
2.872190475463867188e-01
2.749598026275634766e-01
2.358534336090087891e-01
2.247874736785888672e-01
2.302143573760986328e-01
2.358171939849853516e-01
2.247216701507568359e-01
2.451844215393066406e-01
2.792155742645263672e-01
2.796308994293212891e-01
2.758083343505859375e-01
2.841920852661132812e-01
2.805089950561523438e-01
2.738516330718994141e-01
2.636477947235107422e-01
2.730650901794433594e-01
2.531318664550781250e-01
2.599811553955078125e-01
2.598145008087158203e-01
2.496185302734375000e-01
2.685644626617431641e-01
2.623286247253417969e-01
4.496264457702636719e-02
3.106579780578613281e-01
2.888898849487304688e-01
2.772412300109863281e-01
2.774498462677001953e-01
2.297899723052978516e-01
1.984858512878417969e-01
2.114963531494140625e-01
2.518064975738525391e-01
2.497341632843017578e-01
2.657005786895751953e-01
2.788689136505126953e-01
2.737298011779785156e-01
2.751359939575195312e-01
2.737739086151123047e-01
2.641906738281250000e-01
2.580122947692871094e-01
2.905755043029785156e-01
2.696340084075927734e-01
2.658600807189941406e-01
2.739999294281005859e-01
2.803184986114501953e-01
2.757165431976318359e-01
2.848048210144042969e-01
2.255411148071289062e-01
4.298353195190429688e-02
3.095870018005371094e-01
2.900774478912353516e-01
2.838068008422851562e-01
2.720899581909179688e-01
2.659866809844970703e-01
2.364642620086669922e-01
2.068006992340087891e-01
1.939699649810791016e-01
2.497351169586181641e-01
2.734196186065673828e-01
2.834820747375488281e-01
2.745363712310791016e-01
2.815630435943603516e-01
2.736418247222900391e-01
2.743275165557861328e-01
2.658581733703613281e-01
2.597258090972900391e-01
2.661647796630859375e-01
2.541871070861816406e-01
2.624294757843017578e-01
2.753655910491943359e-01
2.775714397430419922e-01
2.787311077117919922e-01
2.681281566619873047e-01
4.822087287902832031e-02
3.088033199310302734e-01
2.952706813812255859e-01
2.823450565338134766e-01
2.890510559082031250e-01
2.716963291168212891e-01
2.399435043334960938e-01
2.119653224945068359e-01
2.197508811950683594e-01
2.473807334899902344e-01
2.155594825744628906e-01
2.140426635742187500e-01
2.711045742034912109e-01
2.868282794952392578e-01
2.870831489562988281e-01
2.713224887847900391e-01
2.408599853515625000e-01
2.286887168884277344e-01
2.553853988647460938e-01
2.537364959716796875e-01
2.640278339385986328e-01
2.614226341247558594e-01
2.703697681427001953e-01
2.733988761901855469e-01
2.106678485870361328e-01
5.509233474731445312e-02
3.037893772125244141e-01
2.924640178680419922e-01
2.807865142822265625e-01
2.806303501129150391e-01
2.557842731475830078e-01
2.002577781677246094e-01
2.139461040496826172e-01
2.165324687957763672e-01
2.490231990814208984e-01
2.798533439636230469e-01
2.812027931213378906e-01
2.768225669860839844e-01
2.835566997528076172e-01
2.837920188903808594e-01
2.768650054931640625e-01
2.661907672882080078e-01
2.728993892669677734e-01
2.867033481597900391e-01
2.865040302276611328e-01
2.982122898101806641e-01
2.956027984619140625e-01
2.872364521026611328e-01
2.976741790771484375e-01
1.844646930694580078e-01
6.683850288391113281e-02
3.019618988037109375e-01
3.029341697692871094e-01
2.969977855682373047e-01
2.859692573547363281e-01
2.882111072540283203e-01
2.688226699829101562e-01
2.646701335906982422e-01
2.206118106842041016e-01
2.054507732391357422e-01
2.368111610412597656e-01
2.534003257751464844e-01
2.621088027954101562e-01
2.873439788818359375e-01
2.870180606842041016e-01
2.924036979675292969e-01
3.009927272796630859e-01
2.886939048767089844e-01
2.783107757568359375e-01
2.653048038482666016e-01
2.887194156646728516e-01
2.640810012817382812e-01
2.652223110198974609e-01
2.736070156097412109e-01
1.782550811767578125e-01
7.698464393615722656e-02
3.055884838104248047e-01
2.858664989471435547e-01
2.842512130737304688e-01
2.842521667480468750e-01
2.813386917114257812e-01
2.552926540374755859e-01
2.260041236877441406e-01
2.432053089141845703e-01
2.537364959716796875e-01
2.598667144775390625e-01
2.709455490112304688e-01
2.799541950225830078e-01
2.670853137969970703e-01
2.871682643890380859e-01
2.874717712402343750e-01
2.781155109405517578e-01
2.820069789886474609e-01
2.747523784637451172e-01
2.892379760742187500e-01
2.582175731658935547e-01
2.671391963958740234e-01
2.590036392211914062e-01
2.703552246093750000e-01
1.779227256774902344e-01
7.046484947204589844e-02
3.103694915771484375e-01
2.863278388977050781e-01
2.866179943084716797e-01
2.857084274291992188e-01
2.857301235198974609e-01
2.950229644775390625e-01
2.949843406677246094e-01
2.788691520690917969e-01
2.758762836456298828e-01
2.772629261016845703e-01
2.710270881652832031e-01
2.693052291870117188e-01
2.776622772216796875e-01
2.450027465820312500e-01
2.106280326843261719e-01
2.139139175415039062e-01
2.221350669860839844e-01
2.715029716491699219e-01
2.883453369140625000e-01
2.917275428771972656e-01
2.836945056915283203e-01
2.842860221862792969e-01
2.838783264160156250e-01
1.504149436950683594e-01
1.800370216369628906e-02
3.039162158966064453e-01
2.843143939971923828e-01
2.675292491912841797e-01
2.610588073730468750e-01
2.186410427093505859e-01
1.143400669097900391e-01
2.733225822448730469e-01
2.724349498748779297e-01
2.660737037658691406e-01
2.724320888519287109e-01
2.738523483276367188e-01
2.658019065856933594e-01
2.728390693664550781e-01
2.631752490997314453e-01
2.748825550079345703e-01
2.690649032592773438e-01
2.586855888366699219e-01
2.622406482696533203e-01
2.630779743194580078e-01
2.718715667724609375e-01
2.547011375427246094e-01
2.717297077178955078e-01
2.721099853515625000e-01
1.840369701385498047e-01
7.587981224060058594e-02
3.118062019348144531e-01
2.899580001831054688e-01
2.894046306610107422e-01
2.847511768341064453e-01
2.900006771087646484e-01
2.891721725463867188e-01
2.883858680725097656e-01
2.933740615844726562e-01
2.861092090606689453e-01
2.739615440368652344e-01
2.769131660461425781e-01
2.554130554199218750e-01
2.258713245391845703e-01
2.303836345672607422e-01
2.367174625396728516e-01
2.656719684600830078e-01
2.662127017974853516e-01
2.577407360076904297e-01
2.571301460266113281e-01
2.664630413055419922e-01
2.659716606140136719e-01
2.602190971374511719e-01
2.633283138275146484e-01
1.948108673095703125e-01
6.671571731567382812e-02
3.046386241912841797e-01
2.789366245269775391e-01
2.891321182250976562e-01
2.958254814147949219e-01
2.812247276306152344e-01
2.833812236785888672e-01
2.847218513488769531e-01
2.880671024322509766e-01
2.751307487487792969e-01
2.828035354614257812e-01
2.720570564270019531e-01
2.744450569152832031e-01
2.840929031372070312e-01
2.524483203887939453e-01
2.159938812255859375e-01
2.130932807922363281e-01
2.480549812316894531e-01
2.545914649963378906e-01
2.612774372100830078e-01
2.623991966247558594e-01
2.820196151733398438e-01
2.685868740081787109e-01
2.060861587524414062e-01
2.062182426452636719e-01
9.195399284362792969e-02
3.002483844757080078e-01
2.851445674896240234e-01
2.786014080047607422e-01
2.729823589324951172e-01
2.545840740203857422e-01
2.368581295013427734e-01
2.075531482696533203e-01
2.225615978240966797e-01
2.505936622619628906e-01
2.593963146209716797e-01
2.593438625335693359e-01
2.688429355621337891e-01
2.719054222106933594e-01
2.653906345367431641e-01
2.724699974060058594e-01
2.659602165222167969e-01
2.667253017425537109e-01
2.546434402465820312e-01
2.623369693756103516e-01
2.528188228607177734e-01
2.551577091217041016e-01
2.664802074432373047e-01
2.559406757354736328e-01
2.428166866302490234e-01
6.880450248718261719e-02
2.991316318511962891e-01
2.894859313964843750e-01
2.796816825866699219e-01
2.705795764923095703e-01
2.632606029510498047e-01
2.315785884857177734e-01
2.135996818542480469e-01
2.101988792419433594e-01
2.269964218139648438e-01
2.751903533935546875e-01
2.763338088989257812e-01
2.788684368133544922e-01
2.713334560394287109e-01
2.739174365997314453e-01
2.504682540893554688e-01
2.229137420654296875e-01
2.270140647888183594e-01
2.421846389770507812e-01
2.457916736602783203e-01
2.658205032348632812e-01
2.713670730590820312e-01
2.740714550018310547e-01
2.808854579925537109e-01
2.878892421722412109e-01
6.376981735229492188e-02
3.039107322692871094e-01
2.916679382324218750e-01
2.832183837890625000e-01
2.843909263610839844e-01
2.843689918518066406e-01
2.814908027648925781e-01
2.626857757568359375e-01
2.372717857360839844e-01
2.562179565429687500e-01
2.660799026489257812e-01
2.827172279357910156e-01
2.779808044433593750e-01
2.814793586730957031e-01
2.804265022277832031e-01
2.708132266998291016e-01
2.594664096832275391e-01
2.508492469787597656e-01
2.441818714141845703e-01
2.429077625274658203e-01
2.468974590301513672e-01
2.549011707305908203e-01
2.652645111083984375e-01
2.736718654632568359e-01
1.893200874328613281e-01
5.095028877258300781e-02
3.013806343078613281e-01
2.923619747161865234e-01
2.894163131713867188e-01
2.605855464935302734e-01
2.209923267364501953e-01
1.877219676971435547e-01
2.037589550018310547e-01
2.547273635864257812e-01
2.802002429962158203e-01
2.746982574462890625e-01
2.732763290405273438e-01
2.847700119018554688e-01
2.771809101104736328e-01
2.880289554595947266e-01
2.874112129211425781e-01
2.906715869903564453e-01
2.870652675628662109e-01
2.776789665222167969e-01
2.819969654083251953e-01
2.854440212249755859e-01
2.632231712341308594e-01
2.586524486541748047e-01
2.277970314025878906e-01
1.466412544250488281e-01
7.837843894958496094e-02
3.043825626373291016e-01
2.935435771942138672e-01
2.808427810668945312e-01
2.758729457855224609e-01
2.754807472229003906e-01
2.684407234191894531e-01
2.701561450958251953e-01
2.736420631408691406e-01
2.737114429473876953e-01
2.188870906829833984e-01
