2.118921279907226562e-02
1.855611801147460938e-02
1.612329483032226562e-02
1.602125167846679688e-02
2.098155021667480469e-02
1.489186286926269531e-02
2.235913276672363281e-02
2.030086517333984375e-02
1.742005348205566406e-02
1.766467094421386719e-02
1.946330070495605469e-02
1.740717887878417969e-02
2.237486839294433594e-02
2.260947227478027344e-02
1.883244514465332031e-02
1.610684394836425781e-02
1.762914657592773438e-02
1.479816436767578125e-02
2.254271507263183594e-02
2.265405654907226562e-02
1.883006095886230469e-02
1.608538627624511719e-02
1.659107208251953125e-02
1.711058616638183594e-02
2.208185195922851562e-02
2.059102058410644531e-02
2.079391479492187500e-02
5.095005035400390625e-03
1.756381988525390625e-02
6.758213043212890625e-03
7.191658020019531250e-03
6.678342819213867188e-03
1.223707199096679688e-02
1.723885536193847656e-02
1.460337638854980469e-02
1.213812828063964844e-02
2.287292480468750000e-02
2.300262451171875000e-02
2.308869361877441406e-02
2.294254302978515625e-02
2.299523353576660156e-02
2.251839637756347656e-02
2.292275428771972656e-02
1.955986022949218750e-02
1.963686943054199219e-02
1.858711242675781250e-02
1.635909080505371094e-02
1.600718498229980469e-02
2.281618118286132812e-02
2.305865287780761719e-02
2.294397354125976562e-02
2.289414405822753906e-02
2.345108985900878906e-02
2.206897735595703125e-02
2.281785011291503906e-02
5.034446716308593750e-03
1.482796669006347656e-02
1.409912109375000000e-02
1.296424865722656250e-02
6.811618804931640625e-03
9.026527404785156250e-03
6.899118423461914062e-03
6.826877593994140625e-03
6.828784942626953125e-03
1.162266731262207031e-02
6.821870803833007812e-03
1.934623718261718750e-02
1.751184463500976562e-02
1.740765571594238281e-02
1.708269119262695312e-02
1.692366600036621094e-02
1.735877990722656250e-02
2.197623252868652344e-02
1.601576805114746094e-02
1.665639877319335938e-02
1.762080192565917969e-02
1.657795906066894531e-02
1.662182807922363281e-02
2.115416526794433594e-02
1.908278465270996094e-02
1.379871368408203125e-02
7.124900817871093750e-03
1.019096374511718750e-02
5.296230316162109375e-03
7.480621337890625000e-03
6.930828094482421875e-03
6.908416748046875000e-03
6.906032562255859375e-03
6.826639175415039062e-03
6.756544113159179688e-03
1.515960693359375000e-02
1.772403717041015625e-02
1.691985130310058594e-02
1.390457153320312500e-02
7.406949996948242188e-03
9.445667266845703125e-03
1.660060882568359375e-02
1.480746269226074219e-02
1.512145996093750000e-02
1.638364791870117188e-02
1.638913154602050781e-02
1.652240753173828125e-02
1.756882667541503906e-02
1.119446754455566406e-02
9.570598602294921875e-03
1.202225685119628906e-02
1.264047622680664062e-02
1.361751556396484375e-02
1.958560943603515625e-02
1.829648017883300781e-02
1.139903068542480469e-02
5.230665206909179688e-03
7.283687591552734375e-03
6.925344467163085938e-03
1.945900917053222656e-02
1.591539382934570312e-02
1.024675369262695312e-02
8.466243743896484375e-03
8.396625518798828125e-03
8.483886718750000000e-03
1.624608039855957031e-02
9.490966796875000000e-03
1.409626007080078125e-02
1.514625549316406250e-02
1.626491546630859375e-02
1.513862609863281250e-02
1.686978340148925781e-02
1.627802848815917969e-02
1.627731323242187500e-02
1.627230644226074219e-02
1.630282402038574219e-02
1.626992225646972656e-02
1.945042610168457031e-02
1.342248916625976562e-02
8.474111557006835938e-03
6.915092468261718750e-03
9.863138198852539062e-03
9.994029998779296875e-03
2.071332931518554688e-02
5.340337753295898438e-03
1.381969451904296875e-02
1.218247413635253906e-02
1.245903968811035156e-02
6.916761398315429688e-03
2.170705795288085938e-02
1.720261573791503906e-02
9.333610534667968750e-03
1.068520545959472656e-02
1.106023788452148438e-02
1.089549064636230469e-02
1.763176918029785156e-02
1.737236976623535156e-02
1.715373992919921875e-02
1.738715171813964844e-02
1.721596717834472656e-02
1.735877990722656250e-02
1.951122283935546875e-02
1.736688613891601562e-02
1.738333702087402344e-02
1.733040809631347656e-02
1.730442047119140625e-02
1.737380027770996094e-02
1.956224441528320312e-02
1.632809638977050781e-02
1.758480072021484375e-02
1.759910583496093750e-02
1.763272285461425781e-02
5.013942718505859375e-03
7.094860076904296875e-03
1.059532165527343750e-02
1.198387145996093750e-02
1.177716255187988281e-02
1.229810714721679688e-02
1.141858100891113281e-02
2.114915847778320312e-02
1.718854904174804688e-02
1.647853851318359375e-02
1.201605796813964844e-02
1.047182083129882812e-02
1.029562950134277344e-02
1.744270324707031250e-02
1.613497734069824219e-02
1.240706443786621094e-02
1.236319541931152344e-02
1.216769218444824219e-02
1.214551925659179688e-02
1.974749565124511719e-02
1.726579666137695312e-02
1.845979690551757812e-02
1.779794692993164062e-02
1.676821708679199219e-02
1.688981056213378906e-02
1.947689056396484375e-02
1.735949516296386719e-02
1.750135421752929688e-02
5.023717880249023438e-03
7.046699523925781250e-03
6.694793701171875000e-03
1.940274238586425781e-02
1.723074913024902344e-02
1.727271080017089844e-02
1.724386215209960938e-02
1.747083663940429688e-02
1.729702949523925781e-02
1.955747604370117188e-02
1.740694046020507812e-02
1.733827590942382812e-02
1.734304428100585938e-02
1.730942726135253906e-02
1.731252670288085938e-02
1.855373382568359375e-02
2.172708511352539062e-02
1.848387718200683594e-02
1.498508453369140625e-02
1.856923103332519531e-02
1.018786430358886719e-02
2.382516860961914062e-02
2.055740356445312500e-02
1.942944526672363281e-02
1.942825317382812500e-02
1.942396163940429688e-02
1.944708824157714844e-02
2.101111412048339844e-02
5.156517028808593750e-03
1.610898971557617188e-02
9.704113006591796875e-03
8.351325988769531250e-03
8.542776107788085938e-03
2.212882041931152344e-02
2.063846588134765625e-02
2.067160606384277344e-02
1.933240890502929688e-02
2.074980735778808594e-02
1.884150505065917969e-02
2.093744277954101562e-02
1.945352554321289062e-02
1.947450637817382812e-02
1.679563522338867188e-02
1.833891868591308594e-02
1.616787910461425781e-02
2.053618431091308594e-02
2.195620536804199219e-02
1.853585243225097656e-02
1.626348495483398438e-02
1.828432083129882812e-02
1.457571983337402344e-02
2.081155776977539062e-02
2.074790000915527344e-02
2.078747749328613281e-02
2.067255973815917969e-02
1.865458488464355469e-02
6.304740905761718750e-03
1.013636589050292969e-02
1.135087013244628906e-02
9.045600891113281250e-03
6.800413131713867188e-03
6.768465042114257812e-03
6.802797317504882812e-03
2.072811126708984375e-02
2.074289321899414062e-02
1.610183715820312500e-02
1.439619064331054688e-02
1.075077056884765625e-02
1.060223579406738281e-02
1.894307136535644531e-02
1.946020126342773438e-02
1.947689056396484375e-02
1.947927474975585938e-02
1.950049400329589844e-02
1.942157745361328125e-02
1.695394515991210938e-02
1.475858688354492188e-02
1.433515548706054688e-02
1.453495025634765625e-02
1.179933547973632812e-02
6.786108016967773438e-03
2.217102050781250000e-02
2.083396911621093750e-02
2.130413055419921875e-02
6.230354309082031250e-03
8.890867233276367188e-03
6.807565689086914062e-03
1.880478858947753906e-02
1.848363876342773438e-02
1.593160629272460938e-02
1.262998580932617188e-02
1.711988449096679688e-02
7.767438888549804688e-03
2.227592468261718750e-02
1.471424102783203125e-02
1.855421066284179688e-02
1.277637481689453125e-02
1.260924339294433594e-02
1.212525367736816406e-02
2.099895477294921875e-02
1.882410049438476562e-02
1.610517501831054688e-02
1.492333412170410156e-02
1.946783065795898438e-02
9.938240051269531250e-03
1.164603233337402344e-02
9.927511215209960938e-03
9.939193725585937500e-03
9.979009628295898438e-03
9.415864944458007812e-03
9.128570556640625000e-03
1.821255683898925781e-02
6.297349929809570312e-03
1.053595542907714844e-02
9.632825851440429688e-03
9.846210479736328125e-03
6.801366806030273438e-03
2.100896835327148438e-02
1.375365257263183594e-02
6.974935531616210938e-03
1.012754440307617188e-02
9.811878204345703125e-03
9.902477264404296875e-03
2.041864395141601562e-02
1.426243782043457031e-02
6.934642791748046875e-03
9.963989257812500000e-03
9.978294372558593750e-03
1.027941703796386719e-02
2.115297317504882812e-02
1.428556442260742188e-02
6.986856460571289062e-03
1.021122932434082031e-02
9.984016418457031250e-03
9.974956512451171875e-03
1.625680923461914062e-02
1.441526412963867188e-02
1.299095153808593750e-02
1.189827919006347656e-02
1.196122169494628906e-02
8.236169815063476562e-03
7.238149642944335938e-03
1.548051834106445312e-02
7.244586944580078125e-03
7.168769836425781250e-03
6.772279739379882812e-03
6.758213043212890625e-03
2.062249183654785156e-02
1.894807815551757812e-02
1.148223876953125000e-02
9.990453720092773438e-03
9.857177734375000000e-03
1.251316070556640625e-02
1.895260810852050781e-02
1.919460296630859375e-02
1.824569702148437500e-02
1.663327217102050781e-02
1.423048973083496094e-02
6.961584091186523438e-03
1.930165290832519531e-02
1.935482025146484375e-02
1.943969726562500000e-02
1.955103874206542969e-02
1.941037178039550781e-02
1.936817169189453125e-02
1.765346527099609375e-02
1.730465888977050781e-02
1.729321479797363281e-02
5.793094635009765625e-03
1.078057289123535156e-02
6.812095642089843750e-03
2.186775207519531250e-02
1.888465881347656250e-02
9.658336639404296875e-03
8.565664291381835938e-03
8.485555648803710938e-03
8.569955825805664062e-03
2.064085006713867188e-02
1.890206336975097656e-02
1.154637336730957031e-02
9.968042373657226562e-03
8.297681808471679688e-03
8.355140686035156250e-03
1.892018318176269531e-02
1.947665214538574219e-02
1.939606666564941406e-02
1.999783515930175781e-02
1.519966125488281250e-02
1.045203208923339844e-02
2.168273925781250000e-02
1.508331298828125000e-02
1.045703887939453125e-02
1.071929931640625000e-02
1.078772544860839844e-02
1.074028015136718750e-02
1.642322540283203125e-02
5.160570144653320312e-03
7.590055465698242188e-03
7.235527038574218750e-03
7.301092147827148438e-03
7.224559783935546875e-03
2.310276031494140625e-02
2.117300033569335938e-02
1.336121559143066406e-02
8.334636688232421875e-03
7.869720458984375000e-03
7.841348648071289062e-03
2.221536636352539062e-02
2.023601531982421875e-02
1.553916931152343750e-02
7.810592651367187500e-03
7.832288742065429688e-03
7.806301116943359375e-03
2.098560333251953125e-02
1.692271232604980469e-02
1.675248146057128906e-02
1.639866828918457031e-02
1.147103309631347656e-02
8.153200149536132812e-03
2.180910110473632812e-02
1.830196380615234375e-02
9.683847427368164062e-03
8.516073226928710938e-03
1.259565353393554688e-02
5.764484405517578125e-03
7.254600524902343750e-03
6.986379623413085938e-03
7.220983505249023438e-03
8.558988571166992188e-03
8.519411087036132812e-03
6.728410720825195312e-03
1.927924156188964844e-02
1.687908172607421875e-02
7.444858551025390625e-03
7.261276245117187500e-03
7.167816162109375000e-03
7.209062576293945312e-03
1.935291290283203125e-02
1.940178871154785156e-02
1.810073852539062500e-02
1.654672622680664062e-02
1.412510871887207031e-02
1.375246047973632812e-02
1.927852630615234375e-02
1.956915855407714844e-02
1.947450637817382812e-02
1.956439018249511719e-02
1.950860023498535156e-02
1.986455917358398438e-02
2.227067947387695312e-02
1.672720909118652344e-02
1.652073860168457031e-02
5.405664443969726562e-03
1.270174980163574219e-02
6.762742996215820312e-03
1.714420318603515625e-02
1.773834228515625000e-02
1.752185821533203125e-02
1.763105392456054688e-02
1.657700538635253906e-02
1.379704475402832031e-02
1.996421813964843750e-02
1.631188392639160156e-02
1.756978034973144531e-02
1.767826080322265625e-02
1.766705513000488281e-02
1.761841773986816406e-02
1.937007904052734375e-02
1.294469833374023438e-02
1.100015640258789062e-02
1.119184494018554688e-02
1.115012168884277344e-02
1.266193389892578125e-02
1.944804191589355469e-02
1.553797721862792969e-02
1.624417304992675781e-02
1.422286033630371094e-02
1.482558250427246094e-02
1.484107971191406250e-02
2.004599571228027344e-02
5.063056945800781250e-03
7.302761077880859375e-03
1.022410392761230469e-02
1.908302307128906250e-02
1.221919059753417969e-02
1.287078857421875000e-02
1.210045814514160156e-02
1.201725006103515625e-02
1.195025444030761719e-02
1.196837425231933594e-02
1.211094856262207031e-02
2.405619621276855469e-02
2.385282516479492188e-02
2.232003211975097656e-02
2.237105369567871094e-02
2.211785316467285156e-02
2.199220657348632812e-02
2.110385894775390625e-02
1.697254180908203125e-02
8.629798889160156250e-03
6.752729415893554688e-03
6.763696670532226562e-03
6.743192672729492188e-03
2.256631851196289062e-02
2.207612991333007812e-02
2.081513404846191406e-02
1.606702804565429688e-02
8.563280105590820312e-03
7.666587829589843750e-03
7.062435150146484375e-03
1.659202575683593750e-02
1.212549209594726562e-02
1.399683952331542969e-02
1.403999328613281250e-02
1.412725448608398438e-02
1.989650726318359375e-02
1.836395263671875000e-02
1.635909080505371094e-02
1.175522804260253906e-02
1.168036460876464844e-02
1.169490814208984375e-02
2.177286148071289062e-02
2.175116539001464844e-02
2.183222770690917969e-02
1.959085464477539062e-02
1.835751533508300781e-02
1.619124412536621094e-02
2.157449722290039062e-02
2.179574966430664062e-02
2.177429199218750000e-02
2.059745788574218750e-02
1.625418663024902344e-02
1.625704765319824219e-02
2.223443984985351562e-02
2.204942703247070312e-02
2.201390266418457031e-02
5.003690719604492188e-03
9.590387344360351562e-03
8.819818496704101562e-03
2.079534530639648438e-02
2.072119712829589844e-02
1.645588874816894531e-02
1.317095756530761719e-02
1.184558868408203125e-02
1.238870620727539062e-02
1.827120780944824219e-02
1.685714721679687500e-02
1.655983924865722656e-02
1.625943183898925781e-02
1.858139038085937500e-02
1.141095161437988281e-02
2.162909507751464844e-02
1.966595649719238281e-02
1.985597610473632812e-02
1.867890357971191406e-02
1.717305183410644531e-02
1.813125610351562500e-02
2.302050590515136719e-02
2.324652671813964844e-02
2.326583862304687500e-02
2.207875251770019531e-02
1.989960670471191406e-02
1.844072341918945312e-02
2.265596389770507812e-02
5.059719085693359375e-03
7.314205169677734375e-03
1.381254196166992188e-02
6.949186325073242188e-03
9.155273437500000000e-03
2.067160606384277344e-02
1.945543289184570312e-02
1.920461654663085938e-02
1.930332183837890625e-02
1.945090293884277344e-02
1.932358741760253906e-02
1.962518692016601562e-02
1.624536514282226562e-02
1.640701293945312500e-02
1.771402359008789062e-02
1.459598541259765625e-02
1.260209083557128906e-02
2.190256118774414062e-02
1.965188980102539062e-02
1.965403556823730469e-02
1.903986930847167969e-02
1.764678955078125000e-02
1.493835449218750000e-02
2.117109298706054688e-02
1.952290534973144531e-02
1.900982856750488281e-02
1.942753791809082031e-02
1.904606819152832031e-02
5.745887756347656250e-03
9.126663208007812500e-03
7.247924804687500000e-03
6.931304931640625000e-03
6.817102432250976562e-03
6.770610809326171875e-03
6.772518157958984375e-03
2.085494995117187500e-02
1.937031745910644531e-02
1.945066452026367188e-02
1.933455467224121094e-02
1.936101913452148438e-02
1.935005187988281250e-02
1.837062835693359375e-02
1.352071762084960938e-02
1.077198982238769531e-02
1.079440116882324219e-02
1.294922828674316406e-02
1.066422462463378906e-02
2.213668823242187500e-02
2.143287658691406250e-02
2.243399620056152344e-02
2.074456214904785156e-02
1.981401443481445312e-02
1.958847045898437500e-02
2.204918861389160156e-02
2.244186401367187500e-02
2.064371109008789062e-02
5.786657333374023438e-03
7.139444351196289062e-03
1.208353042602539062e-02
2.068257331848144531e-02
1.949930191040039062e-02
1.930999755859375000e-02
1.945590972900390625e-02
1.936268806457519531e-02
1.941967010498046875e-02
2.108883857727050781e-02
1.921963691711425781e-02
1.936125755310058594e-02
1.929569244384765625e-02
1.929807662963867188e-02
1.944446563720703125e-02
1.844501495361328125e-02
1.346325874328613281e-02
1.082849502563476562e-02
1.099705696105957031e-02
1.088190078735351562e-02
1.075077056884765625e-02
2.128839492797851562e-02
2.047681808471679688e-02
2.064609527587890625e-02
2.073860168457031250e-02
2.246308326721191406e-02
2.234101295471191406e-02
2.115321159362792969e-02
5.672693252563476562e-03
9.422063827514648438e-03
7.319211959838867188e-03
7.055521011352539062e-03
7.142543792724609375e-03
2.262902259826660156e-02
2.076983451843261719e-02
2.207517623901367188e-02
2.173519134521484375e-02
2.199721336364746094e-02
2.121829986572265625e-02
2.147245407104492188e-02
1.968717575073242188e-02
1.947903633117675781e-02
1.967692375183105469e-02
1.959657669067382812e-02
1.966834068298339844e-02
1.980805397033691406e-02
1.999950408935546875e-02
1.559114456176757812e-02
1.264834403991699219e-02
1.088905334472656250e-02
1.090455055236816406e-02
2.086877822875976562e-02
2.105212211608886719e-02
2.074837684631347656e-02
2.270793914794921875e-02
1.957964897155761719e-02
6.232738494873046875e-03
1.210165023803710938e-02
1.076030731201171875e-02
1.071286201477050781e-02
6.860256195068359375e-03
6.823062896728515625e-03
6.774663925170898438e-03
2.269220352172851562e-02
1.942968368530273438e-02
1.942062377929687500e-02
1.936244964599609375e-02
1.932859420776367188e-02
1.946830749511718750e-02
2.273559570312500000e-02
2.095270156860351562e-02
1.941585540771484375e-02
1.938629150390625000e-02
1.935935020446777344e-02
1.927018165588378906e-02
2.060246467590332031e-02
1.613640785217285156e-02
1.506137847900390625e-02
1.727223396301269531e-02
1.618432998657226562e-02
1.222872734069824219e-02
2.160286903381347656e-02
2.145314216613769531e-02
2.054786682128906250e-02
6.226062774658203125e-03
8.952140808105468750e-03
6.792068481445312500e-03
2.229547500610351562e-02
2.064442634582519531e-02
1.937770843505859375e-02
1.945114135742187500e-02
1.944446563720703125e-02
1.663780212402343750e-02
2.092289924621582031e-02
1.946377754211425781e-02
1.949810981750488281e-02
1.942968368530273438e-02
1.938056945800781250e-02
1.942801475524902344e-02
2.118706703186035156e-02
1.945281028747558594e-02
1.932668685913085938e-02
1.932168006896972656e-02
1.937389373779296875e-02
1.932334899902343750e-02
2.083468437194824219e-02
2.099895477294921875e-02
2.093100547790527344e-02
2.101755142211914062e-02
2.044439315795898438e-02
2.079486846923828125e-02
2.170062065124511719e-02
6.207704544067382812e-03
6.973028182983398438e-03
6.792545318603515625e-03
6.765365600585937500e-03
6.817579269409179688e-03
2.246713638305664062e-02
2.053070068359375000e-02
1.627659797668457031e-02
1.610589027404785156e-02
1.830339431762695312e-02
1.299810409545898438e-02
2.106833457946777344e-02
2.086830139160156250e-02
2.082419395446777344e-02
2.086830139160156250e-02
2.080082893371582031e-02
2.080106735229492188e-02
2.245116233825683594e-02
2.046537399291992188e-02
1.612162590026855469e-02
1.764702796936035156e-02
1.930999755859375000e-02
1.596713066101074219e-02
1.439356803894042969e-02
1.109647750854492188e-02
1.084685325622558594e-02
1.087784767150878906e-02
1.088881492614746094e-02
6.256103515625000000e-03
6.991624832153320312e-03
6.965160369873046875e-03
9.792089462280273438e-03
7.003307342529296875e-03
6.825923919677734375e-03
6.789922714233398438e-03
2.222681045532226562e-02
1.941466331481933594e-02
1.940751075744628906e-02
1.946544647216796875e-02
1.943421363830566406e-02
1.935696601867675781e-02
2.084374427795410156e-02
2.101874351501464844e-02
2.101469039916992188e-02
2.106904983520507812e-02
2.081608772277832031e-02
2.096819877624511719e-02
2.253866195678710938e-02
2.099704742431640625e-02
1.950430870056152344e-02
1.940226554870605469e-02
1.943182945251464844e-02
1.946902275085449219e-02
7.416486740112304688e-03
6.820678710937500000e-03
7.865190505981445312e-03
7.050991058349609375e-03
1.063704490661621094e-02
7.467269897460937500e-03
2.299118041992187500e-02
2.278637886047363281e-02
2.270340919494628906e-02
2.279496192932128906e-02
2.178454399108886719e-02
1.838111877441406250e-02
2.303051948547363281e-02
2.278971672058105469e-02
2.291512489318847656e-02
2.283716201782226562e-02
2.281594276428222656e-02
2.324604988098144531e-02
2.259397506713867188e-02
2.286410331726074219e-02
2.166247367858886719e-02
1.945900917053222656e-02
1.612949371337890625e-02
1.180005073547363281e-02
2.130389213562011719e-02
1.842617988586425781e-02
1.620769500732421875e-02
1.170539855957031250e-02
1.188325881958007812e-02
1.071715354919433594e-02
1.907610893249511719e-02
5.063533782958984375e-03
7.140159606933593750e-03
6.804704666137695312e-03
9.789943695068359375e-03
8.353710174560546875e-03
2.130508422851562500e-02
2.211880683898925781e-02
1.858425140380859375e-02
1.778936386108398438e-02
1.991724967956542969e-02
1.405739784240722656e-02
2.119135856628417969e-02
1.945114135742187500e-02
1.881504058837890625e-02
9.074687957763671875e-03
6.751775741577148438e-03
6.684780120849609375e-03
2.109766006469726562e-02
2.180409431457519531e-02
1.921939849853515625e-02
1.749682426452636719e-02
1.461744308471679688e-02
8.471488952636718750e-03
2.123117446899414062e-02
2.217864990234375000e-02
1.749372482299804688e-02
1.488661766052246094e-02
8.585929870605468750e-03
5.125284194946289062e-03
7.123470306396484375e-03
7.015705108642578125e-03
1.722073554992675781e-02
1.720499992370605469e-02
2.007412910461425781e-02
1.608324050903320312e-02
2.204585075378417969e-02
2.131104469299316406e-02
1.306390762329101562e-02
6.735086441040039062e-03
6.699800491333007812e-03
7.815122604370117188e-03
2.313160896301269531e-02
2.290797233581542969e-02
2.178454399108886719e-02
2.193140983581542969e-02
2.193140983581542969e-02
1.961946487426757812e-02
2.342581748962402344e-02
2.207660675048828125e-02
2.220344543457031250e-02
1.916551589965820312e-02
1.850891113281250000e-02
1.465177536010742188e-02
2.302026748657226562e-02
2.191376686096191406e-02
1.975393295288085938e-02
4.961967468261718750e-03
7.073402404785156250e-03
7.087945938110351562e-03
2.034354209899902344e-02
1.694369316101074219e-02
1.270365715026855469e-02
8.559942245483398438e-03
8.608341217041015625e-03
8.611679077148437500e-03
2.368974685668945312e-02
2.191376686096191406e-02
2.205228805541992188e-02
2.211332321166992188e-02
2.208566665649414062e-02
2.202439308166503906e-02
2.129244804382324219e-02
2.418470382690429688e-02
2.298140525817871094e-02
2.340960502624511719e-02
2.203202247619628906e-02
2.074098587036132812e-02
2.347826957702636719e-02
2.212023735046386719e-02
2.030181884765625000e-02
2.360582351684570312e-02
2.197599411010742188e-02
2.218246459960937500e-02
1.919174194335937500e-02
5.143165588378906250e-03
2.013015747070312500e-02
2.456426620483398438e-02
2.003002166748046875e-02
2.029705047607421875e-02
1.329660415649414062e-02
9.055137634277343750e-03
6.964445114135742188e-03
6.949901580810546875e-03
7.703065872192382812e-03
1.093554496765136719e-02
2.339315414428710938e-02
2.337932586669921875e-02
2.342844009399414062e-02
2.344846725463867188e-02
2.422165870666503906e-02
2.181386947631835938e-02
2.161693572998046875e-02
1.960802078247070312e-02
1.968050003051757812e-02
1.638317108154296875e-02
1.214623451232910156e-02
1.190590858459472656e-02
2.177572250366210938e-02
1.970791816711425781e-02
1.911854743957519531e-02
1.639008522033691406e-02
1.199102401733398438e-02
5.095243453979492188e-03
7.289886474609375000e-03
7.139921188354492188e-03
1.199173927307128906e-02
1.194596290588378906e-02
1.190090179443359375e-02
1.191425323486328125e-02
1.487779617309570312e-02
1.519107818603515625e-02
1.516556739807128906e-02
1.738095283508300781e-02
1.754045486450195312e-02
1.803660392761230469e-02
2.137660980224609375e-02
1.680231094360351562e-02
1.817560195922851562e-02
1.812982559204101562e-02
1.816439628601074219e-02
1.820135116577148438e-02
1.967000961303710938e-02
1.746726036071777344e-02
1.764202117919921875e-02
1.639747619628906250e-02
1.418113708496093750e-02
1.416802406311035156e-02
1.970887184143066406e-02
1.748633384704589844e-02
1.749396324157714844e-02
5.009412765502929688e-03
7.017612457275390625e-03
7.132291793823242188e-03
1.964402198791503906e-02
1.739144325256347656e-02
1.721596717834472656e-02
1.753926277160644531e-02
1.746487617492675781e-02
1.745295524597167969e-02
1.379728317260742188e-02
9.245157241821289062e-03
7.329702377319335938e-03
7.280826568603515625e-03
1.094651222229003906e-02
7.306814193725585938e-03
1.982593536376953125e-02
1.751422882080078125e-02
1.748538017272949219e-02
1.501083374023437500e-02
8.688688278198242188e-03
6.974458694458007812e-03
1.949572563171386719e-02
1.749825477600097656e-02
1.669073104858398438e-02
1.417970657348632812e-02
1.419949531555175781e-02
1.414251327514648438e-02
1.903533935546875000e-02
5.066394805908203125e-03
6.986379623413085938e-03
1.209807395935058594e-02
7.021188735961914062e-03
6.765127182006835938e-03
2.198386192321777344e-02
1.643633842468261719e-02
1.757359504699707031e-02
1.762175559997558594e-02
1.777243614196777344e-02
1.775479316711425781e-02
1.434659957885742188e-02
1.370978355407714844e-02
1.661729812622070312e-02
1.638722419738769531e-02
1.660299301147460938e-02
1.661348342895507812e-02
1.989436149597167969e-02
1.750731468200683594e-02
1.748251914978027344e-02
1.746869087219238281e-02
1.740312576293945312e-02
1.747965812683105469e-02
1.962924003601074219e-02
1.729083061218261719e-02
1.741385459899902344e-02
1.740932464599609375e-02
1.717138290405273438e-02
5.092620849609375000e-03
7.248401641845703125e-03
1.362919807434082031e-02
6.787538528442382812e-03
6.806850433349609375e-03
6.771802902221679688e-03
6.726264953613281250e-03
2.256941795349121094e-02
1.714539527893066406e-02
1.234984397888183594e-02
1.227664947509765625e-02
1.231288909912109375e-02
1.195454597473144531e-02
1.544499397277832031e-02
1.482844352722167969e-02
1.466751098632812500e-02
1.451230049133300781e-02
1.463079452514648438e-02
1.468396186828613281e-02
1.956701278686523438e-02
1.749682426452636719e-02
1.734781265258789062e-02
1.730251312255859375e-02
1.732325553894042969e-02
1.750612258911132812e-02
1.959800720214843750e-02
1.741552352905273438e-02
1.738166809082031250e-02
4.917383193969726562e-03
1.564288139343261719e-02
1.441907882690429688e-02
1.994633674621582031e-02
1.486039161682128906e-02
1.388788223266601562e-02
8.473873138427734375e-03
6.647348403930664062e-03
6.677627563476562500e-03
1.951313018798828125e-02
1.740121841430664062e-02
1.645421981811523438e-02
1.458811759948730469e-02
8.623600006103515625e-03
6.671905517578125000e-03
1.566076278686523438e-02
1.741361618041992188e-02
1.441240310668945312e-02
1.358342170715332031e-02
6.798028945922851562e-03
6.848573684692382812e-03
2.218484878540039062e-02
2.108407020568847656e-02
1.868081092834472656e-02
1.832270622253417969e-02
1.712799072265625000e-02
1.489615440368652344e-02
1.847600936889648438e-02
5.751132965087890625e-03
1.398992538452148438e-02
1.175665855407714844e-02
1.187968254089355469e-02
6.667852401733398438e-03
2.238917350769042969e-02
2.241730690002441406e-02
1.877117156982421875e-02
1.466369628906250000e-02
1.503157615661621094e-02
1.509952545166015625e-02
2.334308624267578125e-02
2.066755294799804688e-02
1.621603965759277344e-02
1.067471504211425781e-02
1.161384582519531250e-02
1.075077056884765625e-02
7.261753082275390625e-03
6.706476211547851562e-03
6.798744201660156250e-03
1.666617393493652344e-02
1.883196830749511719e-02
1.841115951538085938e-02
2.345824241638183594e-02
2.199602127075195312e-02
2.086448669433593750e-02
2.236580848693847656e-02
2.241683006286621094e-02
5.622863769531250000e-03
7.137537002563476562e-03
6.848096847534179688e-03
9.240150451660156250e-03
6.778478622436523438e-03
6.757020950317382812e-03
7.788181304931640625e-03
2.336096763610839844e-02
2.081847190856933594e-02
1.618075370788574219e-02
1.181507110595703125e-02
1.192712783813476562e-02
1.161766052246093750e-02
2.335143089294433594e-02
2.065467834472656250e-02
1.513457298278808594e-02
1.180100440979003906e-02
8.519887924194335938e-03
8.571863174438476562e-03
2.079296112060546875e-02
2.215242385864257812e-02
2.067637443542480469e-02
2.117609977722167969e-02
2.193832397460937500e-02
2.329754829406738281e-02
2.186465263366699219e-02
1.974344253540039062e-02
1.986217498779296875e-02
5.501270294189453125e-03
7.409095764160156250e-03
1.421093940734863281e-02
2.277374267578125000e-02
1.866316795349121094e-02
1.609754562377929688e-02
1.709866523742675781e-02
1.956892013549804688e-02
1.726436614990234375e-02
2.324295043945312500e-02
2.253890037536621094e-02
1.846432685852050781e-02
1.688861846923828125e-02
1.608228683471679688e-02
1.589798927307128906e-02
2.209639549255371094e-02
2.201771736145019531e-02
2.197480201721191406e-02
2.190375328063964844e-02
2.190232276916503906e-02
2.197384834289550781e-02
1.823830604553222656e-02
1.752901077270507812e-02
1.756048202514648438e-02
1.977753639221191406e-02
2.189540863037109375e-02
1.743340492248535156e-02
2.175045013427734375e-02
6.091833114624023438e-03
7.443428039550781250e-03
1.002025604248046875e-02
1.202297210693359375e-02
1.197528839111328125e-02
2.127861976623535156e-02
2.381825447082519531e-02
2.189636230468750000e-02
1.756787300109863281e-02
1.551318168640136719e-02
1.556468009948730469e-02
2.210164070129394531e-02
2.075171470642089844e-02
1.976323127746582031e-02
1.967930793762207031e-02
1.644611358642578125e-02
1.635026931762695312e-02
2.291488647460937500e-02
2.090787887573242188e-02
2.070116996765136719e-02
1.850032806396484375e-02
1.452422142028808594e-02
1.193308830261230469e-02
1.631283760070800781e-02
1.646065711975097656e-02
1.860737800598144531e-02
1.930308341979980469e-02
1.576566696166992188e-02
6.211996078491210938e-03
1.311683654785156250e-02
1.201128959655761719e-02
1.424121856689453125e-02
1.413035392761230469e-02
8.503198623657226562e-03
8.370161056518554688e-03
2.055287361145019531e-02
2.042841911315917969e-02
1.839995384216308594e-02
1.599979400634765625e-02
1.161265373229980469e-02
1.063847541809082031e-02
2.159476280212402344e-02
2.052569389343261719e-02
1.308917999267578125e-02
6.712913513183593750e-03
6.749629974365234375e-03
1.072096824645996094e-02
2.242922782897949219e-02
2.306985855102539062e-02
2.294826507568359375e-02
2.302050590515136719e-02
2.332901954650878906e-02
2.273130416870117188e-02
1.777410507202148438e-02
1.716756820678710938e-02
1.720738410949707031e-02
4.934072494506835938e-03
6.968021392822265625e-03
6.807327270507812500e-03
2.155470848083496094e-02
1.842427253723144531e-02
1.628613471984863281e-02
1.183319091796875000e-02
1.169991493225097656e-02
1.155161857604980469e-02
2.210760116577148438e-02
1.829171180725097656e-02
1.289820671081542969e-02
1.204442977905273438e-02
1.154351234436035156e-02
1.153111457824707031e-02
2.213025093078613281e-02
2.191710472106933594e-02
2.200126647949218750e-02
2.203583717346191406e-02
2.187800407409667969e-02
2.195191383361816406e-02
2.355051040649414062e-02
2.340245246887207031e-02
2.310585975646972656e-02
2.063751220703125000e-02
2.203273773193359375e-02
2.061462402343750000e-02
1.744461059570312500e-02
6.396770477294921875e-03
7.063627243041992188e-03
6.786346435546875000e-03
9.153842926025390625e-03
7.025241851806640625e-03
2.312803268432617188e-02
2.209615707397460938e-02
2.090334892272949219e-02
1.602721214294433594e-02
8.485317230224609375e-03
6.694793701171875000e-03
2.178668975830078125e-02
1.699995994567871094e-02
8.496522903442382812e-03
6.691455841064453125e-03
6.723403930664062500e-03
1.438927650451660156e-02
2.337098121643066406e-02
2.347302436828613281e-02
2.178120613098144531e-02
2.195262908935546875e-02
1.971030235290527344e-02
1.849985122680664062e-02
2.347564697265625000e-02
2.297258377075195312e-02
2.190828323364257812e-02
2.307176589965820312e-02
2.281117439270019531e-02
4.902601242065429688e-03
6.928443908691406250e-03
1.208424568176269531e-02
6.968021392822265625e-03
1.214098930358886719e-02
8.477687835693359375e-03
6.808042526245117188e-03
2.283263206481933594e-02
2.183580398559570312e-02
2.268433570861816406e-02
2.300190925598144531e-02
2.317571640014648438e-02
2.295207977294921875e-02
2.313756942749023438e-02
2.176690101623535156e-02
2.177000045776367188e-02
2.164626121520996094e-02
2.184844017028808594e-02
2.186083793640136719e-02
2.324628829956054688e-02
2.184319496154785156e-02
2.226901054382324219e-02
1.957821846008300781e-02
1.864862442016601562e-02
1.737618446350097656e-02
2.316617965698242188e-02
2.192068099975585938e-02
2.193331718444824219e-02
5.021333694458007812e-03
7.104635238647460938e-03
9.202718734741210938e-03
2.055263519287109375e-02
2.281689643859863281e-02
2.180480957031250000e-02
1.947999000549316406e-02
1.708769798278808594e-02
1.692128181457519531e-02
2.095293998718261719e-02
2.175974845886230469e-02
2.322864532470703125e-02
2.171850204467773438e-02
2.073597908020019531e-02
1.636815071105957031e-02
2.161622047424316406e-02
1.972842216491699219e-02
1.972937583923339844e-02
1.836705207824707031e-02
1.629257202148437500e-02
1.198673248291015625e-02
2.180194854736328125e-02
1.972460746765136719e-02
1.890707015991210938e-02
1.644921302795410156e-02
1.190423965454101562e-02
1.193189620971679688e-02
2.228283882141113281e-02
5.053758621215820312e-03
7.174491882324218750e-03
1.215267181396484375e-02
6.763696670532226562e-03
6.813764572143554688e-03
1.725029945373535156e-02
1.763653755187988281e-02
1.751852035522460938e-02
1.083731651306152344e-02
7.333517074584960938e-03
7.288694381713867188e-03
2.375054359436035156e-02
2.240228652954101562e-02
2.101063728332519531e-02
1.183724403381347656e-02
1.963615417480468750e-02
1.961231231689453125e-02
2.215814590454101562e-02
2.157187461853027344e-02
2.169442176818847656e-02
2.170181274414062500e-02
2.156758308410644531e-02
1.832938194274902344e-02
2.264094352722167969e-02
2.356266975402832031e-02
1.891875267028808594e-02
1.136064529418945312e-02
7.539749145507812500e-03
5.029439926147460938e-03
6.879568099975585938e-03
7.050514221191406250e-03
7.226467132568359375e-03
1.080632209777832031e-02
1.198697090148925781e-02
1.184844970703125000e-02
8.861303329467773438e-03
7.439851760864257812e-03
7.361888885498046875e-03
7.370948791503906250e-03
7.372379302978515625e-03
7.331609725952148438e-03
2.255201339721679688e-02
2.094388008117675781e-02
1.924657821655273438e-02
1.722741127014160156e-02
1.668882369995117188e-02
1.724171638488769531e-02
1.895427703857421875e-02
1.903939247131347656e-02
2.083349227905273438e-02
1.957511901855468750e-02
1.747083663940429688e-02
1.603698730468750000e-02
2.289342880249023438e-02
2.210354804992675781e-02
2.121496200561523438e-02
5.233764648437500000e-03
7.444620132446289062e-03
1.207041740417480469e-02
2.262163162231445312e-02
2.083969116210937500e-02
1.935935020446777344e-02
1.933860778808593750e-02
1.944112777709960938e-02
1.932168006896972656e-02
