6.943744659423828125e+00
5.960546970367431641e+00
5.186346530914306641e+00
3.825517177581787109e+00
2.798892736434936523e+00
2.580901622772216797e+00
2.198520660400390625e+00
1.994300961494445801e+00
2.016656875610351562e+00
1.960629343986511230e+00
2.087598085403442383e+00
1.872976183891296387e+00
1.940688133239746094e+00
1.841331839561462402e+00
1.967436671257019043e+00
1.779135584831237793e+00
1.754580736160278320e+00
1.771358370780944824e+00
1.789417624473571777e+00
1.783882856369018555e+00
1.773125410079956055e+00
1.927338838577270508e+00
1.843721151351928711e+00
1.722747087478637695e+00
1.865706086158752441e+00
1.657854795455932617e+00
1.692069172859191895e+00
1.672581315040588379e+00
1.654885292053222656e+00
1.735091686248779297e+00
1.689245462417602539e+00
1.642011046409606934e+00
1.590399146080017090e+00
1.720033645629882812e+00
1.688960433006286621e+00
1.555026173591613770e+00
1.663661122322082520e+00
1.688166379928588867e+00
1.673489451408386230e+00
1.591374278068542480e+00
1.668056368827819824e+00
1.533357262611389160e+00
1.435876250267028809e+00
1.597242474555969238e+00
1.720796346664428711e+00
1.490186572074890137e+00
1.625701665878295898e+00
1.444914579391479492e+00
1.460487127304077148e+00
1.516716718673706055e+00
1.390500903129577637e+00
1.573472023010253906e+00
1.403981804847717285e+00
1.530092477798461914e+00
1.559278607368469238e+00
1.595981001853942871e+00
1.503464102745056152e+00
1.564541220664978027e+00
1.608904957771301270e+00
1.507258653640747070e+00
1.368454575538635254e+00
1.382865667343139648e+00
1.421546339988708496e+00
1.785801172256469727e+00
1.645008325576782227e+00
1.626274943351745605e+00
1.407138943672180176e+00
1.425026178359985352e+00
1.467132568359375000e+00
1.575361967086791992e+00
1.831029176712036133e+00
1.636669516563415527e+00
1.441525697708129883e+00
1.430765032768249512e+00
1.347235202789306641e+00
1.378237724304199219e+00
1.345772027969360352e+00
1.424656748771667480e+00
1.352754592895507812e+00
1.491516828536987305e+00
1.267436742782592773e+00
1.254907608032226562e+00
1.438925504684448242e+00
1.282335042953491211e+00
1.615786314010620117e+00
1.423587322235107422e+00
1.458002686500549316e+00
1.409573554992675781e+00
1.244551181793212891e+00
1.378747344017028809e+00
1.466168999671936035e+00
1.480818271636962891e+00
1.514055490493774414e+00
1.413005232810974121e+00
1.315897583961486816e+00
1.280062913894653320e+00
1.251828670501708984e+00
1.333168029785156250e+00
1.415374279022216797e+00
1.391781210899353027e+00
1.280639052391052246e+00
1.207816720008850098e+00
1.374512672424316406e+00
1.370256185531616211e+00
1.088376879692077637e+00
1.117130875587463379e+00
1.276517868041992188e+00
1.277242183685302734e+00
1.111404418945312500e+00
1.204465866088867188e+00
1.268786311149597168e+00
1.256801724433898926e+00
1.371291995048522949e+00
1.243413686752319336e+00
1.530784606933593750e+00
1.142733335494995117e+00
1.290233254432678223e+00
1.369358539581298828e+00
1.264807701110839844e+00
1.356209039688110352e+00
1.116800546646118164e+00
1.305399417877197266e+00
1.208354592323303223e+00
1.113498926162719727e+00
1.241458892822265625e+00
1.228975653648376465e+00
1.267947912216186523e+00
1.267812609672546387e+00
1.255225658416748047e+00
1.294273614883422852e+00
1.196324467658996582e+00
1.018721580505371094e+00
1.114914417266845703e+00
1.175072908401489258e+00
1.097639083862304688e+00
1.150709629058837891e+00
1.105360984802246094e+00
1.198321104049682617e+00
1.398154854774475098e+00
1.174011945724487305e+00
1.259709715843200684e+00
1.259809970855712891e+00
8.890460729598999023e-01
1.219494223594665527e+00
9.500622749328613281e-01
1.129378676414489746e+00
1.081757187843322754e+00
1.085376977920532227e+00
9.422565698623657227e-01
9.877023696899414062e-01
1.106511592864990234e+00
1.117160320281982422e+00
1.217275023460388184e+00
9.967528581619262695e-01
1.023324966430664062e+00
1.188194394111633301e+00
9.380129575729370117e-01
9.271233677864074707e-01
1.166277170181274414e+00
9.807818531990051270e-01
9.679043292999267578e-01
1.080085992813110352e+00
1.155888676643371582e+00
1.114141583442687988e+00
1.024498343467712402e+00
1.180195808410644531e+00
1.106426239013671875e+00
1.235412716865539551e+00
8.819899559020996094e-01
1.172824382781982422e+00
1.030348300933837891e+00
8.783629536628723145e-01
1.018344998359680176e+00
9.463143944740295410e-01
8.043472766876220703e-01
9.484055638313293457e-01
1.057534694671630859e+00
1.080519556999206543e+00
9.354774355888366699e-01
1.002185702323913574e+00
9.650989770889282227e-01
1.011074423789978027e+00
9.822772741317749023e-01
1.066108703613281250e+00
1.045064568519592285e+00
9.001724720001220703e-01
8.359558582305908203e-01
9.456892609596252441e-01
8.617795109748840332e-01
1.140917897224426270e+00
1.031060338020324707e+00
8.912573456764221191e-01
6.941794157028198242e-01
9.310512542724609375e-01
7.773733139038085938e-01
7.811012268066406250e-01
8.255630135536193848e-01
6.847698092460632324e-01
6.429838538169860840e-01
7.999740839004516602e-01
8.749478459358215332e-01
7.789630889892578125e-01
8.130682110786437988e-01
7.634071707725524902e-01
6.386535763740539551e-01
7.314101457595825195e-01
8.444734215736389160e-01
7.871607542037963867e-01
6.500233411788940430e-01
8.635737895965576172e-01
7.931028008460998535e-01
7.417821884155273438e-01
8.396880626678466797e-01
8.917132019996643066e-01
6.742504239082336426e-01
7.266688346862792969e-01
7.579674124717712402e-01
5.565912127494812012e-01
5.851775407791137695e-01
6.952002048492431641e-01
5.692054033279418945e-01
5.810344219207763672e-01
6.267537474632263184e-01
7.354797124862670898e-01
7.021295428276062012e-01
6.609815359115600586e-01
6.541174054145812988e-01
6.813294291496276855e-01
5.778346657752990723e-01
4.081605076789855957e-01
6.223751902580261230e-01
6.460740566253662109e-01
6.806404590606689453e-01
7.263994216918945312e-01
5.504218935966491699e-01
6.906223297119140625e-01
7.395724654197692871e-01
7.271214127540588379e-01
7.773571014404296875e-01
7.115188241004943848e-01
5.913418531417846680e-01
5.228344798088073730e-01
3.612016141414642334e-01
6.759037971496582031e-01
6.299937963485717773e-01
6.412947773933410645e-01
7.370674610137939453e-01
7.389824986457824707e-01
5.451204776763916016e-01
6.709135770797729492e-01
5.731147527694702148e-01
6.513573527336120605e-01
7.519174218177795410e-01
6.167363524436950684e-01
6.484690904617309570e-01
6.373482346534729004e-01
6.466560959815979004e-01
5.387146472930908203e-01
5.125899910926818848e-01
6.207650303840637207e-01
5.572320818901062012e-01
6.558868885040283203e-01
6.746494174003601074e-01
9.606713652610778809e-01
4.519383013248443604e-01
4.629595279693603516e-01
5.111210942268371582e-01
4.817999601364135742e-01
5.636202096939086914e-01
5.823204517364501953e-01
5.072087645530700684e-01
5.315142869949340820e-01
5.474678874015808105e-01
3.241074681282043457e-01
5.091484189033508301e-01
4.230791926383972168e-01
4.492486715316772461e-01
5.545452833175659180e-01
8.163728713989257812e-01
6.035426259040832520e-01
4.717879593372344971e-01
5.063739418983459473e-01
5.461723208427429199e-01
4.537052810192108154e-01
4.179537892341613770e-01
4.717789292335510254e-01
4.973769187927246094e-01
4.790560901165008545e-01
3.473064303398132324e-01
4.766289889812469482e-01
3.355351388454437256e-01
2.902648150920867920e-01
3.737052381038665771e-01
3.811537027359008789e-01
3.606446087360382080e-01
3.627808094024658203e-01
3.916233479976654053e-01
2.985718250274658203e-01
4.836772084236145020e-01
4.615333378314971924e-01
3.426623344421386719e-01
3.486483097076416016e-01
3.797875046730041504e-01
3.887965381145477295e-01
3.888265192508697510e-01
3.414140641689300537e-01
2.515915036201477051e-01
2.639085948467254639e-01
3.109640181064605713e-01
3.169072568416595459e-01
5.023986697196960449e-01
4.174866974353790283e-01
2.586670219898223877e-01
2.769383192062377930e-01
3.061313033103942871e-01
2.997643053531646729e-01
2.006769925355911255e-01
3.526161611080169678e-01
3.774745762348175049e-01
4.312875568866729736e-01
3.311159312725067139e-01
2.620294392108917236e-01
2.981869876384735107e-01
2.095745205879211426e-01
3.516820669174194336e-01
3.109466135501861572e-01
3.281602859497070312e-01
2.880582511425018311e-01
2.170919775962829590e-01
3.648605048656463623e-01
3.722861409187316895e-01
3.804671466350555420e-01
2.930757105350494385e-01
3.839071691036224365e-01
2.666142582893371582e-01
3.053570687770843506e-01
2.651616632938385010e-01
2.328936606645584106e-01
2.077056020498275757e-01
2.350721955299377441e-01
2.452971488237380981e-01
1.340337842702865601e-01
3.206489086151123047e-01
2.592146098613739014e-01
3.420715034008026123e-01
1.704844236373901367e-01
4.160738885402679443e-01
2.441838383674621582e-01
2.877095639705657959e-01
4.015216827392578125e-01
1.688300967216491699e-01
3.118646442890167236e-01
2.796630859375000000e-01
3.575831055641174316e-01
2.706764042377471924e-01
2.112986296415328979e-01
1.800529062747955322e-01
2.829502224922180176e-01
3.875009417533874512e-01
3.731575906276702881e-01
1.644583046436309814e-01
1.540818363428115845e-01
3.892272412776947021e-01
2.288513034582138062e-01
2.255112975835800171e-01
2.118554562330245972e-01
2.497170269489288330e-01
2.311337590217590332e-01
3.710370659828186035e-01
2.962761521339416504e-01
3.278443813323974609e-01
3.404376804828643799e-01
2.259690463542938232e-01
1.997685730457305908e-01
2.313109189271926880e-01
3.039675056934356689e-01
2.780669927597045898e-01
2.390433400869369507e-01
2.880374789237976074e-01
1.900962591171264648e-01
3.047959506511688232e-01
3.103701472282409668e-01
2.383838742971420288e-01
4.292380213737487793e-01
2.073195427656173706e-01
1.049327328801155090e-01
1.682376861572265625e-01
2.603901624679565430e-01
1.345544755458831787e-01
1.734945476055145264e-01
1.533197313547134399e-01
1.533456444740295410e-01
1.420385241508483887e-01
3.117772340774536133e-01
1.922667175531387329e-01
1.057759523391723633e-01
2.640913426876068115e-01
1.779653429985046387e-01
2.817497849464416504e-01
1.620754897594451904e-01
2.210145592689514160e-01
1.715812087059020996e-01
1.282488405704498291e-01
1.179718747735023499e-01
2.184875011444091797e-01
3.202933669090270996e-01
1.821581274271011353e-01
3.707578480243682861e-01
1.131485030055046082e-01
1.569387018680572510e-01
9.010797739028930664e-02
1.086325272917747498e-01
1.556809097528457642e-01
3.879302144050598145e-01
1.874696165323257446e-01
9.279979765415191650e-02
1.944332122802734375e-01
2.071738392114639282e-01
1.096938103437423706e-01
1.731269061565399170e-01
1.098426282405853271e-01
2.419603466987609863e-01
1.374914348125457764e-01
1.271004974842071533e-01
1.428918093442916870e-01
2.437682002782821655e-01
2.231904268264770508e-01
1.474751979112625122e-01
1.777163892984390259e-01
2.348946183919906616e-01
1.665872931480407715e-01
1.192934438586235046e-01
1.389797478914260864e-01
9.200470149517059326e-02
8.183671534061431885e-02
1.677976101636886597e-01
1.389281153678894043e-01
2.282746434211730957e-01
1.356978565454483032e-01
1.237209439277648926e-01
1.280503869056701660e-01
1.111706942319869995e-01
1.139419823884963989e-01
1.778427958488464355e-01
1.202126666903495789e-01
1.230389177799224854e-01
1.211967170238494873e-01
1.957268565893173218e-01
1.681936383247375488e-01
1.562479436397552490e-01
1.154668331146240234e-01
1.051653772592544556e-01
6.759279966354370117e-02
6.219626218080520630e-02
1.193940937519073486e-01
1.779471486806869507e-01
5.387230589985847473e-02
1.066765338182449341e-01
7.384996861219406128e-02
4.997685179114341736e-02
1.286147683858871460e-01
1.021410301327705383e-01
6.365998089313507080e-02
1.060721129179000854e-01
1.045682877302169800e-01
6.055796518921852112e-02
1.242973580956459045e-01
6.242399662733078003e-02
5.892268195748329163e-02
6.141703575849533081e-02
1.285330057144165039e-01
5.433656275272369385e-02
3.115835972130298615e-02
1.112650185823440552e-01
6.892094016075134277e-02
8.959667384624481201e-02
1.030225157737731934e-01
1.089638024568557739e-01
1.085846349596977234e-01
5.955031886696815491e-02
1.137515306472778320e-01
2.060941606760025024e-02
6.257212162017822266e-02
8.681237697601318359e-02
6.711942702531814575e-02
1.028324961662292480e-01
1.097989380359649658e-01
1.105025187134742737e-01
6.526988744735717773e-02
9.418757259845733643e-02
1.508437097072601318e-01
9.795776754617691040e-02
1.017135605216026306e-01
1.047931164503097534e-01
7.918310165405273438e-02
9.882280230522155762e-02
1.273590624332427979e-01
1.709913164377212524e-01
4.448378458619117737e-02
8.288633078336715698e-02
1.802165508270263672e-01
1.024542599916458130e-01
1.062974408268928528e-01
1.400280147790908813e-01
6.157137081027030945e-02
8.900328725576400757e-02
4.533771425485610962e-02
6.633581966161727905e-02
9.308082610368728638e-02
7.945411652326583862e-02
2.145704925060272217e-01
1.483905911445617676e-01
3.620338812470436096e-02
8.656765520572662354e-02
2.120649665594100952e-01
1.202361062169075012e-01
2.108476907014846802e-01
1.638809293508529663e-01
9.236856549978256226e-02
2.179273664951324463e-01
9.853108972311019897e-02
1.379424184560775757e-01
1.085944175720214844e-01
6.660026311874389648e-02
1.636348068714141846e-01
2.107613533735275269e-01
1.812739372253417969e-01
6.987384706735610962e-02
6.369011104106903076e-02
6.973395496606826782e-02
8.005283027887344360e-02
3.704137355089187622e-02
2.736626565456390381e-01
8.157753944396972656e-02
1.819333285093307495e-01
1.557028442621231079e-01
6.277298927307128906e-02
9.789620339870452881e-02
1.707917004823684692e-01
1.766276210546493530e-01
8.178839832544326782e-02
1.134635955095291138e-01
1.441841870546340942e-01
6.984594464302062988e-02
1.447735726833343506e-01
5.367242544889450073e-02
1.404002904891967773e-01
1.251281648874282837e-01
8.773943781852722168e-02
1.544400453567504883e-01
4.333581402897834778e-02
5.132037773728370667e-02
1.276236921548843384e-01
1.355525702238082886e-01
6.577824801206588745e-02
1.061459481716156006e-01
6.994690001010894775e-02
9.353382140398025513e-02
1.043402999639511108e-01
7.130753248929977417e-02
1.577505469322204590e-01
1.126742884516716003e-01
8.513982594013214111e-02
4.519225284457206726e-02
5.514594912528991699e-02
9.944889694452285767e-02
1.796150654554367065e-01
1.440546512603759766e-01
7.873453199863433838e-02
8.101892471313476562e-02
5.541524663567543030e-02
1.046145483851432800e-01
1.282922476530075073e-01
9.638158977031707764e-02
1.269659399986267090e-01
1.933686882257461548e-01
7.451480627059936523e-02
5.294313281774520874e-02
5.419707670807838440e-02
4.917046427726745605e-02
9.661143273115158081e-02
6.159543618559837341e-02
1.285118907690048218e-01
1.408901214599609375e-01
6.193802878260612488e-02
5.340179055929183960e-02
6.268618255853652954e-02
5.938263610005378723e-02
1.219655126333236694e-01
5.087505653500556946e-02
1.154371127486228943e-01
4.171422868967056274e-02
1.862999498844146729e-01
6.127221137285232544e-02
8.988797664642333984e-02
6.322290748357772827e-02
4.596733674407005310e-02
6.718914955854415894e-02
4.917779192328453064e-02
8.654647320508956909e-02
4.016417637467384338e-02
1.357294023036956787e-01
5.014066398143768311e-02
9.108333289623260498e-02
4.562550410628318787e-02
7.007660716772079468e-02
9.116394817829132080e-02
8.235589414834976196e-02
8.024556934833526611e-02
3.502564132213592529e-02
5.948366224765777588e-02
9.984634071588516235e-02
7.958661764860153198e-02
5.227716639637947083e-02
5.441873148083686829e-02
1.355632394552230835e-02
4.263580590486526489e-02
5.999843776226043701e-02
6.080434471368789673e-02
9.733582288026809692e-02
8.795495331287384033e-02
1.861864328384399414e-02
8.775932341814041138e-02
4.890999197959899902e-02
7.757849246263504028e-02
9.036663174629211426e-02
2.523516118526458740e-02
4.934622347354888916e-02
5.193373188376426697e-02
6.092390418052673340e-02
3.167437389492988586e-02
5.801162123680114746e-02
1.987969316542148590e-02
9.489078074693679810e-02
7.865788042545318604e-02
1.338864117860794067e-01
4.448290541768074036e-02
4.794761538505554199e-02
4.994751885533332825e-02
1.041135042905807495e-01
4.552299156785011292e-02
4.560326412320137024e-02
2.706824615597724915e-02
5.360335484147071838e-02
2.291860990226268768e-02
2.430584840476512909e-02
1.006602644920349121e-01
1.231445297598838806e-01
3.177177906036376953e-02
1.721481047570705414e-02
5.067388340830802917e-02
3.918623924255371094e-02
3.646251186728477478e-02
7.755711674690246582e-02
1.238547414541244507e-01
2.073599025607109070e-02
2.050015777349472046e-01
1.089025884866714478e-01
2.552077919244766235e-02
1.837060600519180298e-02
1.988482475280761719e-02
5.406630039215087891e-02
1.021634563803672791e-01
1.213157549500465393e-01
4.299926012754440308e-02
4.043476283550262451e-02
8.308503776788711548e-02
4.106512293219566345e-02
4.533141851425170898e-02
7.607240974903106689e-02
6.126000732183456421e-02
1.023674905300140381e-01
7.260343432426452637e-02
8.724957704544067383e-03
4.452805221080780029e-02
6.544531881809234619e-02
5.782573670148849487e-02
2.726448327302932739e-02
4.835174232721328735e-02
2.964791283011436462e-02
4.672420769929885864e-02
4.563559964299201965e-02
4.751009494066238403e-02
6.306583434343338013e-02
8.278233557939529419e-02
7.798849046230316162e-02
4.261068254709243774e-02
5.963633954524993896e-02
2.558269724249839783e-02
4.040914028882980347e-02
3.808251395821571350e-02
3.385141491889953613e-02
2.782399579882621765e-02
4.553101211786270142e-02
7.346873730421066284e-02
6.439276039600372314e-02
2.764135226607322693e-02
6.856344640254974365e-02
1.302585471421480179e-02
7.135668396949768066e-02
3.693147748708724976e-02
1.112895458936691284e-01
2.073680795729160309e-02
1.523341890424489975e-02
7.197561860084533691e-02
4.630199447274208069e-02
1.992666162550449371e-02
3.460615873336791992e-02
2.204618416726589203e-02
2.198987752199172974e-01
7.270709425210952759e-02
3.486973419785499573e-02
4.762911051511764526e-02
4.688104614615440369e-02
2.968122251331806183e-02
8.528021164238452911e-03
1.252374500036239624e-01
4.900911822915077209e-02
1.467631310224533081e-01
3.484847024083137512e-02
4.083453118801116943e-02
7.298513501882553101e-02
1.519281230866909027e-02
2.097593992948532104e-02
6.543170660734176636e-02
9.142261929810047150e-03
1.802935451269149780e-02
9.222975932061672211e-03
1.158971041440963745e-01
1.909669861197471619e-02
2.262289077043533325e-02
5.235605314373970032e-02
4.125996306538581848e-02
3.524361923336982727e-02
1.508511696010828018e-02
2.465449087321758270e-02
1.075235679745674133e-01
3.819424286484718323e-02
7.886479608714580536e-03
4.515752941370010376e-02
3.688452392816543579e-02
1.137043349444866180e-02
6.207600608468055725e-02
7.951104082167148590e-03
1.836360245943069458e-02
6.487888284027576447e-03
9.180583059787750244e-03
2.600080519914627075e-02
7.339986413717269897e-02
4.885946959257125854e-02
6.944282352924346924e-02
1.878289133310317993e-02
1.581897772848606110e-02
3.957184031605720520e-02
1.327897142618894577e-02
2.802035026252269745e-02
6.246994435787200928e-02
6.978356838226318359e-02
3.092105500400066376e-02
4.569492489099502563e-02
1.375687029212713242e-02
5.591721460223197937e-02
1.108219847083091736e-02
1.696469821035861969e-02
1.767347380518913269e-02
5.783381313085556030e-02
1.631713360548019409e-01
6.049666926264762878e-02
2.422243356704711914e-02
2.667475305497646332e-02
7.833683863282203674e-03
1.977919414639472961e-02
5.530811101198196411e-02
1.175698451697826385e-02
8.581954985857009888e-02
1.354829501360654831e-02
4.607631266117095947e-02
8.896651118993759155e-02
6.896971911191940308e-02
1.902237348258495331e-02
3.847367316484451294e-02
9.344347566366195679e-02
9.196975082159042358e-02
8.397569507360458374e-02
4.892865568399429321e-02
6.888798624277114868e-02
2.591409683227539062e-01
1.824193075299263000e-02
6.507166475057601929e-02
4.633694514632225037e-02
1.054432690143585205e-01
3.414564207196235657e-02
4.090465605258941650e-02
2.373610064387321472e-02
2.687464281916618347e-02
6.685893237590789795e-02
2.820502035319805145e-02
4.473505541682243347e-02
4.159634187817573547e-02
2.509922347962856293e-02
2.228552475571632385e-02
1.069331392645835876e-01
5.150995030999183655e-02
7.972366362810134888e-02
3.669959306716918945e-02
6.014542188495397568e-03
5.326737463474273682e-02
3.811792656779289246e-02
6.358551234006881714e-02
6.005804985761642456e-02
6.322768330574035645e-02
1.740960031747817993e-02
3.815236687660217285e-02
8.419056981801986694e-02
3.143996372818946838e-02
6.767301820218563080e-03
1.039105281233787537e-02
2.337464317679405212e-02
2.843386121094226837e-02
7.977458089590072632e-02
5.650304257869720459e-03
5.671441182494163513e-02
7.456501573324203491e-02
1.240071747452020645e-02
1.322279870510101318e-02
5.983975529670715332e-02
1.642837561666965485e-02
6.604543328285217285e-02
2.023488841950893402e-02
1.796611584722995758e-02
9.705159813165664673e-03
6.216065026819705963e-03
1.138879805803298950e-01
2.527374215424060822e-02
4.856991581618785858e-03
5.277412012219429016e-03
7.618531584739685059e-03
1.928553916513919830e-02
5.768279731273651123e-02
2.243048697710037231e-02
4.132237285375595093e-03
1.039528660476207733e-02
9.605813771486282349e-03
5.584525875747203827e-03
3.740299120545387268e-02
5.996103584766387939e-02
2.650257758796215057e-02
4.255720414221286774e-03
5.602818448096513748e-03
5.446333903819322586e-03
5.378873553127050400e-03
1.214694418013095856e-02
5.169942229986190796e-02
1.110887899994850159e-02
4.973543062806129456e-02
4.586054012179374695e-03
1.651898585259914398e-02
2.529833652079105377e-02
7.326862774789333344e-03
4.501840099692344666e-03
2.341322228312492371e-02
9.659849107265472412e-03
3.165961802005767822e-02
7.881679385900497437e-02
5.071954429149627686e-02
1.743859983980655670e-02
7.108741253614425659e-02
1.426160614937543869e-02
4.898950923234224319e-03
1.701830327510833740e-02
6.477670371532440186e-02
1.180747225880622864e-01
2.457913011312484741e-02
1.668141037225723267e-02
3.224725648760795593e-02
2.656005322933197021e-02
1.917861960828304291e-02
6.527642160654067993e-02
3.507828712463378906e-02
1.485930755734443665e-02
2.117462083697319031e-02
7.664317265152931213e-03
5.109281837940216064e-02
4.701991006731987000e-02
3.554865717887878418e-02
8.712310343980789185e-03
2.327938191592693329e-02
3.002467192709445953e-02
8.363668806850910187e-03
8.324455469846725464e-03
2.231684140861034393e-02
6.742958445101976395e-03
9.003657847642898560e-03
3.837269544601440430e-02
3.437945991754531860e-02
1.694970577955245972e-02
2.060966752469539642e-02
7.927233353257179260e-03
6.045542657375335693e-03
3.731848299503326416e-02
3.366265445947647095e-02
6.065389141440391541e-03
1.303417328745126724e-02
3.595394268631935120e-02
1.870621182024478912e-02
6.011276505887508392e-03
1.607973277568817139e-01
3.423209860920906067e-02
1.148650050163269043e-02
3.321367874741554260e-02
3.949112817645072937e-02
6.742873042821884155e-02
2.622766653075814247e-03
3.811889886856079102e-02
2.254919521510601044e-02
1.072381064295768738e-02
5.707903206348419189e-02
5.333272367715835571e-02
2.953433245420455933e-02
8.153060451149940491e-03
3.754995018243789673e-02
4.754529148340225220e-02
3.182159364223480225e-02
9.237210452556610107e-02
1.596315763890743256e-02
2.195292152464389801e-02
1.871063932776451111e-02
5.835695192217826843e-02
1.762288063764572144e-02
8.585991337895393372e-03
1.206679269671440125e-02
7.919872179627418518e-03
6.468460708856582642e-02
6.582910567522048950e-02
9.520868957042694092e-02
4.234828799962997437e-02
3.660856978967785835e-03
1.139453705400228500e-02
9.873050265014171600e-03
4.941330105066299438e-02
7.607677951455116272e-03
3.586342558264732361e-02
1.524871401488780975e-02
4.630452394485473633e-02
1.021527778357267380e-02
4.290131479501724243e-02
2.659971825778484344e-02
7.017888128757476807e-02
4.705320671200752258e-02
5.161875486373901367e-02
7.744216173887252808e-02
4.867589566856622696e-03
5.156829953193664551e-02
5.270833522081375122e-02
9.273722767829895020e-02
3.051630035042762756e-02
3.959131985902786255e-02
3.930627927184104919e-02
1.390374172478914261e-02
1.614284701645374298e-02
6.095278542488813400e-03
2.693021856248378754e-02
5.442701280117034912e-02
2.592132240533828735e-02
4.462922737002372742e-02
2.235377021133899689e-02
1.785987056791782379e-02
5.716455727815628052e-02
2.898126654326915741e-02
2.415100857615470886e-02
7.594477385282516479e-02
2.848787419497966766e-02
4.183341935276985168e-02
1.046724990010261536e-01
1.657609827816486359e-02
4.460439458489418030e-02
7.860285043716430664e-02
6.781712919473648071e-02
1.204817965626716614e-01
2.112536691129207611e-02
1.328705400228500366e-01
2.705056406557559967e-02
4.010863229632377625e-02
5.805808119475841522e-03
2.865636162459850311e-02
7.138908654451370239e-02
3.306995332241058350e-02
1.977129653096199036e-02
1.671171039342880249e-01
6.486403197050094604e-02
8.296843618154525757e-02
5.607255548238754272e-02
7.792687416076660156e-02
4.500390961766242981e-02
2.126241847872734070e-02
2.420955710113048553e-02
8.615365624427795410e-02
7.444755733013153076e-02
2.211443148553371429e-02
5.521337315440177917e-02
2.901018969714641571e-02
5.858237668871879578e-02
5.523412302136421204e-02
1.581367552280426025e-01
7.533369958400726318e-02
1.058001741766929626e-01
9.547369927167892456e-02
4.083784669637680054e-02
4.106083884835243225e-02
5.944762378931045532e-02
1.073494553565979004e-01
4.640730842947959900e-02
4.078962281346321106e-02
1.386396121233701706e-02
5.917626246809959412e-02
1.206139996647834778e-01
8.587719500064849854e-02
1.126742213964462280e-01
1.044617518782615662e-01
9.261681884527206421e-02
3.672235831618309021e-02
5.329786986112594604e-02
4.680233448743820190e-02
4.825330153107643127e-02
1.035371199250221252e-01
4.396633058786392212e-02
8.156190812587738037e-02
1.092275455594062805e-01
7.002235949039459229e-02
1.160672158002853394e-01
1.716582179069519043e-01
1.024676784873008728e-01
1.351858302950859070e-02
1.357998605817556381e-02
2.164845354855060577e-02
2.950073219835758209e-02
6.050834804773330688e-02
2.403723299503326416e-01
1.358835548162460327e-01
1.178165525197982788e-01
9.634672850370407104e-02
4.492070153355598450e-02
1.341722905635833740e-01
1.172344610095024109e-01
7.460577785968780518e-02
1.091151908040046692e-01
1.875056922435760498e-01
4.942751675844192505e-02
1.182694882154464722e-01
8.165068924427032471e-02
4.953102022409439087e-02
1.128629446029663086e-01
1.237417533993721008e-01
1.436212956905364990e-01
1.533857882022857666e-01
9.664333611726760864e-02
4.925921931862831116e-02
2.294376865029335022e-02
7.764870673418045044e-02
1.790846139192581177e-01
6.887229532003402710e-02
8.419079333543777466e-02
8.905463665723800659e-02
1.227109655737876892e-01
7.047089934349060059e-02
2.049538120627403259e-02
8.010171353816986084e-02
1.277576684951782227e-01
2.078024484217166901e-02
6.753532588481903076e-02
5.238157138228416443e-02
2.058603055775165558e-02
4.266636818647384644e-02
6.946429610252380371e-02
1.150905564427375793e-01
1.129751130938529968e-01
2.819186076521873474e-02
6.504960358142852783e-02
5.572678148746490479e-02
9.325374662876129150e-02
8.105617016553878784e-02
1.580481044948101044e-02
9.125121682882308960e-02
1.150331571698188782e-01
3.761925920844078064e-02
1.910253055393695831e-02
1.171642765402793884e-01
3.559347987174987793e-02
7.370273023843765259e-02
5.817100778222084045e-02
2.355153113603591919e-02
4.320143908262252808e-02
4.366851225495338440e-02
7.154772430658340454e-02
7.351312041282653809e-02
4.416821151971817017e-02
1.364674121141433716e-01
1.160708442330360413e-01
3.289620950818061829e-02
9.351243264973163605e-03
1.320209447294473648e-02
2.024890296161174774e-02
7.469873875379562378e-02
6.520290672779083252e-02
1.018176693469285965e-02
1.066573802381753922e-02
6.234297156333923340e-02
1.616846583783626556e-02
1.840484142303466797e-02
1.080149412155151367e-02
4.436933621764183044e-02
6.119066104292869568e-02
1.815074309706687927e-02
1.993702910840511322e-02
3.502394258975982666e-02
1.234177574515342712e-01
7.486620545387268066e-02
1.615161448717117310e-02
1.089119911193847656e-02
4.170013591647148132e-02
2.543457970023155212e-02
9.838675148785114288e-03
4.684918373823165894e-02
2.178288996219635010e-02
5.142626166343688965e-02
1.414141654968261719e-01
5.020144209265708923e-02
5.296223796904087067e-03
1.319541502743959427e-02
4.812126047909259796e-03
1.963077671825885773e-02
9.020701050758361816e-03
4.039019811898469925e-03
2.746608667075634003e-02
2.882027812302112579e-02
2.456852048635482788e-02
5.845890939235687256e-02
3.855589404702186584e-02
7.982484064996242523e-03
4.283635690808296204e-02
4.004473239183425903e-02
2.621377073228359222e-02
5.347773432731628418e-02
2.262132987380027771e-02
3.682465292513370514e-03
7.910814136266708374e-03
4.850410670042037964e-02
1.075655501335859299e-02
2.611130103468894958e-02
1.170606352388858795e-02
1.871075481176376343e-02
7.756817620247602463e-03
3.702658414840698242e-02
1.006520073860883713e-02
1.411870471201837063e-03
1.142163667827844620e-02
5.168739706277847290e-03
3.271148726344108582e-02
3.253547241911292076e-03
4.966260399669408798e-03
7.508252281695604324e-03
6.580848246812820435e-02
5.523124709725379944e-03
2.158804610371589661e-02
4.853912629187107086e-03
5.046511534601449966e-03
4.111980088055133820e-03
6.487328093498945236e-03
1.208252646028995514e-02
1.066360250115394592e-02
1.895025931298732758e-02
1.576173491775989532e-02
2.635633805766701698e-03
5.251648835837841034e-03
1.477778609842061996e-02
9.282376850023865700e-04
1.268387422896921635e-03
2.484858268871903419e-03
2.678828779608011246e-03
1.252475008368492126e-02
3.966457676142454147e-03
2.199917798861861229e-03
1.818813616409897804e-03
2.302443422377109528e-02
2.812045859172940254e-03
4.626411944627761841e-03
2.235194901004433632e-03
1.029726117849349976e-02
1.840500044636428356e-03
1.601423718966543674e-03
1.630109851248562336e-03
3.445188747718930244e-03
2.717691939324140549e-03
2.231855317950248718e-02
9.935803711414337158e-03
1.266608666628599167e-02
1.183488988317549229e-03
6.081538158468902111e-04
4.589687101542949677e-03
8.788887411355972290e-03
2.291688695549964905e-03
1.086985226720571518e-03
2.015380421653389931e-03
1.303047523833811283e-03
3.872573841363191605e-03
7.769381627440452576e-04
1.897947979159653187e-03
9.873803704977035522e-03
3.049990395084023476e-03
5.253936164081096649e-03
1.469026785343885422e-03
6.381988059729337692e-04
1.047842786647379398e-03
2.177049871534109116e-03
1.972893485799431801e-03
1.566187944263219833e-03
3.781926818192005157e-03
1.832879614084959030e-03
1.515568001195788383e-03
1.203741761855781078e-03
1.014039106667041779e-02
2.467537298798561096e-03
1.598200644366443157e-03
2.137866802513599396e-03
3.005051054060459137e-03
3.290288848802447319e-03
6.236262852326035500e-04
3.716186038218438625e-04
1.666741678491234779e-03
2.040402777493000031e-02
4.723794700112193823e-04
4.955815384164452553e-04
5.086578312329947948e-04
5.941824638284742832e-04
7.382991607300937176e-04
9.660196374170482159e-04
1.158368308097124100e-03
6.246350239962339401e-03
8.982252329587936401e-04
1.008763909339904785e-02
7.976880297064781189e-04
3.953420091420412064e-04
2.098885830491781235e-03
3.936047665774822235e-03
2.777983201667666435e-03
1.713259145617485046e-03
1.491685514338314533e-03
1.173487980850040913e-03
2.936657750979065895e-03
1.434399280697107315e-03
6.304738926701247692e-04
4.227185563649982214e-04
3.584386140573769808e-04
7.789288647472858429e-04
6.437136908061802387e-04
1.032819855026900768e-03
3.308026061858981848e-04
3.794045769609510899e-04
5.029026069678366184e-04
4.359055601526051760e-04
4.338992876000702381e-04
3.290477441623806953e-03
3.671298734843730927e-03
1.007372513413429260e-03
5.745673086494207382e-03
6.361915147863328457e-04
4.073208663612604141e-03
4.240359994582831860e-04
8.831446175463497639e-04
2.452877350151538849e-03
6.462113815359771252e-04
9.922499302774667740e-04
4.323215689510107040e-04
6.185414385981857777e-04
4.542731621768325567e-04
3.119228640571236610e-04
2.346139226574450731e-04
1.948694698512554169e-04
2.869646996259689331e-04
4.789784725289791822e-04
6.568438257090747356e-04
1.885346951894462109e-03
4.707409243565052748e-04
5.496438825502991676e-04
6.244420656003057957e-04
5.337704205885529518e-04
4.079487698618322611e-04
2.496931701898574829e-04
2.730175037868320942e-04
7.362967589870095253e-04
4.608923627529293299e-04
7.945140241645276546e-04
2.746556419879198074e-04
1.339774578809738159e-03
3.086334327235817909e-04
2.919937251135706902e-04
6.593870348297059536e-04
3.610422136262059212e-04
2.651692484505474567e-04
2.644752676133066416e-04
7.690119091421365738e-04
4.132153117097914219e-04
1.106943702325224876e-03
9.317143703810870647e-04
8.784270612522959709e-04
2.167132624890655279e-04
2.916231751441955566e-04
5.981450667604804039e-04
1.293575973249971867e-03
3.436146653257310390e-04
5.692795384675264359e-04
4.516573098953813314e-04
2.377980854362249374e-04
2.835079503711313009e-04
1.574407651787623763e-04
2.315756719326600432e-04
1.837586023611947894e-04
3.434419049881398678e-04
1.468594709876924753e-04
2.879341482184827328e-04
4.245229065418243408e-04
1.871279673650860786e-04
2.536568231880664825e-02
2.937646931968629360e-04
2.013048069784417748e-04
2.021474938374012709e-04
7.472180877812206745e-04
1.664066076045855880e-04
3.385766176506876945e-04
2.606638590805232525e-04
2.337799523957073689e-04
3.588126273825764656e-04
1.178741571493446827e-03
9.244357934221625328e-04
1.590487518114969134e-04
1.679499167948961258e-03
1.331983366981148720e-04
8.996190736070275307e-04
2.649167727213352919e-04
3.954150888603180647e-04
2.664389903657138348e-04
1.807668479159474373e-03
2.381165832048282027e-04
9.493334800936281681e-04
3.608143306337296963e-04
2.637530269566923380e-04
1.144745619967579842e-04
2.428971783956512809e-04
1.994814083445817232e-04
2.031407202593982220e-04
1.878510811366140842e-04
3.049494116567075253e-04
2.790966536849737167e-04
4.442640347406268120e-04
2.678974415175616741e-04
2.560044522397220135e-04
1.518693024991080165e-04
4.350288945715874434e-04
1.485143147874623537e-04
4.937798366881906986e-04
1.898222690215334296e-04
3.350852348376065493e-04
3.623364609666168690e-04
7.402409682981669903e-04
3.648812125902622938e-04
3.967502852901816368e-04
1.377257285639643669e-03
1.664036186411976814e-03
5.566360196098685265e-04
2.779486530926078558e-04
1.593714114278554916e-04
2.368783461861312389e-04
3.035010013263672590e-04
3.729089221451431513e-04
1.876865426311269403e-04
2.260822948301210999e-04
2.104122977470979095e-04
1.593083434272557497e-04
3.520579775795340538e-04
1.209427136927843094e-04
1.561750832479447126e-04
9.500648011453449726e-04
9.007236221805214882e-04
3.621402138378471136e-04
1.392309350194409490e-04
4.071112780366092920e-04
7.574500632472336292e-04
1.711431541480123997e-04
2.199888258473947644e-04
1.443710207240656018e-04
2.769078710116446018e-04
9.638346091378480196e-05
2.894772624131292105e-04
1.601715484866872430e-04
3.404233721084892750e-04
1.674804370850324631e-04
1.654837251408025622e-04
2.772629959508776665e-04
1.233679940924048424e-04
1.643393770791590214e-04
2.773554588202387094e-04
1.246906176675111055e-04
1.770958915585651994e-04
1.685684110270813107e-04
2.402826066827401519e-04
2.630182716529816389e-04
4.114963230676949024e-04
1.452902943128719926e-04
5.212182295508682728e-04
3.607024264056235552e-04
1.761706953402608633e-04
3.232136368751525879e-04
2.386986976489424706e-03
3.623236843850463629e-04
1.015139787341468036e-04
1.276007533306255937e-04
1.541631296277046204e-03
1.245412859134376049e-04
3.763798449654132128e-04
2.397918724454939365e-04
6.746931467205286026e-04
1.944055111380293965e-04
2.383056416874751449e-04
1.671492063906043768e-04
1.188746828120201826e-04
2.450925530865788460e-04
1.438988547306507826e-04
4.286947660148143768e-04
1.014898414723575115e-03
1.675273379078134894e-04
3.052515385206788778e-04
3.361198760103434324e-04
6.968278321437537670e-04
5.327526596374809742e-04
2.175055415136739612e-04
2.491860941518098116e-04
1.145189598901197314e-04
2.569693024270236492e-04
4.325746558606624603e-04
2.827093121595680714e-04
1.826756488298997283e-04
1.533454778837040067e-04
1.957608037628233433e-04
2.057608071481809020e-04
2.101835998473688960e-04
1.796839642338454723e-04
2.304279187228530645e-04
1.450924028176814318e-04
1.497320918133482337e-04
2.098435361403971910e-04
4.554837651085108519e-04
1.039816343109123409e-04
1.073053863365203142e-04
7.316766277654096484e-05
1.539520453661680222e-04
1.839553151512518525e-04
3.449196810834109783e-04
1.963499671546742320e-04
1.216904711327515543e-04
1.355822896584868431e-04
7.654314395040273666e-04
1.077976849046535790e-04
1.079089925042353570e-04
1.181179177365265787e-04
1.240716519532725215e-04
2.118882111972197890e-04
2.079548430629074574e-04
1.373064442304894328e-04
2.682948543224483728e-04
1.611095358384773135e-04
1.251458888873457909e-04
1.138731968239881098e-04
2.520108537282794714e-04
5.853275069966912270e-05
2.649154630489647388e-04
8.816254558041691780e-05
1.306402700720354915e-04
1.331340317847207189e-04
1.522435341030359268e-04
2.057020174106582999e-04
8.836812776280567050e-05
3.546039806678891182e-04
1.127825598814524710e-04
2.313894947292283177e-04
1.401983317919075489e-04
1.352497638436034322e-04
4.971956368535757065e-04
7.969629368744790554e-04
1.196338707813993096e-04
9.379142284160479903e-05
4.524773394223302603e-04
1.050896171364001930e-04
1.082336093531921506e-04
1.211285562021657825e-04
1.419558830093592405e-04
6.331434997264295816e-05
1.810945250326767564e-04
2.880113315768539906e-04
9.666248661233112216e-05
1.468497066525742412e-04
1.658408873481675982e-04
1.475775789003819227e-04
7.655124500161036849e-05
1.409611722920089960e-04
2.865303540602326393e-04
8.868165605235844851e-05
1.134661724790930748e-04
1.534072944195941091e-04
8.196409180527552962e-05
1.437187311239540577e-04
4.019647021777927876e-04
2.084678271785378456e-04
2.181519375881180167e-04
1.999433443415910006e-04
1.207454188261181116e-04
1.491705334046855569e-04
1.401990011800080538e-04
2.431449247524142265e-04
1.820109755499288440e-04
1.521184894954785705e-04
1.012932771118357778e-04
9.368864994030445814e-05
3.658311034087091684e-04
2.000173844862729311e-04
2.285273949382826686e-04
1.207693203468807042e-04
1.523073296993970871e-04
3.198845952283591032e-04
1.480032806284725666e-04
1.246340107172727585e-04
9.817325917538255453e-05
1.540459488751366735e-04
9.143206261796876788e-05
7.547284621978178620e-05
1.843572244979441166e-04
1.236001407960429788e-04
1.152458571596071124e-04
1.763883046805858612e-04
1.164108980447053909e-04
2.336086909053847194e-04
3.166344249621033669e-04
8.028151933103799820e-05
1.213193754665553570e-04
7.662655116291716695e-05
2.694912836886942387e-04
1.064032258000224829e-04
8.005937706911936402e-05
3.850914945360273123e-04
1.414512225892394781e-04
6.593672878807410598e-05
8.811534644337370992e-05
1.324998593190684915e-04
2.038404199993237853e-04
9.106265497393906116e-05
1.262129517272114754e-04
4.896039172308519483e-05
1.033255975926294923e-04
5.552182119572535157e-05
2.742073556873947382e-04
4.738896968774497509e-04
1.407722447765991092e-04
6.217590271262452006e-05
8.890025492291897535e-05
1.801701146177947521e-04
1.039684648276306689e-04
1.130146119976416230e-04
1.248318585567176342e-04
8.680780592840164900e-05
1.014647787087596953e-04
2.977322146762162447e-04
1.176489749923348427e-04
1.523040991742163897e-04
2.087087341351434588e-04
1.299467403441667557e-04
6.156348536023870111e-05
1.367504446534439921e-04
1.249000488314777613e-04
1.652605569688603282e-04
8.386186527786776423e-05
1.807198714232072234e-04
2.474396314937621355e-04
6.994161958573386073e-05
1.149105228250846267e-04
1.059260466718114913e-04
1.799459278117865324e-04
4.698762495536357164e-05
1.488921989221125841e-04
6.804654549341648817e-05
7.409990212181583047e-05
1.561707176733762026e-04
1.407575473422184587e-04
8.114852971630170941e-05
1.045525932568125427e-04
2.308063703821972013e-04
1.773214753484353423e-04
3.387508622836321592e-04
7.175451901275664568e-05
1.413669087924063206e-04
9.940478776115924120e-05
9.489301737630739808e-05
9.613825386622920632e-05
1.520058576716110110e-04
3.259946533944457769e-04
3.324570425320416689e-04
1.371757680317386985e-04
8.324110240209847689e-05
1.672368525760248303e-04
6.313739577308297157e-04
1.289040228584781289e-04
4.283132439013570547e-04
2.152890956494957209e-04
6.368150934576988220e-05
6.604702502954751253e-05
7.661967538297176361e-05
9.043031604960560799e-05
1.056721739587374032e-04
8.922931738197803497e-05
8.514579531038179994e-05
1.801220932975411415e-04
7.102333620423451066e-05
7.455918967025354505e-05
1.238119002664461732e-04
8.154366514645516872e-05
8.153355884132906795e-05
4.075700417160987854e-04
6.158327596494928002e-05
7.113248284440487623e-05
1.834165159380063415e-04
1.729956275084987283e-04
7.494617602787911892e-05
8.185057959053665400e-05
1.145548376371152699e-04
1.049777492880821228e-04
1.316876878263428807e-04
6.992428097873926163e-05
2.375312178628519177e-04
7.886509411036968231e-05
1.642624411033466458e-04
1.619062968529760838e-04
3.186583344358950853e-04
9.853743540588766336e-05
1.206148954224772751e-04
5.771600990556180477e-05
9.374979708809405565e-05
1.170719333458691835e-04
5.480422623804770410e-05
8.281847840407863259e-05
1.178994280053302646e-04
1.497618213761597872e-04
9.564799256622791290e-05
6.642114021815359592e-05
7.422551425406709313e-05
1.181691259262152016e-04
6.929109804332256317e-05
5.804047395940870047e-05
1.420240878360345960e-04
2.490960177965462208e-04
1.372982951579615474e-04
7.739315333310514688e-05
3.554513095878064632e-04
1.244192826561629772e-04
9.958387090591713786e-05
1.179770333692431450e-04
7.068394916132092476e-05
5.435743878479115665e-05
2.916041703429073095e-04
1.069212739821523428e-04
4.085295586264692247e-05
1.035751265590079129e-04
6.973487325012683868e-05
9.252937888959422708e-05
8.383296517422422767e-05
7.110458682291209698e-05
1.396368170389905572e-04
1.061176299117505550e-04
1.232727663591504097e-04
1.172510164906270802e-04
4.795613131136633456e-05
1.116179992095567286e-04
4.959434954798780382e-05
1.621295377844944596e-04
1.029877894325181842e-04
7.312038360396400094e-05
8.248359517892822623e-05
8.506551239406690001e-05
1.462529617128893733e-04
5.867156505701132119e-05
1.113211401388980448e-04
5.861452518729493022e-05
7.146755524445325136e-05
3.714045044034719467e-03
1.117898864322341979e-04
8.004654227988794446e-05
2.857098297681659460e-04
2.423487894702702761e-04
7.758389256196096539e-05
8.419950609095394611e-05
2.901223197113722563e-04
8.922460256144404411e-05
1.120846718549728394e-04
4.415256553329527378e-04
7.797720900271087885e-05
7.586892024846747518e-05
1.192159470519982278e-04
1.037752299453131855e-04
8.282507769763469696e-05
5.422004032880067825e-04
4.126982457819394767e-05
1.343372423434630036e-04
1.038848640746437013e-04
1.786983484635129571e-04
9.420578135177493095e-05
9.632852743379771709e-05
2.234515704913064837e-04
7.811957766534760594e-05
8.210298256017267704e-05
6.618940824409946799e-05
7.115730113582685590e-05
6.618901534238830209e-05
9.045827027875930071e-05
5.303461148287169635e-05
1.471339783165603876e-04
1.050960636348463595e-04
1.741479936754330993e-04
8.953202632255852222e-05
6.906218186486512423e-05
8.827776036923751235e-05
2.854788210242986679e-03
6.171547283884137869e-05
1.791383401723578572e-04
1.806132058845832944e-04
1.740377047099173069e-04
1.652249775361269712e-04
2.570573997218161821e-04
8.459082164335995913e-05
7.049701525829732418e-05
4.021441272925585508e-04
6.222235242603346705e-05
1.219581681652925909e-04
8.889376476872712374e-05
1.936412154464051127e-04
8.569006604375317693e-05
9.099156886804848909e-05
2.752269792836159468e-04
1.171172407339327037e-04
1.220557605847716331e-04
1.878776529338210821e-04
4.062800144311040640e-05
1.471892610425129533e-04
5.519069600268267095e-05
1.054779786500148475e-04
6.408985937014222145e-04
1.082482995116151869e-04
5.284279905026778579e-05
9.549658716423436999e-05
1.561693788971751928e-04
1.397593441652134061e-04
1.113108228310011327e-04
3.928083751816302538e-04
6.754163186997175217e-04
5.730423072236590087e-05
1.243781152879819274e-04
9.029213833855465055e-05
8.782162331044673920e-05
6.713451875839382410e-05
7.004801591392606497e-05
8.747904212214052677e-05
7.754901889711618423e-05
8.683902706252411008e-05
1.218602337758056819e-04
1.105981718865223229e-04
9.711433085612952709e-05
1.476915058447048068e-04
1.435653684893622994e-04
8.054672071011736989e-05
1.285897160414606333e-04
1.711279765004292130e-04
8.971207716967910528e-05
6.259789370233193040e-05
6.745947030140087008e-05
8.486808656016364694e-05
2.860301465261727571e-04
5.394158870331011713e-05
5.243552368483506143e-05
2.931630297098308802e-04
7.383687625406309962e-05
3.675962798297405243e-04
6.826312164776027203e-05
5.423837137641385198e-05
9.416323155164718628e-05
1.008495528367348015e-04
7.805350469425320625e-05
5.790695286123082042e-05
9.708692232379689813e-05
2.223234623670578003e-03
5.357121699489653111e-05
7.111932063708081841e-05
2.816624764818698168e-04
2.918553655035793781e-04
1.559361844556406140e-04
8.233461994677782059e-05
2.041099505731835961e-04
8.246640209108591080e-05
6.288003351073712111e-05
7.907062536105513573e-05
1.233246293850243092e-04
2.362341328989714384e-04
1.023978402372449636e-04
7.919689960544928908e-05
8.490979962516576052e-05
1.022511496557854116e-04
5.469009192893281579e-05
5.276891170069575310e-05
1.250353670911863446e-04
4.002345085609704256e-04
6.668872083537280560e-05
1.536972849862650037e-04
6.155392475193366408e-05
8.343230001628398895e-05
4.121861275052651763e-05
7.826761429896578193e-05
5.744502414017915726e-05
5.362736192182637751e-05
1.309195504290983081e-04
5.575437535298988223e-05
1.110828816308639944e-04
1.851032284321263433e-04
3.510857641231268644e-05
4.882043140241876245e-05
6.027415292919613421e-05
8.782732766121625900e-05
6.364438013406470418e-05
1.261764846276491880e-04
6.437730189645662904e-05
4.335217090556398034e-05
1.770339877111837268e-04
4.839858229388482869e-05
6.846439646324142814e-05
7.543543324572965503e-05
3.968199234805069864e-05
6.386266613844782114e-05
1.949176803464069963e-04
9.347555896965786815e-05
6.271404708968475461e-05
1.367223885608837008e-04
7.587580330437049270e-05
1.434865698684006929e-04
1.415643782820552588e-04
7.606116560054942966e-05
1.363853079965338111e-04
5.138071355759166181e-05
6.944322376511991024e-05
1.387833181070163846e-04
9.049756044987589121e-05
6.288436270551756024e-05
1.247488107765093446e-04
3.719138476299121976e-05
4.982381506124511361e-05
1.219386322190985084e-04
1.522860402474179864e-04
6.571679114131256938e-05
7.425290095852687955e-05
7.370553066721186042e-05
4.529514262685552239e-05
6.957002915441989899e-05
6.805732846260070801e-05
1.456487370887771249e-04
9.501718886895105243e-05
1.842495839809998870e-04
6.121419573901221156e-05
5.695501022273674607e-05
9.392420179210603237e-05
5.786357723991386592e-05
3.860970173263922334e-05
6.550512625835835934e-05
4.749720756080932915e-05
1.318809809163212776e-04
4.947827983414754272e-05
1.218983379658311605e-04
7.000469486229121685e-05
5.694105493603274226e-05
9.845860040513798594e-05
7.203736458905041218e-05
9.602428326616063714e-05
4.336172423791140318e-05
4.538932262221351266e-05
3.957914668717421591e-05
5.725873415940441191e-05
5.806107947137206793e-05
1.576153445057570934e-04
1.581780612468719482e-03
6.456530536524951458e-05
5.587915438809432089e-05
8.052762132138013840e-05
6.847552867839112878e-05
3.854055539704859257e-04
5.435574712464585900e-05
9.474346734350547194e-05
6.660269718850031495e-05
4.011531564174219966e-05
8.841294038575142622e-05
7.845026993891224265e-05
1.678595290286466479e-04
8.035564678721129894e-05
1.613407803233712912e-04
7.713324157521128654e-05
1.079072681022807956e-04
3.353982174303382635e-05
5.882055120309814811e-05
1.423686335328966379e-04
1.361526810796931386e-04
9.310876339441165328e-05
3.880682197632268071e-05
6.239397043827921152e-05
1.366459036944434047e-04
1.293437089771032333e-04
7.121401722542941570e-05
5.300648990669287741e-05
1.771979877958074212e-04
1.903125084936618805e-04
4.682561484514735639e-05
8.448303560726344585e-05
4.394543429953046143e-05
5.838740034960210323e-04
5.226163193583488464e-05
3.138817919534631073e-05
6.697380740661174059e-05
5.350744322640821338e-05
5.708287426386959851e-05
1.328264334006235003e-04
5.138066626386716962e-05
2.807534474413841963e-05
8.325231465278193355e-05
4.133962647756561637e-05
1.562336838105693460e-04
4.053898737765848637e-05
1.032959844451397657e-04
1.117671636166051030e-04
7.065529644023627043e-05
4.501547664403915405e-05
5.468431845656596124e-05
4.890929994871839881e-05
4.127843931200914085e-05
9.532800322631374002e-05
8.685302600497379899e-05
1.871933200163766742e-04
5.788995986222289503e-05
6.546034273924306035e-05
3.904398181475698948e-05
6.893972022226080298e-05
9.019499702844768763e-05
5.878592128283344209e-05
5.668294761562719941e-05
8.758849435253068805e-05
6.075555575080215931e-05
3.164977533742785454e-04
4.180137329967692494e-05
7.412913691950961947e-05
7.676923269173130393e-05
3.084032869082875550e-05
8.473087655147537589e-05
7.563618419226258993e-05
6.843644223408773541e-05
2.980564931931439787e-05
4.653166979551315308e-05
2.029865718213841319e-04
5.799143764306791127e-05
2.414190821582451463e-04
4.790452658198773861e-05
5.617720307782292366e-05
4.630412877304479480e-05
1.259581331396475434e-04
5.162984598428010941e-05
6.316658254945650697e-05
4.237511166138574481e-05
7.020960765657946467e-05
6.252450839383527637e-05
5.006510036764666438e-05
7.003046630416065454e-05
5.183922621654346585e-05
4.369051021058112383e-05
2.578964813437778503e-05
6.518045120174065232e-05
1.166247384389862418e-04
8.118664845824241638e-05
9.195375605486333370e-05
3.286484934506006539e-05
3.212329102098010480e-05
6.785558798583224416e-05
3.400005516596138477e-05
4.186179285170510411e-05
1.717653649393469095e-04
5.419828812591731548e-05
6.205520912772044539e-05
4.154509588261134923e-05
6.920658051967620850e-05
4.231838101986795664e-05
1.121612876886501908e-04
2.977028634632006288e-05
1.038480186252854764e-04
7.783785258652642369e-05
8.900732063921168447e-05
7.304595783352851868e-05
1.878652547020465136e-04
6.464181933552026749e-05
1.057295230566523969e-04
2.169550134567543864e-04
7.880658085923641920e-05
4.892524157185107470e-05
8.342223009094595909e-05
3.778247992158867419e-05
1.346480858046561480e-04
5.634931949316523969e-05
7.159155939007177949e-05
5.283215796225704253e-05
1.965013798326253891e-04
1.147094735642895103e-04
9.781495464267209172e-05
4.456597162061370909e-05
1.142902619903907180e-04
8.144710591295734048e-05
3.118812164757400751e-04
1.530734734842553735e-04
7.430580444633960724e-05
7.286940672202035785e-05
1.759570877766236663e-04
1.622221170691773295e-04
5.635354318656027317e-05
1.159371240646578372e-04
4.251786231179721653e-05
3.524507337715476751e-05
5.812464587506838143e-05
4.500746217672713101e-05
3.351742270751856267e-05
4.299537613405846059e-05
5.472853445098735392e-05
3.986449155490845442e-05
3.982574271503835917e-04
4.787545185536146164e-05
1.386887306580320001e-04
4.456522947293706238e-05
3.874617323162965477e-05
6.061478779884055257e-05
5.047718150308355689e-05
2.565729846537578851e-05
8.348144910996779799e-05
6.979351019253954291e-05
9.343606507172808051e-05
1.420608750777319074e-04
4.645199078368023038e-05
4.489976709010079503e-05
2.421946010144893080e-05
5.313754445523954928e-05
8.491628250339999795e-05
3.363933865330182016e-05
2.627231697260867804e-05
5.409079676610417664e-05
5.866218634764663875e-05
8.699988393345847726e-05
3.736632424988783896e-05
4.341254680184647441e-05
3.706792631419375539e-05
5.495016375789418817e-05
3.868941348628140986e-05
2.313399891136214137e-04
2.866001705115195364e-05
8.417008939431980252e-05
8.012617763597518206e-05
8.080514817265793681e-05
4.982755490345880389e-05
3.679724977700971067e-05
3.652326995506882668e-05
3.721706525539048016e-05
3.177319013047963381e-05
3.996565283159725368e-05
6.147015665192157030e-05
3.775860750465653837e-05
1.498034107498824596e-04
4.562373214866966009e-05
1.408219686709344387e-04
2.818271241267211735e-05
5.269057510304264724e-05
8.175952825695276260e-05
8.360100036952644587e-05
4.487029946176335216e-05
3.416141407797113061e-05
4.208369136904366314e-05
9.009146742755547166e-05
8.192321547539904714e-05
3.508420195430517197e-05
2.730564665398560464e-05
3.693010148708708584e-05
3.768536407733336091e-05
5.552814036491326988e-05
4.230648846714757383e-05
1.053969899658113718e-04
1.694323873380199075e-04
6.375103112077340484e-05
4.895827078144066036e-05
7.012121204752475023e-05
2.281995693920180202e-04
5.100535054225474596e-05
3.161134372930973768e-05
4.988803630112670362e-05
1.163309061666950583e-04
2.100885903928428888e-04
3.811872738879173994e-05
3.311361433588899672e-05
1.326765486737713218e-04
7.356068090302869678e-05
4.818349043489433825e-05
7.195975922513753176e-05
3.674055551527999341e-05
2.685494109755381942e-05
3.914291664841584861e-05
8.055419311858713627e-05
3.428336276556365192e-05
4.249329867889173329e-05
5.115807653055526316e-05
4.325534609961323440e-05
3.434817335801199079e-05
2.897809281421359628e-05
5.769447670900262892e-05
1.752282405504956841e-04
9.120358299696817994e-05
4.555780469672754407e-05
2.419377051410265267e-05
2.714550464588683099e-05
2.283873436681460589e-05
4.182086850050836802e-04
3.855315299006178975e-05
2.757234869932290167e-05
4.606947913998737931e-05
4.130843444727361202e-05
1.128779840655624866e-04
5.615216796286404133e-04
5.369521386455744505e-05
2.837030297087039798e-05
5.666540528181940317e-05
2.113744121743366122e-04
5.486443842528387904e-05
6.733940244885161519e-05
3.194504097336903214e-05
1.703147281659767032e-04
7.079966599121689796e-05
3.483950058580376208e-05
4.498787893680855632e-05
3.452557211858220398e-05
3.760748222703114152e-05
2.624940680107101798e-05
3.760187246371060610e-05
1.203594219987280667e-04
3.861572622554376721e-05
1.310961815761402249e-04
2.755750938376877457e-05
7.065085083013400435e-05
6.000372741254977882e-05
6.750801549060270190e-05
4.526762495515868068e-05
9.925407357513904572e-05
3.774837387027218938e-05
7.629295578226447105e-05
2.589951691334135830e-05
3.434842074057087302e-05
3.044924051209818572e-05
5.136012259754352272e-05
3.373982326593250036e-05
7.142438698792830110e-05
2.029232127824798226e-04
1.119891603593714535e-04
8.857974171405658126e-05
1.048464910127222538e-04
3.611368447309359908e-05
2.731061249505728483e-05
6.571083940798416734e-05
7.243861182359978557e-05
3.574182483134791255e-05
2.979183955176267773e-05
5.260267062112689018e-05
8.576009713578969240e-05
2.968693843286018819e-05
2.787198354781139642e-05
4.296220868127420545e-05
5.809250433230772614e-05
1.943939278135076165e-04
2.918051904998719692e-05
3.050522718694992363e-05
8.442463877145200968e-05
8.442882972303777933e-05
6.585933442693203688e-05
3.373048457433469594e-05
1.016409660223871469e-04
2.381937156314961612e-05
2.346817927900701761e-05
1.848802276072092354e-05
8.584235183661803603e-05
4.104909385205246508e-05
3.798338366323150694e-05
6.723809929098933935e-05
8.266795339295640588e-05
4.320645530242472887e-05
3.529632158461026847e-05
4.874716614722274244e-05
2.131512337655294687e-05
8.547436300432309508e-05
4.303304376662708819e-05
6.779381510568782687e-05
7.393422856694087386e-05
2.573326673882547766e-05
7.142997492337599397e-05
4.186281148577108979e-05
4.943547537550330162e-05
4.729982902063056827e-05
3.847484913421794772e-05
2.385720290476456285e-05
2.387292624916881323e-05
2.527724791434593499e-05
3.544709761627018452e-05
5.369552309275604784e-05
4.474908200791105628e-05
3.352223575348034501e-05
2.948263681901153177e-05
2.393996146565768868e-05
3.475465928204357624e-05
2.818374014168512076e-05
5.848003638675436378e-05
4.310132499085739255e-05
2.421778481220826507e-05
3.881469820044003427e-05
4.343927503214217722e-05
3.754599310923367739e-05
3.213978197891265154e-05
3.962327173212543130e-05
8.421250095125287771e-05
3.202199877705425024e-05
3.895864210790023208e-05
2.849806878657545894e-05
5.550835703616030514e-05
1.719287538435310125e-04
3.084984928136691451e-05
2.679676108527928591e-04
4.321304368204437196e-05
4.565986091620288789e-05
6.045685222488828003e-05
1.908666745293885469e-04
9.779520041774958372e-05
2.142114863090682775e-05
3.752250631805509329e-05
2.185364246543031186e-05
5.800315557280555367e-05
5.808058995171450078e-05
3.695144914672710001e-05
2.619681254145689309e-05
5.184593464946374297e-05
6.101950930315069854e-05
3.307895167381502688e-05
4.029850970255210996e-05
2.823593240464106202e-05
5.016438080929219723e-05
2.193225736846216023e-05
1.349075813777744770e-03
7.062354416120797396e-05
1.782666367944329977e-05
3.296501745353452861e-05
2.259273242088966072e-05
4.752670065499842167e-05
5.965872333035804331e-05
3.950747486669570208e-05
4.397692464408464730e-05
2.934129770437721163e-05
3.909522274625487626e-05
6.612081051571294665e-05
2.614725599414668977e-05
7.551549788331612945e-05
4.425679071573540568e-05
3.333630229462869465e-05
3.016694427060429007e-05
4.049251219839788973e-05
3.914982153219170868e-05
7.507649570470675826e-05
7.441417983500286937e-05
2.407215652056038380e-05
3.116066800430417061e-04
6.445206236094236374e-05
3.356948582222685218e-05
6.303437839960679412e-05
3.653131352621130645e-05
3.982562702731229365e-05
2.631422830745577812e-05
2.299504194525070488e-05
2.447092265356332064e-05
6.929441587999463081e-05
3.656862827483564615e-05
3.031523738172836602e-05
3.210136492270976305e-05
1.978068939934018999e-05
3.037667920580133796e-05
2.703503378143068403e-05
3.652115628938190639e-05
4.456348688108846545e-05
3.819729317910969257e-05
3.053007822018116713e-05
3.613945955294184387e-05
5.124835879541933537e-04
2.319728446309454739e-05
1.105398550862446427e-04
3.681376620079390705e-05
2.323509579582605511e-05
3.824843588517978787e-05
5.554235394811257720e-05
6.601135828532278538e-05
4.126963176531717181e-05
2.395109731878619641e-05
3.139508044114336371e-05
3.746021320694126189e-05
2.804640644171740860e-05
2.597695856820791960e-05
5.077298555988818407e-05
2.746023892541415989e-05
1.493325544288381934e-04
4.263201481080614030e-05
4.062513107783161104e-05
9.165042865788564086e-05
7.331206870730966330e-05
4.676776734413579106e-05
5.309108746587298810e-05
6.103210398578085005e-05
5.401985617936588824e-05
1.906807847262825817e-05
2.472590858815237880e-05
3.454759280430153012e-05
2.052931267826352268e-05
2.384803337918128818e-05
3.186477260896936059e-05
2.330978350073564798e-05
5.911249172640964389e-05
4.049577182740904391e-05
4.179447932983748615e-05
2.999645585077814758e-05
3.675784682855010033e-05
4.376411379780620337e-05
5.334832530934363604e-05
2.461100848449859768e-05
6.357397069223225117e-05
2.875753489206545055e-05
1.152634722529910505e-04
2.416864299448207021e-05
3.502773688524030149e-05
3.515887510729953647e-05
1.978024374693632126e-05
2.609194962133187801e-05
2.605982081149704754e-05
2.597667298687156290e-05
3.900105002685450017e-05
3.746306174434721470e-05
4.581181201501749456e-05
1.068310884875245392e-04
4.419838660396635532e-05
3.173270670231431723e-05
9.718231740407645702e-05
1.018715265672653913e-04
2.973501250380650163e-05
2.409834814898204058e-05
1.947423515957780182e-05
6.052314711268991232e-05
3.342235868331044912e-05
7.454412116203457117e-05
5.530361886485479772e-05
3.571465276763774455e-05
6.793007196392863989e-05
3.718682637554593384e-05
3.557414311217144132e-05
3.319816096336580813e-05
2.297085120517294854e-05
3.204252425348386168e-05
8.797613554634153843e-05
6.971044786041602492e-05
4.690524292527697980e-05
1.881290518213063478e-05
4.743989848066121340e-05
3.217983248759992421e-05
4.587561124935746193e-05
6.662119994871318340e-05
1.866954153229016811e-05
4.296651604818180203e-05
2.480533839843701571e-05
3.704839036799967289e-05
5.466843867907300591e-05
3.550566179910674691e-05
3.263819962739944458e-05
3.410626231925562024e-05
6.058630242478102446e-05
3.085995922447182238e-05
5.364241951610893011e-05
9.094217966776341200e-05
3.314313653390854597e-05
3.664069299702532589e-05
2.880062129406724125e-05
4.863554204348474741e-05
3.649398422567173839e-05
