6.905270576477050781e+00
5.860596656799316406e+00
4.886308193206787109e+00
3.440742492675781250e+00
2.611508131027221680e+00
2.125205039978027344e+00
1.930903077125549316e+00
1.895003437995910645e+00
1.635185718536376953e+00
1.601087927818298340e+00
1.465421676635742188e+00
1.410941720008850098e+00
1.330389976501464844e+00
1.553751349449157715e+00
1.368679642677307129e+00
1.475460529327392578e+00
1.534021854400634766e+00
1.268895745277404785e+00
1.361652493476867676e+00
1.455011010169982910e+00
1.286225676536560059e+00
1.212772130966186523e+00
1.579725623130798340e+00
1.346898794174194336e+00
1.205715775489807129e+00
1.145927906036376953e+00
1.435400962829589844e+00
1.360506296157836914e+00
1.195629954338073730e+00
1.422707796096801758e+00
1.283663392066955566e+00
1.091042160987854004e+00
1.271016716957092285e+00
1.259310364723205566e+00
1.329875349998474121e+00
1.441003441810607910e+00
1.298053622245788574e+00
1.128970980644226074e+00
1.153223991394042969e+00
1.384746909141540527e+00
1.136141061782836914e+00
1.178413510322570801e+00
1.308987140655517578e+00
1.016115188598632812e+00
1.174812316894531250e+00
1.194331169128417969e+00
1.108200073242187500e+00
1.276462674140930176e+00
1.030875205993652344e+00
1.307708740234375000e+00
1.063473939895629883e+00
1.101847290992736816e+00
1.293793916702270508e+00
1.140803575515747070e+00
9.566699266433715820e-01
1.165158510208129883e+00
1.052202582359313965e+00
9.747676849365234375e-01
1.314779281616210938e+00
1.146228194236755371e+00
1.301699519157409668e+00
1.013919234275817871e+00
1.030217766761779785e+00
1.013382434844970703e+00
1.040435910224914551e+00
1.144807577133178711e+00
1.212139964103698730e+00
1.158173084259033203e+00
1.317377209663391113e+00
9.183552861213684082e-01
1.370375871658325195e+00
1.257944107055664062e+00
1.067732930183410645e+00
1.028570652008056641e+00
1.187208175659179688e+00
1.009765625000000000e+00
1.184239625930786133e+00
1.050235629081726074e+00
1.145455121994018555e+00
1.124387264251708984e+00
1.173048973083496094e+00
1.017637491226196289e+00
9.214189052581787109e-01
1.143500566482543945e+00
1.008363485336303711e+00
1.090409398078918457e+00
1.186446905136108398e+00
1.163918256759643555e+00
1.112269639968872070e+00
1.020545840263366699e+00
1.075542092323303223e+00
8.713874220848083496e-01
1.060567975044250488e+00
9.896822571754455566e-01
1.087159037590026855e+00
1.011156797409057617e+00
8.827729225158691406e-01
1.016023993492126465e+00
1.089871883392333984e+00
1.012973427772521973e+00
9.197733402252197266e-01
1.188949942588806152e+00
7.452647089958190918e-01
9.561612606048583984e-01
8.587552905082702637e-01
1.105179190635681152e+00
8.852604627609252930e-01
9.869861602783203125e-01
9.525315165519714355e-01
9.936075806617736816e-01
1.200878262519836426e+00
7.981117963790893555e-01
1.069302916526794434e+00
1.032626152038574219e+00
9.769250154495239258e-01
1.140349864959716797e+00
9.533340334892272949e-01
1.058924674987792969e+00
9.327698945999145508e-01
1.097831606864929199e+00
9.576089382171630859e-01
8.987052440643310547e-01
8.647782802581787109e-01
7.975068092346191406e-01
8.023716211318969727e-01
1.004594802856445312e+00
8.449339270591735840e-01
8.865482211112976074e-01
8.997847437858581543e-01
8.733730316162109375e-01
1.054504513740539551e+00
8.290644884109497070e-01
1.081831812858581543e+00
9.215012788772583008e-01
9.764938950538635254e-01
1.001678943634033203e+00
9.754015207290649414e-01
8.979157209396362305e-01
9.280440807342529297e-01
1.133096694946289062e+00
7.656832337379455566e-01
9.733135700225830078e-01
8.963123559951782227e-01
1.124358773231506348e+00
7.894476056098937988e-01
7.597199082374572754e-01
8.318892717361450195e-01
8.388432264328002930e-01
8.223803639411926270e-01
7.858095169067382812e-01
8.704974055290222168e-01
8.641999363899230957e-01
8.081043958663940430e-01
8.523101806640625000e-01
7.690201997756958008e-01
7.374691963195800781e-01
9.208040237426757812e-01
7.688986063003540039e-01
7.613526582717895508e-01
1.052027702331542969e+00
6.869527697563171387e-01
8.353738188743591309e-01
8.507684469223022461e-01
1.068129777908325195e+00
8.468282222747802734e-01
7.700697779655456543e-01
9.878122806549072266e-01
8.607167601585388184e-01
8.063204288482666016e-01
6.391409635543823242e-01
6.505746245384216309e-01
6.499403119087219238e-01
8.059679269790649414e-01
8.477702140808105469e-01
7.476417422294616699e-01
7.114776968955993652e-01
6.738057732582092285e-01
5.935289859771728516e-01
8.833774328231811523e-01
8.559452891349792480e-01
6.655581593513488770e-01
6.043332219123840332e-01
5.443993210792541504e-01
8.163837194442749023e-01
5.805273652076721191e-01
6.666105389595031738e-01
7.020972371101379395e-01
7.041677832603454590e-01
8.344795703887939453e-01
7.798021435737609863e-01
8.486301302909851074e-01
6.870395541191101074e-01
5.932878255844116211e-01
7.272815108299255371e-01
6.863330602645874023e-01
7.924981117248535156e-01
4.731878638267517090e-01
7.085073590278625488e-01
6.748051643371582031e-01
5.664209723472595215e-01
6.965606212615966797e-01
5.811522006988525391e-01
6.161327958106994629e-01
7.138268947601318359e-01
6.889657974243164062e-01
6.137038469314575195e-01
6.657136678695678711e-01
6.573527455329895020e-01
6.417098045349121094e-01
7.152246832847595215e-01
6.006495356559753418e-01
9.094100594520568848e-01
7.767329216003417969e-01
5.984466075897216797e-01
7.062723040580749512e-01
6.395138502120971680e-01
5.318795442581176758e-01
4.165117144584655762e-01
5.188269019126892090e-01
5.078480839729309082e-01
5.275300741195678711e-01
4.896845221519470215e-01
8.140206933021545410e-01
5.510360002517700195e-01
6.816015243530273438e-01
8.275746703147888184e-01
6.737553477287292480e-01
6.570485830307006836e-01
6.321293115615844727e-01
6.068049073219299316e-01
5.598348379135131836e-01
6.529797315597534180e-01
4.807218015193939209e-01
6.031870245933532715e-01
6.629582643508911133e-01
6.478001475334167480e-01
6.791136264801025391e-01
6.368314623832702637e-01
5.847182273864746094e-01
5.216089487075805664e-01
4.957990944385528564e-01
4.172676205635070801e-01
4.570685923099517822e-01
5.112805962562561035e-01
4.498602747917175293e-01
5.388338565826416016e-01
5.927838683128356934e-01
5.768070816993713379e-01
6.050622463226318359e-01
3.838243186473846436e-01
5.542979240417480469e-01
4.338468313217163086e-01
4.296417534351348877e-01
6.352900266647338867e-01
4.000750780105590820e-01
4.364510774612426758e-01
5.912666320800781250e-01
4.660494327545166016e-01
6.083945035934448242e-01
3.543980717658996582e-01
5.007202625274658203e-01
4.586158990859985352e-01
4.670765995979309082e-01
4.311130344867706299e-01
4.585547149181365967e-01
3.724271059036254883e-01
3.311510384082794189e-01
3.833954334259033203e-01
6.219158172607421875e-01
4.651325345039367676e-01
4.911502301692962646e-01
4.780368208885192871e-01
3.851634860038757324e-01
3.931570947170257568e-01
4.880043566226959229e-01
4.440481662750244141e-01
4.497982859611511230e-01
5.057452321052551270e-01
5.348153114318847656e-01
4.277774691581726074e-01
5.586901903152465820e-01
6.573827266693115234e-01
4.411435723304748535e-01
3.521807193756103516e-01
3.825049698352813721e-01
4.906861186027526855e-01
3.994600176811218262e-01
8.969275355339050293e-01
4.534820616245269775e-01
3.214766979217529297e-01
3.967271149158477783e-01
3.793713450431823730e-01
4.629076123237609863e-01
4.851561188697814941e-01
4.963931143283843994e-01
3.567858636379241943e-01
4.247485399246215820e-01
3.322187960147857666e-01
4.790919423103332520e-01
4.096759855747222900e-01
4.982700645923614502e-01
3.523384332656860352e-01
3.699631094932556152e-01
5.129862427711486816e-01
3.966539502143859863e-01
3.863266706466674805e-01
5.408359766006469727e-01
2.394137084484100342e-01
3.066117465496063232e-01
4.374827742576599121e-01
5.435218811035156250e-01
5.057684779167175293e-01
3.470821678638458252e-01
2.374180555343627930e-01
3.417167961597442627e-01
4.647938907146453857e-01
3.151210844516754150e-01
3.744301795959472656e-01
3.829053044319152832e-01
3.737005591392517090e-01
3.030461072921752930e-01
3.109327256679534912e-01
3.016591072082519531e-01
5.366574525833129883e-01
3.435846269130706787e-01
3.222721517086029053e-01
2.143167257308959961e-01
3.318623006343841553e-01
2.967700362205505371e-01
3.944340646266937256e-01
3.068571686744689941e-01
4.733373224735260010e-01
2.080723941326141357e-01
1.811541914939880371e-01
3.100898563861846924e-01
3.500471711158752441e-01
2.162650972604751587e-01
1.711950898170471191e-01
2.516868412494659424e-01
1.635752469301223755e-01
2.346165627241134644e-01
1.960978955030441284e-01
2.306981682777404785e-01
2.207552045583724976e-01
2.372055798768997192e-01
2.313875854015350342e-01
1.602089852094650269e-01
1.527944207191467285e-01
1.573949307203292847e-01
1.848843246698379517e-01
1.957336217164993286e-01
2.004302591085433960e-01
3.540043234825134277e-01
2.932157516479492188e-01
2.077604830265045166e-01
1.333803236484527588e-01
1.973305940628051758e-01
2.696674764156341553e-01
2.434535324573516846e-01
5.201653838157653809e-01
1.532927751541137695e-01
1.777287870645523071e-01
1.550140827894210815e-01
3.095612823963165283e-01
1.800249516963958740e-01
1.620327830314636230e-01
1.984127610921859741e-01
1.905357092618942261e-01
2.080696076154708862e-01
3.364346325397491455e-01
1.768840551376342773e-01
1.865133047103881836e-01
1.859121471643447876e-01
1.974143981933593750e-01
2.319896817207336426e-01
3.424984514713287354e-01
1.875019371509552002e-01
1.102052703499794006e-01
1.854637563228607178e-01
2.170869857072830200e-01
1.237512230873107910e-01
2.962311208248138428e-01
2.596397697925567627e-01
2.002034187316894531e-01
1.506518721580505371e-01
2.169844806194305420e-01
1.765060871839523315e-01
7.708637416362762451e-02
9.656226634979248047e-02
1.595080345869064331e-01
1.477668434381484985e-01
2.316418886184692383e-01
1.285973340272903442e-01
1.597373783588409424e-01
1.819472461938858032e-01
2.092787325382232666e-01
1.105218455195426941e-01
1.705785542726516724e-01
1.035939306020736694e-01
1.383200883865356445e-01
1.805610954761505127e-01
1.381035298109054565e-01
1.830044239759445190e-01
1.425223946571350098e-01
1.510130763053894043e-01
1.884405314922332764e-01
2.769359052181243896e-01
3.177806437015533447e-01
8.163844048976898193e-02
1.912607103586196899e-01
1.150439828634262085e-01
1.624587923288345337e-01
1.401207447052001953e-01
1.702020019292831421e-01
1.232490390539169312e-01
1.770518869161605835e-01
2.121191024780273438e-01
2.187938094139099121e-01
1.935018599033355713e-01
1.179745197296142578e-01
1.674307435750961304e-01
2.420660108327865601e-01
3.706571161746978760e-01
1.792638897895812988e-01
2.658105492591857910e-01
1.942510157823562622e-01
1.252285242080688477e-01
2.703101634979248047e-01
1.988329738378524780e-01
1.626588404178619385e-01
2.987930774688720703e-01
3.505934178829193115e-01
1.981365233659744263e-01
1.969897150993347168e-01
1.691189110279083252e-01
2.012720257043838501e-01
2.147467285394668579e-01
2.721655368804931641e-01
2.655523717403411865e-01
3.160436451435089111e-01
2.900706827640533447e-01
2.143698036670684814e-01
2.283384501934051514e-01
1.278767436742782593e-01
1.397786885499954224e-01
1.812088638544082642e-01
1.763729304075241089e-01
1.497128009796142578e-01
2.295633554458618164e-01
1.982428580522537231e-01
1.706055998802185059e-01
2.174857258796691895e-01
1.206483095884323120e-01
1.744320839643478394e-01
2.236586362123489380e-01
1.107617616653442383e-01
1.866016536951065063e-01
1.020794436335563660e-01
1.302798241376876831e-01
1.548705697059631348e-01
7.618598639965057373e-02
1.645729392766952515e-01
1.204627305269241333e-01
1.335905045270919800e-01
1.517652720212936401e-01
1.027457565069198608e-01
2.283757477998733521e-01
1.998164802789688110e-01
4.510485753417015076e-02
8.434362709522247314e-02
8.143251389265060425e-02
2.522106468677520752e-01
2.678276300430297852e-01
8.264928311109542847e-02
1.322361826896667480e-01
1.724288016557693481e-01
3.046401143074035645e-01
1.398663073778152466e-01
6.842441856861114502e-02
2.894806265830993652e-01
1.516188979148864746e-01
1.158514022827148438e-01
1.486499458551406860e-01
8.856468647718429565e-02
7.715158909559249878e-02
1.305795460939407349e-01
1.038863584399223328e-01
9.016123414039611816e-02
9.532748907804489136e-02
6.928742676973342896e-02
1.499021351337432861e-01
6.410015374422073364e-02
2.125626206398010254e-01
1.237834319472312927e-01
7.834327220916748047e-02
6.332760304212570190e-02
8.542264252901077271e-02
1.045944988727569580e-01
5.878647789359092712e-02
1.318125426769256592e-01
6.991210579872131348e-02
1.190313249826431274e-01
1.651529222726821899e-01
5.734181776642799377e-02
8.880554884672164917e-02
1.351470500230789185e-01
7.710575312376022339e-02
9.941380470991134644e-02
7.654095441102981567e-02
7.352364063262939453e-02
1.053545400500297546e-01
5.248127132654190063e-02
6.956458836793899536e-02
1.029110252857208252e-01
4.538635537028312683e-02
9.985651075839996338e-02
1.580734103918075562e-01
5.532461404800415039e-02
9.823676943778991699e-02
7.092449069023132324e-02
1.614478379487991333e-01
3.871088847517967224e-02
1.674160361289978027e-01
6.468877196311950684e-02
8.150347322225570679e-02
1.042853519320487976e-01
3.697662428021430969e-02
6.149268150329589844e-02
7.774244248867034912e-02
5.089415237307548523e-02
3.770180419087409973e-02
8.719925582408905029e-02
6.025657057762145996e-02
1.263871192932128906e-01
7.988163083791732788e-02
8.890691399574279785e-02
7.383356243371963501e-02
4.235735163092613220e-02
3.216413035988807678e-02
7.839497178792953491e-02
1.287474483251571655e-01
8.492898195981979370e-02
1.097321137785911560e-01
2.923269383609294891e-02
7.142145186662673950e-02
9.409979730844497681e-02
5.377542972564697266e-02
9.567680954933166504e-02
1.100825592875480652e-01
1.406286209821701050e-01
1.424262076616287231e-01
4.099744185805320740e-02
4.172373935580253601e-02
3.673033416271209717e-02
1.482148934155702591e-02
4.578420147299766541e-02
8.916288614273071289e-02
1.834530234336853027e-01
9.114752709865570068e-02
1.139128580689430237e-01
6.813536584377288818e-02
4.331656545400619507e-02
4.282806068658828735e-02
8.753779530525207520e-02
7.518520206212997437e-02
5.132890865206718445e-02
6.445038318634033203e-02
5.712830275297164917e-02
9.307628870010375977e-02
3.754399344325065613e-02
6.759520620107650757e-02
5.319261550903320312e-02
2.041980251669883728e-02
5.440898239612579346e-02
3.476448357105255127e-02
9.690621867775917053e-03
2.046127617359161377e-02
3.115808963775634766e-02
1.238999981433153152e-02
1.797786355018615723e-02
5.395211279392242432e-02
2.635380253195762634e-02
3.885741531848907471e-02
7.810968160629272461e-02
5.025507882237434387e-02
6.821185350418090820e-02
3.071351535618305206e-02
3.296178951859474182e-02
6.295104324817657471e-02
6.185863912105560303e-02
1.456161886453628540e-01
5.009598284959793091e-02
3.877578675746917725e-02
1.965036615729331970e-02
3.224126249551773071e-02
4.493285343050956726e-02
9.395290166139602661e-02
1.466929316520690918e-01
1.034105941653251648e-01
5.000100284814834595e-02
4.741324484348297119e-02
1.184450648725032806e-02
3.916103392839431763e-02
9.359014034271240234e-02
8.907300978899002075e-02
3.930414468050003052e-02
7.005088776350021362e-02
6.502670049667358398e-02
6.687116622924804688e-02
3.360754624009132385e-02
5.116602033376693726e-02
4.772216081619262695e-02
5.313581973314285278e-02
5.593717098236083984e-02
5.147843435406684875e-02
8.618316054344177246e-02
1.183316931128501892e-01
9.500806778669357300e-02
4.065764695405960083e-02
1.812164038419723511e-01
1.436751186847686768e-01
8.759313076734542847e-02
2.197068743407726288e-02
1.425351202487945557e-01
6.926785409450531006e-02
7.103958725929260254e-02
5.407347157597541809e-02
4.755379259586334229e-02
1.456112414598464966e-01
7.599668204784393311e-02
1.313725709915161133e-01
4.784993827342987061e-02
5.313291028141975403e-02
7.128591835498809814e-02
1.012206971645355225e-01
8.332324028015136719e-02
7.178866118192672729e-02
4.828490689396858215e-02
1.550485193729400635e-01
1.942052245140075684e-01
1.359420120716094971e-01
1.103543341159820557e-01
3.972095623612403870e-02
1.965283751487731934e-01
5.951457843184471130e-02
2.797797694802284241e-02
4.048269987106323242e-02
2.655662000179290771e-01
9.540423005819320679e-02
1.217447966337203979e-01
1.088760346174240112e-01
8.826737850904464722e-02
1.083151772618293762e-01
9.902072697877883911e-02
1.109824925661087036e-01
8.333711326122283936e-02
3.666540980339050293e-02
1.074855774641036987e-01
9.103113412857055664e-02
7.179591804742813110e-02
1.430822014808654785e-01
7.419329881668090820e-02
6.842857599258422852e-02
5.747249349951744080e-02
1.548714190721511841e-01
4.627854749560356140e-02
1.216367483139038086e-01
7.536657154560089111e-02
1.866009682416915894e-01
5.016251653432846069e-02
1.567482203245162964e-01
7.602491229772567749e-02
4.177477210760116577e-02
9.647063910961151123e-02
1.399292200803756714e-01
1.140392869710922241e-01
7.857242226600646973e-02
1.332211345434188843e-01
5.156591162085533142e-02
6.236633658409118652e-02
8.347752690315246582e-02
4.371804744005203247e-02
1.236397251486778259e-01
8.527618646621704102e-02
7.087316364049911499e-02
4.451001435518264771e-02
5.940935388207435608e-02
1.048320606350898743e-01
4.614691808819770813e-02
4.023749753832817078e-02
8.355050534009933472e-02
3.163303062319755554e-02
5.522807687520980835e-02
6.168784573674201965e-02
2.474865876138210297e-02
6.284997612237930298e-02
2.988285943865776062e-02
6.972275674343109131e-02
9.744715876877307892e-03
1.132463105022907257e-02
5.604919046163558960e-02
3.457426652312278748e-02
9.129568934440612793e-02
1.471177209168672562e-02
1.029700264334678650e-01
2.689774706959724426e-02
2.824978902935981750e-02
1.210935320705175400e-02
5.052317306399345398e-02
6.686515361070632935e-02
3.436056897044181824e-02
3.047825396060943604e-02
1.944929920136928558e-02
3.255232051014900208e-02
3.671226650476455688e-02
4.656646773219108582e-02
1.071140728890895844e-02
1.508192252367734909e-02
1.099330466240644455e-02
1.131474301218986511e-01
1.995911449193954468e-02
2.414411492645740509e-02
1.816948130726814270e-02
2.244730107486248016e-02
8.518617600202560425e-03
1.329935938119888306e-01
4.162761196494102478e-02
1.081400364637374878e-01
2.681521885097026825e-02
8.617747575044631958e-03
6.971545517444610596e-02
4.082642495632171631e-02
5.239957571029663086e-02
1.931356452405452728e-02
4.499312862753868103e-02
2.963276114314794540e-03
6.315620988607406616e-02
5.155893042683601379e-02
2.488451078534126282e-02
4.469099268317222595e-02
2.371858060359954834e-02
2.698550000786781311e-02
3.645518049597740173e-02
1.352866888046264648e-01
1.289190072566270828e-02
2.253676950931549072e-02
1.682580821216106415e-02
2.959043905138969421e-02
9.637166559696197510e-02
7.365129142999649048e-02
8.508990518748760223e-03
5.121544748544692993e-02
5.239922087639570236e-03
3.296563029289245605e-02
6.425039470195770264e-02
5.038970336318016052e-02
4.754144698381423950e-02
3.437145426869392395e-02
9.493696689605712891e-02
4.332353919744491577e-02
1.409555077552795410e-01
1.431707572191953659e-02
2.544212341308593750e-02
4.643705487251281738e-02
3.529351949691772461e-02
4.958760738372802734e-02
4.443500563502311707e-02
1.060948148369789124e-01
3.234584629535675049e-02
4.564553871750831604e-02
1.704678125679492950e-02
6.676214281469583511e-03
1.418196968734264374e-02
4.558522999286651611e-02
3.809173032641410828e-02
1.556315124034881592e-01
5.834149196743965149e-02
7.256907224655151367e-02
5.842225626111030579e-03
3.330637142062187195e-02
1.750097796320915222e-02
2.690257877111434937e-02
1.723543368279933929e-02
2.092780731618404388e-02
5.789789184927940369e-02
2.297526411712169647e-02
1.580343022942543030e-02
4.448065161705017090e-02
4.056531935930252075e-02
5.543266236782073975e-02
3.658062219619750977e-02
2.670969367027282715e-01
2.709221094846725464e-03
3.974114358425140381e-02
9.729965776205062866e-02
9.031734615564346313e-02
2.029717713594436646e-01
6.812714785337448120e-02
6.117205694317817688e-02
3.024692833423614502e-02
1.284754723310470581e-01
2.928550727665424347e-02
1.899213045835494995e-01
4.188738390803337097e-02
1.017917022109031677e-01
6.802048534154891968e-02
1.546736508607864380e-01
1.133933663368225098e-01
3.009274229407310486e-02
9.776736795902252197e-02
8.591707050800323486e-02
1.807569414377212524e-01
7.686991989612579346e-02
1.180473268032073975e-01
1.656637936830520630e-01
1.282436996698379517e-01
2.055262587964534760e-02
2.343559823930263519e-02
1.913006454706192017e-01
8.678644895553588867e-02
1.315318197011947632e-01
4.534439742565155029e-02
1.186752691864967346e-01
5.388277396559715271e-02
1.710563600063323975e-01
6.425970792770385742e-02
8.546648919582366943e-02
1.313011348247528076e-01
3.966947272419929504e-02
6.478119641542434692e-02
4.993466660380363464e-02
5.492711067199707031e-02
5.352564156055450439e-02
1.683578938245773315e-01
3.709077835083007812e-02
4.214335978031158447e-02
1.448504924774169922e-01
6.088868156075477600e-02
3.764660283923149109e-02
2.931244671344757080e-02
1.765301078557968140e-02
2.827657386660575867e-02
1.603024452924728394e-02
3.300826996564865112e-02
5.287350714206695557e-02
8.767086267471313477e-02
5.999212712049484253e-02
4.717098549008369446e-02
5.476692318916320801e-02
1.855282671749591827e-02
1.084921360015869141e-01
6.216030567884445190e-02
5.141450837254524231e-02
6.939589977264404297e-03
5.734853819012641907e-02
6.916896253824234009e-02
5.605386942625045776e-02
5.176728218793869019e-02
2.322965860366821289e-02
4.480650648474693298e-02
9.949835389852523804e-02
2.922717295587062836e-02
6.101246923208236694e-02
8.056990802288055420e-02
1.305900234729051590e-02
1.209991425275802612e-02
2.517320215702056885e-02
5.167677998542785645e-02
4.271132126450538635e-02
1.800661534070968628e-02
2.172521688044071198e-02
3.683393076062202454e-02
2.192825637757778168e-02
1.009688451886177063e-01
6.039740145206451416e-02
1.195789314806461334e-02
4.345588013529777527e-02
6.961924582719802856e-02
1.906170137226581573e-02
1.252253353595733643e-01
1.436522789299488068e-02
1.021516788750886917e-02
3.288006782531738281e-02
8.800879120826721191e-03
3.843495622277259827e-02
9.239891916513442993e-02
3.420747816562652588e-02
1.777124255895614624e-01
5.023766309022903442e-03
9.493524208664894104e-03
7.057182490825653076e-02
2.134410291910171509e-02
2.207534015178680420e-02
4.220122471451759338e-02
2.915593981742858887e-02
2.504396252334117889e-02
1.602801494300365448e-02
5.202415212988853455e-02
4.318922758102416992e-02
4.624505713582038879e-02
4.107069224119186401e-02
7.087442278861999512e-02
2.827923186123371124e-02
5.277866125106811523e-02
2.096001990139484406e-02
2.648687921464443207e-02
2.167223766446113586e-02
1.208684034645557404e-02
1.388667803257703781e-02
2.107181027531623840e-02
7.600920740514993668e-03
2.242249250411987305e-02
1.219449751079082489e-02
2.275207638740539551e-02
2.028491534292697906e-02
4.702855274081230164e-02
5.432135239243507385e-02
1.720769703388214111e-02
1.361094973981380463e-02
4.123383015394210815e-02
1.105791330337524414e-02
5.937460064888000488e-02
6.694278679788112640e-03
3.694412484765052795e-02
5.542665254324674606e-03
8.384337648749351501e-03
1.851609908044338226e-02
1.310020126402378082e-02
1.600920967757701874e-02
1.125884726643562317e-01
3.085420653223991394e-02
5.051758512854576111e-02
1.178646087646484375e-02
3.480303660035133362e-02
7.093158084899187088e-03
4.459132999181747437e-02
1.154424715787172318e-02
3.817633027210831642e-03
4.002069309353828430e-02
1.118349283933639526e-02
1.160363573580980301e-02
4.910752549767494202e-02
5.803554132580757141e-02
5.949703231453895569e-02
1.954057253897190094e-02
8.671321906149387360e-03
3.585654543712735176e-03
5.149185191839933395e-03
1.342822052538394928e-02
4.566561058163642883e-02
8.461835794150829315e-03
3.157752752304077148e-02
5.079387873411178589e-02
1.721095852553844452e-02
4.157483577728271484e-03
2.622227743268013000e-02
1.418953202664852142e-02
7.943590171635150909e-03
2.724795788526535034e-02
6.192234158515930176e-02
4.615910816937685013e-03
1.628452166914939880e-02
1.576424762606620789e-02
3.107765689492225647e-03
5.952646490186452866e-03
4.181118309497833252e-02
4.190724343061447144e-03
1.790595985949039459e-02
1.590152643620967865e-02
3.581731393933296204e-02
3.768503898754715919e-03
2.156427502632141113e-02
4.020066466182470322e-03
3.126288950443267822e-02
2.431234717369079590e-02
8.960786275565624237e-03
5.279240664094686508e-03
3.625407069921493530e-02
2.632477506995201111e-02
3.145778924226760864e-02
1.571319811046123505e-02
2.102641854435205460e-03
5.661706998944282532e-02
1.379723427817225456e-03
2.626672619953751564e-03
1.545935054309666157e-03
1.024971436709165573e-02
6.264354567974805832e-03
1.212388835847377777e-02
6.693854928016662598e-03
1.494504697620868683e-02
6.812421139329671860e-03
2.321352018043398857e-03
4.498459864407777786e-03
3.855502000078558922e-03
1.058888342231512070e-02
3.831905126571655273e-02
8.689505048096179962e-03
2.196629717946052551e-02
2.553693763911724091e-02
1.727146655321121216e-02
3.908819984644651413e-03
7.380758412182331085e-03
8.114847354590892792e-03
1.787483692169189453e-03
2.679226920008659363e-03
4.339367616921663284e-03
1.683862321078777313e-02
2.054376155138015747e-02
2.876854734495282173e-03
1.322044990956783295e-02
1.390866562724113464e-02
3.336690831929445267e-03
1.254270412027835846e-02
4.254690557718276978e-02
5.475521553307771683e-03
5.143890623003244400e-03
2.241586335003376007e-03
1.427455339580774307e-03
1.140784379094839096e-02
3.983148373663425446e-03
9.706388227641582489e-03
2.545990282669663429e-03
2.234576083719730377e-02
5.956655368208885193e-03
6.802537012845277786e-03
2.577516715973615646e-03
2.989481668919324875e-03
4.550166800618171692e-02
7.285553030669689178e-03
1.413300982676446438e-03
7.666908786632120609e-04
1.918866299092769623e-03
1.587267266586422920e-03
5.857152398675680161e-03
1.050673075951635838e-03
1.865142490714788437e-03
2.688191598281264305e-03
2.237077802419662476e-03
2.440118230879306793e-03
4.263505339622497559e-03
1.869594329036772251e-03
2.720678411424160004e-02
1.087394077330827713e-03
2.488778438419103622e-03
1.376078114844858646e-03
1.291677169501781464e-02
1.420880318619310856e-03
5.681750178337097168e-02
4.858680069446563721e-03
9.966425132006406784e-04
6.833081599324941635e-03
6.833543535321950912e-03
5.187164526432752609e-03
1.275602728128433228e-02
2.748026326298713684e-02
2.654578909277915955e-02
1.532829832285642624e-03
3.073339117690920830e-03
2.263147383928298950e-03
9.265521541237831116e-03
1.463939901441335678e-02
4.892442841082811356e-03
4.684087820351123810e-03
3.591901157051324844e-03
1.816650480031967163e-02
2.984622493386268616e-03
9.300187230110168457e-04
1.298567093908786774e-02
5.340635776519775391e-02
1.664354233071208000e-03
9.077060967683792114e-03
6.782503798604011536e-03
1.458366587758064270e-02
3.411445068195462227e-03
2.208240702748298645e-02
4.555071238428354263e-03
9.951307438313961029e-04
3.819970879703760147e-03
2.833536081016063690e-02
7.427205331623554230e-03
1.137165236286818981e-03
1.894349814392626286e-03
1.712226774543523788e-03
4.743492696434259415e-03
9.532107040286064148e-03
7.842917111702263355e-04
9.498541243374347687e-03
9.716127999126911163e-03
4.925435408949851990e-03
2.044491469860076904e-03
1.957773929461836815e-03
8.696529082953929901e-03
3.869942156597971916e-03
9.181068278849124908e-03
4.399070050567388535e-03
2.713103778660297394e-03
4.262336995452642441e-03
4.798268899321556091e-03
4.651045019272714853e-04
6.899535655975341797e-04
6.091101560741662979e-03
5.988549673929810524e-04
7.548000663518905640e-02
4.722336772829294205e-03
2.068283502012491226e-03
1.040413510054349899e-02
1.655074534937739372e-03
7.546284049749374390e-02
1.981992274522781372e-03
7.164102979004383087e-03
6.706109270453453064e-03
1.336475927382707596e-02
1.483141630887985229e-02
3.934876620769500732e-02
7.699899375438690186e-02
6.632853299379348755e-02
4.947347193956375122e-02
7.337426301091909409e-03
2.553022233769297600e-03
6.828764919191598892e-03
6.079820450395345688e-03
8.770695887506008148e-03
1.106993574649095535e-02
2.150597237050533295e-02
5.945494771003723145e-02
5.165939778089523315e-02
2.206706851720809937e-01
9.892528876662254333e-03
9.151446633040904999e-03
3.293016226962208748e-03
2.567028440535068512e-02
3.787271678447723389e-02
2.304292023181915283e-01
2.515394389629364014e-01
9.300699084997177124e-02
1.133444253355264664e-02
6.101974286139011383e-03
2.518476219847798347e-03
7.543404400348663330e-02
1.689136922359466553e-01
1.013928353786468506e-01
6.443546712398529053e-02
6.293248385190963745e-02
3.995260968804359436e-02
2.363761141896247864e-02
4.151475057005882263e-02
5.871956050395965576e-02
1.353050172328948975e-01
2.388387173414230347e-02
6.557920575141906738e-02
5.766651034355163574e-02
3.817339614033699036e-02
1.208584085106849670e-01
3.760000690817832947e-02
1.057919412851333618e-01
4.387513175606727600e-02
9.880980849266052246e-02
3.267711773514747620e-02
3.449042141437530518e-02
2.343028411269187927e-02
1.037451475858688354e-01
1.063714772462844849e-01
9.218019247055053711e-02
7.113131880760192871e-02
6.753268092870712280e-02
1.048164665699005127e-01
3.471086174249649048e-02
2.141107805073261261e-02
1.797161065042018890e-02
1.767220161855220795e-02
5.627670884132385254e-02
6.601549685001373291e-03
2.138955332338809967e-02
1.008533164858818054e-01
2.458041533827781677e-02
8.412175625562667847e-02
5.686425417661666870e-02
1.272787712514400482e-02
5.171056091785430908e-02
6.869704276323318481e-02
4.055656120181083679e-02
3.061074763536453247e-02
1.319519057869911194e-02
2.101181447505950928e-02
3.793149068951606750e-02
5.030326917767524719e-02
5.916785821318626404e-02
4.320029541850090027e-02
5.022942274808883667e-02
6.736880168318748474e-03
7.640686631202697754e-02
5.927397310733795166e-02
4.248345270752906799e-02
5.668212845921516418e-02
7.436650246381759644e-02
2.827353402972221375e-02
4.353212192654609680e-02
4.271674528717994690e-02
1.113915219902992249e-01
4.086393397301435471e-03
5.970998480916023254e-02
3.690163139253854752e-03
6.218697410076856613e-03
1.329371146857738495e-02
4.633090645074844360e-02
2.783671393990516663e-02
1.844157651066780090e-02
6.491566449403762817e-02
5.060552433133125305e-02
5.207414180040359497e-02
6.076183915138244629e-02
6.953656673431396484e-03
4.122282564640045166e-02
2.233805833384394646e-03
2.584060095250606537e-02
2.353605628013610840e-02
2.642341330647468567e-02
8.803322911262512207e-02
8.633698523044586182e-02
7.274594902992248535e-02
2.630802057683467865e-02
2.009291201829910278e-02
2.491958439350128174e-02
2.063218690454959869e-02
1.772780343890190125e-02
3.916042670607566833e-02
1.752147637307643890e-02
3.718284890055656433e-02
1.220951136201620102e-02
2.681491337716579437e-02
5.589922517538070679e-02
9.318442083895206451e-03
2.747037075459957123e-02
7.901071570813655853e-03
4.799842461943626404e-02
2.038411982357501984e-02
7.389247417449951172e-02
5.176996346563100815e-03
4.179341346025466919e-02
1.298158802092075348e-02
4.737785831093788147e-02
2.411266416311264038e-02
3.328162059187889099e-02
3.833152726292610168e-02
5.486163310706615448e-03
4.830636084079742432e-02
6.799363344907760620e-02
5.101644992828369141e-02
5.354892089962959290e-02
5.319597199559211731e-03
4.898799117654561996e-03
5.788383260369300842e-02
3.314471617341041565e-02
2.688211202621459961e-02
7.918463088572025299e-03
1.225071214139461517e-02
5.423844978213310242e-02
1.541134621948003769e-02
4.131165146827697754e-02
3.791596740484237671e-02
2.501657418906688690e-02
1.591757126152515411e-02
6.214452907443046570e-03
1.956433290615677834e-03
2.787709468975663185e-03
1.618900895118713379e-02
5.805630236864089966e-02
9.948179125785827637e-03
7.481453940272331238e-03
1.574123464524745941e-02
3.025842830538749695e-02
1.124620554037392139e-03
6.627133116126060486e-03
1.428484264761209488e-02
4.139443393796682358e-03
5.139288026839494705e-03
1.884605037048459053e-03
7.334107533097267151e-03
1.030827127397060394e-02
1.805448089726269245e-03
5.405589565634727478e-02
1.261841878294944763e-02
1.445702835917472839e-02
2.441440708935260773e-03
3.138506412506103516e-02
2.150707412511110306e-03
5.320043768733739853e-03
2.856027102097868919e-03
2.107620239257812500e-03
1.098844315856695175e-02
1.249314751476049423e-03
3.589865565299987793e-02
3.811500733718276024e-03
1.534994109533727169e-03
2.282375935465097427e-03
2.150518633425235748e-02
2.462408971041440964e-03
1.575679890811443329e-02
4.188092891126871109e-03
1.181695261038839817e-03
2.359127812087535858e-02
3.223352367058396339e-03
1.025823061354458332e-03
8.572617918252944946e-02
4.228095524013042450e-03
2.001135610044002533e-03
1.396973337978124619e-02
2.073888294398784637e-02
3.526574932038784027e-03
6.636037724092602730e-04
3.480781242251396179e-02
9.293096140027046204e-03
1.099117565900087357e-02
1.120857545174658298e-03
4.384948406368494034e-03
6.080325692892074585e-03
1.389586180448532104e-02
1.331717893481254578e-02
5.202355794608592987e-03
1.026778854429721832e-02
4.713821224868297577e-03
7.851693779230117798e-03
1.258570235222578049e-03
2.883149310946464539e-02
3.270648885518312454e-03
7.497368846088647842e-03
1.657696207985281944e-03
3.276994684711098671e-03
3.776310011744499207e-02
1.071053789928555489e-03
5.967647302895784378e-03
4.011021461337804794e-03
3.405847772955894470e-02
1.820706878788769245e-03
7.904551923274993896e-02
1.380785740911960602e-02
3.397562354803085327e-02
2.656352007761597633e-03
6.377452518790960312e-03
2.541089663282036781e-03
3.396720159798860550e-03
9.795422665774822235e-03
2.089056931436061859e-02
1.944992574863135815e-03
5.198491853661835194e-04
6.539057008922100067e-03
1.460082828998565674e-03
5.927295424044132233e-04
2.952695824205875397e-03
2.916436409577727318e-03
2.042789710685610771e-03
2.516660653054714203e-02
3.785567730665206909e-02
2.906525274738669395e-03
2.377936430275440216e-02
1.063273404724895954e-03
5.682312184944748878e-04
1.271128468215465546e-02
3.037675283849239349e-02
2.802080009132623672e-03
1.738918013870716095e-02
4.961065948009490967e-02
9.367665275931358337e-03
2.065932145342230797e-03
5.899794865399599075e-03
6.152783753350377083e-04
4.191425628960132599e-03
1.724459975957870483e-02
7.272033952176570892e-03
1.179491169750690460e-02
2.729757456108927727e-03
3.168166149407625198e-03
1.184395421296358109e-02
7.455564918927848339e-04
3.698841668665409088e-03
1.507386914454400539e-03
6.656315177679061890e-03
3.032020479440689087e-02
1.433329284191131592e-02
1.269545755349099636e-03
1.556978095322847366e-02
1.343466690741479397e-03
2.793283900246024132e-03
3.335482440888881683e-03
1.419293321669101715e-02
1.025356538593769073e-02
4.647318273782730103e-03
1.720693195238709450e-03
3.351928666234016418e-02
1.986976899206638336e-02
1.043709809891879559e-03
2.042931271716952324e-03
2.339747035875916481e-03
1.834818976931273937e-03
2.478017937391996384e-03
4.463030956685543060e-03
9.076709859073162079e-03
9.572990238666534424e-04
2.827430143952369690e-03
6.709008477628231049e-03
1.539453212171792984e-02
1.922713825479149818e-03
1.346231903880834579e-03
3.758727340027689934e-03
7.118150126188993454e-03
4.504011943936347961e-03
2.030240604653954506e-03
1.220023958012461662e-03
1.444734982214868069e-03
3.107260446995496750e-03
2.981176599860191345e-02
2.114303642883896828e-03
2.291221637278795242e-03
1.176637248136103153e-03
5.092517822049558163e-04
1.975128054618835449e-02
7.351576350629329681e-04
6.745429709553718567e-03
7.188715972006320953e-04
6.382178398780524731e-04
2.061197767034173012e-03
1.212952542118728161e-03
1.357879606075584888e-03
6.214323220774531364e-04
5.673561827279627323e-04
7.746624760329723358e-03
2.578187268227338791e-03
1.875716377981007099e-03
5.900690448470413685e-04
7.658943650312721729e-04
1.264346111565828323e-02
1.223847619257867336e-03
5.585518665611743927e-04
1.174014760181307793e-03
1.973939314484596252e-02
1.097327098250389099e-02
2.134510083124041557e-03
7.369658444076776505e-03
9.028059244155883789e-02
2.330370992422103882e-02
5.020457901991903782e-04
7.097740308381617069e-04
4.018666222691535950e-03
2.123723365366458893e-02
1.021891012787818909e-01
5.587231367826461792e-02
5.673072859644889832e-02
1.862210035324096680e-02
2.308327704668045044e-03
3.098677098751068115e-02
3.599596675485372543e-03
8.386399596929550171e-03
7.042860146611928940e-03
5.521291121840476990e-02
1.776912622153759003e-02
1.557428669184446335e-02
7.064596563577651978e-02
2.793794870376586914e-02
7.972262054681777954e-02
4.459834471344947815e-02
4.773068241775035858e-03
1.821674033999443054e-02
6.756487302482128143e-03
1.183136086910963058e-02
3.812412172555923462e-02
8.881383575499057770e-03
8.845919510349631310e-04
7.888190448284149170e-03
2.389043010771274567e-02
3.410536795854568481e-03
2.239286713302135468e-02
4.568133875727653503e-02
5.689057521522045135e-03
1.254286151379346848e-02
8.199102245271205902e-03
2.244476601481437683e-02
2.217007614672183990e-02
5.985019728541374207e-03
1.057603582739830017e-02
6.482703983783721924e-02
5.951554514467716217e-03
2.739974111318588257e-02
8.042802102863788605e-03
1.011262554675340652e-02
1.155601069331169128e-01
1.511933468282222748e-02
1.199514418840408325e-02
3.233899921178817749e-02
2.451294101774692535e-02
6.157461553812026978e-03
2.402150444686412811e-02
2.169938199222087860e-02
1.801344193518161774e-02
3.304293751716613770e-02
6.415633019059896469e-03
9.424920193850994110e-03
9.069082140922546387e-02
1.225894223898649216e-02
1.478649117052555084e-02
2.068972960114479065e-02
4.281967505812644958e-02
3.917083144187927246e-03
4.945165291428565979e-02
7.664240896701812744e-03
7.118132896721363068e-03
4.625781998038291931e-02
3.698205575346946716e-03
4.016850609332323074e-03
3.403909038752317429e-03
8.666053414344787598e-03
6.944788154214620590e-03
1.140828058123588562e-02
2.335043624043464661e-02
2.211463078856468201e-02
2.589341253042221069e-02
4.401360638439655304e-03
3.869382198899984360e-03
2.670003101229667664e-03
1.908355206251144409e-02
5.681965500116348267e-02
2.788693830370903015e-02
3.339461982250213623e-03
8.724039420485496521e-03
7.476897537708282471e-02
1.585447462275624275e-03
1.227010414004325867e-02
3.704733774065971375e-02
3.711471566930413246e-03
4.973767697811126709e-02
2.137190476059913635e-02
2.353164553642272949e-02
1.198146305978298187e-02
7.092889398336410522e-02
1.343769300729036331e-02
5.740375723689794540e-03
5.686141550540924072e-02
9.910509688779711723e-04
1.356588560156524181e-03
2.383175678551197052e-02
5.137320142239332199e-03
9.489526040852069855e-03
1.184623781591653824e-02
2.121872454881668091e-02
2.169344760477542877e-02
1.283897552639245987e-02
2.197451889514923096e-03
3.378803282976150513e-02
2.397803822532296181e-03
1.682621194049715996e-03
1.236855518072843552e-02
6.772917695343494415e-03
1.082220207899808884e-02
6.801329553127288818e-02
4.997867718338966370e-02
4.041794314980506897e-02
2.590053156018257141e-02
7.191661745309829712e-02
8.277489989995956421e-02
3.242713632062077522e-03
2.651632530614733696e-03
3.435587137937545776e-02
1.202887967228889465e-01
4.312951862812042236e-02
3.906564787030220032e-02
4.490046203136444092e-02
1.312829740345478058e-02
6.791524589061737061e-02
1.229267916642129421e-03
7.167499512434005737e-02
1.647209189832210541e-02
4.589688777923583984e-02
3.199253464117646217e-03
3.620555624365806580e-02
1.280168071389198303e-02
9.669356979429721832e-03
5.107232928276062012e-02
5.785423889756202698e-02
8.497074991464614868e-02
4.104353860020637512e-02
1.174866128712892532e-02
2.242157980799674988e-02
1.174648664891719818e-02
2.339642867445945740e-02
2.837293222546577454e-02
1.116049755364656448e-02
3.707347437739372253e-02
7.374858856201171875e-02
2.247874997556209564e-02
1.103858835995197296e-02
5.069906637072563171e-02
1.708886586129665375e-02
9.247263893485069275e-03
1.667971462011337280e-01
3.994999080896377563e-02
4.451936855912208557e-02
1.783251203596591949e-02
4.450960084795951843e-03
1.944492198526859283e-02
2.977238781750202179e-02
5.225853994488716125e-02
2.543594921007752419e-03
6.814950704574584961e-02
2.179964445531368256e-02
4.635458067059516907e-02
3.807377815246582031e-02
2.139390446245670319e-02
1.042933687567710876e-01
3.283394128084182739e-02
1.556779723614454269e-02
2.882346510887145996e-02
1.287100836634635925e-02
1.768702268600463867e-02
1.516919862478971481e-02
3.672000020742416382e-02
2.181144803762435913e-02
4.093746468424797058e-02
1.507782377302646637e-02
5.399789288640022278e-02
7.830257527530193329e-03
1.220129430294036865e-02
2.317204326391220093e-02
1.237598061561584473e-02
2.980153262615203857e-02
2.463286183774471283e-02
6.990160327404737473e-03
2.573691681027412415e-02
1.655067689716815948e-02
4.037179052829742432e-02
5.386601202189922333e-03
2.270820317789912224e-03
1.296501886099576950e-02
5.275894887745380402e-03
8.125176653265953064e-03
3.538797423243522644e-02
1.383711677044630051e-02
1.408886909484863281e-02
7.879976183176040649e-03
7.925593852996826172e-02
1.936864480376243591e-02
1.348944846540689468e-02
8.458329364657402039e-03
9.994522668421268463e-03
2.130041364580392838e-03
1.485112775117158890e-02
1.580637181177735329e-03
7.906816899776458740e-02
2.161188982427120209e-02
1.092515699565410614e-02
2.234874293208122253e-03
1.623031310737133026e-02
3.042255155742168427e-02
7.771274447441101074e-02
2.707094652578234673e-03
5.455007776618003845e-02
6.440503057092428207e-03
8.494905196130275726e-03
6.176675669848918915e-04
1.601945492438971996e-03
1.174649782478809357e-02
9.750249795615673065e-03
5.366672761738300323e-03
6.832330673933029175e-02
5.848657339811325073e-03
4.559761378914117813e-03
6.565299630165100098e-02
1.285397796891629696e-03
6.032523699104785919e-03
2.568568801507353783e-03
1.813572831451892853e-02
3.153010271489620209e-03
1.785586238838732243e-03
4.206613451242446899e-02
1.159324869513511658e-02
7.175489328801631927e-03
1.718943123705685139e-03
3.176463022828102112e-02
1.639763079583644867e-02
4.853127989917993546e-03
1.523750182241201401e-02
4.823075141757726669e-03
1.036990783177316189e-03
1.548588159494102001e-03
3.316022455692291260e-03
3.869112953543663025e-02
4.194757901132106781e-03
5.726358387619256973e-03
2.204498974606394768e-03
5.431242659687995911e-02
4.932824522256851196e-03
2.174955327063798904e-03
2.129820547997951508e-02
4.531958140432834625e-03
6.098431767895817757e-04
7.849978283047676086e-03
7.541506737470626831e-02
1.015379093587398529e-03
9.517979342490434647e-04
2.658541500568389893e-02
6.249224301427602768e-03
9.370323969051241875e-04
3.250591829419136047e-02
5.111533682793378830e-03
1.439932826906442642e-02
1.045666751451790333e-03
8.699949248693883419e-04
2.100535435602068901e-03
1.192552875727415085e-02
3.925430029630661011e-02
4.005468450486660004e-03
3.536523319780826569e-03
2.561746723949909210e-02
2.861241111531853676e-03
1.172854099422693253e-03
4.168177954852581024e-03
2.726282924413681030e-02
2.391676418483257294e-02
2.717496640980243683e-02
1.566807739436626434e-02
1.869418774731457233e-03
1.974170655012130737e-02
5.201610736548900604e-03
3.619518829509615898e-03
1.081982976756989956e-03
4.142182320356369019e-02
2.541011758148670197e-02
6.317678093910217285e-02
1.465665176510810852e-03
7.010390516370534897e-03
7.501067128032445908e-03
2.589327516034245491e-03
1.202395535074174404e-03
4.550780635327100754e-03
4.985461384057998657e-02
1.560606807470321655e-02
2.219106629490852356e-02
4.991462919861078262e-03
2.247793227434158325e-02
1.588094048202037811e-03
3.834766102954745293e-03
5.994995683431625366e-02
6.742215901613235474e-02
2.096169628202915192e-02
4.486049711704254150e-02
4.785913228988647461e-02
1.529660634696483612e-02
2.617694623768329620e-02
5.322759971022605896e-03
3.889340907335281372e-03
2.974578738212585449e-02
4.871260002255439758e-02
1.763075031340122223e-02
7.316183764487504959e-03
1.601728983223438263e-02
8.713709190487861633e-03
6.574413925409317017e-02
2.074087597429752350e-02
2.084509097039699554e-02
7.936535403132438660e-03
9.942491538822650909e-03
9.926105290651321411e-02
1.711504347622394562e-02
2.535502426326274872e-02
1.455330550670623779e-01
3.060160204768180847e-02
1.715523190796375275e-03
3.353239595890045166e-02
2.735566534101963043e-02
1.234208047389984131e-01
3.344887867569923401e-02
9.526479244232177734e-02
1.412993017584085464e-02
2.850492112338542938e-02
5.068202689290046692e-02
5.765171349048614502e-02
2.081681275740265846e-03
7.851999253034591675e-02
2.301255613565444946e-02
1.695026829838752747e-02
5.596521496772766113e-02
1.025445479899644852e-02
8.839528076350688934e-03
7.392272353172302246e-02
3.711737459525465965e-03
2.887648902833461761e-02
4.263511393219232559e-03
5.677494034171104431e-02
1.011188551783561707e-01
1.475595124065876007e-02
2.193119376897811890e-02
1.313827000558376312e-02
1.585301756858825684e-02
8.568191528320312500e-02
9.806894697248935699e-03
4.516632854938507080e-02
5.823518149554729462e-03
7.431221660226583481e-03
1.011726446449756622e-02
1.236250437796115875e-02
1.643360704183578491e-01
3.552697971463203430e-02
5.581087432801723480e-03
2.593267243355512619e-03
1.492245122790336609e-02
1.169344875961542130e-02
5.773059651255607605e-02
5.209035798907279968e-02
7.115723192691802979e-02
3.062552772462368011e-02
1.109396889805793762e-01
5.276435613632202148e-02
1.259818114340305328e-02
1.023987233638763428e-01
3.871855512261390686e-02
3.548165783286094666e-02
8.260834962129592896e-02
2.237249538302421570e-02
1.036650687456130981e-01
7.355253398418426514e-02
4.676515236496925354e-02
6.261249631643295288e-02
1.530709117650985718e-02
8.550491183996200562e-03
1.547263711690902710e-01
9.338828176259994507e-02
5.792246013879776001e-02
2.855105791240930557e-03
4.682426154613494873e-02
6.683696806430816650e-02
6.930917967110872269e-03
1.514432877302169800e-01
1.936795003712177277e-02
4.339363798499107361e-02
1.530701480805873871e-02
5.971648916602134705e-02
5.227579921483993530e-02
8.960464596748352051e-02
2.264528535306453705e-02
5.967092514038085938e-02
9.410416334867477417e-02
4.263686481863260269e-03
4.220024123787879944e-02
3.413433209061622620e-02
6.020674109458923340e-02
8.840605616569519043e-03
2.482885867357254028e-02
2.406521700322628021e-02
4.124888777732849121e-02
3.905154392123222351e-02
9.156892448663711548e-02
3.022464737296104431e-02
9.971303865313529968e-03
1.110866069793701172e-01
7.521791011095046997e-02
6.577771902084350586e-02
4.359562881290912628e-03
1.238498762249946594e-01
8.037657290697097778e-02
1.099066659808158875e-01
8.309544622898101807e-02
4.226070642471313477e-02
6.857603043317794800e-02
3.458473458886146545e-02
6.303384155035018921e-02
1.491789668798446655e-01
3.985247761011123657e-02
5.517664551734924316e-02
3.019025735557079315e-02
7.083644717931747437e-02
9.301574528217315674e-02
9.657038748264312744e-02
5.975195765495300293e-02
6.817687302827835083e-02
6.517150998115539551e-02
1.673519052565097809e-02
1.467268262058496475e-02
4.459753260016441345e-02
9.887709282338619232e-03
8.128748089075088501e-02
9.328410029411315918e-02
6.132993474602699280e-02
8.562838658690452576e-03
1.526014227420091629e-02
5.908170714974403381e-02
2.054834552109241486e-02
4.207724332809448242e-02
8.438518643379211426e-02
1.195836625993251801e-02
6.638981401920318604e-02
1.445069536566734314e-02
7.871846109628677368e-02
7.857756316661834717e-02
7.786814123392105103e-03
7.107332348823547363e-03
4.063302651047706604e-02
2.593710459768772125e-02
1.696935854852199554e-02
3.950747847557067871e-02
1.866528838872909546e-01
6.722838431596755981e-02
3.127863630652427673e-02
1.595429703593254089e-02
1.013956591486930847e-02
3.328803926706314087e-02
7.266540545970201492e-03
9.834182448685169220e-03
1.268955171108245850e-01
9.277731180191040039e-03
3.495536744594573975e-02
7.610489428043365479e-02
1.339437533169984818e-02
4.887043498456478119e-03
3.740059211850166321e-02
2.250183373689651489e-02
3.356670215725898743e-02
3.777315374463796616e-03
9.056599810719490051e-03
4.559721052646636963e-02
1.667384244501590729e-02
1.317980932071805000e-03
7.856289856135845184e-03
1.291339099407196045e-02
1.168989762663841248e-02
3.158205747604370117e-02
3.946029022336006165e-02
2.236535772681236267e-03
1.718999072909355164e-02
1.780806458555161953e-03
5.406085401773452759e-03
5.518546793609857559e-03
5.524804815649986267e-03
1.975997723639011383e-02
6.924505531787872314e-02
6.602026522159576416e-03
1.991313137114048004e-02
8.304815739393234253e-03
4.727753810584545135e-03
2.593665570020675659e-02
8.805496990680694580e-02
5.046636331826448441e-03
3.109784796833992004e-02
7.907107938081026077e-04
3.556335344910621643e-02
5.664715915918350220e-02
1.731687970459461212e-02
1.160404179245233536e-02
6.270691752433776855e-02
1.465426851063966751e-02
1.850159373134374619e-03
1.270520780235528946e-02
4.597822949290275574e-02
3.507207706570625305e-02
7.739828899502754211e-03
8.452790789306163788e-03
3.441906534135341644e-03
2.744107507169246674e-02
1.478009484708309174e-02
5.907046049833297729e-02
6.276578176766633987e-03
2.508937567472457886e-02
1.501190010458230972e-02
1.856027729809284210e-02
4.954673815518617630e-03
3.003585524857044220e-02
1.864275429397821426e-03
7.058452349156141281e-03
6.643680389970541000e-03
1.230022758245468140e-01
1.339430361986160278e-02
2.502454910427331924e-03
3.468974027782678604e-03
4.922395572066307068e-03
4.438503086566925049e-02
2.280472405254840851e-02
1.972693577408790588e-02
2.775490842759609222e-02
3.223019465804100037e-02
2.766316989436745644e-03
1.152022629976272583e-01
2.882143110036849976e-02
5.902678892016410828e-02
3.927374631166458130e-02
2.207540161907672882e-02
1.093152910470962524e-02
5.965088307857513428e-02
8.943704888224601746e-03
2.978270640596747398e-03
4.432674963027238846e-03
3.378369286656379700e-02
1.135329306125640869e-01
6.817175075411796570e-03
1.588955149054527283e-02
7.659733295440673828e-02
7.968409918248653412e-03
5.121636763215065002e-02
9.001143276691436768e-03
2.220912650227546692e-02
4.644444212317466736e-03
2.766519784927368164e-02
7.505922578275203705e-03
3.477185592055320740e-02
6.912366952747106552e-03
2.230140939354896545e-02
2.424306422472000122e-02
1.409368682652711868e-02
2.090335823595523834e-02
2.576315961778163910e-02
4.370943084359169006e-02
2.927367761731147766e-02
2.167923189699649811e-02
2.243822813034057617e-02
3.671075683087110519e-03
1.415399275720119476e-02
4.506738390773534775e-03
1.503842417150735855e-02
1.386232525110244751e-01
4.180579446256160736e-03
7.919380441308021545e-03
1.425931043922901154e-02
6.490450352430343628e-03
1.014578156173229218e-02
1.245238538831472397e-02
1.808228902518749237e-02
8.763885498046875000e-02
1.009500771760940552e-01
1.602722145617008209e-02
2.362290769815444946e-01
1.640091389417648315e-01
2.230118401348590851e-02
2.619664743542671204e-02
1.487335935235023499e-02
3.622961789369583130e-02
3.806990757584571838e-02
8.219919353723526001e-02
4.679339751601219177e-02
9.490017592906951904e-02
1.391017343848943710e-02
4.461152106523513794e-02
1.548941060900688171e-02
9.300588816404342651e-02
1.246340759098529816e-02
2.980546653270721436e-02
3.484933869913220406e-03
7.753056008368730545e-03
5.847816355526447296e-03
2.715068310499191284e-02
7.622256129980087280e-02
3.670209553092718124e-03
6.246563047170639038e-02
8.563669770956039429e-02
3.344966098666191101e-02
1.380634605884552002e-01
1.931077241897583008e-02
3.365635126829147339e-02
7.563034445047378540e-02
2.368117310106754303e-02
2.616306208074092865e-02
5.599848926067352295e-03
4.056848213076591492e-02
6.621264666318893433e-02
3.625150024890899658e-02
4.732424765825271606e-02
3.237170726060867310e-02
4.319020733237266541e-02
2.794053871184587479e-03
4.049330949783325195e-03
2.135492162778973579e-03
2.030346542596817017e-02
8.370801806449890137e-02
3.939082473516464233e-02
1.116738095879554749e-02
3.298002108931541443e-02
7.843764498829841614e-03
1.404289808124303818e-02
1.874251640401780605e-03
1.869954168796539307e-02
1.901376992464065552e-02
1.355784665793180466e-02
1.725564152002334595e-02
2.679315209388732910e-02
3.396697342395782471e-02
1.051500625908374786e-02
4.486679658293724060e-02
1.498821377754211426e-02
6.990042049437761307e-03
6.248530931770801544e-03
6.864810828119516373e-03
5.064886063337326050e-03
6.663271691650152206e-03
1.112739089876413345e-03
1.702256267890334129e-03
1.126699708402156830e-02
1.307040220126509666e-03
5.827128887176513672e-03
2.695237752050161362e-03
1.453799195587635040e-02
5.255153402686119080e-03
1.355299353599548340e-02
6.707442458719015121e-03
2.516454318538308144e-03
6.838758010417222977e-03
2.428430598229169846e-03
9.572464041411876678e-03
5.302454810589551926e-03
4.062271676957607269e-03
4.977408424019813538e-02
4.081068933010101318e-02
2.842347137629985809e-03
1.915059518069028854e-03
3.058864362537860870e-02
2.852337202057242393e-04
1.963046193122863770e-02
1.405496848747134209e-03
9.887225460261106491e-04
4.462745855562388897e-04
1.051075197756290436e-02
4.861845634877681732e-03
1.283257384784519672e-03
8.322010748088359833e-03
8.108361507765948772e-04
8.003035560250282288e-03
1.359974872320890427e-02
2.989928470924496651e-03
1.403589546680450439e-02
4.178019706159830093e-03
1.427009468898177147e-03
8.504632860422134399e-04
3.168643452227115631e-03
5.396035034209489822e-03
8.166437037289142609e-04
1.331512001343071461e-03
2.833591774106025696e-02
1.074202591553330421e-03
1.736327074468135834e-03
1.212992332875728607e-02
8.354798774234950542e-04
1.745124161243438721e-02
1.153641380369663239e-03
3.228222485631704330e-03
7.438883185386657715e-04
4.425608087331056595e-03
9.345039725303649902e-04
1.185575732961297035e-03
3.437567967921495438e-03
4.792317748069763184e-03
1.208014436997473240e-03
2.376722841290757060e-04
1.646634191274642944e-03
8.576906402595341206e-04
3.042645519599318504e-03
1.259441487491130829e-03
1.298141083680093288e-03
3.568457323126494884e-04
1.052266452461481094e-03
8.444369304925203323e-04
8.648429997265338898e-03
1.257380004972219467e-03
5.047920625656843185e-03
4.000451008323580027e-04
2.630444709211587906e-03
3.804854641202837229e-04
2.345104876440018415e-04
1.383826893288642168e-04
2.412069879937916994e-04
3.398792759981006384e-04
4.288214549887925386e-04
5.993846571072936058e-04
1.187597168609499931e-03
1.000943011604249477e-03
2.344719541724771261e-04
2.132138179149478674e-04
4.887720569968223572e-04
3.316585789434611797e-04
2.666354703251272440e-04
1.986294751986861229e-03
4.403257044032216072e-04
2.406303829047828913e-04
2.243462658952921629e-04
2.919831604231148958e-04
8.150254143401980400e-04
7.923651719465851784e-04
2.586702466942369938e-04
8.405228145420551300e-04
1.575726055307313800e-04
1.605092547833919525e-04
1.891141146188601851e-04
2.724148507695645094e-04
5.031412001699209213e-04
5.376910557970404625e-04
2.297368191648274660e-04
1.790176756912842393e-04
2.696102601476013660e-04
3.599246556404978037e-04
2.268028329126536846e-04
3.641537623479962349e-03
2.059043326880782843e-04
3.336466907057911158e-04
5.651703686453402042e-04
2.230969548691064119e-04
3.279831726104021072e-04
2.019505191128700972e-04
1.891496212920174003e-04
3.550170804373919964e-04
6.141462363302707672e-04
1.696609542705118656e-04
2.589382347650825977e-04
1.729619252728298306e-04
5.107196979224681854e-03
3.542215563356876373e-04
2.574448590166866779e-04
4.579672531690448523e-04
1.436270831618458033e-04
4.487332480493932962e-04
2.712589630391448736e-04
1.490729773649945855e-04
1.455855672247707844e-04
2.948786714114248753e-04
1.582964032422751188e-04
3.351246414240449667e-04
2.007092989515513182e-04
1.097702042898163199e-04
1.648351026233285666e-04
4.971285816282033920e-04
4.249752382747828960e-04
1.971827296074479818e-04
9.455357212573289871e-04
1.725668844301253557e-04
7.029956905171275139e-04
1.149332267232239246e-03
2.720913616940379143e-04
1.600923278601840138e-04
9.257245983462780714e-05
8.556172251701354980e-04
1.498232595622539520e-04
1.588715967955067754e-04
9.891953231999650598e-05
2.231538237538188696e-04
9.277069329982623458e-05
1.399653701810166240e-04
2.814152976498007774e-04
1.835250295698642731e-04
1.190324037452228367e-04
1.987320865737274289e-04
2.290122356498613954e-04
8.505924051860347390e-05
1.339306472800672054e-04
2.236763102700933814e-04
2.082202845485880971e-04
2.521082351449877024e-04
1.684285962255671620e-04
2.500448317732661963e-04
5.380576476454734802e-04
6.476440466940402985e-04
8.765700476942583919e-05
2.157079288735985756e-04
2.230385085567831993e-03
1.036900212056934834e-04
6.161158089525997639e-04
1.211348426295444369e-04
8.397488272748887539e-05
1.415633159922435880e-04
3.293281770311295986e-04
1.042057920130901039e-04
1.030695711961016059e-04
1.636201050132513046e-04
4.275926330592483282e-04
1.821464538807049394e-04
1.265715109184384346e-04
6.668582791462540627e-04
1.599038223503157496e-04
1.950978621607646346e-04
1.451019052183255553e-04
1.897806068882346153e-04
3.609214618336409330e-04
1.634132204344496131e-04
1.602968404768034816e-04
1.682167639955878258e-04
2.612055686768144369e-04
1.789352099876850843e-04
3.102390619460493326e-04
2.854964404832571745e-04
2.540489367675036192e-04
1.020548297674395144e-04
2.335351455258205533e-04
1.947485434357076883e-04
9.923012112267315388e-05
2.765283861663192511e-04
1.054089298122562468e-04
2.545905590523034334e-04
8.720532059669494629e-05
1.253977679880335927e-04
4.766601196024566889e-04
1.216182427015155554e-04
1.815289288060739636e-04
7.656741217942908406e-05
2.123026497429236770e-04
7.785407069604843855e-05
1.634856598684564233e-04
2.643154293764382601e-04
2.473474305588752031e-04
1.430451666237786412e-04
2.165556215913966298e-04
1.180219696834683418e-04
3.528445085976272821e-04
1.028664555633440614e-04
7.073310553096234798e-05
3.935546847060322762e-04
1.024318189593032002e-04
6.726066931150853634e-05
1.305529149249196053e-04
5.067159145255573094e-05
6.889262294862419367e-05
3.005062171723693609e-04
3.214507305528968573e-04
1.531718007754534483e-04
1.168631497421301901e-04
9.767591836862266064e-05
1.032025611493736506e-04
1.771442912286147475e-04
1.100264562410302460e-04
1.119941589422523975e-04
1.861749187810346484e-04
1.037679103319533169e-04
2.155822876375168562e-04
1.884941739263013005e-04
9.738632070366293192e-05
1.638549583731219172e-04
5.730424891225993633e-04
1.063632153091020882e-04
7.098272908478975296e-05
1.339461305178701878e-04
2.587690541986376047e-04
1.171202384284697473e-04
8.974501979537308216e-04
1.692473015282303095e-04
1.607828598935157061e-04
9.602185309631749988e-05
2.818563079927116632e-04
6.825067976024001837e-05
1.225557498401030898e-04
1.469761191401630640e-04
2.050798793788999319e-04
1.191173651022836566e-04
2.235914289485663176e-04
1.773051044438034296e-04
7.372374966507777572e-05
1.000336706056259573e-04
1.117207139031961560e-04
1.321245799772441387e-04
8.562482980778440833e-05
8.904303103918209672e-05
2.153767709387466311e-04
8.373458695132285357e-05
9.665107063483446836e-05
1.165851281257346272e-04
1.106276613427326083e-04
1.119348336942493916e-03
8.159738354152068496e-05
7.012772402958944440e-05
1.809325476642698050e-04
6.695391493849456310e-05
6.234835745999589562e-05
1.047446712618693709e-04
9.846136526903137565e-05
6.856935942778363824e-05
5.313095607561990619e-05
2.629935741424560547e-03
1.123167166952043772e-04
9.609920380171388388e-05
1.661837159190326929e-04
5.162334491615183651e-05
8.045853610383346677e-05
2.407158463029190898e-04
9.395225788466632366e-05
4.857276144321076572e-05
2.583591849543154240e-04
4.092721428605727851e-05
7.192998600658029318e-05
1.028721162583678961e-04
5.989105920889414847e-05
6.806390592828392982e-05
1.075798645615577698e-04
9.576907177688553929e-05
3.366434830240905285e-04
9.331021283287554979e-05
9.786996815819293261e-05
6.965736247366294265e-05
2.803235838655382395e-04
3.756891237571835518e-04
5.156937986612319946e-04
9.480465087108314037e-05
6.666043191216886044e-05
9.203825902659446001e-05
2.950335874629672617e-05
2.104105951730161905e-04
6.586450763279572129e-05
1.270293869310989976e-04
7.393324631266295910e-05
1.890045095933601260e-04
2.604229666758328676e-04
