6.884883880615234375e+00
5.936236858367919922e+00
4.693922996520996094e+00
3.503628253936767578e+00
2.441154956817626953e+00
1.946652293205261230e+00
1.872231721878051758e+00
1.731545448303222656e+00
1.572534203529357910e+00
1.620496988296508789e+00
1.812207341194152832e+00
1.742720007896423340e+00
1.580728173255920410e+00
1.723709702491760254e+00
1.562053203582763672e+00
1.621205806732177734e+00
1.451264023780822754e+00
1.571434974670410156e+00
1.501028180122375488e+00
1.595635771751403809e+00
1.498479127883911133e+00
1.419966816902160645e+00
1.535015106201171875e+00
1.091273546218872070e+00
1.389765501022338867e+00
1.249969959259033203e+00
1.376217007637023926e+00
1.419061064720153809e+00
1.434826612472534180e+00
1.418400883674621582e+00
1.382108926773071289e+00
1.583859801292419434e+00
1.378716349601745605e+00
1.324977993965148926e+00
1.374819755554199219e+00
1.440366029739379883e+00
1.400449156761169434e+00
1.247683048248291016e+00
1.349792957305908203e+00
1.400568008422851562e+00
1.137498140335083008e+00
1.396875977516174316e+00
1.401808261871337891e+00
1.288773775100708008e+00
1.373291134834289551e+00
1.540424108505249023e+00
1.258744478225708008e+00
1.474050760269165039e+00
1.271304011344909668e+00
1.243809819221496582e+00
1.504943013191223145e+00
1.373368024826049805e+00
1.290142536163330078e+00
1.243972897529602051e+00
1.289175868034362793e+00
1.155883431434631348e+00
1.378431677818298340e+00
1.071082592010498047e+00
1.092167735099792480e+00
1.220443129539489746e+00
1.316772460937500000e+00
1.479397296905517578e+00
1.155875205993652344e+00
1.361776828765869141e+00
1.212672472000122070e+00
1.089715242385864258e+00
1.427870512008666992e+00
1.196178674697875977e+00
1.216484069824218750e+00
1.159608483314514160e+00
1.432511568069458008e+00
1.270016312599182129e+00
1.119537472724914551e+00
1.125364542007446289e+00
1.108244657516479492e+00
1.255840539932250977e+00
1.098614454269409180e+00
1.050363063812255859e+00
1.119881987571716309e+00
1.109881401062011719e+00
1.147603273391723633e+00
1.049441337585449219e+00
1.213207483291625977e+00
1.153157353401184082e+00
1.107388496398925781e+00
1.024436593055725098e+00
1.034113883972167969e+00
1.100710868835449219e+00
1.214806914329528809e+00
1.121633052825927734e+00
1.060021638870239258e+00
1.356013298034667969e+00
1.228554368019104004e+00
1.150186657905578613e+00
1.365793943405151367e+00
1.219704508781433105e+00
1.037724137306213379e+00
1.046058773994445801e+00
1.116494536399841309e+00
1.021509885787963867e+00
1.258594393730163574e+00
1.123100280761718750e+00
9.993430972099304199e-01
9.944558739662170410e-01
1.064788937568664551e+00
1.028579950332641602e+00
1.047792315483093262e+00
1.042476058006286621e+00
1.224580883979797363e+00
1.227854847908020020e+00
1.011059880256652832e+00
9.323412179946899414e-01
1.046673059463500977e+00
1.073841571807861328e+00
1.202971100807189941e+00
1.190670251846313477e+00
1.060837745666503906e+00
9.609392285346984863e-01
1.042683362960815430e+00
1.207678556442260742e+00
9.594631195068359375e-01
8.227595686912536621e-01
9.544116854667663574e-01
8.531997203826904297e-01
9.687319397926330566e-01
9.546104669570922852e-01
8.948916196823120117e-01
9.603216648101806641e-01
1.103456974029541016e+00
1.235621213912963867e+00
8.532934784889221191e-01
1.228744149208068848e+00
1.069395542144775391e+00
7.596426606178283691e-01
9.366260170936584473e-01
9.035770893096923828e-01
1.208625793457031250e+00
1.238017797470092773e+00
1.234771013259887695e+00
1.014010310173034668e+00
1.197008252143859863e+00
9.217458367347717285e-01
9.005248546600341797e-01
9.137274622917175293e-01
8.248377442359924316e-01
8.461953997611999512e-01
8.354794383049011230e-01
8.707218170166015625e-01
7.375951409339904785e-01
8.433746695518493652e-01
9.529563784599304199e-01
8.056830763816833496e-01
8.948674201965332031e-01
8.527483940124511719e-01
8.828284740447998047e-01
7.624114751815795898e-01
8.044834136962890625e-01
7.716850042343139648e-01
1.000985741615295410e+00
9.792869091033935547e-01
8.565984964370727539e-01
6.007691621780395508e-01
9.623148441314697266e-01
9.884348511695861816e-01
6.892141699790954590e-01
8.339883089065551758e-01
6.655266880989074707e-01
1.230518221855163574e+00
8.168526887893676758e-01
7.244787812232971191e-01
8.763799071311950684e-01
8.831328749656677246e-01
8.544995188713073730e-01
6.920403242111206055e-01
8.051083683967590332e-01
8.725758194923400879e-01
1.108563423156738281e+00
8.567550182342529297e-01
9.258978366851806641e-01
9.525895714759826660e-01
8.619522452354431152e-01
7.541303634643554688e-01
8.219327330589294434e-01
7.738851308822631836e-01
7.486192584037780762e-01
8.471795916557312012e-01
8.086059689521789551e-01
8.642998933792114258e-01
8.094528913497924805e-01
8.071068525314331055e-01
6.973795294761657715e-01
7.887647747993469238e-01
6.999755501747131348e-01
6.140758991241455078e-01
6.415596008300781250e-01
7.743461728096008301e-01
6.323643326759338379e-01
6.658216714859008789e-01
5.693222880363464355e-01
5.845257043838500977e-01
6.841136813163757324e-01
5.753018260002136230e-01
7.100837826728820801e-01
6.790595650672912598e-01
5.840314626693725586e-01
5.754277706146240234e-01
5.018824934959411621e-01
6.040131449699401855e-01
6.674885153770446777e-01
6.218793988227844238e-01
6.479384899139404297e-01
5.524067878723144531e-01
6.418883204460144043e-01
5.763742327690124512e-01
9.133383035659790039e-01
8.454285860061645508e-01
4.538019597530364990e-01
4.649162888526916504e-01
5.527122616767883301e-01
6.545290350914001465e-01
4.742105305194854736e-01
5.709336400032043457e-01
7.337459921836853027e-01
5.185775160789489746e-01
7.011610269546508789e-01
5.454421043395996094e-01
4.862961471080780029e-01
5.221329331398010254e-01
5.440755486488342285e-01
5.859941244125366211e-01
6.196190714836120605e-01
6.751902103424072266e-01
6.057813167572021484e-01
5.941788554191589355e-01
6.051686406135559082e-01
4.926498234272003174e-01
6.213750243186950684e-01
4.683016240596771240e-01
5.011246800422668457e-01
6.747859120368957520e-01
5.816625356674194336e-01
6.298013925552368164e-01
6.164230704307556152e-01
4.369693994522094727e-01
6.171382069587707520e-01
5.988373160362243652e-01
4.782854020595550537e-01
6.285120248794555664e-01
4.407047033309936523e-01
5.117729306221008301e-01
4.866805970668792725e-01
5.409972667694091797e-01
5.145972967147827148e-01
5.228936076164245605e-01
5.379320383071899414e-01
4.518656134605407715e-01
4.678430557250976562e-01
6.328614354133605957e-01
6.770170331001281738e-01
5.703199505805969238e-01
5.975767970085144043e-01
5.851038098335266113e-01
4.620784521102905273e-01
3.940312266349792480e-01
3.918774127960205078e-01
3.522964715957641602e-01
3.588792681694030762e-01
3.156782090663909912e-01
5.223280191421508789e-01
3.555171787738800049e-01
3.337121903896331787e-01
4.531554877758026123e-01
3.115763366222381592e-01
3.776607811450958252e-01
4.896459579467773438e-01
4.419433474540710449e-01
3.451698422431945801e-01
5.964121222496032715e-01
4.385597109794616699e-01
4.404459297657012939e-01
5.427841544151306152e-01
4.346061348915100098e-01
4.123401641845703125e-01
4.651641845703125000e-01
3.420036733150482178e-01
3.329301774501800537e-01
4.562602341175079346e-01
4.237234294414520264e-01
4.931872785091400146e-01
4.432802200317382812e-01
3.481457233428955078e-01
4.275263845920562744e-01
2.675621509552001953e-01
3.164328038692474365e-01
2.457184195518493652e-01
4.237230718135833740e-01
3.602255582809448242e-01
3.441012203693389893e-01
3.874048590660095215e-01
3.846517801284790039e-01
3.582567274570465088e-01
5.286344885826110840e-01
3.040423095226287842e-01
5.687322020530700684e-01
2.571415901184082031e-01
5.676280260086059570e-01
4.483429789543151855e-01
5.387325286865234375e-01
4.174664914608001709e-01
4.384437501430511475e-01
3.620784580707550049e-01
3.509840071201324463e-01
2.556264698505401611e-01
3.200640082359313965e-01
3.240536153316497803e-01
1.440124511718750000e-01
2.512828707695007324e-01
3.491376340389251709e-01
3.409019708633422852e-01
2.738940119743347168e-01
3.764342069625854492e-01
2.605836987495422363e-01
2.659156620502471924e-01
2.708409130573272705e-01
2.595418393611907959e-01
3.628211617469787598e-01
4.574003219604492188e-01
3.167869150638580322e-01
4.396947026252746582e-01
5.367351770401000977e-01
4.179730415344238281e-01
2.108350396156311035e-01
3.502179682254791260e-01
3.277764320373535156e-01
4.014306068420410156e-01
4.330564439296722412e-01
1.794209629297256470e-01
2.522540390491485596e-01
2.342395037412643433e-01
2.011445611715316772e-01
4.105816483497619629e-01
1.931746006011962891e-01
3.258796334266662598e-01
2.169950455427169800e-01
2.389159053564071655e-01
3.357725441455841064e-01
2.646893560886383057e-01
2.436186224222183228e-01
1.576541215181350708e-01
1.726417392492294312e-01
3.754348158836364746e-01
2.947840690612792969e-01
1.843710392713546753e-01
2.833832204341888428e-01
3.099914193153381348e-01
2.945244312286376953e-01
2.613750696182250977e-01
3.315455317497253418e-01
2.397369146347045898e-01
3.948897719383239746e-01
1.163566187024116516e-01
1.746647804975509644e-01
2.162548005580902100e-01
3.444674611091613770e-01
2.314039915800094604e-01
1.652483046054840088e-01
1.965951472520828247e-01
2.615351080894470215e-01
3.085918426513671875e-01
2.471434772014617920e-01
2.286239117383956909e-01
2.370864003896713257e-01
1.353347152471542358e-01
2.458803653717041016e-01
2.595021724700927734e-01
2.948198020458221436e-01
2.420770525932312012e-01
4.385345876216888428e-01
3.210999369621276855e-01
2.282489389181137085e-01
2.465212792158126831e-01
2.668152153491973877e-01
1.647874265909194946e-01
4.442677497863769531e-01
1.500391662120819092e-01
3.020908236503601074e-01
2.710760235786437988e-01
2.200145125389099121e-01
2.348662614822387695e-01
2.309270054101943970e-01
2.954310476779937744e-01
2.803868353366851807e-01
2.370968163013458252e-01
1.998464465141296387e-01
1.627641171216964722e-01
1.959721297025680542e-01
4.769189953804016113e-01
2.174638360738754272e-01
2.285397350788116455e-01
2.214187383651733398e-01
2.033276110887527466e-01
2.306118011474609375e-01
4.106903374195098877e-01
3.012013137340545654e-01
2.373871803283691406e-01
2.489714473485946655e-01
2.248904407024383545e-01
1.819051355123519897e-01
1.171851828694343567e-01
9.704063832759857178e-02
1.291201859712600708e-01
1.797441691160202026e-01
2.056914865970611572e-01
2.069611400365829468e-01
1.913227587938308716e-01
1.744765043258666992e-01
2.197118401527404785e-01
1.129179894924163818e-01
1.322857737541198730e-01
1.053346022963523865e-01
1.783527433872222900e-01
1.431513577699661255e-01
1.288284212350845337e-01
1.214976534247398376e-01
1.544934809207916260e-01
1.754906624555587769e-01
1.628181934356689453e-01
4.305179417133331299e-02
1.843141913414001465e-01
1.082761138677597046e-01
1.182478368282318115e-01
3.288446068763732910e-01
9.357678145170211792e-02
1.085156500339508057e-01
1.799834072589874268e-01
1.687521636486053467e-01
1.703452616930007935e-01
8.923660963773727417e-02
1.007911413908004761e-01
1.710984706878662109e-01
4.860692098736763000e-02
6.491469591856002808e-02
1.314838677644729614e-01
9.831455349922180176e-02
1.234488412737846375e-01
4.546209797263145447e-02
1.336752176284790039e-01
1.080006286501884460e-01
9.626713395118713379e-02
7.397435605525970459e-02
1.481180191040039062e-01
1.785056143999099731e-01
8.956932276487350464e-02
9.729028493165969849e-02
1.139640808105468750e-01
2.360610067844390869e-01
5.365082621574401855e-02
1.497496068477630615e-01
3.409199789166450500e-02
1.636536568403244019e-01
1.945144981145858765e-01
9.686283022165298462e-02
1.199031844735145569e-01
4.979301244020462036e-02
9.066438674926757812e-02
3.824783489108085632e-02
1.705752015113830566e-01
1.076351553201675415e-01
1.021556854248046875e-01
1.136473715305328369e-01
1.018184646964073181e-01
1.143669635057449341e-01
3.660072758793830872e-02
1.500436514616012573e-01
8.570756763219833374e-02
5.789996311068534851e-02
1.007673516869544983e-01
7.274449616670608521e-02
9.427824616432189941e-02
5.813226476311683655e-02
1.215728074312210083e-01
8.277862519025802612e-02
6.795165687799453735e-02
8.848389983177185059e-02
1.258347630500793457e-01
5.265992134809494019e-02
9.136592596769332886e-02
8.416473865509033203e-02
5.531138181686401367e-02
7.444022595882415771e-02
9.720952808856964111e-02
7.338079065084457397e-02
9.601580351591110229e-02
9.418071806430816650e-02
4.548992961645126343e-02
5.942925438284873962e-02
9.808933734893798828e-02
3.527254611253738403e-02
9.744211286306381226e-02
8.444958180189132690e-02
4.007377848029136658e-02
4.119276627898216248e-02
1.192213967442512512e-01
6.678855419158935547e-02
6.370464712381362915e-02
2.320714481174945831e-02
5.591395869851112366e-02
4.437172040343284607e-02
1.119175255298614502e-01
1.249054148793220520e-01
4.454049468040466309e-02
6.601955741643905640e-02
1.270036548376083374e-01
6.898544728755950928e-02
3.412254527211189270e-02
2.959032915532588959e-02
1.221730858087539673e-01
1.195509657263755798e-01
1.233419850468635559e-01
3.816417232155799866e-02
1.190604865550994873e-01
8.930937945842742920e-02
1.219738945364952087e-01
1.074365675449371338e-01
6.793974339962005615e-02
2.924520522356033325e-02
1.933298632502555847e-02
5.796729400753974915e-02
4.827322065830230713e-02
3.981995955109596252e-02
1.243515908718109131e-01
1.291167140007019043e-01
1.576989442110061646e-01
8.023136109113693237e-02
2.433107495307922363e-01
7.633834332227706909e-02
5.333033576607704163e-02
1.141932234168052673e-01
1.544577926397323608e-01
7.292742282152175903e-02
1.586697548627853394e-01
1.141265630722045898e-01
1.607626825571060181e-01
1.368658095598220825e-01
1.568766087293624878e-01
1.321945935487747192e-01
1.662084758281707764e-01
9.180136770009994507e-02
1.553625762462615967e-01
9.090492129325866699e-02
1.282607018947601318e-01
3.172176778316497803e-01
1.930100619792938232e-01
1.158919781446456909e-01
7.597156614065170288e-02
1.351388394832611084e-01
1.259642988443374634e-01
1.533733308315277100e-01
1.899805814027786255e-01
1.608346104621887207e-01
2.791539132595062256e-01
2.695523500442504883e-01
1.347452849149703979e-01
1.310667693614959717e-01
1.458980739116668701e-01
1.422708779573440552e-01
1.917876601219177246e-01
2.791422307491302490e-01
7.951893657445907593e-02
1.145769730210304260e-01
1.287322044372558594e-01
1.923904418945312500e-01
2.129853367805480957e-01
1.507076323032379150e-01
1.571956574916839600e-01
2.674736380577087402e-01
7.260420918464660645e-02
8.004192262887954712e-02
1.837155371904373169e-01
5.978323146700859070e-02
1.080762818455696106e-01
6.490008533000946045e-02
1.115526482462882996e-01
1.952955275774002075e-01
8.923689275979995728e-02
9.718824177980422974e-02
1.610083132982254028e-01
6.718396395444869995e-02
7.341916114091873169e-02
7.852358371019363403e-02
4.113431274890899658e-02
1.215992197394371033e-01
1.164469718933105469e-01
8.938840776681900024e-02
8.697170019149780273e-02
8.799260109663009644e-02
5.654612183570861816e-02
4.852424189448356628e-02
4.075660556554794312e-02
1.400180757045745850e-01
4.529497772455215454e-02
8.170904219150543213e-02
3.812785819172859192e-02
4.480791091918945312e-02
6.737487763166427612e-02
3.972005099058151245e-02
1.581165790557861328e-01
3.755304589867591858e-02
1.478402689099311829e-02
1.736775040626525879e-01
6.541618704795837402e-02
5.304443836212158203e-02
6.682489812374114990e-02
7.236242294311523438e-02
3.396543115377426147e-02
7.996974885463714600e-02
3.358122706413269043e-02
3.069183602929115295e-02
6.905734539031982422e-02
1.376145482063293457e-01
3.998274356126785278e-02
4.566631466150283813e-02
2.160103246569633484e-02
2.329376712441444397e-02
2.156009152531623840e-02
2.288329415023326874e-02
6.567052006721496582e-02
8.334186859428882599e-03
1.310774497687816620e-02
1.992847397923469543e-02
1.911265403032302856e-02
3.505186364054679871e-02
3.609981760382652283e-02
6.372948735952377319e-02
2.031990140676498413e-02
1.645459607243537903e-02
1.143927033990621567e-02
1.293512992560863495e-02
1.661353558301925659e-02
4.675239324569702148e-03
2.931986749172210693e-02
2.614129707217216492e-02
2.316174842417240143e-02
2.234877645969390869e-02
1.008732616901397705e-02
1.901769079267978668e-02
1.499584689736366272e-02
3.685480682179331779e-03
3.473221138119697571e-02
4.772864747792482376e-03
1.073348522186279297e-02
7.654452696442604065e-03
1.639838889241218567e-02
4.706275463104248047e-02
1.905738189816474915e-02
2.055911161005496979e-02
1.541308127343654633e-02
4.674181807786226273e-03
2.818987704813480377e-02
4.099611192941665649e-03
2.331008017063140869e-02
5.208310205489397049e-03
2.843842608854174614e-03
1.451781298965215683e-02
4.678019508719444275e-02
1.511372532695531845e-02
6.089095491915941238e-03
2.593316370621323586e-03
8.683572523295879364e-03
4.361904691904783249e-03
7.742947898805141449e-03
2.627969719469547272e-02
1.940369978547096252e-02
3.772288560867309570e-02
3.371619386598467827e-03
2.550838142633438110e-02
1.526878029108047485e-02
1.427405606955289841e-02
3.416715189814567566e-03
1.438901759684085846e-02
5.842726677656173706e-02
2.866844180971384048e-03
3.086827695369720459e-02
5.999019369482994080e-03
9.343541227281093597e-03
2.765130810439586639e-02
3.201316669583320618e-02
2.436527609825134277e-02
1.396428514271974564e-02
1.406079158186912537e-02
2.663934603333473206e-02
2.715905942022800446e-02
5.045972391963005066e-02
3.088811971247196198e-02
1.312088407576084137e-02
1.166817825287580490e-02
3.609999641776084900e-02
1.159468013793230057e-02
1.333758328109979630e-02
3.916085883975028992e-02
9.210897609591484070e-03
5.158329382538795471e-03
1.023710705339908600e-02
6.705069914460182190e-03
4.209237545728683472e-02
4.330954700708389282e-02
9.525215625762939453e-02
8.488279767334461212e-03
3.448025137186050415e-02
2.541420049965381622e-02
3.098835423588752747e-02
2.271134778857231140e-02
2.952257916331291199e-02
8.944700472056865692e-03
4.060533270239830017e-02
8.821745216846466064e-02
1.142403762787580490e-02
5.291751120239496231e-03
1.859642565250396729e-02
1.122370548546314240e-02
1.221191789954900742e-02
2.087328024208545685e-02
4.491433966904878616e-03
1.065663527697324753e-02
3.184489905834197998e-02
4.439653083682060242e-02
2.679356560111045837e-02
3.254958894103765488e-03
3.828143700957298279e-02
1.875605806708335876e-02
2.087489329278469086e-02
1.821966655552387238e-02
4.389223176985979080e-03
8.148535154759883881e-03
2.842995338141918182e-02
5.487517639994621277e-02
4.152579233050346375e-02
3.849633038043975830e-02
3.372950479388237000e-02
9.288078173995018005e-03
3.289375081658363342e-02
9.397317655384540558e-03
3.536564111709594727e-02
5.421486124396324158e-02
6.383286323398351669e-03
6.596778519451618195e-03
4.822316113859415054e-03
2.211498282849788666e-02
5.041240528225898743e-02
1.221764460206031799e-01
8.140059560537338257e-02
3.963295836001634598e-03
5.849037319421768188e-03
1.550740189850330353e-02
9.736554324626922607e-02
7.535480707883834839e-02
3.196342661976814270e-02
1.686466336250305176e-01
1.584041714668273926e-01
2.594154886901378632e-02
4.966288059949874878e-02
1.692981831729412079e-02
2.892044186592102051e-02
3.208200633525848389e-02
7.252844423055648804e-02
5.816708877682685852e-02
7.351581007242202759e-02
1.455841958522796631e-01
1.056596189737319946e-01
4.194136336445808411e-02
6.311407685279846191e-02
9.292010217905044556e-02
6.846797466278076172e-02
2.150707505643367767e-02
7.594120502471923828e-02
2.754953317344188690e-02
2.797309309244155884e-02
1.250089406967163086e-01
1.456567049026489258e-01
1.031788140535354614e-01
2.252744324505329132e-02
1.426013857126235962e-01
9.716577082872390747e-02
1.469124108552932739e-01
3.765641897916793823e-02
4.125533998012542725e-02
3.100368566811084747e-02
4.912721738219261169e-02
1.417676657438278198e-01
9.103147685527801514e-02
1.107996255159378052e-01
3.095035441219806671e-02
1.323885321617126465e-01
9.976333379745483398e-02
8.933578431606292725e-02
1.050315499305725098e-01
2.989240176975727081e-02
5.473778396844863892e-02
1.707795113325119019e-01
1.179118752479553223e-01
5.778459087014198303e-02
1.038025394082069397e-01
7.016967236995697021e-02
8.099417388439178467e-02
7.250941544771194458e-02
7.113114744424819946e-02
8.962102979421615601e-02
6.829786300659179688e-02
4.223345220088958740e-02
7.805591821670532227e-02
1.200779750943183899e-01
6.231229752302169800e-02
4.778439179062843323e-02
7.035011798143386841e-02
3.293829783797264099e-02
7.801372557878494263e-02
1.616915315389633179e-01
9.864902496337890625e-02
2.260495908558368683e-02
8.330248296260833740e-02
6.983321160078048706e-02
8.806970715522766113e-02
7.913024723529815674e-02
6.230501458048820496e-02
6.890361011028289795e-02
1.158985272049903870e-01
3.784597665071487427e-02
2.305975928902626038e-02
1.033372431993484497e-01
8.856727927923202515e-02
4.469900205731391907e-02
1.551980376243591309e-01
1.036865934729576111e-01
9.633776545524597168e-02
8.710235357284545898e-02
7.703410834074020386e-02
1.622215360403060913e-01
3.995303809642791748e-02
6.311842799186706543e-02
1.173227280378341675e-01
4.102399200201034546e-02
6.462480872869491577e-02
9.009814262390136719e-02
3.970524668693542480e-02
1.311742365360260010e-01
9.151925891637802124e-02
5.682472139596939087e-02
3.931577503681182861e-02
1.243735924363136292e-01
1.160103380680084229e-01
1.694294512271881104e-01
2.470315545797348022e-01
8.809284865856170654e-02
7.164251059293746948e-02
6.454402208328247070e-02
1.414339542388916016e-01
1.310190558433532715e-01
5.736107751727104187e-02
5.127706006169319153e-02
3.873311355710029602e-02
7.285268604755401611e-02
7.505866885185241699e-02
2.749763056635856628e-02
6.895898282527923584e-02
1.921058818697929382e-02
4.308686032891273499e-02
4.672195389866828918e-02
1.560542136430740356e-01
2.089277468621730804e-02
2.426213584840297699e-02
7.506590336561203003e-02
4.763212800025939941e-02
7.224414497613906860e-02
6.068572774529457092e-02
3.956410661339759827e-02
5.610870942473411560e-02
8.446440845727920532e-02
5.323386564850807190e-02
5.477392673492431641e-02
5.434326082468032837e-02
3.629387170076370239e-02
2.173703536391258240e-02
3.308317065238952637e-02
5.622701719403266907e-02
5.480195581912994385e-02
3.492167964577674866e-02
2.563320659101009369e-02
2.310097031295299530e-02
4.942553117871284485e-03
1.422243658453226089e-02
9.626004844903945923e-03
5.119665339589118958e-02
2.238932624459266663e-02
4.420896992087364197e-02
3.407525271177291870e-02
1.748445443809032440e-02
1.535271201282739639e-02
5.659744888544082642e-02
6.305506825447082520e-02
1.846263371407985687e-02
2.780351229012012482e-02
7.606149185448884964e-03
2.254909463226795197e-02
8.652899414300918579e-03
7.301715016365051270e-02
4.851699620485305786e-02
3.673077374696731567e-02
1.542522758245468140e-02
1.019863877445459366e-02
4.588104039430618286e-02
1.151544973254203796e-02
3.641011193394660950e-02
2.944440022110939026e-02
5.061384662985801697e-02
2.480402216315269470e-02
4.513389617204666138e-02
2.033598907291889191e-02
2.005767636001110077e-02
7.553412020206451416e-02
5.180890113115310669e-02
8.242703974246978760e-03
2.438835427165031433e-02
1.145141012966632843e-02
5.408877506852149963e-02
2.965279668569564819e-02
8.500791341066360474e-02
2.231864258646965027e-02
1.031068805605173111e-02
3.245092555880546570e-02
4.878084734082221985e-02
3.897064179182052612e-02
5.112604424357414246e-02
5.545363202691078186e-02
3.636042028665542603e-02
4.958054982125759125e-03
4.452548548579216003e-02
1.612602174282073975e-02
5.975834093987941742e-03
2.779994346201419830e-02
8.093410730361938477e-02
3.959927707910537720e-02
3.538706153631210327e-02
4.555646702647209167e-02
2.189133130013942719e-02
5.300685390830039978e-02
8.034743368625640869e-03
2.045259810984134674e-02
4.209534451365470886e-02
3.591905534267425537e-02
4.038618877530097961e-02
4.307822138071060181e-02
3.319880366325378418e-02
1.735166087746620178e-02
3.767497465014457703e-02
4.908681660890579224e-02
8.037107437849044800e-02
2.813025563955307007e-02
4.340706765651702881e-02
1.379415988922119141e-01
5.553989484906196594e-02
1.028064731508493423e-02
1.290725916624069214e-02
2.205304615199565887e-02
8.281123824417591095e-03
1.363594271242618561e-02
1.891906745731830597e-02
5.120928585529327393e-02
5.829409882426261902e-02
3.646573424339294434e-02
7.375057786703109741e-02
5.879985541105270386e-02
3.515769168734550476e-02
1.562309861183166504e-01
4.364452511072158813e-02
2.493939362466335297e-02
2.452777326107025146e-02
8.171273767948150635e-02
2.324687317013740540e-02
3.331803902983665466e-02
4.533905535936355591e-02
4.315514117479324341e-02
6.834483891725540161e-02
3.555446863174438477e-02
2.039576508104801178e-02
1.516759023070335388e-02
3.201692178845405579e-02
2.938099950551986694e-02
6.221981719136238098e-03
2.506916038691997528e-02
3.277553990483283997e-02
6.926638633012771606e-02
3.819703310728073120e-02
5.567514896392822266e-02
1.922393590211868286e-02
4.710299149155616760e-02
6.038305535912513733e-02
7.351972628384828568e-03
1.895928010344505310e-02
3.694113716483116150e-02
1.797954589128494263e-01
1.676187291741371155e-02
1.968347653746604919e-02
3.148645907640457153e-02
4.747751168906688690e-03
1.932228729128837585e-02
5.938332900404930115e-02
4.007615521550178528e-02
1.817703694105148315e-01
5.778007674962282181e-03
5.780940875411033630e-03
4.680377896875143051e-03
6.713064759969711304e-02
2.703406289219856262e-02
8.017033338546752930e-02
6.151285395026206970e-02
2.166929468512535095e-02
3.894642740488052368e-02
7.827752083539962769e-02
7.283121347427368164e-02
1.597366668283939362e-02
4.006437957286834717e-02
3.531898185610771179e-02
4.475201293826103210e-02
1.373277753591537476e-01
9.667197614908218384e-02
1.215236037969589233e-01
1.554117538034915924e-02
3.444657102227210999e-02
6.588054355233907700e-03
4.684029892086982727e-02
1.133605185896158218e-02
4.928692057728767395e-02
4.968773573637008667e-03
7.517124060541391373e-03
2.600984461605548859e-02
4.433327540755271912e-02
1.862532459199428558e-02
1.562649570405483246e-02
9.258259832859039307e-02
2.619646862149238586e-02
1.324470154941082001e-02
1.611073128879070282e-02
7.113159447908401489e-02
3.989237174391746521e-02
8.115378208458423615e-03
6.962866336107254028e-02
5.482342466711997986e-02
1.138924434781074524e-02
3.713301196694374084e-02
4.554948955774307251e-02
2.563321776688098907e-02
6.094027776271104813e-03
6.606814265251159668e-02
6.516706664115190506e-03
1.398256421089172363e-01
1.343783140182495117e-01
5.994185060262680054e-02
8.287707343697547913e-03
4.365858435630798340e-02
5.526179075241088867e-02
3.010831587016582489e-02
2.509065903723239899e-02
1.291724443435668945e-01
1.189110148698091507e-02
1.550377532839775085e-02
1.259277109056711197e-02
4.329060390591621399e-02
3.585312515497207642e-02
5.739578604698181152e-02
1.726850494742393494e-02
8.807015419006347656e-02
2.870341204106807709e-02
2.108082361519336700e-02
3.314506262540817261e-02
1.110649257898330688e-01
4.004386439919471741e-02
3.437191620469093323e-02
8.164573460817337036e-03
5.082416906952857971e-02
5.376087035983800888e-03
1.738533563911914825e-02
1.598650217056274414e-02
5.287607759237289429e-02
3.855685889720916748e-02
1.076267752796411514e-02
2.003248967230319977e-02
1.093066670000553131e-02
9.193249978125095367e-03
1.571127958595752716e-02
5.045649129897356033e-03
4.597792401909828186e-02
2.685708738863468170e-02
1.159843802452087402e-02
6.519207358360290527e-02
1.934794522821903229e-02
6.835576146841049194e-02
9.010440669953823090e-03
5.912725348025560379e-03
1.089418586343526840e-02
1.816286146640777588e-02
1.993103697896003723e-02
9.425573982298374176e-03
2.253877697512507439e-03
5.895286798477172852e-02
1.486776303499937057e-02
2.172108739614486694e-03
1.840909756720066071e-02
2.383912540972232819e-02
3.947028890252113342e-03
2.727018296718597412e-02
1.117504946887493134e-02
2.303081192076206207e-02
1.103693619370460510e-02
1.373769529163837433e-02
4.273472353816032410e-03
3.579987445846199989e-03
2.048471942543983459e-03
5.877094808965921402e-03
1.906784996390342712e-02
1.530145574361085892e-02
4.810575395822525024e-03
1.890187524259090424e-02
1.021047495305538177e-02
9.240312501788139343e-03
2.256446331739425659e-02
9.858855046331882477e-03
6.213285960257053375e-03
2.621840126812458038e-02
3.464234247803688049e-02
3.232871647924184799e-03
4.591754171997308731e-03
5.711016710847616196e-03
2.970731118693947792e-03
5.332093685865402222e-03
2.987322863191366196e-03
3.427345678210258484e-02
1.719662104733288288e-03
7.644121535122394562e-03
1.739483908750116825e-03
9.145425632596015930e-03
2.131045795977115631e-03
1.313501968979835510e-02
6.402810569852590561e-03
2.163632959127426147e-02
2.718620933592319489e-03
3.062195377424359322e-03
3.117510490119457245e-02
1.924751792103052139e-03
4.216725472360849380e-03
4.810343682765960693e-02
2.987257903441786766e-03
4.805409535765647888e-02
2.456396119669079781e-03
3.857549745589494705e-03
1.049407664686441422e-02
3.092666715383529663e-02
2.223266847431659698e-02
3.041835734620690346e-03
4.475898575037717819e-03
5.405073985457420349e-03
3.654721006751060486e-02
1.142371632158756256e-02
2.225084044039249420e-02
2.289002947509288788e-02
6.046950351446866989e-03
5.929644033312797546e-02
2.954656817018985748e-02
1.042795833200216293e-03
3.351174760609865189e-03
1.475805300287902355e-03
6.542210932821035385e-03
5.041841883212327957e-03
1.189122535288333893e-02
8.555801585316658020e-03
4.188314080238342285e-03
1.993389055132865906e-02
2.497510053217411041e-03
2.228804491460323334e-02
7.362538017332553864e-03
8.720320649445056915e-03
4.165234975516796112e-03
2.809655293822288513e-02
1.199880056083202362e-02
6.037912145256996155e-02
2.059150487184524536e-02
2.751415129750967026e-03
7.038769777864217758e-03
1.413566758856177330e-03
3.658387809991836548e-02
1.980570890009403229e-02
1.028216443955898285e-02
2.259908244013786316e-02
2.537078969180583954e-02
2.012893371284008026e-02
1.903196237981319427e-02
3.035570122301578522e-02
1.275589689612388611e-02
2.737791091203689575e-02
9.315446950495243073e-03
1.917665004730224609e-01
2.593046054244041443e-03
1.171336043626070023e-03
1.017083227634429932e-01
1.134472414851188660e-01
1.614127159118652344e-01
3.029942139983177185e-02
8.629333972930908203e-02
9.847983717918395996e-02
4.085489362478256226e-02
1.194855868816375732e-01
1.251923143863677979e-01
1.581733077764511108e-01
1.040794923901557922e-01
2.114525064826011658e-02
7.506541162729263306e-02
6.759242713451385498e-02
3.767474368214607239e-02
4.283994063735008240e-02
9.190429002046585083e-02
3.587435930967330933e-02
4.317582026124000549e-02
5.442892014980316162e-02
4.861038923263549805e-02
8.381693065166473389e-02
3.188919648528099060e-02
4.174420982599258423e-02
5.722835659980773926e-02
2.860626019537448883e-02
1.816238649189472198e-02
6.504901498556137085e-02
3.137797117233276367e-02
1.210018806159496307e-02
4.600419104099273682e-02
3.822600841522216797e-02
5.436420813202857971e-02
2.724058367311954498e-02
3.772085532546043396e-02
2.289969287812709808e-02
1.904967799782752991e-02
4.982835799455642700e-02
3.053611889481544495e-02
1.901881210505962372e-02
1.776774227619171143e-02
2.674997411668300629e-02
4.323703423142433167e-02
6.026484072208404541e-02
1.076041907072067261e-01
1.132955309003591537e-02
2.851350419223308563e-02
1.099704019725322723e-02
1.115220505744218826e-02
1.707192324101924896e-02
8.503701537847518921e-03
3.634401038289070129e-02
1.435558870434761047e-02
7.511478662490844727e-02
1.935473759658634663e-03
3.047702275216579437e-02
2.326224744319915771e-02
5.420411750674247742e-02
7.255914807319641113e-02
2.245265617966651917e-02
5.218133330345153809e-03
1.886195130646228790e-02
1.397533118724822998e-01
9.885057806968688965e-03
5.328723415732383728e-02
5.061209201812744141e-03
4.219486564397811890e-02
7.033351063728332520e-02
8.656086400151252747e-03
1.845208369195461273e-02
6.099012866616249084e-02
1.589836366474628448e-02
9.874180704355239868e-02
6.305349618196487427e-02
5.416905507445335388e-03
9.141629561781883240e-03
2.056577615439891815e-02
2.574888058006763458e-02
1.628774963319301605e-02
8.454731106758117676e-02
6.817667931318283081e-02
1.676876395940780640e-01
1.568964682519435883e-02
1.681735925376415253e-02
6.184822693467140198e-02
2.701445296406745911e-02
4.276975616812705994e-02
1.675353012979030609e-02
2.036391198635101318e-02
1.083961687982082367e-02
4.359066113829612732e-02
6.816823966801166534e-03
3.423719108104705811e-02
9.557695128023624420e-03
4.442468658089637756e-02
6.472849100828170776e-02
2.584585361182689667e-02
3.195815486833453178e-03
8.036399632692337036e-02
3.820005804300308228e-02
7.051205635070800781e-02
2.527728490531444550e-02
1.760664582252502441e-02
1.221465785056352615e-02
3.883788734674453735e-02
1.151955034583806992e-02
2.328521385788917542e-02
2.741356752812862396e-02
3.694110736250877380e-02
3.003563918173313141e-02
1.915197260677814484e-02
6.189998239278793335e-02
2.718229405581951141e-02
6.848606746643781662e-03
3.379727154970169067e-02
5.258488934487104416e-03
8.852217346429824829e-03
2.585147973150014877e-03
2.730043977499008179e-02
2.735210023820400238e-02
7.623382378369569778e-03
3.759576007723808289e-02
2.582385949790477753e-02
1.374038606882095337e-01
9.245224297046661377e-03
4.439784213900566101e-02
1.928199455142021179e-02
4.294611979275941849e-03
4.192083142697811127e-03
3.202698379755020142e-02
8.321659266948699951e-02
2.282140031456947327e-02
3.186713159084320068e-02
5.567885190248489380e-02
3.949384205043315887e-03
9.160493314266204834e-02
7.135577499866485596e-02
2.453401125967502594e-02
1.530434750020503998e-02
1.238052174448966980e-02
6.666284520179033279e-03
6.701334845274686813e-03
2.793967723846435547e-02
3.302321955561637878e-02
2.366109006106853485e-02
1.087364554405212402e-02
2.436400391161441803e-02
4.449125379323959351e-03
1.585112512111663818e-02
3.897042572498321533e-02
5.131493788212537766e-03
3.213174175471067429e-03
7.610254734754562378e-02
5.874607712030410767e-03
6.810782477259635925e-03
1.550180953927338123e-03
1.129644438624382019e-01
9.917288087308406830e-03
7.087272126227617264e-03
7.609147578477859497e-03
2.727322652935981750e-02
1.438037585467100143e-02
1.158448122441768646e-02
7.766332477331161499e-03
6.873755250126123428e-03
3.702673688530921936e-02
1.648098696023225784e-03
1.317383162677288055e-02
5.325795616954565048e-03
1.432915776968002319e-02
3.693522652611136436e-03
1.000481308437883854e-03
5.795023869723081589e-03
4.545030649751424789e-03
8.803963661193847656e-03
1.325382292270660400e-02
5.413335748016834259e-04
2.266277791932225227e-03
7.553378120064735413e-03
1.022914331406354904e-02
2.820196747779846191e-02
2.286482043564319611e-02
4.029284417629241943e-02
1.800326444208621979e-02
7.183194975368678570e-04
1.138887251727283001e-03
1.976057188585400581e-03
9.127029217779636383e-03
2.197093144059181213e-02
5.022881086915731430e-03
9.493414312601089478e-03
4.384580254554748535e-02
1.464259065687656403e-02
3.122894093394279480e-03
9.460300207138061523e-03
2.418023347854614258e-02
2.767769852653145790e-03
2.231658902019262314e-03
1.531495479866862297e-03
2.241899259388446808e-02
3.098345547914505005e-02
4.473675973713397980e-03
7.973084226250648499e-03
1.027551665902137756e-02
7.312284433282911777e-04
3.739143162965774536e-02
2.650195965543389320e-03
3.136909566819667816e-03
5.445046722888946533e-02
9.799766354262828827e-03
1.280803792178630829e-02
6.440958473831415176e-03
2.275911718606948853e-02
3.726929193362593651e-03
8.961318992078304291e-03
1.501615904271602631e-02
3.743181470781564713e-03
2.184281591325998306e-03
1.605214434675872326e-03
1.236723829060792923e-02
5.165636539459228516e-02
4.512187093496322632e-03
9.405905380845069885e-03
1.868164399638772011e-03
7.652694359421730042e-03
4.244055598974227905e-03
2.257379889488220215e-02
7.729328237473964691e-03
8.968189358711242676e-03
3.628744510933756828e-03
4.343891516327857971e-03
2.151666395366191864e-02
2.229052409529685974e-02
1.381256501190364361e-03
1.783695770427584648e-03
1.441738335415720940e-03
9.808862814679741859e-04
3.211818169802427292e-03
2.537110820412635803e-02
1.769019523635506630e-03
4.598248749971389771e-03
1.331438310444355011e-02
6.041873130016028881e-04
3.179018152877688408e-03
5.377627094276249409e-04
3.958732704631984234e-04
1.344923046417534351e-03
6.003003101795911789e-03
1.605397323146462440e-03
1.413851231336593628e-02
2.311723539605736732e-03
5.406630225479602814e-04
1.574130728840827942e-03
1.206787116825580597e-02
6.853564991615712643e-04
1.775669050402939320e-03
1.813934557139873505e-02
3.542492631822824478e-03
3.267227904871106148e-03
1.495108357630670071e-03
6.482275784946978092e-04
1.304774824529886246e-02
1.661285175941884518e-03
6.149447290226817131e-04
2.536975033581256866e-02
2.153418585658073425e-02
6.066201021894812584e-04
4.472844302654266357e-03
1.674316008575260639e-03
1.040400937199592590e-03
1.164855202659964561e-03
1.206912938505411148e-02
5.401656776666641235e-02
1.581433787941932678e-02
1.129992492496967316e-02
1.151762087829411030e-03
2.313859388232231140e-02
2.954898634925484657e-03
1.330770738422870636e-02
5.172071512788534164e-03
1.490810420364141464e-03
1.730686984956264496e-03
8.671546354889869690e-03
9.953140281140804291e-03
1.600430011749267578e-01
1.530483514070510864e-01
2.482366748154163361e-03
5.355045665055513382e-03
3.919009584933519363e-03
1.825174316763877869e-02
1.446738094091415405e-01
2.684987485408782959e-01
1.210501492023468018e-01
9.492225944995880127e-02
2.802357263863086700e-02
4.241337254643440247e-02
2.394900023937225342e-01
4.759320244193077087e-02
1.254707276821136475e-01
5.860548093914985657e-02
1.168081723153591156e-02
1.179464161396026611e-01
6.261598318815231323e-02
1.937195472419261932e-02
6.420194357633590698e-02
1.963232085108757019e-02
8.720583468675613403e-02
2.552250772714614868e-02
3.719395771622657776e-02
1.064034849405288696e-01
5.163346976041793823e-02
2.062933519482612610e-02
1.534923538565635681e-02
1.329071819782257080e-02
7.012087851762771606e-02
2.875118702650070190e-02
5.396101623773574829e-03
1.714130491018295288e-02
6.102874130010604858e-02
1.576060801744461060e-02
3.025657534599304199e-01
6.924353539943695068e-02
7.744517177343368530e-02
3.604932501912117004e-02
3.616914153099060059e-02
1.005464345216751099e-01
5.988402664661407471e-02
4.614349454641342163e-02
5.085094645619392395e-02
1.879757083952426910e-02
9.554674476385116577e-02
4.213595017790794373e-02
3.775052353739738464e-02
9.089715778827667236e-02
3.289968520402908325e-02
4.578305035829544067e-02
6.609742343425750732e-02
8.050190657377243042e-02
6.824514269828796387e-02
3.173632919788360596e-02
1.213696748018264771e-01
2.596919052302837372e-02
4.998735338449478149e-02
5.795224756002426147e-02
3.863700479269027710e-02
5.080306157469749451e-02
5.906325578689575195e-02
5.611884966492652893e-02
1.324835885316133499e-02
2.398984506726264954e-02
7.926847040653228760e-02
2.235307358205318451e-02
6.089987978339195251e-02
3.022786416113376617e-02
1.031543761491775513e-01
2.179993689060211182e-02
3.498158603906631470e-02
2.243863418698310852e-02
5.867992062121629715e-03
5.179577041417360306e-03
1.269690599292516708e-02
5.026496201753616333e-02
2.889589592814445496e-02
2.282469905912876129e-02
1.139538288116455078e-01
1.118202209472656250e-01
4.294906929135322571e-02
2.970603667199611664e-02
1.509164087474346161e-02
8.628822863101959229e-02
8.722943253815174103e-03
9.009403735399246216e-02
1.759141832590103149e-01
3.195063024759292603e-02
8.297769725322723389e-02
4.197156801819801331e-02
4.234331101179122925e-02
1.918802410364151001e-02
8.168446272611618042e-02
9.951809421181678772e-03
8.244372904300689697e-02
3.323181271553039551e-01
2.591887488961219788e-02
4.203286487609148026e-03
7.520226389169692993e-02
3.188664093613624573e-02
3.698777779936790466e-02
3.036246262490749359e-02
5.856670811772346497e-02
6.476042419672012329e-02
1.056380644440650940e-01
4.570227488875389099e-02
9.708078950643539429e-02
1.137906759977340698e-01
5.167546495795249939e-02
4.179392941296100616e-03
8.725141733884811401e-02
5.817893892526626587e-02
4.653379693627357483e-02
2.069291658699512482e-02
1.046811491250991821e-01
7.850817590951919556e-02
3.664591908454895020e-02
3.284757584333419800e-02
4.977154731750488281e-02
1.185896992683410645e-02
1.585182733833789825e-02
1.017113104462623596e-01
4.357848316431045532e-02
3.813712159171700478e-03
6.936583202332258224e-03
1.693948544561862946e-02
1.020612940192222595e-02
3.282853588461875916e-02
2.439054846763610840e-02
2.075204066932201385e-02
5.502831935882568359e-02
2.339739911258220673e-02
1.599080674350261688e-02
5.507544800639152527e-02
1.533650094643235207e-03
6.000934913754463196e-02
5.348752252757549286e-03
1.341635733842849731e-02
2.182609774172306061e-02
3.974454849958419800e-02
2.906700596213340759e-03
4.291477799415588379e-02
8.994764648377895355e-03
7.689248304814100266e-03
1.254844362847507000e-03
2.354251686483621597e-03
5.509639158844947815e-03
3.199615515768527985e-03
8.665610221214592457e-04
5.833231378346681595e-03
1.543367747217416763e-02
1.337123010307550430e-02
4.685460589826107025e-03
5.060765892267227173e-02
3.320667520165443420e-02
2.705735713243484497e-02
4.877237603068351746e-03
2.082453854382038116e-02
7.031973451375961304e-03
1.380679942667484283e-02
1.865115948021411896e-03
2.256692200899124146e-02
6.192734465003013611e-03
1.719352672807872295e-03
1.225434336811304092e-02
1.234116405248641968e-02
8.973576128482818604e-03
8.704917854629456997e-04
3.646431490778923035e-02
7.600001059472560883e-03
1.923677162267267704e-03
1.812280737794935703e-03
9.845932945609092712e-04
8.240760653279721737e-04
4.550597630441188812e-03
2.207662677392363548e-03
1.640221220441162586e-03
1.035686302930116653e-02
2.321452135220170021e-03
2.695051487535238266e-03
5.131881218403577805e-03
7.192521356046199799e-03
5.620202049612998962e-03
6.090167444199323654e-04
1.110694371163845062e-03
1.363033778034150600e-03
1.239077840000391006e-02
1.111808232963085175e-03
4.880237393081188202e-03
5.009342916309833527e-03
4.243886796757578850e-04
3.866366576403379440e-03
4.867675714194774628e-03
7.694407831877470016e-04
5.783802480436861515e-04
1.037585898302495480e-03
5.795811885036528111e-04
6.746686412952840328e-04
4.060178471263498068e-04
3.987289383076131344e-04
3.710705204866826534e-04
6.437881966121494770e-04
7.496546604670584202e-04
9.097425499930977821e-04
4.926614346913993359e-04
8.483055862598121166e-04
6.564932991750538349e-04
4.897815524600446224e-04
1.300992094911634922e-03
8.841378730721771717e-04
8.309560362249612808e-04
1.585416146554052830e-03
3.248035907745361328e-03
9.287940920330584049e-04
8.651743992231786251e-04
1.095377188175916672e-02
3.655129112303256989e-04
4.099962534382939339e-04
2.153058070689439774e-03
5.976216634735465050e-04
2.539432898629456758e-04
2.515471423976123333e-04
5.467873997986316681e-04
6.731820176355540752e-04
1.031481777317821980e-03
2.902920241467654705e-04
4.304676258470863104e-04
1.708393217995762825e-03
3.067998331971466541e-04
1.017160480841994286e-03
3.928371588699519634e-04
2.444915298838168383e-04
4.328680806793272495e-04
1.073365332558751106e-03
6.736807408742606640e-04
5.727966781705617905e-04
1.573614776134490967e-03
8.485926082357764244e-04
4.925443790853023529e-04
1.087228418327867985e-03
4.606065340340137482e-04
8.890743483789265156e-04
3.523618215695023537e-04
2.924826985690742731e-04
3.199917264282703400e-04
2.585162292234599590e-04
1.135495724156498909e-03
4.586465365719050169e-04
3.214803873561322689e-04
2.106157044181600213e-04
6.882876623421907425e-04
2.171884989365935326e-03
1.452315831556916237e-03
4.489312879741191864e-03
5.867662839591503143e-04
4.314352117944508791e-04
2.145048056263476610e-04
4.304821486584842205e-04
1.639057736610993743e-04
2.065187785774469376e-03
5.323450313881039619e-04
3.097908629570156336e-04
9.035521652549505234e-04
4.643811844289302826e-04
2.152372908312827349e-04
2.239988389192149043e-04
2.874267229344695807e-04
2.309135015821084380e-04
8.667450165376067162e-04
2.380388323217630386e-04
3.720537642948329449e-04
3.663702518679201603e-04
2.401072124484926462e-04
1.648582983762025833e-04
2.422140096314251423e-04
2.571978257037699223e-04
2.204871270805597305e-04
1.530913432361558080e-04
2.123745653079822659e-04
2.532594662625342607e-04
1.810212997952476144e-04
3.952618862967938185e-04
6.102860788814723492e-04
2.054350188700482249e-04
2.002769906539469957e-04
2.661712351255118847e-04
1.147383591160178185e-04
2.102928847307339311e-04
1.716543774819001555e-04
2.842996036633849144e-04
2.346245601074770093e-04
6.218339549377560616e-04
2.893627970479428768e-04
2.034613862633705139e-04
4.030065902043133974e-04
3.643007075879722834e-04
3.142465720884501934e-04
2.753840526565909386e-04
3.796610690187662840e-04
1.951492158696055412e-04
2.525331219658255577e-04
2.337026671739295125e-04
1.059480928233824670e-04
8.171350928023457527e-04
2.446085563860833645e-04
3.158695471938699484e-04
2.114452945534139872e-04
5.031337495893239975e-04
4.133417387492954731e-04
3.580211778171360493e-04
1.915550528792664409e-04
3.444311150815337896e-04
1.936601038323715329e-04
1.514760806458070874e-04
7.017393363639712334e-04
2.622817701194435358e-04
1.573176850797608495e-04
1.712786324787884951e-04
2.534153463784605265e-04
1.787250366760417819e-04
7.826161163393408060e-05
1.570419699419289827e-04
3.205213579349219799e-04
3.267717256676405668e-04
4.685167805291712284e-04
1.406796218361705542e-04
2.617729187477380037e-04
1.256348623428493738e-04
3.019169089384377003e-04
1.307516358792781830e-04
2.111694484483450651e-04
1.897464098874479532e-04
2.473232452757656574e-04
1.366091019008308649e-04
1.509557041572406888e-04
2.838980872184038162e-04
1.124811533372849226e-04
1.832673442550003529e-04
4.028143885079771280e-04
1.678931730566546321e-04
1.446303504053503275e-04
1.728962815832346678e-04
1.228164765052497387e-04
5.719704204238951206e-04
5.409512668848037720e-04
1.496135664638131857e-04
3.741335240192711353e-04
2.330041897948831320e-04
1.296139962505549192e-04
2.046829031314700842e-04
1.447846589144319296e-04
1.026629324769601226e-04
1.133234545704908669e-04
2.464679419063031673e-04
2.031656331382691860e-04
8.287130185635760427e-05
1.150792741100303829e-04
1.659256085986271501e-04
5.253448034636676311e-04
5.584300379268825054e-04
1.827201922424137592e-04
3.476232232060283422e-04
1.349562953691929579e-04
8.501078264089301229e-05
1.236425363458693027e-03
1.415509759681299329e-04
9.204299567500129342e-05
1.662903232499957085e-04
2.615636913105845451e-04
1.097168642445467412e-04
2.588829956948757172e-04
7.161545800045132637e-04
1.324327458860352635e-04
1.545612758491188288e-04
1.369809615425765514e-04
8.621220331406220794e-05
1.083738752640783787e-04
2.178792201448231936e-04
1.102935566450469196e-04
1.545350678497925401e-04
1.804581843316555023e-04
1.650210178922861814e-04
9.055306145455688238e-05
1.749447546899318695e-03
1.385287323500961065e-04
9.192917787004262209e-05
8.262377377832308412e-05
3.630687133409082890e-04
1.148998198914341629e-04
8.458282536594197154e-05
5.293449430610053241e-05
8.034011261770501733e-05
1.362270122626796365e-04
1.228774926858022809e-04
1.436623279005289078e-04
1.432124699931591749e-04
1.083060124074108899e-04
1.647887693252414465e-04
1.675450621405616403e-04
8.100870763882994652e-05
1.593638153281062841e-04
1.231040660059079528e-04
1.247616019099950790e-04
2.146865153918042779e-04
1.470302231609821320e-04
1.881175558082759380e-04
1.008779290714301169e-04
2.916059747803956270e-04
1.150980460806749761e-04
4.127063730265945196e-04
2.254840510431677103e-04
2.736236783675849438e-04
1.424744259566068649e-04
1.185226501547731459e-04
1.284132158616557717e-04
1.425299415132030845e-04
4.431362613104283810e-04
9.413396765012294054e-05
2.027873124461621046e-04
6.499727169284597039e-05
8.611978410044685006e-05
1.287849590880796313e-04
6.888981442898511887e-05
1.621885021449998021e-04
7.713722152402624488e-05
1.483152736909687519e-04
1.146306894952431321e-04
8.685700595378875732e-05
4.448657855391502380e-04
1.058713169186376035e-04
1.126257629948668182e-04
8.518049435224384069e-05
1.205981243401765823e-04
4.852365236729383469e-05
2.037607773672789335e-04
1.073988096322864294e-04
7.064927922328934073e-05
9.425374446436762810e-05
1.992456236621364951e-04
5.688353849109262228e-05
8.725201769266277552e-05
8.014966442715376616e-05
9.698131907498463988e-05
1.174638673546724021e-04
8.079123799689114094e-04
1.627002493478357792e-04
1.475695607950910926e-04
5.772630902356468141e-05
2.498710236977785826e-04
1.082476373994722962e-04
1.326205529039725661e-04
1.498283527325838804e-04
8.879093365976586938e-05
1.010929699987173080e-04
2.643836487550288439e-04
1.271265745162963867e-02
4.029013507533818483e-04
1.854299334809184074e-04
7.242205174406990409e-05
1.531941379653289914e-04
8.516387606505304575e-05
2.232257393188774586e-04
1.181560219265520573e-03
1.938944042194634676e-04
1.400196924805641174e-04
4.594032361637800932e-04
1.363972987746819854e-04
7.952853338792920113e-04
5.477322847582399845e-04
2.148431667592376471e-04
1.478300429880619049e-03
4.287317278794944286e-04
2.455918351188302040e-03
7.105707773007452488e-04
6.008248892612755299e-04
2.992353111039847136e-04
3.115117142442613840e-04
2.407009305898100138e-04
2.309000818058848381e-03
6.346757290884852409e-04
8.381898805964738131e-05
1.967875286936759949e-04
1.242494618054479361e-04
1.965989649761468172e-04
1.949394820258021355e-03
5.422227550297975540e-04
9.874519892036914825e-04
1.900921779451891780e-04
1.875270681921392679e-04
1.551580353407189250e-04
2.475762448739260435e-04
2.528871875256299973e-03
1.318932918366044760e-04
1.365706266369670630e-04
1.624335855012759566e-04
1.590781466802582145e-04
1.322580646956339478e-04
1.117050996981561184e-04
7.757761050015687943e-04
1.375920983264222741e-04
3.481489256955683231e-04
3.456727718003094196e-04
9.831250645220279694e-05
2.266604133183136582e-04
1.647538592806085944e-04
1.658432011026889086e-04
4.223377909511327744e-04
1.182611740659922361e-04
1.058811321854591370e-04
1.382532209390774369e-04
2.036410296568647027e-04
7.784589543007314205e-04
1.072452505468390882e-04
2.671997935976833105e-04
3.139257023576647043e-04
1.424175570718944073e-04
1.533992472104728222e-04
1.436356396880000830e-04
1.098998618545010686e-04
1.800525496946647763e-04
2.921565319411456585e-04
8.878930384526029229e-05
7.656182860955595970e-04
2.513216750230640173e-04
1.331974781351163983e-04
1.356176799163222313e-04
1.170676332549192011e-04
3.349219041410833597e-04
2.776666660793125629e-04
2.512132341507822275e-04
9.778041567187756300e-05
1.007751197903417051e-04
1.162069602287374437e-04
1.353507541352882981e-04
7.431769336108118296e-05
7.714270759606733918e-05
6.887000199640169740e-05
8.886733121471479535e-05
5.707174204871989787e-05
1.478279882576316595e-04
3.219741920474916697e-04
7.116911729099228978e-05
1.368368975818157196e-04
4.111350281164050102e-04
1.290044019697234035e-04
2.644254418555647135e-04
1.454273005947470665e-04
5.484278153744526207e-05
5.273317947285249829e-05
1.203912834171205759e-04
6.521804607473313808e-04
6.516683060908690095e-05
1.377887529088184237e-04
2.318437327630817890e-04
2.466898877173662186e-04
1.363318151561543345e-04
9.630966087570413947e-05
1.119792723329737782e-04
9.947426588041707873e-05
1.833518763305619359e-04
2.013519406318664551e-04
2.710956032387912273e-04
2.155451948055997491e-04
9.700313967186957598e-05
1.331691601080819964e-04
1.782004401320591569e-04
2.799496287479996681e-04
7.268150511663407087e-05
1.625950535526499152e-04
1.517367927590385079e-04
1.461074571125209332e-04
5.604586840490810573e-05
7.882216596044600010e-05
8.037905354285612702e-05
7.114694017218425870e-05
5.513186100870370865e-03
3.906884230673313141e-04
6.894327816553413868e-05
9.433143713977187872e-05
5.210345989326015115e-05
6.927361391717568040e-05
5.578721902566030622e-05
1.557809300720691681e-04
2.536629035603255033e-04
8.691584662301465869e-05
1.595154171809554100e-04
2.009629388339817524e-04
5.861563477083109319e-05
1.007133396342396736e-04
3.747451410163193941e-04
9.852096263784915209e-05
9.960836905520409346e-05
1.094866602215915918e-04
1.471497962484136224e-04
6.206840043887495995e-05
1.757235731929540634e-04
1.283077290281653404e-04
7.576982898171991110e-05
9.474739636061713099e-05
1.585588790476322174e-03
1.155063291662372649e-04
2.142329030903056264e-04
1.064778305590152740e-03
8.325374074047431350e-05
7.855849980842322111e-05
4.979780351277440786e-05
1.229133049491792917e-04
2.322140499018132687e-04
8.631677337689325213e-05
1.166401343652978539e-04
2.180972660426050425e-04
9.205449605360627174e-04
1.609537284821271896e-04
1.822639460442587733e-04
1.320050796493887901e-04
7.376317516900599003e-04
5.088588295620866120e-05
8.764602534938603640e-05
7.544873369624838233e-05
1.810480025596916676e-04
3.301911638118326664e-04
1.156669386546127498e-04
3.937916335416957736e-05
2.525371091905981302e-04
1.964446564670652151e-04
2.398752549197524786e-04
1.177014346467331052e-04
2.196737623307853937e-04
5.653762491419911385e-05
5.239645179244689643e-05
1.241406716872006655e-04
2.245647774543613195e-04
8.823728421702980995e-05
5.044909776188433170e-04
6.991442205617204309e-05
3.692775862873531878e-05
1.389294484397396445e-04
2.593865792732685804e-04
9.892316302284598351e-05
1.338816800853237510e-04
9.983338532038033009e-05
7.439919863827526569e-05
6.024818139849230647e-05
9.856622637016698718e-05
5.831054295413196087e-05
1.236885436810553074e-04
6.911057425895705819e-05
5.208789298194460571e-05
2.037447702605277300e-04
4.774115222971886396e-05
3.584857040550559759e-05
9.162981586996465921e-05
4.300023283576592803e-05
1.633935899008065462e-04
6.755150388926267624e-05
2.008499577641487122e-04
7.951474253786727786e-05
2.647708060976583511e-05
4.867630195803940296e-05
7.931258005555719137e-05
1.978272921405732632e-04
2.359428035560995340e-04
6.651070725638419390e-05
1.078816421795636415e-04
5.709957258659414947e-05
3.674489198601804674e-05
8.495173824485391378e-05
9.206146205542609096e-05
3.410756471566855907e-05
1.060125650838017464e-04
5.552533184527419508e-05
1.731564698275178671e-04
9.327050065621733665e-05
3.844240563921630383e-05
9.189072443405166268e-05
5.466708171297796071e-05
1.281099248444661498e-04
3.996662417193874717e-05
2.658823505043983459e-04
7.191082113422453403e-05
5.901357508264482021e-05
8.552445797249674797e-05
8.389852882828563452e-05
7.950595318106934428e-05
1.114691185648553073e-04
8.001214882824569941e-05
6.841195136075839400e-05
1.270485663553699851e-04
1.068070559995248914e-04
2.243866329081356525e-04
5.387506462284363806e-05
4.840680776396766305e-05
1.486023829784244299e-04
5.413801773102022707e-05
3.309003950562328100e-04
5.951998537057079375e-05
7.263635052368044853e-05
4.771848398377187550e-05
8.576444088248535991e-05
1.253909140359610319e-04
3.034413748537190259e-05
9.446929470868781209e-05
5.514700023923069239e-05
1.031085557769984007e-04
5.467558366945013404e-05
4.144097692915238440e-05
6.013474194332957268e-04
3.405658208066597581e-05
4.611272015608847141e-05
9.346334263682365417e-05
6.507515354314818978e-05
8.524511940777301788e-05
4.274077946320176125e-05
6.840489368187263608e-05
9.620906348573043942e-05
9.173295984510332346e-05
5.961953502264805138e-05
8.280429756268858910e-05
7.342220487771555781e-05
1.178129343315958977e-03
5.265941217658109963e-05
3.581536293495446444e-05
8.930086914915591478e-05
9.519492596155032516e-05
3.811319038504734635e-05
4.330270530772395432e-05
8.209322550101205707e-05
2.170159277739003301e-04
3.764301072806119919e-05
9.299188241129741073e-05
1.231495261890813708e-04
1.537566276965662837e-04
3.467228088993579149e-05
3.534273491823114455e-05
5.011109897168353200e-05
4.987113788956776261e-05
6.088032387197017670e-05
2.389024011790752411e-04
4.940481812809593976e-05
6.323388515738770366e-05
4.875420199823565781e-05
5.096813401905819774e-05
3.561153789632953703e-05
8.762000361457467079e-04
6.157801544759422541e-05
1.200453916680999100e-04
4.750264270114712417e-05
6.331985059659928083e-05
1.100340974517166615e-03
1.512740855105221272e-04
5.612955646938644350e-05
6.843001756351441145e-05
8.801689546089619398e-05
4.614982390194199979e-05
7.650866609765216708e-05
4.930975774186663330e-05
6.563721399288624525e-05
2.846852294169366360e-05
4.967716449755243957e-05
8.669845556141808629e-05
4.196132431388832629e-05
7.905089296400547028e-05
9.480633889324963093e-05
8.523934957338497043e-05
6.982261402299627662e-05
2.779354399535804987e-04
6.036667036823928356e-04
1.161461975425481796e-02
2.941774619102943689e-05
1.319705042988061905e-04
6.316413055174052715e-05
5.165857510291971266e-05
6.538638263009488583e-05
6.364798900904133916e-05
1.695857790764421225e-04
2.480591088533401489e-02
2.440234413370490074e-03
2.627862559165805578e-04
4.238761903252452612e-04
9.920282172970473766e-05
3.860057040583342314e-05
5.097666871733963490e-04
1.626504235900938511e-04
7.472309516742825508e-05
1.094877603463828564e-03
3.800374397542327642e-04
7.715439278399571776e-05
2.431922359392046928e-03
1.351360406260937452e-04
4.698137636296451092e-04
2.441668882966041565e-02
4.776767746079713106e-04
9.813449578359723091e-04
1.066281367093324661e-02
2.659429796040058136e-02
1.820167963160201907e-04
4.772696178406476974e-03
1.734868972562253475e-03
1.996054779738187790e-04
6.868663476780056953e-04
5.877440422773361206e-02
6.601981353014707565e-03
9.099042974412441254e-03
5.715996958315372467e-03
3.952166531234979630e-03
3.446339105721563101e-04
4.980080574750900269e-02
3.073178231716156006e-04
8.797351038083434105e-04
8.946803864091634750e-04
1.461212406866252422e-03
8.376390673220157623e-03
7.134242914617061615e-04
4.185266420245170593e-02
1.946102641522884369e-02
1.676354295341297984e-04
1.850848784670233727e-03
4.437354393303394318e-03
7.233897340483963490e-04
4.519927606452256441e-04
4.256021347828209400e-04
2.120210789144039154e-03
2.727082232013344765e-03
7.637298549525439739e-04
1.534239854663610458e-03
4.753742250613868237e-04
2.200628444552421570e-02
4.719881340861320496e-02
4.982654354535043240e-04
8.243766427040100098e-02
9.206875110976397991e-04
2.177398465573787689e-02
4.602979752235114574e-04
1.088603679090738297e-02
7.087635458447039127e-04
5.112688988447189331e-03
3.255004703532904387e-04
1.008634921163320541e-03
1.674344204366207123e-02
7.681715488433837891e-02
2.759272465482354164e-04
5.673023406416177750e-03
4.749402403831481934e-02
2.033993368968367577e-03
5.167729221284389496e-03
5.582844838500022888e-03
2.436136081814765930e-02
6.742742657661437988e-02
1.654672995209693909e-02
2.056822553277015686e-02
3.481090813875198364e-02
6.373940408229827881e-02
1.447057910263538361e-02
6.898818910121917725e-02
1.223591044545173645e-01
3.964938223361968994e-02
3.593914583325386047e-02
4.022664576768875122e-02
2.664700523018836975e-02
8.133811876177787781e-03
1.590558513998985291e-02
8.595997840166091919e-02
1.037233173847198486e-01
3.852897509932518005e-02
6.304874271154403687e-02
1.347730904817581177e-01
1.616486534476280212e-02
1.182799413800239563e-01
1.117824986577033997e-01
1.156864613294601440e-01
1.602056920528411865e-01
7.000767439603805542e-02
7.733280956745147705e-02
2.577350847423076630e-02
1.166054531931877136e-01
2.175664901733398438e-01
2.398334592580795288e-01
1.046424210071563721e-01
1.845270544290542603e-01
1.432161480188369751e-01
1.182703897356987000e-01
1.144584640860557556e-01
1.559677571058273315e-01
6.458070874214172363e-02
1.555248051881790161e-01
6.634873896837234497e-02
1.572462916374206543e-01
1.231823042035102844e-01
8.894270658493041992e-02
8.921001106500625610e-02
7.961080223321914673e-02
2.458249777555465698e-01
1.376058459281921387e-01
9.014038741588592529e-02
1.059157475829124451e-01
3.558323383331298828e-01
1.337567567825317383e-01
1.271203309297561646e-01
1.234533786773681641e-01
1.267282515764236450e-01
1.700073927640914917e-01
2.110460847616195679e-01
2.184016853570938110e-01
1.858662664890289307e-01
1.624137461185455322e-01
1.549101769924163818e-01
1.490660160779953003e-01
1.812117695808410645e-01
1.625147461891174316e-01
1.761507689952850342e-01
1.724664270877838135e-01
5.130347236990928650e-02
