1.233999999999999958e-01
1.666999999999999871e-01
2.602999999999999758e-01
3.844000000000000195e-01
4.096000000000000196e-01
4.066000000000000170e-01
3.670999999999999819e-01
3.548000000000000043e-01
4.147000000000000131e-01
4.047999999999999932e-01
4.061000000000000165e-01
3.998999999999999777e-01
4.255999999999999783e-01
4.315999999999999837e-01
4.209999999999999853e-01
4.289000000000000035e-01
4.152000000000000135e-01
4.153999999999999915e-01
3.987999999999999878e-01
4.273000000000000131e-01
4.400000000000000022e-01
4.470000000000000084e-01
4.158000000000000029e-01
4.243999999999999995e-01
4.242000000000000215e-01
4.364999999999999991e-01
4.279000000000000026e-01
4.224999999999999867e-01
4.248999999999999999e-01
4.416999999999999815e-01
4.247000000000000219e-01
4.390999999999999903e-01
4.491999999999999882e-01
4.388000000000000234e-01
4.361999999999999766e-01
4.366999999999999771e-01
4.349999999999999978e-01
4.410000000000000031e-01
4.209999999999999853e-01
4.227000000000000202e-01
4.304000000000000048e-01
4.351999999999999758e-01
4.222000000000000197e-01
4.420999999999999930e-01
4.156000000000000250e-01
4.182000000000000162e-01
4.290999999999999814e-01
4.368000000000000216e-01
4.374000000000000110e-01
4.457999999999999741e-01
4.230999999999999761e-01
4.430000000000000049e-01
4.516999999999999904e-01
4.354000000000000092e-01
4.381999999999999784e-01
4.395999999999999908e-01
4.324000000000000066e-01
4.292000000000000259e-01
4.447999999999999732e-01
4.492999999999999772e-01
4.289999999999999925e-01
4.374000000000000110e-01
4.445999999999999952e-01
4.349000000000000088e-01
4.378000000000000225e-01
4.416999999999999815e-01
4.527999999999999803e-01
4.521999999999999909e-01
4.562999999999999834e-01
4.506999999999999895e-01
4.400999999999999912e-01
4.460999999999999965e-01
4.339999999999999969e-01
4.324000000000000066e-01
4.233999999999999986e-01
4.349999999999999978e-01
4.460999999999999965e-01
4.308000000000000163e-01
4.113999999999999879e-01
4.298000000000000154e-01
4.389000000000000123e-01
4.235999999999999766e-01
4.400000000000000022e-01
4.507999999999999785e-01
4.369999999999999996e-01
4.386999999999999789e-01
4.366999999999999771e-01
4.365999999999999881e-01
4.384000000000000119e-01
4.480000000000000093e-01
4.524000000000000243e-01
4.512999999999999790e-01
4.460000000000000075e-01
4.545000000000000151e-01
4.482999999999999763e-01
4.470000000000000084e-01
4.343000000000000194e-01
4.361999999999999766e-01
4.420000000000000040e-01
4.485999999999999988e-01
