3.835999999999999965e-01
9.455999999999999961e-01
9.747999999999999998e-01
9.748999999999999888e-01
9.765000000000000346e-01
9.762999999999999456e-01
9.659999999999999698e-01
9.788000000000000034e-01
9.764000000000000457e-01
9.804000000000000492e-01
9.810999999999999721e-01
9.835000000000000409e-01
9.819999999999999840e-01
9.804000000000000492e-01
9.834000000000000519e-01
9.851999999999999647e-01
9.836000000000000298e-01
9.819999999999999840e-01
9.808000000000000052e-01
9.845000000000000417e-01
9.838000000000000078e-01
9.835000000000000409e-01
9.834000000000000519e-01
9.834000000000000519e-01
9.730999999999999650e-01
9.839999999999999858e-01
9.808999999999999941e-01
9.782999999999999474e-01
9.758999999999999897e-01
9.798999999999999932e-01
9.797000000000000153e-01
9.814000000000000501e-01
9.822999999999999510e-01
9.844000000000000528e-01
9.788999999999999924e-01
9.835000000000000409e-01
9.856000000000000316e-01
9.839999999999999858e-01
9.856000000000000316e-01
9.848999999999999977e-01
9.824000000000000510e-01
9.826000000000000290e-01
9.834000000000000519e-01
9.844000000000000528e-01
9.848000000000000087e-01
9.859999999999999876e-01
9.846000000000000307e-01
9.820999999999999730e-01
9.808000000000000052e-01
9.852999999999999536e-01
