6.898719787597656250e+00
5.901612758636474609e+00
4.716157436370849609e+00
3.400811672210693359e+00
2.634137392044067383e+00
2.197513818740844727e+00
1.956987857818603516e+00
2.028537988662719727e+00
2.036525011062622070e+00
1.977729678153991699e+00
1.989112496376037598e+00
1.982033252716064453e+00
1.986595749855041504e+00
1.878122091293334961e+00
1.858093857765197754e+00
1.910304307937622070e+00
2.034119606018066406e+00
1.901017546653747559e+00
1.862974047660827637e+00
1.753759145736694336e+00
1.736724853515625000e+00
1.860872507095336914e+00
1.976792454719543457e+00
1.772682189941406250e+00
1.767145156860351562e+00
1.822009325027465820e+00
1.708124160766601562e+00
1.767377138137817383e+00
1.575743675231933594e+00
1.595227360725402832e+00
1.636749744415283203e+00
1.705275058746337891e+00
1.674111723899841309e+00
1.655476450920104980e+00
1.770018458366394043e+00
1.694528222084045410e+00
1.850949883460998535e+00
1.697605133056640625e+00
1.645414233207702637e+00
1.656357765197753906e+00
1.617754459381103516e+00
1.714683651924133301e+00
1.717398524284362793e+00
1.591917157173156738e+00
1.590432643890380859e+00
1.743331789970397949e+00
1.753750681877136230e+00
1.589150428771972656e+00
1.636768341064453125e+00
1.625868082046508789e+00
1.368112325668334961e+00
1.708602428436279297e+00
1.562097311019897461e+00
1.366845726966857910e+00
1.531146883964538574e+00
1.461025714874267578e+00
1.456692457199096680e+00
1.619989275932312012e+00
1.397481203079223633e+00
1.685043692588806152e+00
1.489316344261169434e+00
1.426265120506286621e+00
1.583256125450134277e+00
1.641165733337402344e+00
1.508389472961425781e+00
1.512328267097473145e+00
1.618851900100708008e+00
1.494216203689575195e+00
1.624274373054504395e+00
1.607332468032836914e+00
1.521064043045043945e+00
1.582931995391845703e+00
1.486982226371765137e+00
1.564491271972656250e+00
1.328568100929260254e+00
1.569093942642211914e+00
1.576846480369567871e+00
1.459035158157348633e+00
1.348986983299255371e+00
1.433075666427612305e+00
1.329323768615722656e+00
1.483527183532714844e+00
1.387397766113281250e+00
1.392884254455566406e+00
1.328382372856140137e+00
1.727158427238464355e+00
1.478742241859436035e+00
1.649399638175964355e+00
1.251270890235900879e+00
1.268065214157104492e+00
1.335538387298583984e+00
1.335951328277587891e+00
1.546922802925109863e+00
1.464895129203796387e+00
1.639936208724975586e+00
1.252755165100097656e+00
1.453112363815307617e+00
1.322188854217529297e+00
1.403241157531738281e+00
1.446143507957458496e+00
1.442936301231384277e+00
1.416403174400329590e+00
1.555785536766052246e+00
1.323423147201538086e+00
1.207351565361022949e+00
1.265450119972229004e+00
1.384459257125854492e+00
1.283170938491821289e+00
1.283875465393066406e+00
1.174896478652954102e+00
1.199295997619628906e+00
1.245046615600585938e+00
1.254742860794067383e+00
1.349803566932678223e+00
1.164254069328308105e+00
1.354207158088684082e+00
1.153949022293090820e+00
1.454629182815551758e+00
1.218133211135864258e+00
1.268333792686462402e+00
1.529530405998229980e+00
1.231008052825927734e+00
1.320880413055419922e+00
1.317294478416442871e+00
1.320603013038635254e+00
1.253453850746154785e+00
1.270218849182128906e+00
1.335740566253662109e+00
1.281562924385070801e+00
1.437943458557128906e+00
1.158147096633911133e+00
1.031714320182800293e+00
1.152370095252990723e+00
1.182877540588378906e+00
1.141516566276550293e+00
1.114242792129516602e+00
1.155216693878173828e+00
1.086351752281188965e+00
1.129205942153930664e+00
1.103528022766113281e+00
1.268307566642761230e+00
1.288521289825439453e+00
1.286357402801513672e+00
1.311439871788024902e+00
1.017717480659484863e+00
1.079765796661376953e+00
1.108554482460021973e+00
1.078157305717468262e+00
1.181971788406372070e+00
1.227816104888916016e+00
1.347403407096862793e+00
1.344968557357788086e+00
1.290152430534362793e+00
1.125917315483093262e+00
1.152450323104858398e+00
1.322097778320312500e+00
1.166026711463928223e+00
1.052416205406188965e+00
1.152336835861206055e+00
1.091877698898315430e+00
1.075232028961181641e+00
1.081233143806457520e+00
1.173400402069091797e+00
1.052848696708679199e+00
1.151109218597412109e+00
9.674218893051147461e-01
9.449906349182128906e-01
9.397998452186584473e-01
1.139240860939025879e+00
1.204897046089172363e+00
1.003629684448242188e+00
1.314808845520019531e+00
9.793781638145446777e-01
1.031055331230163574e+00
1.047600150108337402e+00
8.762944936752319336e-01
1.243718743324279785e+00
9.319001436233520508e-01
1.034630775451660156e+00
9.609490036964416504e-01
1.188461303710937500e+00
1.029406070709228516e+00
9.704945087432861328e-01
1.074571967124938965e+00
8.563555479049682617e-01
9.886298775672912598e-01
1.006156682968139648e+00
1.000106811523437500e+00
1.031405925750732422e+00
8.421756029129028320e-01
9.924173951148986816e-01
8.664036989212036133e-01
8.140079975128173828e-01
1.028458833694458008e+00
9.608664512634277344e-01
1.054079413414001465e+00
9.797794818878173828e-01
1.024562001228332520e+00
9.446525573730468750e-01
9.848033785820007324e-01
9.378724694252014160e-01
1.049952387809753418e+00
1.034134864807128906e+00
7.607724070549011230e-01
1.077876687049865723e+00
1.030096650123596191e+00
1.096279144287109375e+00
9.261431694030761719e-01
6.631814837455749512e-01
8.717618584632873535e-01
7.583523988723754883e-01
8.059254288673400879e-01
8.819930553436279297e-01
7.935507893562316895e-01
8.865346312522888184e-01
8.526537418365478516e-01
8.878259062767028809e-01
7.608674764633178711e-01
7.022095918655395508e-01
9.751687049865722656e-01
7.872907519340515137e-01
9.401357769966125488e-01
7.778648138046264648e-01
9.682458639144897461e-01
8.682637214660644531e-01
8.245782256126403809e-01
9.746432900428771973e-01
7.861372828483581543e-01
1.015122175216674805e+00
7.228645682334899902e-01
8.235445022583007812e-01
7.842857837677001953e-01
8.720454573631286621e-01
9.660981893539428711e-01
6.698047518730163574e-01
8.388386368751525879e-01
1.022618293762207031e+00
6.254874467849731445e-01
9.336291551589965820e-01
7.232205271720886230e-01
7.448379397392272949e-01
7.013784050941467285e-01
7.786908745765686035e-01
8.921999931335449219e-01
7.096491456031799316e-01
7.529339790344238281e-01
8.331578373908996582e-01
8.800643682479858398e-01
7.508839368820190430e-01
7.661802768707275391e-01
7.488462328910827637e-01
8.656214475631713867e-01
8.196587562561035156e-01
8.046065568923950195e-01
1.127467036247253418e+00
8.055650591850280762e-01
7.475674152374267578e-01
9.014519453048706055e-01
8.865140676498413086e-01
7.953462600708007812e-01
7.564474344253540039e-01
6.057301163673400879e-01
6.600403785705566406e-01
5.224772095680236816e-01
5.930228829383850098e-01
6.695673465728759766e-01
6.596506834030151367e-01
6.834374070167541504e-01
5.209265947341918945e-01
7.041970491409301758e-01
5.493320822715759277e-01
5.363278388977050781e-01
6.888266205787658691e-01
5.712547302246093750e-01
7.969626784324645996e-01
7.182510495185852051e-01
5.168614387512207031e-01
5.846801400184631348e-01
6.244087815284729004e-01
7.541393041610717773e-01
5.465922951698303223e-01
5.723484158515930176e-01
7.094458937644958496e-01
6.375114917755126953e-01
5.774533152580261230e-01
7.262499332427978516e-01
5.351613759994506836e-01
6.656921505928039551e-01
6.367611289024353027e-01
5.555768013000488281e-01
4.612017273902893066e-01
4.097048342227935791e-01
3.912747204303741455e-01
4.339331090450286865e-01
5.132153630256652832e-01
6.408223509788513184e-01
4.039427638053894043e-01
4.397108852863311768e-01
4.962185621261596680e-01
5.873425602912902832e-01
5.674560070037841797e-01
4.559714794158935547e-01
5.174157619476318359e-01
6.391908526420593262e-01
7.250950336456298828e-01
6.323602795600891113e-01
5.628973245620727539e-01
5.674115419387817383e-01
4.930670261383056641e-01
4.825885295867919922e-01
5.129476189613342285e-01
5.577856898307800293e-01
3.213478326797485352e-01
5.403488874435424805e-01
3.693101108074188232e-01
3.484531641006469727e-01
5.356861948966979980e-01
5.870475172996520996e-01
2.936019003391265869e-01
4.416887164115905762e-01
3.380515277385711670e-01
7.171623110771179199e-01
5.160326361656188965e-01
4.554335772991180420e-01
5.447635054588317871e-01
4.662637114524841309e-01
5.305362939834594727e-01
4.582226574420928955e-01
5.268501043319702148e-01
4.814519882202148438e-01
5.047511458396911621e-01
5.521104335784912109e-01
5.102584362030029297e-01
4.813383221626281738e-01
4.004675149917602539e-01
5.208356976509094238e-01
6.127194166183471680e-01
5.628775358200073242e-01
3.933008909225463867e-01
3.167268335819244385e-01
4.626084864139556885e-01
2.320384681224822998e-01
3.273263871669769287e-01
2.274980992078781128e-01
3.051042854785919189e-01
3.253331780433654785e-01
3.011712133884429932e-01
3.438587784767150879e-01
3.060275018215179443e-01
2.146702408790588379e-01
2.636361122131347656e-01
3.286284804344177246e-01
3.361040651798248291e-01
2.744927704334259033e-01
3.430971801280975342e-01
2.734215855598449707e-01
2.894256711006164551e-01
3.218219280242919922e-01
2.905628383159637451e-01
3.745690882205963135e-01
3.544198572635650635e-01
2.511898279190063477e-01
4.872777462005615234e-01
7.206352949142456055e-01
2.600941359996795654e-01
1.968881338834762573e-01
1.408037841320037842e-01
1.463475078344345093e-01
5.498433709144592285e-01
4.256443679332733154e-01
4.783792495727539062e-01
2.477093487977981567e-01
2.978299558162689209e-01
3.745404183864593506e-01
4.496559798717498779e-01
3.915334343910217285e-01
2.715924084186553955e-01
2.503438889980316162e-01
3.388091325759887695e-01
4.941028058528900146e-01
3.932380378246307373e-01
3.465740978717803955e-01
4.966170787811279297e-01
3.156200945377349854e-01
4.052331745624542236e-01
4.519443213939666748e-01
5.517279505729675293e-01
5.168064236640930176e-01
4.191264510154724121e-01
2.849464118480682373e-01
2.091098725795745850e-01
1.514672189950942993e-01
2.978245615959167480e-01
3.933350741863250732e-01
1.612252593040466309e-01
3.482027649879455566e-01
2.776725292205810547e-01
3.860668241977691650e-01
3.632905781269073486e-01
4.266916513442993164e-01
3.737145960330963135e-01
2.730380594730377197e-01
3.627144098281860352e-01
2.479352802038192749e-01
3.538793325424194336e-01
2.752960920333862305e-01
1.919151842594146729e-01
2.808040380477905273e-01
1.780922561883926392e-01
3.058230280876159668e-01
3.259538114070892334e-01
4.188867807388305664e-01
2.851430773735046387e-01
4.177788197994232178e-01
2.650172114372253418e-01
2.142413556575775146e-01
1.385672986507415771e-01
1.416874527931213379e-01
2.180162668228149414e-01
2.405150085687637329e-01
2.273310273885726929e-01
2.126099616289138794e-01
2.310757040977478027e-01
1.552602350711822510e-01
1.627916991710662842e-01
2.801339328289031982e-01
2.694375216960906982e-01
1.699108332395553589e-01
1.847904622554779053e-01
1.037498190999031067e-01
2.821116447448730469e-01
2.388920933008193970e-01
1.540708690881729126e-01
1.082176342606544495e-01
2.223965525627136230e-01
1.898806989192962646e-01
1.734835803508758545e-01
2.638775408267974854e-01
3.418577909469604492e-01
1.828285604715347290e-01
2.296113073825836182e-01
3.602288067340850830e-01
1.440092474222183228e-01
1.430461704730987549e-01
2.191056311130523682e-01
2.468014955520629883e-01
2.275390475988388062e-01
1.875694692134857178e-01
2.096338123083114624e-01
9.860619157552719116e-02
2.274047583341598511e-01
1.041534468531608582e-01
1.194567531347274780e-01
1.068158373236656189e-01
3.036713600158691406e-01
2.350793778896331787e-01
2.941740155220031738e-01
1.631286889314651489e-01
1.683768928050994873e-01
2.212238460779190063e-01
1.340216994285583496e-01
1.317970454692840576e-01
1.436600536108016968e-01
2.510938942432403564e-01
1.595146209001541138e-01
1.518653333187103271e-01
1.913573443889617920e-01
2.655926942825317383e-01
6.069141626358032227e-02
1.154746338725090027e-01
1.326890140771865845e-01
1.575004905462265015e-01
2.004830390214920044e-01
8.469620347023010254e-02
5.806127190589904785e-02
1.132885068655014038e-01
1.836095750331878662e-01
9.767828136682510376e-02
7.050891965627670288e-02
1.066787838935852051e-01
1.693258583545684814e-01
1.149091795086860657e-01
9.601343423128128052e-02
1.214312165975570679e-01
8.680011332035064697e-02
8.752639591693878174e-02
1.077928468585014343e-01
1.628051549196243286e-01
2.456272393465042114e-01
1.934828162193298340e-01
1.842686831951141357e-01
1.638692766427993774e-01
1.373225748538970947e-01
1.029129251837730408e-01
7.904676347970962524e-02
2.716173231601715088e-01
1.566569507122039795e-01
9.739803522825241089e-02
2.026389241218566895e-01
6.766799092292785645e-02
5.162747949361801147e-02
2.300519496202468872e-01
1.943636387586593628e-01
9.038821607828140259e-02
1.603775322437286377e-01
1.307759582996368408e-01
1.329785585403442383e-01
1.250077933073043823e-01
8.052158355712890625e-02
6.045670807361602783e-02
1.808993071317672729e-01
1.976822316646575928e-01
1.013865247368812561e-01
8.563479781150817871e-02
1.515164673328399658e-01
1.001646518707275391e-01
8.788818866014480591e-02
1.230456605553627014e-01
1.969359517097473145e-01
3.665005564689636230e-01
9.860450774431228638e-02
8.057750016450881958e-02
9.815011918544769287e-02
2.086341828107833862e-01
2.243377119302749634e-01
1.948369443416595459e-01
1.325026005506515503e-01
1.690038740634918213e-01
1.578449904918670654e-01
1.885190457105636597e-01
1.908928006887435913e-01
7.932658493518829346e-02
1.002775281667709351e-01
9.031362831592559814e-02
2.152811586856842041e-01
2.187830358743667603e-01
2.067712396383285522e-01
2.242824584245681763e-01
1.788841187953948975e-01
1.565218120813369751e-01
1.294104903936386108e-01
1.827834993600845337e-01
8.302979171276092529e-02
1.256906092166900635e-01
2.045588940382003784e-01
1.370797306299209595e-01
9.910095483064651489e-02
1.234800890088081360e-01
9.406961500644683838e-02
1.811036020517349243e-01
8.368539065122604370e-02
1.991450488567352295e-01
1.186257898807525635e-01
2.518557608127593994e-01
1.315254718065261841e-01
1.539322584867477417e-01
7.611510157585144043e-02
8.883376419544219971e-02
1.161925122141838074e-01
7.485289871692657471e-02
1.338275223970413208e-01
1.625614315271377563e-01
1.153543889522552490e-01
1.544227302074432373e-01
1.334945857524871826e-01
1.043264344334602356e-01
8.807809650897979736e-02
5.943889915943145752e-02
1.716094762086868286e-01
1.927757710218429565e-01
1.222084611654281616e-01
2.301609367132186890e-01
1.039644926786422729e-01
6.556259840726852417e-02
1.101734861731529236e-01
6.943008303642272949e-02
5.159382894635200500e-02
2.667039334774017334e-01
1.230928897857666016e-01
1.307952255010604858e-01
1.021694093942642212e-01
1.288120150566101074e-01
9.540717303752899170e-02
6.852344423532485962e-02
1.295091956853866577e-01
3.412348031997680664e-02
1.569210141897201538e-01
5.405279994010925293e-02
9.849581867456436157e-02
5.329261347651481628e-02
6.701686978340148926e-02
8.405254036188125610e-02
7.279921323060989380e-02
4.742137715220451355e-02
1.071276888251304626e-01
8.037599176168441772e-02
5.279736965894699097e-02
2.491260468959808350e-01
6.415774673223495483e-02
4.550595581531524658e-02
6.215608492493629456e-02
3.875429555773735046e-02
9.598711133003234863e-02
6.749901175498962402e-02
1.238119751214981079e-01
1.087694466114044189e-01
1.087034195661544800e-01
4.005195200443267822e-02
1.245809644460678101e-01
3.913773968815803528e-02
1.202275007963180542e-01
1.233880966901779175e-01
6.072284281253814697e-02
7.420807331800460815e-02
3.831687569618225098e-02
1.749226748943328857e-01
2.614858932793140411e-02
5.620611459016799927e-02
4.419949278235435486e-02
8.279963582754135132e-02
9.096857905387878418e-02
1.062565520405769348e-01
7.521841675043106079e-02
7.442767918109893799e-02
3.362393379211425781e-02
3.865779191255569458e-02
2.466961182653903961e-02
9.384220093488693237e-02
9.767838567495346069e-02
3.354635089635848999e-02
5.088593438267707825e-02
3.531472012400627136e-02
5.983171239495277405e-02
9.332689642906188965e-02
4.980546981096267700e-02
4.895393550395965576e-02
1.276250928640365601e-01
7.509336620569229126e-02
5.687583237886428833e-02
7.363135367631912231e-02
3.946866467595100403e-02
3.363921120762825012e-02
2.472893893718719482e-02
2.996343374252319336e-02
1.349404752254486084e-01
1.548165827989578247e-01
1.086209937930107117e-01
1.270510852336883545e-01
5.454519763588905334e-02
2.135426551103591919e-01
5.368794500827789307e-02
6.523373723030090332e-02
6.340046972036361694e-02
3.973434492945671082e-02
6.750291585922241211e-02
1.307498067617416382e-01
9.034299105405807495e-02
8.903133124113082886e-02
4.776218533515930176e-02
1.155262887477874756e-01
1.088982746005058289e-01
2.057242393493652344e-01
3.726393356919288635e-02
1.388042867183685303e-01
1.014036759734153748e-01
1.173274889588356018e-01
5.873856693506240845e-02
1.228894591331481934e-01
1.237838715314865112e-01
7.364249229431152344e-02
1.345514506101608276e-01
8.416318893432617188e-02
7.587639987468719482e-02
1.638772934675216675e-01
5.022573843598365784e-02
4.754079878330230713e-02
2.998661063611507416e-02
9.431426227092742920e-02
3.715566173195838928e-02
8.931087702512741089e-02
6.058284267783164978e-02
6.908947229385375977e-02
1.336856484413146973e-01
2.904437668621540070e-02
8.375202864408493042e-02
3.670320659875869751e-02
2.908918447792530060e-02
3.973351791501045227e-02
1.217887699604034424e-01
1.161746457219123840e-01
8.324418216943740845e-02
1.507104188203811646e-01
8.306083083152770996e-02
4.909458011388778687e-02
1.093132495880126953e-01
7.625465840101242065e-02
4.271195828914642334e-02
4.702041670680046082e-02
4.668603092432022095e-02
6.636553257703781128e-02
3.694650158286094666e-02
1.448464244604110718e-01
1.190934237092733383e-02
4.524757713079452515e-02
2.827022597193717957e-02
1.005583629012107849e-01
7.384575903415679932e-02
3.346551582217216492e-02
4.709605127573013306e-02
2.589239180088043213e-02
5.610022321343421936e-02
7.384054362773895264e-02
4.250914603471755981e-02
1.875882595777511597e-01
9.577944129705429077e-02
7.491651922464370728e-02
3.255765512585639954e-02
5.974695086479187012e-02
9.766862541437149048e-02
9.527000039815902710e-02
4.938687756657600403e-02
2.185189537703990936e-02
8.900888264179229736e-02
8.004516363143920898e-02
6.135018914937973022e-02
6.704879552125930786e-02
6.861934065818786621e-02
9.243615716695785522e-02
3.926622122526168823e-02
5.703530088067054749e-02
2.607728727161884308e-02
9.554996155202388763e-03
4.915845021605491638e-02
9.151381999254226685e-02
2.921503782272338867e-02
6.770227849483489990e-02
5.682114139199256897e-02
2.460694126784801483e-02
3.581715747714042664e-02
2.366015128791332245e-02
1.512753311544656754e-02
4.450801759958267212e-02
8.689597994089126587e-02
3.882806748151779175e-02
4.769521579146385193e-02
8.178422600030899048e-02
5.413536727428436279e-02
5.176040157675743103e-02
3.968851640820503235e-02
2.188063412904739380e-02
8.660404942929744720e-03
1.214399412274360657e-01
1.316718906164169312e-01
7.935878820717334747e-03
2.189486101269721985e-02
1.219168026000261307e-02
2.684707194566726685e-02
3.420386835932731628e-02
4.170301184058189392e-02
2.807392738759517670e-02
4.307400807738304138e-02
9.904819726943969727e-02
1.344864442944526672e-02
5.221540480852127075e-02
7.656597346067428589e-02
3.024892508983612061e-02
4.537446051836013794e-02
2.218761108815670013e-02
3.560306876897811890e-02
3.496544435620307922e-02
8.283522725105285645e-02
4.557640105485916138e-02
9.786286391317844391e-03
1.393089592456817627e-01
7.738446816802024841e-03
4.481535404920578003e-02
9.324207901954650879e-03
4.642307758331298828e-02
3.959378600120544434e-02
1.739046126604080200e-01
4.273610934615135193e-02
6.470848619937896729e-02
6.951846927404403687e-02
1.059703454375267029e-01
7.411266863346099854e-02
5.896199867129325867e-02
9.125950932502746582e-02
1.154183149337768555e-01
9.750382602214813232e-02
6.148860976099967957e-02
1.144399046897888184e-01
8.008331060409545898e-02
9.796692430973052979e-02
1.640040725469589233e-01
4.429447650909423828e-02
3.243180736899375916e-02
1.038140505552291870e-01
7.773559540510177612e-02
1.834323555231094360e-01
1.657099127769470215e-01
9.915616363286972046e-02
1.335484832525253296e-01
8.089206367731094360e-02
6.319637596607208252e-02
1.696626693010330200e-01
2.274250984191894531e-01
6.644970178604125977e-02
6.643340736627578735e-02
2.014342546463012695e-01
8.896054327487945557e-02
7.170174270868301392e-02
8.107785135507583618e-02
8.157315105199813843e-02
9.360589832067489624e-02
9.765724837779998779e-02
7.161978632211685181e-02
3.589098155498504639e-02
5.705022811889648438e-02
1.169355735182762146e-01
2.659344114363193512e-02
1.382999718189239502e-01
1.066511869430541992e-01
9.253048151731491089e-02
1.309438049793243408e-01
5.398664623498916626e-02
8.604604750871658325e-02
1.981750726699829102e-01
9.790002554655075073e-02
1.470499932765960693e-01
8.555179834365844727e-02
1.026433482766151428e-01
1.208439096808433533e-02
8.584277331829071045e-02
1.056767925620079041e-01
7.811048626899719238e-02
1.023764386773109436e-01
3.690525889396667480e-02
1.601771712303161621e-01
6.967525184154510498e-02
3.255872800946235657e-02
1.160690113902091980e-01
3.209354355931282043e-02
5.833407863974571228e-02
8.526363968849182129e-02
2.522073313593864441e-02
8.400621265172958374e-02
1.004423946142196655e-01
7.720623910427093506e-02
1.023710817098617554e-01
3.460263460874557495e-02
3.107433393597602844e-02
7.350409030914306641e-02
3.928774967789649963e-02
9.447529911994934082e-02
8.581404387950897217e-02
6.646682322025299072e-02
4.232969880104064941e-02
6.994452327489852905e-03
1.100675202906131744e-02
1.600079797208309174e-02
7.979108393192291260e-02
6.188869848847389221e-02
2.506454475224018097e-02
5.018909275531768799e-02
3.441771119832992554e-02
7.010418176651000977e-02
2.615189366042613983e-02
1.386854797601699829e-01
5.003263801336288452e-02
1.743011549115180969e-02
1.966247707605361938e-02
2.502101100981235504e-02
3.034879267215728760e-02
8.045379817485809326e-02
4.311234876513481140e-02
9.687681682407855988e-03
9.233020246028900146e-02
5.506877973675727844e-02
4.453350976109504700e-02
3.073375113308429718e-02
4.952036961913108826e-02
3.195993602275848389e-02
3.268410265445709229e-02
5.233308672904968262e-02
1.563696749508380890e-02
2.711443230509757996e-02
1.835858449339866638e-02
2.120246924459934235e-02
6.954486016184091568e-03
4.411222413182258606e-02
1.188908703625202179e-02
2.651181817054748535e-02
2.761333249509334564e-02
2.339669875800609589e-02
3.771536797285079956e-02
8.687645196914672852e-02
1.021866314113140106e-02
3.692596033215522766e-02
5.724909529089927673e-02
5.415649618953466415e-03
3.182578831911087036e-02
3.277446329593658447e-02
2.814614959061145782e-02
1.532203331589698792e-02
8.419444784522056580e-03
1.146093383431434631e-02
7.114293519407510757e-03
1.274019293487071991e-02
2.014181017875671387e-02
6.183182075619697571e-02
1.211502589285373688e-02
6.183997169137001038e-02
2.624714281409978867e-03
8.836355060338973999e-03
3.629949688911437988e-02
4.749795794486999512e-02
8.047782815992832184e-03
1.040447875857353210e-02
4.765167832374572754e-03
5.279909819364547729e-02
2.236082777380943298e-02
8.785048499703407288e-03
2.896517701447010040e-02
2.267925255000591278e-02
4.878742992877960205e-02
5.077376961708068848e-03
2.477638423442840576e-02
6.814327090978622437e-02
4.277348518371582031e-02
2.178030554205179214e-03
5.752055719494819641e-02
6.219992414116859436e-03
2.291791141033172607e-02
7.758320309221744537e-03
2.002904191613197327e-02
3.918617963790893555e-02
5.626844242215156555e-02
3.009236603975296021e-02
4.504536278545856476e-03
9.398750029504299164e-03
1.080288551747798920e-02
2.777713909745216370e-02
2.840122766792774200e-02
1.083219703286886215e-02
5.217836238443851471e-03
4.780256748199462891e-02
2.998454868793487549e-02
6.239541806280612946e-03
7.888980209827423096e-03
6.811983417719602585e-03
1.066510379314422607e-02
2.760994061827659607e-02
2.513508871197700500e-02
8.572382852435112000e-03
3.550202399492263794e-02
1.791431382298469543e-02
2.303137816488742828e-02
4.851353168487548828e-02
2.341129258275032043e-02
2.851686440408229828e-02
2.229833789169788361e-02
8.026365190744400024e-02
4.690905101597309113e-03
2.505619777366518974e-03
6.466932129114866257e-03
1.202500797808170319e-02
4.113816097378730774e-02
3.945763036608695984e-02
4.334489349275827408e-03
1.119608990848064423e-02
4.061856493353843689e-02
4.558007046580314636e-02
7.996011525392532349e-03
9.676190093159675598e-03
6.317754834890365601e-02
7.506819441914558411e-03
2.325088717043399811e-02
8.891806006431579590e-03
1.442087721079587936e-02
1.910558901727199554e-02
1.084842439740896225e-02
2.230555936694145203e-02
2.328285388648509979e-02
4.717971384525299072e-02
3.436746820807456970e-02
3.606657311320304871e-02
1.600141264498233795e-02
1.583313941955566406e-01
1.590980403125286102e-02
4.497948661446571350e-02
1.167113613337278366e-02
1.775951706804335117e-03
3.190842270851135254e-02
3.474037721753120422e-02
6.740951910614967346e-03
4.097532015293836594e-03
2.182842791080474854e-02
1.264647860080003738e-02
1.391429360955953598e-02
6.280420720577239990e-02
2.835887111723423004e-02
4.833382368087768555e-02
2.082219161093235016e-02
2.245187200605869293e-02
2.093326486647129059e-02
6.970055401325225830e-02
2.753561176359653473e-02
9.208722971379756927e-03
6.902300752699375153e-03
1.381909381598234177e-02
3.950410056859254837e-03
6.730433553457260132e-02
6.039300933480262756e-03
3.782201185822486877e-02
4.799552261829376221e-02
1.008028257638216019e-02
5.342974327504634857e-03
7.786844857037067413e-03
1.530197635293006897e-02
8.118531107902526855e-02
1.502205245196819305e-02
9.136926382780075073e-03
5.580799281597137451e-02
1.245379168540239334e-02
7.091845571994781494e-02
5.994539707899093628e-02
6.881991028785705566e-02
5.443805456161499023e-02
2.931444672867655754e-03
8.865774609148502350e-03
1.828663609921932220e-02
4.236092418432235718e-02
7.799912989139556885e-02
9.933750145137310028e-03
8.694494515657424927e-02
1.154912821948528290e-02
3.143772482872009277e-02
7.049296516925096512e-03
6.652054935693740845e-02
3.042616881430149078e-02
4.786600824445486069e-03
4.619277268648147583e-02
5.105157569050788879e-02
3.191516548395156860e-02
5.089515447616577148e-02
2.657482214272022247e-02
8.588701486587524414e-02
1.364874392747879028e-01
2.326861768960952759e-02
1.186501141637563705e-02
4.262461513280868530e-02
2.788187563419342041e-02
1.707526482641696930e-02
6.700830161571502686e-02
1.150394603610038757e-02
1.882756128907203674e-02
7.286199182271957397e-02
2.682978659868240356e-02
8.040770143270492554e-02
9.462444484233856201e-02
7.598244119435548782e-03
3.259966149926185608e-02
3.183821216225624084e-02
5.639503244310617447e-03
4.791545495390892029e-02
8.776682615280151367e-02
9.156800806522369385e-02
1.499607972800731659e-02
9.678775072097778320e-02
5.335942655801773071e-02
7.836840301752090454e-02
4.621285945177078247e-02
3.319819644093513489e-02
9.412963688373565674e-02
7.842481136322021484e-02
5.803177133202552795e-02
2.339002862572669983e-02
4.303565248847007751e-02
7.357845455408096313e-02
1.147845666855573654e-02
3.793260827660560608e-02
6.515754014253616333e-02
9.609312564134597778e-02
1.353447884321212769e-01
8.479985594749450684e-02
3.183701261878013611e-02
9.563198685646057129e-02
7.377022504806518555e-02
5.222548544406890869e-02
1.165389120578765869e-01
1.812541484832763672e-01
1.220117062330245972e-01
3.030579164624214172e-02
3.054933249950408936e-02
2.144944481551647186e-02
3.179432824254035950e-02
7.197126746177673340e-02
5.071995034813880920e-02
1.604159325361251831e-01
5.585192888975143433e-02
1.841580569744110107e-01
1.520811915397644043e-01
6.991145759820938110e-02
7.933601737022399902e-02
9.889113157987594604e-02
1.791830360889434814e-01
6.440822035074234009e-02
1.984769105911254883e-01
1.220185533165931702e-01
1.604897379875183105e-01
4.049889743328094482e-02
1.550507247447967529e-01
5.702598020434379578e-02
2.534487545490264893e-01
8.376059681177139282e-02
2.169362753629684448e-01
5.255236104130744934e-02
9.172102808952331543e-02
9.038333594799041748e-02
9.002393484115600586e-02
6.392115354537963867e-02
4.698323830962181091e-02
7.881806790828704834e-02
5.606081336736679077e-02
8.863373845815658569e-02
3.758858516812324524e-02
6.200023740530014038e-02
1.091839894652366638e-01
3.371675312519073486e-02
2.633301727473735809e-02
3.762869909405708313e-02
6.336465477943420410e-02
2.450723387300968170e-02
2.912719920277595520e-02
2.949545346200466156e-02
9.303142130374908447e-02
3.292937204241752625e-02
4.144998267292976379e-02
4.766554757952690125e-02
1.105540916323661804e-01
8.121544867753982544e-02
1.106009930372238159e-01
2.810182236135005951e-02
2.889053709805011749e-02
1.432253420352935791e-02
9.988669306039810181e-02
1.181790158152580261e-01
2.517586760222911835e-02
5.332050472497940063e-02
4.528044536709785461e-02
1.584693230688571930e-02
3.134050965309143066e-02
9.437040984630584717e-02
4.574626311659812927e-02
7.466284930706024170e-02
5.380913242697715759e-02
8.690372109413146973e-02
6.239467859268188477e-02
3.360382094979286194e-02
3.770706430077552795e-02
8.664557337760925293e-02
4.953649640083312988e-02
4.634305462241172791e-02
1.920273341238498688e-02
6.149592995643615723e-02
1.238117180764675140e-02
2.669960074126720428e-02
1.559336110949516296e-02
5.870489403605461121e-02
4.444658756256103516e-02
8.158632554113864899e-03
6.981161236763000488e-02
1.342144608497619629e-02
5.149325728416442871e-02
4.770446568727493286e-03
1.598628610372543335e-02
3.235980123281478882e-02
1.893867179751396179e-02
1.001287102699279785e-01
1.297024451196193695e-02
1.753177866339683533e-02
4.170897230505943298e-02
2.449616417288780212e-02
1.448916923254728317e-02
5.802180152386426926e-03
4.239843785762786865e-02
4.059133678674697876e-02
1.724025793373584747e-02
2.768022567033767700e-02
3.633457049727439880e-02
7.845847308635711670e-02
5.674158222973346710e-03
4.482666403055191040e-02
2.852228470146656036e-02
1.948693767189979553e-02
1.339289359748363495e-03
1.929095946252346039e-02
3.328733146190643311e-02
4.910851363092660904e-03
6.132689770311117172e-03
1.582429558038711548e-02
5.829666741192340851e-03
8.161050267517566681e-03
1.206041965633630753e-02
1.992043107748031616e-02
3.699081391096115112e-02
1.465777494013309479e-02
8.978161029517650604e-03
3.531756252050399780e-02
2.390274405479431152e-02
2.243383415043354034e-02
7.323852926492691040e-02
1.317372918128967285e-02
5.827376618981361389e-03
1.486477162688970566e-02
2.484666369855403900e-02
2.597894147038459778e-02
9.225679188966751099e-02
1.580074988305568695e-02
4.871468245983123779e-02
7.650490384548902512e-03
1.697677560150623322e-02
2.050852635875344276e-03
8.574172854423522949e-03
1.717787049710750580e-02
8.301083929836750031e-03
1.288928650319576263e-02
2.357392571866512299e-03
8.961468935012817383e-03
2.513303793966770172e-02
2.163853310048580170e-02
4.202937707304954529e-03
2.080728299915790558e-03
3.918099682778120041e-03
4.662048816680908203e-02
2.810178697109222412e-02
5.600935593247413635e-02
6.314589083194732666e-02
6.422463804483413696e-03
2.560499683022499084e-02
5.488912574946880341e-03
5.091409664601087570e-03
2.420675195753574371e-02
6.197621580213308334e-03
2.955615054816007614e-03
9.478176943957805634e-03
2.911882940679788589e-03
6.672196555882692337e-03
8.303143084049224854e-02
4.559804685413837433e-03
2.244194783270359039e-02
3.299195319414138794e-02
4.944485425949096680e-02
5.177384242415428162e-03
1.859685778617858887e-02
5.441091209650039673e-02
4.856223240494728088e-03
2.048220857977867126e-02
7.166118174791336060e-02
2.512348117306828499e-03
2.254314022138714790e-03
2.908302471041679382e-03
2.171126659959554672e-03
7.014695554971694946e-02
1.645248755812644958e-02
1.387089863419532776e-02
7.932585664093494415e-03
9.216281585395336151e-03
1.939029060304164886e-02
6.967131514102220535e-03
9.989087469875812531e-03
9.562488645315170288e-03
6.614010035991668701e-02
7.226502057164907455e-03
1.722213625907897949e-02
1.776101812720298767e-02
3.446644637733697891e-03
7.905159145593643188e-03
5.746753420680761337e-03
5.657367408275604248e-03
1.671605184674263000e-02
3.124949987977743149e-03
3.409605938941240311e-03
5.305839236825704575e-03
5.619107279926538467e-03
3.226353786885738373e-03
6.179780233651399612e-03
1.324886572547256947e-03
1.821726188063621521e-02
8.921508560888469219e-04
3.788491711020469666e-03
1.341199502348899841e-03
1.218636333942413330e-02
6.618640851229429245e-03
4.109664354473352432e-03
8.134894073009490967e-03
5.054743960499763489e-03
6.555914878845214844e-03
2.278527943417429924e-03
1.310145482420921326e-02
3.983337897807359695e-03
2.864839043468236923e-03
8.224350167438387871e-04
1.241937512531876564e-03
2.021743450313806534e-03
1.646559219807386398e-03
1.304505974985659122e-03
1.513127121143043041e-03
1.265241997316479683e-03
4.672331735491752625e-03
1.944347633980214596e-03
4.369181115180253983e-03
1.389693468809127808e-02
2.252934966236352921e-03
3.727979492396116257e-03
1.970665063709020615e-03
2.159359166398644447e-03
1.423881668597459793e-02
3.041160665452480316e-02
5.992486258037388325e-04
6.519024609588086605e-04
8.244639262557029724e-03
1.452300348319113255e-03
2.107625827193260193e-03
4.143922997172921896e-04
2.885529305785894394e-03
2.856889041140675545e-03
3.854795941151678562e-04
9.198113344609737396e-03
6.602403242141008377e-03
6.691407761536538601e-04
5.892229732125997543e-03
1.278200419619679451e-03
2.961268415674567223e-03
3.887490369379520416e-03
4.701267753262072802e-04
3.739755833521485329e-03
2.857063896954059601e-03
2.047029091045260429e-03
1.132495328783988953e-02
1.101216068491339684e-03
1.894804416224360466e-03
8.621422457508742809e-04
5.602994468063116074e-03
9.455332183279097080e-04
6.952735129743814468e-04
1.349980477243661880e-02
2.909249742515385151e-04
2.797946799546480179e-03
1.842374796979129314e-03
7.380277849733829498e-03
4.647235909942537546e-04
1.077194348908960819e-03
5.517862155102193356e-04
6.625317037105560303e-04
4.339416627772152424e-04
3.237447235733270645e-03
4.609613679349422455e-04
2.905046567320823669e-04
2.735877176746726036e-03
4.793735279235988855e-04
4.595359496306627989e-04
2.152477856725454330e-03
3.471811942290514708e-04
7.120905211195349693e-04
1.064647454768419266e-03
2.176897833123803139e-03
2.712066052481532097e-04
5.855720955878496170e-04
3.836340736597776413e-03
4.345194611232727766e-04
6.514717824757099152e-04
4.951459122821688652e-04
3.549873072188347578e-04
6.950543029233813286e-04
3.403842274565249681e-04
9.631246211938560009e-04
6.345086148940026760e-04
6.529816891998052597e-04
3.217292949557304382e-03
4.789729136973619461e-03
9.453032398596405983e-04
4.066303372383117676e-04
2.104058803524821997e-04
8.886919240467250347e-04
5.119710694998502731e-04
1.296417554840445518e-03
4.950445145368576050e-04
1.519521232694387436e-03
1.899702590890228748e-03
7.528858841396868229e-04
3.917555150110274553e-04
8.275180007331073284e-04
3.726698632817715406e-04
3.460602601990103722e-03
3.855579416267573833e-04
2.916481462307274342e-04
3.932768304366618395e-04
7.233625510707497597e-04
5.701688351109623909e-04
1.653794752201065421e-04
3.925976634491235018e-04
4.295902908779680729e-04
6.851948564872145653e-04
6.366554880514740944e-04
3.612528089433908463e-04
1.316617854172363877e-04
5.395811749622225761e-04
5.030645406804978848e-04
1.981845707632601261e-04
4.555331252049654722e-04
8.435925701633095741e-04
2.606187772471457720e-04
3.322924021631479263e-04
3.470811934676021338e-04
5.137429106980562210e-04
1.389704528264701366e-03
1.403380592819303274e-04
4.982859827578067780e-04
1.060188515111804008e-03
3.988610988017171621e-04
7.063220255076885223e-04
9.547859081067144871e-04
2.177694550482556224e-04
2.569532371126115322e-04
1.043903874233365059e-03
3.648664860520511866e-04
2.570025098975747824e-04
2.482356212567538023e-04
3.923652984667569399e-04
2.570965152699500322e-04
3.050941741093993187e-04
2.793459862004965544e-04
1.844987418735399842e-04
9.024371975101530552e-04
5.963175557553768158e-03
3.369031765032559633e-04
1.813716371543705463e-04
1.550879969727247953e-04
1.023384102154523134e-04
2.891946060117334127e-04
3.553752612788230181e-04
3.861871373374015093e-04
2.297507890034466982e-04
1.633371866773813963e-04
2.784580865409225225e-04
4.105782136321067810e-04
1.097338390536606312e-04
4.475945606827735901e-04
2.005656569963321090e-04
1.291975378990173340e-03
1.665442687226459384e-04
2.254546998301520944e-04
3.507978690322488546e-04
1.433388533769175410e-04
1.225906307809054852e-03
1.986281858989968896e-04
2.018104423768818378e-04
2.129731437889859080e-04
1.880096038803458214e-03
8.003012626431882381e-04
2.682780323084443808e-04
5.273704882711172104e-04
9.783665154827758670e-05
1.678774569882079959e-04
5.818634526804089546e-04
2.362119121244177222e-04
1.902949588838964701e-04
6.920612067915499210e-04
1.198885292978957295e-04
2.626013301778584719e-04
3.043183824047446251e-04
3.652255400083959103e-04
3.410089120734483004e-04
2.895879151765257120e-04
6.861315341666340828e-04
2.773660526145249605e-04
1.974631741177290678e-04
2.810428850352764130e-04
1.713297388050705194e-04
4.638106038328260183e-04
2.354206953896209598e-04
2.878791710827499628e-04
3.224629908800125122e-04
1.626981975277885795e-04
3.662082017399370670e-04
1.084523028112016618e-04
7.806299836374819279e-04
1.724862377159297466e-04
1.370359677821397781e-04
2.218954905401915312e-04
1.922550873132422566e-04
1.144629350164905190e-04
2.594878023955971003e-04
2.229221136076375842e-04
1.824743667384609580e-04
1.614136126590892673e-04
2.279114560224115849e-04
1.744557230267673731e-04
1.123730617109686136e-04
8.862154209055006504e-05
1.139839587267488241e-04
1.471352297812700272e-04
1.416198792867362499e-04
1.696397957857698202e-04
2.648327499628067017e-04
1.549599255667999387e-04
1.019531278870999813e-03
1.392002741340547800e-04
9.082033648155629635e-05
1.974631450138986111e-04
2.909884788095951080e-04
1.716268452582880855e-04
1.528746652184054255e-04
1.146527938544750214e-04
3.299900854472070932e-04
1.353958941763266921e-04
2.307467075297608972e-04
1.143635745393112302e-04
9.576677257427945733e-05
1.414700382156297565e-04
5.828939029015600681e-04
1.431162963854148984e-04
1.273736997973173857e-04
8.256866130977869034e-04
8.330266427947208285e-05
2.530183701310306787e-04
2.128991618519648910e-04
3.773478965740650892e-04
1.028366095852106810e-04
3.993493446614593267e-04
1.542147656437009573e-04
1.855006994446739554e-04
1.444055669708177447e-04
3.297491057310253382e-04
2.580182626843452454e-04
1.901910000015050173e-04
1.263505109818652272e-04
1.483531959820538759e-04
1.884270168375223875e-04
1.482621737523004413e-04
4.670671187341213226e-04
1.745634945109486580e-04
2.715848095249384642e-04
1.131543540395796299e-04
5.590651562670245767e-05
6.943826447241008282e-04
8.729856926947832108e-05
1.259440468857064843e-04
9.027365013025701046e-05
8.389700087718665600e-05
1.312939857598394156e-04
1.095006009563803673e-04
1.943283423315733671e-04
8.879676170181483030e-05
2.032015763688832521e-04
1.637226378079503775e-04
8.779882773524150252e-05
1.712961820885539055e-04
1.176558726001530886e-04
1.991674944292753935e-04
1.872824359452351928e-04
2.913911012001335621e-04
7.097842899383977056e-05
1.111653982661664486e-04
4.031909920740872622e-04
1.117109568440355361e-04
1.661683782003819942e-04
7.747251220280304551e-05
2.337686455575749278e-04
4.968041903339326382e-04
9.978427260648459196e-05
6.557918823091313243e-05
1.547361025586724281e-04
3.015289839822798967e-04
1.322642201557755470e-04
1.482564257457852364e-04
1.391458790749311447e-04
1.429649564670398831e-04
8.857037028064951301e-05
1.108225405914708972e-04
5.555354873649775982e-04
1.653027429711073637e-04
9.950218372978270054e-05
6.658351048827171326e-05
5.021746255806647241e-05
1.177247177110984921e-04
6.310973549261689186e-05
1.512862363597378135e-04
7.001977792242541909e-05
1.620724506210535765e-04
1.072843951988033950e-04
1.109111763071268797e-04
1.838535245042294264e-04
2.410827437415719032e-04
1.771825045580044389e-04
9.586566739017143846e-05
8.147686457959935069e-05
1.225637388415634632e-04
2.497862733434885740e-04
2.548542106524109840e-04
2.303403307450935245e-04
1.196625671582296491e-04
1.309349172515794635e-04
1.011938802548684180e-04
1.223043946083635092e-04
9.505117486696690321e-05
7.290002395166084170e-05
5.793643867946229875e-05
2.052961935987696052e-04
3.647129633463919163e-04
6.881056469865143299e-05
1.414123107679188251e-04
9.560705802869051695e-05
8.409209840465337038e-05
7.692163489991798997e-05
1.667680480750277638e-04
1.578151714056730270e-04
6.965258507989346981e-04
1.168533228337764740e-03
1.218430261360481381e-04
8.512049680575728416e-05
1.019765768432989717e-04
2.467851154506206512e-04
1.107554126065224409e-04
1.256693358300253749e-04
7.491252035833895206e-04
7.781052408972755075e-05
1.023101503960788250e-04
7.731666846666485071e-05
6.686611595796421170e-05
7.918289338704198599e-05
1.019975388771854341e-04
1.457729667890816927e-04
1.950689184013754129e-04
7.099936192389577627e-05
3.131954290438443422e-04
7.189009338617324829e-04
1.456481113564223051e-04
1.093845785362645984e-04
1.535262854304164648e-04
1.255068782484158874e-04
1.030590428854338825e-04
5.400598820415325463e-05
3.070240491069853306e-04
1.386501680826768279e-04
1.020169147523120046e-04
5.238149969954974949e-05
1.200650367536582053e-04
6.565193325513973832e-05
1.027247271849773824e-04
1.508116984041407704e-04
6.789796520024538040e-03
6.684883555863052607e-05
2.730266423895955086e-04
9.113314445130527020e-05
1.294737594434991479e-04
2.046808658633381128e-04
1.809845416573807597e-04
1.135584971052594483e-04
1.778095174813643098e-04
7.810029637767001987e-05
2.993639500346034765e-04
2.345492248423397541e-04
1.588808518135920167e-04
5.689022145816124976e-05
2.698999014683067799e-04
9.504958870820701122e-05
1.594712375663220882e-04
1.271653600269928575e-04
1.877729519037529826e-04
2.814611943904310465e-04
2.098741097142919898e-04
8.418593643000349402e-05
2.797578054014593363e-04
9.625044767744839191e-04
6.982651393627747893e-05
6.562991620739921927e-05
1.785256608854979277e-04
6.541883340105414391e-05
7.568999717477709055e-05
1.991876488318666816e-04
1.984485861612483859e-04
8.506533922627568245e-04
3.205545654054731131e-04
2.700802870094776154e-04
2.187597565352916718e-04
1.589445455465465784e-04
9.683010284788906574e-05
1.790725073078647256e-04
1.052437219186685979e-04
7.442000787705183029e-05
3.178949700668454170e-04
7.359758456004783511e-05
2.066351444227620959e-04
1.293329260079190135e-04
6.051269883755594492e-05
1.549348817206919193e-04
7.351347449002787471e-05
3.731067408807575703e-04
3.296014911029487848e-04
1.248181943083181977e-04
5.287774838507175446e-04
8.195688860723748803e-05
1.529733563074842095e-04
1.101153320632874966e-04
8.542854629922658205e-05
8.845987031236290932e-05
1.837120362324640155e-04
7.859120523789897561e-05
7.532432209700345993e-05
2.783242962323129177e-04
2.175889530917629600e-04
1.204847867484204471e-04
7.842462218832224607e-05
1.771595125319436193e-04
9.286757995141670108e-05
5.404206967796199024e-05
6.175378075568005443e-05
1.538701239041984081e-03
1.072762679541483521e-04
6.337318336591124535e-05
1.305693731410428882e-04
1.108740761992521584e-04
1.110754383262246847e-04
1.135209386120550334e-04
5.907916784053668380e-05
9.699424845166504383e-05
1.594200730323791504e-04
1.067644770955666900e-04
6.828946061432361603e-05
1.027817270369268954e-04
1.648094912525266409e-04
1.079605499398894608e-04
6.785919686080887914e-05
6.822171271778643131e-04
9.401908755535259843e-05
1.311876549152657390e-04
8.439957309747114778e-05
1.295718248002231121e-04
9.548952220939099789e-05
3.890204243361949921e-04
6.880358705529943109e-05
1.099364308174699545e-04
8.359588537132367492e-05
1.344124466413632035e-04
2.097043034154921770e-04
7.957506750244647264e-05
1.907097030198201537e-04
1.950677251443266869e-04
9.782975394045934081e-05
5.640345261781476438e-05
5.447349394671618938e-05
7.198088860604912043e-05
1.040370771079324186e-04
8.783565135672688484e-05
5.952649007667787373e-05
2.400166704319417477e-04
6.149118416942656040e-05
1.219270707224495709e-04
1.367199001833796501e-04
1.466941757826134562e-04
1.634788932278752327e-04
9.789607429411262274e-05
9.289009904023259878e-05
5.304577643983066082e-04
1.223566068802028894e-04
2.888791495934128761e-04
2.518006658647209406e-04
1.199505131808109581e-04
9.924088953994214535e-05
8.744802908040583134e-04
6.225477409316226840e-05
8.407021960010752082e-05
1.908932463265955448e-04
1.933246385306119919e-04
3.973771526943892241e-05
6.687835411867126822e-05
6.029649011907167733e-05
5.480105755850672722e-05
4.091083246748894453e-05
6.148895045043900609e-05
2.446071594022214413e-04
5.156060433364473283e-05
3.579426265787333250e-04
3.969857425545342267e-05
8.641924796393141150e-05
1.468384434701874852e-04
1.134912308771163225e-04
2.178162976633757353e-04
3.280606470070779324e-04
1.157928199972957373e-04
6.648796261288225651e-05
1.667316246312111616e-04
6.296372157521545887e-05
5.878429510630667210e-05
9.568468522047623992e-05
5.253038762020878494e-05
2.823944669216871262e-04
1.429607364116236567e-04
7.732270751148462296e-05
9.818925173021852970e-05
2.102788712363690138e-04
8.093025098787620664e-05
5.947659155935980380e-05
9.742601105244830251e-05
6.346216105157509446e-05
1.536589261377230287e-04
1.384014176437631249e-04
4.531454032985493541e-05
7.372274558292701840e-05
4.911360520054586232e-05
9.367585153086110950e-05
6.003045564284548163e-05
7.172391633503139019e-05
8.184534090105444193e-05
9.414568194188177586e-05
5.455445716506801546e-05
3.177246835548430681e-04
4.055809404235333204e-04
4.979497316526249051e-05
3.076635766774415970e-04
7.256316894199699163e-05
7.594637281727045774e-05
5.685990981874056160e-05
2.584120084065943956e-04
6.720673263771459460e-05
2.446824801154434681e-04
1.296397531405091286e-04
4.839403845835477114e-05
4.166322833043523133e-05
7.855352305341511965e-05
3.904127224814146757e-04
7.844369247322902083e-05
7.280814315890893340e-05
6.750805187039077282e-05
5.429685916169546545e-05
6.735617353115230799e-05
4.718985292129218578e-05
6.386599852703511715e-05
8.148466440616175532e-05
1.237524411408230662e-04
7.690390339121222496e-05
4.646198794944211841e-05
1.139576052082702518e-04
3.550455439835786819e-04
9.597490134183317423e-05
5.903689088881947100e-05
7.697301043663173914e-05
5.314030568115413189e-05
1.140884560300037265e-04
3.005931212101131678e-04
8.584471652284264565e-05
6.992913404246792197e-05
9.400065027875825763e-05
4.250227357260882854e-04
1.206437955261208117e-04
7.121670932974666357e-05
1.533272443339228630e-04
5.584637256106361747e-05
8.684964268468320370e-05
1.330973027506843209e-04
9.257474448531866074e-05
1.320516021223738790e-04
8.230646926676854491e-05
1.169594397651962936e-04
1.051671642926521599e-04
3.961307083955034614e-05
4.022150460514239967e-05
4.557254578685387969e-05
3.197550540789961815e-04
1.915832835948094726e-04
1.084112154785543680e-04
4.968059511156752706e-05
5.414504630607552826e-05
8.774857269600033760e-05
1.914820022648200393e-04
5.356730252970010042e-05
6.307483999989926815e-05
6.558100722031667829e-05
4.796135908691212535e-05
4.272887235856615007e-05
1.285457401536405087e-04
7.668379112146794796e-05
8.324445661855861545e-05
9.515965939499437809e-05
5.625886842608451843e-05
8.734056609682738781e-05
4.538981374935247004e-05
8.272376726381480694e-05
5.680121103068813682e-05
4.228109537507407367e-05
6.044023757567629218e-05
5.321577918948605657e-05
5.795243851025588810e-05
7.850901602068915963e-05
6.425283936550840735e-05
2.893022610805928707e-04
4.299768988857977092e-05
1.898863702081143856e-04
7.197136292234063148e-04
5.608148785540834069e-05
6.919415318407118320e-05
4.786293720826506615e-05
1.179091123049147427e-04
1.706699258647859097e-04
4.403433558763936162e-05
4.043514491058886051e-05
1.517704076832160354e-04
3.104721326963044703e-05
8.542670548195019364e-05
3.743924607988446951e-04
6.024440517649054527e-05
7.229040784295648336e-05
9.086150384973734617e-05
1.396642765030264854e-04
3.426622424740344286e-04
5.392694220063276589e-05
4.246614844305440784e-05
3.854749083984643221e-04
4.772661486640572548e-05
4.803470437764190137e-05
7.152971375035122037e-05
1.349305501207709312e-03
6.772582128178328276e-05
5.303979196469299495e-05
3.491325333015993237e-05
6.317476072581484914e-05
4.307731069275178015e-05
7.830083632143214345e-05
1.354069245280697942e-04
4.571406316244974732e-05
6.012742596794851124e-05
1.273678062716498971e-04
4.950644506607204676e-05
2.579929969215299934e-05
6.618713814532384276e-05
1.224542356794700027e-04
1.317717251367866993e-04
5.340756979421712458e-05
7.685396849410608411e-05
5.639750816044397652e-05
3.360385380801744759e-05
1.612739870324730873e-04
8.361855725524947047e-05
1.349212980130687356e-04
4.358367368695326149e-05
4.728536077891476452e-05
5.125042662257328629e-05
4.228072939440608025e-04
1.806769723771139979e-04
3.498253863654099405e-05
4.045599416713230312e-05
6.644555105594918132e-05
5.296267045196145773e-05
6.639971252297982574e-05
1.485882094129920006e-04
7.861401536501944065e-05
1.654230291023850441e-04
2.140581782441586256e-04
4.879858170170336962e-05
7.869894761824980378e-05
9.257283090846613050e-05
3.855484101222828031e-05
6.135334115242585540e-05
4.238963447278365493e-05
5.105335367261432111e-05
3.029671097465325147e-05
1.536804047646000981e-04
3.080512760789133608e-05
5.150771175976842642e-05
5.269221946946345270e-05
6.515494897030293941e-05
4.599916792358271778e-05
3.682416718220338225e-05
6.688575376756489277e-05
6.682831008220091462e-05
1.367579097859561443e-04
2.837916872522328049e-05
1.110110533772967756e-04
3.474697223282419145e-05
1.177967860712669790e-04
3.786890374612994492e-05
9.650328138377517462e-05
1.609496102901175618e-04
3.503407788230106235e-05
5.959750342299230397e-05
4.250515848980285227e-05
5.590616274275816977e-05
1.154569690697826445e-04
3.678520079120062292e-05
5.930042971158400178e-05
2.840131055563688278e-04
3.999870023108087480e-05
2.594382967799901962e-04
7.793950499035418034e-05
3.863730671582743526e-05
1.234145602211356163e-04
3.918653965229168534e-05
1.228946493938565254e-04
1.396419102093204856e-04
1.619933900656178594e-04
3.744290734175592661e-05
4.863530193688347936e-05
1.382619666401296854e-04
6.465802289312705398e-05
1.208222965942695737e-04
1.437664759578183293e-04
1.288410858251154423e-04
1.615019427845254540e-04
7.756945706205442548e-05
3.421321525820530951e-05
9.995756408898159862e-05
3.171721255057491362e-05
7.726686453679576516e-05
5.660298847942613065e-05
2.760858114925213158e-05
3.699250009958632290e-05
4.925295797875151038e-05
7.798122533131390810e-05
4.347381764091551304e-05
4.442513818503357470e-05
6.141237827250733972e-05
4.563760012388229370e-05
8.436837379122152925e-05
3.483164764475077391e-04
4.509671634878031909e-05
1.155763893621042371e-04
5.433563637780025601e-05
8.954577060649171472e-05
3.962108894484117627e-05
4.013298530480824411e-05
3.244887921027839184e-05
5.766305548604577780e-05
7.325442857109010220e-05
5.975478052278049290e-05
7.160790119087323546e-05
1.127655195887200534e-04
6.295132334344089031e-05
3.852572262985631824e-05
6.709685112582519650e-05
1.349088415736332536e-04
5.380544826039113104e-05
2.938374746008776128e-05
5.596262781182304025e-05
7.764099427731707692e-05
7.082896627252921462e-05
5.202251486480236053e-05
5.621423042612150311e-05
4.725678809336386621e-05
4.722666926681995392e-05
4.617097511072643101e-05
4.766889105667360127e-05
4.747136699734255672e-05
4.748342689708806574e-05
6.791920895921066403e-05
3.334657958475872874e-05
2.915804725489579141e-05
6.866939656902104616e-05
2.109672495862469077e-04
3.090344398515298963e-05
5.154586688149720430e-05
4.505385732045397162e-05
4.772665124619379640e-05
6.943139305803924799e-05
6.688330176984891295e-05
2.829821823979727924e-05
4.828426244785077870e-05
3.134885992039926350e-05
2.731096465140581131e-04
6.586865492863580585e-05
5.040872565587051213e-05
3.892882523359730840e-05
5.775025783805176616e-05
6.400699203368276358e-05
7.768113573547452688e-05
4.725804683403111994e-05
2.640776801854372025e-05
6.824233423685654998e-05
6.048145951353944838e-05
1.214968506246805191e-04
3.397995533305220306e-05
8.306195377372205257e-05
3.916028072126209736e-05
2.578849307610653341e-05
6.222344381967559457e-05
5.807524576084688306e-05
4.281332439859397709e-05
9.452243102714419365e-05
6.043581524863839149e-04
2.776802830339875072e-05
5.304933438310399652e-05
3.571877823560498655e-05
3.910647501470521092e-05
4.680054917116649449e-05
6.460797158069908619e-05
6.310816388577222824e-05
4.869177791988477111e-05
3.411135548958554864e-05
5.500663246493786573e-05
3.361615381436422467e-05
6.465825572377070785e-05
1.938360801432281733e-04
2.852361285476945341e-05
4.647038440452888608e-05
1.052307488862425089e-04
8.162765152519568801e-05
8.240672468673437834e-05
4.151684333919547498e-05
5.628197686746716499e-05
6.936214049346745014e-05
3.812343493336811662e-05
7.888128311606124043e-05
8.421894744969904423e-05
1.371587859466671944e-04
8.715751027921214700e-05
2.958040204248391092e-05
2.595065052446443588e-05
5.885943392058834434e-05
4.009048279840499163e-05
5.008336302125826478e-05
4.660593549488112330e-05
5.276956289890222251e-05
3.845241008093580604e-05
5.674283602274954319e-05
4.024395093438215554e-05
3.852933514281176031e-05
1.615176879568025470e-04
1.027231701300479472e-04
5.736720413551665843e-05
1.046723264153115451e-04
6.491110252682119608e-05
2.186334859288763255e-05
2.925061016867402941e-05
2.051298943115398288e-04
1.438365143258124590e-04
5.273837814456783235e-05
4.254771556588821113e-05
1.044805248966440558e-04
3.978598033427260816e-05
6.800126720918342471e-05
2.921091800089925528e-05
4.477915717870928347e-05
4.510629878495819867e-05
4.835523941437713802e-05
6.546368240378797054e-05
1.661318528931587934e-04
5.438991502160206437e-05
7.491283031413331628e-05
8.466338476864621043e-05
7.674883818253874779e-05
3.644544267444871366e-05
4.732907109428197145e-05
4.315362457418814301e-05
5.670736209140159190e-05
2.907909038185607642e-05
9.535354911349713802e-05
7.425308285746723413e-05
7.088106212904676795e-05
3.060959716094657779e-05
9.352513734484091401e-05
3.500874299788847566e-05
3.703218317241407931e-05
7.744987669866532087e-05
1.252838264917954803e-04
3.210175054846331477e-05
3.633032611105591059e-05
1.068876372301019728e-04
2.882869557652156800e-05
2.965094972751103342e-05
7.267321052495390177e-05
4.381011240184307098e-05
6.079791637603193521e-05
5.590443470282480121e-05
5.795073957415297627e-05
2.443650555505882949e-05
5.653256084769964218e-05
3.050720551982522011e-04
1.343785552307963371e-04
2.191376916016452014e-05
5.980396235827356577e-05
3.032374115718994290e-05
6.364430737448856235e-05
1.272871013497933745e-04
3.823332735919393599e-05
7.632305641891434789e-05
6.993906572461128235e-05
1.094636463676579297e-04
2.339413003937806934e-05
8.851699385559186339e-05
2.767915975709911436e-05
3.449344512773677707e-05
7.648983591934666038e-05
3.746591028175316751e-05
7.670945342397317290e-05
5.761492866440676153e-05
6.285385461524128914e-05
6.490234227385371923e-05
4.118042852496728301e-05
2.402466998319141567e-05
4.828623787034302950e-05
3.051910243812017143e-05
7.581694808322936296e-05
5.674218846252188087e-05
8.956060628406703472e-05
3.252586611779406667e-05
3.995560473413206637e-05
3.498524529277347028e-05
3.665601616376079619e-05
5.294842048897407949e-05
4.354910561232827604e-05
4.276404797565191984e-05
2.704737744352314621e-05
4.836596781387925148e-05
8.001647802302613854e-05
5.637973299599252641e-05
5.980891364743001759e-05
9.441351721761748195e-05
3.099671084783039987e-05
2.415377275610808283e-05
4.110783338546752930e-04
4.105163679923862219e-05
5.917891394346952438e-05
4.795888526132330298e-05
4.227108365739695728e-05
5.778020204161293805e-05
2.345566826988942921e-05
1.155677164206281304e-04
2.710096305236220360e-05
2.832217978721018881e-05
5.207209323998540640e-05
4.480661300476640463e-05
2.254242281196638942e-05
1.786984648788347840e-04
2.207465513492934406e-05
5.075946100987493992e-04
2.823863178491592407e-05
2.835782834154088050e-05
2.406282692390959710e-05
6.081217725295573473e-05
4.477112088352441788e-05
4.153412373852916062e-05
1.010438354569487274e-04
3.853817906929180026e-05
3.442561865085735917e-05
2.647116889420431107e-05
4.736875416710972786e-05
2.492432940925937146e-05
2.920800034189596772e-05
7.994244515430182219e-05
2.806510383379645646e-05
3.829719935311004519e-05
3.479222505120560527e-05
4.921367144561372697e-05
1.829683969845063984e-05
3.133943391731008887e-05
6.627727270824834704e-05
4.559775334200821817e-05
3.359463516972027719e-05
3.812705108430236578e-05
2.597247475932817906e-05
1.949422876350581646e-04
6.147471140138804913e-05
3.753124110517092049e-05
2.622461761347949505e-05
3.431453660596162081e-05
2.786688855849206448e-05
3.266285420977510512e-05
3.778756945393979549e-05
9.055736882146447897e-05
1.742243766784667969e-04
7.730202923994511366e-05
2.699294054764322937e-05
3.776741141336970031e-05
1.507115084677934647e-04
6.082703839638270438e-05
9.216854959959164262e-05
5.066533776698634028e-05
2.461260191921610385e-05
2.238325942016672343e-05
4.838235327042639256e-05
1.835657894844189286e-05
7.250046473927795887e-05
7.843480852898210287e-05
5.211604002397507429e-05
2.226316246378701180e-05
6.512453546747565269e-05
2.105099847540259361e-04
2.644424239406362176e-05
2.310392119397874922e-05
6.835135718574747443e-05
3.411827492527663708e-05
4.712085501523688436e-05
2.264367140014655888e-05
7.080595241859555244e-05
3.497223588055931032e-05
5.783509550383314490e-05
4.478812843444757164e-05
2.161090560548473150e-05
3.054802800761535764e-05
4.036341488244943321e-05
6.983563071116805077e-05
1.059730566339567304e-04
4.479943163460120559e-05
3.228275454603135586e-05
2.063044303213246167e-05
4.316786362323909998e-05
4.347799040260724723e-05
6.611809658352285624e-05
2.284906804561614990e-05
3.381597343832254410e-05
6.611862045247107744e-05
6.885843322379514575e-05
9.038139978656545281e-05
2.065220360236708075e-05
3.254864714108407497e-05
1.783110201358795166e-05
5.002583202440291643e-05
4.222618008498102427e-05
1.035199602483771741e-04
7.157325308071449399e-05
1.040468632709234953e-04
3.052751344512216747e-05
3.745199865079484880e-05
9.812557982513681054e-05
4.031901698908768594e-05
2.663299346750136465e-05
4.294673635740764439e-05
5.258576857158914208e-05
3.858184209093451500e-05
4.234075822751037776e-05
2.833036705851554871e-05
2.884666355384979397e-05
2.652929833857342601e-05
1.009984480333514512e-04
2.854749072866979986e-05
1.861179916886612773e-04
2.332175790797919035e-05
5.561727084568701684e-05
8.444640116067603230e-05
4.011882629129104316e-05
3.706364077515900135e-04
3.900629963027313352e-05
7.140749221434816718e-05
2.791246697597671300e-05
1.842172787291929126e-05
2.912178570113610476e-05
8.164832979673519731e-05
5.277928721625357866e-05
5.433537808130495250e-05
3.392041617189534009e-05
2.984660204674582928e-05
1.821778459998313338e-05
3.939431917387992144e-05
2.242590380774345249e-05
3.672349339467473328e-05
1.795233547454699874e-04
5.398916255217045546e-05
2.543873233662452549e-05
1.857703318819403648e-05
3.122680209344252944e-05
3.645972174126654863e-05
2.703650170587934554e-05
4.768578583025373518e-05
2.816272353811655194e-05
4.210895713185891509e-05
3.711938552442006767e-05
4.271297439117915928e-05
1.802573024178855121e-05
2.845814560714643449e-05
6.051612581359222531e-05
2.703369318624027073e-05
3.366930832271464169e-05
4.332840762799605727e-05
3.075165659538470209e-05
9.033150126924738288e-05
2.519518056942615658e-05
3.862064841086976230e-05
4.781736060976982117e-05
1.634477484913077205e-05
1.491376224294072017e-05
1.651259663049131632e-05
2.632220093801151961e-05
5.612929453491233289e-05
2.717754796321969479e-05
8.992965740617364645e-05
5.969868652755394578e-05
1.548321160953491926e-04
4.982491009286604822e-05
2.587228664197027683e-05
4.972920578438788652e-05
1.608704798854887486e-03
3.947186269215308130e-05
3.362638381076976657e-05
1.632429666642565280e-05
1.680595596553757787e-05
3.476621350273489952e-05
2.223128831246867776e-04
4.479337803786620498e-05
3.589821062632836401e-05
3.366285818628966808e-05
3.892763925250619650e-05
3.651520455605350435e-05
1.509116409579291940e-04
2.433782356092706323e-05
9.983836935134604573e-05
2.376298107265029103e-05
4.340286250226199627e-05
3.424218084546737373e-05
1.847194107540417463e-05
3.535504220053553581e-05
4.218819594825617969e-05
2.515248343115672469e-05
4.443704165169037879e-05
5.788429552922025323e-05
3.378239489393308759e-05
3.324285353301092982e-05
3.274650080129504204e-04
4.079033897141925991e-05
2.078403304039966315e-05
3.616369212977588177e-05
2.400318771833553910e-05
2.059191319858655334e-05
3.279440716141834855e-05
4.321087908465415239e-05
3.938029840355738997e-05
3.799337355303578079e-05
2.831393248925451189e-05
3.836450923699885607e-05
4.812740371562540531e-05
2.525779200368560851e-05
1.386418080073781312e-05
1.039657581713981926e-04
2.352669616811908782e-05
1.790207752492278814e-04
5.832433816976845264e-05
2.777758709271438420e-05
9.080101153813302517e-05
2.946455788332968950e-05
5.039853567723184824e-05
1.700235588941723108e-05
3.615581954363733530e-05
2.768435842881444842e-05
1.075166510418057442e-04
1.038276895997114480e-04
5.503896318259648979e-05
2.648382724146358669e-05
1.334368062089197338e-05
5.116262036608532071e-05
7.156802166718989611e-05
2.254665378131903708e-05
4.329043076722882688e-05
4.022307621198706329e-05
3.258974174968898296e-05
3.622087024268694222e-05
3.341836418258026242e-05
3.870814180118031800e-05
4.967197310179471970e-05
9.191727440338581800e-05
1.023280783556401730e-04
3.052410465897992253e-05
2.007831244554836303e-05
4.369744056020863354e-05
3.111238765995949507e-05
1.900076495076064020e-05
1.941159644047729671e-05
3.379732515895739198e-05
2.764943565125577152e-05
2.082808168779592961e-05
6.211511208675801754e-05
5.691548358299769461e-05
6.575775478268042207e-05
2.442989898554515094e-05
4.293759775464423001e-05
9.072422108147293329e-05
1.796557771740481257e-04
1.995453749259468168e-05
2.142376979463733733e-05
2.593919634819030762e-05
2.818834946083370596e-05
5.066555604571476579e-05
7.202132110251113772e-05
2.310600393684580922e-05
6.617503095185384154e-05
2.583204877737443894e-05
2.402578684268519282e-05
4.776577043230645359e-05
3.741509499377571046e-05
4.243618241162039340e-05
5.100383350509218872e-05
5.838282231707125902e-05
3.159364496241323650e-05
1.274281385121867061e-04
2.830741505022160709e-05
4.296029146644286811e-05
2.913809439633041620e-04
3.859880962409079075e-05
5.276584852254018188e-05
1.456477039027959108e-04
2.525310446799267083e-05
5.556331961997784674e-05
1.862742465164046735e-05
1.852698915172368288e-05
4.440349221113137901e-05
5.885244900127872825e-05
1.938747118401806802e-05
3.720671156770549715e-05
3.172255310346372426e-05
3.363778159837238491e-05
3.762476626434363425e-05
4.222859570290893316e-05
6.135389412520453334e-05
2.899901664932258427e-05
3.155903323204256594e-05
8.058593812165781856e-05
3.116039442829787731e-05
2.034787758020684123e-05
3.571656998246908188e-05
4.308490315452218056e-05
1.814230563468299806e-05
1.494319003541022539e-04
4.764724508277140558e-05
6.594238948309794068e-05
4.543597606243565679e-05
2.519444387871772051e-05
2.048592250503133982e-05
2.012451477639842778e-05
1.560138844070024788e-05
3.292817200417630374e-05
2.451513501000590622e-05
2.791409860947169363e-05
3.430751894484274089e-05
7.583489059470593929e-05
2.490261795173864812e-05
7.580823876196518540e-05
2.298371873621363193e-05
3.666975680971518159e-05
1.689716191322077066e-05
1.873398650786839426e-05
3.489733717287890613e-05
3.605683014029636979e-05
2.212608342233579606e-05
2.910504372266586870e-05
3.061479219468310475e-05
1.442563279852038249e-05
2.944773586932569742e-05
2.392421265540178865e-05
2.861616849259007722e-05
1.874956251413095742e-05
4.502164665609598160e-05
1.008102844934910536e-04
3.052006650250405073e-05
1.543987491459120065e-05
2.483672324160579592e-05
4.104146864847280085e-05
2.769099592114798725e-05
4.608372182701714337e-05
2.063939245999790728e-05
2.009569470828864723e-05
2.164821489714086056e-05
2.369518188061192632e-04
3.416783147258684039e-05
1.679090746620204300e-05
3.018114330188836902e-05
4.441599594429135323e-05
1.832386624300852418e-05
1.031044230330735445e-04
2.952156137325800955e-05
2.202240466431248933e-05
5.441771281766705215e-05
3.353421561769209802e-05
9.214384044753387570e-05
2.881200452975463122e-05
5.880255775991827250e-05
3.776065568672493100e-05
1.755650373524986207e-05
3.329540049890056252e-05
3.529296009219251573e-05
4.173784691374748945e-05
1.798406810848973691e-05
3.738485975190997124e-05
5.911295374971814454e-05
2.612981552374549210e-05
2.958539334940724075e-05
2.706094710447359830e-05
3.135539736831560731e-05
2.882971602957695723e-05
3.920562085113488138e-05
4.143477417528629303e-05
1.448711918783374131e-05
3.360281334607861936e-05
2.513060644560027868e-05
1.716524457151535898e-05
2.524304436519742012e-04
2.919809958257246763e-05
3.951029066229239106e-05
1.021829011733643711e-04
2.368489913351368159e-05
4.584929411066696048e-05
1.200228216475807130e-04
