3.062155246734619141e-01
2.978968620300292969e-01
2.948026657104492188e-01
2.913975715637207031e-01
3.001594543457031250e-01
2.160420417785644531e-01
2.869064807891845703e-01
2.863366603851318359e-01
2.819416522979736328e-01
2.852628231048583984e-01
2.755820751190185547e-01
2.194552421569824219e-01
3.042974472045898438e-01
2.891395092010498047e-01
2.991991043090820312e-01
2.801027297973632812e-01
2.904772758483886719e-01
1.963052749633789062e-01
7.154059410095214844e-02
2.204253673553466797e-01
2.656328678131103516e-01
2.899703979492187500e-01
2.902026176452636719e-01
2.882688045501708984e-01
3.013525009155273438e-01
2.878954410552978516e-01
3.024208545684814453e-01
2.985792160034179688e-01
2.837908267974853516e-01
1.776084899902343750e-01
2.930967807769775391e-01
2.961075305938720703e-01
2.915959358215332031e-01
2.820827960968017578e-01
2.871115207672119141e-01
1.730067729949951172e-01
2.934722900390625000e-01
1.255619525909423828e-01
1.175327301025390625e-01
2.161791324615478516e-01
2.111620903015136719e-01
2.296435832977294922e-01
3.181977272033691406e-01
2.922856807708740234e-01
2.854750156402587891e-01
2.942054271697998047e-01
2.885687351226806641e-01
1.560060977935791016e-01
3.055491447448730469e-01
2.975156307220458984e-01
2.865200042724609375e-01
2.614102363586425781e-01
2.762980461120605469e-01
2.098336219787597656e-01
3.012590408325195312e-01
2.898492813110351562e-01
1.264429092407226562e-01
2.507503032684326172e-01
2.611730098724365234e-01
2.865488529205322266e-01
3.003468513488769531e-01
2.932934761047363281e-01
2.900519371032714844e-01
2.903842926025390625e-01
2.250721454620361328e-01
1.293528079986572266e-01
2.911424636840820312e-01
2.821040153503417969e-01
2.796037197113037109e-01
2.839684486389160156e-01
2.792518138885498047e-01
1.979489326477050781e-01
3.054723739624023438e-01
2.879512310028076172e-01
2.828691005706787109e-01
1.259591579437255859e-01
2.519500255584716797e-01
2.175805568695068359e-01
3.044793605804443359e-01
2.889945507049560547e-01
2.740011215209960938e-01
2.210681438446044922e-01
2.212102413177490234e-01
2.603645324707031250e-01
3.083996772766113281e-01
2.842562198638916016e-01
2.754840850830078125e-01
3.027575016021728516e-01
2.393622398376464844e-01
2.120561599731445312e-01
2.991893291473388672e-01
2.916169166564941406e-01
2.867143154144287109e-01
2.814083099365234375e-01
1.184661388397216797e-01
2.695157527923583984e-01
3.026444911956787109e-01
2.917861938476562500e-01
2.886164188385009766e-01
2.960193157196044922e-01
2.856583595275878906e-01
2.222521305084228516e-01
3.063945770263671875e-01
2.783222198486328125e-01
2.725675106048583984e-01
2.794330120086669922e-01
2.779841423034667969e-01
1.997716426849365234e-01
3.034503459930419922e-01
2.856276035308837891e-01
2.957220077514648438e-01
2.857043743133544922e-01
2.835278511047363281e-01
2.633404731750488281e-02
2.419917583465576172e-01
2.169525623321533203e-01
2.321135997772216797e-01
2.239537239074707031e-01
2.613208293914794922e-01
2.946145534515380859e-01
3.107781410217285156e-01
2.973511219024658203e-01
2.828376293182373047e-01
2.903404235839843750e-01
2.951681613922119141e-01
2.352228164672851562e-01
3.002877235412597656e-01
2.863130569458007812e-01
2.638714313507080078e-01
2.256984710693359375e-01
2.151031494140625000e-01
2.172830104827880859e-01
5.687141418457031250e-02
2.345359325408935547e-01
2.851572036743164062e-01
2.847509384155273438e-01
2.773692607879638672e-01
2.864913940429687500e-01
2.962188720703125000e-01
2.963178157806396484e-01
2.943067550659179688e-01
3.017818927764892578e-01
2.872731685638427734e-01
1.915347576141357422e-01
2.906680107116699219e-01
2.634503841400146484e-01
1.971633434295654297e-01
2.066926956176757812e-01
2.248272895812988281e-01
2.785999774932861328e-01
3.044245243072509766e-01
8.789491653442382812e-02
2.406339645385742188e-01
2.525379657745361328e-01
2.488431930541992188e-01
2.340364456176757812e-01
3.150951862335205078e-01
2.902576923370361328e-01
2.829253673553466797e-01
2.993032932281494141e-01
2.982878684997558594e-01
2.265703678131103516e-01
2.988705635070800781e-01
2.771608829498291016e-01
2.552154064178466797e-01
2.276458740234375000e-01
2.061972618103027344e-01
2.302460670471191406e-01
2.968926429748535156e-01
2.959740161895751953e-01
1.152384281158447266e-01
2.559370994567871094e-01
2.675833702087402344e-01
2.702865600585937500e-01
3.084447383880615234e-01
3.075852394104003906e-01
2.983539104461669922e-01
2.914447784423828125e-01
2.900815010070800781e-01
2.019813060760498047e-01
3.003582954406738281e-01
2.957153320312500000e-01
3.031470775604248047e-01
3.005027770996093750e-01
2.836706638336181641e-01
1.868581771850585938e-01
2.926943302154541016e-01
2.909543514251708984e-01
2.989745140075683594e-01
1.154632568359375000e-01
2.898635864257812500e-01
2.581286430358886719e-01
3.097364902496337891e-01
2.920863628387451172e-01
3.031578063964843750e-01
2.973780632019042969e-01
2.322747707366943359e-01
1.391167640686035156e-01
3.045821189880371094e-01
2.928359508514404297e-01
2.949137687683105469e-01
2.952244281768798828e-01
2.969644069671630859e-01
1.921942234039306641e-01
3.022830486297607422e-01
2.944760322570800781e-01
2.891588211059570312e-01
2.772624492645263672e-01
1.198790073394775391e-01
2.838246822357177734e-01
2.935853004455566406e-01
2.828874588012695312e-01
2.847056388854980469e-01
2.796294689178466797e-01
2.965388298034667969e-01
2.191059589385986328e-01
3.030941486358642578e-01
2.926442623138427734e-01
2.794532775878906250e-01
2.986822128295898438e-01
2.327687740325927734e-01
1.976628303527832031e-01
3.021581172943115234e-01
2.848460674285888672e-01
2.964231967926025391e-01
2.943596839904785156e-01
2.796766757965087891e-01
9.273123741149902344e-02
2.837259769439697266e-01
2.778022289276123047e-01
2.877948284149169922e-01
2.953255176544189453e-01
3.164510726928710938e-01
2.293608188629150391e-01
3.156089782714843750e-01
2.991063594818115234e-01
2.908532619476318359e-01
3.001854419708251953e-01
2.850859165191650391e-01
2.408695220947265625e-01
3.152685165405273438e-01
2.886414527893066406e-01
2.606477737426757812e-01
2.241816520690917969e-01
2.209177017211914062e-01
1.706893444061279297e-01
2.888846397399902344e-02
2.619857788085937500e-01
2.934670448303222656e-01
2.910554409027099609e-01
2.845644950866699219e-01
2.742226123809814453e-01
3.017170429229736328e-01
2.943532466888427734e-01
2.837607860565185547e-01
2.952311038970947266e-01
2.856230735778808594e-01
1.789498329162597656e-01
3.017039299011230469e-01
2.834775447845458984e-01
2.847962379455566406e-01
2.831661701202392578e-01
2.521269321441650391e-01
9.776449203491210938e-02
3.016345500946044922e-01
1.194264888763427734e-01
2.906010150909423828e-01
2.952086925506591797e-01
2.901165485382080078e-01
2.338602542877197266e-01
3.055181503295898438e-01
3.056225776672363281e-01
3.001847267150878906e-01
2.933855056762695312e-01
2.835333347320556641e-01
1.766347885131835938e-01
3.010015487670898438e-01
2.960209846496582031e-01
2.946546077728271484e-01
2.946293354034423828e-01
2.958540916442871094e-01
1.664555072784423828e-01
3.093073368072509766e-01
2.962913513183593750e-01
1.255083084106445312e-01
2.398571968078613281e-01
2.579197883605957031e-01
1.823351383209228516e-01
2.995920181274414062e-01
2.906634807586669922e-01
2.919929027557373047e-01
2.960693836212158203e-01
2.780699729919433594e-01
2.053771018981933594e-01
2.936015129089355469e-01
2.936756610870361328e-01
3.036024570465087891e-01
2.972989082336425781e-01
2.883877754211425781e-01
1.694986820220947266e-01
2.999839782714843750e-01
2.937941551208496094e-01
2.921178340911865234e-01
1.205232143402099609e-01
3.049101829528808594e-01
2.714493274688720703e-01
3.037643432617187500e-01
2.749991416931152344e-01
2.202448844909667969e-01
1.968541145324707031e-01
2.181382179260253906e-01
2.747473716735839844e-01
3.131179809570312500e-01
2.982010841369628906e-01
2.890501022338867188e-01
2.875218391418457031e-01
2.973942756652832031e-01
1.716573238372802734e-01
3.001408576965332031e-01
2.938206195831298828e-01
2.962496280670166016e-01
2.958400249481201172e-01
8.926033973693847656e-02
2.460272312164306641e-01
3.014473915100097656e-01
3.006589412689208984e-01
2.938444614410400391e-01
2.940227985382080078e-01
2.210683822631835938e-01
1.328179836273193359e-01
2.913670539855957031e-01
2.973885536193847656e-01
2.950623035430908203e-01
2.854802608489990234e-01
2.750041484832763672e-01
1.559598445892333984e-01
2.865636348724365234e-01
2.845230102539062500e-01
2.956831455230712891e-01
2.910795211791992188e-01
2.975633144378662109e-01
1.034958362579345703e-01
2.845132350921630859e-01
2.957894802093505859e-01
3.056936264038085938e-01
3.064477443695068359e-01
3.102672100067138672e-01
1.803677082061767578e-01
3.076882362365722656e-01
2.918479442596435547e-01
2.879102230072021484e-01
3.066027164459228516e-01
2.201545238494873047e-01
1.967222690582275391e-01
2.975168228149414062e-01
3.052341938018798828e-01
2.933151721954345703e-01
3.027682304382324219e-01
2.987053394317626953e-01
2.029745578765869141e-01
7.479500770568847656e-02
2.227244377136230469e-01
2.733306884765625000e-01
2.928214073181152344e-01
2.795693874359130859e-01
2.772471904754638672e-01
2.856831550598144531e-01
2.638778686523437500e-01
2.152960300445556641e-01
2.031028270721435547e-01
2.390756607055664062e-01
2.462761402130126953e-01
2.851634025573730469e-01
2.361590862274169922e-01
1.943538188934326172e-01
2.287690639495849609e-01
2.630882263183593750e-01
2.176113128662109375e-01
3.016674518585205078e-01
1.208484172821044922e-01
2.285058498382568359e-01
2.354633808135986328e-01
2.516725063323974609e-01
2.493956089019775391e-01
3.036572933197021484e-01
2.917737960815429688e-01
3.005952835083007812e-01
2.733683586120605469e-01
2.381887435913085938e-01
1.833283901214599609e-01
2.905180454254150391e-01
2.594027519226074219e-01
2.154850959777832031e-01
2.453446388244628906e-01
2.394092082977294922e-01
2.190892696380615234e-01
3.053452968597412109e-01
2.941894531250000000e-01
1.208117008209228516e-01
2.675979137420654297e-01
2.558693885803222656e-01
2.615327835083007812e-01
2.779760360717773438e-01
2.475996017456054688e-01
2.370922565460205078e-01
2.563488483428955078e-01
2.653551101684570312e-01
2.616567611694335938e-01
3.047299385070800781e-01
2.842617034912109375e-01
2.983925342559814453e-01
2.969450950622558594e-01
2.845666408538818359e-01
1.782996654510498047e-01
3.006534576416015625e-01
2.779800891876220703e-01
2.714045047760009766e-01
8.360981941223144531e-02
2.953495979309082031e-01
2.828364372253417969e-01
3.072078227996826172e-01
2.974495887756347656e-01
2.814815044403076172e-01
2.831416130065917969e-01
2.829568386077880859e-01
2.254006862640380859e-01
3.055245876312255859e-01
3.048591613769531250e-01
2.996070384979248047e-01
2.896850109100341797e-01
2.921142578125000000e-01
1.687924861907958984e-01
2.996091842651367188e-01
2.959852218627929688e-01
3.008964061737060547e-01
2.870049476623535156e-01
1.240506172180175781e-01
2.483668327331542969e-01
2.975893020629882812e-01
2.870781421661376953e-01
2.730371952056884766e-01
2.160398960113525391e-01
1.911709308624267578e-01
2.012350559234619141e-01
3.041577339172363281e-01
2.981054782867431641e-01
2.994372844696044922e-01
2.816593647003173828e-01
2.732741832733154297e-01
1.740953922271728516e-01
2.799067497253417969e-01
2.512085437774658203e-01
2.259416580200195312e-01
2.336232662200927734e-01
2.484688758850097656e-01
1.248841285705566406e-01
2.470371723175048828e-01
2.544605731964111328e-01
2.746574878692626953e-01
2.858488559722900391e-01
2.909119129180908203e-01
1.948468685150146484e-01
3.190565109252929688e-01
2.927668094635009766e-01
2.922694683074951172e-01
2.971882820129394531e-01
2.987124919891357422e-01
1.488244533538818359e-01
3.075277805328369141e-01
2.914698123931884766e-01
2.923810482025146484e-01
2.906124591827392578e-01
2.893064022064208984e-01
1.849114894866943359e-01
6.942105293273925781e-02
2.300510406494140625e-01
2.817947864532470703e-01
2.843971252441406250e-01
2.836391925811767578e-01
2.787044048309326172e-01
2.979447841644287109e-01
2.903702259063720703e-01
2.759208679199218750e-01
3.017036914825439453e-01
2.367115020751953125e-01
2.034747600555419922e-01
2.987468242645263672e-01
3.038992881774902344e-01
2.954933643341064453e-01
2.958910465240478516e-01
2.850759029388427734e-01
1.551439762115478516e-01
2.934622764587402344e-01
9.991335868835449219e-02
3.030812740325927734e-01
2.956118583679199219e-01
3.061559200286865234e-01
2.175400257110595703e-01
3.149673938751220703e-01
2.983131408691406250e-01
3.008916378021240234e-01
2.939529418945312500e-01
2.970349788665771484e-01
2.221553325653076172e-01
3.033690452575683594e-01
2.940456867218017578e-01
2.940118312835693359e-01
2.872428894042968750e-01
2.852656841278076172e-01
1.521089076995849609e-01
2.924344539642333984e-01
2.935805320739746094e-01
1.094570159912109375e-01
2.726647853851318359e-01
2.597544193267822266e-01
2.571969032287597656e-01
3.012733459472656250e-01
2.954988479614257812e-01
3.009300231933593750e-01
2.722084522247314453e-01
2.752597332000732422e-01
1.519255638122558594e-01
2.939698696136474609e-01
3.020303249359130859e-01
2.956733703613281250e-01
2.860622406005859375e-01
2.092907428741455078e-01
1.283295154571533203e-01
2.959408760070800781e-01
2.899534702301025391e-01
2.954285144805908203e-01
1.090421676635742188e-01
3.035552501678466797e-01
2.587149143218994141e-01
3.165748119354248047e-01
2.957355976104736328e-01
2.933590412139892578e-01
2.965075969696044922e-01
3.017613887786865234e-01
1.902987957000732422e-01
2.975950241088867188e-01
2.965114116668701172e-01
2.920880317687988281e-01
2.915747165679931641e-01
2.883291244506835938e-01
1.743729114532470703e-01
3.009405136108398438e-01
2.979216575622558594e-01
2.941446304321289062e-01
2.937564849853515625e-01
4.351854324340820312e-02
2.509977817535400391e-01
2.977359294891357422e-01
2.885675430297851562e-01
2.868394851684570312e-01
2.655954360961914062e-01
2.124083042144775391e-01
1.832175254821777344e-01
2.996199131011962891e-01
2.956070899963378906e-01
2.916221618652343750e-01
2.897212505340576172e-01
2.806019783020019531e-01
1.925489902496337891e-01
2.978377342224121094e-01
2.934703826904296875e-01
2.991142272949218750e-01
2.942712306976318359e-01
2.851457595825195312e-01
1.038658618927001953e-01
2.950646877288818359e-01
2.896203994750976562e-01
2.915380001068115234e-01
3.049333095550537109e-01
2.853972911834716797e-01
1.474916934967041016e-01
3.070464134216308594e-01
3.007047176361083984e-01
2.932817935943603516e-01
2.916967868804931641e-01
2.958779335021972656e-01
2.157328128814697266e-01
3.053441047668457031e-01
2.990977764129638672e-01
2.982890605926513672e-01
2.826766967773437500e-01
2.837862968444824219e-01
1.595535278320312500e-01
6.601786613464355469e-02
2.290582656860351562e-01
2.890288829803466797e-01
2.972764968872070312e-01
2.810823917388916016e-01
2.160224914550781250e-01
3.039956092834472656e-01
2.949829101562500000e-01
2.924680709838867188e-01
2.911267280578613281e-01
2.777042388916015625e-01
1.931557655334472656e-01
2.586021423339843750e-01
2.053244113922119141e-01
2.058744430541992188e-01
2.117946147918701172e-01
2.607305049896240234e-01
2.961225509643554688e-01
3.013639450073242188e-01
8.618402481079101562e-02
2.871799468994140625e-01
3.008155822753906250e-01
3.095002174377441406e-01
2.403721809387207031e-01
3.094782829284667969e-01
2.947425842285156250e-01
2.988142967224121094e-01
3.007745742797851562e-01
2.746665477752685547e-01
2.219243049621582031e-01
2.909672260284423828e-01
2.704582214355468750e-01
2.181782722473144531e-01
2.180359363555908203e-01
2.430000305175781250e-01
2.679154872894287109e-01
3.044445514678955078e-01
2.973947525024414062e-01
1.221513748168945312e-01
2.694494724273681641e-01
2.705674171447753906e-01
2.746655941009521484e-01
2.787322998046875000e-01
2.435672283172607422e-01
2.394158840179443359e-01
2.570343017578125000e-01
2.655770778656005859e-01
2.780840396881103516e-01
3.066401481628417969e-01
2.958691120147705078e-01
2.782740592956542969e-01
2.569189071655273438e-01
2.328824996948242188e-01
1.681811809539794922e-01
3.011844158172607422e-01
2.927734851837158203e-01
2.962644100189208984e-01
1.116361618041992188e-01
3.042995929718017578e-01
2.600152492523193359e-01
3.021225929260253906e-01
3.001475334167480469e-01
3.119254112243652344e-01
3.037402629852294922e-01
3.094859123229980469e-01
1.456475257873535156e-01
2.872385978698730469e-01
2.570395469665527344e-01
2.411630153656005859e-01
2.645297050476074219e-01
2.801287174224853516e-01
1.777765750885009766e-01
2.696669101715087891e-01
2.282817363739013672e-01
2.332279682159423828e-01
2.420740127563476562e-01
1.250374317169189453e-01
2.781229019165039062e-01
2.961008548736572266e-01
2.941172122955322266e-01
2.985846996307373047e-01
2.918469905853271484e-01
2.883882522583007812e-01
1.879153251647949219e-01
2.868349552154541016e-01
2.619462013244628906e-01
2.209386825561523438e-01
2.163546085357666016e-01
2.638237476348876953e-01
2.520785331726074219e-01
2.907795906066894531e-01
3.054184913635253906e-01
2.731361389160156250e-01
2.919907569885253906e-01
2.140679359436035156e-01
1.012985706329345703e-01
2.607479095458984375e-01
2.552096843719482422e-01
2.677023410797119141e-01
2.611775398254394531e-01
2.782542705535888672e-01
2.877995967864990234e-01
2.986333370208740234e-01
2.901394367218017578e-01
2.971630096435546875e-01
2.976489067077636719e-01
2.933394908905029297e-01
1.989934444427490234e-01
3.017158508300781250e-01
2.853639125823974609e-01
2.940251827239990234e-01
2.939989566802978516e-01
2.912602424621582031e-01
2.060930728912353516e-01
8.005762100219726562e-02
2.243835926055908203e-01
2.802212238311767578e-01
2.822489738464355469e-01
2.820649147033691406e-01
2.748179435729980469e-01
2.917475700378417969e-01
2.715141773223876953e-01
2.506947517395019531e-01
2.451157569885253906e-01
2.644817829132080078e-01
2.646522521972656250e-01
2.912125587463378906e-01
2.855200767517089844e-01
2.882184982299804688e-01
2.895896434783935547e-01
2.788636684417724609e-01
2.306859493255615234e-01
2.928330898284912109e-01
1.103773117065429688e-01
3.055529594421386719e-01
2.877342700958251953e-01
2.444729804992675781e-01
1.451351642608642578e-01
3.073563575744628906e-01
2.818324565887451172e-01
2.856650352478027344e-01
2.886738777160644531e-01
2.969148159027099609e-01
1.783480644226074219e-01
3.089523315429687500e-01
2.851657867431640625e-01
2.974061965942382812e-01
2.964220046997070312e-01
2.981598377227783203e-01
2.121405601501464844e-01
2.983579635620117188e-01
2.916166782379150391e-01
1.040875911712646484e-01
2.630572319030761719e-01
2.505807876586914062e-01
2.605311870574951172e-01
2.962408065795898438e-01
2.955203056335449219e-01
2.801406383514404297e-01
2.943291664123535156e-01
2.415168285369873047e-01
2.016661167144775391e-01
2.983982563018798828e-01
2.874059677124023438e-01
2.931802272796630859e-01
2.955362796783447266e-01
2.852685451507568359e-01
1.855216026306152344e-01
2.975525856018066406e-01
2.943255901336669922e-01
2.925686836242675781e-01
1.143534183502197266e-01
2.887585163116455078e-01
2.784638404846191406e-01
2.849254608154296875e-01
2.153704166412353516e-01
1.971859931945800781e-01
2.110779285430908203e-01
2.725615501403808594e-01
2.998511791229248047e-01
3.076798915863037109e-01
2.703964710235595703e-01
2.127435207366943359e-01
2.216353416442871094e-01
2.569048404693603516e-01
1.948206424713134766e-01
2.927014827728271484e-01
2.880568504333496094e-01
2.972087860107421875e-01
2.919268608093261719e-01
7.706618309020996094e-02
2.441105842590332031e-01
2.991085052490234375e-01
2.861745357513427734e-01
2.975571155548095703e-01
2.832365036010742188e-01
2.829124927520751953e-01
1.936535835266113281e-01
3.020269870758056641e-01
2.897830009460449219e-01
2.873058319091796875e-01
2.876708507537841797e-01
2.310562133789062500e-01
1.394264698028564453e-01
3.003773689270019531e-01
2.954616546630859375e-01
2.787294387817382812e-01
2.791895866394042969e-01
2.663545608520507812e-01
1.252417564392089844e-01
2.823984622955322266e-01
2.977774143218994141e-01
2.993800640106201172e-01
3.057548999786376953e-01
2.986979484558105469e-01
1.799013614654541016e-01
3.115975856781005859e-01
2.980504035949707031e-01
2.933809757232666016e-01
2.985501289367675781e-01
2.879796028137207031e-01
1.976840496063232422e-01
2.990133762359619141e-01
2.886815071105957031e-01
2.682778835296630859e-01
2.801897525787353516e-01
2.320909500122070312e-01
1.990904808044433594e-01
7.693076133728027344e-02
2.286405563354492188e-01
2.794637680053710938e-01
2.869496345520019531e-01
2.723908424377441406e-01
2.882902622222900391e-01
2.983260154724121094e-01
2.904906272888183594e-01
2.946450710296630859e-01
2.904717922210693359e-01
2.713358402252197266e-01
2.028515338897705078e-01
3.005404472351074219e-01
2.945680618286132812e-01
2.958536148071289062e-01
2.818350791931152344e-01
2.844591140747070312e-01
1.524479389190673828e-01
3.044166564941406250e-01
7.019972801208496094e-02
2.778651714324951172e-01
2.893829345703125000e-01
2.701134681701660156e-01
2.814986705780029297e-01
3.116405010223388672e-01
2.976262569427490234e-01
2.933793067932128906e-01
2.871134281158447266e-01
2.943966388702392578e-01
2.091786861419677734e-01
2.971816062927246094e-01
2.986853122711181641e-01
2.964115142822265625e-01
2.870416641235351562e-01
2.956917285919189453e-01
1.824769973754882812e-01
2.983732223510742188e-01
3.066384792327880859e-01
1.183931827545166016e-01
2.705516815185546875e-01
2.680194377899169922e-01
1.717617511749267578e-01
2.948493957519531250e-01
2.883024215698242188e-01
2.947776317596435547e-01
2.901825904846191406e-01
2.805294990539550781e-01
1.611983776092529297e-01
2.902278900146484375e-01
2.866442203521728516e-01
2.929973602294921875e-01
2.927124500274658203e-01
2.877116203308105469e-01
1.784369945526123047e-01
2.949674129486083984e-01
2.793715000152587891e-01
2.835597991943359375e-01
1.008117198944091797e-01
2.976627349853515625e-01
2.552747726440429688e-01
3.004846572875976562e-01
2.996339797973632812e-01
2.898740768432617188e-01
2.928090095520019531e-01
2.213902473449707031e-01
1.922588348388671875e-01
3.106899261474609375e-01
2.897312641143798828e-01
2.922084331512451172e-01
2.800908088684082031e-01
2.937171459197998047e-01
1.498773097991943359e-01
3.010601997375488281e-01
2.979078292846679688e-01
2.904877662658691406e-01
2.924513816833496094e-01
1.142897605895996094e-01
2.505567073822021484e-01
2.984626293182373047e-01
3.048031330108642578e-01
2.943480014801025391e-01
2.882375717163085938e-01
2.865386009216308594e-01
1.677393913269042969e-01
2.986567020416259766e-01
2.845351696014404297e-01
2.511606216430664062e-01
2.088847160339355469e-01
2.106943130493164062e-01
2.160379886627197266e-01
3.006222248077392578e-01
2.976267337799072266e-01
2.949535846710205078e-01
2.861330509185791016e-01
2.803835868835449219e-01
9.431457519531250000e-02
2.767848968505859375e-01
2.931609153747558594e-01
2.902207374572753906e-01
2.895836830139160156e-01
2.970807552337646484e-01
2.032229900360107422e-01
3.081417083740234375e-01
2.936532497406005859e-01
2.888467311859130859e-01
3.005888462066650391e-01
2.562787532806396484e-01
1.471576690673828125e-01
2.956545352935791016e-01
2.835083007812500000e-01
3.003730773925781250e-01
2.849493026733398438e-01
2.934503555297851562e-01
1.604328155517578125e-01
7.658123970031738281e-02
2.166075706481933594e-01
2.670845985412597656e-01
2.773001194000244141e-01
2.865974903106689453e-01
2.698431015014648438e-01
3.045122623443603516e-01
2.838821411132812500e-01
3.001818656921386719e-01
2.841069698333740234e-01
2.848443984985351562e-01
1.776590347290039062e-01
2.988803386688232422e-01
2.901930809020996094e-01
2.988598346710205078e-01
2.913773059844970703e-01
2.935695648193359375e-01
2.136871814727783203e-01
3.013708591461181641e-01
1.306350231170654297e-01
2.874190807342529297e-01
2.912437915802001953e-01
3.001825809478759766e-01
2.295377254486083984e-01
3.099951744079589844e-01
3.034121990203857422e-01
3.036925792694091797e-01
2.887833118438720703e-01
2.921791076660156250e-01
2.653796672821044922e-01
3.093926906585693359e-01
2.868065834045410156e-01
2.725105285644531250e-01
2.914245128631591797e-01
2.888388633728027344e-01
2.202579975128173828e-01
3.053719997406005859e-01
2.864263057708740234e-01
2.627635002136230469e-02
2.720401287078857422e-01
2.779266834259033203e-01
2.931394577026367188e-01
3.028407096862792969e-01
2.947702407836914062e-01
2.919054031372070312e-01
2.871909141540527344e-01
2.896277904510498047e-01
2.075436115264892578e-01
3.008072376251220703e-01
2.871711254119873047e-01
2.985863685607910156e-01
2.909557819366455078e-01
2.863926887512207031e-01
2.126870155334472656e-01
3.037674427032470703e-01
2.968463897705078125e-01
2.836551666259765625e-01
1.029226779937744141e-01
2.827591896057128906e-01
1.583564281463623047e-01
3.004319667816162109e-01
3.038148880004882812e-01
2.997241020202636719e-01
2.956640720367431641e-01
2.929613590240478516e-01
1.546204090118408203e-01
3.074462413787841797e-01
2.981634140014648438e-01
2.938582897186279297e-01
2.895057201385498047e-01
2.781512737274169922e-01
1.754484176635742188e-01
3.027009963989257812e-01
2.928643226623535156e-01
2.892019748687744141e-01
2.872934341430664062e-01
1.192889213562011719e-01
2.495162487030029297e-01
3.038878440856933594e-01
2.866246700286865234e-01
2.714359760284423828e-01
2.916474342346191406e-01
2.521889209747314453e-01
2.093701362609863281e-01
2.907714843750000000e-01
2.806670665740966797e-01
2.814123630523681641e-01
2.788498401641845703e-01
2.718393802642822266e-01
2.130548954010009766e-01
2.943556308746337891e-01
2.976880073547363281e-01
2.889788150787353516e-01
2.980988025665283203e-01
2.880828380584716797e-01
1.035375595092773438e-01
2.812197208404541016e-01
2.851171493530273438e-01
2.888102531433105469e-01
2.915375232696533203e-01
3.183414936065673828e-01
2.095313072204589844e-01
3.090395927429199219e-01
3.005857467651367188e-01
2.890675067901611328e-01
2.680463790893554688e-01
2.344968318939208984e-01
1.675059795379638672e-01
3.041071891784667969e-01
2.764282226562500000e-01
2.887492179870605469e-01
2.817633152008056641e-01
2.916579246520996094e-01
1.644563674926757812e-01
8.649587631225585938e-02
2.453703880310058594e-01
2.580871582031250000e-01
2.690854072570800781e-01
2.876245975494384766e-01
2.703258991241455078e-01
2.985844612121582031e-01
2.867791652679443359e-01
3.025383949279785156e-01
2.901585102081298828e-01
2.039661407470703125e-01
1.386063098907470703e-01
2.907373905181884766e-01
2.691347599029541016e-01
2.143304347991943359e-01
2.110667228698730469e-01
2.251398563385009766e-01
2.557935714721679688e-01
2.927691936492919922e-01
1.209979057312011719e-01
2.459478378295898438e-01
2.516381740570068359e-01
2.772953510284423828e-01
2.739644050598144531e-01
3.093125820159912109e-01
2.873418331146240234e-01
3.005514144897460938e-01
2.967202663421630859e-01
2.985191345214843750e-01
1.837091445922851562e-01
3.039584159851074219e-01
2.944004535675048828e-01
2.882430553436279297e-01
2.741162776947021484e-01
2.266354560852050781e-01
1.618266105651855469e-01
3.063132762908935547e-01
2.994625568389892578e-01
5.050945281982421875e-02
2.486264705657958984e-01
2.794632911682128906e-01
2.948751449584960938e-01
3.054275512695312500e-01
2.914428710937500000e-01
2.979893684387207031e-01
2.916617393493652344e-01
2.851970195770263672e-01
1.568057537078857422e-01
2.910263538360595703e-01
2.675182819366455078e-01
2.217726707458496094e-01
2.226111888885498047e-01
2.224934101104736328e-01
2.398824691772460938e-01
3.092768192291259766e-01
2.947537899017333984e-01
2.942492961883544922e-01
8.935213088989257812e-02
2.382597923278808594e-01
2.260143756866455078e-01
3.148689270019531250e-01
2.946918010711669922e-01
3.021562099456787109e-01
3.010056018829345703e-01
3.062403202056884766e-01
1.991739273071289062e-01
2.988390922546386719e-01
2.914278507232666016e-01
2.779233455657958984e-01
2.861852645874023438e-01
2.879948616027832031e-01
2.350158691406250000e-01
3.063497543334960938e-01
2.901418209075927734e-01
2.948226928710937500e-01
2.964198589324951172e-01
1.024975776672363281e-01
1.631865501403808594e-01
2.943239212036132812e-01
2.924313545227050781e-01
2.853109836578369141e-01
2.895703315734863281e-01
2.867190837860107422e-01
2.514858245849609375e-01
3.037896156311035156e-01
3.007345199584960938e-01
2.934544086456298828e-01
2.907814979553222656e-01
2.840175628662109375e-01
2.540078163146972656e-01
2.992253303527832031e-01
3.013088703155517578e-01
2.890293598175048828e-01
2.862775325775146484e-01
2.892026901245117188e-01
8.668136596679687500e-02
2.761967182159423828e-01
2.974591255187988281e-01
2.798416614532470703e-01
2.890641689300537109e-01
2.524623870849609375e-01
1.460313796997070312e-01
3.055653572082519531e-01
3.044271469116210938e-01
2.798876762390136719e-01
2.951962947845458984e-01
2.860283851623535156e-01
2.265024185180664062e-01
3.085687160491943359e-01
2.861983776092529297e-01
2.913868427276611328e-01
3.004653453826904297e-01
2.962253093719482422e-01
2.041823863983154297e-01
7.544159889221191406e-02
2.188374996185302734e-01
2.888484001159667969e-01
2.870955467224121094e-01
2.830009460449218750e-01
2.728431224822998047e-01
3.072957992553710938e-01
2.998075485229492188e-01
3.020062446594238281e-01
2.944269180297851562e-01
2.886703014373779297e-01
2.296109199523925781e-01
3.004810810089111328e-01
2.912116050720214844e-01
2.842276096343994141e-01
2.753887176513671875e-01
2.824954986572265625e-01
2.133371829986572266e-01
2.969679832458496094e-01
1.204547882080078125e-01
2.930397987365722656e-01
2.982025146484375000e-01
2.825264930725097656e-01
2.505052089691162109e-01
3.168962001800537109e-01
2.981255054473876953e-01
2.928669452667236328e-01
2.932517528533935547e-01
2.479035854339599609e-01
1.283609867095947266e-01
3.096306324005126953e-01
2.901515960693359375e-01
2.961180210113525391e-01
2.975885868072509766e-01
2.896203994750976562e-01
1.788992881774902344e-01
3.001420497894287109e-01
2.808322906494140625e-01
1.241345405578613281e-01
2.692146301269531250e-01
2.853562831878662109e-01
2.663996219635009766e-01
2.990932464599609375e-01
2.898299694061279297e-01
2.886149883270263672e-01
2.814593315124511719e-01
2.862243652343750000e-01
1.791691780090332031e-01
3.018388748168945312e-01
3.014943599700927734e-01
2.929987907409667969e-01
2.908337116241455078e-01
2.879831790924072266e-01
2.163057327270507812e-01
3.054273128509521484e-01
2.996892929077148438e-01
2.883093357086181641e-01
1.260755062103271484e-01
2.894139289855957031e-01
2.667555809020996094e-01
3.132393360137939453e-01
2.925949096679687500e-01
2.943413257598876953e-01
2.965726852416992188e-01
2.994680404663085938e-01
1.975028514862060547e-01
3.079609870910644531e-01
2.859737873077392578e-01
2.960622310638427734e-01
2.927386760711669922e-01
2.958791255950927734e-01
1.841795444488525391e-01
3.087003231048583984e-01
2.871587276458740234e-01
2.948951721191406250e-01
2.896842956542968750e-01
1.142621040344238281e-01
2.146468162536621094e-01
3.045921325683593750e-01
2.955946922302246094e-01
2.937970161437988281e-01
2.861955165863037109e-01
2.915029525756835938e-01
2.048277854919433594e-01
3.010389804840087891e-01
2.881631851196289062e-01
2.919340133666992188e-01
2.854321002960205078e-01
2.783553600311279297e-01
1.769165992736816406e-01
2.996749877929687500e-01
2.918674945831298828e-01
2.903695106506347656e-01
2.860519886016845703e-01
2.341663837432861328e-01
5.697965621948242188e-02
2.807393074035644531e-01
2.773203849792480469e-01
2.859637737274169922e-01
2.976965904235839844e-01
2.931697368621826172e-01
1.957693099975585938e-01
3.097162246704101562e-01
2.911562919616699219e-01
2.971150875091552734e-01
2.848455905914306641e-01
2.898042201995849609e-01
2.170467376708984375e-01
3.064510822296142578e-01
2.855417728424072266e-01
2.984976768493652344e-01
2.899832725524902344e-01
2.904446125030517578e-01
1.738755702972412109e-01
7.441234588623046875e-02
2.175211906433105469e-01
2.686274051666259766e-01
2.794797420501708984e-01
2.823603153228759766e-01
2.834796905517578125e-01
3.037521839141845703e-01
2.928993701934814453e-01
2.856345176696777344e-01
2.991929054260253906e-01
2.962682247161865234e-01
1.978442668914794922e-01
3.017070293426513672e-01
2.894520759582519531e-01
2.879323959350585938e-01
2.939374446868896484e-01
2.902016639709472656e-01
1.914794445037841797e-01
3.013174533843994141e-01
1.173851490020751953e-01
2.623980045318603516e-01
2.833273410797119141e-01
2.903342247009277344e-01
2.923321723937988281e-01
3.167245388031005859e-01
2.942769527435302734e-01
2.819318771362304688e-01
2.720918655395507812e-01
2.751770019531250000e-01
1.364197731018066406e-01
3.053803443908691406e-01
2.870314121246337891e-01
3.035240173339843750e-01
2.880949974060058594e-01
2.885422706604003906e-01
1.801784038543701172e-01
3.044099807739257812e-01
2.857556343078613281e-01
1.175773143768310547e-01
2.828938961029052734e-01
2.786054611206054688e-01
2.753105163574218750e-01
2.950413227081298828e-01
2.900321483612060547e-01
2.935528755187988281e-01
3.015058040618896484e-01
2.192416191101074219e-01
1.372730731964111328e-01
2.924621105194091797e-01
2.897648811340332031e-01
2.964258193969726562e-01
2.902894020080566406e-01
2.850146293640136719e-01
1.863319873809814453e-01
3.039491176605224609e-01
2.846632003784179688e-01
2.975356578826904297e-01
1.179196834564208984e-01
2.940695285797119141e-01
2.583796977996826172e-01
3.144605159759521484e-01
3.024146556854248047e-01
2.929654121398925781e-01
2.992136478424072266e-01
2.920157909393310547e-01
1.864140033721923828e-01
3.006772994995117188e-01
2.931842803955078125e-01
2.778224945068359375e-01
2.983238697052001953e-01
2.350466251373291016e-01
2.057323455810546875e-01
3.068542480468750000e-01
2.821173667907714844e-01
2.953414916992187500e-01
2.904114723205566406e-01
1.062958240509033203e-01
2.585277557373046875e-01
2.948033809661865234e-01
2.800960540771484375e-01
2.857687473297119141e-01
2.871825695037841797e-01
2.812304496765136719e-01
1.717753410339355469e-01
3.021509647369384766e-01
2.885138988494873047e-01
3.007941246032714844e-01
2.968916893005371094e-01
2.871768474578857422e-01
2.049109935760498047e-01
2.984428405761718750e-01
2.850174903869628906e-01
2.532010078430175781e-01
2.139787673950195312e-01
1.968021392822265625e-01
1.360583305358886719e-01
2.911994457244873047e-01
2.876095771789550781e-01
3.005547523498535156e-01
2.917666435241699219e-01
3.067176342010498047e-01
1.944375038146972656e-01
3.117868900299072266e-01
2.920591831207275391e-01
2.833771705627441406e-01
2.831351757049560547e-01
2.790610790252685547e-01
2.467367649078369141e-01
3.006300926208496094e-01
3.001744747161865234e-01
2.889525890350341797e-01
2.868363857269287109e-01
2.242238521575927734e-01
1.374614238739013672e-01
7.188200950622558594e-02
2.183129787445068359e-01
2.736792564392089844e-01
2.868387699127197266e-01
2.854578495025634766e-01
2.858200073242187500e-01
3.014039993286132812e-01
2.948932647705078125e-01
2.896218299865722656e-01
2.932324409484863281e-01
2.950377464294433594e-01
1.806282997131347656e-01
3.013117313385009766e-01
2.898285388946533203e-01
3.042156696319580078e-01
2.861092090606689453e-01
2.822093963623046875e-01
1.431534290313720703e-01
3.012661933898925781e-01
1.152105331420898438e-01
2.650310993194580078e-01
2.635760307312011719e-01
2.866685390472412109e-01
2.721955776214599609e-01
3.107271194458007812e-01
3.013565540313720703e-01
2.895932197570800781e-01
2.832119464874267578e-01
2.861077785491943359e-01
1.819787025451660156e-01
3.063724040985107422e-01
2.892682552337646484e-01
2.895436286926269531e-01
2.780082225799560547e-01
2.707390785217285156e-01
2.344751358032226562e-01
3.063864707946777344e-01
2.965345382690429688e-01
1.157333850860595703e-01
2.559146881103515625e-01
2.555644512176513672e-01
2.694368362426757812e-01
2.923855781555175781e-01
2.828717231750488281e-01
2.692189216613769531e-01
2.282636165618896484e-01
2.177577018737792969e-01
1.710345745086669922e-01
3.055894374847412109e-01
2.954516410827636719e-01
2.943794727325439453e-01
2.867724895477294922e-01
2.810251712799072266e-01
1.943483352661132812e-01
2.907729148864746094e-01
2.777831554412841797e-01
2.893433570861816406e-01
1.307086944580078125e-01
2.997763156890869141e-01
2.741641998291015625e-01
3.211133480072021484e-01
3.019902706146240234e-01
3.044111728668212891e-01
3.070333003997802734e-01
2.495574951171875000e-01
1.341497898101806641e-01
2.917270660400390625e-01
2.665452957153320312e-01
2.251353263854980469e-01
1.964814662933349609e-01
2.573301792144775391e-01
2.711174488067626953e-01
3.069937229156494141e-01
2.869086265563964844e-01
3.064868450164794922e-01
2.878329753875732422e-01
1.201817989349365234e-01
2.539291381835937500e-01
2.963936328887939453e-01
3.015875816345214844e-01
2.912318706512451172e-01
2.920324802398681641e-01
2.867839336395263672e-01
2.204709053039550781e-01
2.941102981567382812e-01
2.964880466461181641e-01
2.789087295532226562e-01
2.916131019592285156e-01
2.403399944305419922e-01
2.076928615570068359e-01
2.946128845214843750e-01
2.932403087615966797e-01
2.881758213043212891e-01
2.949204444885253906e-01
2.952313423156738281e-01
9.673690795898437500e-02
2.920885086059570312e-01
2.857105731964111328e-01
2.923376560211181641e-01
2.987835407257080078e-01
2.975776195526123047e-01
2.517642974853515625e-01
3.097219467163085938e-01
2.919363975524902344e-01
3.011302947998046875e-01
2.942025661468505859e-01
3.003468513488769531e-01
2.025709152221679688e-01
3.117585182189941406e-01
2.936692237854003906e-01
2.917430400848388672e-01
2.754912376403808594e-01
2.682628631591796875e-01
1.303582191467285156e-01
8.654117584228515625e-02
2.227659225463867188e-01
2.519290447235107422e-01
2.787337303161621094e-01
2.915620803833007812e-01
2.855212688446044922e-01
3.022825717926025391e-01
2.840642929077148438e-01
2.939147949218750000e-01
2.840843200683593750e-01
2.888185977935791016e-01
1.603734493255615234e-01
2.969708442687988281e-01
2.989265918731689453e-01
2.951488494873046875e-01
3.021893501281738281e-01
2.563800811767578125e-01
1.551368236541748047e-01
3.005385398864746094e-01
7.622194290161132812e-02
2.481639385223388672e-01
2.238345146179199219e-01
2.116065025329589844e-01
2.258529663085937500e-01
3.074767589569091797e-01
3.012893199920654297e-01
2.941205501556396484e-01
2.962110042572021484e-01
3.017711639404296875e-01
2.318887710571289062e-01
3.001108169555664062e-01
2.938683032989501953e-01
2.898130416870117188e-01
2.888035774230957031e-01
2.834007740020751953e-01
2.071986198425292969e-01
2.974646091461181641e-01
2.889220714569091797e-01
1.015219688415527344e-01
2.401981353759765625e-01
2.570595741271972656e-01
2.314159870147705078e-01
2.960650920867919922e-01
2.933757305145263672e-01
2.885346412658691406e-01
3.004584312438964844e-01
2.999999523162841797e-01
2.204301357269287109e-01
3.021242618560791016e-01
2.950892448425292969e-01
2.969183921813964844e-01
2.983899116516113281e-01
2.897832393646240234e-01
1.814389228820800781e-01
2.950141429901123047e-01
2.904236316680908203e-01
2.923252582550048828e-01
1.050083637237548828e-01
2.547826766967773438e-01
2.352049350738525391e-01
3.012487888336181641e-01
2.953948974609375000e-01
2.866303920745849609e-01
2.668778896331787109e-01
2.284677028656005859e-01
1.729860305786132812e-01
3.008978366851806641e-01
2.893540859222412109e-01
2.930085659027099609e-01
2.997429370880126953e-01
2.950360774993896484e-01
2.153301239013671875e-01
2.988607883453369141e-01
2.990806102752685547e-01
2.874829769134521484e-01
2.680895328521728516e-01
4.234075546264648438e-02
2.822821140289306641e-01
2.974581718444824219e-01
2.923130989074707031e-01
2.986450195312500000e-01
2.814879417419433594e-01
2.248029708862304688e-01
1.370720863342285156e-01
3.006525039672851562e-01
3.026802539825439453e-01
2.937352657318115234e-01
2.902557849884033203e-01
2.921607494354248047e-01
1.663346290588378906e-01
2.761042118072509766e-01
2.591769695281982422e-01
2.611811161041259766e-01
2.404308319091796875e-01
2.409126758575439453e-01
1.045591831207275391e-01
2.898631095886230469e-01
2.898852825164794922e-01
3.069434165954589844e-01
2.817146778106689453e-01
2.955985069274902344e-01
2.448365688323974609e-01
3.204314708709716797e-01
3.040597438812255859e-01
2.956368923187255859e-01
2.983562946319580078e-01
2.329201698303222656e-01
2.000441551208496094e-01
3.010728359222412109e-01
2.910101413726806641e-01
2.884325981140136719e-01
2.768228054046630859e-01
2.801260948181152344e-01
2.164640426635742188e-01
7.009315490722656250e-02
2.256762981414794922e-01
2.828364372253417969e-01
2.797281742095947266e-01
2.919621467590332031e-01
2.912352085113525391e-01
2.943723201751708984e-01
3.056871891021728516e-01
2.878389358520507812e-01
2.902934551239013672e-01
2.797844409942626953e-01
1.818175315856933594e-01
3.026885986328125000e-01
2.970793247222900391e-01
2.947344779968261719e-01
2.894256114959716797e-01
2.532706260681152344e-01
2.210783958435058594e-01
3.035664558410644531e-01
9.592270851135253906e-02
2.848408222198486328e-01
3.037898540496826172e-01
2.977185249328613281e-01
2.297747135162353516e-01
3.066463470458984375e-01
2.952172756195068359e-01
2.925529479980468750e-01
2.939646244049072266e-01
2.933506965637207031e-01
2.332470417022705078e-01
3.046200275421142578e-01
2.869861125946044922e-01
2.923667430877685547e-01
2.950420379638671875e-01
2.344431877136230469e-01
1.295557022094726562e-01
2.986476421356201172e-01
3.033046722412109375e-01
1.206479072570800781e-01
2.656402587890625000e-01
2.569608688354492188e-01
2.696917057037353516e-01
2.973332405090332031e-01
2.856171131134033203e-01
2.807371616363525391e-01
2.838582992553710938e-01
2.728564739227294922e-01
2.133018970489501953e-01
2.987055778503417969e-01
2.636518478393554688e-01
2.850465774536132812e-01
2.896478176116943359e-01
2.855184078216552734e-01
1.814620494842529297e-01
2.933120727539062500e-01
2.956266403198242188e-01
2.616033554077148438e-01
8.950543403625488281e-02
3.052513599395751953e-01
2.796707153320312500e-01
3.154380321502685547e-01
2.973659038543701172e-01
3.073222637176513672e-01
3.009195327758789062e-01
3.085525035858154297e-01
1.929771900177001953e-01
3.031899929046630859e-01
2.908141613006591797e-01
2.988090515136718750e-01
2.981839179992675781e-01
2.933809757232666016e-01
1.475906372070312500e-01
3.052201271057128906e-01
2.927739620208740234e-01
2.929744720458984375e-01
2.889199256896972656e-01
9.965872764587402344e-02
2.436840534210205078e-01
2.998011112213134766e-01
2.754204273223876953e-01
2.220814228057861328e-01
1.950819492340087891e-01
2.280638217926025391e-01
2.280197143554687500e-01
2.989516258239746094e-01
2.915453910827636719e-01
2.922966480255126953e-01
2.859208583831787109e-01
2.852032184600830078e-01
1.934945583343505859e-01
2.853081226348876953e-01
2.574446201324462891e-01
2.475080490112304688e-01
2.643728256225585938e-01
2.600526809692382812e-01
1.075563430786132812e-01
2.718660831451416016e-01
2.332801818847656250e-01
2.246911525726318359e-01
2.369685173034667969e-01
2.558698654174804688e-01
2.720179557800292969e-01
3.098270893096923828e-01
2.993178367614746094e-01
3.061029911041259766e-01
3.029119968414306641e-01
2.970607280731201172e-01
1.905741691589355469e-01
3.023297786712646484e-01
2.965238094329833984e-01
3.045394420623779297e-01
2.900314331054687500e-01
2.861390113830566406e-01
1.738560199737548828e-01
8.647799491882324219e-02
2.206833362579345703e-01
2.530157566070556641e-01
2.801213264465332031e-01
2.781212329864501953e-01
2.953174114227294922e-01
3.001170158386230469e-01
2.934303283691406250e-01
2.817418575286865234e-01
2.809391021728515625e-01
2.288126945495605469e-01
1.881899833679199219e-01
2.941815853118896484e-01
2.889275550842285156e-01
2.873163223266601562e-01
2.864215373992919922e-01
2.846653461456298828e-01
2.133452892303466797e-01
2.840340137481689453e-01
3.301405906677246094e-02
2.702431678771972656e-01
2.937488555908203125e-01
2.905125617980957031e-01
2.594988346099853516e-01
3.083438873291015625e-01
2.993831634521484375e-01
2.956910133361816406e-01
3.028583526611328125e-01
3.047955036163330078e-01
2.301685810089111328e-01
3.065967559814453125e-01
2.862687110900878906e-01
2.670021057128906250e-01
2.228603363037109375e-01
2.355763912200927734e-01
1.722316741943359375e-01
2.951457500457763672e-01
2.978413105010986328e-01
1.094861030578613281e-01
2.620682716369628906e-01
2.744791507720947266e-01
2.675020694732666016e-01
2.942249774932861328e-01
2.967119216918945312e-01
2.926392555236816406e-01
2.877843379974365234e-01
2.841281890869140625e-01
1.767830848693847656e-01
2.915940284729003906e-01
2.918727397918701172e-01
2.876825332641601562e-01
2.903537750244140625e-01
2.753665447235107422e-01
1.678881645202636719e-01
2.861936092376708984e-01
2.649424076080322266e-01
2.211167812347412109e-01
8.807063102722167969e-02
2.814662456512451172e-01
2.810616493225097656e-01
3.124046325683593750e-01
2.931201457977294922e-01
3.083617687225341797e-01
2.966513633728027344e-01
2.850723266601562500e-01
1.990158557891845703e-01
3.084852695465087891e-01
2.959706783294677734e-01
2.950360774993896484e-01
3.044314384460449219e-01
2.975661754608154297e-01
2.111325263977050781e-01
2.965462207794189453e-01
2.816040515899658203e-01
2.544033527374267578e-01
2.126097679138183594e-01
1.195590496063232422e-01
2.957801818847656250e-01
2.967329025268554688e-01
2.985444068908691406e-01
2.898197174072265625e-01
2.864787578582763672e-01
2.910060882568359375e-01
2.219247817993164062e-01
2.959814071655273438e-01
2.884287834167480469e-01
3.001985549926757812e-01
2.852995395660400391e-01
2.881524562835693359e-01
1.866338253021240234e-01
2.932732105255126953e-01
2.801876068115234375e-01
2.884051799774169922e-01
2.912886142730712891e-01
2.858855724334716797e-01
9.578871726989746094e-02
2.576861381530761719e-01
2.493212223052978516e-01
2.726724147796630859e-01
2.808504104614257812e-01
2.809627056121826172e-01
2.650289535522460938e-01
3.068909645080566406e-01
2.952892780303955078e-01
2.964286804199218750e-01
2.994670867919921875e-01
2.838644981384277344e-01
1.950347423553466797e-01
3.052611351013183594e-01
2.948207855224609375e-01
2.980406284332275391e-01
2.931568622589111328e-01
2.745208740234375000e-01
2.021830081939697266e-01
3.722023963928222656e-02
2.603425979614257812e-01
2.782902717590332031e-01
2.779290676116943359e-01
2.808246612548828125e-01
2.872359752655029297e-01
3.061625957489013672e-01
2.927980422973632812e-01
2.988500595092773438e-01
2.895686626434326172e-01
2.904617786407470703e-01
1.924321651458740234e-01
2.982766628265380859e-01
2.896389961242675781e-01
2.868492603302001953e-01
2.923090457916259766e-01
2.880725860595703125e-01
2.055974006652832031e-01
2.994103431701660156e-01
1.137332916259765625e-01
3.084752559661865234e-01
3.004052639007568359e-01
3.183054924011230469e-01
2.157416343688964844e-01
3.242788314819335938e-01
2.984790802001953125e-01
2.868885993957519531e-01
3.045847415924072266e-01
2.585129737854003906e-01
1.774315834045410156e-01
2.992739677429199219e-01
2.885117530822753906e-01
2.940847873687744141e-01
2.890739440917968750e-01
2.913091182708740234e-01
1.974315643310546875e-01
3.012039661407470703e-01
3.010945320129394531e-01
1.143732070922851562e-01
2.682712078094482422e-01
2.564916610717773438e-01
2.574541568756103516e-01
2.999479770660400391e-01
2.917399406433105469e-01
2.846283912658691406e-01
2.970309257507324219e-01
2.905950546264648438e-01
1.651160717010498047e-01
2.989807128906250000e-01
2.988300323486328125e-01
2.864747047424316406e-01
2.806160449981689453e-01
2.849164009094238281e-01
1.601409912109375000e-01
3.013806343078613281e-01
2.866754531860351562e-01
2.922742366790771484e-01
1.186873912811279297e-01
2.974781990051269531e-01
2.529563903808593750e-01
3.100121021270751953e-01
2.941591739654541016e-01
2.942738533020019531e-01
2.856092453002929688e-01
2.969403266906738281e-01
2.261018753051757812e-01
3.141958713531494141e-01
2.978894710540771484e-01
2.876286506652832031e-01
2.935349941253662109e-01
2.503249645233154297e-01
1.514749526977539062e-01
3.069863319396972656e-01
2.880990505218505859e-01
2.980108261108398438e-01
2.846114635467529297e-01
1.256413459777832031e-01
2.512595653533935547e-01
2.876758575439453125e-01
2.659678459167480469e-01
2.222380638122558594e-01
2.210285663604736328e-01
2.696902751922607422e-01
2.672009468078613281e-01
2.950270175933837891e-01
2.763113975524902344e-01
2.408034801483154297e-01
2.435975074768066406e-01
2.459106445312500000e-01
2.446188926696777344e-01
3.007848262786865234e-01
2.960166931152343750e-01
2.836716175079345703e-01
2.800695896148681641e-01
2.769138813018798828e-01
7.372117042541503906e-02
2.891061305999755859e-01
2.942066192626953125e-01
2.945902347564697266e-01
2.932877540588378906e-01
3.134756088256835938e-01
1.986105442047119141e-01
3.255105018615722656e-01
2.977900505065917969e-01
3.072364330291748047e-01
3.054747581481933594e-01
3.058297634124755859e-01
2.099144458770751953e-01
3.031477928161621094e-01
2.842273712158203125e-01
2.966835498809814453e-01
2.878932952880859375e-01
2.871694564819335938e-01
2.027277946472167969e-01
6.822085380554199219e-02
2.385852336883544922e-01
2.844998836517333984e-01
2.821600437164306641e-01
2.830681800842285156e-01
2.882099151611328125e-01
3.020324707031250000e-01
2.897918224334716797e-01
2.859616279602050781e-01
3.038375377655029297e-01
2.874503135681152344e-01
1.965856552124023438e-01
3.007738590240478516e-01
2.829673290252685547e-01
2.954683303833007812e-01
2.925369739532470703e-01
2.868158817291259766e-01
1.933863162994384766e-01
2.966270446777343750e-01
9.383106231689453125e-02
2.724299430847167969e-01
2.968697547912597656e-01
2.583456039428710938e-01
1.699018478393554688e-01
3.055100440979003906e-01
2.880086898803710938e-01
2.857341766357421875e-01
2.968482971191406250e-01
2.805223464965820312e-01
1.815695762634277344e-01
2.991051673889160156e-01
2.931647300720214844e-01
2.870125770568847656e-01
2.930772304534912109e-01
3.043966293334960938e-01
2.298061847686767578e-01
3.034276962280273438e-01
2.855415344238281250e-01
1.184794902801513672e-01
2.574787139892578125e-01
2.584435939788818359e-01
2.650609016418457031e-01
2.954916954040527344e-01
2.978227138519287109e-01
2.775278091430664062e-01
2.957599163055419922e-01
2.303977012634277344e-01
1.978597640991210938e-01
2.956368923187255859e-01
2.890436649322509766e-01
2.866969108581542969e-01
2.776834964752197266e-01
2.860612869262695312e-01
2.412371635437011719e-01
2.970044612884521484e-01
2.908031940460205078e-01
2.878906726837158203e-01
1.295559406280517578e-01
2.871508598327636719e-01
2.815668582916259766e-01
3.031215667724609375e-01
2.955977916717529297e-01
3.024020195007324219e-01
3.090968132019042969e-01
3.115792274475097656e-01
2.193098068237304688e-01
3.171722888946533203e-01
3.036861419677734375e-01
2.919402122497558594e-01
2.903282642364501953e-01
2.911911010742187500e-01
1.677017211914062500e-01
2.934701442718505859e-01
2.900545597076416016e-01
2.790870666503906250e-01
2.827804088592529297e-01
9.097981452941894531e-02
2.582712173461914062e-01
3.029420375823974609e-01
2.821245193481445312e-01
2.915451526641845703e-01
3.007485866546630859e-01
2.779586315155029297e-01
1.931271553039550781e-01
2.988412380218505859e-01
2.779569625854492188e-01
2.805843353271484375e-01
2.818293571472167969e-01
2.813878059387207031e-01
1.155769824981689453e-01
3.038730621337890625e-01
2.845876216888427734e-01
2.941553592681884766e-01
2.988562583923339844e-01
2.874908447265625000e-01
9.625530242919921875e-02
2.895619869232177734e-01
2.934856414794921875e-01
3.071980476379394531e-01
2.931170463562011719e-01
2.735459804534912109e-01
2.049632072448730469e-01
3.119194507598876953e-01
2.859029769897460938e-01
3.044698238372802734e-01
2.998268604278564453e-01
3.111159801483154297e-01
2.340219020843505859e-01
3.077242374420166016e-01
2.938728332519531250e-01
2.751801013946533203e-01
2.943637371063232422e-01
2.402679920196533203e-01
2.135252952575683594e-01
1.086678504943847656e-01
2.472493648529052734e-01
2.488503456115722656e-01
2.606399059295654297e-01
2.685296535491943359e-01
2.783999443054199219e-01
2.962753772735595703e-01
2.977705001831054688e-01
2.938892841339111328e-01
2.821621894836425781e-01
2.846169471740722656e-01
1.502430438995361328e-01
3.038184642791748047e-01
2.923707962036132812e-01
2.946581840515136719e-01
2.918319702148437500e-01
2.929129600524902344e-01
1.742939949035644531e-01
2.960312366485595703e-01
7.435727119445800781e-02
2.829201221466064453e-01
2.849435806274414062e-01
2.888567447662353516e-01
2.472736835479736328e-01
3.146708011627197266e-01
2.933928966522216797e-01
3.049914836883544922e-01
3.063623905181884766e-01
3.017218112945556641e-01
2.026133537292480469e-01
2.865157127380371094e-01
2.898840904235839844e-01
2.918927669525146484e-01
2.840943336486816406e-01
2.790493965148925781e-01
2.077178955078125000e-01
2.998728752136230469e-01
2.956800460815429688e-01
7.792520523071289062e-02
2.516758441925048828e-01
2.597837448120117188e-01
2.457530498504638672e-01
3.073635101318359375e-01
2.989139556884765625e-01
2.941110134124755859e-01
2.835192680358886719e-01
2.836298942565917969e-01
1.965229511260986328e-01
2.929625511169433594e-01
2.897925376892089844e-01
2.971024513244628906e-01
2.879586219787597656e-01
3.031337261199951172e-01
2.261869907379150391e-01
3.030021190643310547e-01
2.931075096130371094e-01
2.892830371856689453e-01
1.142749786376953125e-01
2.905993461608886719e-01
2.848036289215087891e-01
3.129837512969970703e-01
2.787556648254394531e-01
2.765257358551025391e-01
2.804851531982421875e-01
2.816016674041748047e-01
1.356246471405029297e-01
3.033261299133300781e-01
2.958614826202392578e-01
2.980434894561767578e-01
2.910299301147460938e-01
2.921972274780273438e-01
1.927545070648193359e-01
3.017652034759521484e-01
2.804296016693115234e-01
2.796220779418945312e-01
2.846739292144775391e-01
9.603857994079589844e-02
2.750339508056640625e-01
2.982182502746582031e-01
2.937042713165283203e-01
2.950181961059570312e-01
2.982599735260009766e-01
2.902338504791259766e-01
2.068262100219726562e-01
3.036556243896484375e-01
2.924072742462158203e-01
2.820696830749511719e-01
2.442831993103027344e-01
2.236187458038330078e-01
1.788513660430908203e-01
2.932677268981933594e-01
2.970881462097167969e-01
2.971668243408203125e-01
2.866749763488769531e-01
2.915294170379638672e-01
8.563923835754394531e-02
2.584748268127441406e-01
2.096948623657226562e-01
2.144341468811035156e-01
2.473328113555908203e-01
2.794432640075683594e-01
2.991356849670410156e-01
3.140199184417724609e-01
2.948727607727050781e-01
2.702155113220214844e-01
2.369191646575927734e-01
2.277941703796386719e-01
2.199003696441650391e-01
3.079354763031005859e-01
2.993059158325195312e-01
2.843897342681884766e-01
2.902710437774658203e-01
2.842099666595458984e-01
1.806485652923583984e-01
7.402563095092773438e-02
2.197909355163574219e-01
2.651340961456298828e-01
2.876770496368408203e-01
2.853209972381591797e-01
2.929353713989257812e-01
2.964291572570800781e-01
2.964429855346679688e-01
2.906250953674316406e-01
2.929937839508056641e-01
2.950973510742187500e-01
1.620826721191406250e-01
3.033177852630615234e-01
2.954034805297851562e-01
2.793629169464111328e-01
2.863254547119140625e-01
2.302861213684082031e-01
1.953744888305664062e-01
2.936213016510009766e-01
8.437347412109375000e-02
2.920148372650146484e-01
2.981340885162353516e-01
3.040437698364257812e-01
2.369399070739746094e-01
3.101677894592285156e-01
3.016288280487060547e-01
2.886383533477783203e-01
2.937350273132324219e-01
3.000795841217041016e-01
2.479443550109863281e-01
3.055207729339599609e-01
2.914664745330810547e-01
2.930088043212890625e-01
2.946105003356933594e-01
2.899806499481201172e-01
1.971535682678222656e-01
3.063952922821044922e-01
3.016281127929687500e-01
7.016253471374511719e-02
2.318396568298339844e-01
2.657289505004882812e-01
2.816896438598632812e-01
3.048875331878662109e-01
2.896978855133056641e-01
2.919719219207763672e-01
2.948353290557861328e-01
2.988455295562744141e-01
1.990683078765869141e-01
2.968349456787109375e-01
2.893257141113281250e-01
2.968552112579345703e-01
2.778871059417724609e-01
2.806975841522216797e-01
1.849524974822998047e-01
3.005018234252929688e-01
2.830851078033447266e-01
2.864038944244384766e-01
1.259186267852783203e-01
2.807006835937500000e-01
1.846981048583984375e-01
3.014166355133056641e-01
2.935116291046142578e-01
2.882947921752929688e-01
2.966506481170654297e-01
2.948019504547119141e-01
2.243654727935791016e-01
3.042531013488769531e-01
2.856011390686035156e-01
2.845840454101562500e-01
2.825150489807128906e-01
2.806842327117919922e-01
1.937870979309082031e-01
3.078591823577880859e-01
2.898170948028564453e-01
2.942335605621337891e-01
2.840807437896728516e-01
1.152703762054443359e-01
2.632153034210205078e-01
3.022701740264892578e-01
2.897858619689941406e-01
2.699306011199951172e-01
2.881348133087158203e-01
2.440979480743408203e-01
2.018513679504394531e-01
3.012478351593017578e-01
2.896206378936767578e-01
2.895410060882568359e-01
2.682483196258544922e-01
2.664210796356201172e-01
2.360482215881347656e-01
2.872517108917236328e-01
2.975134849548339844e-01
2.976369857788085938e-01
2.787117958068847656e-01
2.793023586273193359e-01
7.855749130249023438e-02
2.754814624786376953e-01
2.530755996704101562e-01
2.324652671813964844e-01
2.372286319732666016e-01
2.221596240997314453e-01
2.915661334991455078e-01
3.163421154022216797e-01
3.027424812316894531e-01
2.987482547760009766e-01
3.002755641937255859e-01
2.819993495941162109e-01
1.459877490997314453e-01
3.106160163879394531e-01
2.942817211151123047e-01
2.866215705871582031e-01
2.888333797454833984e-01
2.817764282226562500e-01
2.245695590972900391e-01
6.858086585998535156e-02
2.228279113769531250e-01
2.755208015441894531e-01
2.903823852539062500e-01
2.901597023010253906e-01
2.867782115936279297e-01
3.006854057312011719e-01
2.929675579071044922e-01
2.930784225463867188e-01
2.955040931701660156e-01
2.908504009246826172e-01
1.473460197448730469e-01
2.948765754699707031e-01
2.829861640930175781e-01
2.854092121124267578e-01
2.708523273468017578e-01
2.723126411437988281e-01
2.392177581787109375e-01
2.995095252990722656e-01
3.443813323974609375e-02
2.747542858123779297e-01
2.578837871551513672e-01
2.615082263946533203e-01
2.788722515106201172e-01
3.106255531311035156e-01
2.969856262207031250e-01
2.894623279571533203e-01
3.049011230468750000e-01
3.020668029785156250e-01
2.265415191650390625e-01
3.146500587463378906e-01
2.791757583618164062e-01
2.741055488586425781e-01
2.941200733184814453e-01
2.484285831451416016e-01
2.286946773529052734e-01
3.001959323883056641e-01
2.905366420745849609e-01
1.144263744354248047e-01
2.539532184600830078e-01
2.738335132598876953e-01
2.691004276275634766e-01
2.949891090393066406e-01
2.997081279754638672e-01
2.995400428771972656e-01
2.896516323089599609e-01
2.836451530456542969e-01
1.895020008087158203e-01
3.069334030151367188e-01
2.910082340240478516e-01
2.845749855041503906e-01
2.976543903350830078e-01
2.922258377075195312e-01
1.999306678771972656e-01
3.042347431182861328e-01
3.034026622772216797e-01
2.961928844451904297e-01
9.842300415039062500e-02
2.967536449432373047e-01
2.791535854339599609e-01
3.046522140502929688e-01
2.877993583679199219e-01
2.661004066467285156e-01
2.425985336303710938e-01
2.540664672851562500e-01
2.591838836669921875e-01
3.075907230377197266e-01
2.872071266174316406e-01
2.872288227081298828e-01
2.765119075775146484e-01
2.671937942504882812e-01
2.320740222930908203e-01
2.813045978546142578e-01
2.386276721954345703e-01
2.185890674591064453e-01
2.116777896881103516e-01
1.349499225616455078e-01
2.333190441131591797e-01
3.053116798400878906e-01
3.043889999389648438e-01
2.961127758026123047e-01
2.958648204803466797e-01
2.921366691589355469e-01
1.809899806976318359e-01
2.953467369079589844e-01
2.836623191833496094e-01
2.542095184326171875e-01
2.303791046142578125e-01
2.078197002410888672e-01
2.171018123626708984e-01
3.003098964691162109e-01
2.914261817932128906e-01
2.813925743103027344e-01
2.377552986145019531e-01
2.684080600738525391e-01
9.969973564147949219e-02
2.980828285217285156e-01
3.120298385620117188e-01
3.002998828887939453e-01
3.056106567382812500e-01
2.369847297668457031e-01
1.925318241119384766e-01
3.063678741455078125e-01
3.050334453582763672e-01
3.026907444000244141e-01
2.947201728820800781e-01
2.868349552154541016e-01
1.730573177337646484e-01
3.111557960510253906e-01
2.945942878723144531e-01
2.898871898651123047e-01
2.849314212799072266e-01
2.934119701385498047e-01
2.094199657440185547e-01
6.851744651794433594e-02
2.286596298217773438e-01
2.781066894531250000e-01
2.827048301696777344e-01
3.033721446990966797e-01
2.918050289154052734e-01
3.089516162872314453e-01
2.984218597412109375e-01
2.895417213439941406e-01
2.710382938385009766e-01
2.278578281402587891e-01
1.577732563018798828e-01
3.054862022399902344e-01
3.080658912658691406e-01
2.945530414581298828e-01
2.844774723052978516e-01
2.927489280700683594e-01
1.774218082427978516e-01
2.944655418395996094e-01
1.136257648468017578e-01
2.322609424591064453e-01
2.180347442626953125e-01
2.184762954711914062e-01
2.545311450958251953e-01
3.111793994903564453e-01
2.974202632904052734e-01
2.888445854187011719e-01
2.686214447021484375e-01
2.388367652893066406e-01
1.936805248260498047e-01
3.094639778137207031e-01
2.843549251556396484e-01
2.768909931182861328e-01
2.918343544006347656e-01
2.855665683746337891e-01
1.865959167480468750e-01
3.007409572601318359e-01
2.833461761474609375e-01
2.646303176879882812e-02
2.749047279357910156e-01
2.945115566253662109e-01
2.939012050628662109e-01
2.974848747253417969e-01
2.961339950561523438e-01
2.792956829071044922e-01
2.941889762878417969e-01
2.917656898498535156e-01
2.072205543518066406e-01
2.924141883850097656e-01
3.003439903259277344e-01
2.786524295806884766e-01
2.915327548980712891e-01
2.125303745269775391e-01
1.773328781127929688e-01
3.035452365875244141e-01
2.928924560546875000e-01
2.932181358337402344e-01
1.201515197753906250e-01
3.089756965637207031e-01
2.687668800354003906e-01
3.089809417724609375e-01
2.970027923583984375e-01
3.060190677642822266e-01
3.000259399414062500e-01
2.951929569244384766e-01
1.937391757965087891e-01
3.014748096466064453e-01
2.846660614013671875e-01
2.781076431274414062e-01
2.547059059143066406e-01
2.447524070739746094e-01
2.449555397033691406e-01
2.968776226043701172e-01
2.656445503234863281e-01
2.178673744201660156e-01
2.112901210784912109e-01
1.243510246276855469e-01
2.565209865570068359e-01
2.686140537261962891e-01
2.126421928405761719e-01
2.186887264251708984e-01
2.287132740020751953e-01
2.587852478027343750e-01
2.665197849273681641e-01
3.010721206665039062e-01
2.905566692352294922e-01
2.836081981658935547e-01
2.891323566436767578e-01
2.742645740509033203e-01
2.221016883850097656e-01
2.987072467803955078e-01
2.877814769744873047e-01
2.957818508148193359e-01
2.852761745452880859e-01
2.230165004730224609e-01
5.781245231628417969e-02
3.016479015350341797e-01
2.922091484069824219e-01
2.955806255340576172e-01
2.913727760314941406e-01
3.086047172546386719e-01
2.013769149780273438e-01
3.009066581726074219e-01
2.847669124603271484e-01
2.537732124328613281e-01
2.243106365203857422e-01
2.352044582366943359e-01
2.561986446380615234e-01
3.013112545013427734e-01
2.931017875671386719e-01
2.819759845733642578e-01
2.925255298614501953e-01
2.806363105773925781e-01
1.647386550903320312e-01
6.503677368164062500e-02
2.262468338012695312e-01
2.732689380645751953e-01
2.910339832305908203e-01
2.886340618133544922e-01
2.908613681793212891e-01
3.005707263946533203e-01
2.991664409637451172e-01
2.814714908599853516e-01
2.937302589416503906e-01
2.894263267517089844e-01
2.209644317626953125e-01
3.040027618408203125e-01
2.863256931304931641e-01
3.016331195831298828e-01
2.914733886718750000e-01
2.846741676330566406e-01
1.900475025177001953e-01
3.016321659088134766e-01
1.302881240844726562e-01
2.485125064849853516e-01
2.528831958770751953e-01
2.970423698425292969e-01
2.774114608764648438e-01
3.113245964050292969e-01
2.956116199493408203e-01
2.726960182189941406e-01
2.785713672637939453e-01
2.525310516357421875e-01
1.453323364257812500e-01
3.006033897399902344e-01
2.844383716583251953e-01
2.663323879241943359e-01
2.384371757507324219e-01
2.528271675109863281e-01
2.685282230377197266e-01
3.008718490600585938e-01
3.038210868835449219e-01
1.245315074920654297e-01
2.680060863494873047e-01
2.727138996124267578e-01
2.649953365325927734e-01
3.014063835144042969e-01
2.853288650512695312e-01
2.958710193634033203e-01
2.864248752593994141e-01
2.226190567016601562e-01
1.166563034057617188e-01
3.017301559448242188e-01
2.940571308135986328e-01
2.775428295135498047e-01
2.904999256134033203e-01
2.863850593566894531e-01
2.094104290008544922e-01
2.924883365631103516e-01
2.806448936462402344e-01
2.959294319152832031e-01
8.729052543640136719e-02
2.936849594116210938e-01
2.731044292449951172e-01
3.149302005767822266e-01
2.912297248840332031e-01
2.936244010925292969e-01
2.990407943725585938e-01
2.950661182403564453e-01
2.053086757659912109e-01
2.980043888092041016e-01
2.686183452606201172e-01
2.288520336151123047e-01
2.005114555358886719e-01
2.316515445709228516e-01
2.533919811248779297e-01
2.971029281616210938e-01
2.691493034362792969e-01
2.758853435516357422e-01
2.754828929901123047e-01
1.197388172149658203e-01
2.694032192230224609e-01
3.003339767456054688e-01
2.976679801940917969e-01
2.871174812316894531e-01
2.868518829345703125e-01
2.845656871795654297e-01
2.199628353118896484e-01
2.826073169708251953e-01
2.661185264587402344e-01
2.404618263244628906e-01
2.313923835754394531e-01
2.494688034057617188e-01
2.453391551971435547e-01
2.982931137084960938e-01
2.666387557983398438e-01
2.198317050933837891e-01
1.996059417724609375e-01
2.396693229675292969e-01
1.383233070373535156e-01
2.682290077209472656e-01
2.286181449890136719e-01
2.248442173004150391e-01
2.472746372222900391e-01
2.668592929840087891e-01
2.914814949035644531e-01
3.195180892944335938e-01
3.076777458190917969e-01
2.985615730285644531e-01
3.052773475646972656e-01
2.912769317626953125e-01
2.012922763824462891e-01
3.090527057647705078e-01
2.886137962341308594e-01
2.888002395629882812e-01
2.923130989074707031e-01
2.883658409118652344e-01
1.027195453643798828e-01
6.907749176025390625e-02
2.271344661712646484e-01
2.718069553375244141e-01
2.749278545379638672e-01
2.983603477478027344e-01
2.939107418060302734e-01
2.935802936553955078e-01
2.745964527130126953e-01
2.338163852691650391e-01
2.174782752990722656e-01
2.555391788482666016e-01
2.571883201599121094e-01
3.041293621063232422e-01
2.908697128295898438e-01
2.970263957977294922e-01
2.923567295074462891e-01
2.832584381103515625e-01
2.031731605529785156e-01
2.990901470184326172e-01
7.040834426879882812e-02
2.643671035766601562e-01
2.479679584503173828e-01
2.746696472167968750e-01
2.396714687347412109e-01
3.088145256042480469e-01
2.879216670989990234e-01
2.614769935607910156e-01
2.448244094848632812e-01
2.587802410125732422e-01
2.689077854156494141e-01
3.081820011138916016e-01
2.918989658355712891e-01
2.818398475646972656e-01
2.780699729919433594e-01
2.702567577362060547e-01
2.152161598205566406e-01
3.106606006622314453e-01
2.976729869842529297e-01
1.049261093139648438e-01
2.507719993591308594e-01
2.486188411712646484e-01
2.703275680541992188e-01
3.050556182861328125e-01
2.764358520507812500e-01
2.256586551666259766e-01
1.914069652557373047e-01
2.308316230773925781e-01
2.226185798645019531e-01
3.002233505249023438e-01
2.879810333251953125e-01
2.853281497955322266e-01
2.950794696807861328e-01
2.980327606201171875e-01
2.019898891448974609e-01
2.997510433197021484e-01
3.014187812805175781e-01
2.802724838256835938e-01
1.156377792358398438e-01
3.061408996582031250e-01
2.539799213409423828e-01
3.035142421722412109e-01
2.823181152343750000e-01
2.863211631774902344e-01
3.034477233886718750e-01
2.661468982696533203e-01
7.729339599609375000e-02
3.043355941772460938e-01
2.950165271759033203e-01
2.857434749603271484e-01
2.926771640777587891e-01
2.813677787780761719e-01
2.319934368133544922e-01
2.963643074035644531e-01
2.946095466613769531e-01
2.867877483367919922e-01
3.049240112304687500e-01
1.149156093597412109e-01
2.694253921508789062e-01
2.954103946685791016e-01
2.833702564239501953e-01
2.645463943481445312e-01
2.164454460144042969e-01
2.419509887695312500e-01
2.479417324066162109e-01
3.051264286041259766e-01
2.861649990081787109e-01
2.782428264617919922e-01
2.915656566619873047e-01
2.446284294128417969e-01
2.116956710815429688e-01
2.926378250122070312e-01
2.952082157135009766e-01
2.823867797851562500e-01
2.868137359619140625e-01
2.811458110809326172e-01
9.829306602478027344e-02
2.681190967559814453e-01
2.548658847808837891e-01
2.239563465118408203e-01
2.439913749694824219e-01
2.530956268310546875e-01
3.065450191497802734e-01
3.073360919952392578e-01
2.583389282226562500e-01
2.276732921600341797e-01
2.184145450592041016e-01
2.579932212829589844e-01
2.706274986267089844e-01
2.933564186096191406e-01
2.410063743591308594e-01
2.104227542877197266e-01
2.236757278442382812e-01
2.438926696777343750e-01
2.269134521484375000e-01
6.349372863769531250e-02
2.379324436187744141e-01
2.776827812194824219e-01
2.817664146423339844e-01
2.822127342224121094e-01
2.749207019805908203e-01
2.757825851440429688e-01
2.354331016540527344e-01
2.152700424194335938e-01
2.114856243133544922e-01
2.293598651885986328e-01
2.554543018341064453e-01
2.869699001312255859e-01
2.719016075134277344e-01
2.191219329833984375e-01
2.006752490997314453e-01
1.947796344757080078e-01
2.733480930328369141e-01
2.989273071289062500e-01
7.051587104797363281e-02
2.310640811920166016e-01
2.274322509765625000e-01
2.475059032440185547e-01
2.638680934906005859e-01
3.159193992614746094e-01
2.939822673797607422e-01
3.080065250396728516e-01
2.989454269409179688e-01
2.851040363311767578e-01
2.041039466857910156e-01
3.079462051391601562e-01
3.064057826995849609e-01
2.912135124206542969e-01
2.821536064147949219e-01
2.912235260009765625e-01
2.604956626892089844e-01
2.931158542633056641e-01
2.851300239562988281e-01
1.036767959594726562e-01
1.941695213317871094e-01
2.737901210784912109e-01
2.943694591522216797e-01
3.013870716094970703e-01
2.921080589294433594e-01
2.837162017822265625e-01
2.902855873107910156e-01
2.865128517150878906e-01
2.392115592956542969e-01
3.038716316223144531e-01
2.947175502777099609e-01
3.026013374328613281e-01
2.909688949584960938e-01
2.880089282989501953e-01
1.445150375366210938e-01
3.021266460418701172e-01
2.826528549194335938e-01
2.984697818756103516e-01
1.121945381164550781e-01
2.923305034637451172e-01
2.844448089599609375e-01
3.190591335296630859e-01
3.031904697418212891e-01
2.913179397583007812e-01
3.012726306915283203e-01
2.899122238159179688e-01
1.642837524414062500e-01
2.998249530792236328e-01
2.971544265747070312e-01
2.931883335113525391e-01
2.803614139556884766e-01
2.812259197235107422e-01
2.535462379455566406e-01
3.006999492645263672e-01
2.959413528442382812e-01
2.933688163757324219e-01
2.928705215454101562e-01
1.053135395050048828e-01
2.638239860534667969e-01
3.046216964721679688e-01
2.995443344116210938e-01
3.030092716217041016e-01
2.843728065490722656e-01
2.179999351501464844e-01
1.233310699462890625e-01
2.841923236846923828e-01
2.604546546936035156e-01
2.384555339813232422e-01
2.399382591247558594e-01
2.616782188415527344e-01
2.480788230895996094e-01
2.947475910186767578e-01
2.952425479888916016e-01
2.973408699035644531e-01
2.790153026580810547e-01
2.896966934204101562e-01
9.355211257934570312e-02
2.521860599517822266e-01
2.616400718688964844e-01
2.634310722351074219e-01
2.749528884887695312e-01
2.580416202545166016e-01
2.843935489654541016e-01
3.127560615539550781e-01
2.979767322540283203e-01
2.989583015441894531e-01
2.479255199432373047e-01
2.662527561187744141e-01
2.007999420166015625e-01
2.923645973205566406e-01
2.660763263702392578e-01
2.190268039703369141e-01
2.524638175964355469e-01
2.564475536346435547e-01
2.701330184936523438e-01
6.164884567260742188e-02
2.337520122528076172e-01
2.769498825073242188e-01
2.955057621002197266e-01
2.808516025543212891e-01
2.906217575073242188e-01
2.797088623046875000e-01
2.493269443511962891e-01
2.334268093109130859e-01
2.368738651275634766e-01
2.380123138427734375e-01
2.703335285186767578e-01
2.827675342559814453e-01
2.220976352691650391e-01
2.005691528320312500e-01
2.291276454925537109e-01
2.462470531463623047e-01
2.388541698455810547e-01
3.028500080108642578e-01
1.148023605346679688e-01
2.907462120056152344e-01
3.005490303039550781e-01
3.128297328948974609e-01
2.411994934082031250e-01
3.152003288269042969e-01
2.946631908416748047e-01
2.925012111663818359e-01
3.014049530029296875e-01
2.989728450775146484e-01
2.186851501464843750e-01
3.056399822235107422e-01
2.958097457885742188e-01
2.915289402008056641e-01
3.021645545959472656e-01
2.938563823699951172e-01
1.601138114929199219e-01
2.992064952850341797e-01
2.886865139007568359e-01
2.626323699951171875e-02
2.743294239044189453e-01
2.833163738250732422e-01
3.004188537597656250e-01
2.897086143493652344e-01
2.863147258758544922e-01
2.923998832702636719e-01
2.956223487854003906e-01
2.823615074157714844e-01
1.285953521728515625e-01
2.956831455230712891e-01
2.944624423980712891e-01
2.968344688415527344e-01
2.875721454620361328e-01
2.818984985351562500e-01
1.879734992980957031e-01
3.023808002471923828e-01
2.875568866729736328e-01
2.786943912506103516e-01
7.381343841552734375e-02
2.898128032684326172e-01
2.517371177673339844e-01
3.056857585906982422e-01
2.850947380065917969e-01
2.854523658752441406e-01
2.821800708770751953e-01
2.655696868896484375e-01
2.496430873870849609e-01
3.061795234680175781e-01
2.927927970886230469e-01
2.810609340667724609e-01
2.910022735595703125e-01
2.948029041290283203e-01
2.233779430389404297e-01
2.805922031402587891e-01
2.886974811553955078e-01
2.841184139251708984e-01
2.903618812561035156e-01
1.181051731109619141e-01
2.741613388061523438e-01
2.990076541900634766e-01
2.797536849975585938e-01
2.360031604766845703e-01
2.112896442413330078e-01
2.213816642761230469e-01
2.059760093688964844e-01
3.033957481384277344e-01
2.971737384796142578e-01
2.906658649444580078e-01
2.823841571807861328e-01
2.900936603546142578e-01
1.751561164855957031e-01
2.996814250946044922e-01
2.958157062530517578e-01
2.898941040039062500e-01
2.893486022949218750e-01
2.920348644256591797e-01
8.751273155212402344e-02
2.601015567779541016e-01
2.296745777130126953e-01
2.260341644287109375e-01
2.709019184112548828e-01
2.915053367614746094e-01
2.400512695312500000e-01
3.133695125579833984e-01
3.026273250579833984e-01
3.001959323883056641e-01
2.989249229431152344e-01
3.007526397705078125e-01
2.201685905456542969e-01
3.026702404022216797e-01
2.792792320251464844e-01
2.978451251983642578e-01
2.907385826110839844e-01
2.839033603668212891e-01
1.854639053344726562e-01
8.179736137390136719e-02
2.344644069671630859e-01
2.679700851440429688e-01
2.700023651123046875e-01
2.781085968017578125e-01
2.794768810272216797e-01
2.896621227264404297e-01
2.881805896759033203e-01
2.738535404205322266e-01
2.895042896270751953e-01
2.473366260528564453e-01
2.207698822021484375e-01
2.990720272064208984e-01
2.964596748352050781e-01
2.992694377899169922e-01
2.938020229339599609e-01
2.811856269836425781e-01
1.822242736816406250e-01
2.888236045837402344e-01
1.226112842559814453e-01
2.671113014221191406e-01
2.419395446777343750e-01
2.387571334838867188e-01
2.590408325195312500e-01
3.104131221771240234e-01
2.975714206695556641e-01
2.999885082244873047e-01
2.894029617309570312e-01
2.794313430786132812e-01
2.342429161071777344e-01
2.985429763793945312e-01
2.717266082763671875e-01
2.136859893798828125e-01
2.076036930084228516e-01
2.561681270599365234e-01
2.319805622100830078e-01
3.070378303527832031e-01
3.013103008270263672e-01
1.173706054687500000e-01
2.523493766784667969e-01
2.759757041931152344e-01
2.692441940307617188e-01
2.978568077087402344e-01
2.941033840179443359e-01
2.860207557678222656e-01
2.961475849151611328e-01
2.902154922485351562e-01
1.931593418121337891e-01
2.894740104675292969e-01
2.957670688629150391e-01
2.918417453765869141e-01
2.911453247070312500e-01
2.193732261657714844e-01
1.392130851745605469e-01
3.051261901855468750e-01
2.957029342651367188e-01
2.916426658630371094e-01
1.270627975463867188e-01
2.886784076690673828e-01
2.597212791442871094e-01
3.094358444213867188e-01
2.843556404113769531e-01
2.944924831390380859e-01
2.973988056182861328e-01
2.978420257568359375e-01
2.216227054595947266e-01
3.118138313293457031e-01
2.885670661926269531e-01
2.874522209167480469e-01
2.803430557250976562e-01
2.782645225524902344e-01
2.345359325408935547e-01
3.056499958038330078e-01
2.840163707733154297e-01
2.763636112213134766e-01
2.847993373870849609e-01
1.173012256622314453e-01
1.501359939575195312e-01
2.900564670562744141e-01
3.010513782501220703e-01
2.940509319305419922e-01
2.889382839202880859e-01
2.941346168518066406e-01
1.749632358551025391e-01
3.056342601776123047e-01
2.858443260192871094e-01
2.733402252197265625e-01
2.908768653869628906e-01
2.899799346923828125e-01
1.610813140869140625e-01
3.029675483703613281e-01
2.848668098449707031e-01
2.874062061309814453e-01
2.936556339263916016e-01
2.920773029327392578e-01
7.156491279602050781e-02
2.783572673797607422e-01
3.091301918029785156e-01
3.017547130584716797e-01
3.032968044281005859e-01
2.296109199523925781e-01
1.843464374542236328e-01
3.132255077362060547e-01
2.903337478637695312e-01
3.083286285400390625e-01
2.960195541381835938e-01
2.923250198364257812e-01
1.977684497833251953e-01
3.007400035858154297e-01
2.975466251373291016e-01
2.917664051055908203e-01
2.733221054077148438e-01
2.861092090606689453e-01
1.677062511444091797e-01
7.333159446716308594e-02
2.212543487548828125e-01
2.737653255462646484e-01
2.707526683807373047e-01
2.863271236419677734e-01
2.590661048889160156e-01
2.988495826721191406e-01
2.903544902801513672e-01
3.012096881866455078e-01
2.873084545135498047e-01
2.931995391845703125e-01
1.855664253234863281e-01
3.049554824829101562e-01
2.967832088470458984e-01
2.856740951538085938e-01
2.880976200103759766e-01
2.898466587066650391e-01
2.208940982818603516e-01
3.010122776031494141e-01
1.128027439117431641e-01
2.831141948699951172e-01
2.944824695587158203e-01
2.964761257171630859e-01
2.148423194885253906e-01
3.014140129089355469e-01
2.952401638031005859e-01
2.748045921325683594e-01
2.989587783813476562e-01
2.257146835327148438e-01
1.982936859130859375e-01
3.074345588684082031e-01
2.803442478179931641e-01
2.760827541351318359e-01
2.779290676116943359e-01
2.844266891479492188e-01
2.499017715454101562e-01
2.978315353393554688e-01
2.697079181671142578e-01
4.289603233337402344e-02
2.745914459228515625e-01
2.843618392944335938e-01
2.914278507232666016e-01
3.028745651245117188e-01
2.914659976959228516e-01
2.713773250579833984e-01
2.225203514099121094e-01
2.202870845794677734e-01
2.319536209106445312e-01
3.053040504455566406e-01
2.999794483184814453e-01
2.907388210296630859e-01
2.934246063232421875e-01
2.648046016693115234e-01
1.555888652801513672e-01
2.875247001647949219e-01
2.795455455780029297e-01
2.604439258575439453e-01
7.338380813598632812e-02
2.910053730010986328e-01
2.673921585083007812e-01
3.135852813720703125e-01
2.854969501495361328e-01
3.060784339904785156e-01
3.027932643890380859e-01
3.044495582580566406e-01
1.847965717315673828e-01
3.088543415069580078e-01
2.962718009948730469e-01
2.885820865631103516e-01
2.901337146759033203e-01
2.275955677032470703e-01
1.268520355224609375e-01
3.018927574157714844e-01
2.889096736907958984e-01
2.980449199676513672e-01
2.827663421630859375e-01
1.169781684875488281e-01
2.646627426147460938e-01
2.921197414398193359e-01
2.948958873748779297e-01
2.947394847869873047e-01
2.864696979522705078e-01
2.810251712799072266e-01
1.723196506500244141e-01
2.965669631958007812e-01
2.915508747100830078e-01
2.818744182586669922e-01
2.900297641754150391e-01
2.768378257751464844e-01
1.665318012237548828e-01
2.997741699218750000e-01
3.014049530029296875e-01
2.971196174621582031e-01
2.941780090332031250e-01
2.825493812561035156e-01
6.000661849975585938e-02
2.900314331054687500e-01
2.907681465148925781e-01
3.048732280731201172e-01
3.122961521148681641e-01
3.062567710876464844e-01
1.452250480651855469e-01
3.177685737609863281e-01
3.048784732818603516e-01
2.905721664428710938e-01
2.921748161315917969e-01
2.929518222808837891e-01
2.000181674957275391e-01
3.092448711395263672e-01
2.896552085876464844e-01
2.927842140197753906e-01
2.856671810150146484e-01
2.855870723724365234e-01
1.958405971527099609e-01
1.154146194458007812e-01
1.962449550628662109e-01
2.633159160614013672e-01
2.915129661560058594e-01
2.661819458007812500e-01
2.716238498687744141e-01
2.825064659118652344e-01
2.441327571868896484e-01
2.194037437438964844e-01
2.462370395660400391e-01
2.639374732971191406e-01
2.636771202087402344e-01
2.986335754394531250e-01
2.693808078765869141e-01
2.830436229705810547e-01
2.792768478393554688e-01
2.754557132720947266e-01
1.961019039154052734e-01
2.997040748596191406e-01
1.016540527343750000e-01
2.872266769409179688e-01
2.949812412261962891e-01
2.650427818298339844e-01
1.649622917175292969e-01
3.084819316864013672e-01
2.936866283416748047e-01
3.052277565002441406e-01
2.895464897155761719e-01
2.926380634307861328e-01
1.881289482116699219e-01
2.916295528411865234e-01
2.993555068969726562e-01
2.960140705108642578e-01
2.765853404998779297e-01
2.869844436645507812e-01
1.757931709289550781e-01
2.940869331359863281e-01
2.835764884948730469e-01
1.138617992401123047e-01
2.689690589904785156e-01
2.673864364624023438e-01
2.706327438354492188e-01
3.015873432159423828e-01
2.851488590240478516e-01
2.818739414215087891e-01
2.861051559448242188e-01
2.515239715576171875e-01
2.141301631927490234e-01
3.041462898254394531e-01
2.863442897796630859e-01
3.018703460693359375e-01
2.865331172943115234e-01
2.941009998321533203e-01
1.746704578399658203e-01
3.043687343597412109e-01
2.879824638366699219e-01
3.018276691436767578e-01
1.133017539978027344e-01
2.369079589843750000e-01
2.604348659515380859e-01
2.559788227081298828e-01
2.222764492034912109e-01
2.287406921386718750e-01
2.768700122833251953e-01
2.705609798431396484e-01
2.928116321563720703e-01
3.017740249633789062e-01
2.794339656829833984e-01
2.285337448120117188e-01
1.941189765930175781e-01
2.299907207489013672e-01
2.484817504882812500e-01
2.972245216369628906e-01
2.912805080413818359e-01
2.818582057952880859e-01
2.851486206054687500e-01
1.280078887939453125e-01
2.674603462219238281e-01
2.979609966278076172e-01
2.959334850311279297e-01
2.936747074127197266e-01
2.765879631042480469e-01
2.911238670349121094e-01
2.424883842468261719e-01
3.029687404632568359e-01
2.855033874511718750e-01
2.855520248413085938e-01
2.993359565734863281e-01
2.211163043975830078e-01
1.509990692138671875e-01
2.874066829681396484e-01
3.005387783050537109e-01
2.937345504760742188e-01
2.880809307098388672e-01
2.810187339782714844e-01
7.662749290466308594e-02
2.922956943511962891e-01
2.869594097137451172e-01
2.961595058441162109e-01
2.985394001007080078e-01
3.050510883331298828e-01
1.971387863159179688e-01
3.144104480743408203e-01
2.971935272216796875e-01
2.904565334320068359e-01
2.949473857879638672e-01
2.991876602172851562e-01
2.245464324951171875e-01
2.893378734588623047e-01
2.551405429840087891e-01
2.226085662841796875e-01
2.130677700042724609e-01
2.458517551422119141e-01
2.498164176940917969e-01
7.297492027282714844e-02
2.241389751434326172e-01
2.706003189086914062e-01
2.828757762908935547e-01
2.779076099395751953e-01
2.741150856018066406e-01
2.906582355499267578e-01
2.962460517883300781e-01
2.928283214569091797e-01
2.933425903320312500e-01
2.857956886291503906e-01
1.459717750549316406e-01
3.037221431732177734e-01
2.905783653259277344e-01
3.005092144012451172e-01
2.921535968780517578e-01
2.877209186553955078e-01
2.055468559265136719e-01
3.068344593048095703e-01
5.581665039062500000e-02
2.463107109069824219e-01
2.461075782775878906e-01
2.708480358123779297e-01
2.809896469116210938e-01
3.175940513610839844e-01
2.922649383544921875e-01
2.947864532470703125e-01
2.862980365753173828e-01
2.728450298309326172e-01
2.314386367797851562e-01
3.140029907226562500e-01
3.015685081481933594e-01
2.994863986968994141e-01
2.909057140350341797e-01
2.910170555114746094e-01
2.025394439697265625e-01
2.896335124969482422e-01
2.761695384979248047e-01
1.090903282165527344e-01
2.625625133514404297e-01
2.604641914367675781e-01
1.997709274291992188e-01
2.936236858367919922e-01
2.894601821899414062e-01
2.965650558471679688e-01
2.918236255645751953e-01
2.851562500000000000e-01
2.135879993438720703e-01
2.921605110168457031e-01
2.871637344360351562e-01
2.914943695068359375e-01
3.009150028228759766e-01
2.916579246520996094e-01
1.826148033142089844e-01
2.971396446228027344e-01
2.768671512603759766e-01
2.784211635589599609e-01
1.201281547546386719e-01
2.907755374908447266e-01
2.848982810974121094e-01
2.986624240875244141e-01
3.049218654632568359e-01
2.829866409301757812e-01
3.058371543884277344e-01
2.275168895721435547e-01
1.974472999572753906e-01
2.870564460754394531e-01
2.992994785308837891e-01
2.942385673522949219e-01
2.884783744812011719e-01
2.886321544647216797e-01
1.481721401214599609e-01
2.954120635986328125e-01
2.931535243988037109e-01
2.944681644439697266e-01
2.871932983398437500e-01
1.158576011657714844e-01
2.517011165618896484e-01
3.004972934722900391e-01
2.930126190185546875e-01
2.938945293426513672e-01
2.859559059143066406e-01
2.843387126922607422e-01
1.622247695922851562e-01
3.035745620727539062e-01
2.979547977447509766e-01
2.862937450408935547e-01
2.928767204284667969e-01
2.892184257507324219e-01
1.373093128204345703e-01
3.067646026611328125e-01
2.940173149108886719e-01
3.008463382720947266e-01
2.993497848510742188e-01
2.930178642272949219e-01
9.881949424743652344e-02
2.577764987945556641e-01
2.662408351898193359e-01
2.670407295227050781e-01
2.929854393005371094e-01
2.864031791687011719e-01
2.807476520538330078e-01
3.226516246795654297e-01
3.020370006561279297e-01
2.984046936035156250e-01
2.924582958221435547e-01
2.289481163024902344e-01
1.165018081665039062e-01
3.000352382659912109e-01
2.872247695922851562e-01
2.906177043914794922e-01
2.886998653411865234e-01
2.865674495697021484e-01
2.199459075927734375e-01
6.497883796691894531e-02
2.290971279144287109e-01
2.777476310729980469e-01
2.874786853790283203e-01
2.835810184478759766e-01
2.909328937530517578e-01
2.987456321716308594e-01
2.898087501525878906e-01
2.834336757659912109e-01
2.893941402435302734e-01
2.879493236541748047e-01
2.024571895599365234e-01
2.936203479766845703e-01
2.925429344177246094e-01
2.736220359802246094e-01
2.949752807617187500e-01
2.131109237670898438e-01
1.914303302764892578e-01
3.022344112396240234e-01
1.247422695159912109e-01
2.828512191772460938e-01
2.908270359039306641e-01
3.073370456695556641e-01
2.358112335205078125e-01
3.184137344360351562e-01
2.947964668273925781e-01
3.026375770568847656e-01
3.041751384735107422e-01
3.005354404449462891e-01
1.928284168243408203e-01
3.044271469116210938e-01
3.045549392700195312e-01
2.940745353698730469e-01
2.914142608642578125e-01
2.839832305908203125e-01
1.671242713928222656e-01
3.145649433135986328e-01
2.935369014739990234e-01
1.151120662689208984e-01
2.461309432983398438e-01
2.519516944885253906e-01
2.346014976501464844e-01
2.950606346130371094e-01
2.957434654235839844e-01
2.948143482208251953e-01
2.745058536529541016e-01
2.718615531921386719e-01
1.520421504974365234e-01
2.998580932617187500e-01
2.992472648620605469e-01
2.908215522766113281e-01
2.913346290588378906e-01
2.946336269378662109e-01
2.219710350036621094e-01
2.984545230865478516e-01
3.032979965209960938e-01
2.953677177429199219e-01
1.095476150512695312e-01
2.877554893493652344e-01
1.383037567138671875e-01
3.044159412384033203e-01
2.948787212371826172e-01
2.941455841064453125e-01
2.943758964538574219e-01
3.060314655303955078e-01
1.917934417724609375e-01
3.116304874420166016e-01
2.977452278137207031e-01
2.961452007293701172e-01
2.739849090576171875e-01
3.051755428314208984e-01
1.919221878051757812e-01
3.034548759460449219e-01
2.987456321716308594e-01
2.943792343139648438e-01
2.801043987274169922e-01
1.115550994873046875e-01
2.410793304443359375e-01
2.937493324279785156e-01
2.917189598083496094e-01
2.735936641693115234e-01
2.821297645568847656e-01
2.315590381622314453e-01
1.858482360839843750e-01
3.037145137786865234e-01
2.986333370208740234e-01
2.764341831207275391e-01
3.010001182556152344e-01
2.941100597381591797e-01
2.032344341278076172e-01
3.016426563262939453e-01
2.962453365325927734e-01
2.956626415252685547e-01
2.731709480285644531e-01
2.865328788757324219e-01
1.049273014068603516e-01
2.948508262634277344e-01
2.984611988067626953e-01
2.886075973510742188e-01
2.856960296630859375e-01
2.930240631103515625e-01
1.916279792785644531e-01
3.060662746429443359e-01
3.005592823028564453e-01
2.902252674102783203e-01
2.841622829437255859e-01
2.883148193359375000e-01
1.551837921142578125e-01
2.998032569885253906e-01
2.722966670989990234e-01
2.901360988616943359e-01
2.907011508941650391e-01
2.804417610168457031e-01
2.151887416839599609e-01
8.549642562866210938e-02
2.203834056854248047e-01
2.709412574768066406e-01
2.845170497894287109e-01
2.877807617187500000e-01
2.695348262786865234e-01
2.945427894592285156e-01
2.966456413269042969e-01
2.921409606933593750e-01
2.825880050659179688e-01
2.103948593139648438e-01
1.215064525604248047e-01
2.997214794158935547e-01
2.983677387237548828e-01
2.827248573303222656e-01
2.824053764343261719e-01
2.946059703826904297e-01
1.732218265533447266e-01
2.867777347564697266e-01
1.286683082580566406e-01
3.060398101806640625e-01
3.099865913391113281e-01
2.992038726806640625e-01
2.339415550231933594e-01
3.063914775848388672e-01
3.006916046142578125e-01
3.043611049652099609e-01
2.981216907501220703e-01
2.848005294799804688e-01
1.778526306152343750e-01
3.113021850585937500e-01
2.927091121673583984e-01
2.851269245147705078e-01
2.875154018402099609e-01
2.818191051483154297e-01
1.281764507293701172e-01
3.060979843139648438e-01
2.974586486816406250e-01
1.198410987854003906e-01
2.652497291564941406e-01
2.490088939666748047e-01
2.698633670806884766e-01
2.973713874816894531e-01
2.944033145904541016e-01
2.881419658660888672e-01
2.897820472717285156e-01
2.890419960021972656e-01
2.116856575012207031e-01
2.914788722991943359e-01
2.988016605377197266e-01
2.856786251068115234e-01
2.755053043365478516e-01
2.784185409545898438e-01
1.792466640472412109e-01
3.000559806823730469e-01
2.952847480773925781e-01
2.896909713745117188e-01
8.376717567443847656e-02
2.894084453582763672e-01
2.721264362335205078e-01
3.135271072387695312e-01
2.961754798889160156e-01
3.003115653991699219e-01
3.044896125793457031e-01
2.940709590911865234e-01
2.013118267059326172e-01
3.096463680267333984e-01
2.924311161041259766e-01
2.857408523559570312e-01
3.048996925354003906e-01
2.962296009063720703e-01
1.945250034332275391e-01
3.050131797790527344e-01
2.895388603210449219e-01
2.899322509765625000e-01
2.782809734344482422e-01
1.109106540679931641e-01
2.356319427490234375e-01
2.941355705261230469e-01
2.850387096405029297e-01
2.875797748565673828e-01
2.886900901794433594e-01
2.857515811920166016e-01
1.969969272613525391e-01
3.067917823791503906e-01
2.892031669616699219e-01
2.910227775573730469e-01
2.836656570434570312e-01
2.978787422180175781e-01
1.582331657409667969e-01
3.020148277282714844e-01
2.851350307464599609e-01
2.819488048553466797e-01
2.837319374084472656e-01
2.842004299163818359e-01
1.170306205749511719e-01
2.819116115570068359e-01
2.970261573791503906e-01
2.834918498992919922e-01
2.695121765136718750e-01
2.738382816314697266e-01
2.056326866149902344e-01
3.167221546173095703e-01
3.068239688873291016e-01
2.970516681671142578e-01
2.980191707611083984e-01
2.994973659515380859e-01
2.321903705596923828e-01
2.940227985382080078e-01
2.750692367553710938e-01
2.817778587341308594e-01
2.776522636413574219e-01
2.829232215881347656e-01
2.257657051086425781e-01
8.102178573608398438e-02
2.153346538543701172e-01
2.742633819580078125e-01
2.847988605499267578e-01
2.819988727569580078e-01
2.763125896453857422e-01
3.040184974670410156e-01
2.924435138702392578e-01
2.981598377227783203e-01
2.826783657073974609e-01
2.848055362701416016e-01
1.930751800537109375e-01
2.959573268890380859e-01
3.061883449554443359e-01
2.927706241607666016e-01
2.983629703521728516e-01
2.934846878051757812e-01
1.556870937347412109e-01
2.999455928802490234e-01
1.121699810028076172e-01
2.827541828155517578e-01
2.712965011596679688e-01
2.842652797698974609e-01
2.872073650360107422e-01
3.064017295837402344e-01
3.006100654602050781e-01
3.004384040832519531e-01
3.015210628509521484e-01
2.408611774444580078e-01
7.547831535339355469e-02
3.006682395935058594e-01
2.936623096466064453e-01
2.926743030548095703e-01
2.971274852752685547e-01
2.873079776763916016e-01
2.251324653625488281e-01
2.908461093902587891e-01
2.698245048522949219e-01
4.036164283752441406e-02
2.742562294006347656e-01
2.888326644897460938e-01
2.907779216766357422e-01
2.973394393920898438e-01
2.918615341186523438e-01
2.867443561553955078e-01
2.809519767761230469e-01
2.852065563201904297e-01
2.329673767089843750e-01
2.991080284118652344e-01
2.934379577636718750e-01
2.733895778656005859e-01
2.814261913299560547e-01
2.562532424926757812e-01
2.200126647949218750e-01
2.993488311767578125e-01
3.017265796661376953e-01
2.865290641784667969e-01
1.084041595458984375e-01
3.009531497955322266e-01
2.831828594207763672e-01
3.017394542694091797e-01
3.031115531921386719e-01
2.952868938446044922e-01
3.032248020172119141e-01
3.038477897644042969e-01
2.085447311401367188e-01
3.120808601379394531e-01
2.921488285064697266e-01
2.952730655670166016e-01
2.978441715240478516e-01
2.944831848144531250e-01
2.105627059936523438e-01
3.114929199218750000e-01
2.864630222320556641e-01
2.672429084777832031e-01
2.217001914978027344e-01
9.355330467224121094e-02
2.768554687500000000e-01
2.996170520782470703e-01
2.958590984344482422e-01
2.980554103851318359e-01
2.923238277435302734e-01
2.926280498504638672e-01
2.026011943817138672e-01
2.573549747467041016e-01
2.908008098602294922e-01
2.871804237365722656e-01
2.885167598724365234e-01
2.848281860351562500e-01
2.184660434722900391e-01
2.950062751770019531e-01
3.015446662902832031e-01
2.906725406646728516e-01
2.826356887817382812e-01
2.235767841339111328e-01
3.875470161437988281e-02
2.930991649627685547e-01
2.923033237457275391e-01
2.962064743041992188e-01
2.971014976501464844e-01
2.941510677337646484e-01
1.868624687194824219e-01
3.032927513122558594e-01
3.064465522766113281e-01
2.980189323425292969e-01
2.953863143920898438e-01
3.032622337341308594e-01
1.707236766815185547e-01
2.979769706726074219e-01
2.879490852355957031e-01
2.850520610809326172e-01
2.842772006988525391e-01
2.838363647460937500e-01
2.187683582305908203e-01
