2.521777153015136719e-02
2.462553977966308594e-02
2.441239356994628906e-02
2.178263664245605469e-02
1.996850967407226562e-02
8.842706680297851562e-03
2.260088920593261719e-02
2.324533462524414062e-02
2.015328407287597656e-02
1.050233840942382812e-02
7.102966308593750000e-03
7.008075714111328125e-03
2.242827415466308594e-02
2.050209045410156250e-02
1.080179214477539062e-02
7.001161575317382812e-03
6.962299346923828125e-03
6.933450698852539062e-03
2.481102943420410156e-02
2.261734008789062500e-02
2.304816246032714844e-02
1.974129676818847656e-02
1.988697052001953125e-02
7.260560989379882812e-03
2.091670036315917969e-02
2.167654037475585938e-02
2.002739906311035156e-02
6.645202636718750000e-03
2.213096618652343750e-02
2.232623100280761719e-02
9.177923202514648438e-03
8.827686309814453125e-03
8.759260177612304688e-03
8.776187896728515625e-03
8.788347244262695312e-03
1.120781898498535156e-02
2.182650566101074219e-02
2.083134651184082031e-02
2.352643013000488281e-02
2.247571945190429688e-02
2.252864837646484375e-02
2.199316024780273438e-02
2.469348907470703125e-02
2.381110191345214844e-02
2.272009849548339844e-02
2.243185043334960938e-02
2.250289916992187500e-02
2.272272109985351562e-02
2.309083938598632812e-02
2.325534820556640625e-02
2.203059196472167969e-02
2.465128898620605469e-02
1.943230628967285156e-02
1.959037780761718750e-02
2.358675003051757812e-02
1.082444190979003906e-02
2.344846725463867188e-02
2.167582511901855469e-02
1.267194747924804688e-02
7.122993469238281250e-03
1.281881332397460938e-02
7.108926773071289062e-03
7.799386978149414062e-03
7.176399230957031250e-03
1.261568069458007812e-02
1.330041885375976562e-02
2.358460426330566406e-02
2.249169349670410156e-02
2.287173271179199219e-02
2.241325378417968750e-02
2.105545997619628906e-02
2.095985412597656250e-02
2.475404739379882812e-02
2.159857749938964844e-02
2.325940132141113281e-02
2.208471298217773438e-02
2.338719367980957031e-02
1.988744735717773438e-02
2.417564392089843750e-02
2.213025093078613281e-02
2.356624603271484375e-02
2.337574958801269531e-02
2.208185195922851562e-02
1.084160804748535156e-02
2.462983131408691406e-02
2.125883102416992188e-02
2.208518981933593750e-02
2.208542823791503906e-02
2.210569381713867188e-02
2.195215225219726562e-02
2.351570129394531250e-02
2.208280563354492188e-02
2.247262001037597656e-02
2.358245849609375000e-02
2.335333824157714844e-02
2.195382118225097656e-02
2.396321296691894531e-02
2.232098579406738281e-02
2.319288253784179688e-02
1.800560951232910156e-02
7.283687591552734375e-03
6.986856460571289062e-03
2.451872825622558594e-02
2.201676368713378906e-02
2.322125434875488281e-02
2.282214164733886719e-02
2.212405204772949219e-02
1.342391967773437500e-02
2.244353294372558594e-02
2.072644233703613281e-02
1.062679290771484375e-02
5.323171615600585938e-03
2.286887168884277344e-02
1.972579956054687500e-02
2.326965332031250000e-02
2.350687980651855469e-02
2.349877357482910156e-02
2.329301834106445312e-02
2.358317375183105469e-02
2.349233627319335938e-02
2.200961112976074219e-02
2.372431755065917969e-02
2.409291267395019531e-02
2.339649200439453125e-02
2.337598800659179688e-02
2.206516265869140625e-02
2.244257926940917969e-02
2.457761764526367188e-02
2.226257324218750000e-02
2.337241172790527344e-02
2.210164070129394531e-02
2.293920516967773438e-02
2.234983444213867188e-02
2.185320854187011719e-02
1.339030265808105469e-02
7.060527801513671875e-03
6.968975067138671875e-03
6.987571716308593750e-03
2.349114418029785156e-02
1.094818115234375000e-02
2.810168266296386719e-02
2.761840820312500000e-02
2.763009071350097656e-02
2.255487442016601562e-02
2.372694015502929688e-02
2.513241767883300781e-02
2.235412597656250000e-02
2.163314819335937500e-02
1.658964157104492188e-02
1.203560829162597656e-02
2.340507507324218750e-02
2.329468727111816406e-02
2.343344688415527344e-02
2.343058586120605469e-02
2.345585823059082031e-02
2.325797080993652344e-02
2.491164207458496094e-02
2.467441558837890625e-02
2.312278747558593750e-02
2.292060852050781250e-02
2.305364608764648438e-02
2.194333076477050781e-02
2.380228042602539062e-02
2.005696296691894531e-02
1.576852798461914062e-02
7.299423217773437500e-03
7.249593734741210938e-03
1.499390602111816406e-02
2.293968200683593750e-02
2.236962318420410156e-02
2.307915687561035156e-02
2.344703674316406250e-02
2.019882202148437500e-02
1.363420486450195312e-02
2.349972724914550781e-02
2.335023880004882812e-02
2.229785919189453125e-02
2.375292778015136719e-02
2.333927154541015625e-02
2.215218544006347656e-02
2.022957801818847656e-02
1.675844192504882812e-02
1.190066337585449219e-02
1.182436943054199219e-02
1.195573806762695312e-02
1.212763786315917969e-02
2.345848083496093750e-02
2.364802360534667969e-02
2.341079711914062500e-02
2.212667465209960938e-02
2.335524559020996094e-02
2.335667610168457031e-02
2.240490913391113281e-02
2.213549613952636719e-02
1.604843139648437500e-02
5.733013153076171875e-03
2.258348464965820312e-02
2.355837821960449219e-02
2.457714080810546875e-02
2.388525009155273438e-02
2.249193191528320312e-02
2.257513999938964844e-02
2.106332778930664062e-02
2.092242240905761719e-02
2.320480346679687500e-02
2.324724197387695312e-02
2.348113059997558594e-02
2.217888832092285156e-02
2.213978767395019531e-02
2.314782142639160156e-02
2.333188056945800781e-02
2.346062660217285156e-02
2.342200279235839844e-02
2.187681198120117188e-02
2.347350120544433594e-02
2.243542671203613281e-02
2.480626106262207031e-02
2.205777168273925781e-02
2.062773704528808594e-02
2.200889587402343750e-02
2.306675910949707031e-02
2.193021774291992188e-02
2.230429649353027344e-02
1.151299476623535156e-02
2.202677726745605469e-02
2.319669723510742188e-02
2.336788177490234375e-02
2.248859405517578125e-02
2.452969551086425781e-02
2.073669433593750000e-02
2.338981628417968750e-02
2.286124229431152344e-02
2.325606346130371094e-02
2.353763580322265625e-02
2.314257621765136719e-02
1.988482475280761719e-02
1.118540763854980469e-02
6.877660751342773438e-03
6.886959075927734375e-03
8.276700973510742188e-03
2.249908447265625000e-02
2.216815948486328125e-02
2.208852767944335938e-02
1.915097236633300781e-02
1.679372787475585938e-02
1.220798492431640625e-02
2.384662628173828125e-02
2.251529693603515625e-02
2.243781089782714844e-02
2.246785163879394531e-02
2.233338356018066406e-02
1.100254058837890625e-02
2.451896667480468750e-02
2.378606796264648438e-02
2.249884605407714844e-02
2.240681648254394531e-02
2.213978767395019531e-02
1.979732513427734375e-02
2.492380142211914062e-02
2.447175979614257812e-02
2.180743217468261719e-02
2.201557159423828125e-02
1.281571388244628906e-02
7.107019424438476562e-03
2.214741706848144531e-02
1.549816131591796875e-02
7.024765014648437500e-03
7.168292999267578125e-03
7.061004638671875000e-03
1.714301109313964844e-02
2.274703979492187500e-02
2.293324470520019531e-02
2.310848236083984375e-02
2.312636375427246094e-02
2.317762374877929688e-02
2.311563491821289062e-02
2.220034599304199219e-02
2.273440361022949219e-02
2.334141731262207031e-02
1.075768470764160156e-02
2.457213401794433594e-02
2.105021476745605469e-02
2.441692352294921875e-02
2.275204658508300781e-02
2.140641212463378906e-02
2.123236656188964844e-02
2.135324478149414062e-02
2.116489410400390625e-02
2.362775802612304688e-02
2.365827560424804688e-02
2.311944961547851562e-02
2.339982986450195312e-02
2.315831184387207031e-02
2.327990531921386719e-02
2.365279197692871094e-02
2.333354949951171875e-02
2.342033386230468750e-02
2.331519126892089844e-02
2.329087257385253906e-02
2.318263053894042969e-02
1.458358764648437500e-02
8.685588836669921875e-03
7.079839706420898438e-03
7.117509841918945312e-03
6.928920745849609375e-03
6.908416748046875000e-03
2.285814285278320312e-02
1.083064079284667969e-02
2.018237113952636719e-02
8.730649948120117188e-03
6.995439529418945312e-03
7.011651992797851562e-03
2.015566825866699219e-02
1.354885101318359375e-02
7.304668426513671875e-03
7.215976715087890625e-03
7.052421569824218750e-03
7.730245590209960938e-03
2.209734916687011719e-02
2.023601531982421875e-02
1.590895652770996094e-02
1.133370399475097656e-02
7.087707519531250000e-03
7.091283798217773438e-03
2.015089988708496094e-02
1.066160202026367188e-02
7.153749465942382812e-03
7.011890411376953125e-03
9.202003479003906250e-03
1.605606079101562500e-02
1.973891258239746094e-02
2.033758163452148438e-02
2.044105529785156250e-02
1.715540885925292969e-02
9.067773818969726562e-03
5.638360977172851562e-03
2.363324165344238281e-02
2.335524559020996094e-02
2.051019668579101562e-02
1.765847206115722656e-02
1.620554924011230469e-02
1.807045936584472656e-02
2.127099037170410156e-02
1.981210708618164062e-02
1.929521560668945312e-02
2.130627632141113281e-02
2.130436897277832031e-02
1.944255828857421875e-02
2.186441421508789062e-02
2.117919921875000000e-02
2.072191238403320312e-02
2.059268951416015625e-02
1.945567131042480469e-02
2.090215682983398438e-02
2.128601074218750000e-02
2.073621749877929688e-02
1.950597763061523438e-02
1.916980743408203125e-02
1.937794685363769531e-02
2.071857452392578125e-02
2.006745338439941406e-02
1.772999763488769531e-02
1.857280731201171875e-02
6.430625915527343750e-03
2.191519737243652344e-02
2.237510681152343750e-02
2.213072776794433594e-02
2.081060409545898438e-02
2.082109451293945312e-02
1.841235160827636719e-02
1.846385002136230469e-02
1.877689361572265625e-02
2.119207382202148438e-02
1.961565017700195312e-02
2.058482170104980469e-02
1.945853233337402344e-02
2.071976661682128906e-02
1.928257942199707031e-02
2.235150337219238281e-02
2.275443077087402344e-02
2.047348022460937500e-02
2.111530303955078125e-02
1.907944679260253906e-02
1.889038085937500000e-02
2.387952804565429688e-02
2.225518226623535156e-02
2.087616920471191406e-02
2.077841758728027344e-02
2.243089675903320312e-02
2.048206329345703125e-02
2.119112014770507812e-02
7.604122161865234375e-03
2.655410766601562500e-02
2.518272399902343750e-02
2.538371086120605469e-02
2.514481544494628906e-02
2.359437942504882812e-02
2.074480056762695312e-02
1.885819435119628906e-02
1.907300949096679688e-02
1.563668251037597656e-02
1.115393638610839844e-02
2.167534828186035156e-02
2.010273933410644531e-02
2.089166641235351562e-02
2.057838439941406250e-02
2.080750465393066406e-02
2.038335800170898438e-02
2.253437042236328125e-02
2.117705345153808594e-02
2.071046829223632812e-02
1.948094367980957031e-02
1.934432983398437500e-02
1.937532424926757812e-02
2.239322662353515625e-02
2.244615554809570312e-02
1.903486251831054688e-02
1.816916465759277344e-02
1.574444770812988281e-02
6.298542022705078125e-03
2.100563049316406250e-02
2.137303352355957031e-02
1.966881752014160156e-02
1.959419250488281250e-02
2.056813240051269531e-02
2.052950859069824219e-02
2.173423767089843750e-02
2.011513710021972656e-02
2.095365524291992188e-02
2.058506011962890625e-02
1.986980438232421875e-02
1.542854309082031250e-02
2.209472656250000000e-02
1.897644996643066406e-02
1.812314987182617188e-02
1.564812660217285156e-02
1.124143600463867188e-02
1.113176345825195312e-02
2.072429656982421875e-02
2.075362205505371094e-02
2.253174781799316406e-02
2.054190635681152344e-02
2.040958404541015625e-02
2.055764198303222656e-02
2.107405662536621094e-02
2.155160903930664062e-02
1.971888542175292969e-02
1.002359390258789062e-02
2.169084548950195312e-02
2.053999900817871094e-02
1.917219161987304688e-02
1.752543449401855469e-02
1.450729370117187500e-02
1.505088806152343750e-02
1.511073112487792969e-02
1.261615753173828125e-02
2.223014831542968750e-02
2.079558372497558594e-02
2.071571350097656250e-02
1.967430114746093750e-02
2.130293846130371094e-02
2.092027664184570312e-02
2.267456054687500000e-02
2.075219154357910156e-02
2.069735527038574219e-02
2.069401741027832031e-02
2.072310447692871094e-02
1.946043968200683594e-02
2.185630798339843750e-02
2.072191238403320312e-02
1.930546760559082031e-02
1.562881469726562500e-02
1.125097274780273438e-02
1.110625267028808594e-02
2.258634567260742188e-02
1.020812988281250000e-02
2.215099334716796875e-02
2.023983001708984375e-02
1.724648475646972656e-02
9.320497512817382812e-03
1.934456825256347656e-02
1.244211196899414062e-02
1.218461990356445312e-02
1.217555999755859375e-02
1.279902458190917969e-02
1.082205772399902344e-02
2.380871772766113281e-02
2.239298820495605469e-02
2.116560935974121094e-02
2.119755744934082031e-02
1.782560348510742188e-02
1.814508438110351562e-02
2.265810966491699219e-02
2.233004570007324219e-02
2.180910110473632812e-02
1.669931411743164062e-02
1.666831970214843750e-02
1.653385162353515625e-02
2.263808250427246094e-02
2.107501029968261719e-02
2.145028114318847656e-02
2.115082740783691406e-02
2.120685577392578125e-02
9.223222732543945312e-03
2.297353744506835938e-02
2.083110809326171875e-02
1.937389373779296875e-02
1.566457748413085938e-02
1.670384407043457031e-02
1.797556877136230469e-02
1.546454429626464844e-02
1.481890678405761719e-02
1.506924629211425781e-02
1.841926574707031250e-02
1.946616172790527344e-02
1.328396797180175781e-02
1.889276504516601562e-02
2.090835571289062500e-02
2.009677886962890625e-02
2.105140686035156250e-02
2.159500122070312500e-02
2.106428146362304688e-02
2.077841758728027344e-02
2.090954780578613281e-02
1.656508445739746094e-02
1.634311676025390625e-02
1.232409477233886719e-02
1.106929779052734375e-02
2.160835266113281250e-02
2.173304557800292969e-02
1.764225959777832031e-02
6.843566894531250000e-03
1.852440834045410156e-02
1.995229721069335938e-02
2.270674705505371094e-02
2.232527732849121094e-02
2.216100692749023438e-02
2.112007141113281250e-02
2.121329307556152344e-02
2.160859107971191406e-02
1.391410827636718750e-02
1.636004447937011719e-02
1.081442832946777344e-02
1.228570938110351562e-02
1.213550567626953125e-02
1.176643371582031250e-02
2.135062217712402344e-02
2.012491226196289062e-02
2.058267593383789062e-02
2.203130722045898438e-02
2.061939239501953125e-02
2.052164077758789062e-02
1.998114585876464844e-02
2.070474624633789062e-02
2.202653884887695312e-02
2.085304260253906250e-02
2.020144462585449219e-02
2.081656455993652344e-02
2.280902862548828125e-02
9.794712066650390625e-03
2.312517166137695312e-02
1.986217498779296875e-02
2.135682106018066406e-02
2.043676376342773438e-02
2.106356620788574219e-02
2.131342887878417969e-02
2.129554748535156250e-02
2.104854583740234375e-02
2.100706100463867188e-02
2.122354507446289062e-02
1.679611206054687500e-02
1.613020896911621094e-02
1.665163040161132812e-02
1.908779144287109375e-02
2.115702629089355469e-02
1.335787773132324219e-02
2.254724502563476562e-02
2.131009101867675781e-02
2.119588851928710938e-02
2.119779586791992188e-02
2.100872993469238281e-02
2.111983299255371094e-02
2.232122421264648438e-02
2.125430107116699219e-02
2.128505706787109375e-02
2.126955986022949219e-02
2.103328704833984375e-02
9.949207305908203125e-03
2.346587181091308594e-02
2.148103713989257812e-02
2.174758911132812500e-02
2.208065986633300781e-02
1.973223686218261719e-02
1.659679412841796875e-02
2.127885818481445312e-02
2.019262313842773438e-02
2.083373069763183594e-02
1.997685432434082031e-02
2.087974548339843750e-02
1.955723762512207031e-02
1.935672760009765625e-02
1.671051979064941406e-02
1.872849464416503906e-02
1.521182060241699219e-02
1.844596862792968750e-02
1.459765434265136719e-02
2.099442481994628906e-02
1.922798156738281250e-02
1.623868942260742188e-02
1.220917701721191406e-02
1.281356811523437500e-02
1.039958000183105469e-02
1.830101013183593750e-02
1.670622825622558594e-02
1.755023002624511719e-02
7.562398910522460938e-03
2.092409133911132812e-02
1.907873153686523438e-02
2.095222473144531250e-02
1.871228218078613281e-02
1.528882980346679688e-02
1.233959197998046875e-02
1.110410690307617188e-02
1.108479499816894531e-02
2.244639396667480469e-02
1.864933967590332031e-02
1.548099517822265625e-02
1.637744903564453125e-02
2.130937576293945312e-02
9.616136550903320312e-03
7.449865341186523438e-03
9.713649749755859375e-03
1.111078262329101562e-02
1.404094696044921875e-02
1.302480697631835938e-02
1.252746582031250000e-02
2.048730850219726562e-02
1.886558532714843750e-02
1.758718490600585938e-02
1.317214965820312500e-02
1.081109046936035156e-02
7.177352905273437500e-03
2.238631248474121094e-02
1.034736633300781250e-02
2.560615539550781250e-02
2.569818496704101562e-02
2.591919898986816406e-02
2.587103843688964844e-02
2.150297164916992188e-02
2.192306518554687500e-02
1.859998703002929688e-02
1.846313476562500000e-02
2.182221412658691406e-02
1.584291458129882812e-02
2.178144454956054688e-02
1.752018928527832031e-02
1.783537864685058594e-02
2.016973495483398438e-02
2.206397056579589844e-02
1.116275787353515625e-02
1.933956146240234375e-02
1.833248138427734375e-02
1.744627952575683594e-02
1.897335052490234375e-02
2.072095870971679688e-02
1.215600967407226562e-02
2.088928222656250000e-02
1.891136169433593750e-02
1.545095443725585938e-02
1.093626022338867188e-02
1.074981689453125000e-02
5.690574645996093750e-03
2.113533020019531250e-02
1.890349388122558594e-02
1.533389091491699219e-02
1.093626022338867188e-02
1.042175292968750000e-02
9.811878204345703125e-03
2.317237854003906250e-02
1.872777938842773438e-02
1.794409751892089844e-02
1.978063583374023438e-02
2.097558975219726562e-02
1.503348350524902344e-02
2.085781097412109375e-02
1.887941360473632812e-02
1.535463333129882812e-02
1.084709167480468750e-02
1.074862480163574219e-02
7.104873657226562500e-03
1.680111885070800781e-02
1.319980621337890625e-02
1.212692260742187500e-02
1.216459274291992188e-02
1.443290710449218750e-02
1.216983795166015625e-02
2.099537849426269531e-02
1.909136772155761719e-02
2.080559730529785156e-02
7.659673690795898438e-03
2.276611328125000000e-02
1.966452598571777344e-02
2.083992958068847656e-02
1.761770248413085938e-02
1.281070709228515625e-02
1.105999946594238281e-02
1.085901260375976562e-02
1.084327697753906250e-02
2.056503295898437500e-02
1.803851127624511719e-02
1.599836349487304688e-02
1.099061965942382812e-02
1.081323623657226562e-02
1.083731651306152344e-02
2.135443687438964844e-02
2.098059654235839844e-02
1.650452613830566406e-02
1.633787155151367188e-02
2.028179168701171875e-02
1.787924766540527344e-02
1.602935791015625000e-02
1.235318183898925781e-02
1.252079010009765625e-02
1.213264465332031250e-02
1.212286949157714844e-02
1.203775405883789062e-02
2.079415321350097656e-02
1.095652580261230469e-02
2.112078666687011719e-02
1.880764961242675781e-02
1.561260223388671875e-02
1.100206375122070312e-02
2.088475227355957031e-02
1.891660690307617188e-02
1.546072959899902344e-02
1.101827621459960938e-02
1.067519187927246094e-02
1.045823097229003906e-02
2.279686927795410156e-02
1.967620849609375000e-02
1.783156394958496094e-02
1.770520210266113281e-02
2.234125137329101562e-02
1.632118225097656250e-02
2.076315879821777344e-02
1.807832717895507812e-02
1.562666893005371094e-02
1.105499267578125000e-02
1.089286804199218750e-02
1.093721389770507812e-02
1.821923255920410156e-02
1.659822463989257812e-02
1.722693443298339844e-02
1.873660087585449219e-02
1.657462120056152344e-02
8.067846298217773438e-03
2.099013328552246094e-02
2.103066444396972656e-02
1.586556434631347656e-02
1.664853096008300781e-02
2.180147171020507812e-02
1.628494262695312500e-02
2.103686332702636719e-02
2.024030685424804688e-02
2.023005485534667969e-02
1.843404769897460938e-02
2.076387405395507812e-02
2.012181282043457031e-02
2.087044715881347656e-02
1.897215843200683594e-02
1.543831825256347656e-02
1.118373870849609375e-02
1.085996627807617188e-02
1.105904579162597656e-02
2.085661888122558594e-02
1.871323585510253906e-02
1.530742645263671875e-02
1.096582412719726562e-02
1.153898239135742188e-02
1.109170913696289062e-02
2.032852172851562500e-02
1.931595802307128906e-02
1.476216316223144531e-02
5.699157714843750000e-03
2.329921722412109375e-02
2.126884460449218750e-02
2.230834960937500000e-02
2.256703376770019531e-02
2.349233627319335938e-02
2.031326293945312500e-02
1.536941528320312500e-02
1.125597953796386719e-02
2.280306816101074219e-02
2.108526229858398438e-02
1.564717292785644531e-02
1.120901107788085938e-02
1.206707954406738281e-02
1.177668571472167969e-02
2.201128005981445312e-02
1.891088485717773438e-02
1.566267013549804688e-02
1.117467880249023438e-02
1.119971275329589844e-02
1.110339164733886719e-02
2.354335784912109375e-02
2.135109901428222656e-02
1.562094688415527344e-02
1.107907295227050781e-02
1.107788085937500000e-02
1.108026504516601562e-02
1.567745208740234375e-02
6.481647491455078125e-03
2.245903015136718750e-02
2.299141883850097656e-02
1.813364028930664062e-02
1.341485977172851562e-02
2.202010154724121094e-02
1.973891258239746094e-02
8.759737014770507812e-03
6.923675537109375000e-03
6.907939910888671875e-03
6.849765777587890625e-03
2.331113815307617188e-02
2.028465270996093750e-02
1.578783988952636719e-02
1.122307777404785156e-02
1.116108894348144531e-02
1.108908653259277344e-02
2.348065376281738281e-02
2.357292175292968750e-02
2.037668228149414062e-02
1.566529273986816406e-02
1.107811927795410156e-02
1.113677024841308594e-02
2.365756034851074219e-02
2.110958099365234375e-02
1.574683189392089844e-02
1.109004020690917969e-02
1.110386848449707031e-02
5.451202392578125000e-03
2.308464050292968750e-02
2.141451835632324219e-02
1.579427719116210938e-02
1.116681098937988281e-02
1.101660728454589844e-02
1.189732551574707031e-02
2.261304855346679688e-02
1.565098762512207031e-02
1.209950447082519531e-02
1.109194755554199219e-02
1.098489761352539062e-02
1.090955734252929688e-02
1.787090301513671875e-02
8.774995803833007812e-03
6.868124008178710938e-03
6.895303726196289062e-03
9.583711624145507812e-03
1.684165000915527344e-02
2.315282821655273438e-02
2.130603790283203125e-02
1.606059074401855469e-02
1.113915443420410156e-02
1.103448867797851562e-02
1.104927062988281250e-02
2.253603935241699219e-02
1.561164855957031250e-02
1.111721992492675781e-02
6.378173828125000000e-03
2.330136299133300781e-02
2.136588096618652344e-02
2.287936210632324219e-02
1.849770545959472656e-02
8.867502212524414062e-03
7.023572921752929688e-03
7.153987884521484375e-03
9.360074996948242188e-03
2.219915390014648438e-02
1.882910728454589844e-02
1.656866073608398438e-02
1.105904579162597656e-02
1.180124282836914062e-02
1.216912269592285156e-02
2.212071418762207031e-02
1.810812950134277344e-02
1.550006866455078125e-02
1.189661026000976562e-02
1.210951805114746094e-02
1.216197013854980469e-02
2.335715293884277344e-02
2.117300033569335938e-02
1.654624938964843750e-02
8.809328079223632812e-03
7.194519042968750000e-03
7.350683212280273438e-03
2.321767807006835938e-02
1.080203056335449219e-02
2.567195892333984375e-02
2.697443962097167969e-02
2.596569061279296875e-02
2.147388458251953125e-02
2.117323875427246094e-02
1.328873634338378906e-02
7.043838500976562500e-03
7.005929946899414062e-03
6.991624832153320312e-03
9.772539138793945312e-03
2.182483673095703125e-02
1.885700225830078125e-02
1.808214187622070312e-02
1.347064971923828125e-02
1.116585731506347656e-02
1.117658615112304688e-02
2.338194847106933594e-02
2.126646041870117188e-02
1.566338539123535156e-02
1.110434532165527344e-02
1.114439964294433594e-02
1.110649108886718750e-02
1.992845535278320312e-02
1.547312736511230469e-02
1.104950904846191406e-02
1.090884208679199219e-02
1.091361045837402344e-02
1.168441772460937500e-02
2.351021766662597656e-02
2.130413055419921875e-02
1.569628715515136719e-02
1.115679740905761719e-02
1.192355155944824219e-02
1.190352439880371094e-02
1.333832740783691406e-02
8.839845657348632812e-03
8.898735046386718750e-03
8.939504623413085938e-03
8.915662765502929688e-03
1.291060447692871094e-02
2.253079414367675781e-02
2.265644073486328125e-02
2.134633064270019531e-02
1.547026634216308594e-02
1.119780540466308594e-02
1.164984703063964844e-02
2.261805534362792969e-02
1.569557189941406250e-02
1.115751266479492188e-02
1.106095314025878906e-02
1.209640502929687500e-02
1.205277442932128906e-02
2.360153198242187500e-02
2.125787734985351562e-02
1.557970046997070312e-02
6.312370300292968750e-03
2.364277839660644531e-02
2.222990989685058594e-02
2.312898635864257812e-02
2.274894714355468750e-02
2.252221107482910156e-02
2.258372306823730469e-02
2.114343643188476562e-02
1.894187927246093750e-02
1.738071441650390625e-02
1.867151260375976562e-02
1.706075668334960938e-02
7.046699523925781250e-03
7.018089294433593750e-03
7.179260253906250000e-03
2.207422256469726562e-02
1.915383338928222656e-02
1.564502716064453125e-02
1.129221916198730469e-02
1.104712486267089844e-02
1.092696189880371094e-02
2.358222007751464844e-02
2.265858650207519531e-02
2.123379707336425781e-02
1.572322845458984375e-02
1.113700866699218750e-02
1.108002662658691406e-02
2.245044708251953125e-02
8.603811264038085938e-03
2.318096160888671875e-02
2.113747596740722656e-02
1.567268371582031250e-02
1.121425628662109375e-02
2.336049079895019531e-02
2.199769020080566406e-02
1.910638809204101562e-02
1.588010787963867188e-02
1.122736930847167969e-02
1.099467277526855469e-02
1.572489738464355469e-02
1.107883453369140625e-02
1.176142692565917969e-02
1.116394996643066406e-02
1.102018356323242188e-02
1.093268394470214844e-02
2.371525764465332031e-02
2.147817611694335938e-02
1.551747322082519531e-02
1.116704940795898438e-02
1.109027862548828125e-02
1.111912727355957031e-02
2.181267738342285156e-02
1.808238029479980469e-02
1.556944847106933594e-02
1.110243797302246094e-02
1.219463348388671875e-02
7.520675659179687500e-03
2.388787269592285156e-02
2.123832702636718750e-02
1.573252677917480469e-02
1.117396354675292969e-02
1.107716560363769531e-02
1.099133491516113281e-02
2.252364158630371094e-02
2.266097068786621094e-02
2.132296562194824219e-02
1.513910293579101562e-02
1.124429702758789062e-02
1.110506057739257812e-02
9.099960327148437500e-03
7.035970687866210938e-03
6.974697113037109375e-03
6.984710693359375000e-03
1.382684707641601562e-02
1.936411857604980469e-02
2.313876152038574219e-02
2.050328254699707031e-02
1.565766334533691406e-02
1.109695434570312500e-02
1.185512542724609375e-02
1.181077957153320312e-02
2.367281913757324219e-02
2.131891250610351562e-02
1.568746566772460938e-02
6.325960159301757812e-03
2.238178253173828125e-02
1.766061782836914062e-02
2.250218391418457031e-02
2.140355110168457031e-02
1.570320129394531250e-02
1.197648048400878906e-02
1.247262954711914062e-02
1.184487342834472656e-02
2.381443977355957031e-02
2.319645881652832031e-02
2.106237411499023438e-02
1.561045646667480469e-02
1.110839843750000000e-02
1.097011566162109375e-02
1.421165466308593750e-02
1.154088973999023438e-02
7.176876068115234375e-03
7.527351379394531250e-03
7.346630096435546875e-03
8.894443511962890625e-03
2.290916442871093750e-02
1.768207550048828125e-02
1.544976234436035156e-02
1.083397865295410156e-02
1.101183891296386719e-02
1.113724708557128906e-02
2.305603027343750000e-02
1.060342788696289062e-02
2.247118949890136719e-02
1.563906669616699219e-02
1.114821434020996094e-02
1.105499267578125000e-02
2.351093292236328125e-02
1.962614059448242188e-02
1.551032066345214844e-02
1.089334487915039062e-02
1.104235649108886719e-02
1.109480857849121094e-02
2.201485633850097656e-02
1.796483993530273438e-02
1.573419570922851562e-02
1.109123229980468750e-02
1.103782653808593750e-02
1.106262207031250000e-02
1.466107368469238281e-02
7.113218307495117188e-03
7.089376449584960938e-03
7.098674774169921875e-03
7.415294647216796875e-03
1.186895370483398438e-02
2.417635917663574219e-02
2.302384376525878906e-02
1.823091506958007812e-02
1.550507545471191406e-02
1.182365417480468750e-02
6.755352020263671875e-03
1.681494712829589844e-02
1.460218429565429688e-02
1.280164718627929688e-02
1.211023330688476562e-02
1.225733757019042969e-02
1.231503486633300781e-02
2.225947380065917969e-02
2.065873146057128906e-02
2.072978019714355469e-02
1.519441604614257812e-02
7.173538208007812500e-03
7.106542587280273438e-03
2.295875549316406250e-02
2.131271362304687500e-02
1.813268661499023438e-02
8.981704711914062500e-03
7.149457931518554688e-03
7.145881652832031250e-03
2.160477638244628906e-02
7.762670516967773438e-03
7.956266403198242188e-03
7.320165634155273438e-03
7.196664810180664062e-03
9.591341018676757812e-03
2.230858802795410156e-02
1.822352409362792969e-02
1.558375358581542969e-02
6.477594375610351562e-03
2.318811416625976562e-02
1.902222633361816406e-02
2.227973937988281250e-02
1.782011985778808594e-02
1.333904266357421875e-02
1.091146469116210938e-02
1.097154617309570312e-02
1.088428497314453125e-02
2.222347259521484375e-02
1.931738853454589844e-02
1.557064056396484375e-02
1.118302345275878906e-02
1.196885108947753906e-02
1.185202598571777344e-02
2.296209335327148438e-02
2.242016792297363281e-02
1.894021034240722656e-02
1.815700531005859375e-02
1.441860198974609375e-02
8.842706680297851562e-03
9.048938751220703125e-03
7.149934768676757812e-03
7.136821746826171875e-03
6.896495819091796875e-03
1.214742660522460938e-02
1.776218414306640625e-02
1.963806152343750000e-02
7.259130477905273438e-03
2.704381942749023438e-02
2.705717086791992188e-02
2.496957778930664062e-02
2.047133445739746094e-02
2.741742134094238281e-02
2.295947074890136719e-02
1.197242736816406250e-02
7.549047470092773438e-03
7.502079010009765625e-03
1.177549362182617188e-02
2.350258827209472656e-02
2.033877372741699219e-02
7.132768630981445312e-03
6.881237030029296875e-03
6.900310516357421875e-03
1.674222946166992188e-02
2.187061309814453125e-02
2.088904380798339844e-02
1.580905914306640625e-02
7.095813751220703125e-03
7.145881652832031250e-03
7.186174392700195312e-03
2.140116691589355469e-02
1.899528503417968750e-02
1.869106292724609375e-02
1.313710212707519531e-02
7.477998733520507812e-03
5.604028701782226562e-03
2.243328094482421875e-02
1.968884468078613281e-02
1.366519927978515625e-02
7.148981094360351562e-03
6.980657577514648438e-03
7.028818130493164062e-03
2.361845970153808594e-02
2.245426177978515625e-02
2.018404006958007812e-02
1.421856880187988281e-02
8.931636810302734375e-03
7.156610488891601562e-03
2.263903617858886719e-02
1.975631713867187500e-02
8.736133575439453125e-03
7.069349288940429688e-03
7.016420364379882812e-03
9.056568145751953125e-03
2.324247360229492188e-02
1.998591423034667969e-02
1.111602783203125000e-02
6.908893585205078125e-03
6.901741027832031250e-03
9.051561355590820312e-03
1.997756958007812500e-02
1.555919647216796875e-02
7.194995880126953125e-03
5.703926086425781250e-03
2.013397216796875000e-02
1.336097717285156250e-02
2.479362487792968750e-02
2.461647987365722656e-02
2.187037467956542969e-02
2.087211608886718750e-02
1.571917533874511719e-02
7.130146026611328125e-03
2.382969856262207031e-02
2.339601516723632812e-02
2.326989173889160156e-02
2.314615249633789062e-02
2.327823638916015625e-02
2.197885513305664062e-02
2.446246147155761719e-02
2.389574050903320312e-02
2.239489555358886719e-02
2.309989929199218750e-02
2.093887329101562500e-02
2.097916603088378906e-02
2.220129966735839844e-02
1.966285705566406250e-02
8.828401565551757812e-03
6.900548934936523438e-03
6.839513778686523438e-03
6.856203079223632812e-03
1.364326477050781250e-02
5.849838256835937500e-03
2.441859245300292969e-02
2.337431907653808594e-02
2.108550071716308594e-02
2.116084098815917969e-02
2.194952964782714844e-02
1.763629913330078125e-02
1.911640167236328125e-02
1.713323593139648438e-02
1.438117027282714844e-02
1.461410522460937500e-02
1.944112777709960938e-02
2.148342132568359375e-02
2.133584022521972656e-02
2.134990692138671875e-02
2.129745483398437500e-02
2.094721794128417969e-02
2.081346511840820312e-02
2.026367187500000000e-02
2.085089683532714844e-02
2.104234695434570312e-02
2.095150947570800781e-02
2.117991447448730469e-02
1.687932014465332031e-02
1.574754714965820312e-02
1.579475402832031250e-02
1.525259017944335938e-02
1.516175270080566406e-02
6.720304489135742188e-03
2.148723602294921875e-02
2.116322517395019531e-02
2.133250236511230469e-02
2.110123634338378906e-02
2.220010757446289062e-02
2.220749855041503906e-02
2.130937576293945312e-02
2.261495590209960938e-02
2.134394645690917969e-02
2.094149589538574219e-02
2.229738235473632812e-02
2.088904380798339844e-02
2.200174331665039062e-02
2.291798591613769531e-02
2.316331863403320312e-02
2.325320243835449219e-02
2.275967597961425781e-02
2.303647994995117188e-02
2.002143859863281250e-02
2.104806900024414062e-02
2.087640762329101562e-02
2.229547500610351562e-02
2.346658706665039062e-02
2.103281021118164062e-02
2.127432823181152344e-02
2.074694633483886719e-02
2.041339874267578125e-02
1.030373573303222656e-02
2.265882492065429688e-02
2.153205871582031250e-02
2.266645431518554688e-02
2.304410934448242188e-02
2.104043960571289062e-02
2.115297317504882812e-02
2.001476287841796875e-02
2.075862884521484375e-02
2.070546150207519531e-02
2.288722991943359375e-02
2.121996879577636719e-02
2.115201950073242188e-02
1.977038383483886719e-02
1.905345916748046875e-02
2.141499519348144531e-02
2.122664451599121094e-02
2.133750915527343750e-02
2.218866348266601562e-02
2.066874504089355469e-02
2.048373222351074219e-02
2.231550216674804688e-02
2.138996124267578125e-02
2.011370658874511719e-02
2.088499069213867188e-02
2.217507362365722656e-02
2.122044563293457031e-02
2.255821228027343750e-02
9.271383285522460938e-03
2.269291877746582031e-02
2.123713493347167969e-02
2.139306068420410156e-02
2.082204818725585938e-02
1.704764366149902344e-02
1.692533493041992188e-02
2.040505409240722656e-02
2.046775817871093750e-02
1.774239540100097656e-02
7.731199264526367188e-03
2.155685424804687500e-02
2.075433731079101562e-02
1.985907554626464844e-02
2.109265327453613281e-02
2.019095420837402344e-02
1.965689659118652344e-02
2.210116386413574219e-02
2.022361755371093750e-02
1.531791687011718750e-02
7.133245468139648438e-03
7.147550582885742188e-03
7.192850112915039062e-03
2.211260795593261719e-02
2.091526985168457031e-02
2.115750312805175781e-02
2.121186256408691406e-02
2.108097076416015625e-02
1.114225387573242188e-02
2.087187767028808594e-02
2.072906494140625000e-02
2.090764045715332031e-02
2.131009101867675781e-02
2.100324630737304688e-02
2.079486846923828125e-02
1.462507247924804688e-02
1.281142234802246094e-02
1.176524162292480469e-02
1.213288307189941406e-02
1.230907440185546875e-02
1.108860969543457031e-02
2.243804931640625000e-02
2.093958854675292969e-02
2.092695236206054688e-02
2.083802223205566406e-02
2.060699462890625000e-02
2.087497711181640625e-02
2.240848541259765625e-02
2.082514762878417969e-02
2.062249183654785156e-02
1.958107948303222656e-02
2.144289016723632812e-02
1.963424682617187500e-02
2.242708206176757812e-02
1.901507377624511719e-02
1.908993721008300781e-02
8.887767791748046875e-03
2.194547653198242188e-02
2.082681655883789062e-02
2.246999740600585938e-02
2.074146270751953125e-02
2.151083946228027344e-02
1.902604103088378906e-02
1.965069770812988281e-02
2.095532417297363281e-02
