0.000000000000000000e+00
1.562500000000000000e-01
2.187500000000000000e-01
2.968750000000000000e-01
2.187500000000000000e-01
2.578125000000000000e-01
1.640625000000000000e-01
2.500000000000000000e-01
3.359375000000000000e-01
2.656250000000000000e-01
2.500000000000000000e-01
2.890625000000000000e-01
3.828125000000000000e-01
3.046875000000000000e-01
2.968750000000000000e-01
2.890625000000000000e-01
2.890625000000000000e-01
2.734375000000000000e-01
4.453125000000000000e-01
3.750000000000000000e-01
3.281250000000000000e-01
3.906250000000000000e-01
3.716814159292035624e-01
3.203125000000000000e-01
1.093750000000000000e-01
7.812500000000000000e-02
9.375000000000000000e-02
9.375000000000000000e-02
2.031250000000000000e-01
1.406250000000000000e-01
1.093750000000000000e-01
1.953125000000000000e-01
2.890625000000000000e-01
1.484375000000000000e-01
2.031250000000000000e-01
1.093750000000000000e-01
2.578125000000000000e-01
1.250000000000000000e-01
2.187500000000000000e-01
1.562500000000000000e-01
2.265625000000000000e-01
2.187500000000000000e-01
2.812500000000000000e-01
2.656250000000000000e-01
2.656250000000000000e-01
2.831858407079645978e-01
4.140625000000000000e-01
4.218750000000000000e-01
4.218750000000000000e-01
3.281250000000000000e-01
3.515625000000000000e-01
2.343750000000000000e-01
1.796875000000000000e-01
2.656250000000000000e-01
4.140625000000000000e-01
2.812500000000000000e-01
3.593750000000000000e-01
3.593750000000000000e-01
2.812500000000000000e-01
2.812500000000000000e-01
4.375000000000000000e-01
3.984375000000000000e-01
4.531250000000000000e-01
4.140625000000000000e-01
4.296875000000000000e-01
3.281250000000000000e-01
4.375000000000000000e-01
4.218750000000000000e-01
4.247787610619468968e-01
4.218750000000000000e-01
5.234375000000000000e-01
4.765625000000000000e-01
5.625000000000000000e-01
5.000000000000000000e-01
5.078125000000000000e-01
4.609375000000000000e-01
3.828125000000000000e-01
3.437500000000000000e-01
5.000000000000000000e-01
3.906250000000000000e-01
4.375000000000000000e-01
3.828125000000000000e-01
3.906250000000000000e-01
4.140625000000000000e-01
5.234375000000000000e-01
5.078125000000000000e-01
3.671875000000000000e-01
4.687500000000000000e-01
4.453125000000000000e-01
4.453125000000000000e-01
5.546875000000000000e-01
5.840707964601770108e-01
5.703125000000000000e-01
5.468750000000000000e-01
5.625000000000000000e-01
5.234375000000000000e-01
5.468750000000000000e-01
4.218750000000000000e-01
5.000000000000000000e-01
5.625000000000000000e-01
4.609375000000000000e-01
4.140625000000000000e-01
5.390625000000000000e-01
5.000000000000000000e-01
3.906250000000000000e-01
4.921875000000000000e-01
4.609375000000000000e-01
4.218750000000000000e-01
5.078125000000000000e-01
5.390625000000000000e-01
4.687500000000000000e-01
4.765625000000000000e-01
5.234375000000000000e-01
5.546875000000000000e-01
5.398230088495574730e-01
6.484375000000000000e-01
6.562500000000000000e-01
5.703125000000000000e-01
6.015625000000000000e-01
5.937500000000000000e-01
5.546875000000000000e-01
5.234375000000000000e-01
5.078125000000000000e-01
4.609375000000000000e-01
5.390625000000000000e-01
3.593750000000000000e-01
5.703125000000000000e-01
5.468750000000000000e-01
4.765625000000000000e-01
4.765625000000000000e-01
4.843750000000000000e-01
4.140625000000000000e-01
5.937500000000000000e-01
5.000000000000000000e-01
4.765625000000000000e-01
4.765625000000000000e-01
5.625000000000000000e-01
5.840707964601770108e-01
6.718750000000000000e-01
6.328125000000000000e-01
6.718750000000000000e-01
6.171875000000000000e-01
5.703125000000000000e-01
6.406250000000000000e-01
6.328125000000000000e-01
5.781250000000000000e-01
5.546875000000000000e-01
4.843750000000000000e-01
4.843750000000000000e-01
5.546875000000000000e-01
6.171875000000000000e-01
5.390625000000000000e-01
5.703125000000000000e-01
5.000000000000000000e-01
5.234375000000000000e-01
5.078125000000000000e-01
6.328125000000000000e-01
4.921875000000000000e-01
6.328125000000000000e-01
4.687500000000000000e-01
4.601769911504424715e-01
6.015625000000000000e-01
6.093750000000000000e-01
6.328125000000000000e-01
7.421875000000000000e-01
6.562500000000000000e-01
5.937500000000000000e-01
6.562500000000000000e-01
5.859375000000000000e-01
6.328125000000000000e-01
5.234375000000000000e-01
5.937500000000000000e-01
4.375000000000000000e-01
5.468750000000000000e-01
7.578125000000000000e-01
6.718750000000000000e-01
5.468750000000000000e-01
5.937500000000000000e-01
5.703125000000000000e-01
4.921875000000000000e-01
7.578125000000000000e-01
5.312500000000000000e-01
5.937500000000000000e-01
5.929203539823009184e-01
5.625000000000000000e-01
7.187500000000000000e-01
6.875000000000000000e-01
7.578125000000000000e-01
7.031250000000000000e-01
7.031250000000000000e-01
6.953125000000000000e-01
7.031250000000000000e-01
7.187500000000000000e-01
7.031250000000000000e-01
7.265625000000000000e-01
5.625000000000000000e-01
5.781250000000000000e-01
5.234375000000000000e-01
6.953125000000000000e-01
5.937500000000000000e-01
5.468750000000000000e-01
4.531250000000000000e-01
5.390625000000000000e-01
5.234375000000000000e-01
6.953125000000000000e-01
6.718750000000000000e-01
5.752212389380531032e-01
7.265625000000000000e-01
6.953125000000000000e-01
7.031250000000000000e-01
7.031250000000000000e-01
7.265625000000000000e-01
7.031250000000000000e-01
6.640625000000000000e-01
6.406250000000000000e-01
6.796875000000000000e-01
7.031250000000000000e-01
7.343750000000000000e-01
6.640625000000000000e-01
6.484375000000000000e-01
5.625000000000000000e-01
5.781250000000000000e-01
6.953125000000000000e-01
6.484375000000000000e-01
4.843750000000000000e-01
5.781250000000000000e-01
4.609375000000000000e-01
3.984375000000000000e-01
7.968750000000000000e-01
6.725663716814159754e-01
7.343750000000000000e-01
7.343750000000000000e-01
6.796875000000000000e-01
6.250000000000000000e-01
7.265625000000000000e-01
7.500000000000000000e-01
7.812500000000000000e-01
6.796875000000000000e-01
6.718750000000000000e-01
7.578125000000000000e-01
7.734375000000000000e-01
7.187500000000000000e-01
6.640625000000000000e-01
6.250000000000000000e-01
6.328125000000000000e-01
3.984375000000000000e-01
7.187500000000000000e-01
5.390625000000000000e-01
6.250000000000000000e-01
5.312500000000000000e-01
5.390625000000000000e-01
5.312500000000000000e-01
7.168141592920354022e-01
7.734375000000000000e-01
7.578125000000000000e-01
7.500000000000000000e-01
7.421875000000000000e-01
7.187500000000000000e-01
7.578125000000000000e-01
8.906250000000000000e-01
7.265625000000000000e-01
7.031250000000000000e-01
7.187500000000000000e-01
7.734375000000000000e-01
7.578125000000000000e-01
6.796875000000000000e-01
7.500000000000000000e-01
6.250000000000000000e-01
6.250000000000000000e-01
5.468750000000000000e-01
7.343750000000000000e-01
7.265625000000000000e-01
6.250000000000000000e-01
5.703125000000000000e-01
5.234375000000000000e-01
5.840707964601770108e-01
7.890625000000000000e-01
8.046875000000000000e-01
8.125000000000000000e-01
8.281250000000000000e-01
7.968750000000000000e-01
6.875000000000000000e-01
7.968750000000000000e-01
7.890625000000000000e-01
7.968750000000000000e-01
8.750000000000000000e-01
7.500000000000000000e-01
7.578125000000000000e-01
8.125000000000000000e-01
7.265625000000000000e-01
6.875000000000000000e-01
6.796875000000000000e-01
5.937500000000000000e-01
6.484375000000000000e-01
7.890625000000000000e-01
7.500000000000000000e-01
6.250000000000000000e-01
6.953125000000000000e-01
6.548672566371681603e-01
8.437500000000000000e-01
8.515625000000000000e-01
8.515625000000000000e-01
8.750000000000000000e-01
8.593750000000000000e-01
7.421875000000000000e-01
7.421875000000000000e-01
8.437500000000000000e-01
8.203125000000000000e-01
7.890625000000000000e-01
7.734375000000000000e-01
7.343750000000000000e-01
8.125000000000000000e-01
7.578125000000000000e-01
8.125000000000000000e-01
7.500000000000000000e-01
7.031250000000000000e-01
5.390625000000000000e-01
6.093750000000000000e-01
7.812500000000000000e-01
7.343750000000000000e-01
6.796875000000000000e-01
6.637168141592920678e-01
8.906250000000000000e-01
7.968750000000000000e-01
8.359375000000000000e-01
8.437500000000000000e-01
8.515625000000000000e-01
8.359375000000000000e-01
7.968750000000000000e-01
8.046875000000000000e-01
8.046875000000000000e-01
8.359375000000000000e-01
8.359375000000000000e-01
7.890625000000000000e-01
8.515625000000000000e-01
8.515625000000000000e-01
8.437500000000000000e-01
8.515625000000000000e-01
8.046875000000000000e-01
8.046875000000000000e-01
6.796875000000000000e-01
6.562500000000000000e-01
8.281250000000000000e-01
7.656250000000000000e-01
7.522123893805309214e-01
9.062500000000000000e-01
8.281250000000000000e-01
8.203125000000000000e-01
8.593750000000000000e-01
8.671875000000000000e-01
9.296875000000000000e-01
8.125000000000000000e-01
8.671875000000000000e-01
8.515625000000000000e-01
8.671875000000000000e-01
8.125000000000000000e-01
8.750000000000000000e-01
7.890625000000000000e-01
7.812500000000000000e-01
7.890625000000000000e-01
8.515625000000000000e-01
8.515625000000000000e-01
8.593750000000000000e-01
8.203125000000000000e-01
7.109375000000000000e-01
7.500000000000000000e-01
8.281250000000000000e-01
7.699115044247787365e-01
8.671875000000000000e-01
8.437500000000000000e-01
8.281250000000000000e-01
8.203125000000000000e-01
8.906250000000000000e-01
8.750000000000000000e-01
8.437500000000000000e-01
8.828125000000000000e-01
8.671875000000000000e-01
7.968750000000000000e-01
9.140625000000000000e-01
8.593750000000000000e-01
8.437500000000000000e-01
8.125000000000000000e-01
7.968750000000000000e-01
8.593750000000000000e-01
9.375000000000000000e-01
8.828125000000000000e-01
8.828125000000000000e-01
7.656250000000000000e-01
6.328125000000000000e-01
6.093750000000000000e-01
9.292035398230088505e-01
8.984375000000000000e-01
8.750000000000000000e-01
8.828125000000000000e-01
8.125000000000000000e-01
6.796875000000000000e-01
9.218750000000000000e-01
8.984375000000000000e-01
8.671875000000000000e-01
8.437500000000000000e-01
8.359375000000000000e-01
7.578125000000000000e-01
9.218750000000000000e-01
8.984375000000000000e-01
8.593750000000000000e-01
8.828125000000000000e-01
8.437500000000000000e-01
7.578125000000000000e-01
8.671875000000000000e-01
8.359375000000000000e-01
8.437500000000000000e-01
7.812500000000000000e-01
7.031250000000000000e-01
6.814159292035397719e-01
9.375000000000000000e-01
8.984375000000000000e-01
9.218750000000000000e-01
8.203125000000000000e-01
8.984375000000000000e-01
8.281250000000000000e-01
9.140625000000000000e-01
8.984375000000000000e-01
8.906250000000000000e-01
9.218750000000000000e-01
8.593750000000000000e-01
8.984375000000000000e-01
9.062500000000000000e-01
9.140625000000000000e-01
8.906250000000000000e-01
8.515625000000000000e-01
8.515625000000000000e-01
8.046875000000000000e-01
8.906250000000000000e-01
8.359375000000000000e-01
8.593750000000000000e-01
7.812500000000000000e-01
8.053097345132743667e-01
9.140625000000000000e-01
9.140625000000000000e-01
9.296875000000000000e-01
8.984375000000000000e-01
8.671875000000000000e-01
9.531250000000000000e-01
9.062500000000000000e-01
9.062500000000000000e-01
9.531250000000000000e-01
8.984375000000000000e-01
8.750000000000000000e-01
8.828125000000000000e-01
8.125000000000000000e-01
8.828125000000000000e-01
9.687500000000000000e-01
8.984375000000000000e-01
8.984375000000000000e-01
8.359375000000000000e-01
8.593750000000000000e-01
9.453125000000000000e-01
8.515625000000000000e-01
8.437500000000000000e-01
6.991150442477875870e-01
8.984375000000000000e-01
8.984375000000000000e-01
8.750000000000000000e-01
9.531250000000000000e-01
9.531250000000000000e-01
8.750000000000000000e-01
8.984375000000000000e-01
8.593750000000000000e-01
9.531250000000000000e-01
9.531250000000000000e-01
9.140625000000000000e-01
9.375000000000000000e-01
8.750000000000000000e-01
9.062500000000000000e-01
9.062500000000000000e-01
9.296875000000000000e-01
9.218750000000000000e-01
8.984375000000000000e-01
8.593750000000000000e-01
8.828125000000000000e-01
9.531250000000000000e-01
9.140625000000000000e-01
9.115044247787610354e-01
9.531250000000000000e-01
8.593750000000000000e-01
9.296875000000000000e-01
9.531250000000000000e-01
9.531250000000000000e-01
9.765625000000000000e-01
8.906250000000000000e-01
8.984375000000000000e-01
8.359375000000000000e-01
9.062500000000000000e-01
9.765625000000000000e-01
8.984375000000000000e-01
9.140625000000000000e-01
8.984375000000000000e-01
8.906250000000000000e-01
9.453125000000000000e-01
9.609375000000000000e-01
9.062500000000000000e-01
8.515625000000000000e-01
8.593750000000000000e-01
8.750000000000000000e-01
9.296875000000000000e-01
9.203539823008849430e-01
9.843750000000000000e-01
8.828125000000000000e-01
8.984375000000000000e-01
9.453125000000000000e-01
9.609375000000000000e-01
9.921875000000000000e-01
9.687500000000000000e-01
9.765625000000000000e-01
9.140625000000000000e-01
9.375000000000000000e-01
9.687500000000000000e-01
9.765625000000000000e-01
9.218750000000000000e-01
9.375000000000000000e-01
9.296875000000000000e-01
9.296875000000000000e-01
9.609375000000000000e-01
9.609375000000000000e-01
9.687500000000000000e-01
9.218750000000000000e-01
9.140625000000000000e-01
8.515625000000000000e-01
9.646017699115043698e-01
9.687500000000000000e-01
9.531250000000000000e-01
9.453125000000000000e-01
9.140625000000000000e-01
8.828125000000000000e-01
9.921875000000000000e-01
9.531250000000000000e-01
9.531250000000000000e-01
9.453125000000000000e-01
9.453125000000000000e-01
9.296875000000000000e-01
9.687500000000000000e-01
9.453125000000000000e-01
9.843750000000000000e-01
9.218750000000000000e-01
9.531250000000000000e-01
9.296875000000000000e-01
9.765625000000000000e-01
9.765625000000000000e-01
9.453125000000000000e-01
9.218750000000000000e-01
9.453125000000000000e-01
9.115044247787610354e-01
9.921875000000000000e-01
9.687500000000000000e-01
9.609375000000000000e-01
9.687500000000000000e-01
9.140625000000000000e-01
9.375000000000000000e-01
9.921875000000000000e-01
1.000000000000000000e+00
9.531250000000000000e-01
9.296875000000000000e-01
9.531250000000000000e-01
9.140625000000000000e-01
9.609375000000000000e-01
9.765625000000000000e-01
9.765625000000000000e-01
9.062500000000000000e-01
8.750000000000000000e-01
9.062500000000000000e-01
9.843750000000000000e-01
9.765625000000000000e-01
9.843750000000000000e-01
9.296875000000000000e-01
9.026548672566371279e-01
9.531250000000000000e-01
9.765625000000000000e-01
9.609375000000000000e-01
9.687500000000000000e-01
9.375000000000000000e-01
9.218750000000000000e-01
9.296875000000000000e-01
9.921875000000000000e-01
9.765625000000000000e-01
9.140625000000000000e-01
8.984375000000000000e-01
8.437500000000000000e-01
7.578125000000000000e-01
9.609375000000000000e-01
8.828125000000000000e-01
7.968750000000000000e-01
7.656250000000000000e-01
7.734375000000000000e-01
6.250000000000000000e-01
9.687500000000000000e-01
9.375000000000000000e-01
8.437500000000000000e-01
8.495575221238937935e-01
9.609375000000000000e-01
9.062500000000000000e-01
9.765625000000000000e-01
9.609375000000000000e-01
9.375000000000000000e-01
8.203125000000000000e-01
8.203125000000000000e-01
8.125000000000000000e-01
9.687500000000000000e-01
8.984375000000000000e-01
8.359375000000000000e-01
8.671875000000000000e-01
6.796875000000000000e-01
7.187500000000000000e-01
9.687500000000000000e-01
8.906250000000000000e-01
8.281250000000000000e-01
8.984375000000000000e-01
8.203125000000000000e-01
7.421875000000000000e-01
9.843750000000000000e-01
8.984375000000000000e-01
9.380530973451327581e-01
9.531250000000000000e-01
9.687500000000000000e-01
9.375000000000000000e-01
9.921875000000000000e-01
9.765625000000000000e-01
9.296875000000000000e-01
9.609375000000000000e-01
8.593750000000000000e-01
9.375000000000000000e-01
9.765625000000000000e-01
9.531250000000000000e-01
9.531250000000000000e-01
9.062500000000000000e-01
8.984375000000000000e-01
8.906250000000000000e-01
9.609375000000000000e-01
9.609375000000000000e-01
9.218750000000000000e-01
9.296875000000000000e-01
7.734375000000000000e-01
7.031250000000000000e-01
9.609375000000000000e-01
7.079646017699114946e-01
9.687500000000000000e-01
9.375000000000000000e-01
9.218750000000000000e-01
8.828125000000000000e-01
9.765625000000000000e-01
9.062500000000000000e-01
8.906250000000000000e-01
9.531250000000000000e-01
8.437500000000000000e-01
8.359375000000000000e-01
9.843750000000000000e-01
9.687500000000000000e-01
9.062500000000000000e-01
9.531250000000000000e-01
8.437500000000000000e-01
8.671875000000000000e-01
1.000000000000000000e+00
9.296875000000000000e-01
8.359375000000000000e-01
8.750000000000000000e-01
6.953125000000000000e-01
7.890625000000000000e-01
9.823008849557521849e-01
9.921875000000000000e-01
9.531250000000000000e-01
9.375000000000000000e-01
9.531250000000000000e-01
9.375000000000000000e-01
9.843750000000000000e-01
9.687500000000000000e-01
9.765625000000000000e-01
9.375000000000000000e-01
9.609375000000000000e-01
9.062500000000000000e-01
9.921875000000000000e-01
9.531250000000000000e-01
9.609375000000000000e-01
9.531250000000000000e-01
9.765625000000000000e-01
8.515625000000000000e-01
9.765625000000000000e-01
9.218750000000000000e-01
8.359375000000000000e-01
7.968750000000000000e-01
7.500000000000000000e-01
6.814159292035397719e-01
9.843750000000000000e-01
9.921875000000000000e-01
9.843750000000000000e-01
9.218750000000000000e-01
9.062500000000000000e-01
9.375000000000000000e-01
9.296875000000000000e-01
9.687500000000000000e-01
8.984375000000000000e-01
9.140625000000000000e-01
8.437500000000000000e-01
8.281250000000000000e-01
9.765625000000000000e-01
9.687500000000000000e-01
9.687500000000000000e-01
9.140625000000000000e-01
8.515625000000000000e-01
8.906250000000000000e-01
9.843750000000000000e-01
9.843750000000000000e-01
9.140625000000000000e-01
8.750000000000000000e-01
8.495575221238937935e-01
9.453125000000000000e-01
9.765625000000000000e-01
9.921875000000000000e-01
9.843750000000000000e-01
9.531250000000000000e-01
9.687500000000000000e-01
9.375000000000000000e-01
9.609375000000000000e-01
9.921875000000000000e-01
8.984375000000000000e-01
9.375000000000000000e-01
9.140625000000000000e-01
9.218750000000000000e-01
9.921875000000000000e-01
9.687500000000000000e-01
9.140625000000000000e-01
8.906250000000000000e-01
9.375000000000000000e-01
8.671875000000000000e-01
9.921875000000000000e-01
9.453125000000000000e-01
9.609375000000000000e-01
9.292035398230088505e-01
9.609375000000000000e-01
9.765625000000000000e-01
1.000000000000000000e+00
1.000000000000000000e+00
9.921875000000000000e-01
1.000000000000000000e+00
9.687500000000000000e-01
9.843750000000000000e-01
9.843750000000000000e-01
9.921875000000000000e-01
9.843750000000000000e-01
9.765625000000000000e-01
9.453125000000000000e-01
9.218750000000000000e-01
1.000000000000000000e+00
9.687500000000000000e-01
9.531250000000000000e-01
9.140625000000000000e-01
8.984375000000000000e-01
8.593750000000000000e-01
9.921875000000000000e-01
9.375000000000000000e-01
8.318584070796459784e-01
9.765625000000000000e-01
9.765625000000000000e-01
8.828125000000000000e-01
9.921875000000000000e-01
9.843750000000000000e-01
9.765625000000000000e-01
9.687500000000000000e-01
9.765625000000000000e-01
9.687500000000000000e-01
9.687500000000000000e-01
9.609375000000000000e-01
9.375000000000000000e-01
9.140625000000000000e-01
9.218750000000000000e-01
9.062500000000000000e-01
9.687500000000000000e-01
9.531250000000000000e-01
9.218750000000000000e-01
9.062500000000000000e-01
8.984375000000000000e-01
7.734375000000000000e-01
9.687500000000000000e-01
9.557522123893805732e-01
9.921875000000000000e-01
9.921875000000000000e-01
9.296875000000000000e-01
8.984375000000000000e-01
9.843750000000000000e-01
9.843750000000000000e-01
9.843750000000000000e-01
1.000000000000000000e+00
9.453125000000000000e-01
9.687500000000000000e-01
9.765625000000000000e-01
9.687500000000000000e-01
9.687500000000000000e-01
9.453125000000000000e-01
9.609375000000000000e-01
9.609375000000000000e-01
1.000000000000000000e+00
9.843750000000000000e-01
9.062500000000000000e-01
9.453125000000000000e-01
8.984375000000000000e-01
9.531250000000000000e-01
9.911504424778760924e-01
1.000000000000000000e+00
9.843750000000000000e-01
9.843750000000000000e-01
9.765625000000000000e-01
9.687500000000000000e-01
9.921875000000000000e-01
1.000000000000000000e+00
9.921875000000000000e-01
9.921875000000000000e-01
9.843750000000000000e-01
9.687500000000000000e-01
9.921875000000000000e-01
1.000000000000000000e+00
9.921875000000000000e-01
9.687500000000000000e-01
9.843750000000000000e-01
9.531250000000000000e-01
9.921875000000000000e-01
9.765625000000000000e-01
9.843750000000000000e-01
9.375000000000000000e-01
9.062500000000000000e-01
8.938053097345132203e-01
1.000000000000000000e+00
9.921875000000000000e-01
1.000000000000000000e+00
9.296875000000000000e-01
9.687500000000000000e-01
9.531250000000000000e-01
1.000000000000000000e+00
1.000000000000000000e+00
1.000000000000000000e+00
9.921875000000000000e-01
9.843750000000000000e-01
9.843750000000000000e-01
1.000000000000000000e+00
9.921875000000000000e-01
9.843750000000000000e-01
9.765625000000000000e-01
9.687500000000000000e-01
9.687500000000000000e-01
1.000000000000000000e+00
9.843750000000000000e-01
9.687500000000000000e-01
9.531250000000000000e-01
9.026548672566371279e-01
1.000000000000000000e+00
1.000000000000000000e+00
1.000000000000000000e+00
9.765625000000000000e-01
9.921875000000000000e-01
9.687500000000000000e-01
9.843750000000000000e-01
9.921875000000000000e-01
1.000000000000000000e+00
9.921875000000000000e-01
9.921875000000000000e-01
1.000000000000000000e+00
9.687500000000000000e-01
9.843750000000000000e-01
9.687500000000000000e-01
9.921875000000000000e-01
9.843750000000000000e-01
9.609375000000000000e-01
9.609375000000000000e-01
9.921875000000000000e-01
9.765625000000000000e-01
9.765625000000000000e-01
9.646017699115043698e-01
1.000000000000000000e+00
1.000000000000000000e+00
9.843750000000000000e-01
1.000000000000000000e+00
1.000000000000000000e+00
9.765625000000000000e-01
9.921875000000000000e-01
9.921875000000000000e-01
9.765625000000000000e-01
1.000000000000000000e+00
1.000000000000000000e+00
1.000000000000000000e+00
9.843750000000000000e-01
9.921875000000000000e-01
9.921875000000000000e-01
9.921875000000000000e-01
9.843750000000000000e-01
9.921875000000000000e-01
9.921875000000000000e-01
9.765625000000000000e-01
9.843750000000000000e-01
9.921875000000000000e-01
9.911504424778760924e-01
9.921875000000000000e-01
9.843750000000000000e-01
9.687500000000000000e-01
1.000000000000000000e+00
1.000000000000000000e+00
1.000000000000000000e+00
9.921875000000000000e-01
1.000000000000000000e+00
9.765625000000000000e-01
1.000000000000000000e+00
1.000000000000000000e+00
1.000000000000000000e+00
9.921875000000000000e-01
9.921875000000000000e-01
9.843750000000000000e-01
9.921875000000000000e-01
1.000000000000000000e+00
1.000000000000000000e+00
1.000000000000000000e+00
9.921875000000000000e-01
9.765625000000000000e-01
1.000000000000000000e+00
1.000000000000000000e+00
1.000000000000000000e+00
1.000000000000000000e+00
1.000000000000000000e+00
1.000000000000000000e+00
1.000000000000000000e+00
1.000000000000000000e+00
1.000000000000000000e+00
1.000000000000000000e+00
1.000000000000000000e+00
1.000000000000000000e+00
1.000000000000000000e+00
1.000000000000000000e+00
1.000000000000000000e+00
1.000000000000000000e+00
9.921875000000000000e-01
1.000000000000000000e+00
1.000000000000000000e+00
1.000000000000000000e+00
9.921875000000000000e-01
9.921875000000000000e-01
9.921875000000000000e-01
9.609375000000000000e-01
1.000000000000000000e+00
9.921875000000000000e-01
1.000000000000000000e+00
1.000000000000000000e+00
9.843750000000000000e-01
9.687500000000000000e-01
1.000000000000000000e+00
9.921875000000000000e-01
1.000000000000000000e+00
1.000000000000000000e+00
1.000000000000000000e+00
1.000000000000000000e+00
9.921875000000000000e-01
1.000000000000000000e+00
9.921875000000000000e-01
9.921875000000000000e-01
1.000000000000000000e+00
9.921875000000000000e-01
1.000000000000000000e+00
1.000000000000000000e+00
1.000000000000000000e+00
1.000000000000000000e+00
1.000000000000000000e+00
1.000000000000000000e+00
1.000000000000000000e+00
1.000000000000000000e+00
1.000000000000000000e+00
9.921875000000000000e-01
9.921875000000000000e-01
9.921875000000000000e-01
1.000000000000000000e+00
9.843750000000000000e-01
9.921875000000000000e-01
1.000000000000000000e+00
9.765625000000000000e-01
9.921875000000000000e-01
1.000000000000000000e+00
1.000000000000000000e+00
9.843750000000000000e-01
1.000000000000000000e+00
1.000000000000000000e+00
9.843750000000000000e-01
1.000000000000000000e+00
1.000000000000000000e+00
9.921875000000000000e-01
9.843750000000000000e-01
9.911504424778760924e-01
1.000000000000000000e+00
9.921875000000000000e-01
1.000000000000000000e+00
1.000000000000000000e+00
1.000000000000000000e+00
1.000000000000000000e+00
9.921875000000000000e-01
1.000000000000000000e+00
1.000000000000000000e+00
1.000000000000000000e+00
1.000000000000000000e+00
1.000000000000000000e+00
9.921875000000000000e-01
9.921875000000000000e-01
9.921875000000000000e-01
1.000000000000000000e+00
1.000000000000000000e+00
1.000000000000000000e+00
9.765625000000000000e-01
9.921875000000000000e-01
1.000000000000000000e+00
1.000000000000000000e+00
9.911504424778760924e-01
9.921875000000000000e-01
1.000000000000000000e+00
1.000000000000000000e+00
1.000000000000000000e+00
1.000000000000000000e+00
1.000000000000000000e+00
1.000000000000000000e+00
1.000000000000000000e+00
1.000000000000000000e+00
1.000000000000000000e+00
1.000000000000000000e+00
1.000000000000000000e+00
1.000000000000000000e+00
1.000000000000000000e+00
1.000000000000000000e+00
1.000000000000000000e+00
1.000000000000000000e+00
1.000000000000000000e+00
1.000000000000000000e+00
1.000000000000000000e+00
1.000000000000000000e+00
1.000000000000000000e+00
1.000000000000000000e+00
1.000000000000000000e+00
1.000000000000000000e+00
1.000000000000000000e+00
1.000000000000000000e+00
9.921875000000000000e-01
1.000000000000000000e+00
1.000000000000000000e+00
1.000000000000000000e+00
1.000000000000000000e+00
1.000000000000000000e+00
1.000000000000000000e+00
1.000000000000000000e+00
1.000000000000000000e+00
1.000000000000000000e+00
9.921875000000000000e-01
1.000000000000000000e+00
1.000000000000000000e+00
1.000000000000000000e+00
1.000000000000000000e+00
1.000000000000000000e+00
1.000000000000000000e+00
1.000000000000000000e+00
1.000000000000000000e+00
1.000000000000000000e+00
1.000000000000000000e+00
1.000000000000000000e+00
1.000000000000000000e+00
1.000000000000000000e+00
1.000000000000000000e+00
1.000000000000000000e+00
1.000000000000000000e+00
1.000000000000000000e+00
1.000000000000000000e+00
1.000000000000000000e+00
1.000000000000000000e+00
1.000000000000000000e+00
1.000000000000000000e+00
9.921875000000000000e-01
1.000000000000000000e+00
1.000000000000000000e+00
1.000000000000000000e+00
1.000000000000000000e+00
1.000000000000000000e+00
9.921875000000000000e-01
9.921875000000000000e-01
1.000000000000000000e+00
1.000000000000000000e+00
9.921875000000000000e-01
1.000000000000000000e+00
1.000000000000000000e+00
9.921875000000000000e-01
1.000000000000000000e+00
1.000000000000000000e+00
1.000000000000000000e+00
1.000000000000000000e+00
1.000000000000000000e+00
1.000000000000000000e+00
1.000000000000000000e+00
1.000000000000000000e+00
1.000000000000000000e+00
1.000000000000000000e+00
1.000000000000000000e+00
1.000000000000000000e+00
1.000000000000000000e+00
9.921875000000000000e-01
1.000000000000000000e+00
1.000000000000000000e+00
1.000000000000000000e+00
1.000000000000000000e+00
1.000000000000000000e+00
1.000000000000000000e+00
1.000000000000000000e+00
1.000000000000000000e+00
1.000000000000000000e+00
9.843750000000000000e-01
9.921875000000000000e-01
1.000000000000000000e+00
1.000000000000000000e+00
9.765625000000000000e-01
9.921875000000000000e-01
9.843750000000000000e-01
9.843750000000000000e-01
1.000000000000000000e+00
9.921875000000000000e-01
9.921875000000000000e-01
9.921875000000000000e-01
9.609375000000000000e-01
1.000000000000000000e+00
9.921875000000000000e-01
1.000000000000000000e+00
9.921875000000000000e-01
9.734513274336282773e-01
9.921875000000000000e-01
9.921875000000000000e-01
1.000000000000000000e+00
1.000000000000000000e+00
9.687500000000000000e-01
1.000000000000000000e+00
9.609375000000000000e-01
1.000000000000000000e+00
1.000000000000000000e+00
9.765625000000000000e-01
9.687500000000000000e-01
9.375000000000000000e-01
9.375000000000000000e-01
1.000000000000000000e+00
9.531250000000000000e-01
9.218750000000000000e-01
9.453125000000000000e-01
8.828125000000000000e-01
7.656250000000000000e-01
9.921875000000000000e-01
9.453125000000000000e-01
9.296875000000000000e-01
8.849557522123894238e-01
9.609375000000000000e-01
9.687500000000000000e-01
1.000000000000000000e+00
9.687500000000000000e-01
9.296875000000000000e-01
9.453125000000000000e-01
9.062500000000000000e-01
8.906250000000000000e-01
1.000000000000000000e+00
1.000000000000000000e+00
9.453125000000000000e-01
9.375000000000000000e-01
9.062500000000000000e-01
8.984375000000000000e-01
9.921875000000000000e-01
9.765625000000000000e-01
9.062500000000000000e-01
9.687500000000000000e-01
7.734375000000000000e-01
8.046875000000000000e-01
1.000000000000000000e+00
9.609375000000000000e-01
7.876106194690265516e-01
9.843750000000000000e-01
9.531250000000000000e-01
9.375000000000000000e-01
9.921875000000000000e-01
1.000000000000000000e+00
8.750000000000000000e-01
9.453125000000000000e-01
9.218750000000000000e-01
9.531250000000000000e-01
1.000000000000000000e+00
1.000000000000000000e+00
9.687500000000000000e-01
9.765625000000000000e-01
9.218750000000000000e-01
8.984375000000000000e-01
1.000000000000000000e+00
9.609375000000000000e-01
9.296875000000000000e-01
9.453125000000000000e-01
8.125000000000000000e-01
8.593750000000000000e-01
9.921875000000000000e-01
9.911504424778760924e-01
1.000000000000000000e+00
1.000000000000000000e+00
9.609375000000000000e-01
9.843750000000000000e-01
1.000000000000000000e+00
9.921875000000000000e-01
9.921875000000000000e-01
9.843750000000000000e-01
1.000000000000000000e+00
9.765625000000000000e-01
1.000000000000000000e+00
1.000000000000000000e+00
9.921875000000000000e-01
9.921875000000000000e-01
9.687500000000000000e-01
9.687500000000000000e-01
1.000000000000000000e+00
9.921875000000000000e-01
9.765625000000000000e-01
9.687500000000000000e-01
9.296875000000000000e-01
9.375000000000000000e-01
1.000000000000000000e+00
1.000000000000000000e+00
9.921875000000000000e-01
9.921875000000000000e-01
9.843750000000000000e-01
9.531250000000000000e-01
9.843750000000000000e-01
1.000000000000000000e+00
1.000000000000000000e+00
9.609375000000000000e-01
9.765625000000000000e-01
9.609375000000000000e-01
9.921875000000000000e-01
9.765625000000000000e-01
1.000000000000000000e+00
9.765625000000000000e-01
9.687500000000000000e-01
9.843750000000000000e-01
1.000000000000000000e+00
1.000000000000000000e+00
1.000000000000000000e+00
9.687500000000000000e-01
1.000000000000000000e+00
9.380530973451327581e-01
9.921875000000000000e-01
1.000000000000000000e+00
1.000000000000000000e+00
1.000000000000000000e+00
1.000000000000000000e+00
1.000000000000000000e+00
1.000000000000000000e+00
1.000000000000000000e+00
1.000000000000000000e+00
1.000000000000000000e+00
9.765625000000000000e-01
9.843750000000000000e-01
1.000000000000000000e+00
1.000000000000000000e+00
9.843750000000000000e-01
9.765625000000000000e-01
9.843750000000000000e-01
9.375000000000000000e-01
9.921875000000000000e-01
9.843750000000000000e-01
9.218750000000000000e-01
9.140625000000000000e-01
8.495575221238937935e-01
9.843750000000000000e-01
9.921875000000000000e-01
9.921875000000000000e-01
1.000000000000000000e+00
9.687500000000000000e-01
9.687500000000000000e-01
9.453125000000000000e-01
1.000000000000000000e+00
1.000000000000000000e+00
9.921875000000000000e-01
1.000000000000000000e+00
9.609375000000000000e-01
9.687500000000000000e-01
1.000000000000000000e+00
9.921875000000000000e-01
9.921875000000000000e-01
9.843750000000000000e-01
9.765625000000000000e-01
9.375000000000000000e-01
1.000000000000000000e+00
1.000000000000000000e+00
9.609375000000000000e-01
9.646017699115043698e-01
9.843750000000000000e-01
9.609375000000000000e-01
1.000000000000000000e+00
1.000000000000000000e+00
1.000000000000000000e+00
9.921875000000000000e-01
9.843750000000000000e-01
9.843750000000000000e-01
1.000000000000000000e+00
1.000000000000000000e+00
1.000000000000000000e+00
9.921875000000000000e-01
9.921875000000000000e-01
9.687500000000000000e-01
1.000000000000000000e+00
1.000000000000000000e+00
9.765625000000000000e-01
9.687500000000000000e-01
9.765625000000000000e-01
9.609375000000000000e-01
1.000000000000000000e+00
1.000000000000000000e+00
9.292035398230088505e-01
1.000000000000000000e+00
9.765625000000000000e-01
9.765625000000000000e-01
1.000000000000000000e+00
1.000000000000000000e+00
1.000000000000000000e+00
9.921875000000000000e-01
9.843750000000000000e-01
9.921875000000000000e-01
1.000000000000000000e+00
9.921875000000000000e-01
9.921875000000000000e-01
9.921875000000000000e-01
9.921875000000000000e-01
9.609375000000000000e-01
1.000000000000000000e+00
1.000000000000000000e+00
9.296875000000000000e-01
9.609375000000000000e-01
8.828125000000000000e-01
8.984375000000000000e-01
1.000000000000000000e+00
9.734513274336282773e-01
9.765625000000000000e-01
1.000000000000000000e+00
9.843750000000000000e-01
9.296875000000000000e-01
1.000000000000000000e+00
9.921875000000000000e-01
1.000000000000000000e+00
9.921875000000000000e-01
9.687500000000000000e-01
9.921875000000000000e-01
1.000000000000000000e+00
1.000000000000000000e+00
1.000000000000000000e+00
9.921875000000000000e-01
9.687500000000000000e-01
9.921875000000000000e-01
1.000000000000000000e+00
1.000000000000000000e+00
9.687500000000000000e-01
9.765625000000000000e-01
9.531250000000000000e-01
9.531250000000000000e-01
1.000000000000000000e+00
1.000000000000000000e+00
1.000000000000000000e+00
9.843750000000000000e-01
9.765625000000000000e-01
9.843750000000000000e-01
1.000000000000000000e+00
1.000000000000000000e+00
1.000000000000000000e+00
1.000000000000000000e+00
1.000000000000000000e+00
1.000000000000000000e+00
1.000000000000000000e+00
1.000000000000000000e+00
1.000000000000000000e+00
9.921875000000000000e-01
1.000000000000000000e+00
9.921875000000000000e-01
1.000000000000000000e+00
1.000000000000000000e+00
1.000000000000000000e+00
9.921875000000000000e-01
1.000000000000000000e+00
9.911504424778760924e-01
9.921875000000000000e-01
1.000000000000000000e+00
9.921875000000000000e-01
1.000000000000000000e+00
9.921875000000000000e-01
9.765625000000000000e-01
1.000000000000000000e+00
9.843750000000000000e-01
1.000000000000000000e+00
9.921875000000000000e-01
1.000000000000000000e+00
9.843750000000000000e-01
1.000000000000000000e+00
9.921875000000000000e-01
1.000000000000000000e+00
1.000000000000000000e+00
1.000000000000000000e+00
9.921875000000000000e-01
1.000000000000000000e+00
1.000000000000000000e+00
9.921875000000000000e-01
9.843750000000000000e-01
9.911504424778760924e-01
9.843750000000000000e-01
1.000000000000000000e+00
1.000000000000000000e+00
1.000000000000000000e+00
1.000000000000000000e+00
9.921875000000000000e-01
1.000000000000000000e+00
9.921875000000000000e-01
1.000000000000000000e+00
1.000000000000000000e+00
1.000000000000000000e+00
1.000000000000000000e+00
1.000000000000000000e+00
1.000000000000000000e+00
1.000000000000000000e+00
1.000000000000000000e+00
1.000000000000000000e+00
1.000000000000000000e+00
1.000000000000000000e+00
1.000000000000000000e+00
1.000000000000000000e+00
1.000000000000000000e+00
1.000000000000000000e+00
1.000000000000000000e+00
1.000000000000000000e+00
1.000000000000000000e+00
1.000000000000000000e+00
1.000000000000000000e+00
1.000000000000000000e+00
1.000000000000000000e+00
1.000000000000000000e+00
1.000000000000000000e+00
9.921875000000000000e-01
1.000000000000000000e+00
1.000000000000000000e+00
1.000000000000000000e+00
1.000000000000000000e+00
1.000000000000000000e+00
1.000000000000000000e+00
1.000000000000000000e+00
1.000000000000000000e+00
1.000000000000000000e+00
1.000000000000000000e+00
1.000000000000000000e+00
1.000000000000000000e+00
1.000000000000000000e+00
1.000000000000000000e+00
1.000000000000000000e+00
1.000000000000000000e+00
1.000000000000000000e+00
1.000000000000000000e+00
1.000000000000000000e+00
1.000000000000000000e+00
1.000000000000000000e+00
1.000000000000000000e+00
1.000000000000000000e+00
1.000000000000000000e+00
9.921875000000000000e-01
1.000000000000000000e+00
1.000000000000000000e+00
1.000000000000000000e+00
1.000000000000000000e+00
1.000000000000000000e+00
1.000000000000000000e+00
1.000000000000000000e+00
1.000000000000000000e+00
9.921875000000000000e-01
1.000000000000000000e+00
1.000000000000000000e+00
1.000000000000000000e+00
1.000000000000000000e+00
1.000000000000000000e+00
1.000000000000000000e+00
1.000000000000000000e+00
1.000000000000000000e+00
1.000000000000000000e+00
1.000000000000000000e+00
1.000000000000000000e+00
1.000000000000000000e+00
1.000000000000000000e+00
1.000000000000000000e+00
1.000000000000000000e+00
1.000000000000000000e+00
1.000000000000000000e+00
1.000000000000000000e+00
1.000000000000000000e+00
1.000000000000000000e+00
1.000000000000000000e+00
1.000000000000000000e+00
1.000000000000000000e+00
1.000000000000000000e+00
1.000000000000000000e+00
1.000000000000000000e+00
9.921875000000000000e-01
1.000000000000000000e+00
1.000000000000000000e+00
9.921875000000000000e-01
1.000000000000000000e+00
1.000000000000000000e+00
1.000000000000000000e+00
1.000000000000000000e+00
1.000000000000000000e+00
1.000000000000000000e+00
1.000000000000000000e+00
1.000000000000000000e+00
1.000000000000000000e+00
1.000000000000000000e+00
9.921875000000000000e-01
1.000000000000000000e+00
1.000000000000000000e+00
1.000000000000000000e+00
1.000000000000000000e+00
1.000000000000000000e+00
1.000000000000000000e+00
1.000000000000000000e+00
1.000000000000000000e+00
1.000000000000000000e+00
1.000000000000000000e+00
1.000000000000000000e+00
1.000000000000000000e+00
1.000000000000000000e+00
1.000000000000000000e+00
1.000000000000000000e+00
1.000000000000000000e+00
1.000000000000000000e+00
1.000000000000000000e+00
1.000000000000000000e+00
1.000000000000000000e+00
1.000000000000000000e+00
1.000000000000000000e+00
1.000000000000000000e+00
1.000000000000000000e+00
1.000000000000000000e+00
1.000000000000000000e+00
1.000000000000000000e+00
1.000000000000000000e+00
1.000000000000000000e+00
1.000000000000000000e+00
1.000000000000000000e+00
1.000000000000000000e+00
1.000000000000000000e+00
1.000000000000000000e+00
1.000000000000000000e+00
1.000000000000000000e+00
1.000000000000000000e+00
1.000000000000000000e+00
1.000000000000000000e+00
1.000000000000000000e+00
1.000000000000000000e+00
1.000000000000000000e+00
1.000000000000000000e+00
1.000000000000000000e+00
1.000000000000000000e+00
1.000000000000000000e+00
1.000000000000000000e+00
1.000000000000000000e+00
1.000000000000000000e+00
1.000000000000000000e+00
1.000000000000000000e+00
1.000000000000000000e+00
1.000000000000000000e+00
1.000000000000000000e+00
1.000000000000000000e+00
1.000000000000000000e+00
1.000000000000000000e+00
1.000000000000000000e+00
1.000000000000000000e+00
1.000000000000000000e+00
1.000000000000000000e+00
1.000000000000000000e+00
1.000000000000000000e+00
1.000000000000000000e+00
1.000000000000000000e+00
1.000000000000000000e+00
1.000000000000000000e+00
1.000000000000000000e+00
1.000000000000000000e+00
1.000000000000000000e+00
1.000000000000000000e+00
1.000000000000000000e+00
1.000000000000000000e+00
1.000000000000000000e+00
1.000000000000000000e+00
1.000000000000000000e+00
1.000000000000000000e+00
1.000000000000000000e+00
1.000000000000000000e+00
1.000000000000000000e+00
1.000000000000000000e+00
1.000000000000000000e+00
1.000000000000000000e+00
1.000000000000000000e+00
1.000000000000000000e+00
1.000000000000000000e+00
1.000000000000000000e+00
1.000000000000000000e+00
1.000000000000000000e+00
1.000000000000000000e+00
1.000000000000000000e+00
1.000000000000000000e+00
1.000000000000000000e+00
1.000000000000000000e+00
1.000000000000000000e+00
1.000000000000000000e+00
1.000000000000000000e+00
1.000000000000000000e+00
1.000000000000000000e+00
1.000000000000000000e+00
1.000000000000000000e+00
1.000000000000000000e+00
1.000000000000000000e+00
1.000000000000000000e+00
1.000000000000000000e+00
1.000000000000000000e+00
1.000000000000000000e+00
1.000000000000000000e+00
1.000000000000000000e+00
1.000000000000000000e+00
1.000000000000000000e+00
1.000000000000000000e+00
1.000000000000000000e+00
1.000000000000000000e+00
1.000000000000000000e+00
1.000000000000000000e+00
1.000000000000000000e+00
1.000000000000000000e+00
1.000000000000000000e+00
1.000000000000000000e+00
1.000000000000000000e+00
1.000000000000000000e+00
1.000000000000000000e+00
1.000000000000000000e+00
1.000000000000000000e+00
1.000000000000000000e+00
1.000000000000000000e+00
1.000000000000000000e+00
1.000000000000000000e+00
1.000000000000000000e+00
1.000000000000000000e+00
1.000000000000000000e+00
1.000000000000000000e+00
1.000000000000000000e+00
1.000000000000000000e+00
1.000000000000000000e+00
1.000000000000000000e+00
1.000000000000000000e+00
1.000000000000000000e+00
1.000000000000000000e+00
1.000000000000000000e+00
1.000000000000000000e+00
1.000000000000000000e+00
1.000000000000000000e+00
1.000000000000000000e+00
1.000000000000000000e+00
1.000000000000000000e+00
1.000000000000000000e+00
1.000000000000000000e+00
1.000000000000000000e+00
1.000000000000000000e+00
9.765625000000000000e-01
1.000000000000000000e+00
9.843750000000000000e-01
9.921875000000000000e-01
1.000000000000000000e+00
1.000000000000000000e+00
1.000000000000000000e+00
1.000000000000000000e+00
9.687500000000000000e-01
1.000000000000000000e+00
9.843750000000000000e-01
9.921875000000000000e-01
9.921875000000000000e-01
9.921875000000000000e-01
1.000000000000000000e+00
9.765625000000000000e-01
9.911504424778760924e-01
9.687500000000000000e-01
1.000000000000000000e+00
1.000000000000000000e+00
9.843750000000000000e-01
1.000000000000000000e+00
1.000000000000000000e+00
9.843750000000000000e-01
1.000000000000000000e+00
9.765625000000000000e-01
9.921875000000000000e-01
9.765625000000000000e-01
9.609375000000000000e-01
1.000000000000000000e+00
9.921875000000000000e-01
9.921875000000000000e-01
9.921875000000000000e-01
9.609375000000000000e-01
9.687500000000000000e-01
8.906250000000000000e-01
9.765625000000000000e-01
9.062500000000000000e-01
8.750000000000000000e-01
8.761061946902655162e-01
9.609375000000000000e-01
9.453125000000000000e-01
1.000000000000000000e+00
9.843750000000000000e-01
9.687500000000000000e-01
9.453125000000000000e-01
9.453125000000000000e-01
8.984375000000000000e-01
1.000000000000000000e+00
9.921875000000000000e-01
9.296875000000000000e-01
9.218750000000000000e-01
9.218750000000000000e-01
8.750000000000000000e-01
1.000000000000000000e+00
9.921875000000000000e-01
8.828125000000000000e-01
8.828125000000000000e-01
8.359375000000000000e-01
8.046875000000000000e-01
1.000000000000000000e+00
9.296875000000000000e-01
9.646017699115043698e-01
9.921875000000000000e-01
9.531250000000000000e-01
9.687500000000000000e-01
1.000000000000000000e+00
9.921875000000000000e-01
9.609375000000000000e-01
9.609375000000000000e-01
9.453125000000000000e-01
8.984375000000000000e-01
1.000000000000000000e+00
9.765625000000000000e-01
9.765625000000000000e-01
9.453125000000000000e-01
8.750000000000000000e-01
8.671875000000000000e-01
1.000000000000000000e+00
9.531250000000000000e-01
9.453125000000000000e-01
9.140625000000000000e-01
8.281250000000000000e-01
8.593750000000000000e-01
1.000000000000000000e+00
9.911504424778760924e-01
1.000000000000000000e+00
9.765625000000000000e-01
9.062500000000000000e-01
9.218750000000000000e-01
9.843750000000000000e-01
1.000000000000000000e+00
9.531250000000000000e-01
9.765625000000000000e-01
9.218750000000000000e-01
9.062500000000000000e-01
1.000000000000000000e+00
9.921875000000000000e-01
9.687500000000000000e-01
9.453125000000000000e-01
9.218750000000000000e-01
9.375000000000000000e-01
1.000000000000000000e+00
1.000000000000000000e+00
9.687500000000000000e-01
9.140625000000000000e-01
9.531250000000000000e-01
9.375000000000000000e-01
1.000000000000000000e+00
9.921875000000000000e-01
1.000000000000000000e+00
1.000000000000000000e+00
9.843750000000000000e-01
9.765625000000000000e-01
1.000000000000000000e+00
9.921875000000000000e-01
1.000000000000000000e+00
9.843750000000000000e-01
1.000000000000000000e+00
9.687500000000000000e-01
1.000000000000000000e+00
1.000000000000000000e+00
9.843750000000000000e-01
9.843750000000000000e-01
9.687500000000000000e-01
9.531250000000000000e-01
9.921875000000000000e-01
9.843750000000000000e-01
9.921875000000000000e-01
9.687500000000000000e-01
9.609375000000000000e-01
9.115044247787610354e-01
1.000000000000000000e+00
1.000000000000000000e+00
1.000000000000000000e+00
9.921875000000000000e-01
9.843750000000000000e-01
9.765625000000000000e-01
9.921875000000000000e-01
1.000000000000000000e+00
9.921875000000000000e-01
1.000000000000000000e+00
9.843750000000000000e-01
9.921875000000000000e-01
1.000000000000000000e+00
1.000000000000000000e+00
9.921875000000000000e-01
9.609375000000000000e-01
9.765625000000000000e-01
8.906250000000000000e-01
1.000000000000000000e+00
9.218750000000000000e-01
8.906250000000000000e-01
9.375000000000000000e-01
9.026548672566371279e-01
9.843750000000000000e-01
1.000000000000000000e+00
1.000000000000000000e+00
1.000000000000000000e+00
9.921875000000000000e-01
9.687500000000000000e-01
9.843750000000000000e-01
1.000000000000000000e+00
1.000000000000000000e+00
9.765625000000000000e-01
9.921875000000000000e-01
9.687500000000000000e-01
9.843750000000000000e-01
1.000000000000000000e+00
1.000000000000000000e+00
9.921875000000000000e-01
9.609375000000000000e-01
9.921875000000000000e-01
9.609375000000000000e-01
1.000000000000000000e+00
9.921875000000000000e-01
9.375000000000000000e-01
9.911504424778760924e-01
9.921875000000000000e-01
9.765625000000000000e-01
1.000000000000000000e+00
1.000000000000000000e+00
1.000000000000000000e+00
1.000000000000000000e+00
9.765625000000000000e-01
1.000000000000000000e+00
1.000000000000000000e+00
1.000000000000000000e+00
1.000000000000000000e+00
9.843750000000000000e-01
1.000000000000000000e+00
9.843750000000000000e-01
1.000000000000000000e+00
9.921875000000000000e-01
1.000000000000000000e+00
1.000000000000000000e+00
9.921875000000000000e-01
9.921875000000000000e-01
1.000000000000000000e+00
1.000000000000000000e+00
1.000000000000000000e+00
1.000000000000000000e+00
1.000000000000000000e+00
1.000000000000000000e+00
1.000000000000000000e+00
1.000000000000000000e+00
1.000000000000000000e+00
1.000000000000000000e+00
9.921875000000000000e-01
1.000000000000000000e+00
1.000000000000000000e+00
1.000000000000000000e+00
1.000000000000000000e+00
1.000000000000000000e+00
1.000000000000000000e+00
1.000000000000000000e+00
1.000000000000000000e+00
1.000000000000000000e+00
1.000000000000000000e+00
1.000000000000000000e+00
1.000000000000000000e+00
1.000000000000000000e+00
1.000000000000000000e+00
1.000000000000000000e+00
1.000000000000000000e+00
1.000000000000000000e+00
1.000000000000000000e+00
1.000000000000000000e+00
1.000000000000000000e+00
1.000000000000000000e+00
1.000000000000000000e+00
1.000000000000000000e+00
1.000000000000000000e+00
1.000000000000000000e+00
1.000000000000000000e+00
1.000000000000000000e+00
1.000000000000000000e+00
1.000000000000000000e+00
1.000000000000000000e+00
1.000000000000000000e+00
1.000000000000000000e+00
1.000000000000000000e+00
1.000000000000000000e+00
1.000000000000000000e+00
1.000000000000000000e+00
1.000000000000000000e+00
1.000000000000000000e+00
1.000000000000000000e+00
1.000000000000000000e+00
1.000000000000000000e+00
1.000000000000000000e+00
1.000000000000000000e+00
1.000000000000000000e+00
1.000000000000000000e+00
1.000000000000000000e+00
1.000000000000000000e+00
1.000000000000000000e+00
1.000000000000000000e+00
1.000000000000000000e+00
1.000000000000000000e+00
1.000000000000000000e+00
1.000000000000000000e+00
1.000000000000000000e+00
1.000000000000000000e+00
1.000000000000000000e+00
1.000000000000000000e+00
1.000000000000000000e+00
1.000000000000000000e+00
1.000000000000000000e+00
1.000000000000000000e+00
1.000000000000000000e+00
1.000000000000000000e+00
1.000000000000000000e+00
1.000000000000000000e+00
1.000000000000000000e+00
1.000000000000000000e+00
1.000000000000000000e+00
1.000000000000000000e+00
1.000000000000000000e+00
1.000000000000000000e+00
1.000000000000000000e+00
1.000000000000000000e+00
1.000000000000000000e+00
1.000000000000000000e+00
1.000000000000000000e+00
1.000000000000000000e+00
9.921875000000000000e-01
1.000000000000000000e+00
1.000000000000000000e+00
1.000000000000000000e+00
1.000000000000000000e+00
1.000000000000000000e+00
1.000000000000000000e+00
1.000000000000000000e+00
1.000000000000000000e+00
1.000000000000000000e+00
1.000000000000000000e+00
1.000000000000000000e+00
1.000000000000000000e+00
1.000000000000000000e+00
9.921875000000000000e-01
1.000000000000000000e+00
1.000000000000000000e+00
1.000000000000000000e+00
1.000000000000000000e+00
1.000000000000000000e+00
1.000000000000000000e+00
1.000000000000000000e+00
1.000000000000000000e+00
1.000000000000000000e+00
1.000000000000000000e+00
1.000000000000000000e+00
1.000000000000000000e+00
1.000000000000000000e+00
1.000000000000000000e+00
1.000000000000000000e+00
1.000000000000000000e+00
1.000000000000000000e+00
1.000000000000000000e+00
1.000000000000000000e+00
1.000000000000000000e+00
1.000000000000000000e+00
1.000000000000000000e+00
1.000000000000000000e+00
1.000000000000000000e+00
1.000000000000000000e+00
1.000000000000000000e+00
1.000000000000000000e+00
1.000000000000000000e+00
1.000000000000000000e+00
1.000000000000000000e+00
1.000000000000000000e+00
1.000000000000000000e+00
1.000000000000000000e+00
1.000000000000000000e+00
1.000000000000000000e+00
1.000000000000000000e+00
1.000000000000000000e+00
1.000000000000000000e+00
1.000000000000000000e+00
1.000000000000000000e+00
1.000000000000000000e+00
1.000000000000000000e+00
1.000000000000000000e+00
1.000000000000000000e+00
1.000000000000000000e+00
1.000000000000000000e+00
1.000000000000000000e+00
1.000000000000000000e+00
1.000000000000000000e+00
1.000000000000000000e+00
1.000000000000000000e+00
1.000000000000000000e+00
1.000000000000000000e+00
1.000000000000000000e+00
1.000000000000000000e+00
1.000000000000000000e+00
1.000000000000000000e+00
1.000000000000000000e+00
1.000000000000000000e+00
1.000000000000000000e+00
1.000000000000000000e+00
1.000000000000000000e+00
1.000000000000000000e+00
1.000000000000000000e+00
1.000000000000000000e+00
1.000000000000000000e+00
1.000000000000000000e+00
1.000000000000000000e+00
1.000000000000000000e+00
1.000000000000000000e+00
1.000000000000000000e+00
1.000000000000000000e+00
1.000000000000000000e+00
1.000000000000000000e+00
1.000000000000000000e+00
1.000000000000000000e+00
1.000000000000000000e+00
1.000000000000000000e+00
1.000000000000000000e+00
1.000000000000000000e+00
1.000000000000000000e+00
1.000000000000000000e+00
1.000000000000000000e+00
1.000000000000000000e+00
1.000000000000000000e+00
1.000000000000000000e+00
1.000000000000000000e+00
9.921875000000000000e-01
1.000000000000000000e+00
1.000000000000000000e+00
1.000000000000000000e+00
1.000000000000000000e+00
1.000000000000000000e+00
1.000000000000000000e+00
1.000000000000000000e+00
1.000000000000000000e+00
1.000000000000000000e+00
1.000000000000000000e+00
1.000000000000000000e+00
1.000000000000000000e+00
1.000000000000000000e+00
1.000000000000000000e+00
1.000000000000000000e+00
1.000000000000000000e+00
1.000000000000000000e+00
1.000000000000000000e+00
1.000000000000000000e+00
1.000000000000000000e+00
1.000000000000000000e+00
1.000000000000000000e+00
1.000000000000000000e+00
1.000000000000000000e+00
1.000000000000000000e+00
1.000000000000000000e+00
1.000000000000000000e+00
1.000000000000000000e+00
1.000000000000000000e+00
1.000000000000000000e+00
1.000000000000000000e+00
1.000000000000000000e+00
1.000000000000000000e+00
1.000000000000000000e+00
1.000000000000000000e+00
1.000000000000000000e+00
1.000000000000000000e+00
1.000000000000000000e+00
1.000000000000000000e+00
1.000000000000000000e+00
1.000000000000000000e+00
1.000000000000000000e+00
1.000000000000000000e+00
1.000000000000000000e+00
1.000000000000000000e+00
1.000000000000000000e+00
1.000000000000000000e+00
1.000000000000000000e+00
1.000000000000000000e+00
1.000000000000000000e+00
1.000000000000000000e+00
1.000000000000000000e+00
1.000000000000000000e+00
1.000000000000000000e+00
1.000000000000000000e+00
1.000000000000000000e+00
1.000000000000000000e+00
1.000000000000000000e+00
1.000000000000000000e+00
1.000000000000000000e+00
1.000000000000000000e+00
1.000000000000000000e+00
1.000000000000000000e+00
9.921875000000000000e-01
1.000000000000000000e+00
1.000000000000000000e+00
1.000000000000000000e+00
1.000000000000000000e+00
1.000000000000000000e+00
1.000000000000000000e+00
1.000000000000000000e+00
1.000000000000000000e+00
1.000000000000000000e+00
1.000000000000000000e+00
1.000000000000000000e+00
1.000000000000000000e+00
1.000000000000000000e+00
1.000000000000000000e+00
1.000000000000000000e+00
1.000000000000000000e+00
1.000000000000000000e+00
1.000000000000000000e+00
1.000000000000000000e+00
1.000000000000000000e+00
1.000000000000000000e+00
1.000000000000000000e+00
1.000000000000000000e+00
1.000000000000000000e+00
1.000000000000000000e+00
1.000000000000000000e+00
1.000000000000000000e+00
1.000000000000000000e+00
1.000000000000000000e+00
1.000000000000000000e+00
1.000000000000000000e+00
1.000000000000000000e+00
1.000000000000000000e+00
1.000000000000000000e+00
1.000000000000000000e+00
9.921875000000000000e-01
1.000000000000000000e+00
1.000000000000000000e+00
1.000000000000000000e+00
1.000000000000000000e+00
1.000000000000000000e+00
1.000000000000000000e+00
1.000000000000000000e+00
1.000000000000000000e+00
1.000000000000000000e+00
1.000000000000000000e+00
1.000000000000000000e+00
1.000000000000000000e+00
1.000000000000000000e+00
1.000000000000000000e+00
1.000000000000000000e+00
1.000000000000000000e+00
1.000000000000000000e+00
1.000000000000000000e+00
9.921875000000000000e-01
1.000000000000000000e+00
9.921875000000000000e-01
1.000000000000000000e+00
1.000000000000000000e+00
1.000000000000000000e+00
1.000000000000000000e+00
1.000000000000000000e+00
9.921875000000000000e-01
1.000000000000000000e+00
1.000000000000000000e+00
1.000000000000000000e+00
1.000000000000000000e+00
9.687500000000000000e-01
9.921875000000000000e-01
1.000000000000000000e+00
1.000000000000000000e+00
1.000000000000000000e+00
1.000000000000000000e+00
1.000000000000000000e+00
9.921875000000000000e-01
1.000000000000000000e+00
1.000000000000000000e+00
1.000000000000000000e+00
1.000000000000000000e+00
9.843750000000000000e-01
1.000000000000000000e+00
1.000000000000000000e+00
1.000000000000000000e+00
9.921875000000000000e-01
1.000000000000000000e+00
1.000000000000000000e+00
9.843750000000000000e-01
1.000000000000000000e+00
1.000000000000000000e+00
1.000000000000000000e+00
1.000000000000000000e+00
1.000000000000000000e+00
1.000000000000000000e+00
1.000000000000000000e+00
1.000000000000000000e+00
9.921875000000000000e-01
1.000000000000000000e+00
9.921875000000000000e-01
9.921875000000000000e-01
1.000000000000000000e+00
1.000000000000000000e+00
1.000000000000000000e+00
1.000000000000000000e+00
9.843750000000000000e-01
9.921875000000000000e-01
1.000000000000000000e+00
1.000000000000000000e+00
1.000000000000000000e+00
9.921875000000000000e-01
1.000000000000000000e+00
1.000000000000000000e+00
1.000000000000000000e+00
1.000000000000000000e+00
1.000000000000000000e+00
1.000000000000000000e+00
9.911504424778760924e-01
1.000000000000000000e+00
1.000000000000000000e+00
1.000000000000000000e+00
1.000000000000000000e+00
1.000000000000000000e+00
1.000000000000000000e+00
1.000000000000000000e+00
1.000000000000000000e+00
1.000000000000000000e+00
1.000000000000000000e+00
1.000000000000000000e+00
1.000000000000000000e+00
1.000000000000000000e+00
1.000000000000000000e+00
1.000000000000000000e+00
1.000000000000000000e+00
1.000000000000000000e+00
1.000000000000000000e+00
9.921875000000000000e-01
1.000000000000000000e+00
1.000000000000000000e+00
9.843750000000000000e-01
9.911504424778760924e-01
1.000000000000000000e+00
9.921875000000000000e-01
1.000000000000000000e+00
1.000000000000000000e+00
9.687500000000000000e-01
9.843750000000000000e-01
9.687500000000000000e-01
9.765625000000000000e-01
1.000000000000000000e+00
1.000000000000000000e+00
9.375000000000000000e-01
9.765625000000000000e-01
8.906250000000000000e-01
9.140625000000000000e-01
1.000000000000000000e+00
9.921875000000000000e-01
8.593750000000000000e-01
9.296875000000000000e-01
7.656250000000000000e-01
8.046875000000000000e-01
1.000000000000000000e+00
9.687500000000000000e-01
8.672566371681416086e-01
9.843750000000000000e-01
9.687500000000000000e-01
9.609375000000000000e-01
1.000000000000000000e+00
1.000000000000000000e+00
9.843750000000000000e-01
9.609375000000000000e-01
9.531250000000000000e-01
9.531250000000000000e-01
1.000000000000000000e+00
1.000000000000000000e+00
9.687500000000000000e-01
9.531250000000000000e-01
9.531250000000000000e-01
8.828125000000000000e-01
1.000000000000000000e+00
9.531250000000000000e-01
9.296875000000000000e-01
9.375000000000000000e-01
8.984375000000000000e-01
8.281250000000000000e-01
1.000000000000000000e+00
9.911504424778760924e-01
1.000000000000000000e+00
9.921875000000000000e-01
9.609375000000000000e-01
9.609375000000000000e-01
1.000000000000000000e+00
1.000000000000000000e+00
9.921875000000000000e-01
9.843750000000000000e-01
9.687500000000000000e-01
9.609375000000000000e-01
1.000000000000000000e+00
1.000000000000000000e+00
9.921875000000000000e-01
9.843750000000000000e-01
9.609375000000000000e-01
9.687500000000000000e-01
1.000000000000000000e+00
1.000000000000000000e+00
9.609375000000000000e-01
9.609375000000000000e-01
9.453125000000000000e-01
8.828125000000000000e-01
1.000000000000000000e+00
1.000000000000000000e+00
9.921875000000000000e-01
9.921875000000000000e-01
9.531250000000000000e-01
9.453125000000000000e-01
1.000000000000000000e+00
1.000000000000000000e+00
9.921875000000000000e-01
9.609375000000000000e-01
9.453125000000000000e-01
9.609375000000000000e-01
1.000000000000000000e+00
1.000000000000000000e+00
9.843750000000000000e-01
9.375000000000000000e-01
9.765625000000000000e-01
8.671875000000000000e-01
1.000000000000000000e+00
9.687500000000000000e-01
8.906250000000000000e-01
8.750000000000000000e-01
7.734375000000000000e-01
8.761061946902655162e-01
1.000000000000000000e+00
1.000000000000000000e+00
1.000000000000000000e+00
9.609375000000000000e-01
9.609375000000000000e-01
9.375000000000000000e-01
1.000000000000000000e+00
9.921875000000000000e-01
9.687500000000000000e-01
9.765625000000000000e-01
9.765625000000000000e-01
9.765625000000000000e-01
1.000000000000000000e+00
1.000000000000000000e+00
9.921875000000000000e-01
9.921875000000000000e-01
1.000000000000000000e+00
9.609375000000000000e-01
1.000000000000000000e+00
1.000000000000000000e+00
9.921875000000000000e-01
9.531250000000000000e-01
9.203539823008849430e-01
1.000000000000000000e+00
1.000000000000000000e+00
1.000000000000000000e+00
1.000000000000000000e+00
1.000000000000000000e+00
1.000000000000000000e+00
9.921875000000000000e-01
1.000000000000000000e+00
9.921875000000000000e-01
1.000000000000000000e+00
9.921875000000000000e-01
9.843750000000000000e-01
9.687500000000000000e-01
1.000000000000000000e+00
1.000000000000000000e+00
9.843750000000000000e-01
9.843750000000000000e-01
1.000000000000000000e+00
9.765625000000000000e-01
1.000000000000000000e+00
1.000000000000000000e+00
9.296875000000000000e-01
1.000000000000000000e+00
9.921875000000000000e-01
9.843750000000000000e-01
9.921875000000000000e-01
1.000000000000000000e+00
1.000000000000000000e+00
9.921875000000000000e-01
9.921875000000000000e-01
9.921875000000000000e-01
