8.547382354736328125e-01
2.192730903625488281e-01
2.243323326110839844e-01
2.368981838226318359e-01
2.366807460784912109e-01
2.351248264312744141e-01
2.328717708587646484e-01
2.263731956481933594e-01
2.366037368774414062e-01
2.352597713470458984e-01
2.431316375732421875e-01
2.462873458862304688e-01
2.461936473846435547e-01
2.465198040008544922e-01
2.460489273071289062e-01
2.464551925659179688e-01
2.462034225463867188e-01
2.464301586151123047e-01
2.003574371337890625e-01
1.874265670776367188e-01
1.886532306671142578e-01
2.179257869720458984e-01
4.037404060363769531e-02
2.529501914978027344e-01
2.534580230712890625e-01
2.505862712860107422e-01
2.499632835388183594e-01
2.437074184417724609e-01
2.439291477203369141e-01
2.439322471618652344e-01
2.439732551574707031e-01
2.443227767944335938e-01
2.439937591552734375e-01
2.440738677978515625e-01
2.438995838165283203e-01
2.437262535095214844e-01
2.442269325256347656e-01
2.442483901977539062e-01
2.441444396972656250e-01
2.436077594757080078e-01
2.436559200286865234e-01
2.441565990447998047e-01
1.852440834045410156e-01
2.164566516876220703e-01
1.851284503936767578e-01
1.709628105163574219e-02
2.556951045989990234e-01
2.540836334228515625e-01
2.553617954254150391e-01
2.522766590118408203e-01
2.533531188964843750e-01
2.533667087554931641e-01
2.465696334838867188e-01
2.445573806762695312e-01
2.420828342437744141e-01
2.423613071441650391e-01
1.786203384399414062e-01
2.386348247528076172e-01
2.306191921234130859e-01
2.391793727874755859e-01
2.369685173034667969e-01
2.303490638732910156e-01
2.149531841278076172e-01
1.796541213989257812e-01
1.644942760467529297e-01
1.045749187469482422e-01
1.626963615417480469e-01
2.156980037689208984e-01
1.695704460144042969e-02
2.578814029693603516e-01
2.528593540191650391e-01
2.514629364013671875e-01
2.426691055297851562e-01
2.405264377593994141e-01
2.406005859375000000e-01
2.405440807342529297e-01
2.403991222381591797e-01
2.403235435485839844e-01
2.407073974609375000e-01
2.405772209167480469e-01
2.402820587158203125e-01
2.405133247375488281e-01
2.449703216552734375e-01
2.451503276824951172e-01
2.381646633148193359e-01
2.379484176635742188e-01
2.382361888885498047e-01
2.380790710449218750e-01
1.817617416381835938e-01
2.154436111450195312e-01
1.847412586212158203e-01
1.735806465148925781e-02
2.587606906890869141e-01
2.502095699310302734e-01
2.524061203002929688e-01
2.465276718139648438e-01
2.452535629272460938e-01
2.475218772888183594e-01
2.448389530181884766e-01
2.428557872772216797e-01
2.379333972930908203e-01
2.407777309417724609e-01
2.404201030731201172e-01
2.405660152435302734e-01
2.401821613311767578e-01
2.406845092773437500e-01
2.406845092773437500e-01
2.407121658325195312e-01
2.410821914672851562e-01
2.408750057220458984e-01
2.428224086761474609e-01
1.828222274780273438e-01
1.845247745513916016e-01
1.836092472076416016e-01
1.704668998718261719e-02
2.587881088256835938e-01
2.538099288940429688e-01
2.522130012512207031e-01
2.491223812103271484e-01
2.423691749572753906e-01
2.011337280273437500e-01
1.863045692443847656e-01
1.701319217681884766e-01
1.727936267852783203e-01
2.219901084899902344e-01
2.369542121887207031e-01
2.353568077087402344e-01
2.387685775756835938e-01
2.394113540649414062e-01
2.421896457672119141e-01
2.444005012512207031e-01
2.446269989013671875e-01
2.446081638336181641e-01
2.444381713867187500e-01
1.881952285766601562e-01
1.871130466461181641e-01
1.874289512634277344e-01
1.697826385498046875e-02
2.565217018127441406e-01
2.516148090362548828e-01
2.475824356079101562e-01
2.463333606719970703e-01
2.501299381256103516e-01
2.495899200439453125e-01
2.496440410614013672e-01
2.495806217193603516e-01
2.485206127166748047e-01
2.489151954650878906e-01
2.497456073760986328e-01
2.479341030120849609e-01
2.469222545623779297e-01
2.443962097167968750e-01
2.449586391448974609e-01
2.447681427001953125e-01
2.442731857299804688e-01
2.445640563964843750e-01
2.447161674499511719e-01
1.801719665527343750e-01
2.142822742462158203e-01
1.827912330627441406e-01
1.729655265808105469e-02
2.600400447845458984e-01
2.487573623657226562e-01
2.492694854736328125e-01
2.486772537231445312e-01
2.457072734832763672e-01
2.436561584472656250e-01
2.438571453094482422e-01
2.432475090026855469e-01
2.486259937286376953e-01
2.411108016967773438e-01
2.413315773010253906e-01
2.416226863861083984e-01
2.469077110290527344e-01
2.445082664489746094e-01
2.444479465484619141e-01
2.448379993438720703e-01
2.457427978515625000e-01
2.446854114532470703e-01
2.403323650360107422e-01
2.094180583953857422e-01
1.859066486358642578e-01
2.188313007354736328e-01
1.713728904724121094e-02
2.596583366394042969e-01
2.527697086334228516e-01
2.432918548583984375e-01
2.395055294036865234e-01
2.406966686248779297e-01
2.378182411193847656e-01
2.369816303253173828e-01
2.363157272338867188e-01
2.343580722808837891e-01
2.293491363525390625e-01
2.379298210144042969e-01
2.367115020751953125e-01
2.336218357086181641e-01
2.155356407165527344e-01
1.926295757293701172e-01
1.612362861633300781e-01
1.551675796508789062e-01
2.284157276153564453e-01
2.444763183593750000e-01
2.479903697967529297e-01
1.835603713989257812e-01
1.881179809570312500e-01
8.330249786376953125e-02
2.564337253570556641e-01
2.517111301422119141e-01
2.445642948150634766e-01
2.433390617370605469e-01
2.432742118835449219e-01
2.437341213226318359e-01
2.435183525085449219e-01
2.452545166015625000e-01
2.418351173400878906e-01
2.450597286224365234e-01
2.419064044952392578e-01
2.417674064636230469e-01
2.417001724243164062e-01
2.416553497314453125e-01
2.423167228698730469e-01
2.306509017944335938e-01
2.300212383270263672e-01
2.415628433227539062e-01
2.376153469085693359e-01
1.903293132781982422e-01
2.182345390319824219e-01
1.877341270446777344e-01
1.704955101013183594e-02
2.585988044738769531e-01
2.514755725860595703e-01
2.500364780426025391e-01
2.513046264648437500e-01
2.503890991210937500e-01
2.502439022064208984e-01
2.469348907470703125e-01
2.471225261688232422e-01
2.395989894866943359e-01
2.402377128601074219e-01
2.461516857147216797e-01
2.480466365814208984e-01
2.480223178863525391e-01
2.493972778320312500e-01
2.536828517913818359e-01
2.527112960815429688e-01
2.527751922607421875e-01
2.526018619537353516e-01
1.912822723388671875e-01
2.239177227020263672e-01
1.941723823547363281e-01
2.229111194610595703e-01
1.735830307006835938e-02
2.579934597015380859e-01
2.521162033081054688e-01
2.527222633361816406e-01
2.505149841308593750e-01
2.531790733337402344e-01
2.529439926147460938e-01
2.532079219818115234e-01
2.534744739532470703e-01
2.533888816833496094e-01
2.525014877319335938e-01
2.525670528411865234e-01
2.522699832916259766e-01
2.525627613067626953e-01
2.532451152801513672e-01
2.523677349090576172e-01
2.528922557830810547e-01
2.531158924102783203e-01
2.531347274780273438e-01
2.527008056640625000e-01
1.895842552185058594e-01
1.899631023406982422e-01
1.905391216278076172e-01
1.719236373901367188e-02
2.631864547729492188e-01
2.543940544128417969e-01
2.498440742492675781e-01
2.442569732666015625e-01
2.436633110046386719e-01
2.452454566955566406e-01
2.454802989959716797e-01
2.460813522338867188e-01
2.453579902648925781e-01
2.457833290100097656e-01
2.437589168548583984e-01
2.458369731903076172e-01
2.277622222900390625e-01
2.348616123199462891e-01
2.368369102478027344e-01
2.349021434783935547e-01
2.369041442871093750e-01
2.280447483062744141e-01
2.412288188934326172e-01
1.774666309356689453e-01
2.055523395538330078e-01
1.747825145721435547e-01
2.299475669860839844e-02
2.573802471160888672e-01
2.165184020996093750e-01
2.453918457031250000e-01
2.397468090057373047e-01
2.443842887878417969e-01
2.388215065002441406e-01
2.391691207885742188e-01
2.404136657714843750e-01
2.390723228454589844e-01
2.387409210205078125e-01
2.391581535339355469e-01
2.417340278625488281e-01
2.422704696655273438e-01
2.383399009704589844e-01
2.356986999511718750e-01
2.329370975494384766e-01
2.318866252899169922e-01
2.371475696563720703e-01
1.759948730468750000e-01
2.066366672515869141e-01
1.782674789428710938e-01
1.747467517852783203e-01
1.719450950622558594e-02
2.563452720642089844e-01
2.540919780731201172e-01
2.532465457916259766e-01
2.526292800903320312e-01
2.528746128082275391e-01
2.530441284179687500e-01
2.536892890930175781e-01
2.530913352966308594e-01
2.531681060791015625e-01
2.530794143676757812e-01
2.237672805786132812e-01
2.490696907043457031e-01
2.539184093475341797e-01
2.526152133941650391e-01
2.531096935272216797e-01
2.525732517242431641e-01
2.524485588073730469e-01
2.524991035461425781e-01
2.542252540588378906e-01
1.877675056457519531e-01
1.885633468627929688e-01
1.928381919860839844e-01
1.717805862426757812e-02
2.592401504516601562e-01
2.521531581878662109e-01
2.536878585815429688e-01
2.476365566253662109e-01
2.467920780181884766e-01
2.503123283386230469e-01
2.505512237548828125e-01
2.506947517395019531e-01
2.515621185302734375e-01
2.505009174346923828e-01
2.508027553558349609e-01
2.507340908050537109e-01
2.513110637664794922e-01
2.468736171722412109e-01
2.472660541534423828e-01
1.839210987091064453e-01
1.696736812591552734e-01
2.147080898284912109e-01
2.415845394134521484e-01
1.809275150299072266e-01
2.221992015838623047e-01
1.892137527465820312e-01
1.715016365051269531e-02
2.628073692321777344e-01
2.537178993225097656e-01
2.509775161743164062e-01
2.535614967346191406e-01
2.533047199249267578e-01
2.491736412048339844e-01
2.517766952514648438e-01
2.507014274597167969e-01
2.466807365417480469e-01
2.534875869750976562e-01
2.513749599456787109e-01
2.472293376922607422e-01
2.414739131927490234e-01
2.405638694763183594e-01
2.457971572875976562e-01
2.377421855926513672e-01
2.411794662475585938e-01
2.429237365722656250e-01
2.401781082153320312e-01
1.849508285522460938e-01
1.766881942749023438e-01
1.713824272155761719e-01
5.771088600158691406e-02
2.601842880249023438e-01
2.528822422027587891e-01
2.535967826843261719e-01
2.532944679260253906e-01
2.533044815063476562e-01
2.529070377349853516e-01
2.531189918518066406e-01
2.539575099945068359e-01
2.542705535888671875e-01
2.533075809478759766e-01
2.534270286560058594e-01
2.524955272674560547e-01
2.380554676055908203e-01
2.343254089355468750e-01
2.153911590576171875e-01
1.817979812622070312e-01
1.599743366241455078e-01
1.678657531738281250e-01
2.245233058929443359e-01
2.363605499267578125e-01
1.882131099700927734e-01
2.090053558349609375e-01
4.978942871093750000e-02
2.597227096557617188e-01
2.541525363922119141e-01
2.537162303924560547e-01
2.444849014282226562e-01
2.445459365844726562e-01
2.457585334777832031e-01
2.483999729156494141e-01
2.443335056304931641e-01
2.444517612457275391e-01
2.453823089599609375e-01
2.427203655242919922e-01
2.402803897857666016e-01
2.401945590972900391e-01
2.344992160797119141e-01
2.356994152069091797e-01
2.348871231079101562e-01
2.367439270019531250e-01
2.332108020782470703e-01
1.739172935485839844e-01
1.722090244293212891e-01
1.815445423126220703e-01
2.149374485015869141e-01
2.133202552795410156e-02
2.606344223022460938e-01
2.501447200775146484e-01
2.529237270355224609e-01
2.516117095947265625e-01
2.515230178833007812e-01
2.224929332733154297e-01
2.525854110717773438e-01
2.543470859527587891e-01
2.538895606994628906e-01
2.536873817443847656e-01
2.533259391784667969e-01
2.533047199249267578e-01
2.530398368835449219e-01
2.533066272735595703e-01
2.535173892974853516e-01
2.527849674224853516e-01
2.541031837463378906e-01
2.567749023437500000e-01
2.534315586090087891e-01
1.921615600585937500e-01
2.231049537658691406e-01
1.921844482421875000e-01
4.733085632324218750e-02
2.596437931060791016e-01
2.486684322357177734e-01
2.500197887420654297e-01
2.508482933044433594e-01
2.490422725677490234e-01
2.493259906768798828e-01
2.493648529052734375e-01
2.501528263092041016e-01
2.469284534454345703e-01
2.480642795562744141e-01
2.496125698089599609e-01
2.469024658203125000e-01
2.489159107208251953e-01
2.475850582122802734e-01
2.479772567749023438e-01
2.498366832733154297e-01
2.485516071319580078e-01
2.453918457031250000e-01
2.402336597442626953e-01
1.813349723815917969e-01
2.213792800903320312e-01
1.858572959899902344e-01
4.649996757507324219e-02
2.554671764373779297e-01
2.528679370880126953e-01
2.538955211639404297e-01
2.526745796203613281e-01
2.541031837463378906e-01
2.529647350311279297e-01
2.526299953460693359e-01
2.529695034027099609e-01
2.531514167785644531e-01
2.531442642211914062e-01
2.526721954345703125e-01
2.524292469024658203e-01
2.521409988403320312e-01
2.526726722717285156e-01
2.530779838562011719e-01
2.488255500793457031e-01
2.528700828552246094e-01
2.530074119567871094e-01
2.522675991058349609e-01
1.932852268218994141e-01
2.231831550598144531e-01
1.918072700500488281e-01
1.781558990478515625e-02
2.575089931488037109e-01
2.534031867980957031e-01
2.565605640411376953e-01
2.543122768402099609e-01
2.533595561981201172e-01
2.534224987030029297e-01
2.527458667755126953e-01
2.531652450561523438e-01
2.533893585205078125e-01
2.532985210418701172e-01
2.522892951965332031e-01
2.538592815399169922e-01
2.194681167602539062e-01
2.543048858642578125e-01
2.493374347686767578e-01
2.484266757965087891e-01
2.503175735473632812e-01
2.463557720184326172e-01
2.463681697845458984e-01
1.924974918365478516e-01
2.240266799926757812e-01
1.800467967987060547e-01
1.725721359252929688e-02
2.585959434509277344e-01
2.516572475433349609e-01
2.505640983581542969e-01
2.518069744110107422e-01
2.485086917877197266e-01
2.473490238189697266e-01
2.451951503753662109e-01
2.476487159729003906e-01
2.467947006225585938e-01
2.519900798797607422e-01
2.514145374298095703e-01
1.833834648132324219e-01
1.231572628021240234e-01
2.096698284149169922e-01
2.404479980468750000e-01
2.383475303649902344e-01
2.361555099487304688e-01
2.354223728179931641e-01
2.423419952392578125e-01
1.879980564117431641e-01
1.947009563446044922e-01
1.779792308807373047e-01
3.345656394958496094e-02
2.601988315582275391e-01
2.524530887603759766e-01
2.444543838500976562e-01
2.474098205566406250e-01
2.407214641571044922e-01
2.432904243469238281e-01
2.427315711975097656e-01
2.415966987609863281e-01
2.336962223052978516e-01
2.415015697479248047e-01
2.419457435607910156e-01
2.423343658447265625e-01
2.418830394744873047e-01
2.392363548278808594e-01
2.442803382873535156e-01
2.416102886199951172e-01
2.444796562194824219e-01
2.424280643463134766e-01
2.426257133483886719e-01
1.896464824676513672e-01
2.211709022521972656e-01
1.884527206420898438e-01
1.729893684387207031e-02
2.614879608154296875e-01
2.573378086090087891e-01
2.538862228393554688e-01
2.546677589416503906e-01
2.534439563751220703e-01
2.533016204833984375e-01
2.429754734039306641e-01
2.424750328063964844e-01
2.420072555541992188e-01
2.424445152282714844e-01
2.422957420349121094e-01
2.457923889160156250e-01
2.401001453399658203e-01
2.403845787048339844e-01
2.398562431335449219e-01
2.419390678405761719e-01
2.433207035064697266e-01
2.416076660156250000e-01
2.365379333496093750e-01
1.756064891815185547e-01
1.789333820343017578e-01
1.769979000091552734e-01
5.112528800964355469e-02
2.569997310638427734e-01
2.521092891693115234e-01
1.876869201660156250e-01
1.619031429290771484e-01
1.821694374084472656e-01
2.242326736450195312e-01
2.288041114807128906e-01
2.357728481292724609e-01
2.359616756439208984e-01
2.340478897094726562e-01
1.608283519744873047e-01
2.259452342987060547e-01
2.454180717468261719e-01
2.511880397796630859e-01
2.439124584197998047e-01
2.506613731384277344e-01
2.445397377014160156e-01
2.459967136383056641e-01
2.481806278228759766e-01
1.843371391296386719e-01
1.892614364624023438e-01
2.064535617828369141e-01
1.700806617736816406e-02
2.574787139892578125e-01
2.535820007324218750e-01
2.530553340911865234e-01
2.526066303253173828e-01
2.538619041442871094e-01
2.538373470306396484e-01
2.531640529632568359e-01
2.509319782257080078e-01
2.498180866241455078e-01
2.492907047271728516e-01
2.498252391815185547e-01
2.475068569183349609e-01
2.152016162872314453e-01
2.365415096282958984e-01
2.275304794311523438e-01
2.088139057159423828e-01
1.770803928375244141e-01
1.413774490356445312e-01
2.005970478057861328e-01
2.396674156188964844e-01
1.812922954559326172e-01
2.172513008117675781e-01
1.717257499694824219e-02
2.583980560302734375e-01
2.498028278350830078e-01
2.469189167022705078e-01
2.467100620269775391e-01
2.429037094116210938e-01
2.390749454498291016e-01
2.266917228698730469e-01
1.990816593170166016e-01
1.553721427917480469e-01
1.519131660461425781e-01
2.239606380462646484e-01
2.301807403564453125e-01
2.428202629089355469e-01
2.520673274993896484e-01
2.479794025421142578e-01
2.453794479370117188e-01
1.468698978424072266e-01
2.219369411468505859e-01
2.348604202270507812e-01
1.813154220581054688e-01
2.167510986328125000e-01
1.252081394195556641e-01
7.701969146728515625e-02
2.610173225402832031e-01
2.520446777343750000e-01
2.483215332031250000e-01
2.464873790740966797e-01
2.459297180175781250e-01
2.446880340576171875e-01
2.445654869079589844e-01
2.464954853057861328e-01
2.451424598693847656e-01
2.455933094024658203e-01
2.448010444641113281e-01
2.456884384155273438e-01
2.453813552856445312e-01
2.459828853607177734e-01
2.448022365570068359e-01
2.446098327636718750e-01
2.447597980499267578e-01
2.446682453155517578e-01
2.447485923767089844e-01
1.984927654266357422e-01
1.878609657287597656e-01
2.191355228424072266e-01
1.693487167358398438e-02
2.561950683593750000e-01
2.493727207183837891e-01
2.489171028137207031e-01
2.527797222137451172e-01
2.476029396057128906e-01
2.475547790527343750e-01
2.466816902160644531e-01
2.515060901641845703e-01
2.509059906005859375e-01
2.470765113830566406e-01
2.496273517608642578e-01
2.438936233520507812e-01
2.424888610839843750e-01
2.446429729461669922e-01
2.448570728302001953e-01
2.450973987579345703e-01
2.417607307434082031e-01
2.432603836059570312e-01
2.406706809997558594e-01
1.895668506622314453e-01
2.208392620086669922e-01
1.938514709472656250e-01
1.729559898376464844e-02
2.594914436340332031e-01
2.508654594421386719e-01
2.490382194519042969e-01
2.473316192626953125e-01
2.475526332855224609e-01
2.283005714416503906e-01
2.154285907745361328e-01
1.649708747863769531e-01
2.322280406951904297e-01
2.474379539489746094e-01
2.434883117675781250e-01
2.420663833618164062e-01
2.432298660278320312e-01
2.437856197357177734e-01
2.462687492370605469e-01
2.488899230957031250e-01
2.483332157135009766e-01
2.489721775054931641e-01
2.484486103057861328e-01
1.875188350677490234e-01
2.177109718322753906e-01
1.866226196289062500e-01
1.691222190856933594e-02
2.577228546142578125e-01
2.527945041656494141e-01
2.525441646575927734e-01
2.526850700378417969e-01
2.522709369659423828e-01
2.524440288543701172e-01
2.530643939971923828e-01
2.523863315582275391e-01
2.523210048675537109e-01
2.528023719787597656e-01
2.524933815002441406e-01
2.537541389465332031e-01
2.322866916656494141e-01
2.226693630218505859e-01
1.870832443237304688e-01
1.100227832794189453e-01
2.059042453765869141e-01
2.483024597167968750e-01
2.562341690063476562e-01
2.536501884460449219e-01
1.910986900329589844e-01
1.915280818939208984e-01
1.692867279052734375e-02
2.575671672821044922e-01
2.527418136596679688e-01
2.534739971160888672e-01
2.536699771881103516e-01
2.531061172485351562e-01
2.527768611907958984e-01
2.530465126037597656e-01
2.523143291473388672e-01
2.537448406219482422e-01
2.527983188629150391e-01
2.526547908782958984e-01
2.532050609588623047e-01
2.530858516693115234e-01
2.527937889099121094e-01
2.522647380828857422e-01
2.077887058258056641e-01
2.389724254608154297e-01
2.466990947723388672e-01
2.435553073883056641e-01
1.941349506378173828e-01
2.214841842651367188e-01
2.163801193237304688e-01
4.677319526672363281e-02
2.521646022796630859e-01
2.504649162292480469e-01
2.484490871429443359e-01
2.494499683380126953e-01
2.494614124298095703e-01
2.453920841217041016e-01
2.488214969635009766e-01
2.451362609863281250e-01
2.478342056274414062e-01
2.496993541717529297e-01
2.457282543182373047e-01
2.455730438232421875e-01
2.436411380767822266e-01
2.473576068878173828e-01
2.459025382995605469e-01
2.473897933959960938e-01
2.465596199035644531e-01
2.509064674377441406e-01
2.487063407897949219e-01
1.789221763610839844e-01
2.166404724121093750e-01
1.770937442779541016e-01
6.278777122497558594e-02
2.577278614044189453e-01
2.509546279907226562e-01
2.508003711700439453e-01
2.485251426696777344e-01
2.503824234008789062e-01
2.466695308685302734e-01
2.511129379272460938e-01
2.531671524047851562e-01
2.496592998504638672e-01
2.490847110748291016e-01
2.468330860137939453e-01
2.501723766326904297e-01
2.459907531738281250e-01
2.501018047332763672e-01
2.498016357421875000e-01
2.548685073852539062e-01
2.457656860351562500e-01
2.507953643798828125e-01
2.450547218322753906e-01
1.851603984832763672e-01
2.192497253417968750e-01
1.764352321624755859e-01
6.136941909790039062e-02
2.592954635620117188e-01
2.498731613159179688e-01
2.492115497589111328e-01
2.513828277587890625e-01
2.447798252105712891e-01
2.511394023895263672e-01
2.460460662841796875e-01
2.492606639862060547e-01
2.490527629852294922e-01
2.494330406188964844e-01
2.497415542602539062e-01
2.503890991210937500e-01
1.325218677520751953e-01
2.028098106384277344e-01
2.427253723144531250e-01
2.405064105987548828e-01
2.398598194122314453e-01
2.402069568634033203e-01
2.396893501281738281e-01
1.920170783996582031e-01
2.228722572326660156e-01
1.900069713592529297e-01
8.304405212402343750e-02
2.592539787292480469e-01
2.466883659362792969e-01
2.474386692047119141e-01
2.484078407287597656e-01
2.474606037139892578e-01
2.439010143280029297e-01
2.440428733825683594e-01
2.425460815429687500e-01
2.419643402099609375e-01
2.425334453582763672e-01
2.393612861633300781e-01
2.421705722808837891e-01
2.467515468597412109e-01
2.420933246612548828e-01
2.437999248504638672e-01
2.444469928741455078e-01
2.439343929290771484e-01
2.475135326385498047e-01
2.454349994659423828e-01
1.894791126251220703e-01
2.198684215545654297e-01
1.891443729400634766e-01
1.711606979370117188e-02
2.583429813385009766e-01
2.584946155548095703e-01
2.562983036041259766e-01
2.518687248229980469e-01
2.550063133239746094e-01
2.502603530883789062e-01
2.507867813110351562e-01
2.542328834533691406e-01
2.506184577941894531e-01
2.494666576385498047e-01
2.102978229522705078e-01
2.369325160980224609e-01
2.465081214904785156e-01
2.499823570251464844e-01
2.511055469512939453e-01
2.510113716125488281e-01
2.495155334472656250e-01
2.479162216186523438e-01
2.481274604797363281e-01
1.829967498779296875e-01
1.847348213195800781e-01
2.185373306274414062e-01
1.694726943969726562e-02
2.599966526031494141e-01
2.477600574493408203e-01
2.499811649322509766e-01
1.576926708221435547e-01
1.509675979614257812e-01
2.296442985534667969e-01
2.428646087646484375e-01
2.445416450500488281e-01
2.417125701904296875e-01
2.445151805877685547e-01
2.447330951690673828e-01
2.450423240661621094e-01
2.452151775360107422e-01
2.453594207763671875e-01
2.443394660949707031e-01
2.412011623382568359e-01
2.431592941284179688e-01
2.437462806701660156e-01
2.450914382934570312e-01
1.916337013244628906e-01
2.232179641723632812e-01
1.919164657592773438e-01
5.916166305541992188e-02
2.565376758575439453e-01
2.509522438049316406e-01
2.480807304382324219e-01
2.475345134735107422e-01
2.466626167297363281e-01
2.476224899291992188e-01
2.480137348175048828e-01
2.483053207397460938e-01
2.477152347564697266e-01
2.473263740539550781e-01
2.471051216125488281e-01
2.468230724334716797e-01
2.479345798492431641e-01
2.468914985656738281e-01
2.475459575653076172e-01
2.481925487518310547e-01
2.469098567962646484e-01
2.462313175201416016e-01
2.476444244384765625e-01
1.925714015960693359e-01
1.573154926300048828e-01
1.623041629791259766e-01
6.200623512268066406e-02
2.602207660675048828e-01
2.574450969696044922e-01
2.546455860137939453e-01
2.533113956451416016e-01
2.528753280639648438e-01
2.542374134063720703e-01
2.528429031372070312e-01
2.530050277709960938e-01
2.523262500762939453e-01
2.520370483398437500e-01
2.489254474639892578e-01
2.496533393859863281e-01
2.466843128204345703e-01
2.461922168731689453e-01
2.433686256408691406e-01
2.488961219787597656e-01
2.476110458374023438e-01
2.321035861968994141e-01
1.984388828277587891e-01
1.863832473754882812e-01
2.187581062316894531e-01
1.874089241027832031e-01
1.714563369750976562e-02
2.590417861938476562e-01
2.520287036895751953e-01
2.443165779113769531e-01
2.459487915039062500e-01
2.421550750732421875e-01
2.436032295227050781e-01
2.399373054504394531e-01
2.406098842620849609e-01
2.378852367401123047e-01
2.372016906738281250e-01
2.373499870300292969e-01
2.398145198822021484e-01
2.492411136627197266e-01
2.445635795593261719e-01
2.472324371337890625e-01
2.471873760223388672e-01
2.470946311950683594e-01
2.457768917083740234e-01
2.475092411041259766e-01
1.888754367828369141e-01
2.186434268951416016e-01
1.862423419952392578e-01
1.697969436645507812e-02
2.594308853149414062e-01
2.535524368286132812e-01
2.478246688842773438e-01
2.486515045166015625e-01
2.485616207122802734e-01
2.409369945526123047e-01
2.426242828369140625e-01
2.479605674743652344e-01
2.505662441253662109e-01
2.498364448547363281e-01
2.499885559082031250e-01
2.462456226348876953e-01
2.512326240539550781e-01
2.515413761138916016e-01
2.484002113342285156e-01
2.507040500640869141e-01
2.460644245147705078e-01
2.503023147583007812e-01
2.526979446411132812e-01
1.853761672973632812e-01
2.164003849029541016e-01
1.851234436035156250e-01
1.724791526794433594e-02
2.616767883300781250e-01
2.560586929321289062e-01
2.542822360992431641e-01
2.501189708709716797e-01
2.488350868225097656e-01
2.449584007263183594e-01
2.414910793304443359e-01
2.462494373321533203e-01
2.364974021911621094e-01
2.337186336517333984e-01
2.227661609649658203e-01
1.968064308166503906e-01
1.576068401336669922e-01
1.494665145874023438e-01
2.180819511413574219e-01
2.357740402221679688e-01
2.407610416412353516e-01
2.401740550994873047e-01
2.436866760253906250e-01
1.806786060333251953e-01
1.831066608428955078e-01
2.143180370330810547e-01
1.710176467895507812e-02
2.605335712432861328e-01
2.567188739776611328e-01
2.519741058349609375e-01
2.511079311370849609e-01
2.537202835083007812e-01
2.494678497314453125e-01
2.497885227203369141e-01
2.474770545959472656e-01
2.508714199066162109e-01
2.512333393096923828e-01
2.520384788513183594e-01
2.546167373657226562e-01
2.456862926483154297e-01
2.500917911529541016e-01
2.492935657501220703e-01
2.063217163085937500e-01
2.404303550720214844e-01
2.382621765136718750e-01
2.424442768096923828e-01
1.921391487121582031e-01
2.254095077514648438e-01
1.963188648223876953e-01
7.591247558593750000e-02
2.576241493225097656e-01
2.535455226898193359e-01
2.537143230438232422e-01
2.537491321563720703e-01
2.537996768951416016e-01
2.532401084899902344e-01
2.533872127532958984e-01
2.532472610473632812e-01
2.531676292419433594e-01
2.531483173370361328e-01
2.531397342681884766e-01
2.527568340301513672e-01
2.533731460571289062e-01
2.533056735992431641e-01
2.532124519348144531e-01
2.544925212860107422e-01
2.536790370941162109e-01
2.523086071014404297e-01
2.537786960601806641e-01
1.926946640014648438e-01
2.234184741973876953e-01
1.925792694091796875e-01
4.255390167236328125e-02
2.490937709808349609e-01
2.491571903228759766e-01
2.501606941223144531e-01
2.465074062347412109e-01
2.521500587463378906e-01
2.498548030853271484e-01
2.525548934936523438e-01
2.505898475646972656e-01
2.483930587768554688e-01
2.529895305633544922e-01
2.497491836547851562e-01
2.520411014556884766e-01
2.185487747192382812e-01
2.454745769500732422e-01
2.448465824127197266e-01
2.434687614440917969e-01
2.461256980895996094e-01
2.460222244262695312e-01
2.474608421325683594e-01
1.884846687316894531e-01
1.888611316680908203e-01
2.204227447509765625e-01
1.690983772277832031e-02
2.555956840515136719e-01
2.540698051452636719e-01
2.532043457031250000e-01
2.540416717529296875e-01
2.529697418212890625e-01
2.538275718688964844e-01
2.536597251892089844e-01
2.537405490875244141e-01
2.498178482055664062e-01
2.488703727722167969e-01
2.479755878448486328e-01
2.481551170349121094e-01
2.495195865631103516e-01
2.490811347961425781e-01
2.483072280883789062e-01
2.481613159179687500e-01
2.485055923461914062e-01
2.486224174499511719e-01
2.477853298187255859e-01
1.963474750518798828e-01
2.185869216918945312e-01
1.881442070007324219e-01
1.703643798828125000e-02
2.586004734039306641e-01
2.571809291839599609e-01
2.571513652801513672e-01
2.583978176116943359e-01
2.524180412292480469e-01
2.509818077087402344e-01
2.497847080230712891e-01
2.479047775268554688e-01
2.474634647369384766e-01
2.500681877136230469e-01
2.509400844573974609e-01
2.544312477111816406e-01
2.495522499084472656e-01
1.852571964263916016e-01
1.097154617309570312e-01
2.147049903869628906e-01
2.430541515350341797e-01
2.477042675018310547e-01
2.459149360656738281e-01
1.833121776580810547e-01
2.144813537597656250e-01
1.809375286102294922e-01
2.680420875549316406e-02
2.621471881866455078e-01
2.495882511138916016e-01
2.487783432006835938e-01
2.483279705047607422e-01
2.488348484039306641e-01
2.451186180114746094e-01
2.467145919799804688e-01
2.533652782440185547e-01
2.497267723083496094e-01
2.459008693695068359e-01
2.229418754577636719e-01
2.448961734771728516e-01
2.521762847900390625e-01
2.475295066833496094e-01
2.500388622283935547e-01
2.507042884826660156e-01
2.470588684082031250e-01
2.494535446166992188e-01
2.503337860107421875e-01
1.869466304779052734e-01
1.902935504913330078e-01
1.936252117156982422e-01
1.711964607238769531e-02
2.617368698120117188e-01
2.562313079833984375e-01
2.527794837951660156e-01
2.510941028594970703e-01
2.504117488861083984e-01
2.499806880950927734e-01
2.496271133422851562e-01
2.514383792877197266e-01
2.507481575012207031e-01
2.499327659606933594e-01
2.519626617431640625e-01
2.502207756042480469e-01
2.518975734710693359e-01
2.503893375396728516e-01
2.540197372436523438e-01
2.480461597442626953e-01
2.468140125274658203e-01
2.508742809295654297e-01
2.499389648437500000e-01
1.883156299591064453e-01
2.210717201232910156e-01
1.854126453399658203e-01
6.340551376342773438e-02
2.550864219665527344e-01
2.494969367980957031e-01
2.484407424926757812e-01
2.467336654663085938e-01
2.509205341339111328e-01
2.469353675842285156e-01
2.452113628387451172e-01
2.464315891265869141e-01
2.474808692932128906e-01
2.503311634063720703e-01
2.540881633758544922e-01
2.297942638397216797e-01
2.336294651031494141e-01
2.201020717620849609e-01
1.903522014617919922e-01
1.634387969970703125e-01
1.512880325317382812e-01
2.220811843872070312e-01
2.431759834289550781e-01
1.854727268218994141e-01
1.592016220092773438e-01
1.875975131988525391e-01
1.690435409545898438e-02
2.558472156524658203e-01
2.542381286621093750e-01
2.538735866546630859e-01
2.534408569335937500e-01
2.534110546112060547e-01
2.537803649902343750e-01
2.540256977081298828e-01
2.511441707611083984e-01
2.492637634277343750e-01
2.488899230957031250e-01
2.489082813262939453e-01
2.488927841186523438e-01
2.497005462646484375e-01
2.468445301055908203e-01
2.468175888061523438e-01
2.468078136444091797e-01
2.483143806457519531e-01
2.471117973327636719e-01
2.465791702270507812e-01
1.982188224792480469e-01
1.886720657348632812e-01
2.200236320495605469e-01
1.696801185607910156e-02
2.613151073455810547e-01
2.499461174011230469e-01
2.457005977630615234e-01
2.451517581939697266e-01
2.456789016723632812e-01
2.434599399566650391e-01
2.416269779205322266e-01
2.451713085174560547e-01
2.454750537872314453e-01
2.472822666168212891e-01
2.420783042907714844e-01
2.456066608428955078e-01
2.456157207489013672e-01
2.457289695739746094e-01
2.450041770935058594e-01
2.473022937774658203e-01
2.467746734619140625e-01
2.435958385467529297e-01
1.887552738189697266e-01
1.929388046264648438e-01
1.534788608551025391e-01
1.659853458404541016e-01
6.210350990295410156e-02
2.619245052337646484e-01
2.521970272064208984e-01
2.465629577636718750e-01
2.436821460723876953e-01
2.475621700286865234e-01
2.358179092407226562e-01
2.408661842346191406e-01
2.423191070556640625e-01
2.473514080047607422e-01
2.478561401367187500e-01
2.476263046264648438e-01
2.478842735290527344e-01
2.486217021942138672e-01
2.495672702789306641e-01
2.493255138397216797e-01
2.488312721252441406e-01
2.498586177825927734e-01
2.482559680938720703e-01
1.921937465667724609e-01
2.207980155944824219e-01
1.900553703308105469e-01
2.245070934295654297e-01
1.711630821228027344e-02
2.577939033508300781e-01
2.499232292175292969e-01
2.470297813415527344e-01
2.467236518859863281e-01
2.462506294250488281e-01
2.454249858856201172e-01
2.443373203277587891e-01
2.456030845642089844e-01
2.450363636016845703e-01
2.446653842926025391e-01
2.462921142578125000e-01
2.467133998870849609e-01
2.460999488830566406e-01
2.447247505187988281e-01
2.447195053100585938e-01
2.449817657470703125e-01
2.448358535766601562e-01
2.461874485015869141e-01
2.456874847412109375e-01
1.979267597198486328e-01
1.894555091857910156e-01
2.120420932769775391e-01
1.697850227355957031e-02
2.613501548767089844e-01
2.527699470520019531e-01
2.479271888732910156e-01
2.474853992462158203e-01
2.469215393066406250e-01
2.514262199401855469e-01
2.526280879974365234e-01
2.474346160888671875e-01
2.477338314056396484e-01
2.453939914703369141e-01
2.455093860626220703e-01
2.310574054718017578e-01
2.202293872833251953e-01
1.891379356384277344e-01
9.549975395202636719e-02
2.134704589843750000e-01
2.281332015991210938e-01
2.413654327392578125e-01
2.427241802215576172e-01
1.925547122955322266e-01
2.229673862457275391e-01
1.915431022644042969e-01
8.290171623229980469e-02
2.586178779602050781e-01
2.578914165496826172e-01
2.554409503936767578e-01
2.551229000091552734e-01
2.543153762817382812e-01
2.503552436828613281e-01
2.530798912048339844e-01
2.482850551605224609e-01
2.455775737762451172e-01
2.444124221801757812e-01
2.443106174468994141e-01
2.444560527801513672e-01
2.418532371520996094e-01
2.418897151947021484e-01
2.461342811584472656e-01
2.442653179168701172e-01
2.393665313720703125e-01
2.422418594360351562e-01
2.486827373504638672e-01
1.840367317199707031e-01
2.159793376922607422e-01
1.874523162841796875e-01
1.707339286804199219e-02
2.621502876281738281e-01
2.561182975769042969e-01
2.497212886810302734e-01
2.496623992919921875e-01
2.500624656677246094e-01
2.491040229797363281e-01
2.484927177429199219e-01
2.491371631622314453e-01
2.487146854400634766e-01
2.492933273315429688e-01
2.494955062866210938e-01
2.487597465515136719e-01
2.507772445678710938e-01
2.482001781463623047e-01
2.517378330230712891e-01
2.536802291870117188e-01
2.529110908508300781e-01
2.499547004699707031e-01
2.497942447662353516e-01
1.833331584930419922e-01
1.890618801116943359e-01
2.155497074127197266e-01
1.710104942321777344e-02
2.609901428222656250e-01
2.537300586700439453e-01
2.504122257232666016e-01
2.474627494812011719e-01
2.476246356964111328e-01
2.474858760833740234e-01
2.478513717651367188e-01
2.489893436431884766e-01
2.485058307647705078e-01
2.472064495086669922e-01
2.475006580352783203e-01
2.473142147064208984e-01
2.472465038299560547e-01
2.476787567138671875e-01
2.474336624145507812e-01
2.488358020782470703e-01
2.489755153656005859e-01
2.500596046447753906e-01
2.486319541931152344e-01
1.984150409698486328e-01
2.176830768585205078e-01
1.882228851318359375e-01
1.694273948669433594e-02
2.564229965209960938e-01
2.541604042053222656e-01
2.510344982147216797e-01
2.534439563751220703e-01
2.525882720947265625e-01
2.528162002563476562e-01
2.536506652832031250e-01
2.533967494964599609e-01
2.570312023162841797e-01
2.549898624420166016e-01
2.441954612731933594e-01
2.438836097717285156e-01
2.439506053924560547e-01
2.460930347442626953e-01
2.458906173706054688e-01
2.479598522186279297e-01
2.470011711120605469e-01
2.459833621978759766e-01
2.480249404907226562e-01
1.943180561065673828e-01
2.189769744873046875e-01
1.826534271240234375e-01
1.706147193908691406e-02
2.564144134521484375e-01
2.507719993591308594e-01
2.489953041076660156e-01
2.480237483978271484e-01
2.456300258636474609e-01
2.448291778564453125e-01
2.420361042022705078e-01
2.414717674255371094e-01
2.359020709991455078e-01
2.252378463745117188e-01
1.667389869689941406e-01
1.983804702758789062e-01
1.401939392089843750e-01
2.373192310333251953e-01
2.427849769592285156e-01
2.515003681182861328e-01
2.541110515594482422e-01
2.540175914764404297e-01
1.925108432769775391e-01
2.094166278839111328e-01
1.886572837829589844e-01
2.170853614807128906e-01
1.697587966918945312e-02
2.593858242034912109e-01
2.511274814605712891e-01
2.475059032440185547e-01
2.465541362762451172e-01
2.459335327148437500e-01
2.409715652465820312e-01
2.315413951873779297e-01
2.083215713500976562e-01
1.558985710144042969e-01
1.421430110931396484e-01
2.245295047760009766e-01
2.394027709960937500e-01
2.412557601928710938e-01
2.345204353332519531e-01
2.352344989776611328e-01
2.435667514801025391e-01
2.520871162414550781e-01
2.542147636413574219e-01
2.549669742584228516e-01
2.510390281677246094e-01
1.920723915100097656e-01
2.194664478302001953e-01
1.691842079162597656e-02
2.608826160430908203e-01
2.473187446594238281e-01
2.456464767456054688e-01
2.480170726776123047e-01
2.444398403167724609e-01
2.498493194580078125e-01
2.444851398468017578e-01
2.509756088256835938e-01
2.443075180053710938e-01
2.493615150451660156e-01
2.417724132537841797e-01
2.474102973937988281e-01
2.457993030548095703e-01
2.477157115936279297e-01
2.491469383239746094e-01
2.469749450683593750e-01
2.466719150543212891e-01
2.469601631164550781e-01
2.461838722229003906e-01
1.838092803955078125e-01
1.607112884521484375e-01
1.898272037506103516e-01
1.695251464843750000e-02
2.609906196594238281e-01
2.484266757965087891e-01
2.501983642578125000e-01
2.473626136779785156e-01
2.511639595031738281e-01
2.534763813018798828e-01
2.454693317413330078e-01
2.423677444458007812e-01
2.468881607055664062e-01
2.461328506469726562e-01
2.456727027893066406e-01
2.427983283996582031e-01
2.393906116485595703e-01
2.426109313964843750e-01
2.422616481781005859e-01
2.422177791595458984e-01
2.422895431518554688e-01
2.403628826141357422e-01
1.841387748718261719e-01
1.867847442626953125e-01
1.867215633392333984e-01
2.156841754913330078e-01
4.402637481689453125e-02
2.614357471466064453e-01
2.534339427947998047e-01
2.459316253662109375e-01
2.450804710388183594e-01
2.395219802856445312e-01
2.298693656921386719e-01
2.421340942382812500e-01
2.508101463317871094e-01
2.538173198699951172e-01
2.531938552856445312e-01
2.547399997711181641e-01
2.534115314483642578e-01
2.496767044067382812e-01
2.491686344146728516e-01
2.452406883239746094e-01
2.442815303802490234e-01
2.471163272857666016e-01
2.425503730773925781e-01
2.457482814788818359e-01
1.892707347869873047e-01
2.216866016387939453e-01
1.929905414581298828e-01
6.552886962890625000e-02
2.612631320953369141e-01
2.506084442138671875e-01
2.488148212432861328e-01
2.460930347442626953e-01
2.455971240997314453e-01
2.233107089996337891e-01
2.447843551635742188e-01
2.508628368377685547e-01
2.477958202362060547e-01
2.502074241638183594e-01
2.491333484649658203e-01
2.469913959503173828e-01
2.305316925048828125e-01
2.391562461853027344e-01
2.378580570220947266e-01
2.343661785125732422e-01
2.343342304229736328e-01
2.321631908416748047e-01
2.362344264984130859e-01
2.135479450225830078e-01
1.888725757598876953e-01
2.211086750030517578e-01
1.699137687683105469e-02
2.617340087890625000e-01
2.503707408905029297e-01
2.535293102264404297e-01
2.488911151885986328e-01
2.495479583740234375e-01
2.500438690185546875e-01
2.496864795684814453e-01
2.498579025268554688e-01
2.462637424468994141e-01
2.460825443267822266e-01
2.446467876434326172e-01
2.484438419342041016e-01
2.443399429321289062e-01
2.468402385711669922e-01
2.417230606079101562e-01
2.438800334930419922e-01
2.456610202789306641e-01
2.436592578887939453e-01
2.411153316497802734e-01
1.779818534851074219e-01
1.830751895904541016e-01
2.162888050079345703e-01
1.711344718933105469e-02
2.604181766510009766e-01
2.525696754455566406e-01
2.462322711944580078e-01
2.471635341644287109e-01
2.449629306793212891e-01
2.451310157775878906e-01
2.436308860778808594e-01
2.411162853240966797e-01
2.421855926513671875e-01
2.379279136657714844e-01
2.446751594543457031e-01
2.428083419799804688e-01
2.422640323638916016e-01
2.415735721588134766e-01
2.416296005249023438e-01
2.267067432403564453e-01
2.484946250915527344e-01
2.452256679534912109e-01
2.443306446075439453e-01
1.938302516937255859e-01
1.888537406921386719e-01
1.899917125701904297e-01
1.737737655639648438e-02
2.597792148590087891e-01
2.514905929565429688e-01
2.485346794128417969e-01
2.431039810180664062e-01
2.430303096771240234e-01
2.359044551849365234e-01
2.351894378662109375e-01
2.327930927276611328e-01
2.365419864654541016e-01
2.383253574371337891e-01
2.522609233856201172e-01
2.534005641937255859e-01
2.530295848846435547e-01
2.541894912719726562e-01
2.538535594940185547e-01
2.536864280700683594e-01
2.532444000244140625e-01
2.536644935607910156e-01
1.874773502349853516e-01
2.207267284393310547e-01
1.924500465393066406e-01
1.667869091033935547e-01
1.708722114562988281e-02
2.629709243774414062e-01
2.497968673706054688e-01
2.457749843597412109e-01
2.431359291076660156e-01
2.410500049591064453e-01
2.335741519927978516e-01
2.266108989715576172e-01
2.451522350311279297e-01
2.385375499725341797e-01
2.395989894866943359e-01
2.374060153961181641e-01
2.334620952606201172e-01
2.292442321777343750e-01
2.386472225189208984e-01
2.362480163574218750e-01
2.416288852691650391e-01
2.434043884277343750e-01
2.442331314086914062e-01
2.433109283447265625e-01
1.843485832214355469e-01
1.810522079467773438e-01
2.155866622924804688e-01
5.161786079406738281e-02
2.552897930145263672e-01
2.501556873321533203e-01
2.454323768615722656e-01
2.444806098937988281e-01
2.446274757385253906e-01
2.442114353179931641e-01
2.445962429046630859e-01
2.446873188018798828e-01
2.453103065490722656e-01
2.456383705139160156e-01
2.440524101257324219e-01
2.412602901458740234e-01
2.204608917236328125e-01
2.174396514892578125e-01
1.963617801666259766e-01
1.605997085571289062e-01
1.593797206878662109e-01
2.270762920379638672e-01
2.443606853485107422e-01
2.439763545989990234e-01
1.826541423797607422e-01
2.188334465026855469e-01
1.694178581237792969e-02
2.558629512786865234e-01
2.574574947357177734e-01
2.494418621063232422e-01
2.464110851287841797e-01
2.447736263275146484e-01
2.458539009094238281e-01
2.417352199554443359e-01
2.424931526184082031e-01
2.443358898162841797e-01
2.438275814056396484e-01
2.417430877685546875e-01
2.406785488128662109e-01
2.416145801544189453e-01
2.392044067382812500e-01
2.441990375518798828e-01
2.425975799560546875e-01
2.414088249206542969e-01
2.374734878540039062e-01
1.796917915344238281e-01
2.136435508728027344e-01
1.848099231719970703e-01
2.164914608001708984e-01
3.084611892700195312e-02
2.592654228210449219e-01
2.577433586120605469e-01
2.529337406158447266e-01
2.464346885681152344e-01
2.486197948455810547e-01
2.450447082519531250e-01
2.420873641967773438e-01
2.333333492279052734e-01
2.375693321228027344e-01
2.428712844848632812e-01
1.848685741424560547e-01
2.407681941986083984e-01
2.384126186370849609e-01
2.414009571075439453e-01
2.405073642730712891e-01
2.406699657440185547e-01
2.342917919158935547e-01
2.327477931976318359e-01
1.742417812347412109e-01
1.681120395660400391e-01
2.015948295593261719e-01
1.773898601531982422e-01
5.661582946777343750e-02
2.588882446289062500e-01
2.500367164611816406e-01
2.452507019042968750e-01
2.370333671569824219e-01
2.199258804321289062e-01
1.821174621582031250e-01
1.279144287109375000e-01
1.959645748138427734e-01
2.405564785003662109e-01
2.465903759002685547e-01
2.468717098236083984e-01
2.470097541809082031e-01
2.429091930389404297e-01
2.497081756591796875e-01
2.510433197021484375e-01
2.463085651397705078e-01
2.474370002746582031e-01
2.483196258544921875e-01
2.479038238525390625e-01
1.986746788024902344e-01
2.119379043579101562e-01
1.872751712799072266e-01
1.713800430297851562e-02
2.647905349731445312e-01
2.540099620819091797e-01
2.513282299041748047e-01
2.540049552917480469e-01
2.509961128234863281e-01
2.496159076690673828e-01
2.464163303375244141e-01
2.498846054077148438e-01
2.487964630126953125e-01
2.489557266235351562e-01
2.537109851837158203e-01
2.545354366302490234e-01
2.537727355957031250e-01
2.535624504089355469e-01
2.534284591674804688e-01
2.546007633209228516e-01
2.545425891876220703e-01
2.510895729064941406e-01
2.469899654388427734e-01
1.937391757965087891e-01
1.268298625946044922e-01
1.603572368621826172e-01
3.797435760498046875e-02
2.625885009765625000e-01
2.548792362213134766e-01
2.536716461181640625e-01
2.533547878265380859e-01
2.530186176300048828e-01
2.532668113708496094e-01
2.529420852661132812e-01
2.529532909393310547e-01
2.532286643981933594e-01
2.525787353515625000e-01
2.533879280090332031e-01
2.532794475555419922e-01
1.912937164306640625e-01
2.274827957153320312e-01
2.423076629638671875e-01
2.479262351989746094e-01
2.499103546142578125e-01
2.504713535308837891e-01
2.504990100860595703e-01
1.872155666351318359e-01
1.882038116455078125e-01
2.209231853485107422e-01
1.712489128112792969e-02
2.608947753906250000e-01
2.501788139343261719e-01
2.461552619934082031e-01
2.438912391662597656e-01
2.418766021728515625e-01
2.315816879272460938e-01
2.282273769378662109e-01
2.361052036285400391e-01
2.400612831115722656e-01
2.392318248748779297e-01
2.299752235412597656e-01
2.203185558319091797e-01
1.924741268157958984e-01
1.656639575958251953e-01
1.469540596008300781e-01
2.201032638549804688e-01
2.352380752563476562e-01
2.428700923919677734e-01
2.405290603637695312e-01
1.846756935119628906e-01
2.174942493438720703e-01
1.793642044067382812e-01
4.688763618469238281e-02
2.610347270965576172e-01
2.476797103881835938e-01
2.407226562500000000e-01
2.439475059509277344e-01
2.361662387847900391e-01
2.200548648834228516e-01
2.284970283508300781e-01
2.233705520629882812e-01
2.207610607147216797e-01
2.276380062103271484e-01
2.229068279266357422e-01
2.243402004241943359e-01
2.186682224273681641e-01
2.187051773071289062e-01
2.162420749664306641e-01
2.165722846984863281e-01
2.185146808624267578e-01
2.227354049682617188e-01
2.184593677520751953e-01
1.477439403533935547e-01
1.729423999786376953e-01
2.187516689300537109e-01
1.689743995666503906e-02
2.554740905761718750e-01
2.487349510192871094e-01
2.468216419219970703e-01
2.411696910858154297e-01
2.406418323516845703e-01
2.390427589416503906e-01
2.341990470886230469e-01
2.152152061462402344e-01
1.840403079986572266e-01
1.522524356842041016e-01
1.729950904846191406e-01
2.285387516021728516e-01
2.401721477508544922e-01
2.456436157226562500e-01
2.483592033386230469e-01
2.458348274230957031e-01
2.480540275573730469e-01
2.488820552825927734e-01
2.449982166290283203e-01
2.509820461273193359e-01
1.816577911376953125e-01
2.168250083923339844e-01
1.688265800476074219e-02
2.596683502197265625e-01
2.541050910949707031e-01
2.533688545227050781e-01
2.533636093139648438e-01
2.536933422088623047e-01
2.531938552856445312e-01
2.504870891571044922e-01
2.490949630737304688e-01
2.468290328979492188e-01
2.457895278930664062e-01
2.467155456542968750e-01
2.466397285461425781e-01
2.468004226684570312e-01
2.480335235595703125e-01
2.479870319366455078e-01
2.220330238342285156e-01
2.184650897979736328e-01
1.939880847930908203e-01
1.586263179779052734e-01
1.721086502075195312e-01
1.586747169494628906e-01
2.107250690460205078e-01
2.122473716735839844e-02
2.604722976684570312e-01
2.559792995452880859e-01
2.563140392303466797e-01
2.564761638641357422e-01
2.561802864074707031e-01
2.541248798370361328e-01
2.535929679870605469e-01
2.534475326538085938e-01
2.527129650115966797e-01
2.529003620147705078e-01
2.526338100433349609e-01
2.526381015777587891e-01
2.162826061248779297e-01
2.492804527282714844e-01
2.519114017486572266e-01
2.532923221588134766e-01
2.530591487884521484e-01
2.528457641601562500e-01
2.533292770385742188e-01
1.901819705963134766e-01
2.216417789459228516e-01
1.929221153259277344e-01
1.709151268005371094e-02
2.560601234436035156e-01
2.533040046691894531e-01
2.532124519348144531e-01
2.533147335052490234e-01
2.548525333404541016e-01
2.530391216278076172e-01
2.531595230102539062e-01
2.547585964202880859e-01
2.534136772155761719e-01
2.532331943511962891e-01
2.538032531738281250e-01
2.178125381469726562e-01
1.947894096374511719e-01
1.624493598937988281e-01
1.535189151763916016e-01
2.220666408538818359e-01
2.335996627807617188e-01
2.394995689392089844e-01
2.394988536834716797e-01
1.819870471954345703e-01
1.865627765655517578e-01
2.180767059326171875e-01
2.115130424499511719e-02
2.579543590545654297e-01
2.512691020965576172e-01
2.491238117218017578e-01
2.471139430999755859e-01
2.451601028442382812e-01
2.448899745941162109e-01
2.450692653656005859e-01
2.442934513092041016e-01
2.450635433197021484e-01
2.456350326538085938e-01
2.478847503662109375e-01
2.462596893310546875e-01
2.438182830810546875e-01
2.441217899322509766e-01
2.446932792663574219e-01
2.437973022460937500e-01
2.448813915252685547e-01
2.454111576080322266e-01
2.447474002838134766e-01
1.952455043792724609e-01
2.123682498931884766e-01
1.753852367401123047e-01
1.715946197509765625e-02
2.564716339111328125e-01
2.525191307067871094e-01
2.526893615722656250e-01
2.531092166900634766e-01
2.526297569274902344e-01
2.529289722442626953e-01
2.522590160369873047e-01
2.530043125152587891e-01
2.522721290588378906e-01
2.530069351196289062e-01
2.531232833862304688e-01
2.542514801025390625e-01
2.469725608825683594e-01
2.472805976867675781e-01
2.457995414733886719e-01
2.432289123535156250e-01
2.451250553131103516e-01
2.449252605438232422e-01
2.447910308837890625e-01
1.916093826293945312e-01
2.198188304901123047e-01
1.797771453857421875e-01
1.719141006469726562e-02
2.575235366821289062e-01
2.517569065093994141e-01
2.455408573150634766e-01
2.384390830993652344e-01
2.367789745330810547e-01
2.376003265380859375e-01
2.342572212219238281e-01
2.294070720672607422e-01
2.385213375091552734e-01
1.724598407745361328e-01
2.324118614196777344e-01
2.385473251342773438e-01
2.327005863189697266e-01
2.418959140777587891e-01
2.371687889099121094e-01
2.180659770965576172e-01
1.914985179901123047e-01
1.483671665191650391e-01
1.807546615600585938e-01
1.633791923522949219e-01
1.801424026489257812e-01
2.121136188507080078e-01
3.790187835693359375e-02
2.625722885131835938e-01
2.558040618896484375e-01
2.542419433593750000e-01
2.547261714935302734e-01
2.518022060394287109e-01
2.498576641082763672e-01
2.479484081268310547e-01
2.467579841613769531e-01
2.453355789184570312e-01
2.421963214874267578e-01
2.422349452972412109e-01
2.390909194946289062e-01
1.770596504211425781e-01
2.331516742706298828e-01
2.343962192535400391e-01
2.394731044769287109e-01
2.357807159423828125e-01
2.015821933746337891e-01
1.597998142242431641e-01
1.746101379394531250e-01
1.417567729949951172e-01
2.062823772430419922e-01
7.341599464416503906e-02
2.605037689208984375e-01
2.464442253112792969e-01
2.497019767761230469e-01
2.514717578887939453e-01
2.484047412872314453e-01
2.430667877197265625e-01
2.396757602691650391e-01
2.442727088928222656e-01
2.418851852416992188e-01
2.426831722259521484e-01
2.412364482879638672e-01
2.456407546997070312e-01
2.431330680847167969e-01
2.400665283203125000e-01
2.439091205596923828e-01
2.415330410003662109e-01
2.279527187347412109e-01
2.111663818359375000e-01
1.825258731842041016e-01
1.102089881896972656e-01
2.223587036132812500e-01
1.924083232879638672e-01
1.719951629638671875e-02
2.608363628387451172e-01
2.579567432403564453e-01
2.545740604400634766e-01
2.492103576660156250e-01
2.456934452056884766e-01
2.372295856475830078e-01
2.149169445037841797e-01
1.887187957763671875e-01
9.797334671020507812e-02
2.232260704040527344e-01
2.490062713623046875e-01
2.515485286712646484e-01
2.477426528930664062e-01
2.444505691528320312e-01
2.435014247894287109e-01
2.419703006744384766e-01
2.442727088928222656e-01
2.462210655212402344e-01
2.492496967315673828e-01
2.481131553649902344e-01
1.942653656005859375e-01
1.916160583496093750e-01
1.692152023315429688e-02
2.564029693603515625e-01
2.551779747009277344e-01
2.486319541931152344e-01
2.434411048889160156e-01
2.502267360687255859e-01
2.443802356719970703e-01
2.492673397064208984e-01
2.487518787384033203e-01
2.503361701965332031e-01
2.443113327026367188e-01
2.463824748992919922e-01
2.441279888153076172e-01
2.497694492340087891e-01
2.448441982269287109e-01
2.466192245483398438e-01
2.477161884307861328e-01
2.499170303344726562e-01
2.475385665893554688e-01
2.485637664794921875e-01
1.864221096038818359e-01
2.134549617767333984e-01
1.820280551910400391e-01
2.886939048767089844e-02
2.569639682769775391e-01
2.535037994384765625e-01
2.529540061950683594e-01
2.532281875610351562e-01
2.531526088714599609e-01
2.261033058166503906e-01
2.485873699188232422e-01
1.985099315643310547e-01
1.632461547851562500e-01
1.499814987182617188e-01
2.196047306060791016e-01
2.336311340332031250e-01
2.301716804504394531e-01
2.410817146301269531e-01
2.460460662841796875e-01
2.449922561645507812e-01
2.462849617004394531e-01
2.482376098632812500e-01
2.502293586730957031e-01
1.872236728668212891e-01
2.193341255187988281e-01
1.871671676635742188e-01
1.694774627685546875e-02
2.567465305328369141e-01
2.520380020141601562e-01
2.523541450500488281e-01
2.525107860565185547e-01
2.525789737701416016e-01
2.529113292694091797e-01
2.540888786315917969e-01
2.525196075439453125e-01
2.522740364074707031e-01
2.539830207824707031e-01
2.524385452270507812e-01
2.525889873504638672e-01
1.884648799896240234e-01
2.450759410858154297e-01
2.472105026245117188e-01
2.475893497467041016e-01
2.469289302825927734e-01
2.468988895416259766e-01
2.478628158569335938e-01
1.975240707397460938e-01
1.879239082336425781e-01
2.195119857788085938e-01
1.714468002319335938e-02
2.569696903228759766e-01
2.504773139953613281e-01
2.547042369842529297e-01
2.516708374023437500e-01
2.498080730438232422e-01
2.399930953979492188e-01
2.436413764953613281e-01
2.460603713989257812e-01
2.469737529754638672e-01
2.420284748077392578e-01
2.396249771118164062e-01
2.393572330474853516e-01
2.395966053009033203e-01
2.442953586578369141e-01
2.437257766723632812e-01
1.821625232696533203e-01
2.463700771331787109e-01
2.446784973144531250e-01
2.399580478668212891e-01
1.783025264739990234e-01
2.167475223541259766e-01
1.994633674621582031e-01
3.939557075500488281e-02
2.626125812530517578e-01
2.518532276153564453e-01
2.442905902862548828e-01
2.448065280914306641e-01
2.445917129516601562e-01
2.461180686950683594e-01
2.492408752441406250e-01
2.448425292968750000e-01
2.448816299438476562e-01
2.472538948059082031e-01
2.460176944732666016e-01
2.462136745452880859e-01
2.444245815277099609e-01
2.492449283599853516e-01
2.421431541442871094e-01
2.388875484466552734e-01
2.413320541381835938e-01
2.447190284729003906e-01
2.437298297882080078e-01
1.834897994995117188e-01
2.143754959106445312e-01
1.841368675231933594e-01
1.710367202758789062e-02
2.572298049926757812e-01
2.523238658905029297e-01
2.522015571594238281e-01
2.525677680969238281e-01
2.529659271240234375e-01
2.524709701538085938e-01
2.527973651885986328e-01
2.523629665374755859e-01
2.520289421081542969e-01
2.529418468475341797e-01
2.531182765960693359e-01
2.521955966949462891e-01
2.522864341735839844e-01
2.526357173919677734e-01
2.525770664215087891e-01
2.522373199462890625e-01
2.523746490478515625e-01
2.527246475219726562e-01
2.528941631317138672e-01
1.892259120941162109e-01
1.880080699920654297e-01
2.203550338745117188e-01
1.717758178710937500e-02
2.587716579437255859e-01
2.490363121032714844e-01
2.458686828613281250e-01
2.354946136474609375e-01
2.355711460113525391e-01
2.449886798858642578e-01
2.427489757537841797e-01
2.432518005371093750e-01
2.421000003814697266e-01
2.414746284484863281e-01
2.382428646087646484e-01
2.293303012847900391e-01
2.113430500030517578e-01
2.509734630584716797e-01
2.487354278564453125e-01
2.475025653839111328e-01
2.466380596160888672e-01
2.494041919708251953e-01
2.456018924713134766e-01
1.920182704925537109e-01
2.195172309875488281e-01
1.902449131011962891e-01
3.491926193237304688e-02
2.650401592254638672e-01
2.576906681060791016e-01
2.474138736724853516e-01
2.470121383666992188e-01
2.502801418304443359e-01
2.466900348663330078e-01
2.453010082244873047e-01
2.442336082458496094e-01
2.443263530731201172e-01
2.466769218444824219e-01
2.441329956054687500e-01
2.462599277496337891e-01
1.773817539215087891e-01
2.403976917266845703e-01
2.362112998962402344e-01
2.397899627685546875e-01
2.312767505645751953e-01
2.387704849243164062e-01
2.366147041320800781e-01
1.875712871551513672e-01
2.175064086914062500e-01
1.865038871765136719e-01
1.710796356201171875e-02
2.567098140716552734e-01
2.495529651641845703e-01
2.455499172210693359e-01
2.460601329803466797e-01
2.448656558990478516e-01
2.454710006713867188e-01
2.460098266601562500e-01
2.460391521453857422e-01
2.460112571716308594e-01
2.452526092529296875e-01
2.153866291046142578e-01
2.360370159149169922e-01
1.968467235565185547e-01
1.508479118347167969e-01
1.586234569549560547e-01
2.294402122497558594e-01
2.386152744293212891e-01
2.313716411590576172e-01
2.475171089172363281e-01
2.084207534790039062e-01
1.912052631378173828e-01
2.089107036590576172e-01
6.374859809875488281e-02
2.574059963226318359e-01
2.545101642608642578e-01
2.527401447296142578e-01
