2.601716518402099609e-01
2.486143112182617188e-01
2.454779148101806641e-01
2.457971572875976562e-01
2.384064197540283203e-01
2.399570941925048828e-01
2.381260395050048828e-01
2.380089759826660156e-01
2.481896877288818359e-01
2.523269653320312500e-01
2.513439655303955078e-01
1.899912357330322266e-01
2.557892799377441406e-01
2.500765323638916016e-01
2.494826316833496094e-01
2.449007034301757812e-01
2.434642314910888672e-01
2.438626289367675781e-01
2.309250831604003906e-01
2.457926273345947266e-01
2.329859733581542969e-01
2.418107986450195312e-01
2.332856655120849609e-01
1.717193126678466797e-01
2.395324707031250000e-01
2.163643836975097656e-01
2.211153507232666016e-01
1.796467304229736328e-01
1.092710494995117188e-01
1.191294193267822266e-01
2.485134601593017578e-01
2.485401630401611328e-01
2.412459850311279297e-01
2.398343086242675781e-01
2.350959777832031250e-01
1.628651618957519531e-01
2.583408355712890625e-01
2.367236614227294922e-01
2.506012916564941406e-01
2.460913658142089844e-01
2.438514232635498047e-01
1.952228546142578125e-01
2.458820343017578125e-01
2.423117160797119141e-01
2.425870895385742188e-01
2.428131103515625000e-01
2.425372600555419922e-01
2.428393363952636719e-01
2.268850803375244141e-01
2.284159660339355469e-01
2.475161552429199219e-01
2.479889392852783203e-01
1.748518943786621094e-01
6.116175651550292969e-02
2.512059211730957031e-01
2.427000999450683594e-01
2.292504310607910156e-01
2.475068569183349609e-01
2.473943233489990234e-01
1.325919628143310547e-01
2.363502979278564453e-01
2.389044761657714844e-01
2.146039009094238281e-01
2.345111370086669922e-01
2.307884693145751953e-01
1.603829860687255859e-01
2.283356189727783203e-01
2.399103641510009766e-01
2.430863380432128906e-01
2.476143836975097656e-01
2.458882331848144531e-01
1.879663467407226562e-01
1.640179157257080078e-01
2.006211280822753906e-01
2.365348339080810547e-01
2.226419448852539062e-01
2.319269180297851562e-01
2.382287979125976562e-01
2.520341873168945312e-01
2.504420280456542969e-01
2.497689723968505859e-01
2.489993572235107422e-01
2.481100559234619141e-01
1.431901454925537109e-01
2.507758140563964844e-01
2.513911724090576172e-01
2.486433982849121094e-01
2.479085922241210938e-01
2.462978363037109375e-01
2.010364532470703125e-01
2.375454902648925781e-01
2.403008937835693359e-01
2.423076629638671875e-01
2.427039146423339844e-01
2.155177593231201172e-01
1.967678070068359375e-01
1.464977264404296875e-01
2.001137733459472656e-01
2.431781291961669922e-01
2.496907711029052734e-01
2.464823722839355469e-01
2.454431056976318359e-01
2.451081275939941406e-01
2.445654869079589844e-01
2.304191589355468750e-01
2.403035163879394531e-01
2.349789142608642578e-01
1.666600704193115234e-01
2.454316616058349609e-01
2.461075782775878906e-01
2.436697483062744141e-01
2.321166992187500000e-01
2.194817066192626953e-01
1.276824474334716797e-01
2.399730682373046875e-01
2.426872253417968750e-01
2.450428009033203125e-01
2.459774017333984375e-01
2.460522651672363281e-01
1.886708736419677734e-01
2.124867439270019531e-01
2.406725883483886719e-01
2.413268089294433594e-01
2.320706844329833984e-01
1.620991230010986328e-01
8.899521827697753906e-02
2.428324222564697266e-01
2.396161556243896484e-01
2.296736240386962891e-01
2.366087436676025391e-01
2.323367595672607422e-01
1.561350822448730469e-01
2.302989959716796875e-01
2.438011169433593750e-01
2.418465614318847656e-01
2.396039962768554688e-01
2.349100112915039062e-01
2.221212387084960938e-01
2.300875186920166016e-01
2.250719070434570312e-01
2.298874855041503906e-01
2.305405139923095703e-01
2.267029285430908203e-01
1.101801395416259766e-01
2.489016056060791016e-01
2.512655258178710938e-01
2.362947463989257812e-01
1.239626407623291016e-01
1.233918666839599609e-01
6.114745140075683594e-02
2.454757690429687500e-01
2.233769893646240234e-01
2.345860004425048828e-01
2.409136295318603516e-01
2.460360527038574219e-01
1.885585784912109375e-01
2.375433444976806641e-01
2.381532192230224609e-01
2.404444217681884766e-01
2.398982048034667969e-01
2.426960468292236328e-01
2.456946372985839844e-01
2.396764755249023438e-01
2.362422943115234375e-01
2.446546554565429688e-01
2.464587688446044922e-01
2.486090660095214844e-01
8.064842224121093750e-02
1.937973499298095703e-01
2.222907543182373047e-01
2.190120220184326172e-01
2.366602420806884766e-01
2.423090934753417969e-01
1.173658370971679688e-01
2.364184856414794922e-01
2.365782260894775391e-01
2.426817417144775391e-01
2.473409175872802734e-01
2.019515037536621094e-01
1.889228820800781250e-01
2.319891452789306641e-01
2.397274971008300781e-01
2.420327663421630859e-01
2.444548606872558594e-01
2.445061206817626953e-01
2.488155364990234375e-01
2.322895526885986328e-01
2.390203475952148438e-01
2.154097557067871094e-01
1.956129074096679688e-01
2.193539142608642578e-01
1.557579040527343750e-01
2.045159339904785156e-01
2.077255249023437500e-01
2.178444862365722656e-01
1.882038116455078125e-01
1.741240024566650391e-01
1.120533943176269531e-01
2.471570968627929688e-01
2.488620281219482422e-01
2.451534271240234375e-01
2.458925247192382812e-01
2.406141757965087891e-01
2.405996322631835938e-01
2.278852462768554688e-01
2.353634834289550781e-01
2.420933246612548828e-01
2.406194210052490234e-01
2.293961048126220703e-01
1.438970565795898438e-01
2.356019020080566406e-01
2.332296371459960938e-01
2.282831668853759766e-01
2.372219562530517578e-01
2.392978668212890625e-01
1.814937591552734375e-01
1.650257110595703125e-01
2.546372413635253906e-01
2.446687221527099609e-01
2.461836338043212891e-01
2.456774711608886719e-01
1.842653751373291016e-01
2.478249073028564453e-01
2.468845844268798828e-01
2.431266307830810547e-01
2.418494224548339844e-01
2.398786544799804688e-01
1.660518646240234375e-01
2.335376739501953125e-01
2.319664955139160156e-01
2.135016918182373047e-01
2.161960601806640625e-01
2.190585136413574219e-01
1.828730106353759766e-01
2.301433086395263672e-01
2.411179542541503906e-01
2.481951713562011719e-01
2.486851215362548828e-01
1.988468170166015625e-01
1.867492198944091797e-01
9.429597854614257812e-02
1.252839565277099609e-01
2.227663993835449219e-01
2.449755668640136719e-01
2.497718334197998047e-01
2.419385910034179688e-01
1.968028545379638672e-01
1.767177581787109375e-01
1.635181903839111328e-01
1.799752712249755859e-01
2.223017215728759766e-01
2.244255542755126953e-01
2.373080253601074219e-01
2.372169494628906250e-01
2.421739101409912109e-01
2.443323135375976562e-01
2.444550991058349609e-01
2.451958656311035156e-01
2.507259845733642578e-01
2.496199607849121094e-01
2.490696907043457031e-01
2.467362880706787109e-01
2.466070652008056641e-01
2.471690177917480469e-01
2.112486362457275391e-01
2.228338718414306641e-01
2.529304027557373047e-01
2.544569969177246094e-01
2.496874332427978516e-01
1.412451267242431641e-01
2.443060874938964844e-01
2.453081607818603516e-01
2.214436531066894531e-01
2.360835075378417969e-01
2.306985855102539062e-01
1.695876121520996094e-01
2.348134517669677734e-01
2.310571670532226562e-01
2.199447154998779297e-01
2.023692131042480469e-01
2.091736793518066406e-01
1.644220352172851562e-01
2.392971515655517578e-01
2.439877986907958984e-01
2.369139194488525391e-01
2.475824356079101562e-01
2.461879253387451172e-01
2.477767467498779297e-01
1.407566070556640625e-01
1.963906288146972656e-01
2.311632633209228516e-01
2.377436161041259766e-01
2.311918735504150391e-01
2.408812046051025391e-01
2.335679531097412109e-01
2.333788871765136719e-01
2.429842948913574219e-01
2.444686889648437500e-01
2.069804668426513672e-01
1.939411163330078125e-01
1.565225124359130859e-01
1.236555576324462891e-01
2.253084182739257812e-01
2.357015609741210938e-01
2.515509128570556641e-01
2.486472129821777344e-01
2.467012405395507812e-01
2.504518032073974609e-01
2.492980957031250000e-01
2.479255199432373047e-01
2.482047080993652344e-01
1.865649223327636719e-01
8.995223045349121094e-02
8.611726760864257812e-02
2.299709320068359375e-01
2.327671051025390625e-01
2.281148433685302734e-01
2.352015972137451172e-01
2.431187629699707031e-01
2.407739162445068359e-01
2.378728389739990234e-01
2.326838970184326172e-01
1.774084568023681641e-01
1.525130271911621094e-01
2.392737865447998047e-01
2.383620738983154297e-01
2.385005950927734375e-01
2.378227710723876953e-01
2.380597591400146484e-01
1.974802017211914062e-01
2.498736381530761719e-01
2.516283988952636719e-01
2.501325607299804688e-01
2.484593391418457031e-01
2.470283508300781250e-01
1.421005725860595703e-01
2.139728069305419922e-01
2.249569892883300781e-01
2.256796360015869141e-01
2.277109622955322266e-01
2.287955284118652344e-01
1.582510471343994141e-01
2.357075214385986328e-01
2.322573661804199219e-01
2.286112308502197266e-01
2.355637550354003906e-01
2.374503612518310547e-01
1.887819766998291016e-01
2.244353294372558594e-01
1.988937854766845703e-01
1.680376529693603516e-01
1.463718414306640625e-01
2.028069496154785156e-01
2.292242050170898438e-01
2.389895915985107422e-01
2.398281097412109375e-01
2.450370788574218750e-01
2.452948093414306641e-01
2.446112632751464844e-01
1.422259807586669922e-01
7.960510253906250000e-02
2.059557437896728516e-01
2.272531986236572266e-01
2.342500686645507812e-01
2.103793621063232422e-01
2.238342761993408203e-01
2.381582260131835938e-01
2.414586544036865234e-01
2.455966472625732422e-01
2.451820373535156250e-01
2.451014518737792969e-01
2.467470169067382812e-01
2.461459636688232422e-01
2.471981048583984375e-01
2.449569702148437500e-01
2.414410114288330078e-01
2.426574230194091797e-01
2.019526958465576172e-01
2.179861068725585938e-01
1.629519462585449219e-01
1.519560813903808594e-01
1.825034618377685547e-01
2.287042140960693359e-01
2.253735065460205078e-01
1.562201976776123047e-01
1.223819255828857422e-01
2.406966686248779297e-01
2.361838817596435547e-01
2.127127647399902344e-01
1.925754547119140625e-01
2.365591526031494141e-01
2.304844856262207031e-01
2.325818538665771484e-01
2.007837295532226562e-01
1.282734870910644531e-01
1.743938922882080078e-01
2.321186065673828125e-01
2.310748100280761719e-01
2.236325740814208984e-01
2.221271991729736328e-01
1.941461563110351562e-01
1.311516761779785156e-01
2.436845302581787109e-01
2.435495853424072266e-01
2.452535629272460938e-01
2.452027797698974609e-01
2.449676990509033203e-01
2.457971572875976562e-01
9.000468254089355469e-02
2.034447193145751953e-01
2.347826957702636719e-01
2.348339557647705078e-01
2.439758777618408203e-01
2.454380989074707031e-01
2.101604938507080078e-01
1.753544807434082031e-01
1.338615417480468750e-01
2.037248611450195312e-01
2.446110248565673828e-01
2.422769069671630859e-01
2.238721847534179688e-01
2.350332736968994141e-01
2.327442169189453125e-01
2.108745574951171875e-01
1.977972984313964844e-01
1.419699192047119141e-01
2.362747192382812500e-01
2.362649440765380859e-01
2.363624572753906250e-01
2.359528541564941406e-01
2.384994029998779297e-01
2.394547462463378906e-01
2.172715663909912109e-01
1.973121166229248047e-01
1.685676574707031250e-01
1.501471996307373047e-01
2.065613269805908203e-01
1.870458126068115234e-01
2.428359985351562500e-01
2.402303218841552734e-01
2.480964660644531250e-01
2.490730285644531250e-01
2.524836063385009766e-01
1.907284259796142578e-01
2.580661773681640625e-01
2.577784061431884766e-01
2.503490447998046875e-01
2.510464191436767578e-01
2.484972476959228516e-01
1.374332904815673828e-01
2.354519367218017578e-01
2.353730201721191406e-01
2.379648685455322266e-01
2.405586242675781250e-01
2.435505390167236328e-01
2.363262176513671875e-01
2.420291900634765625e-01
2.363178730010986328e-01
2.273209095001220703e-01
2.380478382110595703e-01
2.177608013153076172e-01
1.264710426330566406e-01
2.533996105194091797e-01
2.534453868865966797e-01
2.530572414398193359e-01
2.525115013122558594e-01
2.532455921173095703e-01
2.539160251617431641e-01
2.320573329925537109e-01
2.389225959777832031e-01
2.378602027893066406e-01
2.466816902160644531e-01
2.486095428466796875e-01
1.893613338470458984e-01
2.285146713256835938e-01
2.429573535919189453e-01
2.429919242858886719e-01
2.450478076934814453e-01
2.456316947937011719e-01
1.374518871307373047e-01
1.636893749237060547e-01
2.404303550720214844e-01
2.196736335754394531e-01
1.977994441986083984e-01
2.481873035430908203e-01
2.440154552459716797e-01
2.417116165161132812e-01
2.419171333312988281e-01
2.455835342407226562e-01
2.458586692810058594e-01
2.467803955078125000e-01
2.463893890380859375e-01
2.413885593414306641e-01
2.332196235656738281e-01
2.511007785797119141e-01
2.523338794708251953e-01
2.506353855133056641e-01
2.489740848541259766e-01
2.317078113555908203e-01
2.294447422027587891e-01
2.361407279968261719e-01
2.341146469116210938e-01
2.149996757507324219e-01
1.083526611328125000e-01
1.166152954101562500e-01
1.810004711151123047e-01
2.332527637481689453e-01
2.258358001708984375e-01
2.291927337646484375e-01
2.320375442504882812e-01
2.490258216857910156e-01
2.493515014648437500e-01
2.371704578399658203e-01
2.459583282470703125e-01
2.464253902435302734e-01
2.461712360382080078e-01
2.489104270935058594e-01
2.512066364288330078e-01
2.485942840576171875e-01
2.476027011871337891e-01
2.462077140808105469e-01
2.463886737823486328e-01
2.290236949920654297e-01
2.338523864746093750e-01
2.032177448272705078e-01
2.166888713836669922e-01
2.144489288330078125e-01
1.964411735534667969e-01
2.079436779022216797e-01
2.315874099731445312e-01
2.006337642669677734e-01
1.397938728332519531e-01
2.222089767456054688e-01
2.222535610198974609e-01
2.356631755828857422e-01
2.366864681243896484e-01
2.375802993774414062e-01
2.243764400482177734e-01
1.735968589782714844e-01
1.459829807281494141e-01
2.283046245574951172e-01
1.894569396972656250e-01
1.531760692596435547e-01
1.563518047332763672e-01
2.200231552124023438e-01
2.287569046020507812e-01
2.441499233245849609e-01
2.446923255920410156e-01
2.459163665771484375e-01
2.448980808258056641e-01
2.219865322113037109e-01
2.176015377044677734e-01
1.688323020935058594e-01
1.807236671447753906e-01
2.225618362426757812e-01
2.222645282745361328e-01
2.204108238220214844e-01
2.210321426391601562e-01
2.079439163208007812e-01
1.836361885070800781e-01
1.931025981903076172e-01
1.646733283996582031e-01
2.157070636749267578e-01
2.328166961669921875e-01
2.458875179290771484e-01
2.466676235198974609e-01
2.264027595520019531e-01
2.393579483032226562e-01
2.331304550170898438e-01
1.206769943237304688e-01
2.462637424468994141e-01
2.464005947113037109e-01
2.454838752746582031e-01
2.444238662719726562e-01
2.458753585815429688e-01
2.461819648742675781e-01
1.399331092834472656e-01
2.015798091888427734e-01
2.526495456695556641e-01
2.519531250000000000e-01
2.530961036682128906e-01
2.527191638946533203e-01
2.429699897766113281e-01
2.403969764709472656e-01
2.428956031799316406e-01
2.418162822723388672e-01
2.393517494201660156e-01
1.321473121643066406e-01
1.826124191284179688e-01
1.630697250366210938e-01
1.470017433166503906e-01
2.202594280242919922e-01
2.362487316131591797e-01
2.377836704254150391e-01
2.328248023986816406e-01
2.296254634857177734e-01
2.383155822753906250e-01
2.373762130737304688e-01
2.010657787322998047e-01
1.878650188446044922e-01
8.976364135742187500e-02
1.885347366333007812e-01
2.223498821258544922e-01
2.378015518188476562e-01
2.370269298553466797e-01
2.425141334533691406e-01
2.452414035797119141e-01
2.217855453491210938e-01
2.008697986602783203e-01
2.331759929656982422e-01
2.331976890563964844e-01
1.881756782531738281e-01
2.544553279876708984e-01
2.477266788482666016e-01
2.471842765808105469e-01
2.466428279876708984e-01
2.504563331604003906e-01
1.898417472839355469e-01
2.492034435272216797e-01
2.486994266510009766e-01
2.469084262847900391e-01
2.454571723937988281e-01
2.459745407104492188e-01
2.458012104034423828e-01
9.498691558837890625e-02
9.206986427307128906e-02
1.259119510650634766e-01
2.274253368377685547e-01
2.237210273742675781e-01
2.247588634490966797e-01
2.512321472167968750e-01
2.514927387237548828e-01
2.513751983642578125e-01
2.520177364349365234e-01
2.522392272949218750e-01
2.504618167877197266e-01
2.528533935546875000e-01
2.493276596069335938e-01
2.484068870544433594e-01
2.474484443664550781e-01
2.467067241668701172e-01
2.470569610595703125e-01
2.487406730651855469e-01
2.478697299957275391e-01
2.482364177703857422e-01
2.374248504638671875e-01
2.462024688720703125e-01
1.866545677185058594e-01
1.008429527282714844e-01
1.685023307800292969e-01
2.371313571929931641e-01
2.490117549896240234e-01
2.483973503112792969e-01
2.477221488952636719e-01
2.513666152954101562e-01
2.533245086669921875e-01
2.528777122497558594e-01
2.536475658416748047e-01
2.532150745391845703e-01
1.910896301269531250e-01
2.477786540985107422e-01
2.503089904785156250e-01
2.469720840454101562e-01
2.490088939666748047e-01
2.306661605834960938e-01
2.455041408538818359e-01
2.465448379516601562e-01
2.502684593200683594e-01
2.505202293395996094e-01
2.502570152282714844e-01
2.495913505554199219e-01
1.363270282745361328e-01
1.348822116851806641e-01
2.114918231964111328e-01
2.484171390533447266e-01
2.483761310577392578e-01
2.464063167572021484e-01
2.427630424499511719e-01
2.406525611877441406e-01
2.395434379577636719e-01
2.397224903106689453e-01
2.396461963653564453e-01
2.350699901580810547e-01
1.872372627258300781e-01
2.448914051055908203e-01
2.468631267547607422e-01
2.459833621978759766e-01
2.459876537322998047e-01
2.451820373535156250e-01
2.018349170684814453e-01
2.333023548126220703e-01
2.265689373016357422e-01
2.158546447753906250e-01
2.221708297729492188e-01
2.198865413665771484e-01
1.722767353057861328e-01
1.141533851623535156e-01
2.391457557678222656e-01
2.307276725769042969e-01
2.429654598236083984e-01
2.146425247192382812e-01
2.181735038757324219e-01
2.361354827880859375e-01
2.521719932556152344e-01
2.493698596954345703e-01
2.483904361724853516e-01
2.471709251403808594e-01
2.460319995880126953e-01
2.406132221221923828e-01
2.407381534576416016e-01
2.431032657623291016e-01
2.479515075683593750e-01
2.482113838195800781e-01
1.877076625823974609e-01
2.404954433441162109e-01
2.412159442901611328e-01
2.433743476867675781e-01
2.454371452331542969e-01
2.451665401458740234e-01
1.869413852691650391e-01
1.723604202270507812e-01
2.028138637542724609e-01
2.235791683197021484e-01
2.400054931640625000e-01
2.379162311553955078e-01
1.804172992706298828e-01
2.466742992401123047e-01
2.375390529632568359e-01
2.356317043304443359e-01
2.345883846282958984e-01
2.245931625366210938e-01
1.506052017211914062e-01
2.179346084594726562e-01
1.969408988952636719e-01
1.579306125640869141e-01
2.189114093780517578e-01
2.187688350677490234e-01
2.189238071441650391e-01
2.513649463653564453e-01
2.523543834686279297e-01
2.379233837127685547e-01
2.453496456146240234e-01
2.456099987030029297e-01
2.472198009490966797e-01
6.340575218200683594e-02
1.219334602355957031e-01
2.431974411010742188e-01
2.379562854766845703e-01
2.375082969665527344e-01
2.405319213867187500e-01
2.556617259979248047e-01
2.552492618560791016e-01
2.440845966339111328e-01
2.396149635314941406e-01
2.453017234802246094e-01
1.359097957611083984e-01
2.529866695404052734e-01
2.502112388610839844e-01
2.477996349334716797e-01
2.286970615386962891e-01
2.358169555664062500e-01
2.360036373138427734e-01
2.460250854492187500e-01
2.456359863281250000e-01
2.469882965087890625e-01
2.459352016448974609e-01
2.459745407104492188e-01
2.467875480651855469e-01
1.452171802520751953e-01
1.822006702423095703e-01
2.246029376983642578e-01
2.357518672943115234e-01
2.306931018829345703e-01
2.472405433654785156e-01
2.544596195220947266e-01
2.501728534698486328e-01
2.351298332214355469e-01
2.426910400390625000e-01
2.220320701599121094e-01
1.311337947845458984e-01
2.460083961486816406e-01
2.449827194213867188e-01
2.445001602172851562e-01
2.311215400695800781e-01
2.202579975128173828e-01
1.484789848327636719e-01
2.196879386901855469e-01
1.705751419067382812e-01
1.085379123687744141e-01
2.222828865051269531e-01
2.521917819976806641e-01
2.432708740234375000e-01
1.145348548889160156e-01
2.316498756408691406e-01
2.277367115020751953e-01
2.295498847961425781e-01
2.225401401519775391e-01
1.842699050903320312e-01
2.505583763122558594e-01
2.525546550750732422e-01
2.528531551361083984e-01
2.529325485229492188e-01
2.530555725097656250e-01
2.492115497589111328e-01
2.495379447937011719e-01
2.524292469024658203e-01
2.518658638000488281e-01
2.527956962585449219e-01
2.524957656860351562e-01
1.887743473052978516e-01
2.310550212860107422e-01
2.189228534698486328e-01
2.261457443237304688e-01
2.311182022094726562e-01
2.310693264007568359e-01
1.572415828704833984e-01
1.194980144500732422e-01
2.382287979125976562e-01
2.244608402252197266e-01
2.024114131927490234e-01
2.415518760681152344e-01
2.485051155090332031e-01
2.510213851928710938e-01
2.491216659545898438e-01
2.477166652679443359e-01
2.488634586334228516e-01
2.472069263458251953e-01
2.471263408660888672e-01
2.400453090667724609e-01
2.382183074951171875e-01
2.379827499389648438e-01
2.341988086700439453e-01
2.244930267333984375e-01
1.962459087371826172e-01
1.760330200195312500e-01
1.054911613464355469e-01
2.304403781890869141e-01
2.488069534301757812e-01
2.506458759307861328e-01
2.527635097503662109e-01
1.389441490173339844e-01
1.319363117218017578e-01
2.330791950225830078e-01
2.319211959838867188e-01
2.374494075775146484e-01
2.399966716766357422e-01
2.451701164245605469e-01
2.444355487823486328e-01
2.456612586975097656e-01
2.459011077880859375e-01
2.466633319854736328e-01
2.450571060180664062e-01
2.519252300262451172e-01
2.519466876983642578e-01
2.365920543670654297e-01
2.452213764190673828e-01
2.455251216888427734e-01
2.456521987915039062e-01
2.324266433715820312e-01
2.434160709381103516e-01
2.497775554656982422e-01
2.485642433166503906e-01
2.498958110809326172e-01
1.892361640930175781e-01
1.521306037902832031e-01
2.324604988098144531e-01
2.389256954193115234e-01
2.380597591400146484e-01
2.266662120819091797e-01
1.839280128479003906e-01
2.547183036804199219e-01
2.528448104858398438e-01
2.468094825744628906e-01
2.351067066192626953e-01
2.475988864898681641e-01
2.457683086395263672e-01
2.359802722930908203e-01
2.350335121154785156e-01
2.354454994201660156e-01
2.376136779785156250e-01
2.424781322479248047e-01
2.011106014251708984e-01
2.498745918273925781e-01
2.490386962890625000e-01
2.468087673187255859e-01
2.464654445648193359e-01
2.489385604858398438e-01
2.448050975799560547e-01
1.646661758422851562e-01
2.284023761749267578e-01
2.479836940765380859e-01
2.446093559265136719e-01
2.306616306304931641e-01
2.443556785583496094e-01
2.522275447845458984e-01
2.469830513000488281e-01
2.484121322631835938e-01
2.483775615692138672e-01
2.510700225830078125e-01
1.340227127075195312e-01
2.465963363647460938e-01
2.349131107330322266e-01
2.500770092010498047e-01
2.521319389343261719e-01
1.895000934600830078e-01
1.892559528350830078e-01
2.321324348449707031e-01
2.303009033203125000e-01
2.395589351654052734e-01
2.376396656036376953e-01
2.317888736724853516e-01
1.554398536682128906e-01
2.317886352539062500e-01
2.325761318206787109e-01
2.341556549072265625e-01
2.322216033935546875e-01
2.109439373016357422e-01
7.176351547241210938e-02
2.355597019195556641e-01
2.327163219451904297e-01
2.323303222656250000e-01
2.385561466217041016e-01
2.514352798461914062e-01
7.875323295593261719e-02
2.460682392120361328e-01
2.418363094329833984e-01
2.414121627807617188e-01
2.408268451690673828e-01
2.419867515563964844e-01
1.925411224365234375e-01
2.139108180999755859e-01
2.369074821472167969e-01
2.369086742401123047e-01
2.416310310363769531e-01
2.467837333679199219e-01
1.893894672393798828e-01
2.285275459289550781e-01
2.276005744934082031e-01
2.181162834167480469e-01
2.036466598510742188e-01
1.765985488891601562e-01
1.588568687438964844e-01
2.243916988372802734e-01
2.407333850860595703e-01
2.309582233428955078e-01
2.311069965362548828e-01
2.302899360656738281e-01
1.243829727172851562e-01
2.370429039001464844e-01
2.203552722930908203e-01
2.275130748748779297e-01
2.181315422058105469e-01
2.298204898834228516e-01
1.637363433837890625e-01
2.328002452850341797e-01
2.415795326232910156e-01
2.419140338897705078e-01
2.482917308807373047e-01
2.029752731323242188e-01
1.884219646453857422e-01
2.278411388397216797e-01
2.268137931823730469e-01
2.359719276428222656e-01
2.293934822082519531e-01
1.880695819854736328e-01
1.883664131164550781e-01
2.515337467193603516e-01
2.536413669586181641e-01
2.347552776336669922e-01
2.444002628326416016e-01
2.467539310455322266e-01
2.473123073577880859e-01
2.511558532714843750e-01
2.523190975189208984e-01
2.526953220367431641e-01
2.518613338470458984e-01
2.497057914733886719e-01
2.483417987823486328e-01
2.453417778015136719e-01
2.400212287902832031e-01
2.428171634674072266e-01
2.438666820526123047e-01
2.441980838775634766e-01
1.847105026245117188e-01
2.336857318878173828e-01
2.392833232879638672e-01
2.247657775878906250e-01
2.024784088134765625e-01
2.223763465881347656e-01
1.664545536041259766e-01
2.525362968444824219e-01
2.493557929992675781e-01
2.481920719146728516e-01
2.467284202575683594e-01
2.473087310791015625e-01
2.473263740539550781e-01
2.504348754882812500e-01
2.513740062713623047e-01
2.515664100646972656e-01
2.497782707214355469e-01
2.483139038085937500e-01
2.467467784881591797e-01
2.476890087127685547e-01
2.467179298400878906e-01
2.445030212402343750e-01
2.420463562011718750e-01
2.317678928375244141e-01
1.389718055725097656e-01
1.656785011291503906e-01
2.333359718322753906e-01
2.387776374816894531e-01
2.248811721801757812e-01
1.956768035888671875e-01
1.058642864227294922e-01
2.372624874114990234e-01
2.376720905303955078e-01
2.346277236938476562e-01
2.437636852264404297e-01
2.408206462860107422e-01
1.219301223754882812e-01
2.478311061859130859e-01
2.496824264526367188e-01
2.496621608734130859e-01
2.498929500579833984e-01
2.500891685485839844e-01
2.327289581298828125e-01
2.361471652984619141e-01
2.385649681091308594e-01
2.251560688018798828e-01
2.320947647094726562e-01
2.329182624816894531e-01
1.676805019378662109e-01
2.434656620025634766e-01
2.477109432220458984e-01
2.453193664550781250e-01
2.467677593231201172e-01
1.859188079833984375e-01
6.107473373413085938e-02
2.529592514038085938e-01
2.501451969146728516e-01
2.474653720855712891e-01
2.451298236846923828e-01
2.421982288360595703e-01
2.436110973358154297e-01
2.320265769958496094e-01
2.503833770751953125e-01
2.468693256378173828e-01
2.442843914031982422e-01
2.433423995971679688e-01
1.336154937744140625e-01
2.421641349792480469e-01
2.417078018188476562e-01
2.442905902862548828e-01
2.442607879638671875e-01
2.442312240600585938e-01
2.462613582611083984e-01
2.106914520263671875e-01
2.308824062347412109e-01
2.340855598449707031e-01
2.405476570129394531e-01
2.388126850128173828e-01
6.115221977233886719e-02
2.330448627471923828e-01
2.030453681945800781e-01
2.318294048309326172e-01
2.300338745117187500e-01
2.386896610260009766e-01
1.382048130035400391e-01
2.376341819763183594e-01
2.168595790863037109e-01
2.505114078521728516e-01
2.503390312194824219e-01
2.507476806640625000e-01
1.911592483520507812e-01
2.307674884796142578e-01
2.286374568939208984e-01
2.269349098205566406e-01
2.408759593963623047e-01
2.376291751861572266e-01
1.265413761138916016e-01
2.073125839233398438e-01
2.266535758972167969e-01
2.181792259216308594e-01
2.399885654449462891e-01
1.730587482452392578e-01
1.283125877380371094e-01
2.317883968353271484e-01
2.423157691955566406e-01
2.473423480987548828e-01
2.473645210266113281e-01
2.048799991607666016e-01
1.259820461273193359e-01
2.341804504394531250e-01
2.306959629058837891e-01
2.224609851837158203e-01
1.841228008270263672e-01
1.366796493530273438e-01
1.764204502105712891e-01
2.421047687530517578e-01
2.453033924102783203e-01
2.476243972778320312e-01
2.373442649841308594e-01
2.466740608215332031e-01
2.449247837066650391e-01
1.920740604400634766e-01
2.426857948303222656e-01
2.415776252746582031e-01
2.376868724822998047e-01
2.332723140716552734e-01
1.924214363098144531e-01
2.504551410675048828e-01
2.503013610839843750e-01
2.347538471221923828e-01
2.485334873199462891e-01
2.467863559722900391e-01
1.873614788055419922e-01
2.402443885803222656e-01
2.407059669494628906e-01
2.467653751373291016e-01
2.442278861999511719e-01
2.361097335815429688e-01
1.878035068511962891e-01
2.333695888519287109e-01
2.223434448242187500e-01
1.894612312316894531e-01
1.531774997711181641e-01
1.559989452362060547e-01
2.241389751434326172e-01
1.043853759765625000e-01
2.017476558685302734e-01
2.009336948394775391e-01
1.692223548889160156e-01
1.964659690856933594e-01
2.357103824615478516e-01
2.514865398406982422e-01
2.528235912322998047e-01
2.525665760040283203e-01
2.527987957000732422e-01
2.530512809753417969e-01
1.947288513183593750e-01
2.329306602478027344e-01
2.290506362915039062e-01
2.129998207092285156e-01
1.944057941436767578e-01
1.633322238922119141e-01
1.498634815216064453e-01
2.350494861602783203e-01
2.237670421600341797e-01
2.221598625183105469e-01
2.218680381774902344e-01
2.214145660400390625e-01
1.480364799499511719e-01
8.826112747192382812e-02
2.133901119232177734e-01
2.464842796325683594e-01
2.450611591339111328e-01
2.508099079132080078e-01
2.499589920043945312e-01
2.255067825317382812e-01
2.220396995544433594e-01
1.897242069244384766e-01
1.585295200347900391e-01
1.519708633422851562e-01
2.215785980224609375e-01
2.247951030731201172e-01
1.895074844360351562e-01
1.483504772186279297e-01
1.611113548278808594e-01
2.257349491119384766e-01
2.393925189971923828e-01
2.355365753173828125e-01
2.283902168273925781e-01
2.155253887176513672e-01
1.898980140686035156e-01
1.548113822937011719e-01
1.867530345916748047e-01
9.683895111083984375e-02
1.883335113525390625e-01
2.395873069763183594e-01
2.488961219787597656e-01
2.500700950622558594e-01
2.526202201843261719e-01
2.458555698394775391e-01
2.469892501831054688e-01
2.472364902496337891e-01
2.469000816345214844e-01
2.475051879882812500e-01
2.478871345520019531e-01
2.503426074981689453e-01
2.521533966064453125e-01
2.519195079803466797e-01
2.523198127746582031e-01
2.526044845581054688e-01
2.516632080078125000e-01
2.363221645355224609e-01
2.328782081604003906e-01
1.887831687927246094e-01
2.258532047271728516e-01
2.331171035766601562e-01
1.437652111053466797e-01
6.172108650207519531e-02
8.905005455017089844e-02
2.383723258972167969e-01
2.308230400085449219e-01
1.914570331573486328e-01
1.708316802978515625e-01
2.348244190216064453e-01
2.443878650665283203e-01
2.415804862976074219e-01
2.405281066894531250e-01
2.418453693389892578e-01
1.818437576293945312e-01
2.512025833129882812e-01
2.520320415496826172e-01
2.519879341125488281e-01
2.339403629302978516e-01
2.431416511535644531e-01
2.033975124359130859e-01
2.392625808715820312e-01
2.400534152984619141e-01
2.454450130462646484e-01
2.474348545074462891e-01
2.479774951934814453e-01
2.446978092193603516e-01
1.695621013641357422e-01
1.946678161621093750e-01
2.214491367340087891e-01
2.467465400695800781e-01
2.476849555969238281e-01
2.088456153869628906e-01
2.295441627502441406e-01
2.239718437194824219e-01
2.328565120697021484e-01
2.401964664459228516e-01
2.127747535705566406e-01
1.399049758911132812e-01
2.505483627319335938e-01
2.501177787780761719e-01
2.367343902587890625e-01
2.469811439514160156e-01
2.473990917205810547e-01
1.882762908935546875e-01
2.441973686218261719e-01
2.446672916412353516e-01
2.454755306243896484e-01
2.443199157714843750e-01
2.437410354614257812e-01
2.453994750976562500e-01
1.643185615539550781e-01
2.404122352600097656e-01
2.269515991210937500e-01
2.299885749816894531e-01
2.301139831542968750e-01
1.755247116088867188e-01
2.516663074493408203e-01
2.515139579772949219e-01
2.542674541473388672e-01
2.497324943542480469e-01
2.470865249633789062e-01
9.516096115112304688e-02
2.461612224578857422e-01
2.463033199310302734e-01
2.454471588134765625e-01
2.443039417266845703e-01
2.453651428222656250e-01
2.459404468536376953e-01
2.408609390258789062e-01
2.438859939575195312e-01
2.450592517852783203e-01
2.458813190460205078e-01
2.468817234039306641e-01
2.475576400756835938e-01
1.399378776550292969e-01
1.771185398101806641e-01
2.399845123291015625e-01
2.370059490203857422e-01
2.265009880065917969e-01
2.032577991485595703e-01
1.647601127624511719e-01
1.174097061157226562e-01
2.232961654663085938e-01
2.492868900299072266e-01
2.502443790435791016e-01
2.522549629211425781e-01
2.110040187835693359e-01
1.970226764678955078e-01
1.659986972808837891e-01
1.641311645507812500e-01
2.249519824981689453e-01
2.402882575988769531e-01
2.448611259460449219e-01
2.153928279876708984e-01
1.870942115783691406e-01
1.532888412475585938e-01
1.579711437225341797e-01
2.240722179412841797e-01
1.229431629180908203e-01
1.204674243927001953e-01
1.920378208160400391e-01
2.377562522888183594e-01
2.283833026885986328e-01
2.381830215454101562e-01
2.437858581542968750e-01
2.464795112609863281e-01
2.479875087738037109e-01
2.478516101837158203e-01
2.477655410766601562e-01
2.480423450469970703e-01
2.106356620788574219e-01
1.861836910247802734e-01
1.080074310302734375e-01
2.169027328491210938e-01
2.323379516601562500e-01
2.421233654022216797e-01
2.315351963043212891e-01
2.475333213806152344e-01
2.455298900604248047e-01
2.423667907714843750e-01
2.446265220642089844e-01
1.419551372528076172e-01
2.388286590576171875e-01
2.220458984375000000e-01
1.670050621032714844e-01
2.188637256622314453e-01
2.183330059051513672e-01
1.339643001556396484e-01
2.315835952758789062e-01
2.412586212158203125e-01
2.374289035797119141e-01
2.277305126190185547e-01
2.453958988189697266e-01
1.863508224487304688e-01
2.406640052795410156e-01
2.466580867767333984e-01
2.520604133605957031e-01
2.515935897827148438e-01
2.483406066894531250e-01
1.828103065490722656e-01
2.413930892944335938e-01
2.417130470275878906e-01
2.409427165985107422e-01
2.405092716217041016e-01
2.443485260009765625e-01
1.293449401855468750e-01
1.515200138092041016e-01
1.589136123657226562e-01
2.301077842712402344e-01
2.443313598632812500e-01
2.351553440093994141e-01
1.265118122100830078e-01
2.275385856628417969e-01
2.384028434753417969e-01
2.482323646545410156e-01
2.503323554992675781e-01
2.489080429077148438e-01
1.832451820373535156e-01
2.547943592071533203e-01
2.538890838623046875e-01
2.504723072052001953e-01
2.492547035217285156e-01
2.476608753204345703e-01
2.458136081695556641e-01
2.336688041687011719e-01
2.333519458770751953e-01
2.434568405151367188e-01
2.417154312133789062e-01
2.421500682830810547e-01
1.663994789123535156e-01
2.404756546020507812e-01
2.382586002349853516e-01
1.943478584289550781e-01
1.733174324035644531e-01
1.508958339691162109e-01
1.535348892211914062e-01
2.298228740692138672e-01
2.394039630889892578e-01
2.415022850036621094e-01
2.486882209777832031e-01
2.534573078155517578e-01
1.412851810455322266e-01
2.418420314788818359e-01
2.434117794036865234e-01
2.453458309173583984e-01
2.447607517242431641e-01
2.476825714111328125e-01
1.884765625000000000e-01
2.360613346099853516e-01
2.452030181884765625e-01
2.453222274780273438e-01
2.451829910278320312e-01
2.450079917907714844e-01
2.454199790954589844e-01
1.406071186065673828e-01
1.914889812469482422e-01
2.365374565124511719e-01
2.418782711029052734e-01
2.399170398712158203e-01
2.454435825347900391e-01
2.339076995849609375e-01
2.281091213226318359e-01
2.351889610290527344e-01
2.006735801696777344e-01
1.330640316009521484e-01
1.699039936065673828e-01
2.498393058776855469e-01
2.332248687744140625e-01
2.253172397613525391e-01
2.350206375122070312e-01
2.296485900878906250e-01
1.371650695800781250e-01
2.429039478302001953e-01
2.449033260345458984e-01
2.464227676391601562e-01
2.479720115661621094e-01
2.474024295806884766e-01
2.475640773773193359e-01
8.820724487304687500e-02
1.798987388610839844e-01
2.212078571319580078e-01
2.209339141845703125e-01
2.162911891937255859e-01
2.206113338470458984e-01
2.513005733489990234e-01
2.537293434143066406e-01
2.374193668365478516e-01
2.462253570556640625e-01
2.474904060363769531e-01
1.437265872955322266e-01
2.364342212677001953e-01
2.328696250915527344e-01
2.267343997955322266e-01
2.010185718536376953e-01
1.552596092224121094e-01
1.419558525085449219e-01
2.512290477752685547e-01
2.484984397888183594e-01
2.477695941925048828e-01
2.478246688842773438e-01
2.509946823120117188e-01
2.000615596771240234e-01
1.982674598693847656e-01
2.347147464752197266e-01
1.938211917877197266e-01
8.686542510986328125e-02
2.194042205810546875e-01
2.491953372955322266e-01
2.286505699157714844e-01
2.107605934143066406e-01
1.729302406311035156e-01
2.257683277130126953e-01
2.308886051177978516e-01
2.388918399810791016e-01
2.469699382781982422e-01
2.477512359619140625e-01
2.494249343872070312e-01
2.455675601959228516e-01
2.466478347778320312e-01
1.873104572296142578e-01
2.513048648834228516e-01
2.520341873168945312e-01
2.489669322967529297e-01
2.472295761108398438e-01
2.287790775299072266e-01
2.354960441589355469e-01
6.114220619201660156e-02
9.886908531188964844e-02
2.546477317810058594e-01
2.407944202423095703e-01
2.352032661437988281e-01
2.261433601379394531e-01
2.288908958435058594e-01
2.102191448211669922e-01
1.897213459014892578e-01
1.587378978729248047e-01
1.636586189270019531e-01
2.283713817596435547e-01
2.396249771118164062e-01
2.393276691436767578e-01
2.371213436126708984e-01
2.339982986450195312e-01
2.269151210784912109e-01
1.662616729736328125e-01
2.331080436706542969e-01
2.255327701568603516e-01
1.889605522155761719e-01
1.503336429595947266e-01
1.636509895324707031e-01
2.314620018005371094e-01
1.800942420959472656e-01
1.330935955047607422e-01
2.065412998199462891e-01
2.396967411041259766e-01
2.255585193634033203e-01
2.453017234802246094e-01
2.494103908538818359e-01
2.496819496154785156e-01
2.473194599151611328e-01
2.459933757781982422e-01
2.437689304351806641e-01
1.891403198242187500e-01
5.426239967346191406e-02
2.266187667846679688e-01
2.459340095520019531e-01
2.468612194061279297e-01
2.487456798553466797e-01
2.515246868133544922e-01
2.239937782287597656e-01
1.961762905120849609e-01
1.610672473907470703e-01
1.399707794189453125e-01
2.201309204101562500e-01
2.400252819061279297e-01
1.058840751647949219e-01
1.938695907592773438e-01
2.399182319641113281e-01
2.340948581695556641e-01
2.238891124725341797e-01
1.914539337158203125e-01
2.291123867034912109e-01
1.683173179626464844e-01
1.501712799072265625e-01
1.733691692352294922e-01
2.317726612091064453e-01
2.381067276000976562e-01
2.505893707275390625e-01
2.517526149749755859e-01
2.492210865020751953e-01
2.479639053344726562e-01
2.465560436248779297e-01
2.024202346801757812e-01
1.755712032318115234e-01
1.605894565582275391e-01
1.655008792877197266e-01
2.176318168640136719e-01
2.301518917083740234e-01
2.334311008453369141e-01
9.454917907714843750e-02
1.128635406494140625e-01
1.672189235687255859e-01
2.342107295989990234e-01
2.082927227020263672e-01
2.396144866943359375e-01
2.490262985229492188e-01
2.494518756866455078e-01
2.475671768188476562e-01
2.444825172424316406e-01
2.442874908447265625e-01
2.441754341125488281e-01
2.243700027465820312e-01
1.964466571807861328e-01
1.581482887268066406e-01
1.476135253906250000e-01
2.219264507293701172e-01
2.386498451232910156e-01
2.301392555236816406e-01
2.342278957366943359e-01
2.373230457305908203e-01
2.146301269531250000e-01
2.175028324127197266e-01
1.401658058166503906e-01
1.207427978515625000e-01
1.401836872100830078e-01
2.462260723114013672e-01
2.469713687896728516e-01
2.486553192138671875e-01
2.471482753753662109e-01
2.465159893035888672e-01
2.464268207550048828e-01
2.430913448333740234e-01
2.424857616424560547e-01
2.423963546752929688e-01
1.841111183166503906e-01
2.364499568939208984e-01
2.381956577301025391e-01
2.309801578521728516e-01
2.385730743408203125e-01
2.143943309783935547e-01
1.624112129211425781e-01
2.460184097290039062e-01
2.455286979675292969e-01
2.439370155334472656e-01
2.438368797302246094e-01
2.437894344329833984e-01
2.438933849334716797e-01
9.676861763000488281e-02
1.990144252777099609e-01
2.248380184173583984e-01
2.287194728851318359e-01
2.386412620544433594e-01
1.826877593994140625e-01
2.507088184356689453e-01
2.471137046813964844e-01
2.467010021209716797e-01
2.477614879608154297e-01
2.465085983276367188e-01
1.402137279510498047e-01
2.366557121276855469e-01
2.418966293334960938e-01
2.444410324096679688e-01
2.467942237854003906e-01
2.478551864624023438e-01
2.490794658660888672e-01
2.495255470275878906e-01
2.498641014099121094e-01
2.502546310424804688e-01
2.496764659881591797e-01
2.503824234008789062e-01
2.503552436828613281e-01
1.214594841003417969e-01
1.513316631317138672e-01
2.432236671447753906e-01
2.423315048217773438e-01
2.405626773834228516e-01
2.409870624542236328e-01
2.313961982727050781e-01
2.354013919830322266e-01
2.172698974609375000e-01
2.323701381683349609e-01
2.248466014862060547e-01
1.392486095428466797e-01
2.438457012176513672e-01
2.452430725097656250e-01
2.446084022521972656e-01
2.404503822326660156e-01
2.449476718902587891e-01
1.854352951049804688e-01
2.268486022949218750e-01
2.367384433746337891e-01
2.364749908447265625e-01
2.390215396881103516e-01
2.419130802154541016e-01
1.848800182342529297e-01
6.111025810241699219e-02
1.372323036193847656e-01
2.275431156158447266e-01
2.457821369171142578e-01
2.483229637145996094e-01
2.472913265228271484e-01
2.172570228576660156e-01
1.919052600860595703e-01
1.549682617187500000e-01
1.591918468475341797e-01
2.273402214050292969e-01
2.390241622924804688e-01
2.200331687927246094e-01
1.922900676727294922e-01
1.545276641845703125e-01
1.568696498870849609e-01
2.231080532073974609e-01
2.342998981475830078e-01
2.443761825561523438e-01
2.447838783264160156e-01
2.175252437591552734e-01
1.989631652832031250e-01
1.561112403869628906e-01
1.417107582092285156e-01
8.278298377990722656e-02
1.875164508819580078e-01
2.001085281372070312e-01
2.342312335968017578e-01
2.371578216552734375e-01
2.303194999694824219e-01
2.458081245422363281e-01
2.445101737976074219e-01
2.410128116607666016e-01
2.435536384582519531e-01
2.426748275756835938e-01
2.407264709472656250e-01
2.193970680236816406e-01
1.892442703247070312e-01
1.595351696014404297e-01
1.523108482360839844e-01
2.278902530670166016e-01
2.358663082122802734e-01
2.433764934539794922e-01
2.458677291870117188e-01
2.458105087280273438e-01
2.460510730743408203e-01
2.479283809661865234e-01
8.612489700317382812e-02
1.287672519683837891e-01
2.346458435058593750e-01
2.385513782501220703e-01
2.334511280059814453e-01
2.021536827087402344e-01
1.309971809387207031e-01
2.240934371948242188e-01
2.007837295532226562e-01
1.557464599609375000e-01
1.418814659118652344e-01
2.242350578308105469e-01
2.489745616912841797e-01
2.389864921569824219e-01
2.426037788391113281e-01
2.445297241210937500e-01
2.473466396331787109e-01
2.472915649414062500e-01
2.467181682586669922e-01
2.458169460296630859e-01
2.450878620147705078e-01
2.323887348175048828e-01
2.415375709533691406e-01
2.429115772247314453e-01
1.850845813751220703e-01
2.021975517272949219e-01
2.306189537048339844e-01
2.377655506134033203e-01
2.304782867431640625e-01
2.333054542541503906e-01
1.614263057708740234e-01
2.466387748718261719e-01
2.479379177093505859e-01
2.521951198577880859e-01
2.528829574584960938e-01
2.522926330566406250e-01
2.500414848327636719e-01
2.248277664184570312e-01
1.917011737823486328e-01
1.453688144683837891e-01
1.615183353424072266e-01
2.294864654541015625e-01
2.439832687377929688e-01
2.440381050109863281e-01
2.448449134826660156e-01
2.452960014343261719e-01
2.454550266265869141e-01
2.448775768280029297e-01
2.450547218322753906e-01
8.318996429443359375e-02
1.167731285095214844e-01
2.237913608551025391e-01
2.176063060760498047e-01
2.175962924957275391e-01
2.175040245056152344e-01
2.330055236816406250e-01
2.245142459869384766e-01
2.341101169586181641e-01
2.330102920532226562e-01
2.366139888763427734e-01
9.095382690429687500e-02
2.561504840850830078e-01
2.539522647857666016e-01
2.483479976654052734e-01
2.487425804138183594e-01
2.483205795288085938e-01
1.877565383911132812e-01
2.497813701629638672e-01
2.282969951629638672e-01
2.328169345855712891e-01
2.289934158325195312e-01
2.200715541839599609e-01
1.990921497344970703e-01
2.178571224212646484e-01
2.112953662872314453e-01
2.253761291503906250e-01
2.344229221343994141e-01
2.287178039550781250e-01
2.311487197875976562e-01
2.451102733612060547e-01
2.474935054779052734e-01
2.462246417999267578e-01
2.462830543518066406e-01
2.446653842926025391e-01
1.291339397430419922e-01
2.405083179473876953e-01
2.429914474487304688e-01
2.353618144989013672e-01
2.514150142669677734e-01
2.528786659240722656e-01
1.912498474121093750e-01
2.556288242340087891e-01
2.523946762084960938e-01
2.518835067749023438e-01
2.525362968444824219e-01
2.525227069854736328e-01
2.522034645080566406e-01
6.149578094482421875e-02
6.128811836242675781e-02
2.372040748596191406e-01
2.280604839324951172e-01
2.269814014434814453e-01
2.288734912872314453e-01
2.540638446807861328e-01
2.418332099914550781e-01
2.507784366607666016e-01
2.379510402679443359e-01
2.521135807037353516e-01
1.929867267608642578e-01
2.488005161285400391e-01
2.444634437561035156e-01
2.440946102142333984e-01
2.440962791442871094e-01
2.435700893402099609e-01
1.847436428070068359e-01
2.480909824371337891e-01
2.474575042724609375e-01
2.469010353088378906e-01
2.480547428131103516e-01
2.471945285797119141e-01
1.961197853088378906e-01
2.236499786376953125e-01
2.270729541778564453e-01
2.243306636810302734e-01
2.249119281768798828e-01
1.857502460479736328e-01
9.007763862609863281e-02
2.367846965789794922e-01
2.440042495727539062e-01
2.440235614776611328e-01
2.470526695251464844e-01
2.484724521636962891e-01
1.895415782928466797e-01
2.386870384216308594e-01
2.370107173919677734e-01
2.459342479705810547e-01
2.490215301513671875e-01
2.514300346374511719e-01
1.905894279479980469e-01
2.324309349060058594e-01
2.381615638732910156e-01
2.345950603485107422e-01
2.365572452545166016e-01
2.397611141204833984e-01
1.082479953765869141e-01
2.133953571319580078e-01
1.998636722564697266e-01
1.621136665344238281e-01
2.169461250305175781e-01
2.055709362030029297e-01
1.257145404815673828e-01
2.499396800994873047e-01
2.478604316711425781e-01
2.436459064483642578e-01
2.414705753326416016e-01
2.390320301055908203e-01
2.375133037567138672e-01
2.535979747772216797e-01
2.525048255920410156e-01
2.495815753936767578e-01
2.447655200958251953e-01
2.389624118804931641e-01
2.369561195373535156e-01
2.201416492462158203e-01
2.296640872955322266e-01
2.384924888610839844e-01
2.507750988006591797e-01
2.500975131988525391e-01
7.938385009765625000e-02
2.442700862884521484e-01
2.336759567260742188e-01
2.172844409942626953e-01
1.493089199066162109e-01
1.318640708923339844e-01
9.273123741149902344e-02
2.437334060668945312e-01
2.503142356872558594e-01
2.535104751586914062e-01
2.476081848144531250e-01
1.935224533081054688e-01
1.835460662841796875e-01
2.442429065704345703e-01
2.241287231445312500e-01
2.241346836090087891e-01
2.037496566772460938e-01
1.792347431182861328e-01
1.433260440826416016e-01
2.459845542907714844e-01
2.461514472961425781e-01
2.263221740722656250e-01
2.375752925872802734e-01
2.280416488647460938e-01
1.628131866455078125e-01
1.137464046478271484e-01
1.983861923217773438e-01
2.323708534240722656e-01
2.179038524627685547e-01
2.511901855468750000e-01
2.542061805725097656e-01
2.512328624725341797e-01
2.458803653717041016e-01
2.197403907775878906e-01
1.986036300659179688e-01
1.499197483062744141e-01
1.526081562042236328e-01
2.467041015625000000e-01
2.442827224731445312e-01
2.460093498229980469e-01
2.464230060577392578e-01
2.467601299285888672e-01
1.410222053527832031e-01
2.449405193328857422e-01
2.469820976257324219e-01
2.488565444946289062e-01
2.510070800781250000e-01
2.505941390991210938e-01
2.524194717407226562e-01
1.607654094696044922e-01
1.552009582519531250e-01
2.358639240264892578e-01
2.183148860931396484e-01
2.352623939514160156e-01
2.375280857086181641e-01
2.506310939788818359e-01
2.511146068572998047e-01
2.528002262115478516e-01
2.510676383972167969e-01
2.540636062622070312e-01
1.884529590606689453e-01
2.497510910034179688e-01
2.502450942993164062e-01
2.521421909332275391e-01
2.519676685333251953e-01
2.537043094635009766e-01
1.903388500213623047e-01
2.455239295959472656e-01
2.485125064849853516e-01
2.458207607269287109e-01
2.485692501068115234e-01
2.365105152130126953e-01
2.037432193756103516e-01
2.431054115295410156e-01
2.303578853607177734e-01
2.340137958526611328e-01
2.331526279449462891e-01
2.337143421173095703e-01
1.782889366149902344e-01
2.513108253479003906e-01
2.520732879638671875e-01
2.492597103118896484e-01
2.467629909515380859e-01
2.471411228179931641e-01
1.433386802673339844e-01
2.464520931243896484e-01
2.488422393798828125e-01
2.510981559753417969e-01
2.486097812652587891e-01
2.471301555633544922e-01
2.337398529052734375e-01
2.391102313995361328e-01
2.441232204437255859e-01
2.466461658477783203e-01
2.491664886474609375e-01
2.507965564727783203e-01
2.508156299591064453e-01
1.285762786865234375e-01
1.233236789703369141e-01
2.197976112365722656e-01
2.402706146240234375e-01
2.396934032440185547e-01
2.249121665954589844e-01
2.388563156127929688e-01
2.334773540496826172e-01
2.466247081756591797e-01
2.480838298797607422e-01
2.481114864349365234e-01
1.878385543823242188e-01
2.367269992828369141e-01
2.458956241607666016e-01
2.464187145233154297e-01
2.390797138214111328e-01
2.391393184661865234e-01
1.811356544494628906e-01
2.131524085998535156e-01
1.942057609558105469e-01
1.583733558654785156e-01
1.559383869171142578e-01
2.243931293487548828e-01
2.404844760894775391e-01
1.821866035461425781e-01
1.873817443847656250e-01
2.123281955718994141e-01
2.290077209472656250e-01
2.443225383758544922e-01
1.987986564636230469e-01
2.366564273834228516e-01
1.942005157470703125e-01
1.625394821166992188e-01
1.381218433380126953e-01
2.257249355316162109e-01
2.423028945922851562e-01
2.154529094696044922e-01
1.912391185760498047e-01
1.503040790557861328e-01
1.643319129943847656e-01
2.364890575408935547e-01
2.509081363677978516e-01
2.364344596862792969e-01
2.126648426055908203e-01
2.192547321319580078e-01
2.190761566162109375e-01
2.190334796905517578e-01
1.643335819244384766e-01
2.500238418579101562e-01
2.496592998504638672e-01
2.106347084045410156e-01
2.377767562866210938e-01
1.798505783081054688e-01
6.155204772949218750e-02
2.389719486236572266e-01
2.395451068878173828e-01
2.411229610443115234e-01
2.408323287963867188e-01
2.416102886199951172e-01
2.421021461486816406e-01
2.419857978820800781e-01
2.418503761291503906e-01
2.413141727447509766e-01
2.416331768035888672e-01
2.417910099029541016e-01
1.888797283172607422e-01
2.561047077178955078e-01
2.487916946411132812e-01
2.417697906494140625e-01
2.284076213836669922e-01
2.392506599426269531e-01
1.421566009521484375e-01
1.628789901733398438e-01
1.712739467620849609e-01
2.213776111602783203e-01
2.252759933471679688e-01
2.208433151245117188e-01
1.863729953765869141e-01
2.312026023864746094e-01
2.454996109008789062e-01
2.482511997222900391e-01
2.377870082855224609e-01
2.445337772369384766e-01
1.359484195709228516e-01
2.482187747955322266e-01
2.491500377655029297e-01
2.346246242523193359e-01
2.300667762756347656e-01
2.171428203582763672e-01
1.653158664703369141e-01
2.359933853149414062e-01
2.377650737762451172e-01
2.129185199737548828e-01
2.357935905456542969e-01
1.897346973419189453e-01
1.272134780883789062e-01
2.305724620819091797e-01
2.161011695861816406e-01
2.460353374481201172e-01
2.504854202270507812e-01
1.265270709991455078e-01
1.275844573974609375e-01
2.335402965545654297e-01
2.362351417541503906e-01
2.454354763031005859e-01
2.497472763061523438e-01
2.476186752319335938e-01
1.715903282165527344e-01
2.266397476196289062e-01
2.401180267333984375e-01
2.395803928375244141e-01
2.352428436279296875e-01
2.314300537109375000e-01
1.144323348999023438e-01
2.314150333404541016e-01
2.401592731475830078e-01
2.513551712036132812e-01
2.531714439392089844e-01
2.509305477142333984e-01
1.898422241210937500e-01
2.338645458221435547e-01
2.252509593963623047e-01
2.315804958343505859e-01
1.742813587188720703e-01
1.721484661102294922e-01
1.274261474609375000e-01
2.216887474060058594e-01
2.223868370056152344e-01
2.322340011596679688e-01
2.291150093078613281e-01
2.332792282104492188e-01
1.503195762634277344e-01
2.477660179138183594e-01
2.480001449584960938e-01
2.263388633728027344e-01
2.350902557373046875e-01
2.218892574310302734e-01
1.554911136627197266e-01
2.400629520416259766e-01
2.400224208831787109e-01
2.427260875701904297e-01
2.469434738159179688e-01
2.473649978637695312e-01
2.480466365814208984e-01
2.558310031890869141e-01
2.367851734161376953e-01
2.507290840148925781e-01
2.492990493774414062e-01
2.472424507141113281e-01
1.883111000061035156e-01
2.340571880340576172e-01
2.295730113983154297e-01
2.406520843505859375e-01
2.419054508209228516e-01
1.982514858245849609e-01
7.391309738159179688e-02
2.440121173858642578e-01
2.440414428710937500e-01
2.431783676147460938e-01
2.443850040435791016e-01
2.438395023345947266e-01
2.439384460449218750e-01
2.384696006774902344e-01
2.403438091278076172e-01
2.150290012359619141e-01
2.013158798217773438e-01
1.651871204376220703e-01
1.460313796997070312e-01
1.274478435516357422e-01
2.082486152648925781e-01
2.309803962707519531e-01
2.403976917266845703e-01
2.412924766540527344e-01
2.403557300567626953e-01
2.531955242156982422e-01
2.527256011962890625e-01
2.411828041076660156e-01
2.477729320526123047e-01
2.306551933288574219e-01
1.600062847137451172e-01
1.894633769989013672e-01
1.536722183227539062e-01
1.572902202606201172e-01
2.156667709350585938e-01
2.519679069519042969e-01
2.527227401733398438e-01
1.894929409027099609e-01
1.527912616729736328e-01
1.559088230133056641e-01
2.194058895111083984e-01
2.264537811279296875e-01
2.397320270538330078e-01
8.799099922180175781e-02
1.943442821502685547e-01
2.353224754333496094e-01
2.383258342742919922e-01
2.340593338012695312e-01
2.386727333068847656e-01
1.892600059509277344e-01
1.094624996185302734e-01
2.016456127166748047e-01
2.422220706939697266e-01
2.310647964477539062e-01
2.436680793762207031e-01
2.423644065856933594e-01
2.445569038391113281e-01
2.463598251342773438e-01
2.478117942810058594e-01
2.480018138885498047e-01
2.479217052459716797e-01
2.425246238708496094e-01
2.383718490600585938e-01
2.286784648895263672e-01
2.033774852752685547e-01
1.391005516052246094e-01
1.593594551086425781e-01
8.951497077941894531e-02
2.047150135040283203e-01
2.348427772521972656e-01
2.210304737091064453e-01
2.275071144104003906e-01
1.974349021911621094e-01
2.448110580444335938e-01
2.493972778320312500e-01
2.504045963287353516e-01
2.519762516021728516e-01
2.514519691467285156e-01
2.518730163574218750e-01
2.438778877258300781e-01
2.454731464385986328e-01
2.404654026031494141e-01
2.439205646514892578e-01
2.433891296386718750e-01
1.215019226074218750e-01
2.338023185729980469e-01
2.244107723236083984e-01
1.967048645019531250e-01
1.605129241943359375e-01
1.446614265441894531e-01
2.229542732238769531e-01
7.749938964843750000e-02
1.503283977508544922e-01
1.954157352447509766e-01
2.374660968780517578e-01
2.475335597991943359e-01
2.514860630035400391e-01
2.108490467071533203e-01
1.758046150207519531e-01
1.136171817779541016e-01
2.172923088073730469e-01
2.469389438629150391e-01
2.439718246459960938e-01
2.321424484252929688e-01
2.298154830932617188e-01
2.336168289184570312e-01
2.363667488098144531e-01
2.407362461090087891e-01
1.805348396301269531e-01
2.441263198852539062e-01
2.221145629882812500e-01
1.857452392578125000e-01
2.279679775238037109e-01
2.294833660125732422e-01
2.191028594970703125e-01
1.210951805114746094e-01
1.965308189392089844e-01
2.491433620452880859e-01
2.516269683837890625e-01
2.506232261657714844e-01
2.521884441375732422e-01
2.303233146667480469e-01
2.420940399169921875e-01
2.416565418243408203e-01
2.422413825988769531e-01
2.016439437866210938e-01
1.873168945312500000e-01
2.312560081481933594e-01
2.198200225830078125e-01
1.607129573822021484e-01
1.227505207061767578e-01
2.173504829406738281e-01
2.496304512023925781e-01
2.471859455108642578e-01
2.473378181457519531e-01
2.472906112670898438e-01
2.468516826629638672e-01
2.478199005126953125e-01
2.474839687347412109e-01
1.359443664550781250e-01
2.096362113952636719e-01
2.287273406982421875e-01
2.337400913238525391e-01
2.391667366027832031e-01
2.348878383636474609e-01
2.100965976715087891e-01
1.992890834808349609e-01
2.145187854766845703e-01
1.649024486541748047e-01
1.800842285156250000e-01
2.084190845489501953e-01
2.299778461456298828e-01
2.083063125610351562e-01
1.698772907257080078e-01
2.200284004211425781e-01
2.198600769042968750e-01
2.014877796173095703e-01
2.200229167938232422e-01
1.919417381286621094e-01
1.629691123962402344e-01
1.445703506469726562e-01
2.195119857788085938e-01
2.379159927368164062e-01
1.416711807250976562e-01
2.582895755767822266e-01
2.474577426910400391e-01
2.479438781738281250e-01
2.387807369232177734e-01
2.475392818450927734e-01
2.335135936737060547e-01
2.365107536315917969e-01
2.367553710937500000e-01
2.369999885559082031e-01
1.839747428894042969e-01
1.354923248291015625e-01
2.466011047363281250e-01
2.471127510070800781e-01
2.478909492492675781e-01
2.477896213531494141e-01
2.476785182952880859e-01
2.481038570404052734e-01
2.313070297241210938e-01
2.222518920898437500e-01
1.918256282806396484e-01
1.464295387268066406e-01
1.612951755523681641e-01
2.261328697204589844e-01
2.397634983062744141e-01
2.368328571319580078e-01
2.413587570190429688e-01
2.444012165069580078e-01
2.467024326324462891e-01
1.879246234893798828e-01
2.464537620544433594e-01
2.483158111572265625e-01
2.490608692169189453e-01
2.483973503112792969e-01
2.473244667053222656e-01
1.877059936523437500e-01
2.439663410186767578e-01
2.449517250061035156e-01
2.454292774200439453e-01
2.431309223175048828e-01
2.449905872344970703e-01
1.846559047698974609e-01
2.153975963592529297e-01
1.988449096679687500e-01
1.583402156829833984e-01
1.388921737670898438e-01
2.198755741119384766e-01
2.385311126708984375e-01
1.277315616607666016e-01
2.068397998809814453e-01
2.365021705627441406e-01
2.404255867004394531e-01
2.395203113555908203e-01
2.194693088531494141e-01
2.561168670654296875e-01
2.535686492919921875e-01
2.488393783569335938e-01
2.462739944458007812e-01
2.446932792663574219e-01
2.448947429656982422e-01
1.892035007476806641e-01
9.839129447937011719e-02
2.143750190734863281e-01
2.410342693328857422e-01
2.443366050720214844e-01
2.435545921325683594e-01
2.154653072357177734e-01
1.950654983520507812e-01
2.117316722869873047e-01
1.948006153106689453e-01
1.586329936981201172e-01
2.025396823883056641e-01
9.991431236267089844e-02
1.910758018493652344e-01
2.386214733123779297e-01
2.037155628204345703e-01
2.366323471069335938e-01
2.395892143249511719e-01
2.501957416534423828e-01
2.511253356933593750e-01
2.373855113983154297e-01
2.524926662445068359e-01
2.529177665710449219e-01
2.028658390045166016e-01
2.274470329284667969e-01
2.331600189208984375e-01
2.357783317565917969e-01
2.350389957427978516e-01
2.265958786010742188e-01
1.627376079559326172e-01
2.299129962921142578e-01
2.384171485900878906e-01
2.372331619262695312e-01
2.361359596252441406e-01
1.968276500701904297e-01
1.408476829528808594e-01
1.396026611328125000e-01
1.691231727600097656e-01
2.386293411254882812e-01
2.199606895446777344e-01
2.321562767028808594e-01
2.213137149810791016e-01
2.510993480682373047e-01
2.536995410919189453e-01
2.497460842132568359e-01
2.470040321350097656e-01
2.490699291229248047e-01
2.487347126007080078e-01
2.486581802368164062e-01
2.465102672576904297e-01
2.462017536163330078e-01
2.469577789306640625e-01
2.469830513000488281e-01
2.027914524078369141e-01
2.400348186492919922e-01
2.428863048553466797e-01
2.275979518890380859e-01
2.351016998291015625e-01
2.021260261535644531e-01
1.572833061218261719e-01
1.096544265747070312e-01
1.761903762817382812e-01
2.189991474151611328e-01
2.353839874267578125e-01
2.379617691040039062e-01
2.399520874023437500e-01
2.469975948333740234e-01
2.499487400054931641e-01
2.482306957244873047e-01
2.543892860412597656e-01
2.487242221832275391e-01
2.448027133941650391e-01
2.512192726135253906e-01
2.499694824218750000e-01
2.485194206237792969e-01
2.473990917205810547e-01
2.449746131896972656e-01
1.866104602813720703e-01
2.416474819183349609e-01
2.448096275329589844e-01
2.472796440124511719e-01
2.459414005279541016e-01
2.476067543029785156e-01
2.005538940429687500e-01
