6.956514358520507812e+00
5.955832958221435547e+00
4.673089981079101562e+00
3.301072359085083008e+00
2.544867515563964844e+00
2.036914110183715820e+00
1.682705402374267578e+00
1.632164835929870605e+00
1.267958879470825195e+00
1.550362229347229004e+00
1.367834210395812988e+00
1.197054743766784668e+00
1.384699940681457520e+00
1.547188878059387207e+00
1.347126603126525879e+00
1.444764971733093262e+00
1.327959060668945312e+00
1.283094406127929688e+00
1.476650953292846680e+00
1.160086512565612793e+00
1.286553740501403809e+00
1.269687294960021973e+00
1.339805603027343750e+00
1.181136131286621094e+00
1.216415524482727051e+00
1.297375321388244629e+00
1.238001823425292969e+00
1.316446304321289062e+00
1.194883942604064941e+00
1.229172587394714355e+00
1.200415372848510742e+00
1.100469946861267090e+00
1.175121545791625977e+00
1.127243757247924805e+00
1.107013702392578125e+00
1.224907398223876953e+00
1.133002400398254395e+00
1.305934786796569824e+00
1.208946585655212402e+00
1.201341986656188965e+00
1.166251659393310547e+00
1.248462915420532227e+00
1.201684236526489258e+00
1.040901303291320801e+00
1.057829737663269043e+00
1.115183949470520020e+00
1.103028178215026855e+00
1.134485960006713867e+00
1.055209755897521973e+00
9.024978876113891602e-01
1.033707261085510254e+00
1.141639590263366699e+00
1.053695917129516602e+00
1.005205154418945312e+00
1.065166354179382324e+00
1.073119640350341797e+00
1.029495596885681152e+00
1.154814004898071289e+00
9.926510453224182129e-01
1.244998216629028320e+00
1.223680257797241211e+00
1.212554216384887695e+00
1.091317653656005859e+00
9.621328711509704590e-01
1.021254420280456543e+00
1.053651571273803711e+00
1.239188671112060547e+00
1.161000728607177734e+00
1.065001964569091797e+00
1.075586438179016113e+00
1.050290226936340332e+00
9.305178523063659668e-01
9.875212907791137695e-01
9.214087724685668945e-01
8.734155297279357910e-01
8.970057964324951172e-01
1.020353078842163086e+00
8.670699596405029297e-01
1.053462028503417969e+00
9.565861821174621582e-01
1.106655955314636230e+00
9.310076236724853516e-01
9.816428422927856445e-01
1.073286056518554688e+00
9.127805233001708984e-01
1.015585541725158691e+00
1.221572995185852051e+00
1.098892688751220703e+00
1.042708873748779297e+00
9.854752421379089355e-01
1.115588426589965820e+00
9.716913700103759766e-01
1.058743596076965332e+00
1.110821247100830078e+00
1.078757643699645996e+00
1.187065362930297852e+00
8.723869323730468750e-01
7.917869687080383301e-01
9.505600333213806152e-01
8.392918109893798828e-01
8.490870594978332520e-01
8.824849724769592285e-01
8.217071294784545898e-01
9.772104620933532715e-01
1.102282047271728516e+00
1.076762199401855469e+00
8.656092882156372070e-01
8.752471208572387695e-01
9.346860647201538086e-01
1.007402539253234863e+00
7.611328363418579102e-01
8.505060076713562012e-01
9.938826560974121094e-01
9.431065917015075684e-01
1.042848348617553711e+00
1.028733968734741211e+00
9.370667934417724609e-01
9.807202219963073730e-01
7.640496492385864258e-01
1.109973073005676270e+00
7.505032420158386230e-01
8.522027730941772461e-01
8.796836733818054199e-01
9.035586714744567871e-01
8.573672771453857422e-01
1.050891280174255371e+00
7.650219798088073730e-01
8.075052499771118164e-01
7.880656123161315918e-01
7.474027872085571289e-01
8.336374163627624512e-01
9.576979875564575195e-01
1.028706312179565430e+00
9.495966434478759766e-01
8.600427508354187012e-01
1.034089565277099609e+00
7.610347270965576172e-01
9.127306342124938965e-01
8.194515109062194824e-01
9.156148433685302734e-01
1.027679443359375000e+00
8.307580947875976562e-01
8.971014022827148438e-01
7.252906560897827148e-01
7.443278431892395020e-01
6.812862157821655273e-01
6.454423666000366211e-01
7.445288300514221191e-01
6.702991724014282227e-01
9.155850410461425781e-01
7.845732569694519043e-01
7.163763046264648438e-01
6.364418864250183105e-01
6.342803835868835449e-01
7.802942991256713867e-01
6.124450564384460449e-01
8.505837321281433105e-01
5.465682148933410645e-01
6.310976743698120117e-01
7.956772446632385254e-01
7.715268135070800781e-01
7.475563883781433105e-01
7.855884432792663574e-01
7.831790447235107422e-01
8.038308024406433105e-01
8.234056830406188965e-01
9.254833459854125977e-01
8.406214714050292969e-01
6.825770139694213867e-01
7.691434025764465332e-01
6.765222549438476562e-01
6.260771751403808594e-01
6.810277700424194336e-01
6.540342569351196289e-01
7.827214598655700684e-01
6.585451364517211914e-01
6.300978660583496094e-01
8.248273730278015137e-01
7.693564295768737793e-01
6.931384205818176270e-01
6.391054391860961914e-01
6.644430160522460938e-01
8.823946714401245117e-01
8.623999953269958496e-01
5.381621122360229492e-01
8.538104295730590820e-01
8.349652886390686035e-01
6.565880179405212402e-01
5.855733156204223633e-01
6.812548637390136719e-01
6.126153469085693359e-01
5.425987243652343750e-01
5.834295749664306641e-01
5.144112706184387207e-01
4.359884858131408691e-01
6.153194904327392578e-01
5.973465442657470703e-01
5.798071622848510742e-01
4.860862493515014648e-01
5.514258146286010742e-01
4.007047116756439209e-01
4.784825742244720459e-01
6.136166453361511230e-01
4.496465921401977539e-01
6.960152983665466309e-01
4.510889649391174316e-01
6.932393908500671387e-01
5.658373832702636719e-01
5.473531484603881836e-01
6.405242681503295898e-01
4.556505084037780762e-01
5.657254457473754883e-01
6.699711084365844727e-01
8.021017909049987793e-01
4.397751092910766602e-01
5.663139820098876953e-01
4.841108024120330811e-01
3.044026196002960205e-01
4.502696096897125244e-01
4.767598211765289307e-01
5.367113351821899414e-01
7.341073751449584961e-01
6.296408176422119141e-01
4.215104579925537109e-01
4.548103809356689453e-01
5.428099036216735840e-01
5.999175906181335449e-01
6.905469894409179688e-01
7.323568463325500488e-01
5.236657857894897461e-01
5.003327727317810059e-01
5.355383753776550293e-01
7.223082184791564941e-01
6.411243081092834473e-01
6.452173590660095215e-01
6.761115789413452148e-01
4.623484909534454346e-01
6.077974438667297363e-01
6.841391921043395996e-01
7.841747403144836426e-01
5.479945540428161621e-01
5.103152394294738770e-01
6.379156112670898438e-01
4.978215694427490234e-01
3.666910529136657715e-01
6.496049165725708008e-01
4.504987001419067383e-01
5.506735444068908691e-01
4.283044636249542236e-01
5.550540685653686523e-01
3.820714652538299561e-01
2.903105616569519043e-01
3.895322382450103760e-01
5.108101963996887207e-01
4.771309196949005127e-01
4.478853940963745117e-01
5.139467716217041016e-01
5.179141163825988770e-01
5.124604701995849609e-01
4.536228179931640625e-01
2.600301206111907959e-01
5.560598969459533691e-01
4.028532803058624268e-01
3.650918900966644287e-01
3.967121541500091553e-01
3.397883474826812744e-01
2.708762884140014648e-01
2.837564945220947266e-01
2.997771203517913818e-01
4.950115084648132324e-01
3.538741171360015869e-01
2.278020977973937988e-01
3.196254372596740723e-01
3.378597497940063477e-01
4.092207252979278564e-01
5.283164978027343750e-01
4.875279963016510010e-01
4.279074966907501221e-01
3.212473690509796143e-01
4.307566583156585693e-01
4.142839014530181885e-01
3.119984865188598633e-01
5.711969733238220215e-01
3.109597861766815186e-01
4.931800961494445801e-01
4.059216380119323730e-01
4.993293583393096924e-01
4.076329469680786133e-01
2.457211017608642578e-01
3.310784697532653809e-01
3.276562988758087158e-01
2.631368637084960938e-01
2.770241796970367432e-01
3.162162601947784424e-01
3.256507217884063721e-01
2.879528701305389404e-01
2.261753082275390625e-01
3.231721520423889160e-01
2.687744200229644775e-01
2.433937937021255493e-01
2.566553354263305664e-01
3.142632544040679932e-01
2.022569924592971802e-01
3.767791986465454102e-01
2.376500964164733887e-01
3.083353042602539062e-01
2.612496316432952881e-01
1.677708327770233154e-01
3.159829080104827881e-01
2.769629061222076416e-01
3.099010884761810303e-01
3.367996215820312500e-01
1.283946037292480469e-01
2.029616981744766235e-01
3.165471255779266357e-01
1.523142904043197632e-01
1.867190748453140259e-01
1.601969152688980103e-01
1.403505504131317139e-01
2.878106236457824707e-01
3.820595443248748779e-01
1.262576580047607422e-01
4.589537084102630615e-01
3.692170381546020508e-01
3.141843378543853760e-01
3.399493694305419922e-01
3.147503137588500977e-01
5.511546730995178223e-01
2.978531718254089355e-01
2.191941589117050171e-01
3.231555819511413574e-01
3.858769536018371582e-01
2.034130394458770752e-01
2.699825763702392578e-01
2.635880112648010254e-01
3.258041739463806152e-01
1.577844917774200439e-01
2.743874490261077881e-01
2.453385293483734131e-01
3.260724544525146484e-01
2.525015473365783691e-01
2.599690556526184082e-01
1.323934346437454224e-01
1.916482895612716675e-01
2.276649326086044312e-01
3.192634284496307373e-01
2.840077280998229980e-01
2.208063751459121704e-01
1.700350940227508545e-01
2.154450118541717529e-01
2.032514512538909912e-01
2.714968025684356689e-01
2.923950552940368652e-01
2.449732124805450439e-01
1.904321312904357910e-01
2.211648076772689819e-01
2.690424323081970215e-01
1.983473151922225952e-01
3.073245584964752197e-01
2.299727797508239746e-01
7.150527834892272949e-02
7.703170925378799438e-02
8.801449090242385864e-02
1.173327788710594177e-01
8.617448806762695312e-02
1.267875134944915771e-01
9.376819431781768799e-02
8.055879175662994385e-02
1.822627782821655273e-01
8.253648877143859863e-02
1.588029414415359497e-01
1.814661026000976562e-01
9.866422414779663086e-02
2.274095267057418823e-01
2.260542362928390503e-01
2.250676304101943970e-01
7.338810712099075317e-02
2.210426032543182373e-01
4.750688746571540833e-02
1.959712505340576172e-01
1.831234693527221680e-01
2.121161371469497681e-01
3.324839472770690918e-01
1.974914819002151489e-01
9.755071252584457397e-02
2.198275923728942871e-01
2.028531432151794434e-01
1.884564459323883057e-01
1.831082999706268311e-01
1.422572135925292969e-01
1.424439251422882080e-01
8.804548531770706177e-02
1.013185158371925354e-01
1.809542328119277954e-01
9.059945493936538696e-02
1.282328218221664429e-01
2.104233950376510620e-01
1.679436564445495605e-01
9.407455474138259888e-02
9.589918702840805054e-02
5.231638252735137939e-02
1.466391831636428833e-01
1.079863160848617554e-01
8.928729593753814697e-02
1.981249302625656128e-01
1.457499116659164429e-01
1.537719368934631348e-01
6.067234650254249573e-02
2.664132602512836456e-02
1.190572232007980347e-01
3.119682706892490387e-02
1.213716417551040649e-01
6.591045856475830078e-02
9.217682480812072754e-02
5.069698020815849304e-02
1.253282725811004639e-01
1.114766076207160950e-01
1.074053943157196045e-01
1.351613104343414307e-01
1.746520102024078369e-01
1.185518652200698853e-01
1.715444922447204590e-01
1.846527159214019775e-01
2.049836069345474243e-01
2.335501313209533691e-01
1.409067064523696899e-01
6.675556302070617676e-02
7.889605313539505005e-02
1.498502492904663086e-01
2.406967431306838989e-01
2.234900444746017456e-01
1.200302466750144958e-01
1.103767529129981995e-01
7.864572852849960327e-02
8.688284456729888916e-02
1.244015693664550781e-01
3.095442950725555420e-01
1.829676926136016846e-01
9.432902187108993530e-02
2.456812709569931030e-01
6.431952863931655884e-02
8.699908852577209473e-02
9.678176790475845337e-02
7.525479793548583984e-02
1.450199931859970093e-01
1.325338929891586304e-01
2.636559903621673584e-01
2.205705046653747559e-01
1.780002564191818237e-01
1.437947899103164673e-01
1.601025760173797607e-01
8.554396778345108032e-02
8.160838484764099121e-02
1.039137244224548340e-01
1.925393491983413696e-01
1.278373301029205322e-01
7.279582321643829346e-02
8.837857842445373535e-02
6.656691431999206543e-02
1.975379288196563721e-01
4.197526350617408752e-02
1.505843102931976318e-01
1.630053967237472534e-01
1.167061850428581238e-01
8.659476041793823242e-02
9.460435062646865845e-02
1.480668485164642334e-01
1.607841551303863525e-01
1.378931999206542969e-01
6.102210655808448792e-02
1.352349221706390381e-01
1.601626127958297729e-01
8.788777887821197510e-02
8.953370898962020874e-02
9.504627436399459839e-02
1.569180935621261597e-01
1.212780252099037170e-01
9.708684682846069336e-02
6.030002608895301819e-02
1.311405301094055176e-01
6.315372884273529053e-02
3.467939794063568115e-02
1.164589151740074158e-01
7.956026494503021240e-02
1.577473133802413940e-01
5.542463436722755432e-02
4.497224986553192139e-01
3.213554620742797852e-02
1.075162887573242188e-01
1.910451948642730713e-01
6.529588252305984497e-02
1.135074198246002197e-01
8.548243343830108643e-02
1.005791202187538147e-01
1.757936924695968628e-01
9.984322637319564819e-02
1.292324960231781006e-01
6.048405915498733521e-02
7.341916114091873169e-02
9.821011871099472046e-02
8.078330755233764648e-02
6.039557605981826782e-02
4.320674389600753784e-02
1.498482823371887207e-01
2.487442642450332642e-02
3.714287653565406799e-02
1.242612153291702271e-01
3.339332342147827148e-02
1.284725815057754517e-01
1.020658686757087708e-01
4.157911613583564758e-02
5.378306284546852112e-02
6.291255354881286621e-02
7.663358002901077271e-02
1.456287354230880737e-01
3.605908155441284180e-02
3.890114277601242065e-02
6.070805713534355164e-02
3.251333907246589661e-02
6.421474367380142212e-02
9.093261510133743286e-02
5.917007476091384888e-02
1.222281157970428467e-01
1.914950460195541382e-01
3.506579250097274780e-02
3.043246269226074219e-02
2.889840677380561829e-02
5.489590391516685486e-02
1.728140413761138916e-01
1.775979399681091309e-01
9.634369611740112305e-02
3.104192577302455902e-02
8.798779547214508057e-02
1.876933872699737549e-02
9.588535130023956299e-02
1.043486744165420532e-01
3.456460312008857727e-02
5.681895464658737183e-02
6.467941403388977051e-02
2.242520898580551147e-01
7.216712087392807007e-02
9.414593875408172607e-02
3.059890680015087128e-02
7.682809978723526001e-02
8.197487145662307739e-02
6.777483224868774414e-02
1.503546088933944702e-01
5.577133968472480774e-02
5.123891681432723999e-02
6.817822158336639404e-02
1.239396333694458008e-01
6.870398670434951782e-02
3.592168539762496948e-02
1.136637702584266663e-01
4.021855071187019348e-02
3.820916637778282166e-02
1.344220042228698730e-01
6.547578424215316772e-02
5.492173135280609131e-02
2.584953606128692627e-02
1.026730909943580627e-01
1.276175081729888916e-01
5.503213778138160706e-02
4.454713687300682068e-02
8.629682660102844238e-02
5.167668312788009644e-02
5.419660732150077820e-02
4.861346632242202759e-02
1.316377967596054077e-01
8.363950997591018677e-02
7.356923818588256836e-02
8.930813521146774292e-02
6.464397162199020386e-02
3.357293456792831421e-02
5.755281075835227966e-02
5.472830682992935181e-02
3.575003147125244141e-02
2.859615534543991089e-02
1.148920059204101562e-01
6.698469072580337524e-02
1.667233929038047791e-02
9.879856556653976440e-02
3.774429857730865479e-02
3.326404467225074768e-02
4.686009883880615234e-02
4.524129629135131836e-02
2.695587836205959320e-02
8.706485480070114136e-02
1.574486941099166870e-01
2.448031120002269745e-02
5.582298338413238525e-02
6.245788559317588806e-02
5.780857801437377930e-02
3.655320405960083008e-02
3.174756467342376709e-02
1.116276532411575317e-01
9.078580141067504883e-02
1.047578752040863037e-01
2.127124555408954620e-02
1.027634665369987488e-01
1.904858835041522980e-02
1.989828050136566162e-02
2.211870625615119934e-02
1.845843717455863953e-02
6.487165391445159912e-02
2.185216173529624939e-02
2.345513366162776947e-02
2.589123137295246124e-02
1.688426360487937927e-02
6.559254229068756104e-02
3.845150396227836609e-02
2.444542758166790009e-02
3.544847667217254639e-02
9.475775063037872314e-02
7.632733881473541260e-02
1.501069590449333191e-02
3.886380419135093689e-02
4.429192841053009033e-02
3.859008103609085083e-02
5.887899175286293030e-02
3.070219419896602631e-02
4.467286542057991028e-02
1.786749251186847687e-02
1.536930631846189499e-02
9.620292112231254578e-03
1.231154706329107285e-02
7.075583189725875854e-02
1.866072602570056915e-02
6.599069386720657349e-02
7.823000848293304443e-02
3.738569468259811401e-02
2.048195339739322662e-02
1.242275442928075790e-02
9.224404580891132355e-03
2.247446402907371521e-02
1.890226639807224274e-02
5.446256324648857117e-02
6.873163580894470215e-02
4.268615320324897766e-02
1.966459117829799652e-02
2.308591268956661224e-02
3.667827323079109192e-02
2.876053377985954285e-02
1.349282823503017426e-02
2.612566016614437103e-02
5.522530898451805115e-02
5.340743064880371094e-02
7.286476343870162964e-02
3.792819008231163025e-02
1.824937947094440460e-02
5.491485446691513062e-02
7.088468223810195923e-02
3.776419535279273987e-02
1.880691200494766235e-02
2.216777205467224121e-02
7.818247377872467041e-02
1.721091754734516144e-02
6.267553567886352539e-02
1.908705942332744598e-02
7.612951844930648804e-02
7.212261855602264404e-02
9.131049737334251404e-03
6.055850908160209656e-02
7.719271630048751831e-02
4.718316346406936646e-02
2.324948646128177643e-02
5.176936462521553040e-02
2.769101560115814209e-01
2.810614928603172302e-02
1.940691322088241577e-01
8.440526574850082397e-02
1.324284672737121582e-01
2.461705543100833893e-02
1.393453869968652725e-02
2.799819409847259521e-02
8.096461743116378784e-02
2.485743910074234009e-02
7.144085317850112915e-02
1.858498156070709229e-01
9.507864713668823242e-02
1.167200505733489990e-01
1.317428201436996460e-01
8.247530460357666016e-02
4.530419036746025085e-02
1.736563295125961304e-01
5.948993936181068420e-02
7.479785382747650146e-02
1.093349307775497437e-01
9.998579323291778564e-02
2.974752523005008698e-02
4.793235659599304199e-02
8.466514199972152710e-02
2.115543335676193237e-01
1.252561360597610474e-01
8.462679386138916016e-02
6.566433608531951904e-02
4.995235428214073181e-02
7.259360700845718384e-02
9.338307380676269531e-02
1.030315160751342773e-01
1.609833836555480957e-01
1.529734730720520020e-01
5.202917754650115967e-02
4.413551837205886841e-02
4.185086488723754883e-02
1.400577127933502197e-01
1.250317692756652832e-01
1.408922523260116577e-01
5.177836492657661438e-02
7.130926102399826050e-02
4.435516893863677979e-02
7.990027219057083130e-02
5.009036511182785034e-02
1.062346547842025757e-01
1.104408130049705505e-01
1.164712235331535339e-01
1.100891828536987305e-01
3.874618187546730042e-02
5.957121029496192932e-02
1.493730694055557251e-01
4.373576119542121887e-02
1.178684681653976440e-01
9.707721322774887085e-02
1.308373175561428070e-02
2.619836106896400452e-02
7.155536860227584839e-02
5.266848206520080566e-02
8.528283238410949707e-02
6.161582842469215393e-02
1.989899016916751862e-02
2.635406143963336945e-02
9.739788621664047241e-02
6.791843473911285400e-02
6.227360293269157410e-02
4.059841111302375793e-02
5.244774371385574341e-02
8.802518248558044434e-02
6.755235791206359863e-02
7.127706706523895264e-02
2.924749255180358887e-02
7.688573002815246582e-02
2.784217707812786102e-02
3.806165978312492371e-02
3.751598671078681946e-02
1.967320218682289124e-02
2.081146277487277985e-02
7.944928854703903198e-02
1.488190330564975739e-02
6.879257410764694214e-02
2.790815010666847229e-02
4.578847810626029968e-02
2.239633724093437195e-02
2.882069721817970276e-02
1.191521063446998596e-02
2.931337803602218628e-02
3.418825939297676086e-02
3.018584474921226501e-02
6.219186261296272278e-02
9.146776795387268066e-02
1.227276176214218140e-01
7.193484157323837280e-02
3.099278360605239868e-02
5.594289302825927734e-02
2.564583159983158112e-02
4.481252282857894897e-02
2.870973572134971619e-02
3.212315961718559265e-02
1.998270675539970398e-02
1.351730804890394211e-02
1.598772965371608734e-02
2.267749980092048645e-02
1.999622769653797150e-02
1.438954751938581467e-02
1.321309711784124374e-02
3.890109807252883911e-02
3.033836372196674347e-02
1.807286404073238373e-02
1.717328280210494995e-02
1.579454354941844940e-02
5.372133105993270874e-02
1.810909248888492584e-02
6.688076257705688477e-02
1.717858575284481049e-02
3.320562466979026794e-02
6.770607829093933105e-02
4.363069683313369751e-02
4.821253567934036255e-02
1.315009593963623047e-02
5.562049336731433868e-03
2.807695046067237854e-02
1.332407891750335693e-01
4.586277529597282410e-03
3.212096169590950012e-02
4.635438323020935059e-02
4.810306243598461151e-03
3.940355032682418823e-03
2.145725488662719727e-02
2.797814644873142242e-02
1.711050234735012054e-02
1.870824955403804779e-02
9.560119360685348511e-02
1.141111645847558975e-02
1.847723871469497681e-02
1.228675898164510727e-02
2.888268418610095978e-02
3.127022413536906242e-03
9.749541059136390686e-03
1.021450385451316833e-01
9.675264358520507812e-03
3.370733931660652161e-02
1.498335134238004684e-02
3.629820421338081360e-02
2.697758376598358154e-03
8.079392835497856140e-03
2.539832517504692078e-02
6.937802582979202271e-02
3.648159280419349670e-02
9.761671535670757294e-03
3.048476204276084900e-02
9.961416944861412048e-03
4.574704915285110474e-02
9.535510092973709106e-03
1.668708585202693939e-02
2.717762067914009094e-02
2.402407862246036530e-02
7.391686551272869110e-03
7.252811919897794724e-03
1.639551110565662384e-02
2.900750003755092621e-02
2.402971684932708740e-02
5.174756515771150589e-03
2.244286611676216125e-02
5.151530262082815170e-03
1.002127397805452347e-02
4.236811399459838867e-02
3.871302679181098938e-02
1.372247748076915741e-02
4.809425771236419678e-02
1.896866247989237309e-03
4.516924265772104263e-03
1.610267534852027893e-02
3.351509198546409607e-02
2.038193494081497192e-02
2.696017175912857056e-02
2.415941469371318817e-02
3.100484237074851990e-02
7.793317548930644989e-03
6.283623166382312775e-03
2.629426121711730957e-02
5.959078669548034668e-03
6.256151944398880005e-03
4.651403054594993591e-03
2.676365152001380920e-02
6.363127380609512329e-02
7.904945872724056244e-03
3.401465341448783875e-02
6.551649421453475952e-02
7.663232833147048950e-02
9.726407937705516815e-03
1.774214021861553192e-02
3.186796233057975769e-02
7.165709510445594788e-03
1.911559514701366425e-02
5.406225845217704773e-02
6.732723675668239594e-03
6.369405891746282578e-03
1.501340698450803757e-02
4.046543687582015991e-02
9.782114066183567047e-03
5.268896371126174927e-02
2.456243336200714111e-02
2.469193935394287109e-02
3.031260520219802856e-02
1.990466564893722534e-02
6.407646089792251587e-02
5.266004055738449097e-02
6.987437605857849121e-02
2.178591676056385040e-02
2.737986296415328979e-02
1.987515948712825775e-02
8.138834498822689056e-03
7.186931371688842773e-02
3.002583049237728119e-03
3.810137882828712463e-02
3.643855825066566467e-02
1.766044087707996368e-02
8.114570751786231995e-03
4.681022837758064270e-02
1.539350301027297974e-02
1.090044677257537842e-01
5.641011521220207214e-03
2.478492073714733124e-02
4.228329285979270935e-02
2.522721327841281891e-02
4.668913409113883972e-02
8.906970918178558350e-02
3.509333729743957520e-02
7.973960041999816895e-02
2.779929526150226593e-02
6.944108754396438599e-02
2.842021360993385315e-02
2.429231069982051849e-02
5.267132073640823364e-02
2.504009380936622620e-02
2.099459432065486908e-02
8.504074811935424805e-02
9.496448561549186707e-03
9.085440635681152344e-02
5.309000983834266663e-02
5.800367519259452820e-02
7.677374780178070068e-02
3.400986269116401672e-02
7.633512839674949646e-03
3.163652122020721436e-02
4.516170918941497803e-02
8.819896727800369263e-03
2.973574958741664886e-02
1.041368022561073303e-02
6.271433085203170776e-02
7.100354880094528198e-03
4.897215589880943298e-02
7.637270539999008179e-02
3.410339727997779846e-02
5.032761394977569580e-02
6.904977560043334961e-02
1.209609303623437881e-02
2.224259078502655029e-02
7.096349447965621948e-02
4.260315001010894775e-02
1.693674549460411072e-02
6.136620789766311646e-02
2.525473199784755707e-02
3.520392253994941711e-02
9.441974759101867676e-02
2.240472100675106049e-02
1.541072875261306763e-01
6.915027648210525513e-02
4.216075688600540161e-02
6.198950111865997314e-03
1.843528449535369873e-02
1.211925782263278961e-02
2.613204158842563629e-02
4.164787754416465759e-02
2.256390266120433807e-02
2.434210628271102905e-01
1.872803717851638794e-01
6.295427680015563965e-02
4.482245072722434998e-02
6.447005271911621094e-02
1.512734591960906982e-01
4.118204861879348755e-02
1.786983385682106018e-02
2.388825081288814545e-02
9.353311359882354736e-02
4.478220641613006592e-02
6.660262495279312134e-02
4.688531905412673950e-02
9.814004600048065186e-02
3.272230923175811768e-02
6.393093615770339966e-02
4.046964272856712341e-02
6.939861178398132324e-02
6.620437651872634888e-02
8.398623019456863403e-02
3.189461678266525269e-02
4.007399827241897583e-02
2.945440821349620819e-02
3.759859874844551086e-02
4.776101186871528625e-02
7.431197911500930786e-02
3.665596246719360352e-02
3.405831381678581238e-02
9.941477328538894653e-02
6.591425091028213501e-02
4.255655780434608459e-02
1.008086428046226501e-01
1.145544648170471191e-02
9.975866228342056274e-02
5.584943294525146484e-02
3.437005355954170227e-02
1.343790441751480103e-01
1.222677007317543030e-01
1.661737821996212006e-02
2.882313914597034454e-02
2.519626729190349579e-02
2.367665059864521027e-02
1.011375784873962402e-01
9.537383168935775757e-02
7.443784922361373901e-02
5.461494624614715576e-02
5.015262216329574585e-02
8.799763768911361694e-02
9.887658804655075073e-02
5.080452933907508850e-02
8.094051852822303772e-03
2.258948236703872681e-02
5.672839656472206116e-02
4.027673229575157166e-02
2.396186999976634979e-02
3.383358940482139587e-02
5.268610641360282898e-02
1.518110278993844986e-02
2.345416694879531860e-02
2.331117726862430573e-02
1.125789955258369446e-01
4.457802325487136841e-02
3.893938288092613220e-02
8.645152300596237183e-02
1.900747977197170258e-02
2.498599141836166382e-02
1.053390651941299438e-02
1.171066425740718842e-02
1.847862824797630310e-02
5.536506418138742447e-03
6.717970222234725952e-02
1.531204488128423691e-02
1.750036329030990601e-02
5.062077939510345459e-02
7.702019065618515015e-03
1.786758378148078918e-02
3.442472591996192932e-02
5.702184885740280151e-02
3.858011588454246521e-02
3.331605345010757446e-02
1.552196219563484192e-02
3.524346277117729187e-02
1.226523704826831818e-02
2.958610840141773224e-02
4.615235701203346252e-02
7.683277875185012817e-02
9.782006964087486267e-03
1.967909745872020721e-02
2.844527736306190491e-02
5.766225513070821762e-03
1.573469256982207298e-03
1.235423889011144638e-02
6.606682203710079193e-03
6.402330473065376282e-03
7.378030102699995041e-03
8.404862135648727417e-03
2.148930169641971588e-02
1.619957387447357178e-02
7.084511686116456985e-03
3.659328445792198181e-03
3.791616763919591904e-03
2.559879422187805176e-02
3.074910026043653488e-03
1.674630329944193363e-03
4.197620600461959839e-02
5.402597133070230484e-03
5.165994167327880859e-03
1.413557212799787521e-02
4.418446496129035950e-02
2.524498477578163147e-02
1.541113853454589844e-02
7.328778505325317383e-03
2.477154694497585297e-02
7.973343133926391602e-03
3.025668673217296600e-03
6.605562753975391388e-03
9.923206642270088196e-03
6.952270865440368652e-03
1.623987406492233276e-02
3.311225771903991699e-02
3.051402047276496887e-03
2.449402399361133575e-02
3.685739636421203613e-02
2.067244611680507660e-02
1.053498126566410065e-03
3.802163293585181236e-03
1.624178490601480007e-03
7.337315008044242859e-03
2.278363704681396484e-02
4.012588039040565491e-02
1.300021260976791382e-02
2.322257496416568756e-03
9.463785216212272644e-03
4.101430065929889679e-03
4.331763368099927902e-03
6.597944535315036774e-03
1.070668734610080719e-02
9.423081763088703156e-03
8.150731213390827179e-03
7.648649066686630249e-02
2.226366661489009857e-03
1.360056572593748569e-03
9.449840523302555084e-03
2.710046479478478432e-03
6.031468510627746582e-04
2.041827188804745674e-03
7.391803897917270660e-03
1.794453710317611694e-02
3.031761571764945984e-02
1.150672882795333862e-02
2.113615861162543297e-03
1.636858913116157055e-03
3.243672661483287811e-03
1.731193042360246181e-03
3.499060124158859253e-02
1.138821989297866821e-02
4.268961772322654724e-02
1.142732053995132446e-02
7.432286161929368973e-03
3.322390466928482056e-02
1.105252304114401340e-03
7.709228666499257088e-04
3.948168829083442688e-02
3.294913470745086670e-02
5.971360020339488983e-03
1.174701377749443054e-02
4.342117346823215485e-03
1.392456144094467163e-02
8.171666413545608521e-03
5.263966973870992661e-03
5.980002880096435547e-02
8.809812366962432861e-03
1.314064022153615952e-03
1.585562527179718018e-02
3.912888001650571823e-03
5.392954126000404358e-02
2.009988063946366310e-03
2.535312203690409660e-03
3.819728735834360123e-03
4.104139748960733414e-03
1.128678023815155029e-01
3.950619697570800781e-02
6.398288905620574951e-02
4.598215222358703613e-03
7.156404666602611542e-03
5.030200118198990822e-04
1.763451029546558857e-03
3.939067013561725616e-03
2.678717486560344696e-02
7.284276653081178665e-04
2.233636565506458282e-02
1.174264936707913876e-03
1.191174611449241638e-03
1.281223073601722717e-02
3.778581321239471436e-02
3.162692068144679070e-03
2.454902743920683861e-03
1.436002273112535477e-02
5.842263344675302505e-03
1.779127120971679688e-02
1.817332208156585693e-02
1.106200832873582840e-02
6.805431563407182693e-03
6.606860086321830750e-03
3.778673335909843445e-02
2.742265537381172180e-02
7.094697654247283936e-02
2.108852379024028778e-03
1.310050720348954201e-03
6.496446207165718079e-03
3.078607469797134399e-02
2.284105634316802025e-03
1.868279417976737022e-03
7.219332735985517502e-03
6.171588227152824402e-02
5.639440380036830902e-03
3.242217702791094780e-03
2.500400133430957794e-02
2.176284790039062500e-02
3.509411821141839027e-03
6.674300879240036011e-02
5.017004907131195068e-03
2.036271383985877037e-03
3.545927628874778748e-02
3.110016463324427605e-03
2.372905425727367401e-02
4.275089129805564880e-02
8.454056456685066223e-03
2.036463003605604172e-03
3.519117832183837891e-02
1.252547744661569595e-02
2.288445457816123962e-02
1.055980660021305084e-02
1.302005141042172909e-03
2.004257589578628540e-02
8.857207372784614563e-03
6.435318849980831146e-03
3.256924450397491455e-02
5.757546983659267426e-03
1.857294328510761261e-02
1.487037865445017815e-03
3.363455086946487427e-02
1.261711772531270981e-02
3.613117709755897522e-02
1.905498094856739044e-02
6.300849840044975281e-03
1.643864251673221588e-02
5.197486840188503265e-03
7.245042175054550171e-02
5.621259566396474838e-03
1.105629839003086090e-02
1.835183799266815186e-02
1.539969630539417267e-02
4.925164580345153809e-02
9.624656289815902710e-03
1.267740735784173012e-03
1.680840179324150085e-02
3.940198197960853577e-02
1.708945143036544323e-03
2.692317776381969452e-02
2.565596252679824829e-03
7.380202878266572952e-03
1.823031110689043999e-03
6.375278811901807785e-03
5.466821044683456421e-02
8.447540923953056335e-03
3.046449273824691772e-03
1.400818675756454468e-02
3.688111528754234314e-02
2.205130271613597870e-02
1.446073502302169800e-02
4.118102788925170898e-02
7.323335856199264526e-03
1.832583546638488770e-02
1.549122855067253113e-02
9.427054785192012787e-03
4.114587325602769852e-03
5.187430232763290405e-02
7.404518313705921173e-03
3.530703857541084290e-02
1.456149504519999027e-03
3.785838373005390167e-03
6.330764386802911758e-03
5.432146042585372925e-02
3.142298385500907898e-02
3.677916014567017555e-03
6.283516436815261841e-02
9.147188067436218262e-02
7.440305501222610474e-02
9.492655284702777863e-03
3.360128775238990784e-02
2.758783288300037384e-02
2.463458664715290070e-02
6.310024857521057129e-02
5.070534534752368927e-03
3.475463017821311951e-02
1.774066314101219177e-02
9.307224303483963013e-03
1.056445855647325516e-02
2.993286587297916412e-03
9.608993306756019592e-03
6.304492056369781494e-02
1.628855802118778229e-02
2.084386534988880157e-02
4.146989434957504272e-03
2.669110521674156189e-02
6.123044993728399277e-03
1.087071187794208527e-02
6.069190800189971924e-03
4.089556168764829636e-03
6.257800851017236710e-03
2.323325350880622864e-02
7.809113711118698120e-03
2.355871256440877914e-03
5.560284107923507690e-02
7.809002883732318878e-03
1.338918786495923996e-02
9.396433830261230469e-03
4.546874389052391052e-02
1.322472747415304184e-02
7.725621573626995087e-03
2.784886397421360016e-02
1.008344255387783051e-02
1.011373847723007202e-02
5.341614130884408951e-03
4.654112737625837326e-03
4.634921438992023468e-03
2.631592797115445137e-03
7.141445297747850418e-03
1.621555653400719166e-03
1.802401617169380188e-02
1.261331047862768173e-02
2.477733790874481201e-02
7.087978720664978027e-02
2.993159368634223938e-02
1.338374218903481960e-03
4.299723729491233826e-02
1.340495515614748001e-02
9.715331718325614929e-03
3.221646184101700783e-03
3.448676317930221558e-02
4.185124114155769348e-02
1.946596801280975342e-02
6.413128972053527832e-02
1.728095300495624542e-02
1.391704380512237549e-02
4.137416835874319077e-03
5.211462453007698059e-02
1.331310439854860306e-02
5.412586033344268799e-03
3.640603739768266678e-03
1.144218072295188904e-02
1.288614608347415924e-02
2.281572856009006500e-02
3.571236133575439453e-02
6.088219583034515381e-03
6.191398948431015015e-02
3.415637183934450150e-03
2.937614358961582184e-02
1.658037491142749786e-02
3.201692551374435425e-02
2.230609767138957977e-02
7.247036788612604141e-03
7.716676220297813416e-03
1.757802069187164307e-02
3.054629778489470482e-03
9.152943268418312073e-03
2.354067517444491386e-03
2.566535957157611847e-03
2.808731747791171074e-03
7.938366383314132690e-03
2.255051769316196442e-02
2.483722055330872536e-03
5.054662376642227173e-02
1.508670486509799957e-02
8.727189851924777031e-04
3.206694731488823891e-03
4.322395659983158112e-03
1.521870959550142288e-02
7.987009733915328979e-02
1.415518485009670258e-02
1.454691961407661438e-02
1.277499273419380188e-02
3.531827591359615326e-03
4.145678505301475525e-02
9.504717774689197540e-03
7.158798631280660629e-03
4.249379970133304596e-03
7.770866621285676956e-03
4.307965748012065887e-03
3.852198133245110512e-03
1.441759523004293442e-02
1.354679744690656662e-02
4.970684647560119629e-02
4.289926495403051376e-03
5.415252875536680222e-03
3.674071049317717552e-03
8.196733891963958740e-02
2.345660701394081116e-03
3.347864374518394470e-02
5.463989078998565674e-02
4.081977903842926025e-02
1.241397410631179810e-01
1.027375808916985989e-03
4.705934599041938782e-02
2.492993138730525970e-03
1.882602646946907043e-02
9.140681475400924683e-03
2.769278921186923981e-02
2.894403226673603058e-02
1.710480824112892151e-02
6.513483822345733643e-02
6.390338391065597534e-02
4.791026562452316284e-02
5.245614796876907349e-02
2.137471921741962433e-02
3.869084268808364868e-02
9.781586937606334686e-03
4.062366858124732971e-02
3.130465000867843628e-02
4.180900007486343384e-02
1.211945991963148117e-02
8.045396208763122559e-02
2.072602324187755585e-02
4.085168242454528809e-03
3.095509298145771027e-02
1.696615479886531830e-02
6.682439893484115601e-02
6.492125242948532104e-02
3.130357712507247925e-02
9.118761867284774780e-02
4.230102151632308960e-02
6.051633134484291077e-02
3.230454167351126671e-03
2.544525079429149628e-02
1.951239258050918579e-02
2.226684801280498505e-02
4.324283078312873840e-02
1.661930605769157410e-02
7.976560294628143311e-02
3.408853337168693542e-02
2.460122667253017426e-02
3.477792814373970032e-02
1.957599259912967682e-02
1.776078641414642334e-01
1.953012309968471527e-02
2.776295877993106842e-02
8.750603534281253815e-03
3.962952643632888794e-03
1.559626124799251556e-02
2.914449200034141541e-02
7.118751760572195053e-03
5.869935732334852219e-03
3.594770282506942749e-02
3.288462758064270020e-03
3.642432764172554016e-02
3.562715649604797363e-02
5.654415860772132874e-02
3.795009572058916092e-03
1.254591159522533417e-02
1.930892653763294220e-02
1.237031444907188416e-02
6.440677493810653687e-02
4.834760446101427078e-03
7.486041635274887085e-02
3.513607755303382874e-02
2.583082579076290131e-02
2.528326772153377533e-02
7.907515391707420349e-03
9.115312248468399048e-03
1.025035046041011810e-02
3.998993430286645889e-03
1.588580943644046783e-02
5.487494170665740967e-03
2.263345988467335701e-03
1.057568751275539398e-02
1.722254976630210876e-02
9.570587426424026489e-02
3.256086260080337524e-02
3.065055236220359802e-02
2.568372990936040878e-03
2.312597073614597321e-02
1.611214131116867065e-02
3.080060007050633430e-03
6.276671588420867920e-02
5.440118256956338882e-03
2.245607227087020874e-02
5.762577988207340240e-03
5.861590802669525146e-02
9.515284560620784760e-03
4.325374588370323181e-02
3.805669769644737244e-02
3.203743603080511093e-03
1.534151006489992142e-02
1.072701532393693924e-03
4.468960687518119812e-02
6.557865999639034271e-03
2.530519850552082062e-03
1.900635287165641785e-02
1.331641525030136108e-02
9.242560714483261108e-03
7.323855906724929810e-02
6.814133841544389725e-03
2.779632573947310448e-03
4.731440916657447815e-02
2.169802412390708923e-02
3.495844313874840736e-03
1.787906698882579803e-02
1.855702139437198639e-02
2.173944190144538879e-02
2.372313523665070534e-03
8.356427401304244995e-02
5.555896088480949402e-02
2.854623831808567047e-02
1.825742051005363464e-02
3.477273508906364441e-02
7.535909116268157959e-02
2.707102894783020020e-02
4.816466011106967926e-03
1.244981680065393448e-02
9.247109293937683105e-03
5.118049215525388718e-03
5.780400335788726807e-02
2.510086260735988617e-02
1.559059508144855499e-02
4.055049642920494080e-02
1.224071532487869263e-02
1.432920806109905243e-02
1.091843005269765854e-02
2.823352115228772163e-03
4.076814278960227966e-02
1.058237999677658081e-02
8.065224625170230865e-03
1.783024333417415619e-02
3.285079449415206909e-02
1.543260086327791214e-02
6.621472537517547607e-02
2.879075333476066589e-02
4.105909261852502823e-03
1.519190985709428787e-02
2.006571739912033081e-02
4.009135998785495758e-03
2.431948296725749969e-02
1.786426827311515808e-02
3.689367696642875671e-02
1.994609832763671875e-03
2.844094298779964447e-03
1.221191957592964172e-01
3.170215059071779251e-03
1.879655010998249054e-02
2.146310172975063324e-02
8.242680691182613373e-03
4.581869114190340042e-03
6.247874721884727478e-02
2.519130473956465721e-03
3.168811276555061340e-02
1.985563337802886963e-02
2.917096251621842384e-03
2.936581522226333618e-02
3.775337710976600647e-02
4.838426411151885986e-02
3.144721686840057373e-02
1.571494154632091522e-03
5.235929973423480988e-03
4.028365015983581543e-03
3.432274237275123596e-02
3.617577627301216125e-02
8.939970284700393677e-04
8.288133889436721802e-03
7.961408048868179321e-02
1.013723835349082947e-01
9.886149317026138306e-03
1.801247522234916687e-02
1.398613397032022476e-02
7.505698595196008682e-03
4.136050492525100708e-02
1.478143781423568726e-01
1.079238578677177429e-01
1.033371835947036743e-01
5.429081618785858154e-03
5.628938227891921997e-02
9.242165088653564453e-02
2.160434052348136902e-02
1.650064587593078613e-01
1.673740334808826447e-02
3.294347971677780151e-02
9.608197212219238281e-02
5.246306583285331726e-02
4.290802404284477234e-02
1.545001268386840820e-01
7.573270052671432495e-02
4.480211064219474792e-03
1.705930382013320923e-02
1.947302520275115967e-01
1.067575998604297638e-02
1.455204337835311890e-01
5.289194732904434204e-02
3.248793259263038635e-02
7.808552682399749756e-02
1.133468896150588989e-01
8.535324037075042725e-02
4.090162739157676697e-02
3.380559757351875305e-02
5.166527256369590759e-02
1.300076991319656372e-01
6.321934610605239868e-02
1.427714340388774872e-02
8.147389441728591919e-02
6.028331816196441650e-02
6.235352531075477600e-02
2.755698934197425842e-02
9.687253832817077637e-02
1.802106201648712158e-01
4.897068813443183899e-02
1.343713253736495972e-01
6.118856370449066162e-02
1.968539878726005554e-02
2.727009169757366180e-02
6.442266702651977539e-02
1.935763843357563019e-02
2.208894304931163788e-02
2.168815024197101593e-02
3.034423105418682098e-02
5.728397145867347717e-02
5.236634984612464905e-02
2.112370915710926056e-02
1.481235958635807037e-02
2.497037500143051147e-02
3.432545438408851624e-02
7.142083346843719482e-02
2.171586267650127411e-02
2.028530091047286987e-02
4.249037057161331177e-02
2.391818724572658539e-02
3.135088458657264709e-02
1.989340409636497498e-02
7.425484806299209595e-02
6.191651336848735809e-03
2.947763726115226746e-02
4.693855345249176025e-02
2.750391326844692230e-02
1.927013043314218521e-03
7.502038497477769852e-03
1.939843967556953430e-02
1.324271131306886673e-02
4.477293416857719421e-02
1.171104330569505692e-02
1.536576915532350540e-02
4.232933744788169861e-03
3.943183459341526031e-03
1.005651056766510010e-02
3.878014907240867615e-02
1.104280445724725723e-02
2.940637618303298950e-02
9.634073823690414429e-03
6.437254138290882111e-03
2.788686426356434822e-03
1.051207166165113449e-02
1.159382052719593048e-02
5.779082886874675751e-03
3.370494395494461060e-02
3.355401335284113884e-03
2.225354127585887909e-02
5.710221827030181885e-02
7.600273471325635910e-03
2.876101247966289520e-02
4.416394513100385666e-03
2.204685937613248825e-03
3.406095085665583611e-03
4.282912705093622208e-03
5.252342205494642258e-03
4.184434656053781509e-03
9.868943132460117340e-03
2.013664320111274719e-02
6.410241592675447464e-03
2.908449433743953705e-02
1.366981770843267441e-02
1.602183282375335693e-02
5.752435419708490372e-03
9.876725263893604279e-03
5.883672274649143219e-03
1.711471006274223328e-02
1.167480554431676865e-02
7.692552171647548676e-03
3.325931960716843605e-03
4.165239259600639343e-02
1.255146577022969723e-03
8.373866439796984196e-04
1.626640674658119678e-03
1.493462594226002693e-03
8.084317669272422791e-04
1.989288628101348877e-02
5.631983280181884766e-03
1.069454755634069443e-02
5.593780428171157837e-03
1.416616421192884445e-02
1.489463355392217636e-02
7.634505629539489746e-03
1.870897598564624786e-02
5.504755768924951553e-03
5.399719253182411194e-02
1.944341463968157768e-03
4.739497089758515358e-04
4.875112790614366531e-03
6.427944172173738480e-04
5.396802909672260284e-03
1.682646572589874268e-03
4.680740088224411011e-02
1.311656902544200420e-03
4.585152957588434219e-03
2.764090429991483688e-03
5.575644597411155701e-02
8.374233730137348175e-04
4.108686931431293488e-03
1.032209396362304688e-01
6.399114150553941727e-03
7.745746523141860962e-03
6.533146370202302933e-04
7.953395834192633629e-04
1.063127722591161728e-02
1.402844209223985672e-02
2.692551910877227783e-02
9.986916556954383850e-03
8.233929052948951721e-03
5.134125053882598877e-02
3.335467725992202759e-02
8.363196253776550293e-02
3.187813982367515564e-02
3.863872960209846497e-02
1.102958922274410725e-03
2.625444717705249786e-02
8.877572254277765751e-04
1.227581221610307693e-02
2.215678431093692780e-02
8.479927666485309601e-03
7.839339226484298706e-02
4.700411576777696609e-03
5.976036936044692993e-02
8.519264869391918182e-03
9.430905804038047791e-03
1.204239437356591225e-03
7.580535486340522766e-03
1.268698927015066147e-02
2.862035995349287987e-03
1.678760722279548645e-02
9.762842208147048950e-03
1.499692909419536591e-02
1.159669924527406693e-02
6.243873387575149536e-03
2.090481482446193695e-02
1.251897122710943222e-02
1.082664914429187775e-02
3.593658655881881714e-02
7.175710517913103104e-03
2.038380596786737442e-03
8.157369447872042656e-04
2.570072654634714127e-03
7.699698675423860550e-03
2.174906199797987938e-03
9.894608519971370697e-03
7.761450484395027161e-03
5.361790303140878677e-03
4.308409988880157471e-03
9.985196404159069061e-03
4.152441397309303284e-02
2.209995873272418976e-03
9.095445275306701660e-03
1.398328342474997044e-03
6.136089563369750977e-03
1.931223087012767792e-02
2.734069945290684700e-03
1.569873094558715820e-02
9.425876662135124207e-03
1.295050978660583496e-02
1.654397882521152496e-02
2.072989940643310547e-03
1.369631150737404823e-03
1.411553937941789627e-02
2.567717107012867928e-03
6.120132282376289368e-03
6.158485542982816696e-03
1.820136420428752899e-02
1.248607784509658813e-02
3.141234815120697021e-02
3.067901358008384705e-02
2.280946820974349976e-03
6.349559407681226730e-04
2.360976533964276314e-03
3.862676210701465607e-03
1.066496828570961952e-03
1.187522895634174347e-03
4.630550683941692114e-04
1.574324816465377808e-02
1.354055362753570080e-03
2.764131315052509308e-02
5.137707106769084930e-03
4.153280053287744522e-03
3.989157732576131821e-03
7.627913146279752254e-04
3.484263084828853607e-03
4.207183420658111572e-02
7.334779202938079834e-02
4.301466047763824463e-03
4.396159574389457703e-02
1.884111762046813965e-02
1.801798469386994839e-03
1.410159654915332794e-02
2.965706773102283478e-02
1.725362613797187805e-03
1.032058964483439922e-03
1.818952616304159164e-03
1.169830653816461563e-02
5.561267491430044174e-03
3.645010292530059814e-02
6.582385394722223282e-03
7.105635479092597961e-03
2.141335234045982361e-02
6.786516308784484863e-02
6.085765780881047249e-04
2.832346223294734955e-02
5.555486422963440418e-04
2.194969682022929192e-03
2.601070329546928406e-03
8.575577521696686745e-04
2.641830826178193092e-03
1.902701519429683685e-02
2.369098551571369171e-02
6.398096680641174316e-02
1.346613746136426926e-02
3.184923669323325157e-03
8.198846131563186646e-03
6.077836826443672180e-02
3.817734122276306152e-02
2.588591724634170532e-02
2.503914944827556610e-02
2.666804566979408264e-02
1.893743686378002167e-02
1.720645092427730560e-02
6.228565238416194916e-03
8.095245808362960815e-03
4.419662058353424072e-03
3.936773538589477539e-02
2.723604068160057068e-02
1.187111660838127136e-01
3.085475973784923553e-02
5.278702452778816223e-02
1.341382041573524475e-03
4.030751530081033707e-03
2.935213036835193634e-02
2.101083286106586456e-02
4.246602952480316162e-02
1.322407461702823639e-02
3.897914290428161621e-02
1.844026031903922558e-03
1.101076230406761169e-02
1.333158463239669800e-01
5.559440236538648605e-03
8.310290984809398651e-03
9.909267537295818329e-03
1.521188020706176758e-01
1.251949463039636612e-02
5.274593457579612732e-02
1.843088679015636444e-02
4.075074568390846252e-02
9.123039431869983673e-03
8.660487830638885498e-02
6.189384311437606812e-02
2.229309827089309692e-02
9.133668616414070129e-03
1.125378068536520004e-02
5.759304016828536987e-02
4.786612465977668762e-02
5.538287758827209473e-02
1.968192867934703827e-02
1.188472881913185120e-01
1.154822856187820435e-02
3.543463349342346191e-02
5.467737838625907898e-02
4.265054315328598022e-02
8.885815739631652832e-02
8.521918952465057373e-02
2.152190543711185455e-02
4.686872661113739014e-02
6.337006390094757080e-02
3.838217258453369141e-02
3.607533127069473267e-02
1.254109144210815430e-01
4.484617710113525391e-02
6.547739356756210327e-02
4.474489018321037292e-02
7.209262996912002563e-02
1.297404244542121887e-02
5.754164606332778931e-02
3.347398340702056885e-02
6.631789356470108032e-02
7.291131466627120972e-02
2.520426176488399506e-02
2.175192162394523621e-02
4.102224484086036682e-02
5.623264983296394348e-02
7.480431348085403442e-02
1.967719942331314087e-02
1.189233586192131042e-01
1.595580019056797028e-02
4.437929764389991760e-02
1.017243042588233948e-02
3.541615232825279236e-02
1.572461985051631927e-02
2.070459723472595215e-02
2.705423161387443542e-02
1.434253994375467300e-02
1.860277540981769562e-02
1.338659785687923431e-02
3.215828211978077888e-03
3.179760649800300598e-02
3.535585245117545128e-03
1.955477334558963776e-02
4.448366537690162659e-02
1.694479025900363922e-02
7.574083749204874039e-03
2.936148457229137421e-02
1.046176701784133911e-01
1.042039878666400909e-02
2.884454093873500824e-02
2.548958547413349152e-02
9.900386445224285126e-03
1.323134824633598328e-02
5.774026364088058472e-02
5.847097374498844147e-03
1.195032498799264431e-03
1.136671658605337143e-02
2.940121479332447052e-02
5.580876953899860382e-03
3.108547441661357880e-02
5.375800281763076782e-02
2.508372813463211060e-02
6.570541113615036011e-02
2.757291309535503387e-03
7.062914315611124039e-03
3.218166995793581009e-03
1.504345424473285675e-02
3.682187944650650024e-02
6.065499503165483475e-03
1.717247627675533295e-02
2.801426872611045837e-02
3.226191503927111626e-03
3.093594452366232872e-03
6.711106002330780029e-02
1.013673190027475357e-02
4.095820337533950806e-02
3.739869594573974609e-02
3.431464312598109245e-03
6.177172064781188965e-03
6.923520937561988831e-03
2.608742564916610718e-03
5.606376007199287415e-02
1.316757686436176300e-02
5.479108658619225025e-04
3.977321088314056396e-03
2.583190612494945526e-02
3.170911967754364014e-02
2.570999553427100182e-03
4.018505569547414780e-03
3.079007845371961594e-03
2.658261684700846672e-03
2.182386070489883423e-02
8.167910389602184296e-03
1.284658326767385006e-03
1.276602270081639290e-03
2.335618482902646065e-03
1.711346022784709930e-02
1.276489533483982086e-02
1.422940567135810852e-02
2.088660001754760742e-02
7.992474362254142761e-03
1.556075178086757660e-03
6.294950842857360840e-03
1.265032589435577393e-02
4.091246053576469421e-03
1.406356459483504295e-03
4.068494588136672974e-02
4.652293864637613297e-03
1.437276368960738182e-03
1.937930472195148468e-02
1.501893857493996620e-03
3.468482987955212593e-03
5.052820313721895218e-03
5.347752012312412262e-03
5.139770358800888062e-02
3.432995406910777092e-03
3.704524412751197815e-02
4.224718362092971802e-02
7.465896196663379669e-03
5.968650802969932556e-03
7.181449327617883682e-04
1.936797401867806911e-03
4.780999571084976196e-02
1.904086093418300152e-03
1.116212084889411926e-02
3.359303623437881470e-02
2.121553756296634674e-03
2.111622132360935211e-03
7.610462489537894726e-04
2.672451362013816833e-02
1.011219108477234840e-03
8.351979777216911316e-03
2.110362052917480469e-03
9.295573085546493530e-02
4.644798580557107925e-03
4.321582615375518799e-02
6.004335591569542885e-04
1.820028573274612427e-02
5.761096719652414322e-03
5.918256938457489014e-02
1.275669131428003311e-02
5.828169640153646469e-03
2.039330312982201576e-03
1.265251636505126953e-02
2.681254874914884567e-03
1.945412158966064453e-02
1.752995071001350880e-03
7.644284982234239578e-03
2.688311412930488586e-02
3.618989139795303345e-02
6.522865500301122665e-03
9.308135486207902431e-04
2.012837305665016174e-02
1.705976086668670177e-03
1.447942340746521950e-03
1.000021700747311115e-03
1.343818148598074913e-03
1.276228204369544983e-02
4.970457870513200760e-03
6.857409141957759857e-03
4.625414032489061356e-03
4.665862943511456251e-04
6.801107898354530334e-03
8.414821350015699863e-04
1.327018532902002335e-02
6.925336550921201706e-03
1.462063868530094624e-03
4.174891114234924316e-02
4.077521711587905884e-02
2.353635430335998535e-02
1.309716235846281052e-02
1.605594716966152191e-02
2.105508465319871902e-03
1.476652105338871479e-03
4.249174613505601883e-03
4.738911520689725876e-03
3.816705197095870972e-03
1.509107276797294617e-02
1.250905334018170834e-03
1.286486349999904633e-02
7.128120400011539459e-03
1.438264548778533936e-02
4.020411986857652664e-03
6.476412061601877213e-03
3.845039522275328636e-03
2.709591528400778770e-03
5.802030791528522968e-04
1.248002145439386368e-02
2.078022621572017670e-02
2.789369085803627968e-03
4.755434021353721619e-02
1.377185713499784470e-02
3.082071430981159210e-03
2.433424815535545349e-03
2.797468623612076044e-04
1.876879832707345486e-03
1.728348201140761375e-03
1.979075605049729347e-03
5.325474776327610016e-04
3.688423894345760345e-03
8.620832813903689384e-04
1.661725342273712158e-02
3.572761639952659607e-02
4.434439167380332947e-02
1.171864918433129787e-03
5.368527490645647049e-04
2.930235059466212988e-04
1.682982780039310455e-03
4.352855961769819260e-03
1.021233014762401581e-02
2.147026127204298973e-03
5.565958563238382339e-03
4.740952514111995697e-03
2.350583858788013458e-02
6.175696034915745258e-04
4.605728667229413986e-03
1.582364924252033234e-02
4.476478789001703262e-03
2.147131832316517830e-03
1.424228772521018982e-02
4.302500747144222260e-04
4.054061719216406345e-04
1.297023729421198368e-03
4.219852387905120850e-03
3.314130299258977175e-04
1.397181069478392601e-03
5.266843829303979874e-03
1.900041825138032436e-03
2.394854091107845306e-03
5.628461367450654507e-04
1.011016499251127243e-02
3.447756171226501465e-04
8.273429237306118011e-03
2.981883881147950888e-04
1.882731216028332710e-03
5.440983222797513008e-04
2.827783755492419004e-04
4.495324683375656605e-04
2.524613402783870697e-03
5.323305958881974220e-04
4.599912208504974842e-04
2.361562073929235339e-04
1.564800739288330078e-03
3.103628696408122778e-04
1.208004774525761604e-03
7.321398588828742504e-04
5.377064226195216179e-04
5.092006758786737919e-04
3.708482719957828522e-03
1.851181150414049625e-04
6.004829774610698223e-04
7.960335351526737213e-04
1.250606146641075611e-04
9.056521230377256870e-04
5.914010689593851566e-04
3.962285351008176804e-03
2.103451406583189964e-04
3.014144895132631063e-04
3.219915088266134262e-04
2.464374119881540537e-04
2.664499043021351099e-04
2.821474627126008272e-04
5.684507777914404869e-04
1.342404633760452271e-03
3.939138550776988268e-04
3.753768396563827991e-04
4.445733502507209778e-04
3.960765025112777948e-04
2.229865174740552902e-03
7.849565590731799603e-04
1.087321725208312273e-04
1.490832655690610409e-04
4.937549820169806480e-04
2.760244242381304502e-04
1.299382187426090240e-03
3.752328047994524240e-04
1.023736622300930321e-04
4.318137944210320711e-04
1.457722537452355027e-04
1.424737420165911317e-04
4.385139618534594774e-04
3.213238960597664118e-04
1.490326685598120093e-04
1.200438127852976322e-03
3.072843246627599001e-04
5.718009197153151035e-04
1.202390994876623154e-04
2.237903972854837775e-04
5.179026047699153423e-04
2.293961879331618547e-04
2.742006035987287760e-04
1.444816880393773317e-04
1.510681031504645944e-04
2.481814008206129074e-04
9.920323645928874612e-05
2.216322172898799181e-04
1.845070364652201533e-04
1.208727117045782506e-04
1.459678314859047532e-04
9.130804392043501139e-05
1.045951721607707441e-04
1.454325538361445069e-04
6.768572347937151790e-05
2.104684244841337204e-04
1.112662284867838025e-04
1.668342156335711479e-04
4.377529548946768045e-04
1.440092019038274884e-04
1.468875270802527666e-04
1.169923270936124027e-04
3.150328993797302246e-04
2.605471527203917503e-04
1.857023598859086633e-04
1.677759282756596804e-04
1.607490703463554382e-04
1.279755524592474103e-04
2.478451351635158062e-04
4.370067268610000610e-03
1.766349014360457659e-04
9.139819303527474403e-05
9.396750101586803794e-05
1.156356665887869895e-04
6.851526268292218447e-05
1.932557352120056748e-04
3.033720422536134720e-04
1.050658465828746557e-04
1.124133050325326622e-04
1.464163506170734763e-04
1.510248839622363448e-04
4.391644615679979324e-04
2.085387677652761340e-04
5.362478550523519516e-04
1.270292850676923990e-04
1.008663384709507227e-04
4.895044912700541317e-05
7.084946264512836933e-05
7.925563841126859188e-04
1.135106314904987812e-03
8.237289875978603959e-05
1.005249141599051654e-04
6.413250230252742767e-05
1.240917627001181245e-04
9.827286703512072563e-05
7.685631135245785117e-05
1.249118067789822817e-04
5.728306859964504838e-05
1.747496571624651551e-04
7.532171730417758226e-05
6.632420263485983014e-05
5.038883318775333464e-05
1.030132698360830545e-04
1.119202206609770656e-04
3.527169174049049616e-04
2.184059703722596169e-04
1.432684948667883873e-04
5.882514960831031203e-05
8.634002733742818236e-05
3.728470765054225922e-04
1.179146347567439079e-04
2.782283627311699092e-05
8.944052970036864281e-04
8.550123311579227448e-05
1.512681192252784967e-04
3.740933316294103861e-04
3.548339882399886847e-04
5.123781375004909933e-05
6.715834024362266064e-04
1.053570376825518906e-04
5.302513091010041535e-05
1.876861351775005460e-04
6.219397619133815169e-05
1.123782130889594555e-04
9.845703607425093651e-05
6.882579327793791890e-05
1.072906379704363644e-04
1.788359368219971657e-04
4.651633571484126151e-05
4.234781663399189711e-04
9.123355266638100147e-05
5.696728476323187351e-05
3.191880387021228671e-05
2.865468559321016073e-04
1.726190967019647360e-04
4.970760710421018302e-05
1.965279952855780721e-04
2.466682053636759520e-04
1.517602358944714069e-04
7.099084905348718166e-05
7.291577639989554882e-05
6.960246537346392870e-05
1.516183692729100585e-04
4.490411083679646254e-05
4.601643013302236795e-05
4.761570744449272752e-05
1.443458895664662123e-04
1.249225751962512732e-04
2.794202555378433317e-05
6.296288338489830494e-04
1.348800287814810872e-04
1.118600775953382254e-04
7.430685218423604965e-05
3.754874705919064581e-05
1.516865595476701856e-04
8.432345930486917496e-05
7.613618799950927496e-05
1.530226873001083732e-04
1.112911631935276091e-04
4.406895823194645345e-05
1.100841473089531064e-04
1.084721880033612251e-04
1.835822477005422115e-04
5.794155003968626261e-05
7.398451998597010970e-05
4.175552021479234099e-05
7.495009776903316379e-05
8.943698048824444413e-05
6.840454443590715528e-05
1.215595475514419377e-04
1.350606180494651198e-04
1.091116428142413497e-04
5.767074253526516259e-05
1.223595172632485628e-04
3.436427505221217871e-05
2.754222950898110867e-04
6.394451338564977050e-05
5.037992377765476704e-05
1.135230850195512176e-04
3.015408292412757874e-04
2.684453793335705996e-04
7.673761865589767694e-05
7.712157821515575051e-05
6.441073492169380188e-05
1.318059366894885898e-04
3.471648960839956999e-04
5.383038660511374474e-05
2.104564191540703177e-04
6.471730739576742053e-05
3.142678542644716799e-05
9.858574485406279564e-04
2.201199240516871214e-04
5.556407995754852891e-05
9.730868623591959476e-05
3.629625134635716677e-04
4.607753726304508746e-05
6.356827361742034554e-05
4.498589987633749843e-05
3.577963798306882381e-05
4.142766192671842873e-05
5.983189839753322303e-05
8.808830898487940431e-05
4.615953366737812757e-05
4.547029675450176001e-05
2.819214132614433765e-04
1.462087093386799097e-04
1.112272002501413226e-04
8.702331251697614789e-05
2.917420715675689280e-05
5.379888534662313759e-05
8.855218766257166862e-05
3.469514922471717000e-05
1.509362627984955907e-04
6.441245932364836335e-05
3.333165659569203854e-05
4.350282688392326236e-05
3.291331086074933410e-05
1.378727029077708721e-04
3.945816206396557391e-05
6.680011574644595385e-05
6.028393399901688099e-04
4.515312684816308320e-05
1.061037182807922363e-04
7.403468043776229024e-05
4.340467785368673503e-05
3.862735684379003942e-05
3.426292823860421777e-05
6.699960795231163502e-05
4.754116889671422541e-05
1.682662696111947298e-04
3.967192969867028296e-05
6.534140993608161807e-05
1.156472499133087695e-04
3.712325269589200616e-05
8.662002801429480314e-05
4.245333548169583082e-05
5.403864270192570984e-05
6.187841063365340233e-05
5.546890315599739552e-05
2.639815647853538394e-05
6.898413994349539280e-05
3.771624687942676246e-05
4.894317680737003684e-05
3.410691570024937391e-04
3.831257345154881477e-05
6.371504423441365361e-05
7.972374442033469677e-05
5.013751433580182493e-05
1.320030132774263620e-04
3.223014573450200260e-05
5.181493543204851449e-05
7.268202170962467790e-05
8.133234950946643949e-05
1.080298170563764870e-04
4.332395110395736992e-05
4.089568392373621464e-05
2.525332456571049988e-05
5.956893073744140565e-05
2.518236578907817602e-05
1.985913986572995782e-04
4.240375346853397787e-05
7.184862042777240276e-04
4.514406100497581065e-05
2.433661938994191587e-05
6.667811248917132616e-05
7.022885984042659402e-05
3.894686597050167620e-05
4.021129279863089323e-05
1.696846884442493320e-04
4.710114080808125436e-05
5.532167779165320098e-05
5.339352719602175057e-05
4.019159678136929870e-05
4.250450365361757576e-05
1.342143077636137605e-04
1.121581590268760920e-04
1.056638575391843915e-04
6.820194539614021778e-05
3.948493395000696182e-05
4.026218084618449211e-05
5.468069866765290499e-05
2.584268077043816447e-05
7.662715506739914417e-05
3.765748260775581002e-05
5.263853745418600738e-05
9.807853348320350051e-05
5.625255653285421431e-05
3.023610406671650708e-05
3.448063580435700715e-05
3.697023930726572871e-05
5.880301614524796605e-05
3.781859777518548071e-05
6.626344111282378435e-05
4.977425487595610321e-05
3.613558510551229119e-05
4.742119926959276199e-05
8.067132148426026106e-05
2.469513492542319000e-05
3.899152579833753407e-05
9.942626638803631067e-05
4.035689926240593195e-05
3.323725104564800858e-05
6.674868200207129121e-05
4.402458944241516292e-05
3.935944914701394737e-05
4.350862946012057364e-05
3.079740781686268747e-05
4.534915933618322015e-05
2.767184014373924583e-05
4.990203524357639253e-05
3.938609734177589417e-05
4.140954843023791909e-05
5.139014319865964353e-05
4.305988841224461794e-05
1.416470913682132959e-04
3.309054955025203526e-05
3.143939102301374078e-05
3.612452419474720955e-04
2.857012077583931386e-05
4.849297329201363027e-05
2.856502760550938547e-05
5.259960744297131896e-05
4.474439629120752215e-05
9.212071017827838659e-05
7.064500823616981506e-05
1.118216096074320376e-04
8.842202078085392714e-05
3.159634798066690564e-05
6.561040936503559351e-05
2.900406798289623111e-05
5.945593511569313705e-05
1.299790310440585017e-04
3.173259028699249029e-05
1.790014357538893819e-04
