6.933663845062255859e+00
5.988434791564941406e+00
4.774348735809326172e+00
3.819818019866943359e+00
2.835057258605957031e+00
2.247606277465820312e+00
2.119257688522338867e+00
2.057548046112060547e+00
1.928869128227233887e+00
1.999011158943176270e+00
1.984493613243103027e+00
2.169144868850708008e+00
1.994498968124389648e+00
1.933079123497009277e+00
1.855031609535217285e+00
1.934811115264892578e+00
1.945578575134277344e+00
1.873879909515380859e+00
1.899183034896850586e+00
1.856848597526550293e+00
1.857133269309997559e+00
1.758514642715454102e+00
1.958171248435974121e+00
1.649453520774841309e+00
1.597567319869995117e+00
1.732632517814636230e+00
1.793109893798828125e+00
1.780709505081176758e+00
1.755265951156616211e+00
1.698409557342529297e+00
1.668941259384155273e+00
1.685631752014160156e+00
1.624297380447387695e+00
1.669584274291992188e+00
1.813248276710510254e+00
1.724100828170776367e+00
1.685061931610107422e+00
1.822702407836914062e+00
1.471439838409423828e+00
1.751819729804992676e+00
1.490638971328735352e+00
1.595393180847167969e+00
1.599002480506896973e+00
1.510469794273376465e+00
1.597914695739746094e+00
1.520904302597045898e+00
1.550420403480529785e+00
1.580784797668457031e+00
1.675418376922607422e+00
1.851008415222167969e+00
1.501894831657409668e+00
1.558308959007263184e+00
1.654724240303039551e+00
1.429200530052185059e+00
1.578422427177429199e+00
1.583002090454101562e+00
1.495023488998413086e+00
1.511904954910278320e+00
1.590738058090209961e+00
1.532723546028137207e+00
1.614402770996093750e+00
1.511405229568481445e+00
1.512073755264282227e+00
1.543985724449157715e+00
1.606982469558715820e+00
1.619211316108703613e+00
1.580942153930664062e+00
1.444226980209350586e+00
1.400362014770507812e+00
1.483047842979431152e+00
1.525645494461059570e+00
1.480799317359924316e+00
1.608268499374389648e+00
1.465497016906738281e+00
1.323614358901977539e+00
1.403512716293334961e+00
1.411139488220214844e+00
1.456624388694763184e+00
1.373293161392211914e+00
1.359685301780700684e+00
1.371403336524963379e+00
1.480987668037414551e+00
1.311175346374511719e+00
1.410057187080383301e+00
1.428961634635925293e+00
1.401479363441467285e+00
1.349834322929382324e+00
1.332563996315002441e+00
1.406731009483337402e+00
1.478647589683532715e+00
1.435629487037658691e+00
1.513025045394897461e+00
1.378119349479675293e+00
1.403994798660278320e+00
1.331990718841552734e+00
1.641084194183349609e+00
1.304224014282226562e+00
1.436960577964782715e+00
1.330496668815612793e+00
1.728957176208496094e+00
1.333042144775390625e+00
1.338525176048278809e+00
1.268138766288757324e+00
1.301692605018615723e+00
1.545987486839294434e+00
1.261967420578002930e+00
1.368846058845520020e+00
1.284810185432434082e+00
1.267625808715820312e+00
1.247913002967834473e+00
1.466758728027343750e+00
1.245905756950378418e+00
1.404923558235168457e+00
1.335057377815246582e+00
1.453230023384094238e+00
1.261997938156127930e+00
1.263552427291870117e+00
1.254835009574890137e+00
1.286325812339782715e+00
1.518688082695007324e+00
1.424424767494201660e+00
1.284851074218750000e+00
1.234636068344116211e+00
1.448038101196289062e+00
1.656104087829589844e+00
1.301248908042907715e+00
1.174831151962280273e+00
1.135321736335754395e+00
1.299657583236694336e+00
1.256519556045532227e+00
1.255903363227844238e+00
1.216292381286621094e+00
1.156049370765686035e+00
1.217162847518920898e+00
1.264427065849304199e+00
1.153088331222534180e+00
1.231186270713806152e+00
1.054914832115173340e+00
1.283249139785766602e+00
1.214413404464721680e+00
1.085957765579223633e+00
1.332945823669433594e+00
1.157273054122924805e+00
1.397368431091308594e+00
1.257945418357849121e+00
1.171460270881652832e+00
1.250266671180725098e+00
1.353697538375854492e+00
1.180258274078369141e+00
1.177332043647766113e+00
1.102874517440795898e+00
9.516994357109069824e-01
1.088138103485107422e+00
1.093206405639648438e+00
1.164875745773315430e+00
1.109491109848022461e+00
1.038769006729125977e+00
9.282709956169128418e-01
1.085055589675903320e+00
1.145645618438720703e+00
1.090680599212646484e+00
9.533826708793640137e-01
1.203403353691101074e+00
1.135269403457641602e+00
1.171730756759643555e+00
1.083447575569152832e+00
1.073075890541076660e+00
1.056676983833312988e+00
9.900417923927307129e-01
1.192483782768249512e+00
1.135902166366577148e+00
1.101322412490844727e+00
1.072502017021179199e+00
1.079561352729797363e+00
1.065239787101745605e+00
1.137339830398559570e+00
1.057016491889953613e+00
1.078002572059631348e+00
1.120103478431701660e+00
1.068906784057617188e+00
1.102011442184448242e+00
1.101969122886657715e+00
1.094452500343322754e+00
8.380238413810729980e-01
9.092975854873657227e-01
9.598033428192138672e-01
1.025346398353576660e+00
1.085895180702209473e+00
9.587225914001464844e-01
9.731996059417724609e-01
1.094664216041564941e+00
9.869502186775207520e-01
9.804708957672119141e-01
1.130297183990478516e+00
1.168215990066528320e+00
1.176270723342895508e+00
1.077952980995178223e+00
1.169087290763854980e+00
1.101720809936523438e+00
1.750817537307739258e+00
9.120571613311767578e-01
8.694931268692016602e-01
8.389943838119506836e-01
1.070059299468994141e+00
8.783624172210693359e-01
7.522688508033752441e-01
1.088653802871704102e+00
8.033445477485656738e-01
1.086916804313659668e+00
9.240266680717468262e-01
1.077815771102905273e+00
8.710740208625793457e-01
7.829811573028564453e-01
8.331401944160461426e-01
1.110675454139709473e+00
9.000731110572814941e-01
8.066833019256591797e-01
1.018757104873657227e+00
9.906067848205566406e-01
8.403353691101074219e-01
9.790279865264892578e-01
8.553959131240844727e-01
7.471386194229125977e-01
9.611900448799133301e-01
1.376095294952392578e+00
7.623466849327087402e-01
7.085584402084350586e-01
8.457646965980529785e-01
9.197055101394653320e-01
8.427722454071044922e-01
7.799794077873229980e-01
7.482873201370239258e-01
6.935325860977172852e-01
8.526484370231628418e-01
9.887989163398742676e-01
7.830624580383300781e-01
8.021994829177856445e-01
6.486963629722595215e-01
7.574369907379150391e-01
7.051994800567626953e-01
8.830864429473876953e-01
7.510427832603454590e-01
7.860205173492431641e-01
9.446953535079956055e-01
6.822310090065002441e-01
6.673241257667541504e-01
7.830061316490173340e-01
8.916327357292175293e-01
8.039668202400207520e-01
7.144378423690795898e-01
7.220804691314697266e-01
6.501365900039672852e-01
8.055861592292785645e-01
5.347868800163269043e-01
6.998755931854248047e-01
7.382354736328125000e-01
6.695350408554077148e-01
8.661512136459350586e-01
5.749328732490539551e-01
5.441287159919738770e-01
7.604517340660095215e-01
9.509386420249938965e-01
6.799563169479370117e-01
6.143901944160461426e-01
7.792256474494934082e-01
5.697049498558044434e-01
7.899867296218872070e-01
7.648919820785522461e-01
5.915808081626892090e-01
8.644329905509948730e-01
8.050529956817626953e-01
6.934230923652648926e-01
9.107528924942016602e-01
8.347341418266296387e-01
1.005523443222045898e+00
6.094717383384704590e-01
6.423288583755493164e-01
6.660642027854919434e-01
6.160398721694946289e-01
7.652771472930908203e-01
6.579892635345458984e-01
5.919066667556762695e-01
6.579729318618774414e-01
5.682087540626525879e-01
5.567873120307922363e-01
5.860341787338256836e-01
7.582113146781921387e-01
5.275204181671142578e-01
6.036424636840820312e-01
4.792526066303253174e-01
5.527284741401672363e-01
5.239057540893554688e-01
5.027765631675720215e-01
7.178852558135986328e-01
5.707966089248657227e-01
6.174228191375732422e-01
5.134704709053039551e-01
4.647097289562225342e-01
6.163398027420043945e-01
3.642440438270568848e-01
3.939867913722991943e-01
3.683572113513946533e-01
3.584690093994140625e-01
4.233639240264892578e-01
5.410267114639282227e-01
5.632254481315612793e-01
4.682610034942626953e-01
4.123790562152862549e-01
4.155506789684295654e-01
4.736108779907226562e-01
3.610747754573822021e-01
3.089460134506225586e-01
5.363874435424804688e-01
4.219661355018615723e-01
4.892175495624542236e-01
4.970573782920837402e-01
3.319958150386810303e-01
4.343771040439605713e-01
5.223166346549987793e-01
4.180734157562255859e-01
6.436461210250854492e-01
4.842940270900726318e-01
5.119997859001159668e-01
4.689165055751800537e-01
5.863090157508850098e-01
3.029206097126007080e-01
4.142029583454132080e-01
4.880392551422119141e-01
4.704324007034301758e-01
7.011573910713195801e-01
3.555338382720947266e-01
3.957735598087310791e-01
3.662622869014739990e-01
4.445153474807739258e-01
3.551359474658966064e-01
3.807057142257690430e-01
4.274493157863616943e-01
4.137120246887207031e-01
5.010418891906738281e-01
5.368282198905944824e-01
3.007286190986633301e-01
4.853955507278442383e-01
5.076786875724792480e-01
5.338313579559326172e-01
5.325651764869689941e-01
4.030926823616027832e-01
3.551740944385528564e-01
4.859935045242309570e-01
4.085582196712493896e-01
1.049329519271850586e+00
6.504363417625427246e-01
4.708323776721954346e-01
3.817209601402282715e-01
4.730260074138641357e-01
4.811701178550720215e-01
5.635021924972534180e-01
4.279969632625579834e-01
5.391886830329895020e-01
4.347494244575500488e-01
6.706725955009460449e-01
5.301009416580200195e-01
4.787099957466125488e-01
4.435746669769287109e-01
5.764747858047485352e-01
5.827937722206115723e-01
6.385123133659362793e-01
5.394873619079589844e-01
4.037354290485382080e-01
4.559233188629150391e-01
3.883577585220336914e-01
4.326306879520416260e-01
5.660364627838134766e-01
5.086434483528137207e-01
5.113595724105834961e-01
4.672680497169494629e-01
3.212778568267822266e-01
3.563512563705444336e-01
3.945850133895874023e-01
3.589999675750732422e-01
3.818741738796234131e-01
3.412333130836486816e-01
3.215417265892028809e-01
3.105975091457366943e-01
4.658161401748657227e-01
2.664889991283416748e-01
2.782104611396789551e-01
3.204839527606964111e-01
3.008328676223754883e-01
2.964968383312225342e-01
2.521802484989166260e-01
2.042933106422424316e-01
3.714592456817626953e-01
2.827850878238677979e-01
3.086461126804351807e-01
2.184863090515136719e-01
2.226391881704330444e-01
2.328914552927017212e-01
2.913280427455902100e-01
4.039724469184875488e-01
1.903829127550125122e-01
1.235828846693038940e-01
2.431419044733047485e-01
1.686498671770095825e-01
2.293780297040939331e-01
2.339189052581787109e-01
2.571823596954345703e-01
2.225388288497924805e-01
1.492586135864257812e-01
1.409549117088317871e-01
2.952382266521453857e-01
1.822966784238815308e-01
1.811718642711639404e-01
2.772060632705688477e-01
3.708167374134063721e-01
2.772102653980255127e-01
1.392738819122314453e-01
1.725516617298126221e-01
3.230523765087127686e-01
3.290886282920837402e-01
3.008658885955810547e-01
2.545555531978607178e-01
2.248412668704986572e-01
3.118323087692260742e-01
1.917862296104431152e-01
1.836308389902114868e-01
2.107492983341217041e-01
2.446612864732742310e-01
2.023587375879287720e-01
1.880045086145401001e-01
1.723664253950119019e-01
2.086053490638732910e-01
3.117974996566772461e-01
1.593007892370223999e-01
1.937354654073715210e-01
2.797054946422576904e-01
2.200500965118408203e-01
2.140144556760787964e-01
2.359794378280639648e-01
2.695191800594329834e-01
1.894782334566116333e-01
1.856360286474227905e-01
3.070134222507476807e-01
2.552551925182342529e-01
1.426957696676254272e-01
1.584352254867553711e-01
1.384438425302505493e-01
1.567909121513366699e-01
2.364971339702606201e-01
2.179853618144989014e-01
4.806149005889892578e-01
8.261457085609436035e-02
1.838798820972442627e-01
1.220146268606185913e-01
2.170244306325912476e-01
2.703815400600433350e-01
2.146324217319488525e-01
1.781429350376129150e-01
2.899114489555358887e-01
2.594977915287017822e-01
3.110040724277496338e-01
4.428446292877197266e-01
2.287842035293579102e-01
3.446282148361206055e-01
2.745786607265472412e-01
3.320517539978027344e-01
4.240758121013641357e-01
3.554911315441131592e-01
1.855069398880004883e-01
3.023357987403869629e-01
1.830042302608489990e-01
2.012549489736557007e-01
3.662467896938323975e-01
2.670634090900421143e-01
2.220425456762313843e-01
4.877288937568664551e-01
3.055920600891113281e-01
1.165401488542556763e-01
1.718195676803588867e-01
2.889272272586822510e-01
2.457610368728637695e-01
2.652572095394134521e-01
2.779566049575805664e-01
2.878971993923187256e-01
2.853923141956329346e-01
1.962213963270187378e-01
1.973321139812469482e-01
3.890785574913024902e-01
2.738647758960723877e-01
2.728493511676788330e-01
1.971506029367446899e-01
1.977287530899047852e-01
1.574549973011016846e-01
2.442525178194046021e-01
2.565195262432098389e-01
2.151448130607604980e-01
2.216379046440124512e-01
4.061675965785980225e-01
1.676971167325973511e-01
2.046172618865966797e-01
3.462442457675933838e-01
7.672162353992462158e-02
9.807831794023513794e-02
1.203674301505088806e-01
1.809851229190826416e-01
1.882736533880233765e-01
1.740006506443023682e-01
1.403627246618270874e-01
1.417734324932098389e-01
3.353987038135528564e-01
3.158392608165740967e-01
1.164612695574760437e-01
1.373786330223083496e-01
8.633469045162200928e-02
2.158692181110382080e-01
2.530210912227630615e-01
2.184604257345199585e-01
9.456575661897659302e-02
2.539551556110382080e-01
5.166641473770141602e-01
2.683382034301757812e-01
2.005439996719360352e-01
2.472177892923355103e-01
1.247339844703674316e-01
3.132221698760986328e-01
4.285321533679962158e-01
1.061632335186004639e-01
6.851223856210708618e-02
2.040106356143951416e-01
2.422062307596206665e-01
2.797317206859588623e-01
1.265542656183242798e-01
1.283017992973327637e-01
1.337639838457107544e-01
1.634083688259124756e-01
1.940435022115707397e-01
1.105278879404067993e-01
1.660624146461486816e-01
1.155877113342285156e-01
2.543992996215820312e-01
1.335195302963256836e-01
2.376983016729354858e-01
2.607772052288055420e-01
1.453029960393905640e-01
2.077804505825042725e-01
1.269983500242233276e-01
9.860990196466445923e-02
1.939495950937271118e-01
1.193147823214530945e-01
1.369976252317428589e-01
6.084315180778503418e-01
1.208001673221588135e-01
1.077586859464645386e-01
1.653007119894027710e-01
2.236969321966171265e-01
3.067975342273712158e-01
4.039062559604644775e-01
2.723304033279418945e-01
3.308746218681335449e-01
1.166586354374885559e-01
2.865006029605865479e-01
3.277432024478912354e-01
3.537009954452514648e-01
2.532164454460144043e-01
2.893977165222167969e-01
1.992760598659515381e-01
3.331191837787628174e-01
2.418836504220962524e-01
2.823894619941711426e-01
2.011150866746902466e-01
2.220288217067718506e-01
1.678262501955032349e-01
2.674119770526885986e-01
2.229077666997909546e-01
1.853951513767242432e-01
1.737312078475952148e-01
1.640657037496566772e-01
1.972996443510055542e-01
1.572523713111877441e-01
2.350011616945266724e-01
1.990370750427246094e-01
3.804337084293365479e-01
1.167236343026161194e-01
1.770289391279220581e-01
5.654070153832435608e-02
9.959942847490310669e-02
1.922989189624786377e-01
1.071315929293632507e-01
1.444297730922698975e-01
1.334803700447082520e-01
1.045124977827072144e-01
1.920213401317596436e-01
2.007097452878952026e-01
9.175088256597518921e-02
1.598514318466186523e-01
1.245335340499877930e-01
1.108186021447181702e-01
1.111337020993232727e-01
8.379471302032470703e-02
1.254269629716873169e-01
9.526419639587402344e-02
3.050588257610797882e-02
2.245071716606616974e-02
1.473539024591445923e-01
2.931503020226955414e-02
6.243102252483367920e-02
3.765213489532470703e-02
3.582273796200752258e-02
7.889477908611297607e-02
8.002983033657073975e-02
7.727134227752685547e-02
1.344756633043289185e-01
2.261459827423095703e-02
7.128004729747772217e-02
4.278283193707466125e-02
2.434318698942661285e-02
9.736978262662887573e-02
6.215670332312583923e-02
1.746033877134323120e-02
2.924924343824386597e-02
1.018802374601364136e-01
5.002083256840705872e-02
4.273549839854240417e-02
2.431667223572731018e-02
3.595058619976043701e-02
3.938607499003410339e-02
3.580274060368537903e-02
2.511208318173885345e-02
2.836903370916843414e-02
1.279386039823293686e-02
2.432077005505561829e-02
5.514723807573318481e-02
3.335758671164512634e-02
7.827257364988327026e-02
1.957323774695396423e-02
5.661643669009208679e-02
2.408763021230697632e-02
3.654924780130386353e-02
4.839679971337318420e-02
9.108856320381164551e-03
2.243033424019813538e-02
2.979753352701663971e-02
1.673608087003231049e-02
1.121048722416162491e-02
1.987109519541263580e-02
1.534106489270925522e-02
1.785079576075077057e-02
3.970506042242050171e-02
1.687883399426937103e-02
2.256854251027107239e-02
5.325110256671905518e-02
8.297963999211788177e-03
4.170269519090652466e-02
3.434332087635993958e-02
4.182055592536926270e-02
4.919417575001716614e-02
3.343031555414199829e-02
6.217133719474077225e-03
2.276986837387084961e-02
1.207239273935556412e-02
2.756114862859249115e-02
3.071728721261024475e-02
1.497256383299827576e-02
7.089984416961669922e-02
6.882073730230331421e-02
1.084995120763778687e-01
5.842102691531181335e-02
4.771439358592033386e-02
1.779417134821414948e-02
4.435899667441844940e-03
1.307605206966400146e-02
8.716486394405364990e-03
3.516130894422531128e-02
2.018377184867858887e-02
6.804654002189636230e-02
2.314086817204952240e-02
1.206067111343145370e-02
2.781491354107856750e-02
2.650508843362331390e-02
2.882755920290946960e-02
3.582594171166419983e-02
1.134036667644977570e-02
5.604787170886993408e-02
1.265747286379337311e-02
3.317046910524368286e-02
1.005247049033641815e-02
3.063521534204483032e-02
2.169397845864295959e-02
2.462878823280334473e-02
3.030725382268428802e-02
1.762228459119796753e-02
1.248705759644508362e-02
2.398424968123435974e-02
1.208811625838279724e-02
5.707598291337490082e-03
1.017346419394016266e-02
5.124309100210666656e-03
3.845489397644996643e-02
5.402999930083751678e-03
1.910185441374778748e-02
3.313870355486869812e-02
9.851624257862567902e-03
8.135431446135044098e-03
4.189114645123481750e-02
2.982409670948982239e-02
1.722497679293155670e-02
1.738775894045829773e-02
3.024871461093425751e-03
5.782257299870252609e-03
4.629905801266431808e-03
1.587491109967231750e-02
7.759345322847366333e-02
2.876362018287181854e-02
3.454627096652984619e-02
2.113831229507923126e-03
2.932908013463020325e-03
2.035931916907429695e-03
7.288399152457714081e-03
1.000846829265356064e-02
4.589469730854034424e-02
3.317072242498397827e-02
7.553902268409729004e-02
8.387234993278980255e-03
1.549251936376094818e-02
1.056493911892175674e-02
1.037239953875541687e-01
6.654888391494750977e-03
3.436608985066413879e-02
1.670955717563629150e-01
1.792440861463546753e-01
1.870363950729370117e-01
1.035987734794616699e-01
4.442039132118225098e-02
1.311254054307937622e-01
8.891090750694274902e-02
4.614725708961486816e-02
1.629914790391921997e-01
1.064091622829437256e-01
1.367094963788986206e-01
1.603736579418182373e-01
8.426911383867263794e-02
8.216831088066101074e-02
1.731454581022262573e-01
7.621616125106811523e-02
1.860608160495758057e-01
2.447718828916549683e-01
1.401979476213455200e-01
6.850513815879821777e-02
1.010581105947494507e-01
8.875294774770736694e-02
3.046773672103881836e-01
2.260036580264568329e-02
5.499940738081932068e-02
2.278105765581130981e-01
1.222294196486473083e-01
3.365332260727882385e-02
1.337565183639526367e-01
1.707768440246582031e-01
2.039512246847152710e-01
1.387345194816589355e-01
1.436606943607330322e-01
1.943607330322265625e-01
1.518263071775436401e-01
1.217794269323348999e-01
1.261013299226760864e-01
2.239156067371368408e-01
1.347262412309646606e-01
8.564821630716323853e-02
2.014753073453903198e-01
1.156898885965347290e-01
1.210133209824562073e-01
1.440959572792053223e-01
1.008439958095550537e-01
9.916028380393981934e-02
1.006679087877273560e-01
9.158846735954284668e-02
8.959630876779556274e-02
1.132692620158195496e-01
1.150415018200874329e-01
3.128202632069587708e-02
1.256374120712280273e-01
1.558736562728881836e-01
9.870699048042297363e-02
1.381447166204452515e-01
7.715944945812225342e-02
1.124896034598350525e-01
6.101556122303009033e-02
8.714425563812255859e-02
7.314842939376831055e-02
8.845075219869613647e-02
9.409393370151519775e-02
6.849122792482376099e-02
1.153525114059448242e-01
1.315395087003707886e-01
5.024079233407974243e-02
3.123602457344532013e-02
6.011873111128807068e-02
1.102716773748397827e-01
2.053028941154479980e-01
8.084405213594436646e-02
3.176880776882171631e-01
2.062242850661277771e-02
3.274723142385482788e-02
6.896990537643432617e-02
9.038380533456802368e-02
1.049252226948738098e-01
3.697722777724266052e-02
1.344551593065261841e-01
1.810971945524215698e-01
3.369630873203277588e-02
6.170431151986122131e-02
1.093861535191535950e-01
3.846984356641769409e-02
9.601326286792755127e-02
1.157757714390754700e-01
6.494846940040588379e-02
2.755463123321533203e-02
1.544445753097534180e-01
2.258369699120521545e-02
9.416791051626205444e-02
3.499845787882804871e-02
1.352538354694843292e-02
3.571786358952522278e-02
1.545305550098419189e-01
9.250781685113906860e-02
3.619304597377777100e-01
2.582726068794727325e-02
3.581222146749496460e-02
5.858496576547622681e-02
6.450041383504867554e-02
6.857359409332275391e-02
5.892300978302955627e-02
1.287415176630020142e-01
1.089186966419219971e-01
6.405490636825561523e-02
1.166717428714036942e-02
7.113993167877197266e-02
5.815858766436576843e-02
5.693867430090904236e-02
3.139057382941246033e-02
7.657666504383087158e-02
5.008652433753013611e-02
2.010570466518402100e-02
3.851234167814254761e-02
8.095483481884002686e-02
1.059064269065856934e-01
7.387372851371765137e-02
5.110810324549674988e-02
6.647370010614395142e-02
3.270903602242469788e-02
2.681318521499633789e-01
3.659355640411376953e-02
2.257548272609710693e-02
6.296361237764358521e-02
4.742614924907684326e-02
8.720076084136962891e-02
9.378723055124282837e-02
2.950683534145355225e-01
2.254951372742652893e-02
6.456132978200912476e-02
1.304765343666076660e-01
4.980806261301040649e-02
5.796418339014053345e-02
6.102799251675605774e-02
7.535127550363540649e-02
7.541126012802124023e-02
1.125610098242759705e-01
3.365838155150413513e-02
1.132917031645774841e-01
1.596849262714385986e-01
5.004797875881195068e-02
3.226214274764060974e-02
3.686403110623359680e-02
5.760951340198516846e-02
1.625704169273376465e-01
2.908297479152679443e-01
2.255818434059619904e-02
2.454388141632080078e-02
5.956120043992996216e-02
1.224364042282104492e-01
2.412247955799102783e-01
5.691337957978248596e-02
1.057957261800765991e-01
9.970860928297042847e-02
3.198373317718505859e-02
6.934059411287307739e-02
1.070710644125938416e-01
7.789426296949386597e-02
1.238686069846153259e-01
7.886446267366409302e-02
4.914412647485733032e-02
3.464303538203239441e-02
2.042413316667079926e-02
1.544076111167669296e-02
6.429707258939743042e-02
1.150253042578697205e-01
1.184504553675651550e-01
1.614457815885543823e-01
3.261754661798477173e-02
6.770873814821243286e-02
9.554817527532577515e-02
1.092800870537757874e-02
2.728727087378501892e-02
2.375568822026252747e-02
6.106574460864067078e-02
6.395804136991500854e-02
4.821291193366050720e-02
6.209553405642509460e-02
1.030353158712387085e-01
4.995343089103698730e-02
5.996016040444374084e-02
7.028070092201232910e-02
1.272520571947097778e-01
2.324457652866840363e-02
8.003766834735870361e-02
3.875685110688209534e-02
6.915929913520812988e-02
6.564699113368988037e-02
2.059358730912208557e-02
2.782579697668552399e-02
1.257013231515884399e-01
6.304144114255905151e-02
5.984719470143318176e-02
7.294873148202896118e-02
5.838077887892723083e-02
2.811363339424133301e-01
1.129589602351188660e-02
4.487326368689537048e-02
6.949055939912796021e-02
5.479868501424789429e-02
4.277825728058815002e-02
2.379382848739624023e-01
9.979610890150070190e-02
1.361255645751953125e-01
7.553210109472274780e-02
7.121136039495468140e-02
9.556558728218078613e-02
5.343027412891387939e-02
1.117556467652320862e-01
7.999593019485473633e-02
3.703169897198677063e-02
8.410796523094177246e-02
4.693537950515747070e-02
7.688395678997039795e-02
2.983994968235492706e-02
6.021295860409736633e-02
7.499555498361587524e-02
7.141032069921493530e-02
1.367456316947937012e-01
7.028832286596298218e-02
1.743438690900802612e-01
5.822092667222023010e-02
5.301641300320625305e-02
7.523810118436813354e-02
3.820550814270973206e-02
1.085501685738563538e-01
1.413906663656234741e-01
1.134692355990409851e-01
1.129279509186744690e-01
7.220633327960968018e-02
3.496147319674491882e-02
9.034187346696853638e-02
6.902065873146057129e-02
1.203263178467750549e-01
5.878778174519538879e-02
9.772054105997085571e-02
1.621131449937820435e-01
1.005976647138595581e-01
6.253964453935623169e-02
6.849137693643569946e-02
3.686071559786796570e-02
7.576947659254074097e-02
1.311073452234268188e-01
4.179482161998748779e-02
6.533947587013244629e-02
2.968799471855163574e-01
2.983557991683483124e-02
1.458773482590913773e-02
4.279157519340515137e-02
6.679883599281311035e-02
1.959432810544967651e-01
1.345679014921188354e-01
1.390680968761444092e-01
2.014295160770416260e-01
1.792258024215698242e-01
5.026800185441970825e-02
1.262165904045104980e-01
1.291974037885665894e-01
5.697945505380630493e-02
1.622664332389831543e-01
3.934078291058540344e-02
1.344010084867477417e-01
1.127625778317451477e-01
1.614472568035125732e-01
1.046279519796371460e-01
8.143603801727294922e-02
3.025777451694011688e-02
5.084360018372535706e-02
3.447621315717697144e-02
5.674430727958679199e-02
3.711158931255340576e-01
9.675885736942291260e-02
9.297096729278564453e-02
7.147424668073654175e-02
3.486048877239227295e-01
1.284916251897811890e-01
2.795128822326660156e-01
1.300910860300064087e-01
2.302979975938796997e-01
1.989374309778213501e-01
7.404647767543792725e-02
1.817760467529296875e-01
1.686017811298370361e-01
8.286766707897186279e-02
1.645413637161254883e-01
1.594848036766052246e-01
3.992655500769615173e-02
1.290697455406188965e-01
6.537798047065734863e-02
2.224921733140945435e-01
5.216394737362861633e-02
1.258014291524887085e-01
5.855846032500267029e-02
9.776944667100906372e-02
6.697828322649002075e-02
3.561731278896331787e-01
1.434037387371063232e-01
7.688251882791519165e-02
6.189198791980743408e-02
9.969726204872131348e-02
9.815189987421035767e-02
4.920891299843788147e-02
3.582342565059661865e-01
1.151848286390304565e-01
8.062100410461425781e-02
1.596914529800415039e-01
1.409885585308074951e-01
5.944413319230079651e-02
1.305556893348693848e-01
2.271219044923782349e-01
8.303980529308319092e-02
8.561818301677703857e-02
1.256405711174011230e-01
1.085227504372596741e-01
9.349793940782546997e-02
4.424879327416419983e-02
5.717841535806655884e-02
1.693833023309707642e-01
1.271931827068328857e-01
1.104482188820838928e-01
3.076995722949504852e-02
1.693599857389926910e-02
1.553986500948667526e-02
2.962343581020832062e-02
3.796688094735145569e-02
3.737096115946769714e-02
5.202513933181762695e-02
2.283233590424060822e-02
1.408376637846231461e-02
7.613360136747360229e-02
3.919066488742828369e-02
4.819322377443313599e-02
3.608489409089088440e-02
1.752735860645771027e-02
3.110557049512863159e-02
2.198118530213832855e-02
2.130165509879589081e-02
1.966089010238647461e-02
5.302371457219123840e-02
6.508665531873703003e-02
1.006303951144218445e-01
1.694229245185852051e-02
1.469084713608026505e-02
4.762458056211471558e-02
2.819755859673023224e-02
2.308473587036132812e-01
4.716638475656509399e-03
1.967608928680419922e-02
3.659123927354812622e-02
3.741185739636421204e-02
6.900768727064132690e-02
2.717184722423553467e-01
8.138990402221679688e-02
5.182689055800437927e-02
1.238553375005722046e-01
6.789705902338027954e-02
2.001372538506984711e-02
5.084297060966491699e-02
3.644578531384468079e-02
9.434834122657775879e-02
5.505190417170524597e-02
6.946790218353271484e-02
6.029111146926879883e-02
3.476259112358093262e-02
4.887299239635467529e-02
6.866248697042465210e-02
5.155514180660247803e-02
6.197512894868850708e-02
4.505705088376998901e-02
1.637544110417366028e-02
1.131618861109018326e-02
2.203434146940708160e-02
2.322599105536937714e-02
2.860735356807708740e-02
3.783326223492622375e-02
1.304958667606115341e-02
3.631779924035072327e-02
1.250700801610946655e-01
7.867943495512008667e-02
7.097776979207992554e-02
7.435953710228204727e-03
3.003914467990398407e-02
2.123108133673667908e-02
1.278472971171140671e-02
1.238629221916198730e-02
1.441519521176815033e-02
1.811668835580348969e-02
4.391610249876976013e-02
3.981452062726020813e-02
2.224257774651050568e-02
3.074768558144569397e-02
1.008024252951145172e-02
5.938723310828208923e-02
9.652338922023773193e-03
3.352422267198562622e-02
7.726959884166717529e-02
1.505774911493062973e-02
6.587782409042119980e-03
3.025162732228636742e-03
4.574596416205167770e-03
7.193620316684246063e-03
2.678629569709300995e-02
8.301070891320705414e-03
4.088110476732254028e-02
4.659529775381088257e-03
4.953030496835708618e-02
9.916856884956359863e-03
2.187029831111431122e-02
3.019620478153228760e-02
3.204432129859924316e-02
1.953168213367462158e-02
1.136817969381809235e-02
1.335785631090402603e-02
7.896828465163707733e-03
5.818443838506937027e-03
1.497655082494020462e-02
6.791229825466871262e-03
5.047061666846275330e-02
9.517911821603775024e-02
2.157533913850784302e-02
1.365891247987747192e-01
4.098066594451665878e-03
1.468832697719335556e-02
2.677058242261409760e-02
2.666745521128177643e-02
4.566083662211894989e-03
2.577340230345726013e-02
5.182769149541854858e-03
3.712226822972297668e-02
7.801746483892202377e-03
1.538626756519079208e-02
8.388939313590526581e-03
2.262721583247184753e-02
6.102303974330425262e-03
2.639186382293701172e-02
5.538995563983917236e-02
5.898730829358100891e-03
3.111871331930160522e-02
2.300145477056503296e-02
8.741962164640426636e-02
4.549687355756759644e-02
3.080573305487632751e-02
1.797832921147346497e-02
7.552564889192581177e-02
1.641620509326457977e-02
1.219992525875568390e-02
4.024509340524673462e-03
8.612210862338542938e-03
9.117861278355121613e-03
1.634686626493930817e-02
1.816515810787677765e-02
8.220417425036430359e-03
3.045703982934355736e-03
1.608489267528057098e-02
4.322149325162172318e-03
1.000860333442687988e-02
1.681733131408691406e-02
1.005237549543380737e-02
1.592102460563182831e-02
7.438078988343477249e-03
1.833976432681083679e-02
4.414210561662912369e-03
3.418925451114773750e-03
5.108320154249668121e-03
2.388253249228000641e-02
2.403227845206856728e-03
1.946703530848026276e-03
8.353135548532009125e-03
1.242337864823639393e-03
6.778157316148281097e-03
8.261339366436004639e-02
3.913091961294412613e-03
1.545003615319728851e-03
3.003238327801227570e-02
2.204085327684879303e-02
2.104935422539710999e-02
3.727493435144424438e-02
4.033507313579320908e-03
3.751168772578239441e-02
2.077610790729522705e-02
5.972395092248916626e-02
6.253447383642196655e-02
1.058162096887826920e-02
8.310870826244354248e-02
1.563528552651405334e-02
2.178274467587471008e-02
4.506605677306652069e-03
1.064519211649894714e-02
3.540528938174247742e-02
7.756591774523258209e-03
1.600781641900539398e-02
9.565959870815277100e-02
8.005432784557342529e-03
4.862663522362709045e-02
4.843966290354728699e-02
4.535226523876190186e-02
5.895386263728141785e-02
1.857678219676017761e-02
2.882380504161119461e-03
6.570269912481307983e-02
2.093994989991188049e-02
3.985240682959556580e-02
1.041060239076614380e-01
4.736682772636413574e-02
3.240724653005599976e-02
4.458269104361534119e-02
3.304381296038627625e-02
6.208613887429237366e-02
2.038196846842765808e-02
9.357444941997528076e-03
6.109991297125816345e-02
1.094075199216604233e-02
7.329742610454559326e-02
3.474571183323860168e-02
2.386866696178913116e-02
2.607099339365959167e-02
9.811069071292877197e-02
3.791987523436546326e-02
9.262610971927642822e-02
6.062980741262435913e-02
1.795641034841537476e-01
6.095409858971834183e-03
7.591315545141696930e-03
9.343937039375305176e-03
5.346216633915901184e-02
3.395327925682067871e-01
2.055516839027404785e-01
8.267511427402496338e-02
1.615293920040130615e-01
4.870129749178886414e-02
6.314388662576675415e-02
5.909635499119758606e-02
3.604660183191299438e-02
6.895927339792251587e-02
5.687972158193588257e-02
1.712210476398468018e-01
5.025956779718399048e-02
9.162551164627075195e-02
9.313843399286270142e-02
5.450150743126869202e-02
2.331932932138442993e-01
7.092540711164474487e-02
2.876427210867404938e-02
5.952389910817146301e-02
3.245917335152626038e-02
1.864471435546875000e-01
5.041385442018508911e-02
5.886778980493545532e-02
4.341921955347061157e-02
2.918906323611736298e-02
3.376447781920433044e-02
5.046756938099861145e-02
1.661260128021240234e-01
1.067248731851577759e-01
1.204302161931991577e-01
1.348216235637664795e-01
9.863181412220001221e-02
1.309518814086914062e-01
3.481691330671310425e-02
4.220250621438026428e-02
1.541409492492675781e-01
4.759378358721733093e-02
5.977032333612442017e-02
3.662326559424400330e-02
4.297501221299171448e-02
8.804339170455932617e-02
3.222737461328506470e-02
1.249897480010986328e-01
8.232927322387695312e-02
1.187026426196098328e-01
1.274873968213796616e-02
3.931900858879089355e-02
2.207221277058124542e-02
1.802054792642593384e-02
4.124763235449790955e-02
6.848912686109542847e-02
1.320519298315048218e-02
6.000922620296478271e-02
4.892453551292419434e-02
1.753782294690608978e-02
1.027725730091333389e-02
3.334956988692283630e-02
1.478363852947950363e-02
5.186796188354492188e-02
6.490261107683181763e-02
1.014594808220863342e-01
6.416757125407457352e-03
2.999630384147167206e-02
8.713483810424804688e-03
4.055203497409820557e-02
4.906639829277992249e-02
4.099982976913452148e-02
2.040986157953739166e-02
1.574137248098850250e-02
1.407349016517400742e-02
2.992284484207630157e-02
5.255519878119230270e-03
2.407658472657203674e-02
2.204097434878349304e-02
2.158215641975402832e-02
4.352905601263046265e-02
5.571681540459394455e-03
3.890511812642216682e-03
1.812528260052204132e-02
5.171302706003189087e-03
2.466764301061630249e-02
4.054784774780273438e-03
5.185817554593086243e-02
4.988203290849924088e-03
6.080775987356901169e-03
1.031069923192262650e-02
2.176315523684024811e-02
2.412492223083972931e-02
2.078908495604991913e-02
1.680082455277442932e-02
9.020760655403137207e-03
2.761236950755119324e-02
2.129285968840122223e-02
7.283093780279159546e-02
1.506725884974002838e-02
2.992412075400352478e-03
2.534016594290733337e-02
2.993198111653327942e-03
1.999533735215663910e-02
4.953528288751840591e-03
1.594158587977290154e-03
9.732255712151527405e-03
4.462548065930604935e-03
4.603756126016378403e-03
8.978217840194702148e-03
9.769780188798904419e-02
2.899948507547378540e-02
4.953196272253990173e-03
1.029643416404724121e-02
5.026741884648799896e-03
1.564214820973575115e-03
1.017607748508453369e-02
7.698300294578075409e-03
2.143238671123981476e-02
1.709489268250763416e-03
1.048106513917446136e-02
4.429450724273920059e-03
8.553301915526390076e-03
9.224851382896304131e-04
8.280595764517784119e-03
3.204924985766410828e-03
8.996568620204925537e-03
3.626238089054822922e-03
4.979796241968870163e-03
2.360086655244231224e-03
1.943902578204870224e-03
5.385669879615306854e-03
3.185838228091597557e-03
1.946407835930585861e-03
1.505265594460070133e-03
1.873649773187935352e-03
2.439023926854133606e-03
1.999196130782365799e-03
9.423159062862396240e-03
2.003009431064128876e-03
2.829951001331210136e-03
2.665681298822164536e-03
1.056225155480206013e-03
4.175873938947916031e-03
2.030957490205764771e-02
7.770118536427617073e-04
1.045681303367018700e-03
1.978424144908785820e-03
5.395075771957635880e-03
1.509197289124131203e-03
6.846858654171228409e-03
9.084881283342838287e-03
6.816005334258079529e-04
1.426873728632926941e-03
1.139187836088240147e-03
2.360843354836106300e-03
1.043239375576376915e-03
2.444199286401271820e-03
1.513937488198280334e-03
8.945874869823455811e-03
1.877028145827353001e-03
3.733751364052295685e-03
3.285132581368088722e-03
2.004746580496430397e-03
4.149026935920119286e-04
1.478957827202975750e-03
2.914948621764779091e-03
1.806687447242438793e-03
1.176112098619341850e-03
1.618864480406045914e-03
2.276011509820818901e-03
2.273467602208256721e-03
1.363700954243540764e-03
5.457192892208695412e-04
4.953962052240967751e-04
9.303740807808935642e-04
8.286319207400083542e-04
1.228656852617859840e-03
7.269127527251839638e-04
6.073801196180284023e-04
4.870824050158262253e-04
9.306732565164566040e-03
1.260478282347321510e-03
9.604762890376150608e-04
1.569566782563924789e-03
1.263468759134411812e-03
6.160407210700213909e-04
1.182681880891323090e-03
3.405852767173200846e-04
9.579205652698874474e-04
4.375278367660939693e-04
7.449411787092685699e-04
8.940572733990848064e-04
6.253819447010755539e-04
3.030949737876653671e-04
2.194005297496914864e-03
6.991779082454741001e-04
4.841882036998867989e-04
3.666262491606175900e-04
5.202420288696885109e-04
4.198230803012847900e-03
6.888456991873681545e-04
2.981884754262864590e-04
7.123849936760962009e-04
3.009068022947758436e-04
6.997183081693947315e-04
4.324330075178295374e-04
1.627816469408571720e-03
3.178738697897642851e-04
3.928707155864685774e-04
3.957556909881532192e-04
1.604361343197524548e-03
3.878887509927153587e-04
8.868296281434595585e-04
5.524355219677090645e-04
4.511703737080097198e-04
6.772442138753831387e-04
9.228981798514723778e-04
2.783532836474478245e-04
1.115872291848063469e-03
1.109456410631537437e-03
4.395156865939497948e-04
2.768653212115168571e-04
2.373086026636883616e-04
3.964739444199949503e-04
1.002765446901321411e-01
3.810386115219444036e-04
4.777520953211933374e-04
4.669785499572753906e-02
9.794879704713821411e-03
3.887546248733997345e-03
6.392532587051391602e-02
1.084642708301544189e-01
5.688931420445442200e-02
5.174456164240837097e-03
1.532174088060855865e-02
2.154426416382193565e-03
1.545750629156827927e-02
1.304382979869842529e-01
4.258392378687858582e-02
1.110863778740167618e-02
1.659140922129154205e-02
5.794480443000793457e-02
6.362564861774444580e-02
2.910593152046203613e-02
5.726389586925506592e-03
3.109456412494182587e-02
7.618527859449386597e-02
2.475094050168991089e-02
8.390642702579498291e-03
2.558655291795730591e-02
1.011393964290618896e-02
2.257606014609336853e-03
4.839668050408363342e-03
2.914069592952728271e-02
2.889130450785160065e-02
5.952768027782440186e-03
3.618557006120681763e-02
2.840518578886985779e-02
6.758525967597961426e-03
4.414130374789237976e-02
7.028535008430480957e-02
1.336588710546493530e-02
4.495894908905029297e-02
9.390685707330703735e-03
1.031086817383766174e-01
1.865885406732559204e-02
3.276246041059494019e-02
1.778197591193020344e-03
2.109513431787490845e-02
2.853553742170333862e-02
3.059771843254566193e-02
7.928007841110229492e-02
1.223440095782279968e-01
1.749876886606216431e-02
2.538802623748779297e-01
8.552140742540359497e-02
6.775326561182737350e-03
3.010636940598487854e-02
1.021722480654716492e-01
1.522141844034194946e-01
9.217602759599685669e-02
6.879229098558425903e-02
9.739007800817489624e-02
1.934531927108764648e-01
3.967630118131637573e-02
5.939659848809242249e-02
9.347683191299438477e-02
8.663597702980041504e-02
6.794600188732147217e-02
8.295127004384994507e-02
2.758993022143840790e-02
7.159140706062316895e-02
8.047812432050704956e-02
1.293514221906661987e-01
6.467989087104797363e-02
1.847327202558517456e-01
3.736689314246177673e-02
4.720009863376617432e-02
1.105774641036987305e-01
2.362070381641387939e-01
1.973475515842437744e-02
6.666388362646102905e-02
1.459772735834121704e-01
8.113548159599304199e-02
1.503439154475927353e-02
1.041847765445709229e-01
7.881002128124237061e-02
4.070441797375679016e-02
1.632484048604965210e-01
9.581175446510314941e-02
6.849057227373123169e-02
9.560324996709823608e-02
8.950113505125045776e-02
3.705955296754837036e-02
1.120027825236320496e-01
1.039901971817016602e-01
1.160224527120590210e-01
6.006073579192161560e-02
9.752507507801055908e-02
1.028371453285217285e-01
3.810606524348258972e-02
1.189646217972040176e-02
3.485733270645141602e-02
9.297209233045578003e-02
2.137700170278549194e-01
5.422106757760047913e-02
7.687172386795282364e-03
2.984448075294494629e-01
7.176458835601806641e-02
1.092595607042312622e-01
1.242886856198310852e-01
1.093292832374572754e-01
1.735128164291381836e-01
1.468328237533569336e-01
1.377789676189422607e-01
9.197997301816940308e-02
8.273313194513320923e-02
4.665623605251312256e-02
5.494246631860733032e-02
1.620885729789733887e-01
8.489294350147247314e-02
9.189216047525405884e-02
4.651145264506340027e-02
1.192705333232879639e-01
3.406204283237457275e-02
3.402740508317947388e-02
6.985559314489364624e-02
4.901963844895362854e-02
6.074509024620056152e-02
6.814584136009216309e-02
5.327721685171127319e-02
6.784849613904953003e-02
7.138470560312271118e-02
5.567433685064315796e-02
5.597534775733947754e-02
1.229941323399543762e-01
3.537699207663536072e-02
3.421581909060478210e-02
2.366854250431060791e-02
6.904935091733932495e-02
3.045119717717170715e-02
1.557996030896902084e-02
3.595582023262977600e-02
3.430383652448654175e-02
3.564280271530151367e-02
3.782695904374122620e-02
1.065993383526802063e-01
1.685805246233940125e-02
1.163538545370101929e-02
5.816248711198568344e-03
2.180824056267738342e-02
6.306609511375427246e-02
2.876555733382701874e-02
2.212307788431644440e-02
1.009349804371595383e-02
3.008048050105571747e-02
5.486373323947191238e-03
6.152701098471879959e-03
3.369649127125740051e-02
1.520934794098138809e-02
7.505134679377079010e-03
1.063881069421768188e-02
3.316042944788932800e-02
5.106844007968902588e-02
1.334439124912023544e-02
1.874121371656656265e-03
1.525282114744186401e-02
1.417365856468677521e-02
5.391919519752264023e-03
2.025396563112735748e-02
1.060722768306732178e-02
7.660241331905126572e-03
1.454480364918708801e-02
1.061436720192432404e-02
3.359470050781965256e-03
6.631369236856698990e-03
5.704812239855527878e-03
8.274201303720474243e-03
5.854491144418716431e-03
1.812520902603864670e-03
3.440717980265617371e-02
5.031096283346414566e-03
5.660370457917451859e-03
5.674653220921754837e-03
1.446324633434414864e-03
2.739724237471818924e-03
1.678295549936592579e-03
5.424824194051325321e-04
1.095974445343017578e-02
2.145614242181181908e-03
1.763537991791963577e-03
2.221780130639672279e-03
8.816745248623192310e-04
1.134445890784263611e-02
1.269334694370627403e-03
8.737822645343840122e-04
6.301795132458209991e-03
3.114242339506745338e-03
1.147227711044251919e-03
2.152215922251343727e-03
1.622609212063252926e-03
2.121933037415146828e-03
2.461776370182633400e-03
5.379355861805379391e-04
2.810213565826416016e-01
4.769905935972929001e-03
1.657891669310629368e-03
9.678746573626995087e-03
1.407570391893386841e-02
2.976979874074459076e-02
9.714214131236076355e-03
6.958900392055511475e-02
7.548765838146209717e-02
7.311423867940902710e-02
5.831677000969648361e-03
2.965622395277023315e-02
1.514755841344594955e-02
1.133449934422969818e-02
2.168930135667324066e-02
3.547465428709983826e-02
8.899399079382419586e-03
7.573521137237548828e-02
3.455215319991111755e-02
9.245616197586059570e-02
1.528941188007593155e-02
1.811981759965419769e-02
1.111608184874057770e-02
8.317735046148300171e-02
1.353773754090070724e-02
3.174824118614196777e-01
1.077726390212774277e-02
2.039328915998339653e-03
6.696705520153045654e-02
8.577281981706619263e-02
2.048195004463195801e-01
1.839756220579147339e-01
9.978475421667098999e-02
1.436287462711334229e-01
9.743466228246688843e-02
1.076988428831100464e-01
5.000417679548263550e-02
9.078947454690933228e-02
1.003710925579071045e-01
1.806042194366455078e-01
2.925456687808036804e-02
1.023211553692817688e-01
7.097601890563964844e-02
7.177767157554626465e-02
4.302512109279632568e-02
1.744270026683807373e-01
8.534595370292663574e-02
7.479824870824813843e-02
1.718116104602813721e-01
4.066006094217300415e-02
5.048394948244094849e-02
2.751329354941844940e-02
1.723130792379379272e-02
3.393325209617614746e-02
3.686637803912162781e-02
9.636051952838897705e-02
1.876961626112461090e-02
6.605773419141769409e-02
6.934047490358352661e-02
3.039740212261676788e-02
1.628519743680953979e-01
2.988202497363090515e-02
5.512493476271629333e-02
5.034516751766204834e-02
5.136685818433761597e-02
9.693582542240619659e-03
2.516924776136875153e-02
4.678693786263465881e-02
1.864853315055370331e-02
1.583055593073368073e-02
1.232910975813865662e-01
3.201888874173164368e-02
2.656702697277069092e-02
6.506486982107162476e-02
3.349866718053817749e-02
1.088195145130157471e-01
4.587272647768259048e-03
2.918430417776107788e-02
2.824881486594676971e-02
2.777973189949989319e-02
7.092285901308059692e-03
5.219271406531333923e-02
7.666037883609533310e-03
8.452126756310462952e-03
5.575567111372947693e-02
2.683295682072639465e-02
5.456953123211860657e-02
7.417220622301101685e-02
1.415078341960906982e-02
3.491414338350296021e-02
8.041994273662567139e-02
5.060953274369239807e-02
5.759290419518947601e-03
1.236245315521955490e-02
5.872295424342155457e-02
2.465864084661006927e-02
4.447560012340545654e-02
2.094288542866706848e-02
2.854794822633266449e-02
1.075354404747486115e-02
1.915457099676132202e-01
2.202897891402244568e-02
4.970189183950424194e-03
1.599607244133949280e-02
8.327366411685943604e-02
1.130041778087615967e-01
9.265932440757751465e-02
1.046360880136489868e-01
4.414977505803108215e-02
3.169013932347297668e-02
8.016753196716308594e-02
1.873185485601425171e-02
1.240803599357604980e-01
1.836228221654891968e-01
3.923562914133071899e-02
8.700060844421386719e-02
3.266740962862968445e-02
5.940842255949974060e-02
6.324330717325210571e-02
3.560825716704130173e-03
7.017529755830764771e-02
4.759926348924636841e-02
1.191000714898109436e-01
2.801917120814323425e-02
1.364820599555969238e-01
2.126744091510772705e-01
5.452221259474754333e-02
1.161949988454580307e-02
1.847656071186065674e-02
2.938611991703510284e-02
7.377441227436065674e-02
1.741640828549861908e-02
1.240124776959419250e-01
7.480753213167190552e-02
5.949734523892402649e-02
4.496887326240539551e-02
4.392865300178527832e-02
6.315332651138305664e-02
1.838531047105789185e-01
3.779913857579231262e-02
4.775499552488327026e-02
2.072359807789325714e-02
1.611845381557941437e-02
3.159557655453681946e-02
7.720573991537094116e-02
7.968239486217498779e-02
2.040185034275054932e-01
6.505329161882400513e-02
1.136690378189086914e-02
4.147736728191375732e-02
3.142207162454724312e-03
4.000976681709289551e-02
1.175080239772796631e-02
2.042643725872039795e-02
2.151338383555412292e-02
6.383717060089111328e-02
1.619438081979751587e-02
3.315424174070358276e-02
3.679610416293144226e-02
5.821469053626060486e-02
9.274977259337902069e-03
2.286811918020248413e-02
8.926577866077423096e-03
5.342924222350120544e-02
2.750117145478725433e-02
1.637567579746246338e-02
3.486366569995880127e-02
1.845157332718372345e-02
1.133175566792488098e-02
4.691680427640676498e-03
9.138456545770168304e-03
1.403401722200214863e-03
4.790243692696094513e-03
1.985446549952030182e-02
3.738898038864135742e-02
1.114003062248229980e-01
6.578281521797180176e-03
3.374845162034034729e-02
8.899915032088756561e-03
3.455174854025244713e-03
6.539245694875717163e-02
1.377598494291305542e-01
3.771677240729331970e-02
9.940308332443237305e-02
2.498157881200313568e-02
1.089355424046516418e-01
1.321478839963674545e-02
4.723047837615013123e-02
5.849097669124603271e-02
4.849047213792800903e-02
3.272942826151847839e-02
2.410823851823806763e-02
5.566772818565368652e-02
1.463101152330636978e-02
1.266089677810668945e-01
1.051584035158157349e-01
5.136788263916969299e-02
6.339337676763534546e-02
3.380051627755165100e-02
9.097085334360599518e-03
7.809675484895706177e-02
5.261147394776344299e-02
3.176933154463768005e-02
6.638530641794204712e-02
4.470874741673469543e-02
1.216098759323358536e-02
5.805839225649833679e-02
1.294563896954059601e-02
4.849321395158767700e-02
5.867290496826171875e-02
1.866076514124870300e-02
6.690764427185058594e-02
3.691575676202774048e-02
1.600576750934123993e-02
1.726443320512771606e-02
3.151655942201614380e-02
3.700297325849533081e-02
7.217274606227874756e-02
4.561873152852058411e-02
2.657257206737995148e-02
8.464143425226211548e-02
4.874518513679504395e-02
4.935024306178092957e-02
6.677690893411636353e-03
8.599998429417610168e-03
7.196892052888870239e-02
1.402908563613891602e-02
2.231283113360404968e-02
1.302528101950883865e-02
1.431231480091810226e-02
3.522836044430732727e-02
2.574816718697547913e-02
1.105889007449150085e-01
3.396188095211982727e-02
1.037555932998657227e-01
1.697681099176406860e-02
2.054803818464279175e-01
2.531207911670207977e-02
1.384197641164064407e-02
5.824939347803592682e-03
9.913093410432338715e-03
4.282423481345176697e-02
2.307108417153358459e-02
4.990584403276443481e-02
1.109548565000295639e-02
5.261669307947158813e-02
9.708339348435401917e-03
1.094129905104637146e-01
1.531113311648368835e-02
1.156167313456535339e-02
2.728107618167996407e-03
2.085732296109199524e-02
1.113155297935009003e-02
7.601777557283639908e-03
6.003180053085088730e-03
9.627929888665676117e-03
6.971564143896102905e-02
2.442907355725765228e-02
1.248758006840944290e-02
6.292188074439764023e-03
1.350368708372116089e-01
3.490383177995681763e-02
3.323369845747947693e-02
4.013396054506301880e-02
1.209542807191610336e-02
1.190150156617164612e-02
3.273982554674148560e-03
1.660308800637722015e-03
1.489907503128051758e-02
3.290594788268208504e-03
4.451948031783103943e-02
7.415978703647851944e-03
2.233811281621456146e-02
6.163086742162704468e-03
4.142567049711942673e-03
2.551346123218536377e-01
1.505367108620703220e-03
4.598374478518962860e-03
2.220501191914081573e-02
6.700700521469116211e-02
5.604000389575958252e-02
9.179365634918212891e-02
1.951295137405395508e-02
1.222126334905624390e-01
1.517309248447418213e-01
3.596491739153862000e-02
9.332437068223953247e-03
1.593124493956565857e-02
7.659004628658294678e-02
2.386894077062606812e-02
9.084017574787139893e-02
4.472140222787857056e-02
5.777789652347564697e-02
1.180628612637519836e-01
5.433744192123413086e-02
5.185532942414283752e-02
6.439282745122909546e-02
2.919652499258518219e-02
7.968538999557495117e-02
4.290755465626716614e-02
1.503112912178039551e-01
2.963653206825256348e-02
3.221167623996734619e-02
1.829303428530693054e-02
3.615089505910873413e-02
4.813748225569725037e-02
1.963901221752166748e-01
3.292824327945709229e-02
2.243570610880851746e-02
2.750883065164089203e-02
3.834429010748863220e-02
2.816842310130596161e-02
6.002668663859367371e-02
1.576223075389862061e-01
7.883450388908386230e-02
4.984679818153381348e-02
5.887749791145324707e-02
8.297715336084365845e-02
2.007891982793807983e-02
3.655066713690757751e-02
5.098310858011245728e-02
1.538099050521850586e-01
1.588903516530990601e-01
1.889791525900363922e-02
1.730189099907875061e-02
1.560317426919937134e-01
7.260520756244659424e-02
2.371021546423435211e-02
4.340349510312080383e-02
6.290520727634429932e-02
9.742960333824157715e-03
1.328009739518165588e-02
2.355877012014389038e-01
1.947713494300842285e-01
2.199493050575256348e-01
5.646151304244995117e-02
4.776214063167572021e-02
2.666640095412731171e-02
1.004852578043937683e-01
4.885375127196311951e-02
7.335931807756423950e-02
1.759643107652664185e-01
3.620371967554092407e-02
6.013275682926177979e-02
5.604934692382812500e-02
1.954376399517059326e-01
9.483073651790618896e-02
1.179716642946004868e-02
3.324222564697265625e-02
1.847230829298496246e-02
2.482883036136627197e-01
5.636721383780241013e-03
1.158212870359420776e-02
2.235896699130535126e-02
8.028905838727951050e-02
1.027298420667648315e-01
4.987949505448341370e-02
3.694980591535568237e-02
1.594936996698379517e-01
2.840483002364635468e-02
2.137721143662929535e-02
2.489441446959972382e-02
8.168272674083709717e-03
5.303307622671127319e-02
2.442065253853797913e-02
4.979940876364707947e-02
8.424036949872970581e-02
2.158394642174243927e-02
2.553429454565048218e-02
1.743883825838565826e-02
4.097769036889076233e-02
8.602113462984561920e-03
3.731115162372589111e-02
1.954714767634868622e-02
3.347308933734893799e-02
1.950261369347572327e-02
1.622209884226322174e-02
6.288814824074506760e-03
6.204952672123908997e-02
3.028534911572933197e-02
3.319481154903769493e-03
6.825540214776992798e-02
1.567926630377769470e-02
2.384691126644611359e-02
4.490640386939048767e-02
6.265616510063409805e-03
6.239354982972145081e-02
7.149017881602048874e-03
1.984829828143119812e-02
8.855145424604415894e-03
2.557240240275859833e-02
5.318768322467803955e-03
1.478037796914577484e-02
8.703744411468505859e-02
7.650620769709348679e-03
1.639239490032196045e-02
4.872518125921487808e-03
2.138826437294483185e-02
3.839761251583695412e-03
1.077033486217260361e-02
8.717839419841766357e-02
1.624361379072070122e-03
2.153551764786243439e-02
1.787925721146166325e-03
2.889963565394282341e-03
7.291978597640991211e-02
1.019814237952232361e-01
4.386896267533302307e-03
1.749827712774276733e-02
1.276870723813772202e-02
6.620757281780242920e-03
6.170288659632205963e-03
2.031972073018550873e-02
5.796386394649744034e-03
6.507068872451782227e-03
3.591667115688323975e-02
5.353864748030900955e-03
1.261996291577816010e-02
7.915806956589221954e-03
3.927027340978384018e-03
6.648892536759376526e-03
1.041935640387237072e-03
8.647847920656204224e-03
2.542647765949368477e-03
3.568660467863082886e-03
3.074030280113220215e-01
1.963402144610881805e-02
1.894223503768444061e-02
9.580477140843868256e-03
2.973274886608123779e-02
1.075193583965301514e-01
5.153393745422363281e-02
5.583708733320236206e-02
6.407013535499572754e-02
4.186934605240821838e-02
4.177641123533248901e-02
6.279338896274566650e-02
3.835190087556838989e-02
1.184492930769920349e-02
1.577227115631103516e-01
2.364659309387207031e-02
8.551813662052154541e-03
4.365580901503562927e-02
5.516830086708068848e-02
1.363223604857921600e-02
7.975989580154418945e-02
8.116046339273452759e-02
9.600414894521236420e-03
9.643178433179855347e-03
6.667113862931728363e-03
1.002972573041915894e-01
3.507677931338548660e-03
3.069170983508229256e-03
6.719771306961774826e-03
2.355601824820041656e-02
5.275026336312294006e-02
8.412547409534454346e-03
5.062006041407585144e-02
3.105588629841804504e-02
2.992123365402221680e-02
8.241470903158187866e-03
1.098690927028656006e-02
2.652532979846000671e-02
7.002088706940412521e-03
6.614525336772203445e-03
8.926976472139358521e-02
5.828529596328735352e-03
1.565799931995570660e-03
7.485948503017425537e-02
5.973452236503362656e-03
1.072822976857423782e-02
5.135076120495796204e-03
4.664025735110044479e-03
2.392562804743647575e-03
2.796537056565284729e-02
1.309684012085199356e-03
5.303163081407546997e-03
7.803085446357727051e-02
1.893155043944716454e-03
1.355782244354486465e-02
6.855792831629514694e-03
1.413364545442163944e-03
9.474140824750065804e-04
3.860542317852377892e-03
1.815908402204513550e-02
3.420331981033086777e-03
4.660320119000971317e-04
4.334303084760904312e-03
6.808015052229166031e-03
3.063060157001018524e-02
1.213738881051540375e-02
1.854854449629783630e-02
4.144173115491867065e-03
6.141497287899255753e-03
1.031023100949823856e-03
2.358666155487298965e-03
1.329757925122976303e-02
6.315516773611307144e-03
1.226750900968909264e-03
3.549240063875913620e-03
9.390641353093087673e-04
2.061391714960336685e-03
1.926184981130063534e-03
3.117677755653858185e-02
4.137840121984481812e-03
9.796689264476299286e-04
1.262257690541446209e-03
2.229851670563220978e-03
1.014109002426266670e-03
2.907888265326619148e-03
1.238167635165154934e-03
1.081507769413292408e-03
2.620880259200930595e-03
1.920843613334000111e-03
3.417833009734749794e-03
5.925190169364213943e-03
7.685857708565890789e-04
2.779806219041347504e-02
3.324489668011665344e-02
1.533201080746948719e-03
2.218309789896011353e-03
2.008300973102450371e-03
1.446408918127417564e-03
3.473674645647406578e-03
6.787643069401383400e-04
2.843241579830646515e-02
1.918132416903972626e-03
2.807848528027534485e-02
6.671047303825616837e-04
1.015258720144629478e-03
6.633857847191393375e-04
1.140874228440225124e-03
2.532063517719507217e-03
1.949430094100534916e-03
6.386452354490756989e-03
7.520387414842844009e-03
6.711942609399557114e-03
5.158270243555307388e-03
2.385235391557216644e-02
2.052363380789756775e-02
5.069237202405929565e-03
1.022547483444213867e-03
3.037511138245463371e-03
2.288885880261659622e-03
4.703732556663453579e-04
4.262573085725307465e-03
5.278136115521192551e-03
2.895817346870899200e-02
3.024145262315869331e-04
7.581672980450093746e-04
1.516544912010431290e-02
1.017184462398290634e-03
4.986239946447312832e-04
1.362722832709550858e-03
3.055973211303353310e-04
4.681020218413323164e-04
4.685937892645597458e-04
2.187695819884538651e-03
4.233656800352036953e-04
3.632365842349827290e-04
1.150597119703888893e-03
8.450014283880591393e-04
2.523379633203148842e-03
9.480347507633268833e-04
4.345786757767200470e-03
1.416805898770689964e-03
4.475340712815523148e-03
4.506114870309829712e-03
1.631712191738188267e-03
1.192897674627602100e-03
2.345702145248651505e-03
8.174458635039627552e-04
2.132138935849070549e-03
5.145075847394764423e-04
2.107316395267844200e-03
6.439495366066694260e-03
1.058863708749413490e-03
7.939769420772790909e-04
3.156884573400020599e-03
2.462338656187057495e-03
3.079185262322425842e-03
2.653822011779993773e-04
5.248103407211601734e-04
4.272560763638466597e-04
4.952479503117501736e-04
2.554898965172469616e-04
3.961502225138247013e-04
3.126456867903470993e-04
8.613875834271311760e-04
4.802044422831386328e-04
3.216807090211659670e-04
2.789929276332259178e-04
3.848296473734080791e-04
6.582475616596639156e-04
4.048766568303108215e-04
4.822389746550470591e-04
1.069705234840512276e-03
4.071821458637714386e-04
8.100791601464152336e-04
7.165399729274213314e-04
1.165845151990652084e-02
1.125375390984117985e-03
2.379946818109601736e-04
4.489014681894332170e-04
5.309466505423188210e-04
5.824343534186482430e-04
3.254031180404126644e-04
1.952814927790313959e-04
2.207022625952959061e-04
2.888528397306799889e-04
4.682487633544951677e-04
2.463188429828733206e-04
6.468526553362607956e-04
4.745566984638571739e-04
4.264685267116874456e-04
2.158046991098672152e-04
2.009900927077978849e-04
3.575190203264355659e-04
3.044145996682345867e-04
6.421585567295551300e-04
1.608187012607231736e-04
2.584307221695780754e-04
1.255527604371309280e-03
4.053461889270693064e-04
6.542366463690996170e-04
4.150002077221870422e-02
2.830862067639827728e-04
5.063673015683889389e-04
1.679008564678952098e-04
7.354005938395857811e-04
3.747645765542984009e-02
5.885099992156028748e-02
4.645272274501621723e-04
7.737578707747161388e-04
2.231905004009604454e-03
3.072162158787250519e-03
6.437730044126510620e-03
2.192203421145677567e-03
1.039313338696956635e-02
3.361980197951197624e-03
7.800390943884849548e-03
4.523028619587421417e-03
1.233374886214733124e-02
3.330914769321680069e-03
1.089395117014646530e-02
4.472130676731467247e-04
2.536279894411563873e-02
3.302750410512089729e-03
2.717712335288524628e-02
1.918491558171808720e-03
5.623727338388562202e-04
4.198517184704542160e-03
3.518264042213559151e-03
4.801474278792738914e-04
5.010500084608793259e-03
6.052913144230842590e-03
2.881030552089214325e-03
1.289694337174296379e-03
1.777658611536026001e-02
2.759047551080584526e-03
1.787286135368049145e-03
3.355529392138123512e-03
2.067149616777896881e-03
3.259015269577503204e-03
1.653171516954898834e-02
6.394273042678833008e-02
8.036312647163867950e-03
1.416737097315490246e-03
1.327814999967813492e-03
7.074419409036636353e-04
1.144175883382558823e-03
1.546154078096151352e-02
6.182680954225361347e-04
1.328432932496070862e-03
2.177387243136763573e-03
1.145236268639564514e-01
4.379317979328334332e-04
8.533396176062524319e-04
1.107108034193515778e-02
6.123630329966545105e-02
6.471629720181226730e-03
7.333672046661376953e-02
5.763738881796598434e-03
1.195211196318268776e-03
1.435142010450363159e-02
1.167684271931648254e-01
1.226644311100244522e-02
1.531920628622174263e-03
4.473180696368217468e-02
4.747847467660903931e-02
2.636003121733665466e-02
4.791906476020812988e-02
4.241243470460176468e-03
2.360525075346231461e-03
6.179212126880884171e-03
1.549262274056673050e-02
2.028309553861618042e-02
1.725719682872295380e-02
7.228575646877288818e-02
1.096104606986045837e-01
5.693969503045082092e-02
2.182330004870891571e-02
1.007706392556428909e-02
5.632868967950344086e-03
4.394501075148582458e-02
3.890931606292724609e-03
1.323309838771820068e-01
2.977536991238594055e-02
1.095038373023271561e-02
3.008600883185863495e-02
7.911224849522113800e-03
5.288122966885566711e-02
3.532293066382408142e-02
1.356184668838977814e-02
1.487544365227222443e-02
1.803575642406940460e-02
5.254035070538520813e-02
9.859341196715831757e-03
3.222719207406044006e-02
2.276313677430152893e-02
8.107234723865985870e-03
1.419301517307758331e-02
6.174677237868309021e-02
5.248907953500747681e-02
5.439802259206771851e-02
2.927206270396709442e-02
3.213290823623538017e-03
1.564109697937965393e-02
4.638371989130973816e-03
3.943126648664474487e-03
1.223074458539485931e-02
1.455111987888813019e-02
1.995825767517089844e-02
9.904681146144866943e-02
3.865190222859382629e-02
2.907885424792766571e-02
4.051212966442108154e-02
1.737367920577526093e-02
3.084916621446609497e-03
1.946772076189517975e-02
7.891178876161575317e-02
6.166566163301467896e-02
5.485361814498901367e-02
2.233283594250679016e-02
7.970269653014838696e-04
5.879936739802360535e-03
1.594584248960018158e-02
1.557873096317052841e-02
3.859449876472353935e-03
4.413648322224617004e-02
3.044921346008777618e-02
7.261912804096937180e-03
2.267742902040481567e-02
4.053696990013122559e-03
9.284200146794319153e-03
1.260280888527631760e-02
4.928261972963809967e-03
2.049281448125839233e-02
3.051845915615558624e-02
7.977848872542381287e-03
1.843592338263988495e-02
8.906285464763641357e-02
5.106341093778610229e-03
3.039298020303249359e-02
1.786542008630931377e-03
4.035625141113996506e-03
7.143154740333557129e-03
1.143535692244768143e-02
6.927729584276676178e-03
1.164103113114833832e-02
1.456293393857777119e-03
1.544558629393577576e-02
1.407520752400159836e-02
3.318298235535621643e-02
2.927429415285587311e-02
1.304272413253784180e-01
2.950926776975393295e-03
8.300112932920455933e-02
1.165073830634355545e-02
8.849227428436279297e-02
6.037603691220283508e-02
1.908827759325504303e-02
3.598558902740478516e-02
1.322064697742462158e-01
1.403548121452331543e-01
6.441929936408996582e-02
3.484354168176651001e-02
4.320052638649940491e-02
2.013331279158592224e-02
9.297320246696472168e-02
2.971404604613780975e-02
1.091061532497406006e-02
8.499132841825485229e-02
9.462120383977890015e-02
6.153533980250358582e-02
1.106242984533309937e-01
3.088178811594843864e-03
2.476788870990276337e-02
6.312564015388488770e-02
1.313943229615688324e-02
1.489567756652832031e-01
4.710501059889793396e-02
6.354318559169769287e-02
2.224166244268417358e-01
2.397113107144832611e-02
7.334523648023605347e-02
1.045392677187919617e-01
4.676707834005355835e-02
9.703647345304489136e-02
7.190895080566406250e-02
1.582547277212142944e-01
8.559699356555938721e-02
1.347470879554748535e-01
1.773400790989398956e-02
2.420300804078578949e-02
1.399254202842712402e-01
