1.082000000000000045e-01
2.610999999999999988e-01
2.741999999999999993e-01
2.878000000000000003e-01
2.600999999999999979e-01
3.326999999999999957e-01
3.542000000000000148e-01
3.227999999999999758e-01
3.153000000000000247e-01
3.534999999999999809e-01
3.643000000000000127e-01
3.609999999999999876e-01
3.552000000000000157e-01
3.832999999999999741e-01
3.634000000000000008e-01
3.179000000000000159e-01
3.971999999999999975e-01
3.493999999999999884e-01
3.504999999999999782e-01
3.534999999999999809e-01
3.674999999999999933e-01
4.000000000000000222e-01
3.872999999999999776e-01
3.627000000000000224e-01
3.926000000000000045e-01
3.910000000000000142e-01
4.069999999999999729e-01
3.725999999999999868e-01
4.148000000000000020e-01
3.929000000000000270e-01
3.694000000000000061e-01
3.871999999999999886e-01
3.689999999999999947e-01
4.194999999999999840e-01
4.037999999999999923e-01
3.881000000000000005e-01
4.181000000000000272e-01
4.003999999999999782e-01
3.881000000000000005e-01
3.857999999999999763e-01
3.921000000000000041e-01
3.852999999999999758e-01
3.880000000000000115e-01
3.967999999999999861e-01
4.000000000000000222e-01
4.093999999999999861e-01
3.842999999999999750e-01
3.780999999999999917e-01
4.047999999999999932e-01
3.811999999999999833e-01
4.002999999999999892e-01
3.966999999999999971e-01
3.885000000000000120e-01
3.801999999999999824e-01
3.877999999999999781e-01
3.830000000000000071e-01
3.889000000000000234e-01
3.815999999999999948e-01
4.060000000000000275e-01
3.790000000000000036e-01
3.796999999999999820e-01
3.914000000000000257e-01
3.857999999999999763e-01
3.724000000000000088e-01
4.086000000000000187e-01
3.910000000000000142e-01
3.840999999999999970e-01
3.870999999999999996e-01
3.768000000000000238e-01
3.750999999999999890e-01
3.662000000000000255e-01
3.665999999999999814e-01
3.804000000000000159e-01
3.781999999999999806e-01
3.844000000000000195e-01
3.901000000000000023e-01
3.701999999999999735e-01
3.806999999999999829e-01
3.865999999999999992e-01
3.716999999999999749e-01
3.770999999999999908e-01
3.995000000000000218e-01
3.864000000000000212e-01
3.840999999999999970e-01
3.917999999999999816e-01
3.771999999999999797e-01
3.849000000000000199e-01
3.768000000000000238e-01
3.789000000000000146e-01
3.820000000000000062e-01
3.916000000000000036e-01
3.891999999999999904e-01
3.992999999999999883e-01
3.779000000000000137e-01
3.870000000000000107e-01
3.945000000000000173e-01
3.935000000000000164e-01
3.780999999999999917e-01
3.750999999999999890e-01
3.892999999999999794e-01
