2.297131061553955078e+00
2.067074537277221680e+00
1.818024635314941406e+00
1.615533232688903809e+00
1.406241655349731445e+00
1.235396623611450195e+00
1.181531071662902832e+00
9.880062937736511230e-01
8.475390672683715820e-01
8.017252087593078613e-01
7.990460991859436035e-01
8.537808656692504883e-01
7.090365886688232422e-01
7.375338673591613770e-01
6.163420677185058594e-01
5.439835190773010254e-01
6.972057819366455078e-01
4.938355386257171631e-01
5.705079436302185059e-01
4.644857347011566162e-01
3.867352008819580078e-01
5.425123572349548340e-01
3.690304160118103027e-01
3.601278364658355713e-01
2.994792163372039795e-01
3.055535852909088135e-01
2.235230058431625366e-01
2.734808623790740967e-01
3.113832175731658936e-01
2.558389902114868164e-01
2.391673475503921509e-01
2.181307673454284668e-01
2.312239557504653931e-01
2.617071866989135742e-01
2.521583139896392822e-01
2.013393491506576538e-01
2.484889179468154907e-01
1.940800249576568604e-01
2.576844394207000732e-01
2.421683371067047119e-01
1.771752536296844482e-01
1.828136742115020752e-01
1.957236230373382568e-01
1.581742316484451294e-01
9.375090897083282471e-02
1.031802818179130554e-01
1.449704617261886597e-01
1.216120347380638123e-01
1.567798852920532227e-01
1.191660687327384949e-01
9.562333673238754272e-02
8.445217460393905640e-02
1.507188528776168823e-01
1.687256246805191040e-01
1.716236919164657593e-01
1.086301431059837341e-01
1.055118441581726074e-01
1.007874682545661926e-01
1.515443772077560425e-01
1.469761878252029419e-01
7.469508796930313110e-02
1.399865895509719849e-01
9.503956884145736694e-02
1.078826189041137695e-01
9.616234898567199707e-02
1.279733479022979736e-01
1.315747648477554321e-01
4.462341964244842529e-02
6.680510938167572021e-02
7.854300737380981445e-02
6.298437714576721191e-02
8.041688054800033569e-02
8.688717335462570190e-02
7.032385468482971191e-02
1.109805181622505188e-01
1.206847950816154480e-01
5.563020706176757812e-02
7.683193683624267578e-02
6.275217980146408081e-02
5.529315769672393799e-02
8.286965638399124146e-02
1.180392727255821228e-01
9.068861603736877441e-02
7.825327664613723755e-02
3.817828744649887085e-02
1.287953853607177734e-01
7.021141052246093750e-02
1.057563498616218567e-01
6.715612858533859253e-02
5.174416676163673401e-02
7.840125262737274170e-02
4.906947910785675049e-02
5.514407902956008911e-02
5.276604369282722473e-02
1.252149045467376709e-01
9.414319694042205811e-02
4.237234964966773987e-02
3.456547856330871582e-02
4.242455586791038513e-02
2.775514870882034302e-02
6.694035977125167847e-02
4.601905122399330139e-02
5.107015371322631836e-02
4.445137828588485718e-02
9.833033382892608643e-02
4.648330062627792358e-02
7.672013342380523682e-02
3.907644748687744141e-02
3.838484361767768860e-02
7.053001970052719116e-02
6.898775696754455566e-02
4.102207720279693604e-02
6.539449840784072876e-02
5.224131792783737183e-02
5.056272074580192566e-02
6.794296950101852417e-02
3.758554905652999878e-02
2.261661365628242493e-02
3.828496485948562622e-02
4.236299544572830200e-02
4.703694954514503479e-02
6.130371242761611938e-02
2.573188021779060364e-02
3.412466868758201599e-02
4.494836553931236267e-02
4.406627267599105835e-02
2.780958637595176697e-02
3.985112532973289490e-02
2.700316533446311951e-02
5.731664970517158508e-02
2.048480510711669922e-02
2.224578335881233215e-02
3.370090574026107788e-02
2.138831838965415955e-02
2.660992927849292755e-02
2.609442546963691711e-02
2.674664929509162903e-02
3.624689951539039612e-02
1.593587175011634827e-02
2.709771320223808289e-02
1.072305254638195038e-02
2.028571255505084991e-02
1.502232998609542847e-02
1.841525174677371979e-02
1.001946441829204559e-02
4.460022225975990295e-02
3.589029610157012939e-02
2.983744069933891296e-02
2.294485829770565033e-02
1.631942763924598694e-02
1.836113259196281433e-02
1.674023643136024475e-02
1.526784803718328476e-02
6.680182367563247681e-02
1.801812089979648590e-02
1.268943399190902710e-02
9.966467507183551788e-03
2.627819590270519257e-02
3.358322009444236755e-02
1.735577173531055450e-02
1.890978775918483734e-02
1.965996995568275452e-02
1.208973955363035202e-02
3.801713883876800537e-02
1.372550427913665771e-02
2.938080392777919769e-02
3.264489769935607910e-02
4.166336357593536377e-02
2.605334669351577759e-02
2.032846771180629730e-02
4.847197607159614563e-02
1.666854321956634521e-02
3.166220709681510925e-02
6.140410900115966797e-02
1.452960912138223648e-02
6.292197387665510178e-03
1.864016801118850708e-02
1.188930217176675797e-02
2.284431457519531250e-02
1.716695912182331085e-02
3.926409408450126648e-02
2.338363975286483765e-02
2.004584670066833496e-02
1.049852091819047928e-02
3.611319139599800110e-02
2.278359234333038330e-02
9.753045625984668732e-03
2.114595286548137665e-02
2.202851697802543640e-02
7.388565689325332642e-03
1.733846589922904968e-02
1.574877277016639709e-02
2.157383039593696594e-02
2.519905753433704376e-02
3.187130391597747803e-02
1.790797337889671326e-02
3.817310184240341187e-02
2.280894294381141663e-02
2.429922297596931458e-02
1.036223396658897400e-02
1.382450293749570847e-02
1.695740036666393280e-02
3.095860965549945831e-02
1.079511642456054688e-02
1.718777045607566833e-02
3.588453307747840881e-02
2.374112233519554138e-02
1.140322536230087280e-02
1.082683634012937546e-02
3.245216980576515198e-02
5.613746494054794312e-02
1.659054681658744812e-02
1.846767589449882507e-02
2.406598255038261414e-02
3.649062663316726685e-02
1.716384664177894592e-02
9.859306737780570984e-03
9.919367730617523193e-03
1.410599425435066223e-02
1.570025272667407990e-02
4.996774718165397644e-02
1.783221587538719177e-02
1.040844526141881943e-02
2.207008376717567444e-02
1.395357307046651840e-02
4.333034902811050415e-02
3.639297932386398315e-02
1.487984228879213333e-02
2.949073910713195801e-02
3.225529566407203674e-02
1.394714135676622391e-02
4.940377920866012573e-02
3.188028559088706970e-02
6.409459561109542847e-02
2.933135442435741425e-02
5.660394672304391861e-03
2.121938578784465790e-02
1.381509192287921906e-02
5.994778126478195190e-03
5.688650161027908325e-02
4.727639257907867432e-03
6.726119201630353928e-03
2.271631360054016113e-02
5.069059133529663086e-02
1.233929488807916641e-02
8.126283995807170868e-03
2.229782380163669586e-02
2.850792743265628815e-02
4.133649915456771851e-02
1.503387093544006348e-02
1.325404923409223557e-02
1.276225782930850983e-02
9.674568660557270050e-03
4.139212518930435181e-02
2.414662763476371765e-02
5.966952070593833923e-02
2.208432927727699280e-02
6.992666516453027725e-03
1.290439348667860031e-02
3.083051368594169617e-02
4.609462246298789978e-02
2.711092680692672729e-02
9.092319756746292114e-03
1.080937869846820831e-02
1.226690132170915604e-02
1.274502836167812347e-02
1.730138063430786133e-02
2.718835137784481049e-02
6.960769649595022202e-03
2.626064419746398926e-02
8.790498599410057068e-03
8.233062922954559326e-03
2.414254844188690186e-02
5.944972392171621323e-03
1.081150025129318237e-02
6.523257121443748474e-03
2.394057810306549072e-02
2.798910485580563545e-03
2.408627048134803772e-02
1.165678538382053375e-02
1.687968522310256958e-02
9.275463409721851349e-03
7.672615349292755127e-03
1.105999574065208435e-02
1.006993651390075684e-02
3.156403452157974243e-02
5.808089394122362137e-03
5.767115205526351929e-02
4.829363431781530380e-03
1.265285070985555649e-02
3.322141617536544800e-02
1.627993769943714142e-02
8.199152350425720215e-02
5.171325430274009705e-02
1.268471218645572662e-02
1.637403480708599091e-02
8.648026734590530396e-03
8.619226515293121338e-03
4.841839149594306946e-02
1.807365752756595612e-02
1.096010059118270874e-01
4.532104358077049255e-02
5.081096664071083069e-03
1.882676780223846436e-02
1.321501005440950394e-02
1.125121023505926132e-02
1.623182184994220734e-02
9.326647967100143433e-02
1.835349574685096741e-02
1.672404259443283081e-02
7.083863765001296997e-02
2.372239530086517334e-02
9.472467936575412750e-03
9.530792012810707092e-03
4.812440648674964905e-02
1.350999064743518829e-02
2.651819214224815369e-02
1.047114562243223190e-02
3.434623405337333679e-02
3.340943157672882080e-02
2.639895118772983551e-02
3.111685626208782196e-02
3.035292401909828186e-02
5.913151428103446960e-03
5.003868043422698975e-02
6.304723024368286133e-02
2.174486964941024780e-02
1.611945405602455139e-02
1.252595148980617523e-02
8.408340625464916229e-03
1.155335549265146255e-02
5.745341535657644272e-03
3.504318743944168091e-02
2.133431844413280487e-02
2.203171700239181519e-02
1.315826177597045898e-02
2.221926487982273102e-02
9.844976477324962616e-03
4.441753495484590530e-03
9.988517500460147858e-03
3.077400475740432739e-02
1.468694396317005157e-02
2.660919912159442902e-02
1.439308747649192810e-02
2.193012088537216187e-02
5.218053702265024185e-03
9.467310272157192230e-03
4.753466323018074036e-02
8.486045524477958679e-03
3.719906555488705635e-03
1.927577145397663116e-02
8.141031488776206970e-03
4.234193824231624603e-03
8.790260180830955505e-03
9.011881425976753235e-03
5.170136224478483200e-03
4.491887986660003662e-03
2.147489041090011597e-02
3.679790999740362167e-03
2.531689126044511795e-03
1.047525834292173386e-02
3.342498792335391045e-03
6.693329662084579468e-03
5.252678412944078445e-03
4.405485466122627258e-03
3.153984993696212769e-02
8.900419808924198151e-03
3.558427561074495316e-03
5.018611438572406769e-03
6.719436030834913254e-03
1.196743361651897430e-02
3.654168220236897469e-03
5.616182927042245865e-03
6.920341402292251587e-03
1.774331741034984589e-02
3.951908554881811142e-03
9.851386770606040955e-03
7.567441556602716446e-03
3.699215594679117203e-03
2.343306317925453186e-03
2.415806986391544342e-02
5.502419546246528625e-03
2.578015206381678581e-03
2.839630469679832458e-03
1.133529096841812134e-02
4.392195492982864380e-03
2.825276227667927742e-03
2.933159237727522850e-03
5.539913196116685867e-03
1.907770987600088120e-03
6.029363721609115601e-03
4.040822386741638184e-03
5.954134743660688400e-03
7.359163835644721985e-03
4.653224255889654160e-03
1.859758747741580009e-03
5.325055215507745743e-03
6.174278445541858673e-03
5.018626805394887924e-03
2.711984561756253242e-03
7.432651706039905548e-03
3.701140172779560089e-03
8.867453783750534058e-03
3.052781103178858757e-03
2.701121382415294647e-03
3.120554145425558090e-03
4.613912198692560196e-03
1.410949742421507835e-03
3.859333693981170654e-03
4.534998442977666855e-03
3.111543832346796989e-03
1.587755628861486912e-03
6.916424259543418884e-03
3.268617205321788788e-03
5.003509111702442169e-03
2.348807174712419510e-03
3.098741639405488968e-03
3.607057500630617142e-03
2.188970567658543587e-03
1.756866462528705597e-03
5.135271698236465454e-03
1.376480096951127052e-03
1.359336636960506439e-02
4.504386335611343384e-03
1.036044326610863209e-03
5.575580988079309464e-03
3.717106766998767853e-03
1.229700865224003792e-03
2.391476649791002274e-03
2.636115299537777901e-03
1.793713425286114216e-03
1.075852313078939915e-03
1.024516532197594643e-03
2.422276418656110764e-03
4.034430254250764847e-03
1.284706406295299530e-03
1.797601929865777493e-03
2.002339251339435577e-02
8.385378867387771606e-03
3.387779230251908302e-03
1.299122464843094349e-03
4.512131679803133011e-03
1.425507245585322380e-03
5.615881178528070450e-03
2.732213353738188744e-03
1.866668649017810822e-02
9.599789627827703953e-04
1.048039179295301437e-02
1.794264279305934906e-02
2.164094708859920502e-03
2.162851160392165184e-03
2.143765613436698914e-02
9.657816262915730476e-04
1.957258209586143494e-03
5.345936398953199387e-03
4.848985001444816589e-03
7.131474558264017105e-03
5.065397825092077255e-03
2.665860112756490707e-03
1.644933247007429600e-03
1.061492413282394409e-02
2.344685606658458710e-03
2.095256699249148369e-03
4.777435213327407837e-03
2.059992868453264236e-03
3.238168079406023026e-03
3.128334181383252144e-03
2.559829503297805786e-03
3.979986533522605896e-03
2.323524095118045807e-03
7.148647215217351913e-03
1.571703469380736351e-03
1.004396239295601845e-03
1.401277957484126091e-03
1.031875610351562500e-03
2.480751136317849159e-03
1.953733153641223907e-03
1.959436340257525444e-03
3.971590660512447357e-03
5.324017722159624100e-03
6.878859363496303558e-03
3.227686276659369469e-03
2.021985128521919250e-02
1.460235100239515305e-03
3.372437087818980217e-03
1.132541452534496784e-03
1.102546509355306625e-02
1.307724509388208389e-03
1.728894072584807873e-03
1.726150047034025192e-03
2.961532678455114365e-03
1.727209426462650299e-03
3.371803788468241692e-03
5.147176329046487808e-03
1.565668615512549877e-03
2.708700252696871758e-03
4.208369180560112000e-03
1.593128894455730915e-03
3.219189355149865150e-03
1.059756497852504253e-03
1.541819074191153049e-03
3.759495215490460396e-03
1.186814275570213795e-03
1.896289642900228500e-03
1.761078019626438618e-03
8.261838229373097420e-04
7.921431097202003002e-04
5.504906177520751953e-03
2.340437145903706551e-03
1.353771658614277840e-03
1.361859380267560482e-03
5.120767746120691299e-03
2.969398722052574158e-02
1.739242929033935070e-03
4.984979983419179916e-03
1.441083848476409912e-03
3.086243290454149246e-03
3.143488196656107903e-03
1.642941148020327091e-03
2.711426932364702225e-03
8.441633544862270355e-03
1.116600912064313889e-02
1.264226343482732773e-02
2.246655290946364403e-03
3.053107997402548790e-03
2.201462863013148308e-03
1.535283518023788929e-03
1.062841154634952545e-03
1.051646424457430840e-03
5.041628144681453705e-03
3.356195054948329926e-03
4.712946712970733643e-03
5.100352689623832703e-03
7.057397160679101944e-04
4.159192088991403580e-03
1.081623695790767670e-02
3.021453972905874252e-03
1.060945098288357258e-03
7.946060039103031158e-03
4.619146697223186493e-03
3.169886767864227295e-03
3.341491566970944405e-03
3.473583143204450607e-03
7.817475125193595886e-03
1.096067717298865318e-03
6.396207027137279510e-03
1.716407365165650845e-03
1.039292779751121998e-03
1.626872457563877106e-03
1.168024144135415554e-03
1.962912734597921371e-03
1.647126162424683571e-03
4.689872730523347855e-03
2.934059826657176018e-03
3.902172902598977089e-03
2.951048081740736961e-03
3.809878602623939514e-03
8.708140812814235687e-04
1.885631866753101349e-02
9.757394436746835709e-04
2.432289766147732735e-03
1.187385874800384045e-03
1.156983547843992710e-03
1.893538283184170723e-03
2.457886934280395508e-03
2.645886503159999847e-03
7.860131561756134033e-03
8.496735244989395142e-04
4.698588512837886810e-03
5.296654999256134033e-03
1.739540952257812023e-03
1.252773310989141464e-02
2.364412648603320122e-03
2.146516228094696999e-03
1.080251531675457954e-03
6.937947124242782593e-03
2.666182117536664009e-03
2.184646204113960266e-03
6.224199314601719379e-04
1.685826224274933338e-03
1.495783915743231773e-03
5.314700771123170853e-03
2.032593358308076859e-03
2.395583549514412880e-03
1.146761584095656872e-03
5.323606543242931366e-03
1.385596580803394318e-03
1.359817106276750565e-03
6.195316091179847717e-03
1.527431304566562176e-03
2.836033329367637634e-02
7.226863875985145569e-03
1.405152305960655212e-02
1.087183132767677307e-02
3.449996234849095345e-03
2.372212707996368408e-02
2.097912365570664406e-03
2.508653327822685242e-03
2.372360322624444962e-03
6.929837982170283794e-04
1.887879800051450729e-03
1.598043181002140045e-02
1.724210684187710285e-03
2.036945428699254990e-03
2.844178862869739532e-02
1.376660726964473724e-02
6.963435560464859009e-03
9.727722965180873871e-03
1.475163386203348637e-03
2.197750844061374664e-03
2.576948888599872589e-02
2.217474952340126038e-02
1.039800979197025299e-02
1.108982041478157043e-02
1.008144672960042953e-02
1.321555580943822861e-02
1.220984943211078644e-02
1.330160885117948055e-03
7.649654150009155273e-02
2.891689306125044823e-03
2.655741758644580841e-03
3.259590361267328262e-03
1.922818366438150406e-03
6.011024583131074905e-03
4.198176786303520203e-03
1.480474043637514114e-02
2.630077768117189407e-03
6.525424774736166000e-03
3.121207235381007195e-03
1.407126616686582565e-02
8.388793095946311951e-03
1.206604950129985809e-02
2.616440877318382263e-03
7.396793458610773087e-03
2.564784605056047440e-03
2.058305544778704643e-03
4.233813378959894180e-03
1.757132820785045624e-02
1.904850592836737633e-03
1.065365411341190338e-02
1.087073888629674911e-02
3.122190246358513832e-03
4.070162773132324219e-03
1.479590125381946564e-02
3.751975018531084061e-03
1.278817094862461090e-02
1.178504247218370438e-02
5.095668602734804153e-03
4.182515665888786316e-03
4.060131032019853592e-03
1.393317012116312981e-03
4.952049348503351212e-03
5.533760879188776016e-03
5.456447601318359375e-02
2.372886426746845245e-02
3.279339754953980446e-03
1.221961574628949165e-03
3.380000824108719826e-03
2.930425340309739113e-03
3.451378550380468369e-03
4.021434579044580460e-03
8.878748863935470581e-03
1.995219290256500244e-02
2.405466744676232338e-03
2.081365790218114853e-03
4.189404658973217010e-03
4.674137011170387268e-02
3.215480828657746315e-03
2.344741299748420715e-02
1.685201749205589294e-02
5.013310536742210388e-02
8.160904049873352051e-03
4.051134455949068069e-03
6.610924843698740005e-03
2.818198688328266144e-02
7.486705482006072998e-02
7.265738677233457565e-03
3.015155345201492310e-02
4.043248295783996582e-02
9.909412823617458344e-03
1.357684936374425888e-02
3.929400816559791565e-02
7.084866520017385483e-03
8.340408094227313995e-03
4.919658601284027100e-02
6.438972894102334976e-03
2.838752232491970062e-02
3.263122634962201118e-03
2.308058738708496094e-02
2.342303656041622162e-02
6.268084794282913208e-02
2.665614150464534760e-02
1.177881844341754913e-02
4.348686430603265762e-03
5.392861366271972656e-02
6.066904403269290924e-03
2.244805544614791870e-02
2.945757843554019928e-02
1.152386795729398727e-02
1.637359894812107086e-02
6.466689519584178925e-03
2.206891402602195740e-02
1.375473104417324066e-02
4.374389071017503738e-03
2.559572458267211914e-03
2.023510448634624481e-02
1.566250994801521301e-02
2.581339888274669647e-02
3.299457952380180359e-03
1.803680695593357086e-02
2.192358253523707390e-03
9.796911850571632385e-03
3.766703652217984200e-03
7.391998544335365295e-03
4.366918001323938370e-03
2.401980198919773102e-02
1.689916290342807770e-02
1.499527413398027420e-02
1.506669633090496063e-02
1.313878875225782394e-02
1.793185621500015259e-02
6.898815277963876724e-03
2.370233833789825439e-02
3.422062611207365990e-03
3.956751897931098938e-03
1.765215187333524227e-03
2.500705188140273094e-03
1.354096084833145142e-02
5.052748136222362518e-03
8.537616580724716187e-03
3.192053176462650299e-03
1.033649314194917679e-02
2.410459797829389572e-03
2.439050469547510147e-03
1.550993975251913071e-02
1.326718088239431381e-02
3.942911047488451004e-03
4.239610396325588226e-03
4.187792539596557617e-03
1.776043884456157684e-02
4.614656418561935425e-02
2.116818912327289581e-03
1.360603724606335163e-03
3.363449871540069580e-02
1.492594252340495586e-03
1.248825341463088989e-03
2.958601340651512146e-03
7.574631832540035248e-03
5.436225794255733490e-03
2.933461684733629227e-03
1.565381884574890137e-02
1.438566856086254120e-02
2.254666946828365326e-02
2.840158296748995781e-03
9.174147620797157288e-03
2.268542163074016571e-02
3.390624653548002243e-03
7.909890264272689819e-03
9.159825742244720459e-03
3.546655550599098206e-02
1.146519370377063751e-02
6.781830452382564545e-03
8.620068430900573730e-03
1.745238527655601501e-02
5.903934687376022339e-02
6.202886346727609634e-03
7.000375189818441868e-04
2.114192582666873932e-03
1.445965841412544250e-03
5.093339830636978149e-03
4.581338725984096527e-03
1.507823239080607891e-03
1.521698432043194771e-03
1.527765765786170959e-02
9.483017027378082275e-03
4.354862030595541000e-03
3.270280314609408379e-03
2.565705217421054840e-03
1.090192468836903572e-03
2.248378237709403038e-03
5.691921338438987732e-03
2.051063254475593567e-02
3.161445725709199905e-03
6.156610907055437565e-04
1.299798837862908840e-03
3.274600487202405930e-03
1.792600192129611969e-02
5.364445038139820099e-03
2.054156735539436340e-03
4.577343165874481201e-02
2.246406860649585724e-03
2.158100157976150513e-02
3.544510900974273682e-02
2.054799813777208328e-03
1.220922451466321945e-03
4.619574174284934998e-03
1.583828125149011612e-03
9.471009485423564911e-03
1.517277094535529613e-03
2.695691771805286407e-02
1.467883237637579441e-03
7.277683471329510212e-04
1.202652882784605026e-02
8.268111944198608398e-02
3.059866605326533318e-03
1.227063476108014584e-03
6.613222649320960045e-04
4.390963353216648102e-03
3.145708935335278511e-03
1.796300709247589111e-02
2.718877745792269707e-03
8.855899795889854431e-03
3.296986687928438187e-03
3.146939212456345558e-03
1.553917652927339077e-03
4.428580868989229202e-03
3.868331899866461754e-03
8.468016050755977631e-03
2.452987711876630783e-03
2.554148994386196136e-02
1.213159598410129547e-02
2.614890923723578453e-03
1.345595577731728554e-03
4.501889459788799286e-03
1.166182104498147964e-03
8.049795404076576233e-03
4.306485410779714584e-03
5.080162081867456436e-03
2.350293332710862160e-03
2.314236480742692947e-03
3.197699412703514099e-02
1.315248431637883186e-03
1.834076712839305401e-03
2.862353576347231865e-03
1.453139935620129108e-03
2.270923694595694542e-03
1.029959134757518768e-02
8.247987367212772369e-03
9.270182810723781586e-03
3.467188682407140732e-03
1.626506680622696877e-03
7.492955774068832397e-04
5.709188058972358704e-03
3.026540577411651611e-02
1.014664210379123688e-02
1.398294232785701752e-03
3.330157138407230377e-03
2.181262010708451271e-03
8.174546062946319580e-03
2.076251432299613953e-03
4.329903051257133484e-02
1.124869799241423607e-03
1.136327860876917839e-03
2.512349514290690422e-03
1.456329599022865295e-03
7.042521145194768906e-03
5.673518753610551357e-04
2.432875521481037140e-02
2.170968335121870041e-03
2.463444601744413376e-03
3.328427439555525780e-03
2.610216615721583366e-03
2.588597871363162994e-02
3.374916734173893929e-03
2.167614409700036049e-03
4.167430102825164795e-03
1.098171225748956203e-03
7.904075086116790771e-03
1.137715298682451248e-02
3.875534981489181519e-03
1.388540025800466537e-03
1.673306920565664768e-03
1.628937083296477795e-03
1.732062082737684250e-03
5.843034945428371429e-03
1.042324770241975784e-02
3.516900353133678436e-03
5.249446723610162735e-03
4.000616259872913361e-03
2.044496312737464905e-02
2.681877929717302322e-03
1.687821373343467712e-02
4.059484228491783142e-03
2.614593831822276115e-03
8.810730651021003723e-03
8.154156617820262909e-03
6.385668530128896236e-04
3.441791608929634094e-02
1.780373160727322102e-03
2.119358861818909645e-03
2.666304819285869598e-03
4.830243065953254700e-03
2.435842296108603477e-03
1.337645226158201694e-03
4.527799319475889206e-03
5.246662767603993416e-04
1.460584346204996109e-03
1.208267174661159515e-02
5.281521473079919815e-03
2.626008819788694382e-03
8.741374127566814423e-03
5.595192313194274902e-03
7.385364151559770107e-04
2.683368884027004242e-02
1.189293572679162025e-03
9.790181647986173630e-04
2.159322146326303482e-03
1.354880863800644875e-03
5.215104669332504272e-03
7.605263032019138336e-03
1.258312817662954330e-02
9.603470563888549805e-03
4.092117887921631336e-04
1.142712309956550598e-03
7.122092880308628082e-03
3.346854820847511292e-03
2.880968386307358742e-03
7.616558577865362167e-03
2.667240099981427193e-03
5.708160810172557831e-03
1.017286907881498337e-03
1.725880312733352184e-03
7.642685086466372013e-04
3.117559477686882019e-02
5.600704811513423920e-03
9.432675316929817200e-03
2.254515420645475388e-03
9.380586445331573486e-03
8.214410045184195042e-04
1.640906557440757751e-02
1.987835858017206192e-03
1.005020458251237869e-03
7.020917255431413651e-04
1.028114580549299717e-03
3.353688167408108711e-03
9.364223806187510490e-04
7.916195318102836609e-03
1.688134483993053436e-02
2.955492353066802025e-03
2.150540240108966827e-03
1.454816083423793316e-03
2.000669715926051140e-03
8.101032115519046783e-03
1.124968286603689194e-03
1.432615914382040501e-03
1.107928343117237091e-03
2.708075800910592079e-03
2.260609297081828117e-03
2.087574219331145287e-03
1.039596158079802990e-03
2.493518171831965446e-03
1.272909925319254398e-03
9.794270619750022888e-03
1.693079993128776550e-02
7.000434561632573605e-04
1.339183654636144638e-02
1.731582358479499817e-02
5.105304880999028683e-04
1.855214359238743782e-03
4.654488991945981979e-03
4.865520633757114410e-03
1.875183661468327045e-03
1.922997878864407539e-03
5.755679216235876083e-03
9.929724037647247314e-04
2.480691764503717422e-03
4.701807629317045212e-03
3.141052322462201118e-03
1.857389579527080059e-03
4.790926468558609486e-04
2.883226145058870316e-03
5.722434725612401962e-04
9.123763302341103554e-04
4.476796835660934448e-03
2.075922209769487381e-03
2.210538834333419800e-03
1.911236438900232315e-03
2.987264888361096382e-03
1.209529116749763489e-03
1.076102373190224171e-03
6.261313101276755333e-04
1.096046413294970989e-03
4.282109439373016357e-03
2.814914332702755928e-03
5.606381688266992569e-03
5.956060485914349556e-04
3.083973424509167671e-04
1.150625757873058319e-03
2.227155258879065514e-03
3.276576462667435408e-04
2.606253838166594505e-04
6.303853006102144718e-04
2.237791777588427067e-04
7.421347545459866524e-04
2.680290723219513893e-03
4.673161602113395929e-04
1.638504676520824432e-03
3.375994565431028605e-04
3.782123094424605370e-04
2.108797663822770119e-03
2.012921730056405067e-03
5.257657612673938274e-04
2.953861549030989408e-04
6.556816515512764454e-04
1.951667829416692257e-03
1.852419693022966385e-03
1.270422828383743763e-03
8.797868504188954830e-04
3.126280498690903187e-04
1.798486686311662197e-03
4.755684174597263336e-03
4.036852915305644274e-04
6.211767322383821011e-04
1.452398370020091534e-03
6.604674272239208221e-04
4.960528458468616009e-04
6.908937939442694187e-04
3.068842925131320953e-04
2.284904621774330735e-04
9.560462203808128834e-04
1.307673403061926365e-03
1.167563139460980892e-03
2.433398622088134289e-04
3.281424986198544502e-03
5.121388239786028862e-04
2.305576810613274574e-03
6.219848874025046825e-04
2.810130245052278042e-04
1.289990846998989582e-03
3.668046847451478243e-04
4.549520090222358704e-03
2.524092560634016991e-03
3.578576142899692059e-04
4.281382134649902582e-04
1.457966631278395653e-03
5.569721688516438007e-04
1.174696604721248150e-03
6.283401162363588810e-04
4.455327289178967476e-04
3.759072569664567709e-04
1.467058667913079262e-03
2.725732978433370590e-03
1.080055604688823223e-03
3.281542740296572447e-04
2.498744288459420204e-03
5.879986099898815155e-03
4.969116998836398125e-04
1.166776870377361774e-03
6.818652036599814892e-04
3.144780639559030533e-03
3.177730832248926163e-04
4.946331027895212173e-04
2.518593973945826292e-04
8.337047882378101349e-03
1.120722014456987381e-02
6.274899933487176895e-04
2.209246304119005799e-04
9.502383181825280190e-04
4.196647205390036106e-04
4.217003006488084793e-03
1.788938097888603806e-04
6.797793321311473846e-04
4.258377011865377426e-04
5.521486164070665836e-04
8.694735588505864143e-04
1.788362115621566772e-02
7.802297477610409260e-04
1.427517388947308064e-03
2.210993319749832153e-03
2.160762436687946320e-03
3.632558800745755434e-04
2.749630948528647423e-03
1.036590430885553360e-02
5.501387640833854675e-03
2.550706267356872559e-03
3.921235329471528530e-04
5.937319947406649590e-04
2.660822356119751930e-03
4.000565677415579557e-04
2.329319831915199757e-04
