2.352972984313964844e+00
2.281578063964843750e+00
2.128235816955566406e+00
1.977125167846679688e+00
1.838946104049682617e+00
1.699258446693420410e+00
1.672403931617736816e+00
1.577499985694885254e+00
1.472058892250061035e+00
1.375258803367614746e+00
1.146189451217651367e+00
1.166945219039916992e+00
9.967409372329711914e-01
9.184746742248535156e-01
9.140952825546264648e-01
8.505799770355224609e-01
7.519843578338623047e-01
5.742757320404052734e-01
6.601868867874145508e-01
7.168385386466979980e-01
5.437362194061279297e-01
4.809237718582153320e-01
4.098665416240692139e-01
4.300178885459899902e-01
3.969863653182983398e-01
4.630570113658905029e-01
3.819910287857055664e-01
4.016742408275604248e-01
2.321981906890869141e+00
3.180305659770965576e-01
2.247599363327026367e-01
2.236856222152709961e-01
2.154279649257659912e-01
2.938947677612304688e-01
2.079128175973892212e-01
2.957294881343841553e-01
1.904577761888504028e-01
2.657341659069061279e-01
2.114749550819396973e-01
2.515124380588531494e-01
2.074303627014160156e-01
1.985128074884414673e-01
1.344981789588928223e-01
1.970067024230957031e-01
1.666481643915176392e-01
1.835785061120986938e-01
1.386215388774871826e-01
2.271579802036285400e-01
2.396479099988937378e-01
2.054923623800277710e-01
1.630023121833801270e-01
2.611440420150756836e-01
2.071400731801986694e-01
1.729101389646530151e-01
2.452536225318908691e-01
1.816045343875885010e-01
1.646466553211212158e-01
1.189824566245079041e-01
1.186892092227935791e-01
1.474417299032211304e-01
1.468985676765441895e-01
1.847158372402191162e-01
1.383924931287765503e-01
1.567853093147277832e-01
1.202142462134361267e-01
1.230593845248222351e-01
1.418086588382720947e-01
1.304003596305847168e-01
1.059343814849853516e-01
1.165336892008781433e-01
1.545296907424926758e-01
2.196235358715057373e-01
1.075315549969673157e-01
1.111612841486930847e-01
1.507356762886047363e-01
1.088180840015411377e-01
8.603479713201522827e-02
6.328434497117996216e-02
1.240459233522415161e-01
6.694670021533966064e-02
1.474434286355972290e-01
9.081470966339111328e-02
6.936513632535934448e-02
1.459919363260269165e-01
8.782663196325302124e-02
4.501327872276306152e-02
8.409258723258972168e-02
1.066313460469245911e-01
8.236891776323318481e-02
1.657069176435470581e-01
1.175437867641448975e-01
9.530296176671981812e-02
1.165158972144126892e-01
4.424205794930458069e-02
5.239633843302726746e-02
6.947563588619232178e-02
1.008847281336784363e-01
8.175861835479736328e-02
1.353712528944015503e-01
1.347419172525405884e-01
6.233738735318183899e-02
1.972527056932449341e-01
1.215624660253524780e-01
3.553754836320877075e-02
4.272175952792167664e-02
1.226977184414863586e-01
1.272969394922256470e-01
8.137305825948715210e-02
6.036639958620071411e-02
5.594297125935554504e-02
5.781721323728561401e-02
8.085090667009353638e-02
6.772767007350921631e-02
3.394114598631858826e-02
1.879301108419895172e-02
4.272688925266265869e-02
1.184854358434677124e-01
5.689391121268272400e-02
4.158166795969009399e-02
5.316020175814628601e-02
1.027337238192558289e-01
6.412412971258163452e-02
9.379945695400238037e-02
5.696225911378860474e-02
1.072690486907958984e-01
4.277123138308525085e-02
1.350317895412445068e-01
7.170708477497100830e-02
4.753736406564712524e-02
7.641930133104324341e-02
1.277474910020828247e-01
1.027884259819984436e-01
3.218663483858108521e-02
3.590393811464309692e-02
9.464372694492340088e-02
1.214542835950851440e-01
8.430840820074081421e-02
7.791379094123840332e-02
6.656691431999206543e-02
6.868712604045867920e-02
1.583874225616455078e-02
2.230759337544441223e-02
5.554524064064025879e-02
1.381566561758518219e-02
1.928577944636344910e-02
6.068275496363639832e-02
9.397017210721969604e-02
4.815074056386947632e-02
3.817285224795341492e-02
6.047622114419937134e-02
4.589967057108879089e-02
1.987862773239612579e-02
3.735990449786186218e-02
1.296973079442977905e-01
7.295229285955429077e-02
4.918657988309860229e-02
3.594564273953437805e-02
7.306654751300811768e-02
3.591999784111976624e-02
7.367663830518722534e-02
3.178965300321578979e-02
6.386291235685348511e-02
4.928266257047653198e-02
1.079680174589157104e-01
9.457003325223922729e-02
4.744322597980499268e-02
8.763992786407470703e-02
8.448000997304916382e-02
1.874629966914653778e-02
1.287290174514055252e-02
5.184254422783851624e-02
2.369534969329833984e-02
2.919391170144081116e-02
9.752767533063888550e-02
5.705216154456138611e-02
3.895438089966773987e-02
9.201546013355255127e-02
1.097478866577148438e-01
3.631106391549110413e-02
6.051586568355560303e-02
6.435068696737289429e-02
7.794686406850814819e-02
3.214513510465621948e-02
7.495127618312835693e-02
3.405503556132316589e-02
5.472715571522712708e-02
5.810856819152832031e-02
6.956171989440917969e-02
8.599094301462173462e-02
2.482149004936218262e-02
8.835672587156295776e-02
6.305061280727386475e-02
9.458145499229431152e-02
1.094023603945970535e-02
4.152344539761543274e-02
4.488905891776084900e-02
8.825822919607162476e-02
9.703878313302993774e-03
4.293189942836761475e-02
9.845546446740627289e-03
3.729037567973136902e-02
1.264495868235826492e-02
1.091451477259397507e-02
4.084687307476997375e-02
2.310406230390071869e-02
6.633253395557403564e-02
2.385273948311805725e-02
9.184671938419342041e-02
6.211927160620689392e-02
2.270816452801227570e-02
2.936287038028240204e-02
2.171974070370197296e-02
7.511306554079055786e-02
3.144639730453491211e-02
6.732438504695892334e-02
3.409651294350624084e-02
1.841255091130733490e-02
2.602931298315525055e-02
4.252070188522338867e-02
7.902790606021881104e-02
5.968127772212028503e-02
1.927767693996429443e-02
1.746917888522148132e-02
4.426723346114158630e-02
7.698156870901584625e-03
1.555783115327358246e-02
7.911410182714462280e-03
1.292474754154682159e-02
1.776262931525707245e-02
1.367553323507308960e-02
1.063554175198078156e-02
2.359712682664394379e-02
1.873366162180900574e-02
1.192067004740238190e-02
4.623693972826004028e-02
1.519879512488842010e-02
5.846729874610900879e-02
1.792311109602451324e-02
2.740165404975414276e-02
3.414662182331085205e-02
4.072741419076919556e-02
3.235894441604614258e-02
3.071763552725315094e-02
2.988396771252155304e-02
3.784630820155143738e-02
7.758765667676925659e-02
1.796194352209568024e-02
3.667468950152397156e-02
6.772931665182113647e-02
4.397904127836227417e-02
6.669539958238601685e-02
7.707794010639190674e-02
1.655665971338748932e-02
1.344090886414051056e-02
3.080147877335548401e-02
4.261721670627593994e-02
1.598199270665645599e-02
3.506648540496826172e-02
4.719651490449905396e-02
8.376264944672584534e-03
6.640820950269699097e-02
2.065289765596389771e-02
4.246316105127334595e-02
1.178601235151290894e-01
5.591126903891563416e-02
2.232690155506134033e-02
7.308524101972579956e-02
2.319986186921596527e-02
3.578035905957221985e-02
2.904420718550682068e-02
3.489058464765548706e-02
1.925513148307800293e-02
3.446160629391670227e-02
2.385280281305313110e-02
1.419789344072341919e-02
4.506691917777061462e-02
1.766474358737468719e-02
1.381936296820640564e-02
2.835056930780410767e-02
5.476755648851394653e-02
7.433064747601747513e-03
1.295956596732139587e-02
2.770173177123069763e-02
1.161395385861396790e-02
7.448540069162845612e-03
4.352160170674324036e-02
4.722772631794214249e-03
2.004477754235267639e-02
3.633774816989898682e-03
1.318573369644582272e-03
1.040216349065303802e-02
2.960225194692611694e-02
2.179640345275402069e-02
1.684350334107875824e-02
4.762490093708038330e-02
2.643525972962379456e-02
1.566560380160808563e-02
7.639702409505844116e-02
2.893793210387229919e-02
6.514653563499450684e-02
4.370325431227684021e-02
2.521163597702980042e-02
1.026453450322151184e-02
1.421168539673089981e-02
3.068999759852886200e-02
8.871012181043624878e-02
3.302044048905372620e-02
1.495639048516750336e-02
4.896358400583267212e-02
1.143139973282814026e-02
2.546679228544235229e-02
3.249308839440345764e-02
2.766569843515753746e-03
8.539092727005481720e-03
7.168056443333625793e-03
4.311199299991130829e-03
2.279033325612545013e-02
2.191805094480514526e-02
1.317864842712879181e-02
1.835365034639835358e-02
2.654387801885604858e-02
3.239314630627632141e-02
2.296169474720954895e-02
1.093082502484321594e-02
2.689658105373382568e-02
2.254851721227169037e-02
1.810704171657562256e-02
3.384141251444816589e-02
3.061623871326446533e-02
2.719481661915779114e-02
4.519624635577201843e-02
2.354566939175128937e-02
6.160687189549207687e-03
2.143296785652637482e-02
1.812865212559700012e-02
7.906192541122436523e-02
1.595344976522028446e-03
4.221865441650152206e-03
9.997928515076637268e-03
4.808384459465742111e-03
3.554491698741912842e-02
8.853339590132236481e-03
2.062153816223144531e-02
5.530209280550479889e-03
5.365241691470146179e-02
4.616519808769226074e-02
2.196492627263069153e-02
6.848100572824478149e-03
2.407227084040641785e-02
3.767614066600799561e-02
7.650743424892425537e-02
3.364291414618492126e-02
8.780884556472301483e-03
7.264419645071029663e-02
1.293429173529148102e-02
9.868603199720382690e-02
2.436316385865211487e-02
3.224577754735946655e-02
4.908880218863487244e-02
2.124909311532974243e-02
1.313286088407039642e-02
1.374227553606033325e-02
6.982788443565368652e-03
2.577797323465347290e-02
1.790646114386618137e-03
1.753341290168464184e-03
3.320019692182540894e-03
7.395918946713209152e-03
7.844108156859874725e-03
6.025256589055061340e-03
8.911308832466602325e-03
9.896863251924514771e-03
1.581978751346468925e-03
9.460786357522010803e-03
3.205902129411697388e-02
2.163181453943252563e-02
6.558572873473167419e-03
3.522355481982231140e-02
1.076829712837934494e-02
8.726368658244609833e-03
1.311323232948780060e-02
2.581671252846717834e-02
4.996546357870101929e-02
2.969520539045333862e-02
1.466321386396884918e-02
1.437194738537073135e-02
3.565857186913490295e-02
3.870539600029587746e-03
2.232234738767147064e-02
1.551038119941949844e-02
1.516387145966291428e-02
7.163105532526969910e-03
3.601222066208720207e-03
1.056212745606899261e-02
6.293614953756332397e-02
2.833214029669761658e-02
1.955801155418157578e-03
3.431788878515362740e-03
1.325239427387714386e-02
1.345541328191757202e-02
1.183564495295286179e-02
4.811319522559642792e-03
1.630320795811712742e-03
2.154155634343624115e-03
2.734194044023752213e-03
1.710965298116207123e-02
3.186080232262611389e-02
5.228284746408462524e-02
8.879595436155796051e-03
7.552748546004295349e-03
3.150393441319465637e-02
1.022934168577194214e-02
2.383937872946262360e-02
2.632720768451690674e-02
9.364178404211997986e-03
1.283453404903411865e-02
1.316299941390752792e-02
1.273365411907434464e-02
1.130613032728433609e-02
1.262669730931520462e-02
8.602612651884555817e-03
2.835265360772609711e-03
8.589750155806541443e-03
3.130596363916993141e-03
2.141059376299381256e-02
4.745324142277240753e-03
1.047258824110031128e-02
7.920040749013423920e-03
2.034594304859638214e-02
2.126105502247810364e-02
1.159903407096862793e-02
3.637617453932762146e-02
9.349548257887363434e-03
2.949186600744724274e-02
7.504082471132278442e-02
1.458411384373903275e-02
8.335766196250915527e-02
2.337453141808509827e-02
4.177471250295639038e-02
5.374546162784099579e-03
1.796001940965652466e-02
1.726400852203369141e-02
7.561705075204372406e-03
5.571733042597770691e-02
1.949523761868476868e-02
4.546581301838159561e-03
1.093476451933383942e-02
6.133078038692474365e-02
2.828107029199600220e-02
5.258169025182723999e-03
2.761293202638626099e-03
5.061404779553413391e-03
2.448097569867968559e-03
4.130092449486255646e-03
5.395809933543205261e-02
3.860861528664827347e-03
1.811402617022395134e-03
2.787324413657188416e-02
3.384626004844903946e-03
2.809359692037105560e-03
1.752695813775062561e-02
6.721162796020507812e-02
8.564635179936885834e-03
3.907164093106985092e-03
8.249661885201931000e-03
8.078760467469692230e-03
1.460117753595113754e-02
3.506372869014739990e-02
2.341409027576446533e-02
4.625774547457695007e-02
3.279820457100868225e-02
1.718050800263881683e-02
2.387448772788047791e-02
7.157091051340103149e-02
3.610191494226455688e-02
6.707548163831233978e-03
9.473509155213832855e-03
4.319301806390285492e-03
5.962614901363849640e-03
1.509200781583786011e-02
9.442696347832679749e-03
1.014062552712857723e-03
2.410684479400515556e-03
1.487496681511402130e-02
1.592314243316650391e-02
7.702593691647052765e-03
1.987451920285820961e-03
4.558767192065715790e-03
7.466803304851055145e-03
5.639477167278528214e-03
2.485324628651142120e-03
1.179370377212762833e-02
2.243448048830032349e-03
6.559404544532299042e-03
6.961497478187084198e-03
1.683479733765125275e-02
1.621838659048080444e-02
6.617961917072534561e-03
1.410731673240661621e-02
1.055526081472635269e-02
3.681606147438287735e-03
9.056877344846725464e-03
1.890613115392625332e-03
1.649505645036697388e-02
1.031901128590106964e-02
2.048855880275368690e-03
7.082027383148670197e-03
7.476801518350839615e-03
3.427491057664155960e-03
3.931497409939765930e-02
6.587397772818803787e-03
1.501304213888943195e-03
5.133423022925853729e-03
1.212572911754250526e-03
9.113312698900699615e-03
3.233663504943251610e-03
1.266320352442562580e-03
3.581562079489231110e-03
8.420431055128574371e-03
1.683082804083824158e-02
1.099991425871849060e-02
1.791793107986450195e-02
1.923113502562046051e-02
8.600206114351749420e-03
9.550164453685283661e-03
1.015632692724466324e-02
8.777068927884101868e-03
5.998251959681510925e-02
8.124877698719501495e-03
2.716608159244060516e-02
5.260962061583995819e-03
3.319199383258819580e-02
1.016136724501848221e-02
6.580841727554798126e-03
2.908712485805153847e-03
4.173845052719116211e-03
3.395388601347804070e-03
8.976358920335769653e-03
3.051005303859710693e-03
4.041338711977005005e-02
2.504050731658935547e-02
3.568226005882024765e-03
3.630176931619644165e-02
9.606011211872100830e-03
4.937289655208587646e-02
1.631295494735240936e-02
1.851905137300491333e-02
1.769572868943214417e-02
8.765071630477905273e-03
5.857129022479057312e-02
1.237419154495000839e-02
1.544300094246864319e-02
1.305020973086357117e-02
1.023367047309875488e-02
5.665319971740245819e-03
3.286296501755714417e-02
3.591142594814300537e-02
3.118436783552169800e-02
4.873638227581977844e-02
4.771498497575521469e-03
7.982176030054688454e-04
7.413443643599748611e-03
4.141743294894695282e-03
2.992645371705293655e-03
1.162992441095411777e-03
6.981945130974054337e-03
6.700336234644055367e-04
1.063327118754386902e-02
7.836867589503526688e-04
2.809912199154496193e-03
1.768046058714389801e-03
5.892338231205940247e-03
4.738780669867992401e-03
1.322964299470186234e-02
2.205592580139636993e-03
1.581006497144699097e-02
5.817374680191278458e-03
4.217685665935277939e-03
9.023273596540093422e-04
4.958998761139810085e-04
4.426564089953899384e-03
2.912000007927417755e-02
3.385599702596664429e-02
2.528850454837083817e-03
1.294727623462677002e-02
6.593371741473674774e-03
5.671933293342590332e-03
1.543744839727878571e-02
1.366012729704380035e-03
1.995589584112167358e-03
4.671473521739244461e-03
1.073463237844407558e-03
2.003045752644538879e-03
3.357059089466929436e-03
8.818194619379937649e-04
1.228474196977913380e-03
3.893706249073147774e-03
5.900290329009294510e-03
8.733400027267634869e-04
7.455494720488786697e-03
1.541125355288386345e-03
1.350924139842391014e-03
1.085460186004638672e-02
2.960505662485957146e-03
1.198755577206611633e-03
6.720814388245344162e-03
1.162675092928111553e-03
5.308612249791622162e-03
1.787284272722899914e-03
6.874660030007362366e-03
2.914691576734185219e-03
4.654971417039632797e-03
1.037108898162841797e-02
5.803940817713737488e-03
4.700822290033102036e-03
2.129063196480274200e-02
2.549058757722377777e-03
1.057169400155544281e-02
3.541038138791918755e-03
1.616026042029261589e-03
2.910709008574485779e-03
2.176515758037567139e-03
2.161101810634136200e-02
1.612151390872895718e-03
2.602504799142479897e-03
1.803035615012049675e-03
1.725612324662506580e-03
3.115662932395935059e-02
4.683940787799656391e-04
6.779206451028585434e-03
1.200541108846664429e-02
6.512210238724946976e-03
1.081120572052896023e-03
4.252211947459727526e-04
4.772061016410589218e-03
3.582132514566183090e-03
1.852548331953585148e-03
6.539952591992914677e-04
5.735948216170072556e-03
1.232560724020004272e-02
9.169964119791984558e-03
8.912845514714717865e-03
7.878801785409450531e-03
5.116512533277273178e-03
6.347333546727895737e-04
4.882172797806560993e-04
4.031538555864244699e-04
4.227721074130386114e-04
4.295902035664767027e-04
1.039774157106876373e-03
8.189788204617798328e-04
2.972878981381654739e-03
2.019431209191679955e-03
6.828903569839894772e-04
5.642150528728961945e-03
4.118442069739103317e-03
8.735986775718629360e-04
2.369557274505496025e-03
7.001007907092571259e-04
1.149424351751804352e-03
5.322780460119247437e-03
2.469024620950222015e-03
2.623326610773801804e-03
1.283203903585672379e-02
3.800168400630354881e-03
5.584526807069778442e-04
6.593479309231042862e-03
2.875070087611675262e-03
4.249724559485912323e-03
3.433118760585784912e-02
1.770431362092494965e-02
1.042740698903799057e-02
1.579362316988408566e-03
1.022277865558862686e-03
1.872655586339533329e-03
6.824064068496227264e-03
2.626519184559583664e-03
8.563244715332984924e-03
1.682928414084017277e-04
9.080567397177219391e-03
2.245944365859031677e-02
9.143233182840049267e-04
3.015379980206489563e-02
9.671727195382118225e-03
1.375383604317903519e-02
6.929064635187387466e-03
6.652197916992008686e-04
1.609487808309495449e-03
1.917583867907524109e-03
7.336026988923549652e-03
9.680428775027394295e-04
8.079952676780521870e-04
3.267926396802067757e-03
6.190299056470394135e-03
2.963730366900563240e-04
1.016438123770058155e-03
3.111348720267415047e-03
1.388789154589176178e-03
2.272878540679812431e-03
3.715574508532881737e-03
1.588287064805626869e-03
1.172625343315303326e-03
1.094721839763224125e-03
6.247072597034275532e-04
5.983948940411210060e-04
2.070163842290639877e-03
1.582302525639533997e-02
1.473634620197117329e-03
3.291669068858027458e-03
2.897045575082302094e-03
8.823414682410657406e-04
8.457129588350653648e-04
2.922508632764220238e-03
1.491133682429790497e-02
8.238228037953376770e-04
4.725182428956031799e-03
3.461558953858911991e-04
2.845772309228777885e-03
1.036398299038410187e-02
2.646110765635967255e-02
1.586742466315627098e-03
2.782155061140656471e-03
1.193371694535017014e-02
2.841937122866511345e-03
1.266490370035171509e-01
1.148025318980216980e-02
3.914764150977134705e-03
9.083647280931472778e-03
1.287563121877610683e-03
1.118098050355911255e-01
5.830981303006410599e-03
9.610176086425781250e-03
7.921459618955850601e-04
2.795407315716147423e-03
2.656779484823346138e-03
3.846412152051925659e-02
2.310701087117195129e-02
5.888892803341150284e-03
5.258729215711355209e-03
8.077519596554338932e-04
1.809517387300729752e-03
2.911446616053581238e-03
5.509213358163833618e-02
4.393704608082771301e-02
5.806218250654637814e-04
9.941898752003908157e-04
1.514520309865474701e-02
6.307182833552360535e-03
3.975228872150182724e-03
1.271078735589981079e-02
2.207825746154412627e-04
3.115502186119556427e-03
3.377674147486686707e-03
3.015284612774848938e-02
4.028442874550819397e-02
4.063325375318527222e-02
4.961711354553699493e-03
2.514940686523914337e-02
1.135326735675334930e-02
4.230478778481483459e-03
3.901027143001556396e-02
1.241611316800117493e-02
1.171599142253398895e-03
4.238552879542112350e-03
1.397168915718793869e-02
4.873771686106920242e-04
1.507984241470694542e-03
7.943069213069975376e-04
4.675415693782269955e-04
2.029157185461372137e-04
1.101652067154645920e-02
3.109815996140241623e-03
4.950635600835084915e-03
4.959465935826301575e-03
3.078590671066194773e-04
9.350401815026998520e-04
1.260751625522971153e-03
2.265912713482975960e-03
7.564004044979810715e-03
1.221656915731728077e-03
2.365458931308239698e-04
2.957821357995271683e-03
2.507014141883701086e-04
2.653333591297268867e-03
6.509535596705973148e-04
7.145287934690713882e-03
1.226089429110288620e-03
1.803678809665143490e-03
7.547537679783999920e-04
5.847862921655178070e-03
2.674992429092526436e-03
2.946003805845975876e-03
1.283989520743489265e-03
1.435020705685019493e-03
6.108188536018133163e-04
9.002367034554481506e-03
2.478856127709150314e-03
1.505505759268999100e-03
3.192486707121133804e-03
5.018845549784600735e-04
3.125443763565272093e-04
4.054958000779151917e-03
2.944433363154530525e-03
1.680483343079686165e-03
2.394221955910325050e-03
2.366476925089955330e-03
3.148938703816384077e-04
1.731608528643846512e-03
1.155563630163669586e-03
2.202363219112157822e-03
2.546687377616763115e-03
5.140500143170356750e-04
9.287465363740921021e-03
4.065281245857477188e-03
6.942990701645612717e-03
1.019502617418766022e-02
7.374127395451068878e-03
2.632876625284552574e-03
9.338800795376300812e-03
3.125354181975126266e-03
6.997713819146156311e-03
7.824692875146865845e-03
3.485711291432380676e-03
5.285883788019418716e-03
9.750013705343008041e-04
1.772098359651863575e-03
5.700470879673957825e-03
5.277110729366540909e-03
1.065934542566537857e-02
1.307929959148168564e-02
2.210953971371054649e-03
3.254363080486655235e-03
2.303099259734153748e-02
2.678131684660911560e-03
9.906224906444549561e-03
4.919265396893024445e-03
1.314211636781692505e-02
1.099019031971693039e-02
2.726898761466145515e-03
3.439347725361585617e-03
5.085068405605852604e-04
9.972029365599155426e-03
8.407202549278736115e-03
3.853989997878670692e-03
4.025072790682315826e-03
2.084747655317187309e-03
1.472545880824327469e-02
4.009485710412263870e-03
5.174723919481039047e-03
4.812216386198997498e-03
6.663352251052856445e-03
1.347406581044197083e-02
1.028093788772821426e-02
8.320629596710205078e-03
4.026969429105520248e-03
4.150538239628076553e-03
5.803372710943222046e-03
6.748424377292394638e-03
8.672161027789115906e-03
4.636156838387250900e-03
2.662353217601776123e-03
4.564272705465555191e-03
2.931429306045174599e-03
2.944913227111101151e-03
9.561597369611263275e-03
2.084066625684499741e-03
3.050931496545672417e-03
5.135258194059133530e-03
2.556370804086327553e-03
3.019274212419986725e-03
5.356024485081434250e-03
4.046713467687368393e-03
4.020642023533582687e-03
6.427532061934471130e-03
1.437735510990023613e-03
5.109805613756179810e-03
1.716731349006295204e-03
6.184815429151058197e-03
6.000985391438007355e-03
5.795493721961975098e-03
1.630811952054500580e-03
8.986436761915683746e-03
9.479797445237636566e-03
1.396191492676734924e-02
3.196995938196778297e-03
3.124441020190715790e-03
1.417264435440301895e-02
1.267360523343086243e-02
2.367055602371692657e-02
5.543836392462253571e-03
1.011422183364629745e-02
4.030086100101470947e-02
1.835722103714942932e-02
5.861283279955387115e-03
8.108681067824363708e-03
6.488480605185031891e-03
9.098130976781249046e-04
2.416429808363318443e-03
1.685808063484728336e-03
1.645717211067676544e-02
5.076589528471231461e-03
8.765780366957187653e-03
2.322623739019036293e-03
2.114128787070512772e-03
2.688556164503097534e-02
1.101081073284149170e-02
2.434984082356095314e-03
5.088197533041238785e-03
1.507986220531165600e-03
3.973763901740312576e-03
2.119156718254089355e-02
6.456783041357994080e-03
5.276630632579326630e-03
3.357696579769253731e-03
6.742856465280056000e-03
3.212904324755072594e-03
1.453497260808944702e-02
2.264621295034885406e-02
7.767163217067718506e-03
1.070664380677044392e-03
2.967206528410315514e-03
3.040821757167577744e-03
8.674340206198394299e-04
1.809800975024700165e-02
1.054561114870011806e-03
1.354241627268493176e-03
3.338277107104659081e-03
2.449029998388141394e-04
8.432437665760517120e-03
7.880076766014099121e-03
1.573712797835469246e-03
6.730945315212011337e-03
2.977702766656875610e-03
5.220323801040649414e-03
5.526089575141668320e-03
7.064495980739593506e-02
2.281855558976531029e-03
4.018181003630161285e-03
2.344137756153941154e-03
1.482118386775255203e-02
4.837385378777980804e-03
6.833818554878234863e-02
1.609784783795475960e-03
2.733393572270870209e-03
2.168165985494852066e-03
1.032823510468006134e-02
1.746481284499168396e-02
6.009300798177719116e-02
4.507366684265434742e-04
4.936432931572198868e-03
3.942358493804931641e-02
7.811599876731634140e-03
1.134433201514184475e-03
1.085329102352261543e-03
3.272255416959524155e-04
3.656795597635209560e-04
1.357693836325779557e-04
1.997456885874271393e-02
1.221254933625459671e-02
4.903074819594621658e-03
1.467561698518693447e-03
5.567672196775674820e-03
8.174573071300983429e-03
1.943346671760082245e-02
1.476796343922615051e-02
3.987919073551893234e-03
2.976352116093039513e-03
4.780725575983524323e-03
4.991050343960523605e-03
6.138609256595373154e-03
1.209566369652748108e-03
2.185987308621406555e-03
2.292137593030929565e-03
2.903922926634550095e-03
2.596503123641014099e-03
8.008302189409732819e-03
8.069154620170593262e-02
5.793479736894369125e-03
1.689223572611808777e-03
1.147671975195407867e-02
1.869805622845888138e-03
9.421884315088391304e-04
6.235576001927256584e-04
3.743085078895092010e-03
9.654734167270362377e-04
3.460812731646001339e-04
5.154625978320837021e-03
1.710352604277431965e-03
1.998412609100341797e-02
3.406897420063614845e-03
6.369101349264383316e-03
1.859932392835617065e-02
5.874520866200327873e-04
9.619458578526973724e-04
2.941111801192164421e-03
4.292557016015052795e-03
1.206093560904264450e-02
3.414798062294721603e-03
8.566476171836256981e-04
3.683724906295537949e-03
1.362097682431340218e-03
4.840584006160497665e-03
8.972612558864057064e-04
5.061002448201179504e-04
1.206901762634515762e-02
1.056970842182636261e-02
1.359455380588769913e-02
3.014566842466592789e-03
1.091336831450462341e-03
1.360268332064151764e-03
2.343770582228899002e-03
1.418255153112113476e-03
9.950002422556281090e-04
3.583908779546618462e-03
2.508153556846082211e-04
1.921896240673959255e-03
1.087661925703287125e-02
1.672399113886058331e-03
1.621752977371215820e-02
4.788197576999664307e-03
1.947180717252194881e-03
2.651791553944349289e-03
2.993773203343153000e-03
1.369754876941442490e-02
2.986523788422346115e-03
9.680435177870094776e-04
4.209568258374929428e-03
8.915273356251418591e-04
1.166205387562513351e-02
6.515308748930692673e-03
2.793872263282537460e-03
2.811673795804381371e-03
3.841344965621829033e-03
3.197579877451062202e-03
1.955485530197620392e-02
2.369366353377699852e-03
5.776046891696751118e-04
7.606919389218091965e-04
5.469812313094735146e-04
8.829970029182732105e-04
6.193019449710845947e-03
5.181462038308382034e-03
7.737293490208685398e-04
1.650831429287791252e-03
3.347076941281557083e-03
3.648782148957252502e-02
5.680978763848543167e-03
9.781868429854512215e-04
6.123154424130916595e-03
4.507104400545358658e-03
1.245394442230463028e-02
5.720210261642932892e-03
6.939339917153120041e-03
4.643933498300611973e-04
4.330459982156753540e-02
3.767174668610095978e-03
2.980724209919571877e-03
7.754899561405181885e-03
8.077812963165342808e-04
1.571396552026271820e-02
9.763929410837590694e-04
7.959048263728618622e-03
5.916005931794643402e-03
2.633366035297513008e-03
6.457157433032989502e-04
3.154854930471628904e-04
1.025768090039491653e-02
2.535441017244011164e-04
3.727793809957802296e-04
7.299052085727453232e-04
3.454307152424007654e-04
8.895610808394849300e-04
6.176606984809041023e-04
3.480171039700508118e-02
1.451095682568848133e-03
4.553646780550479889e-03
2.754614455625414848e-03
1.067805383354425430e-02
1.300265546888113022e-02
6.948846857994794846e-03
1.910625025629997253e-03
2.475385088473558426e-03
4.648458212614059448e-03
3.460199339315295219e-03
9.077739669010043144e-04
1.295548398047685623e-02
1.035297755151987076e-03
3.190221497789025307e-03
4.063829313963651657e-03
3.941114060580730438e-03
2.435376401990652084e-03
3.703709691762924194e-03
1.551601453684270382e-03
2.821533707901835442e-04
1.853216905146837234e-03
2.703985956031829119e-04
5.793779157102108002e-03
3.572334826458245516e-04
5.078338435851037502e-04
3.664997057057917118e-04
1.000396092422306538e-03
1.376029336825013161e-03
1.268672291189432144e-03
1.958607230335474014e-03
7.362951990216970444e-03
1.460868748836219311e-03
5.665119737386703491e-03
2.950646448880434036e-03
2.752446336671710014e-03
1.760378107428550720e-02
2.268578391522169113e-03
1.944088004529476166e-02
4.247622564435005188e-03
8.662849664688110352e-03
6.963616702705621719e-03
1.483449363149702549e-03
3.522983053699135780e-03
3.422776062507182360e-04
8.226007921621203423e-04
1.502646948210895061e-03
1.236762385815382004e-03
2.307566115632653236e-03
1.998318766709417105e-04
1.093680504709482193e-03
9.581675403751432896e-04
5.426758434623479843e-04
2.127331448718905449e-03
2.474047709256410599e-03
1.242166967131197453e-03
3.764466964639723301e-04
1.534402486868202686e-03
1.223617116920650005e-03
1.749098417349159718e-03
2.106203464791178703e-03
3.781320992857217789e-03
8.216442074626684189e-04
4.101959057152271271e-03
1.223541051149368286e-02
4.511264618486166000e-03
3.369729500263929367e-03
7.522449595853686333e-04
3.822935046628117561e-03
5.662467330694198608e-03
4.982846323400735855e-03
2.758511574938893318e-03
6.565257906913757324e-03
7.793279364705085754e-03
1.341684604994952679e-03
7.327232160605490208e-04
2.722543664276599884e-03
4.088682180736213923e-04
2.652922994457185268e-04
4.290346987545490265e-03
5.602786550298333168e-04
2.407972060609608889e-04
2.066302811726927757e-03
3.713188692927360535e-03
1.097111497074365616e-03
2.237990702269598842e-04
5.732093268306925893e-05
2.433307701721787453e-03
3.843261627480387688e-03
3.582713659852743149e-03
3.336599795147776604e-03
2.752880798652768135e-03
3.501719795167446136e-03
2.457641763612627983e-03
2.489273669198155403e-03
7.228319998830556870e-03
1.318551949225366116e-03
1.433263905346393585e-02
1.488999696448445320e-03
4.395444411784410477e-03
4.247984290122985840e-02
7.251570932567119598e-03
5.503984168171882629e-03
1.857831812230870128e-04
4.504806711338460445e-04
1.110565266571938992e-03
3.335273591801524162e-03
3.441942483186721802e-02
4.620116669684648514e-03
4.441144119482487440e-04
2.256354317069053650e-03
2.646101173013448715e-03
4.655116051435470581e-02
5.283037316985428333e-04
2.722917124629020691e-02
2.201739232987165451e-03
4.945338703691959381e-03
2.365403342992067337e-03
1.486237999051809311e-02
1.342470524832606316e-03
1.085342094302177429e-02
1.167717622593045235e-03
8.020136156119406223e-04
8.476701565086841583e-03
1.872523222118616104e-03
1.779488846659660339e-02
3.520072670653462410e-03
3.623510478064417839e-03
9.370448067784309387e-03
4.476596135646104813e-03
8.836458437144756317e-03
6.651983712799847126e-04
2.522440336178988218e-04
3.749953757505863905e-04
1.913355081342160702e-04
2.029213646892458200e-04
5.962583818472921848e-04
1.945101685123518109e-04
1.211231108754873276e-02
2.349391434108838439e-04
1.888207916636019945e-04
5.252539631328545511e-05
2.603748289402574301e-04
1.386269694194197655e-03
1.829877495765686035e-01
4.231869708746671677e-03
1.917694229632616043e-03
1.818362995982170105e-02
1.737925112247467041e-01
7.200297433882951736e-03
6.828931160271167755e-03
8.684907807037234306e-04
6.699325516819953918e-03
1.736341230571269989e-02
2.005827240645885468e-02
3.695439919829368591e-02
7.162791211158037186e-03
2.255635336041450500e-03
2.516109962016344070e-03
1.241362770088016987e-04
6.935584242455661297e-04
1.977955456823110580e-03
2.456754911690950394e-03
1.222666469402611256e-04
6.646237452514469624e-04
4.080352373421192169e-04
9.891965601127594709e-05
2.110354107571765780e-04
1.365015166811645031e-03
1.384294155286625028e-04
2.573657839093357325e-04
3.244776162318885326e-04
4.376276338007301092e-04
7.251038186950609088e-05
1.195825054310262203e-03
1.384771778248250484e-03
1.404873328283429146e-03
1.020130934193730354e-03
5.314053851179778576e-04
1.312601147219538689e-03
5.267154774628579617e-04
3.762626089155673981e-03
1.009549829177558422e-03
1.324269804172217846e-03
2.118259668350219727e-03
4.134438931941986084e-03
2.513641119003295898e-02
1.381214970024302602e-04
2.774438471533358097e-04
5.042431293986737728e-04
9.730563033372163773e-05
6.257689092308282852e-04
5.339107592590153217e-04
3.129235119558870792e-04
1.036639296216890216e-04
1.638313115108758211e-04
1.593843568116426468e-03
1.218657125718891621e-04
7.782636675983667374e-04
1.947253011167049408e-03
6.945781875401735306e-03
4.613895725924521685e-04
9.799408726394176483e-04
1.310512656345963478e-03
1.448083785362541676e-03
2.452269429340958595e-03
2.488810336217284203e-03
5.550987087190151215e-03
8.631783421151340008e-04
4.109666682779788971e-03
8.841655217111110687e-03
2.366196131333708763e-03
6.187206017784774303e-04
9.021237492561340332e-03
3.330107312649488449e-03
6.016542902216315269e-04
2.386919077252969146e-04
2.211304614320397377e-03
1.124760965467430651e-04
4.678970726672559977e-04
2.424645645078271627e-04
1.220539212226867676e-03
2.420170931145548820e-04
1.722521265037357807e-03
3.459108411334455013e-04
7.945307297632098198e-04
8.175195398507639766e-05
5.666569340974092484e-04
7.776348502375185490e-04
1.754905970301479101e-04
1.056607288774102926e-04
1.549288426758721471e-04
7.599213859066367149e-04
1.789515488781034946e-03
2.725736936554312706e-03
9.604690130800008774e-04
3.891378641128540039e-03
3.593991743400692940e-03
1.161572616547346115e-02
2.860726555809378624e-03
1.006910298019647598e-02
2.912305761128664017e-03
2.308882074430584908e-03
2.743554068729281425e-04
1.740113511914387345e-04
3.985112125519663095e-04
5.694305058568716049e-03
2.959482662845402956e-04
4.961127415299415588e-04
3.787677851505577564e-04
3.114285180345177650e-03
1.006409432739019394e-02
4.426410014275461435e-04
1.494703465141355991e-04
3.664801188278943300e-04
2.278920292155817151e-04
5.338581977412104607e-04
4.091612622141838074e-02
6.333862547762691975e-04
3.789028851315379143e-04
8.896543877199292183e-04
8.397690951824188232e-02
6.603761762380599976e-02
8.644678746350109577e-04
2.909029368311166763e-03
3.400926478207111359e-03
3.837252501398324966e-03
4.999044816941022873e-03
6.415478419512510300e-04
6.948747206479310989e-03
1.471932604908943176e-02
1.568213046994060278e-04
5.699147004634141922e-04
1.464509405195713043e-03
2.337463386356830597e-02
1.088884659111499786e-02
4.168957471847534180e-02
6.770078325644135475e-04
3.796514065470546484e-04
4.238379478920251131e-04
1.556983403861522675e-02
9.321342222392559052e-03
1.624022237956523895e-02
4.176945076324045658e-04
3.727667208295315504e-04
5.134405218996107578e-04
2.775521948933601379e-03
3.728601732291281223e-04
1.358761102892458439e-03
1.172172851511277258e-04
1.680937968194484711e-02
1.864096964709460735e-03
1.931811682879924774e-03
3.267782507464289665e-03
3.504984825849533081e-02
1.212138915434479713e-03
1.481924112886190414e-02
1.170463743619620800e-03
1.737141865305602551e-03
5.996287218295037746e-04
3.924362245015799999e-04
1.179992177640087903e-04
6.956305587664246559e-04
7.099232170730829239e-04
8.546260069124400616e-04
9.848261252045631409e-04
6.906493799760937691e-04
