1.044999999999999957e-01
2.258999999999999897e-01
3.864000000000000212e-01
3.917999999999999816e-01
3.946999999999999953e-01
4.113999999999999879e-01
3.925000000000000155e-01
4.294999999999999929e-01
4.456999999999999851e-01
4.356999999999999762e-01
4.475000000000000089e-01
4.107000000000000095e-01
4.339999999999999969e-01
4.617999999999999883e-01
4.662000000000000033e-01
4.328000000000000180e-01
4.429000000000000159e-01
4.672999999999999932e-01
4.762000000000000122e-01
4.768000000000000016e-01
4.849999999999999867e-01
4.828000000000000069e-01
4.887000000000000233e-01
4.716000000000000192e-01
4.838999999999999968e-01
4.834999999999999853e-01
4.652999999999999914e-01
4.772000000000000131e-01
4.622999999999999887e-01
4.469000000000000195e-01
4.746000000000000218e-01
4.758999999999999897e-01
4.915999999999999814e-01
4.955999999999999850e-01
4.918000000000000149e-01
5.002999999999999670e-01
4.948000000000000176e-01
4.838999999999999968e-01
4.923000000000000154e-01
5.061999999999999833e-01
5.006000000000000449e-01
4.968000000000000194e-01
5.098000000000000309e-01
5.003999999999999559e-01
4.959000000000000075e-01
4.948000000000000176e-01
4.828000000000000069e-01
4.824999999999999845e-01
4.939999999999999947e-01
4.935999999999999832e-01
5.012999999999999678e-01
4.893000000000000127e-01
4.870999999999999774e-01
4.884999999999999898e-01
4.879000000000000004e-01
4.652000000000000024e-01
4.879999999999999893e-01
4.989000000000000101e-01
4.993000000000000216e-01
5.024999999999999467e-01
5.037000000000000366e-01
5.093999999999999639e-01
5.154999999999999583e-01
5.110000000000000098e-01
5.129000000000000226e-01
5.091999999999999860e-01
5.039000000000000146e-01
5.118000000000000327e-01
5.151000000000000023e-01
5.144999999999999574e-01
5.169000000000000261e-01
5.145999999999999464e-01
5.097000000000000419e-01
5.132999999999999785e-01
5.143999999999999684e-01
5.178000000000000380e-01
5.114999999999999547e-01
5.127000000000000446e-01
5.147000000000000464e-01
5.125999999999999446e-01
5.140000000000000124e-01
5.170000000000000151e-01
5.152999999999999803e-01
5.102999999999999758e-01
5.135999999999999455e-01
5.155999999999999472e-01
5.142999999999999794e-01
5.141999999999999904e-01
5.135999999999999455e-01
5.163999999999999702e-01
5.150000000000000133e-01
5.100000000000000089e-01
5.073999999999999622e-01
5.098000000000000309e-01
5.052999999999999714e-01
5.073999999999999622e-01
5.046000000000000485e-01
4.551000000000000045e-01
4.309999999999999942e-01
4.470999999999999974e-01
