2.337159156799316406e+00
2.257728576660156250e+00
2.149870157241821289e+00
1.927995800971984863e+00
1.790787339210510254e+00
1.690703272819519043e+00
1.655252814292907715e+00
1.536718845367431641e+00
1.469564199447631836e+00
1.233804106712341309e+00
1.170262455940246582e+00
1.178003668785095215e+00
9.364348053932189941e-01
9.815571308135986328e-01
8.089544177055358887e-01
8.051037788391113281e-01
7.606505751609802246e-01
7.840155959129333496e-01
5.682963728904724121e-01
5.361051559448242188e-01
5.456001162528991699e-01
4.184440672397613525e-01
4.803006649017333984e-01
4.915561378002166748e-01
3.668486177921295166e-01
3.926773071289062500e-01
3.517458140850067139e-01
3.293688297271728516e-01
2.845452129840850830e-01
2.730001509189605713e-01
2.781279683113098145e-01
3.011493682861328125e-01
2.506476044654846191e-01
2.211168855428695679e-01
3.184551894664764404e-01
2.838939130306243896e-01
2.144534885883331299e-01
1.787891983985900879e-01
2.448229789733886719e-01
2.199112325906753540e-01
1.372828632593154907e-01
1.952580362558364868e-01
1.358087360858917236e-01
1.365091353654861450e-01
2.005846053361892700e-01
1.519037932157516479e-01
1.467386186122894287e-01
1.457003206014633179e-01
9.581813216209411621e-02
1.678609400987625122e-01
1.463520079851150513e-01
1.071984171867370605e-01
1.065322309732437134e-01
2.372068017721176147e-01
1.310633867979049683e-01
1.242196038365364075e-01
1.286719590425491333e-01
1.089415177702903748e-01
6.938830763101577759e-02
5.780453607439994812e-02
8.231464773416519165e-02
7.457573711872100830e-02
6.682515889406204224e-02
2.824472486972808838e-01
2.549210786819458008e-01
2.390479296445846558e-01
7.244143635034561157e-02
1.080566495656967163e-01
1.877437233924865723e-01
1.184465140104293823e-01
1.712837219238281250e-01
2.093754112720489502e-01
1.071406230330467224e-01
6.764197349548339844e-02
1.036455705761909485e-01
1.007569283246994019e-01
1.632642894983291626e-01
1.297322809696197510e-01
7.108893245458602905e-02
1.734105050563812256e-01
8.831840008497238159e-02
1.025126352906227112e-01
1.039399728178977966e-01
9.053839743137359619e-02
9.333333373069763184e-02
5.389365926384925842e-02
5.982303619384765625e-02
8.330493420362472534e-02
6.863867491483688354e-02
1.068794801831245422e-01
4.519876465201377869e-02
4.447156190872192383e-02
8.311693370342254639e-02
1.135504692792892456e-01
7.277566939592361450e-02
5.566283315420150757e-02
7.684145122766494751e-02
9.525913000106811523e-02
6.681345403194427490e-02
7.690476626157760620e-02
7.484063506126403809e-02
6.224519386887550354e-02
6.182559207081794739e-02
7.225420325994491577e-02
5.366304516792297363e-02
1.034748703241348267e-01
5.325588956475257874e-02
6.614954024553298950e-02
5.891199409961700439e-02
4.728258773684501648e-02
2.886142581701278687e-02
5.639431253075599670e-02
7.567541301250457764e-02
4.293839633464813232e-02
2.806040830910205841e-02
3.152249380946159363e-02
3.525027260184288025e-02
6.182799115777015686e-02
1.773780211806297302e-02
3.007976897060871124e-02
1.132430508732795715e-02
9.171916171908378601e-03
1.716847345232963562e-02
1.149061508476734161e-02
9.554895758628845215e-02
1.276294048875570297e-02
8.561428636312484741e-03
1.484715566039085388e-02
1.038800459355115891e-02
3.389327228069305420e-02
5.552507936954498291e-02
9.986819326877593994e-02
4.211777821183204651e-02
4.359425604343414307e-02
5.011563748121261597e-02
7.427484542131423950e-02
8.446884155273437500e-02
1.109993457794189453e-01
5.461310595273971558e-02
3.411359712481498718e-02
3.269954025745391846e-02
7.989950478076934814e-02
2.147121354937553406e-02
8.961064368486404419e-02
5.624196305871009827e-02
7.856703549623489380e-02
6.184104084968566895e-02
5.448687076568603516e-02
3.330308943986892700e-02
6.574253737926483154e-02
2.429793961346149445e-02
3.606278076767921448e-02
3.264400362968444824e-02
2.909881062805652618e-02
6.200249493122100830e-02
4.533144086599349976e-02
4.420587792992591858e-02
2.358617074787616730e-02
7.283931225538253784e-02
3.568661212921142578e-02
5.390950664877891541e-02
5.146814882755279541e-02
6.899736076593399048e-02
4.913225024938583374e-02
5.140858888626098633e-02
1.110318396240472794e-02
1.674658805131912231e-02
3.341832011938095093e-02
1.135295536369085312e-02
1.381022483110427856e-02
9.589032270014286041e-03
9.958613663911819458e-02
1.026453264057636261e-02
2.365854941308498383e-02
2.650287188589572906e-02
2.576129510998725891e-02
1.321130245923995972e-02
4.933275654911994934e-02
1.218412909656763077e-02
1.326341275125741959e-02
8.928111754357814789e-03
2.708812244236469269e-02
5.765512585639953613e-03
1.310594379901885986e-01
2.449088916182518005e-02
1.507015973329544067e-01
1.891658268868923187e-02
2.344163134694099426e-02
3.744591772556304932e-02
1.157936677336692810e-01
4.468971490859985352e-02
6.010880321264266968e-02
4.743194207549095154e-02
1.563197933137416840e-02
1.396681088954210281e-02
1.297771558165550232e-02
1.628638245165348053e-02
3.342695534229278564e-02
4.592055082321166992e-02
3.564989194273948669e-02
8.247994631528854370e-02
3.340110182762145996e-02
2.427585609257221222e-02
4.551526904106140137e-02
4.644178971648216248e-02
4.195152595639228821e-02
1.237218827009201050e-02
5.514599010348320007e-02
5.869691073894500732e-02
8.698053658008575439e-02
3.463594615459442139e-02
3.632315993309020996e-02
3.042050451040267944e-02
1.519018318504095078e-02
6.458775699138641357e-02
4.513265192508697510e-02
2.392455749213695526e-02
2.289455756545066833e-02
4.006472229957580566e-02
4.158952087163925171e-02
2.631407603621482849e-02
1.402768120169639587e-02
4.637112841010093689e-03
1.269825920462608337e-02
8.650789037346839905e-03
2.073464915156364441e-02
6.715526804327964783e-03
1.182544324547052383e-02
9.399132803082466125e-03
2.280101412907242775e-03
8.497579023241996765e-03
1.728210598230361938e-02
3.827689215540885925e-03
1.534243952482938766e-02
5.057299975305795670e-03
9.394790045917034149e-03
1.664054580032825470e-03
5.463316664099693298e-02
1.526328548789024353e-02
3.793368861079216003e-02
4.150911420583724976e-02
3.882838878780603409e-03
1.098996307700872421e-02
1.033137086778879166e-02
1.553203724324703217e-02
4.496379941701889038e-02
1.831326633691787720e-03
2.025735797360539436e-03
1.477860379964113235e-02
2.501057460904121399e-02
9.335839189589023590e-03
2.566122077405452728e-02
2.629913948476314545e-02
2.939777821302413940e-02
3.129770979285240173e-02
5.493471864610910416e-03
2.653560042381286621e-02
5.128665268421173096e-02
3.225536551326513290e-03
4.625797737389802933e-03
5.238068290054798126e-03
7.322759181261062622e-02
2.928873710334300995e-02
4.490465670824050903e-02
1.444193068891763687e-02
1.714654453098773956e-02
4.799968749284744263e-02
2.945852279663085938e-02
3.782008960843086243e-02
4.253036901354789734e-02
1.941716298460960388e-02
2.355153672397136688e-02
2.745329961180686951e-02
2.732278220355510712e-02
5.039278417825698853e-02
1.566808857023715973e-02
6.078746542334556580e-02
1.320725772529840469e-02
1.127227488905191422e-02
1.146054361015558243e-02
4.625308793038129807e-03
1.615564338862895966e-02
3.748730290681123734e-03
2.105067111551761627e-02
3.509487723931670189e-03
3.632041625678539276e-03
3.053249791264533997e-03
8.472899906337261200e-03
2.397858351469039917e-02
1.629226095974445343e-02
4.978343378752470016e-03
6.291285902261734009e-02
1.826773397624492645e-02
1.374167203903198242e-02
1.002766564488410950e-02
7.885239087045192719e-03
3.164889290928840637e-03
4.006987065076828003e-02
7.284446153789758682e-03
2.310784347355365753e-02
4.889915697276592255e-03
2.315613208338618279e-03
6.494494620710611343e-03
1.698530465364456177e-02
1.616463251411914825e-02
5.392136983573436737e-03
4.957448225468397141e-03
4.425331484526395798e-03
5.071074701845645905e-03
9.390454739332199097e-03
5.754891317337751389e-03
9.995852597057819366e-03
2.490476705133914948e-03
3.608042374253273010e-03
9.755096398293972015e-03
1.727929711341857910e-02
4.937794059514999390e-03
2.544034272432327271e-02
4.893439821898937225e-03
4.458614159375429153e-03
5.444613285362720490e-03
1.584274694323539734e-03
1.361239515244960785e-02
4.888590425252914429e-02
1.710648462176322937e-02
3.421220695599913597e-03
1.891842298209667206e-02
5.490826442837715149e-03
2.747053653001785278e-02
1.437273528426885605e-02
1.564150862395763397e-02
1.326029561460018158e-02
3.529180213809013367e-02
3.242788463830947876e-02
1.296258810907602310e-02
2.176269143819808960e-02
6.719809491187334061e-03
3.481481224298477173e-02
1.079225167632102966e-02
1.731061376631259918e-02
8.721455931663513184e-03
2.503999881446361542e-02
7.857009768486022949e-03
2.360831014811992645e-02
5.503804422914981842e-03
1.786945760250091553e-02
2.085391990840435028e-02
2.471520379185676575e-02
1.861315034329891205e-02
3.393819183111190796e-02
1.383073255419731140e-02
2.195074781775474548e-02
2.567897923290729523e-02
7.087596692144870758e-03
2.966809272766113281e-02
2.739717438817024231e-02
1.007426250725984573e-02
7.681535556912422180e-03
2.430303022265434265e-02
5.167668685317039490e-02
7.665777113288640976e-03
3.496224805712699890e-02
3.439372405409812927e-02
9.988041594624519348e-03
4.082737490534782410e-02
3.450161963701248169e-02
3.331006318330764771e-02
3.807057812809944153e-02
1.941994018852710724e-02
1.094005815684795380e-02
1.518692914396524429e-02
7.861865311861038208e-02
5.086282733827829361e-03
2.124749310314655304e-02
3.659408167004585266e-02
4.710901062935590744e-03
4.060827568173408508e-02
2.167414128780364990e-02
1.709994114935398102e-02
8.200534619390964508e-03
1.703963801264762878e-02
1.546361111104488373e-02
1.334812957793474197e-02
2.575451321899890900e-02
5.119907483458518982e-02
5.285821855068206787e-03
3.050630446523427963e-03
4.828853067010641098e-03
7.171171717345714569e-03
4.933056421577930450e-03
2.690646564587950706e-03
1.099024899303913116e-02
2.046052552759647369e-02
8.579066954553127289e-03
4.707333631813526154e-03
2.683293446898460388e-02
1.957049965858459473e-02
3.673565806820988655e-03
2.028004080057144165e-02
4.707486182451248169e-02
3.516732156276702881e-02
2.054310403764247894e-02
8.397285826504230499e-03
5.153048783540725708e-03
1.742209121584892273e-02
9.465604089200496674e-03
2.547734417021274567e-02
1.450645457953214645e-02
1.447968836873769760e-02
4.681745078414678574e-03
1.838207058608531952e-02
1.708901114761829376e-02
5.896113347262144089e-03
1.120006479322910309e-02
1.149483118206262589e-02
2.299065701663494110e-02
9.539781138300895691e-03
7.128615397959947586e-03
3.210838884115219116e-02
5.190260242670774460e-03
9.173591621220111847e-03
1.175941154360771179e-02
8.378728292882442474e-03
3.549595549702644348e-02
5.006827414035797119e-02
8.245449513196945190e-03
1.512784976512193680e-02
5.985862016677856445e-02
2.086635492742061615e-02
1.600449718534946442e-02
1.071499008685350418e-02
1.797689311206340790e-02
2.982925251126289368e-02
5.097129195928573608e-02
7.855582050979137421e-03
1.730660162866115570e-02
3.679056651890277863e-03
3.308961912989616394e-02
7.573949638754129410e-03
1.450946554541587830e-02
8.202482946217060089e-03
3.027424914762377739e-03
7.018604315817356110e-03
2.515237778425216675e-03
2.524581970646977425e-03
1.912730745971202850e-02
3.334458684548735619e-03
1.452379953116178513e-02
2.933766925707459450e-03
5.655652843415737152e-03
1.586323487572371960e-03
1.278611249290406704e-03
3.924265969544649124e-03
3.091783449053764343e-02
2.090669702738523483e-03
2.751003252342343330e-03
3.361639799550175667e-03
4.341355059295892715e-03
4.478625021874904633e-03
2.109914785251021385e-03
1.570581342093646526e-03
1.717405393719673157e-03
9.707987308502197266e-03
1.827835105359554291e-02
1.165072526782751083e-02
1.415058504790067673e-02
2.891771309077739716e-02
1.291290018707513809e-02
9.044835343956947327e-03
6.447517313063144684e-03
1.489740703254938126e-02
8.059573359787464142e-03
1.277684513479471207e-02
1.065389160066843033e-02
1.105165202170610428e-02
3.348468802869319916e-03
1.373204775154590607e-02
3.687875112518668175e-03
3.164443187415599823e-03
8.490415289998054504e-03
9.546206332743167877e-03
1.446078997105360031e-02
1.128674671053886414e-02
9.440539404749870300e-03
9.771914221346378326e-03
9.457106702029705048e-03
6.620092317461967468e-03
9.504228830337524414e-03
4.440059885382652283e-02
5.392148159444332123e-03
3.201195225119590759e-02
1.230398099869489670e-02
9.891389869153499603e-03
1.275318581610918045e-02
5.576043389737606049e-03
5.539633799344301224e-03
1.728273928165435791e-03
1.459006313234567642e-02
8.414217270910739899e-03
6.945772911421954632e-04
2.752368571236729622e-03
1.178556960076093674e-02
5.995521787554025650e-03
1.713182660751044750e-03
2.202437724918127060e-03
2.186819212511181831e-03
1.588477380573749542e-02
2.264156471937894821e-03
7.569037261418998241e-04
1.529825967736542225e-03
1.245390623807907104e-03
2.884547226130962372e-03
1.016316120512783527e-03
1.288777333684265614e-03
1.326941885054111481e-02
1.954245194792747498e-02
3.370619146153330803e-03
8.329358883202075958e-03
2.719446085393428802e-02
7.231000345200300217e-04
3.757453290745615959e-03
6.023403722792863846e-03
6.051767151802778244e-03
5.071036517620086670e-03
1.887219143100082874e-03
4.355916753411293030e-03
7.678337395191192627e-03
1.174961309880018234e-02
3.468710696324706078e-03
4.818145930767059326e-02
3.422199562191963196e-02
7.971030659973621368e-03
1.908894069492816925e-02
6.177221238613128662e-02
1.965445280075073242e-02
5.152245983481407166e-03
2.159319072961807251e-02
4.143827129155397415e-03
6.451796740293502808e-03
2.005973085761070251e-02
1.970063336193561554e-02
1.828164234757423401e-02
6.808269768953323364e-03
5.264560226351022720e-03
9.512184187769889832e-03
8.019543252885341644e-03
1.365720015019178391e-02
1.892761513590812683e-02
1.152893994003534317e-02
5.547711625695228577e-03
6.008463911712169647e-03
4.464827477931976318e-03
1.546461600810289383e-03
6.097017321735620499e-03
9.348765946924686432e-03
1.851373538374900818e-02
8.757561445236206055e-03
5.510136019438505173e-03
9.455891558900475502e-04
8.449282613582909107e-04
1.314335619099438190e-03
1.105328788980841637e-03
8.829086436890065670e-04
1.225552172400057316e-03
1.294155954383313656e-03
1.397235202603042126e-03
1.790679176338016987e-03
6.482495227828621864e-04
1.546200481243431568e-03
2.738341223448514938e-03
1.478134770877659321e-03
4.501980729401111603e-03
5.979546112939715385e-04
3.596619237214326859e-03
5.896504735574126244e-04
1.952124759554862976e-03
8.444039267487823963e-04
3.025658987462520599e-02
2.219680463895201683e-03
3.693947568535804749e-03
1.305133104324340820e-02
3.155174199491739273e-03
3.340827068313956261e-03
2.406074665486812592e-03
3.510384121909737587e-04
1.845843857154250145e-03
9.947394719347357750e-04
1.132012438029050827e-02
3.086150391027331352e-04
1.771642128005623817e-03
2.468474674969911575e-03
3.465213812887668610e-03
4.740783944725990295e-03
5.974534433335065842e-04
6.552727892994880676e-03
8.150594308972358704e-03
2.460071817040443420e-03
3.268717555329203606e-03
5.421192385256290436e-03
1.391618512570858002e-02
5.408937111496925354e-03
8.694235235452651978e-03
1.455187052488327026e-02
1.073043979704380035e-02
2.871362725272774696e-03
1.591913867741823196e-03
5.976784159429371357e-04
4.084909451194107533e-04
1.352358143776655197e-03
2.506600460037589073e-03
1.042613293975591660e-03
2.857597544789314270e-03
1.392174325883388519e-02
1.115461112931370735e-03
2.161307958886027336e-03
3.243905026465654373e-03
9.045352227985858917e-03
1.014127209782600403e-02
6.985515356063842773e-03
7.043210207484662533e-04
5.001382436603307724e-03
4.803063638973981142e-04
2.262762933969497681e-02
2.585142618045210838e-03
1.986390911042690277e-03
8.402167004533112049e-04
9.634899324737489223e-04
2.900527324527502060e-04
1.559239812195301056e-02
3.532155603170394897e-02
9.982326300814747810e-04
3.282959805801510811e-03
3.276913193985819817e-03
4.656233265995979309e-02
6.342632323503494263e-02
9.748930111527442932e-03
1.868985476903617382e-03
3.294290043413639069e-03
3.311376087367534637e-03
6.959292292594909668e-02
7.504928857088088989e-02
2.969983033835887909e-02
6.202472141012549400e-04
2.560948487371206284e-03
6.888378411531448364e-02
8.323785848915576935e-03
6.547418981790542603e-02
7.887152582406997681e-02
5.990616511553525925e-03
7.850130088627338409e-03
3.031687065958976746e-02
2.900785021483898163e-02
4.550920054316520691e-02
4.321600496768951416e-02
2.041353611275553703e-03
5.752765107899904251e-03
5.743449088186025620e-03
3.166595101356506348e-02
4.359550029039382935e-02
1.459945924580097198e-02
2.418274991214275360e-02
8.307045325636863708e-03
2.028975822031497955e-02
1.302938442677259445e-02
2.022383362054824829e-02
8.535810559988021851e-02
8.892105892300605774e-03
1.211136020720005035e-02
2.146707288920879364e-02
8.516441099345684052e-03
9.623895399272441864e-03
4.834858328104019165e-02
9.601019322872161865e-03
6.862600333988666534e-03
1.029362529516220093e-02
4.764092713594436646e-02
1.824434287846088409e-02
2.078302763402462006e-02
2.389051206409931183e-02
1.461686100810766220e-02
2.717196010053157806e-03
5.277350079268217087e-03
7.798792794346809387e-03
2.201472595334053040e-02
1.228206511586904526e-02
2.161566540598869324e-02
7.274949923157691956e-03
6.944817956537008286e-03
2.490647323429584503e-02
2.712040767073631287e-02
3.587625548243522644e-02
2.365355379879474640e-03
5.496393889188766479e-03
8.709168992936611176e-03
4.127703979611396790e-02
1.155204474925994873e-01
1.807974837720394135e-02
2.776272222399711609e-02
2.578709460794925690e-02
1.382768340408802032e-02
2.676481567323207855e-02
7.876917719841003418e-03
4.561246838420629501e-03
1.126034464687108994e-02
1.367463357746601105e-02
1.109682023525238037e-02
2.387391217052936554e-02
1.406275294721126556e-02
3.687808522954583168e-03
3.231551032513380051e-03
1.227677240967750549e-02
4.886637907475233078e-03
8.567561395466327667e-03
9.157123044133186340e-03
7.262900006026029587e-03
5.720329354517161846e-04
9.969433303922414780e-04
1.627460704185068607e-03
1.212232280522584915e-03
2.362792566418647766e-02
6.052046082913875580e-04
2.656956494320183992e-04
3.424395807087421417e-03
4.211908206343650818e-02
9.657845832407474518e-03
3.048908431082963943e-03
2.578077139332890511e-03
6.175830494612455368e-03
2.998796477913856506e-02
6.667248904705047607e-03
4.048337414860725403e-02
3.482325375080108643e-02
4.148845560848712921e-03
2.220908878371119499e-03
5.329519510269165039e-03
2.786957472562789917e-02
2.519711153581738472e-03
7.250304333865642548e-03
3.002446377649903297e-03
8.381688036024570465e-03
7.520121522247791290e-03
7.012745365500450134e-03
5.196113605052232742e-03
5.117071792483329773e-03
1.027035154402256012e-02
1.218431722372770309e-02
1.855457667261362076e-03
3.054840723052620888e-03
7.654469925910234451e-03
1.076715905219316483e-02
2.835757285356521606e-02
1.892246305942535400e-03
2.847529388964176178e-02
3.743346780538558960e-02
6.861157249659299850e-03
6.486264523118734360e-03
8.350567892193794250e-03
3.153208177536725998e-03
4.391811322420835495e-03
5.835573188960552216e-03
4.764790460467338562e-02
6.054063327610492706e-03
2.529527992010116577e-02
6.143332459032535553e-03
8.040096610784530640e-02
9.181854315102100372e-03
6.577070802450180054e-03
8.045736700296401978e-03
1.984285423532128334e-03
8.891902398318052292e-04
2.252538455650210381e-03
1.854759990237653255e-03
4.389617126435041428e-03
3.659769892692565918e-03
4.781872848980128765e-04
6.143084727227687836e-03
3.838006174191832542e-03
1.027076621539890766e-03
3.989275079220533371e-03
2.429187763482332230e-03
1.315283938311040401e-03
8.391147712245583534e-04
1.258833147585391998e-02
3.567678504623472691e-04
7.695926818996667862e-03
7.602152763865888119e-04
6.564567447640001774e-04
2.956893004011362791e-04
1.378281973302364349e-03
2.308688126504421234e-03
6.040682783350348473e-04
1.084316801279783249e-02
6.596951279789209366e-03
3.828191198408603668e-03
2.400658559054136276e-03
1.782210916280746460e-02
3.973601851612329483e-03
4.755202680826187134e-03
1.935426378622651100e-03
1.785897649824619293e-03
4.654288757592439651e-03
2.027556998655200005e-03
1.010450720787048340e-02
7.338976487517356873e-03
5.874569062143564224e-03
1.588343456387519836e-02
1.423023641109466553e-02
1.234857481904327869e-03
2.926873974502086639e-03
1.540610380470752716e-02
1.961194211617112160e-03
1.552554778754711151e-03
7.708967197686433792e-03
3.623826662078499794e-03
1.892384607344865799e-03
1.234473474323749542e-02
9.779857471585273743e-03
1.813926547765731812e-02
5.470176693052053452e-03
2.018591621890664101e-03
2.245776355266571045e-03
1.237477548420429230e-02
5.835568881593644619e-04
3.959442954510450363e-03
2.570110373198986053e-03
1.042610732838511467e-03
4.082187660969793797e-04
2.084551379084587097e-04
2.761852811090648174e-04
4.867405805271118879e-04
1.520175021141767502e-03
1.542645855806767941e-03
9.241073857992887497e-04
1.845446648076176643e-03
1.219090074300765991e-03
1.448171824449673295e-04
5.937178502790629864e-04
1.572472741827368736e-03
1.036933739669620991e-03
1.061910530552268028e-03
4.423841892275959253e-04
5.465067224577069283e-04
9.564777137711644173e-04
7.453217403963208199e-04
3.001342993229627609e-03
3.025945508852601051e-03
1.339975045993924141e-03
3.421686706133186817e-04
1.466374611482024193e-03
6.173218716867268085e-04
2.844733244273811579e-04
5.123573355376720428e-04
3.944788477383553982e-04
8.121401187963783741e-04
2.329311333596706390e-03
1.085154712200164795e-03
5.549243651330471039e-04
1.726440532365813851e-04
3.994836471974849701e-03
1.484560198150575161e-03
5.331748165190219879e-03
8.177167735993862152e-03
1.346791256219148636e-02
7.893871515989303589e-03
2.455690875649452209e-02
1.570940949022769928e-03
2.534933155402541161e-03
5.294457543641328812e-03
1.879124715924263000e-02
1.549862325191497803e-02
3.315003821626305580e-03
1.457762788049876690e-03
8.948885835707187653e-03
3.194742603227496147e-03
1.128602423705160618e-03
9.134299471043050289e-04
5.258942022919654846e-03
3.182026091963052750e-03
4.511616192758083344e-03
5.885171703994274139e-03
1.266448525711894035e-03
2.663045306690037251e-04
2.589771756902337074e-03
3.330495965201407671e-04
1.911573781399056315e-04
2.098285040119662881e-04
1.124506350606679916e-03
5.741410423070192337e-04
2.818576467689126730e-04
4.719408752862364054e-04
6.913066608831286430e-04
2.077698707580566406e-03
3.774277283810079098e-04
2.703908539842814207e-04
1.993763959035277367e-03
9.213023819029331207e-03
6.600253982469439507e-04
1.872879220172762871e-03
4.237260436639189720e-04
2.253115875646471977e-03
3.690369485411792994e-04
9.867397602647542953e-04
2.469708560965955257e-04
2.980741555802524090e-04
2.040464896708726883e-03
6.699073855997994542e-05
3.336425172165036201e-03
2.084412117255851626e-04
1.529605127871036530e-03
5.592774250544607639e-04
3.298182738944888115e-03
1.141317188739776611e-03
7.405436481349170208e-04
6.725912680849432945e-05
2.082610299112275243e-04
7.667922182008624077e-04
4.015660088043659925e-04
4.198731912765651941e-04
1.247144769877195358e-03
1.159811392426490784e-03
2.885062014684081078e-03
1.963037066161632538e-03
5.834337207488715649e-04
5.538802361115813255e-04
1.084984373301267624e-02
2.252986188977956772e-03
3.654478350654244423e-03
1.361868344247341156e-03
2.320662140846252441e-03
1.913929171860218048e-02
3.834721073508262634e-02
1.127723976969718933e-02
1.959196059033274651e-03
5.264383275061845779e-03
3.452622564509510994e-03
1.311262371018528938e-03
6.492729298770427704e-04
5.086963647045195103e-04
1.643658499233424664e-03
7.410033140331506729e-04
6.351743824779987335e-03
2.911884803324937820e-03
4.894609446637332439e-04
1.717361970804631710e-03
3.908246872015297413e-04
1.179262690129689872e-04
6.299455184489488602e-03
2.685887273401021957e-03
3.697950160130858421e-04
3.958621819037944078e-04
2.565435424912720919e-04
1.421152031980454922e-03
1.009423140203580260e-04
1.520479912869632244e-03
4.182355478405952454e-04
3.545242361724376678e-03
2.873064717277884483e-03
1.260603312402963638e-03
1.410265103913843632e-04
9.983087657019495964e-04
2.175202389480546117e-04
9.345597354695200920e-04
2.162040036637336016e-04
6.797286914661526680e-05
2.628523507155478001e-04
5.918426904827356339e-04
5.257116281427443027e-04
1.978450163733214140e-04
3.116386360488831997e-04
8.826962439343333244e-04
1.541851437650620937e-03
1.052097650244832039e-03
5.350001738406717777e-04
4.575916100293397903e-04
2.477129921317100525e-03
1.439405721612274647e-03
2.626253699418157339e-04
7.942317170090973377e-04
1.115705585107207298e-03
6.858230335637927055e-04
4.511867591645568609e-04
4.990493762306869030e-04
4.985667183063924313e-04
1.512621529400348663e-03
2.556349209044128656e-04
1.156603801064193249e-03
2.783286327030509710e-04
1.688488846411928535e-04
8.074385696090757847e-04
6.236147601157426834e-03
1.151770586147904396e-03
8.474688045680522919e-03
6.706859916448593140e-03
1.156957633793354034e-02
1.157759572379291058e-03
1.310912426561117172e-03
1.185556291602551937e-03
1.317456737160682678e-02
1.159977400675415993e-03
6.569447461515665054e-03
3.105919808149337769e-03
4.251257516443729401e-03
6.911379285156726837e-03
4.027340561151504517e-03
2.190980827435851097e-03
4.912313073873519897e-03
7.609109859913587570e-03
3.473943797871470451e-03
2.624941524118185043e-03
4.093771800398826599e-03
7.871303241699934006e-04
3.306050552055239677e-03
1.739489287137985229e-02
1.590078510344028473e-02
2.484137192368507385e-03
2.294589299708604813e-03
2.276904648169875145e-03
1.097281835973262787e-02
1.880528032779693604e-02
6.701219361275434494e-03
3.363409778103232384e-03
1.937939785420894623e-03
1.922360970638692379e-03
2.139850985258817673e-03
9.083569049835205078e-03
2.112401649355888367e-03
3.464990528300404549e-03
9.698714129626750946e-03
6.578491069376468658e-03
3.401868743821978569e-03
2.079061930999159813e-03
1.718696020543575287e-02
1.753676915541291237e-03
2.514671068638563156e-03
3.533637849614024162e-03
2.267393842339515686e-02
1.307216100394725800e-02
6.519180722534656525e-03
1.063819788396358490e-02
8.416143245995044708e-03
9.882201440632343292e-03
3.262696787714958191e-02
3.535996377468109131e-02
3.930101171135902405e-03
1.052090432494878769e-02
2.906764391809701920e-03
8.258375455625355244e-04
1.280950498767197132e-03
6.963879335671663284e-03
1.822215737774968147e-03
4.755159316118806601e-04
9.722134564071893692e-04
8.235130226239562035e-04
3.135363338515162468e-03
2.984102815389633179e-03
1.451702439226210117e-03
3.374167717993259430e-03
6.620435975492000580e-03
5.792208947241306305e-03
5.353195127099752426e-03
2.724096179008483887e-03
3.796995384618639946e-03
2.750465646386146545e-03
6.373015232384204865e-03
4.314505495131015778e-03
9.148201905190944672e-03
1.486870693042874336e-03
8.086168207228183746e-03
5.516840610653162003e-03
8.695126511156558990e-03
1.607172377407550812e-02
6.749123800545930862e-03
1.740081352181732655e-03
3.183066379278898239e-03
1.354089006781578064e-03
6.559408502653241158e-04
1.290494576096534729e-03
6.151895504444837570e-03
3.154273703694343567e-02
8.148343185894191265e-04
4.649931564927101135e-02
5.211850162595510483e-03
2.590402029454708099e-03
5.827216431498527527e-03
3.668513894081115723e-02
1.211795117706060410e-02
2.731312997639179230e-03
6.187024526298046112e-03
6.981197511777281761e-04
1.271971780806779861e-02
4.444560501724481583e-03
8.866969496011734009e-03
1.207128353416919708e-02
1.920498325489461422e-03
6.069290265440940857e-02
9.286887361668050289e-04
1.902976259589195251e-02
8.525166660547256470e-02
1.091664424166083336e-03
7.491079624742269516e-03
4.891565535217523575e-03
2.143585123121738434e-03
2.205114345997571945e-03
6.784699507988989353e-04
1.479296595789492130e-03
8.232398889958858490e-03
5.321264034137129784e-04
1.949055586010217667e-03
2.245301613584160805e-03
3.645605465862900019e-04
1.751145464368164539e-03
4.231176280882209539e-04
1.716616388875991106e-04
1.312745007453486323e-04
4.460749623831361532e-04
5.385689437389373779e-04
2.206075703725218773e-03
3.299729723948985338e-04
1.609220344107598066e-04
1.862090866779908538e-04
1.031027268618345261e-02
3.504556370899081230e-04
2.219918556511402130e-02
1.536767743527889252e-02
1.049197511747479439e-03
2.214233158156275749e-03
1.574490685015916824e-03
1.355296233668923378e-03
2.782727591693401337e-03
2.530977828428149223e-03
2.741227159276604652e-03
1.227246504276990891e-02
1.147510949522256851e-03
2.241592854261398315e-03
1.876609516330063343e-03
1.197591889649629593e-02
9.567746892571449280e-03
1.947482698597013950e-03
1.704580616205930710e-03
9.174657170660793781e-04
1.537193544209003448e-03
4.946069791913032532e-03
1.493224059231579304e-03
9.523694170638918877e-04
4.929851274937391281e-03
2.339162863790988922e-03
1.115097315050661564e-03
2.925822976976633072e-03
4.010699223726987839e-03
1.083880104124546051e-02
4.801459610462188721e-02
2.886962145566940308e-03
3.211059141904115677e-03
1.106914784759283066e-02
9.408248588442802429e-03
1.044680466293357313e-04
2.245180949103087187e-04
1.783072366379201412e-03
3.170395269989967346e-03
3.273435402661561966e-03
1.289979554712772369e-04
3.931483952328562737e-04
8.934633224271237850e-04
5.300546181388199329e-04
3.185954992659389973e-04
7.743979222141206264e-05
7.007625536061823368e-04
1.693629310466349125e-04
3.689706209115684032e-04
1.201912062242627144e-03
7.159042870625853539e-04
1.391693134792149067e-03
1.436414313502609730e-04
4.381226244731806219e-05
2.679380821064114571e-03
2.504075877368450165e-03
2.313742152182385325e-04
7.776347338221967220e-04
1.539543445687741041e-04
6.779032992199063301e-04
7.773291436024010181e-04
3.565215447451919317e-04
4.128502914682030678e-04
1.722297020023688674e-04
1.465062377974390984e-04
4.235390224494040012e-04
1.637374050915241241e-03
4.622078267857432365e-04
1.347771380096673965e-03
3.546384396031498909e-03
3.446054179221391678e-03
9.544993517920374870e-04
6.012835656292736530e-04
3.815868636593222618e-03
1.420809887349605560e-03
8.138101547956466675e-04
1.659187371842563152e-03
5.901727825403213501e-03
8.112028241157531738e-03
1.127696130424737930e-03
9.326627478003501892e-03
4.109388217329978943e-03
1.689004339277744293e-02
4.401228390634059906e-03
1.367639936506748199e-02
4.847956821322441101e-03
1.144191133789718151e-03
2.090021967887878418e-03
8.943989523686468601e-04
5.565854371525347233e-04
1.707094535231590271e-02
6.040933076292276382e-03
1.239992852788418531e-04
5.205541383475065231e-04
2.176774200052022934e-03
8.045742870308458805e-04
1.390902604907751083e-02
3.055033273994922638e-03
2.059940015897154808e-04
6.323183188214898109e-04
6.763810524716973305e-04
3.224633110221475363e-04
4.976392374373972416e-04
6.174110341817140579e-03
3.514676936902105808e-04
1.700529392110183835e-04
2.235946885775774717e-04
1.565529732033610344e-03
6.006542826071381569e-04
1.199015416204929352e-02
1.490675786044448614e-04
5.870058666914701462e-04
2.468816703185439110e-03
4.609739407896995544e-04
4.426879808306694031e-02
1.780153543222695589e-04
4.404208157211542130e-04
5.533384319278411567e-05
3.035777248442173004e-03
5.919222021475434303e-04
2.398420037934556603e-04
6.549879908561706543e-02
5.733016587328165770e-05
2.945462765637785196e-04
6.699372897855937481e-04
3.766612382605671883e-03
8.318535983562469482e-04
6.688888184726238251e-03
3.470386436674743891e-04
8.275602885987609625e-05
6.882206071168184280e-03
1.486416149418801069e-04
2.551915240474045277e-04
5.321646458469331264e-04
2.527439501136541367e-03
1.635804423131048679e-03
1.518821110948920250e-03
4.020513966679573059e-03
5.142266396433115005e-03
4.491813015192747116e-04
3.375920699909329414e-03
1.052752975374460220e-02
2.011287258937954903e-03
2.508315723389387131e-03
3.512454219162464142e-03
6.837343098595738411e-04
7.732231460977345705e-05
1.158295926870778203e-04
5.366706755012273788e-04
3.902163007296621799e-04
5.697479937225580215e-04
3.019687137566506863e-04
8.561178110539913177e-04
4.149739106651395559e-04
1.286752405576407909e-03
4.321097221691161394e-04
6.841492140665650368e-04
1.062690513208508492e-03
5.234216223470866680e-05
9.520818712189793587e-04
2.629377413541078568e-04
5.428807344287633896e-04
3.161284548696130514e-04
3.054981061723083258e-04
6.432957598008215427e-04
1.189626855193637311e-04
5.486654845299199224e-05
9.489205694990232587e-05
1.915411703521385789e-04
2.869974705390632153e-04
1.886854443000629544e-04
4.065235552843660116e-04
1.076950575225055218e-04
2.799839421641081572e-04
2.060831757262349129e-04
7.280986174009740353e-04
4.660695267375558615e-04
5.504956934601068497e-04
9.974990098271518946e-05
2.213464613305404782e-04
2.121916186297312379e-04
2.487370329617988318e-05
4.304354079067707062e-04
2.440301934257149696e-03
1.054688327712938190e-04
1.912453299155458808e-04
1.565406710142269731e-04
9.786676673684269190e-05
3.852986847050487995e-04
1.656026433920487761e-04
9.563329513184726238e-05
4.067436384502798319e-04
4.062223160872235894e-05
4.138828953728079796e-04
3.211799048585817218e-05
3.080620954278856516e-04
7.174878555815666914e-05
4.156860450166277587e-05
8.814037428237497807e-04
4.503870441112667322e-04
4.116963129490613937e-03
1.118230400606989861e-03
5.859342636540532112e-04
8.523163269273936749e-04
3.074516134802252054e-04
2.083396073430776596e-03
3.496592165902256966e-03
8.551508188247680664e-03
5.986014381051063538e-03
8.341947570443153381e-03
3.883233293890953064e-03
9.959907038137316704e-04
1.203428371809422970e-03
9.314206428825855255e-03
3.499361686408519745e-03
8.470534346997737885e-03
1.357189845293760300e-02
4.524508863687515259e-02
1.163613167591392994e-03
1.115574594587087631e-02
6.543107330799102783e-03
2.892702352255582809e-03
1.283929916098713875e-03
2.319668605923652649e-02
8.015328785404562950e-04
1.036479324102401733e-02
1.203075400553643703e-03
4.153819754719734192e-02
1.578615792095661163e-02
4.427006468176841736e-03
6.746120750904083252e-03
8.351742872036993504e-04
1.654522493481636047e-03
1.818928518332540989e-03
2.653531171381473541e-02
3.423589514568448067e-03
5.382623523473739624e-03
2.262150635942816734e-03
1.598769100382924080e-03
3.640213399194180965e-04
1.500993967056274414e-02
3.430659417062997818e-03
1.033890433609485626e-02
1.815535686910152435e-02
3.328894032165408134e-03
5.339540075510740280e-03
2.282167412340641022e-02
1.052950099110603333e-01
9.714667685329914093e-04
5.079876282252371311e-04
2.158845774829387665e-03
1.510077388957142830e-03
1.318924129009246826e-02
3.166133910417556763e-02
5.974970990791916847e-04
1.230090274475514889e-04
5.116161773912608624e-04
5.865313578397035599e-04
1.932857371866703033e-02
1.664715260267257690e-02
1.336532732238993049e-04
1.121729845181107521e-03
2.487881109118461609e-03
5.229570716619491577e-02
9.723558276891708374e-02
1.379272807389497757e-02
7.476807804778218269e-04
1.090917969122529030e-03
2.523267269134521484e-02
4.394333809614181519e-02
3.382765501737594604e-02
3.066947497427463531e-02
7.053988520056009293e-04
2.201464725658297539e-03
2.267219359055161476e-03
3.102194285020232201e-03
3.906058147549629211e-02
4.489441588521003723e-02
2.845709910616278648e-03
9.418105473741889000e-04
3.202714724466204643e-03
1.014120178297162056e-03
1.459993142634630203e-02
2.678759023547172546e-02
1.220690831542015076e-02
3.743176814168691635e-03
3.274498041719198227e-03
9.354565409012138844e-04
2.945077233016490936e-02
1.061507780104875565e-02
2.670362358912825584e-03
1.217898214235901833e-03
4.887261893600225449e-03
5.695295520126819611e-03
5.021468736231327057e-03
1.449914183467626572e-02
2.434915397316217422e-03
5.441154818981885910e-03
1.050383597612380981e-02
2.241976791992783546e-03
1.235185470432043076e-02
1.093281549401581287e-03
1.248745061457157135e-02
1.053848396986722946e-02
1.646328018978238106e-03
6.983201019465923309e-04
1.574977883137762547e-03
9.046125342138111591e-04
4.760065115988254547e-03
4.542375449091196060e-03
1.988377887755632401e-03
1.686761388555169106e-03
9.949480881914496422e-04
6.457378622144460678e-04
8.648829534649848938e-04
2.309405390406027436e-04
3.293924673926085234e-04
4.538188222795724869e-03
1.400296023348346353e-04
8.716192678548395634e-05
2.859816886484622955e-04
1.490192080382257700e-04
4.009740077890455723e-04
1.740212738513946533e-02
2.750493586063385010e-03
2.378212288022041321e-03
1.153646662714891136e-04
5.426150746643543243e-04
1.382700866088271141e-03
1.484527892898768187e-04
6.579967215657234192e-03
5.319384392350912094e-03
7.492322009056806564e-03
5.541110411286354065e-03
2.555345883592963219e-03
2.031387528404593468e-03
1.648219069465994835e-03
2.796405367553234100e-02
1.396124134771525860e-03
2.325559034943580627e-03
1.498262514360249043e-03
6.893879733979701996e-03
1.442984677851200104e-03
2.653860952705144882e-03
5.422022659331560135e-03
2.979795914143323898e-03
2.311211638152599335e-02
9.355228976346552372e-04
3.674383508041501045e-03
4.564318805932998657e-03
1.001137658022344112e-03
6.325989961624145508e-04
7.289774948731064796e-04
3.714212798513472080e-04
2.448968961834907532e-02
8.662812178954482079e-04
1.361210830509662628e-03
2.847821451723575592e-03
4.475576570257544518e-04
7.401907350867986679e-03
2.090914873406291008e-03
1.071756123565137386e-03
7.496624253690242767e-03
2.049316884949803352e-03
4.171182401478290558e-03
3.728565643541514874e-04
1.736586127663031220e-04
2.771233557723462582e-04
1.896973117254674435e-04
4.609709139913320541e-03
3.543153579812496901e-04
9.746135910972952843e-04
2.332891162950545549e-04
2.967873297166079283e-04
1.920255890581756830e-04
8.729292312636971474e-04
2.020417305175215006e-04
1.024470780976116657e-03
2.581581240519881248e-03
2.642478793859481812e-04
2.883989072870463133e-04
3.439409774728119373e-04
2.315839665243402123e-04
1.565942366141825914e-04
2.869402233045548201e-04
1.781625906005501747e-04
7.363961776718497276e-04
8.269505633506923914e-05
2.730810374487191439e-04
1.601509866304695606e-04
3.359256370458751917e-04
2.571208169683814049e-04
8.729860186576843262e-03
3.572222776710987091e-04
4.920507781207561493e-03
1.480857725255191326e-03
8.300748653709888458e-03
4.224116273690015078e-04
1.568577019497752190e-03
2.941688522696495056e-03
2.119115181267261505e-02
1.128298928961157799e-03
4.452816676348447800e-03
1.890254672616720200e-03
8.910177275538444519e-03
1.228674501180648804e-02
4.286007490009069443e-03
3.914072294719517231e-04
1.450822036713361740e-02
1.116336672566831112e-03
3.264475846663117409e-03
3.466923662927001715e-04
3.548381384462118149e-03
1.994050480425357819e-02
7.387154735624790192e-03
6.479980424046516418e-03
8.423332124948501587e-03
3.395394189283251762e-03
2.706096973270177841e-03
8.650027215480804443e-03
9.903553291223943233e-05
1.099830958992242813e-02
3.376007589395157993e-05
1.278288429602980614e-03
3.211393021047115326e-03
2.717590890824794769e-03
9.718767367303371429e-03
1.025895588099956512e-03
4.907659022137522697e-04
3.740320098586380482e-04
6.559354369528591633e-04
6.034821271896362305e-04
3.869600128382444382e-03
5.017510149627923965e-03
1.535586826503276825e-02
1.710107200779020786e-03
5.435975617729127407e-04
5.350919906049966812e-03
2.787221688777208328e-03
1.163594890385866165e-03
3.537325537763535976e-04
3.850265638902783394e-03
3.012256638612598181e-04
6.696351920254528522e-05
5.486552254296839237e-04
1.532183960080146790e-04
6.544155185110867023e-04
2.665391424670815468e-03
2.101232530549168587e-04
3.079604648519307375e-04
2.309459669049829245e-04
3.884489415213465691e-04
3.449145937338471413e-03
6.449187640100717545e-04
2.765597891993820667e-04
9.206817485392093658e-04
1.462577201891690493e-04
4.306050323066301644e-05
9.893015958368778229e-04
8.358769118785858154e-04
2.202458126703277230e-04
1.662125432631000876e-04
1.827212981879711151e-04
5.877586663700640202e-04
1.181524991989135742e-02
1.213778741657733917e-02
3.613818436861038208e-03
1.031734049320220947e-02
5.100538022816181183e-03
1.118962932378053665e-02
4.075171425938606262e-03
1.544213388115167618e-03
7.053655572235584259e-04
1.246812986209988594e-03
1.786299049854278564e-03
1.745846384437754750e-04
4.676625248976051807e-04
3.858055861201137304e-04
3.118299646303057671e-04
4.453287110663950443e-04
8.060849359026178718e-05
1.313701737672090530e-03
2.327139227418228984e-04
7.968561112647876143e-05
1.038192276610061526e-04
8.811769657768309116e-04
2.503671275917440653e-04
1.496263284934684634e-04
5.916488007642328739e-04
3.470664669293910265e-04
6.049262592568993568e-04
2.456787333358079195e-04
1.797798788174986839e-03
6.315332720987498760e-04
7.731331425020471215e-05
1.719384599709883332e-04
1.597403897903859615e-04
1.197026722365990281e-04
4.940539947710931301e-04
1.017920440062880516e-04
2.256847510579973459e-04
1.612961350474506617e-04
4.856989471591077745e-05
1.847159146564081311e-04
1.523273385828360915e-04
1.499256468378007412e-04
4.860306798946112394e-04
3.882391029037535191e-04
3.999868204118683934e-05
1.711127231828868389e-03
3.431966179050505161e-04
4.187518497928977013e-04
2.182841271860525012e-04
1.976055325940251350e-03
1.065757023752667010e-04
5.439214874058961868e-04
1.404940267093479633e-04
3.851653891615569592e-04
7.968403951963409781e-05
1.184750144602730870e-04
1.670412602834403515e-04
8.086790330708026886e-05
4.772049942403100431e-05
1.067383273039013147e-04
2.692142152227461338e-04
8.203029283322393894e-04
4.530050209723412991e-04
7.234120275825262070e-04
3.466183625278063118e-05
7.538092322647571564e-04
9.970805607736110687e-03
1.970003126189112663e-03
1.063062995672225952e-02
2.599011873826384544e-03
4.426840692758560181e-03
1.982227899134159088e-03
2.185087418183684349e-03
1.287195459008216858e-02
1.498727826401591301e-03
2.236329484730958939e-03
1.517688017338514328e-02
5.100947804749011993e-03
1.631566137075424194e-02
1.825878978706896305e-03
3.707577707245945930e-04
7.347387727349996567e-04
1.384882256388664246e-03
2.304697968065738678e-02
2.172031067311763763e-02
5.464278510771691799e-04
7.572319824248552322e-03
1.791567541658878326e-02
1.086071040481328964e-02
2.654823241755366325e-03
6.117866723798215389e-04
1.906894845888018608e-03
1.137822633609175682e-03
2.781098475679755211e-03
3.893742710351943970e-02
5.302797537297010422e-03
5.303890211507678032e-04
6.142933852970600128e-04
2.699886821210384369e-02
1.644518226385116577e-02
2.830812474712729454e-03
1.173403463326394558e-03
2.902014879509806633e-03
1.589602790772914886e-03
7.744964677840471268e-03
1.539074443280696869e-02
1.281078322790563107e-03
7.678516954183578491e-02
2.512682694941759109e-03
2.058678120374679565e-02
3.410255012568086386e-04
7.476763334125280380e-03
9.546018205583095551e-03
2.409321255981922150e-02
3.691602032631635666e-03
6.390432245098054409e-04
2.113354019820690155e-02
1.106581557542085648e-02
1.906911376863718033e-03
5.506620742380619049e-03
6.012617377564311028e-04
2.211320679634809494e-03
1.300924632232636213e-04
8.576626423746347427e-04
6.287291180342435837e-04
3.205932734999805689e-04
9.524060413241386414e-03
1.960208901436999440e-04
8.654679404571652412e-04
1.187905087135732174e-03
9.414011240005493164e-02
1.322432945016771555e-04
4.051369149237871170e-03
8.751607383601367474e-04
5.544144194573163986e-03
4.197631962597370148e-03
9.672363288700580597e-03
1.136744674295186996e-02
7.959668524563312531e-03
8.740282501094043255e-04
9.331942535936832428e-03
2.806357806548476219e-03
1.335203531198203564e-03
9.702227544039487839e-04
3.715841798111796379e-03
1.109330216422677040e-03
2.625889901537448168e-04
1.780323497951030731e-02
3.430360928177833557e-03
5.538013763725757599e-03
2.266435511410236359e-02
2.238399116322398186e-03
1.485283835791051388e-03
4.266366362571716309e-03
9.908991865813732147e-03
1.805631443858146667e-02
3.200638806447386742e-03
7.610336760990321636e-04
1.043196860700845718e-02
6.619934574700891972e-04
3.352942643687129021e-03
1.092349924147129059e-02
2.194894710555672646e-03
4.550554323941469193e-03
8.923920686356723309e-04
1.194287091493606567e-03
4.501866642385721207e-03
1.796937547624111176e-02
1.559564750641584396e-02
9.202177170664072037e-04
1.014886889606714249e-02
4.305602051317691803e-03
2.647178771439939737e-04
1.355144078843295574e-03
1.155440416187047958e-02
4.476034082472324371e-04
3.141244815196841955e-05
9.130522812483832240e-05
1.649197292863391340e-05
1.538686919957399368e-04
7.730967627139762044e-05
2.588550793007016182e-03
1.085390176740474999e-04
4.713065573014318943e-04
8.080137195065617561e-04
3.755978832487016916e-04
1.524504186818376184e-04
1.037369147525168955e-04
1.675826060818508267e-04
1.353377883788198233e-04
9.862720617093145847e-05
1.738051068969070911e-03
2.723240177147090435e-04
1.067783596226945519e-04
8.107366738840937614e-04
2.933027571998536587e-04
2.918124664574861526e-04
8.931916818255558610e-05
3.242262464482337236e-04
7.041657809168100357e-04
3.949400852434337139e-04
9.695705375634133816e-04
1.509470981545746326e-03
1.222042925655841827e-02
5.018856609240174294e-04
1.189722213894128799e-03
7.728395517915487289e-03
9.538064477965235710e-04
3.128253668546676636e-02
7.609377149492502213e-03
4.570503719151020050e-03
4.419649485498666763e-03
3.654351085424423218e-02
9.158553555607795715e-03
1.424773945473134518e-03
4.879423230886459351e-02
1.342512387782335281e-02
2.022688277065753937e-03
1.652918173931539059e-03
1.140037644654512405e-02
4.636044614017009735e-03
1.329974532127380371e-01
2.685092331375926733e-04
3.719634609296917915e-03
1.354312058538198471e-03
5.605009384453296661e-03
2.282867394387722015e-02
2.896210551261901855e-02
8.189918589778244495e-04
1.416401378810405731e-02
5.791808944195508957e-04
1.687625481281429529e-04
8.588154742028564215e-05
7.527595880674198270e-05
3.847314976155757904e-03
5.869863525731489062e-05
5.312861874699592590e-03
8.932927739806473255e-04
4.444700607564300299e-05
1.701317261904478073e-03
1.516155170975252986e-04
7.456200546585023403e-04
4.820627873414196074e-05
1.759306032909080386e-04
1.361387781798839569e-03
7.550197187811136246e-04
1.472863659728318453e-04
9.797127131605520844e-05
1.558316434966400266e-04
1.636351953493431211e-04
1.252412475878372788e-04
1.020976706058718264e-04
1.695010141702368855e-04
2.628210233524441719e-03
6.018564818077720702e-05
2.078881516354158521e-04
2.402070967946201563e-04
2.568583295214921236e-04
6.385772576322779059e-05
4.368170048110187054e-04
2.004881534958258271e-04
8.869325392879545689e-04
7.347762584686279297e-05
1.987031719181686640e-04
1.801924780011177063e-03
1.259698648937046528e-03
1.455502468161284924e-03
3.465088666416704655e-04
1.334373373538255692e-02
5.675632273778319359e-04
1.806885935366153717e-03
4.145234415773302317e-04
2.250702964374795556e-04
1.021113945171236992e-03
1.678540720604360104e-03
1.411454286426305771e-03
1.431774464435875416e-03
2.567156217992305756e-03
3.090873127803206444e-03
1.836633682250976562e-02
1.287807361222803593e-03
6.769769359380006790e-03
4.365565255284309387e-03
3.711129538714885712e-03
4.232782230246812105e-04
3.683751856442540884e-04
5.842642276547849178e-04
1.087787386495620012e-04
6.734119961038231850e-05
4.265197203494608402e-04
2.745093079283833504e-04
1.088314806111156940e-03
6.495449633803218603e-05
3.044037730433046818e-04
1.697675674222409725e-03
3.393229417270049453e-05
5.989858254906721413e-05
1.503655803389847279e-03
2.564920112490653992e-03
1.425950613338500261e-04
8.896379586076363921e-05
3.534482311806641519e-05
7.995664782356470823e-05
1.583448465680703521e-04
1.134186095441691577e-04
4.452385110198520124e-05
5.994412931613624096e-04
4.517106863204389811e-04
5.460769534693099558e-05
5.119005800224840641e-05
5.356705878512002528e-05
9.728743316372856498e-05
5.132507794769480824e-05
8.268637466244399548e-04
9.015660180011764169e-05
1.932610612129792571e-04
2.433139306958764791e-04
1.775490272848401219e-05
1.089522338588722050e-04
4.759898001793771982e-04
3.522602128214202821e-05
3.128157695755362511e-04
1.012799111776985228e-04
1.464750530431047082e-04
9.200086788041517138e-05
6.853570084786042571e-05
4.594924030243419111e-05
6.888290226925164461e-05
1.420397165929898620e-04
7.600693061249330640e-05
3.101492475252598524e-04
3.367718600202351809e-04
5.991857033222913742e-03
2.763730473816394806e-03
3.040643350686877966e-04
2.577615086920559406e-04
1.069856341928243637e-03
1.163586042821407318e-03
1.692298427224159241e-02
1.334306434728205204e-03
9.006143547594547272e-03
1.744254404911771417e-04
3.842957084998488426e-05
6.943029438843950629e-05
4.166839935351163149e-04
5.966794560663402081e-05
6.385371088981628418e-04
3.186660978826694191e-05
5.223646803642623127e-05
2.472645719535648823e-04
3.244478139095008373e-04
1.787628134479746222e-04
9.663534729043021798e-05
7.365772762568667531e-05
6.246396515052765608e-05
6.361997220665216446e-04
3.947654477087780833e-05
3.845246828859671950e-05
5.485653673531487584e-05
3.847926273010671139e-04
9.793283243197947741e-05
2.075044030789285898e-04
4.438939213287085295e-04
8.517839160049334168e-05
1.749317598296329379e-04
1.754022378008812666e-04
1.359136367682367563e-04
6.947488145669922233e-05
1.545798877486959100e-04
2.833729195117484778e-05
4.232131323078647256e-05
3.005176404258236289e-05
3.427316260058432817e-04
2.041055267909541726e-04
7.161715620895847678e-05
1.427719107596203685e-04
2.192118881794158369e-05
3.719434607774019241e-04
1.393744605593383312e-04
6.225739489309489727e-04
1.375489955535158515e-04
1.837337549659423530e-05
1.396863954141736031e-04
8.819144568406045437e-05
8.309620898216962814e-05
9.836724348133429885e-05
4.448038089321926236e-05
4.798759473487734795e-04
2.850300552381668240e-05
1.498223991802660748e-05
4.425312727107666433e-05
3.849247877951711416e-05
5.768131231889128685e-04
7.110652222763746977e-05
1.105732371797785163e-04
9.458840213483199477e-05
1.611628942191600800e-02
7.188204326666891575e-04
1.363048795610666275e-03
7.185099646449089050e-03
1.504632644355297089e-03
4.853160586208105087e-03
2.375181531533598900e-03
2.496063534636050463e-04
1.313233631663024426e-03
3.754593199118971825e-03
3.632729640230536461e-04
6.057898863218724728e-04
5.509430775418877602e-04
3.141322638839483261e-03
2.236308529973030090e-03
4.015665035694837570e-03
2.519206027500331402e-04
6.347624002955853939e-04
3.494755597785115242e-03
3.300051321275532246e-04
4.532132006715983152e-04
7.388940546661615372e-03
1.586740545462816954e-04
1.337156537920236588e-02
5.494144861586391926e-04
4.569291486404836178e-04
2.461767522618174553e-03
9.425424505025148392e-04
7.967650308273732662e-04
9.009706554934382439e-04
4.187573213130235672e-04
2.310675045009702444e-04
1.012720633298158646e-03
1.246086088940501213e-03
3.133597318083047867e-03
6.841439171694219112e-04
3.250950481742620468e-03
1.002531498670578003e-03
1.582038530614227057e-04
4.493603482842445374e-03
1.444136258214712143e-03
1.797924749553203583e-02
4.324183391872793436e-04
8.357040933333337307e-04
8.403646643273532391e-05
2.521553542464971542e-03
3.531519905664026737e-04
9.591243416070938110e-02
4.111548187211155891e-04
9.270875016227364540e-04
1.127022504806518555e-02
2.077281475067138672e-02
4.902186919935047626e-04
2.171511389315128326e-02
1.476032892242074013e-03
2.745536621659994125e-04
1.806562504498288035e-04
4.363516345620155334e-04
2.573479141574352980e-04
2.103236969560384750e-03
1.816079020500183105e-04
4.499173373915255070e-04
1.695792307145893574e-04
6.174022564664483070e-04
5.791244620922952890e-05
3.164568624924868345e-04
2.357106655836105347e-03
1.292207743972539902e-03
8.210840635001659393e-03
1.083726179786026478e-03
1.128256972879171371e-02
1.634034514427185059e-02
1.085409196093678474e-03
1.145565137267112732e-02
5.031345644965767860e-04
1.053482643328607082e-03
2.599320840090513229e-03
2.539197541773319244e-02
3.372272942215204239e-03
7.552538532763719559e-03
1.085593015886843204e-03
5.536503158509731293e-03
5.417729727923870087e-03
3.214911324903368950e-03
1.883436227217316628e-03
1.850211992859840393e-02
2.895986544899642467e-04
4.600609536282718182e-04
1.475632283836603165e-02
3.317648079246282578e-03
3.240264719352126122e-03
4.419990291353315115e-04
4.618263919837772846e-04
5.084220902062952518e-04
9.605628438293933868e-04
1.270951470360159874e-03
2.045802684733644128e-04
2.394468756392598152e-03
3.130349097773432732e-03
2.713892608880996704e-03
1.225067302584648132e-03
9.023054735735058784e-04
3.314383327960968018e-02
6.070468807592988014e-04
4.732900299131870270e-03
1.308812759816646576e-03
3.583347052335739136e-02
1.587666757404804230e-02
1.355960615910589695e-03
1.006267219781875610e-02
1.073539679055102170e-04
5.164404283277690411e-04
1.647738972678780556e-03
3.161766217090189457e-04
3.462499807938002050e-05
5.156653351150453091e-04
8.362250518985092640e-04
1.928694546222686768e-03
1.827020023483783007e-04
1.383190246997401118e-04
1.929610443767160177e-04
4.656208693631924689e-05
1.398828695528209209e-03
8.392386953346431255e-04
2.050327311735600233e-04
2.123934973496943712e-04
8.844417752698063850e-04
2.960934361908584833e-04
1.000677366391755641e-04
8.530041668564081192e-05
5.939906623098067939e-05
1.388807198964059353e-03
2.805026015266776085e-03
1.539506920380517840e-04
3.319259034469723701e-03
2.992596942931413651e-03
7.446449599228799343e-04
1.838212646543979645e-02
1.755889039486646652e-03
5.967659875750541687e-03
6.932477699592709541e-04
3.543051716405898333e-04
3.573962301015853882e-02
3.838524688035249710e-03
4.542571259662508965e-04
9.645081590861082077e-04
3.024735196959227324e-04
7.461155182681977749e-04
1.407037954777479172e-03
1.858947332948446274e-03
1.584002398885786533e-03
5.438649677671492100e-04
2.797547960653901100e-03
8.055767044425010681e-03
1.579274982213973999e-02
1.786578941391780972e-04
1.012113876640796661e-03
1.237432879861444235e-04
6.571834674105048180e-04
7.844978012144565582e-03
1.593564823269844055e-02
1.131240464746952057e-02
4.881730768829584122e-03
8.279125206172466278e-03
3.112772479653358459e-03
3.871667722705751657e-04
8.716182492207735777e-05
4.922305379295721650e-05
6.053675679140724242e-05
3.153064244543202221e-05
4.313088138587772846e-04
2.425666607450693846e-04
5.597543902695178986e-03
1.597585040144622326e-03
4.943266394548118114e-04
3.530075991875492036e-05
5.867223953828215599e-04
1.262514037080109119e-03
9.485912596574053168e-05
1.716766855679452419e-04
1.437436585547402501e-04
2.324284869246184826e-04
3.253190079703927040e-04
2.344459790037944913e-04
3.351562772877514362e-04
2.290440897922962904e-04
1.124271377921104431e-02
1.698079577181488276e-04
5.211933748796582222e-04
1.164044660981744528e-04
5.846700631082057953e-03
1.774961710907518864e-03
1.276994298677891493e-04
1.036364265019074082e-04
1.310146762989461422e-03
4.076257027918472886e-05
1.384673756547272205e-03
5.298018222674727440e-04
2.066078741336241364e-04
2.836036728695034981e-03
6.862020236440002918e-04
8.816654444672167301e-04
5.389653961174190044e-04
7.071951986290514469e-04
2.953896485269069672e-02
3.567057428881525993e-04
2.077919198200106621e-03
7.326213526539504528e-04
1.104820892214775085e-02
2.760710008442401886e-02
2.210491657024249434e-04
1.799268531613051891e-03
4.774719418492168188e-04
6.637575104832649231e-03
1.465125102549791336e-02
6.925531197339296341e-04
6.071797106415033340e-04
5.617004819214344025e-03
3.528042230755090714e-03
1.117426669225096703e-03
4.500056675169616938e-04
1.009640836855396628e-04
3.350158294779248536e-05
4.356969147920608521e-03
3.334339635330252349e-05
2.004913403652608395e-05
5.948889884166419506e-04
1.351272687315940857e-03
4.400379839353263378e-04
5.641649113385938108e-05
1.071168808266520500e-03
1.807155640562996268e-04
1.175084034912288189e-04
7.212405907921493053e-04
2.209722151746973395e-05
2.009853953495621681e-03
1.641252747504040599e-04
1.083788301912136376e-04
1.749269868014380336e-04
1.142066539614461362e-04
8.465316932415589690e-05
1.042694348143413663e-04
1.827023370424285531e-04
1.338714937446638942e-04
5.091979401186108589e-04
4.780292510986328125e-05
1.151964097516611218e-04
2.166703234252054244e-05
1.108563388697803020e-03
5.289962064125575125e-05
7.253132935147732496e-05
6.313070480246096849e-05
4.616877995431423187e-04
1.472902658861130476e-04
1.442692242562770844e-03
4.964934487361460924e-05
6.832471262896433473e-05
2.143829624401405454e-05
8.034655911615118384e-05
1.110042940126731992e-04
1.515841460786759853e-03
7.341991877183318138e-04
5.676182263414375484e-05
3.425553222768940032e-05
3.256211930420249701e-04
5.014485213905572891e-04
2.924737753346562386e-03
2.467297716066241264e-03
2.455341396853327751e-03
9.632897563278675079e-03
1.971914665773510933e-03
4.482382209971547127e-04
1.728994771838188171e-03
5.399988032877445221e-03
6.195722962729632854e-04
1.693480880931019783e-04
3.144623769912868738e-04
6.667352863587439060e-05
7.130189624149352312e-05
2.322877699043601751e-04
6.910873344168066978e-05
3.528933739289641380e-04
1.100518275052309036e-04
3.460440784692764282e-04
5.393837273004464805e-05
2.895827055908739567e-04
6.109110545367002487e-04
3.065861994400620461e-03
2.545414608903229237e-04
5.514392978511750698e-05
6.049566582078114152e-05
9.773066994966939092e-05
7.959763752296566963e-04
1.913067651912570000e-03
5.422661197371780872e-04
1.191985560581088066e-03
2.742765173024963588e-05
1.550249871797859669e-04
5.985685274936258793e-04
4.423123391461558640e-05
6.033543031662702560e-04
2.621719322632998228e-04
2.860398381017148495e-04
1.273074594791978598e-04
7.404595089610666037e-05
4.510135855525732040e-03
7.876492454670369625e-04
4.044530214741826057e-05
1.543947146274149418e-03
1.397340965922921896e-04
2.618736471049487591e-04
1.510302390670403838e-04
2.489803882781416178e-04
2.809023717418313026e-04
8.946006710175424814e-05
9.759968816069886088e-05
2.661774051375687122e-04
2.566044859122484922e-04
2.282619476318359375e-03
6.865672912681475282e-05
2.257981832372024655e-04
2.114547824021428823e-04
6.058132741600275040e-03
3.831807043752633035e-05
7.341182790696620941e-04
1.505015970906242728e-04
1.123758556786924601e-04
2.194819535361602902e-04
3.919135313481092453e-03
1.378568849759176373e-04
1.831328409025445580e-04
1.992845907807350159e-03
8.604517206549644470e-04
1.399424974806606770e-03
1.214730087667703629e-03
1.642624614760279655e-03
2.340131613891571760e-04
3.038647212088108063e-02
4.180015821475535631e-04
2.650699811056256294e-03
1.006504404358565807e-03
1.184753724373877048e-03
1.148691982962191105e-03
2.583878859877586365e-02
2.180648443754762411e-04
5.907725542783737183e-03
6.988633889704942703e-03
2.559486078098416328e-03
1.278047217056155205e-03
2.630662056617438793e-04
1.167541704489849508e-04
5.816058255732059479e-03
2.625213004648685455e-03
3.267302736639976501e-02
9.143186034634709358e-04
1.866481616161763668e-04
2.914984710514545441e-03
1.983721554279327393e-02
6.970797665417194366e-03
2.638502512127161026e-03
2.729441504925489426e-03
1.597300171852111816e-03
1.136435661464929581e-02
5.888925865292549133e-03
1.684112288057804108e-02
1.024980843067169189e-02
2.146247861674055457e-04
2.633537538349628448e-02
2.805064199492335320e-03
1.704412745311856270e-03
1.137659512460231781e-02
3.187295049428939819e-02
7.306843064725399017e-03
1.245117979124188423e-03
7.833776762709021568e-04
2.244719304144382477e-02
1.121462043374776840e-02
5.738647188991308212e-03
6.922121974639594555e-04
9.389447513967752457e-04
3.430021752137690783e-04
7.958161295391619205e-04
8.550485596060752869e-03
4.081828519701957703e-04
2.762248506769537926e-03
6.305222050286829472e-04
5.382371091400273144e-05
3.763727436307817698e-04
5.236048600636422634e-04
4.584399051964282990e-03
6.193491281010210514e-04
7.772945333272218704e-03
4.174738423898816109e-04
4.068496637046337128e-04
2.856125868856906891e-02
2.256253646919503808e-04
1.121152471750974655e-02
7.960768416523933411e-04
1.319076400250196457e-03
2.686141058802604675e-02
1.023084949702024460e-02
1.517855678685009480e-03
1.078564440831542015e-03
4.284369351807981730e-04
4.319569561630487442e-03
4.550665151327848434e-03
2.063523279502987862e-04
1.634580828249454498e-02
2.538753324188292027e-04
5.345770157873630524e-03
4.881144559476524591e-04
1.101414905861020088e-03
1.305964193306863308e-03
3.161487402394413948e-03
2.296367660164833069e-03
7.721103611402213573e-04
4.005981027148663998e-04
2.403126657009124756e-02
1.343136536888778210e-03
8.468953892588615417e-03
6.780095864087343216e-04
6.310811149887740612e-04
4.507462494075298309e-03
3.578278468921780586e-03
6.536035332828760147e-03
1.354984492063522339e-01
3.882612334564328194e-03
8.534907246939837933e-04
1.987771503627300262e-02
9.754615020938217640e-04
2.071584109216928482e-03
1.038929298520088196e-01
4.608180839568376541e-03
2.943022549152374268e-02
3.494807460810989141e-04
1.012545730918645859e-02
2.130155451595783234e-03
2.452071523293852806e-03
9.457130217924714088e-04
4.712857480626553297e-04
9.310216410085558891e-04
4.007164898212067783e-05
1.540718507021665573e-02
7.550148438895121217e-05
2.574233221821486950e-04
1.208211324410513043e-04
5.326493919710628688e-05
1.491170562803745270e-02
1.413331774529069662e-04
3.120142791885882616e-04
1.874455047072842717e-04
6.230263039469718933e-03
3.437914710957556963e-05
5.988429184071719646e-04
1.207312525366432965e-04
3.488750371616333723e-04
4.651142808143049479e-05
5.525205779122188687e-05
3.083717019762843847e-04
5.782385705970227718e-04
5.694162682630121708e-04
5.067460733698680997e-05
2.399774966761469841e-03
3.048133803531527519e-04
4.392655566334724426e-03
3.079242818057537079e-02
1.165589317679405212e-03
4.746459890156984329e-04
2.827402018010616302e-02
6.965255830436944962e-03
1.381642301566898823e-03
1.809614477679133415e-03
2.998474054038524628e-03
7.482704240828752518e-04
8.341953507624566555e-04
6.941368337720632553e-04
1.312845386564731598e-03
3.173926088493317366e-04
3.777362639084458351e-03
1.564581296406686306e-03
4.191182088106870651e-04
3.412158926948904991e-03
1.635908032767474651e-03
8.012277539819478989e-04
7.914600428193807602e-04
5.448637530207633972e-04
8.482243283651769161e-04
2.692386507987976074e-03
1.518176635727286339e-03
3.819546545855700970e-04
7.567447028122842312e-04
1.694529928499832749e-04
1.345575437881052494e-04
6.230746395885944366e-03
2.131122909486293793e-02
1.242931757587939501e-04
1.334693515673279762e-04
6.718130316585302353e-04
5.285949009703472257e-05
1.615822111489251256e-04
5.147959018358960748e-05
6.195777677930891514e-05
2.037368103628978133e-04
1.979735912755131721e-03
3.086088981945067644e-04
1.008558756439015269e-04
5.038937160861678421e-05
7.368397200480103493e-05
9.207988623529672623e-04
2.305386005900800228e-04
1.879201154224574566e-04
1.091816229745745659e-04
3.380693378858268261e-04
4.263535811332985759e-05
3.781002014875411987e-04
4.260889254510402679e-04
1.225829182658344507e-04
5.299906479194760323e-04
1.543765101814642549e-04
9.810554183786734939e-05
1.032887812471017241e-04
1.990926830330863595e-04
5.664180571329779923e-05
7.756771083222702146e-05
3.079116140725091100e-05
3.923074473277665675e-05
3.395392850507050753e-04
7.634623216290492564e-06
2.264827489852905273e-02
2.406337589491158724e-04
5.582746816799044609e-04
2.374805277213454247e-03
2.958640106953680515e-04
1.013769768178462982e-03
1.636588131077587605e-03
1.227427041158080101e-03
1.237310789292678237e-04
8.544579613953828812e-04
1.110767596401274204e-03
1.404387585353106260e-04
2.462055417709052563e-04
1.369921606965363026e-03
9.354576468467712402e-04
4.755936970468610525e-04
7.529817987233400345e-03
8.102362626232206821e-04
1.021546660922467709e-03
1.813171315006911755e-03
4.346050263848155737e-04
4.640055121853947639e-04
4.425852603162638843e-05
7.906962855486199260e-05
1.399181492161005735e-04
2.671128459041938186e-05
1.266085746465250850e-04
2.830314224411267787e-05
9.848430636338889599e-05
1.584194251336157322e-05
4.230683407513424754e-05
1.226374661200679839e-05
4.639113467419520020e-05
1.772572286427021027e-03
5.133992090122774243e-05
6.757912342436611652e-05
7.168406591517850757e-05
1.766087079886347055e-04
1.634933141758665442e-04
1.079836860299110413e-03
5.072912899777293205e-04
1.169508468592539430e-04
2.912626136094331741e-03
1.983586480491794646e-05
8.648340735817328095e-05
3.200018909410573542e-05
1.700630236882716417e-04
4.700706922449171543e-04
1.398320309817790985e-04
1.799228921299800277e-04
7.957891793921589851e-04
4.134218324907124043e-04
8.566513861296698451e-05
1.164854969829320908e-03
1.977228821488097310e-04
9.237009799107909203e-04
8.892710320651531219e-04
1.560736272949725389e-04
2.156740811187773943e-04
1.118791478802450001e-04
2.712766763579566032e-05
4.671865099226124585e-05
1.331889870925806463e-05
7.032621942926198244e-05
1.357258297502994537e-04
1.402733178110793233e-04
2.969793276861310005e-04
3.221190127078443766e-04
1.066123484633862972e-03
1.076452666893601418e-03
3.722749417647719383e-03
2.087157685309648514e-03
1.756059587933123112e-03
4.355585202574729919e-03
4.031710326671600342e-03
3.672817256301641464e-04
3.419980348553508520e-04
1.464007436879910529e-05
1.772770701791159809e-05
7.930612628115341067e-05
4.394701390992850065e-04
2.834905171766877174e-04
2.255605249956715852e-05
2.324604065506719053e-05
1.961769521585665643e-05
3.663934767246246338e-04
1.214832809637300670e-04
3.616274916566908360e-04
3.380703856237232685e-05
1.587496808497235179e-04
1.515931398898828775e-05
4.926148103550076485e-04
5.234414493315853179e-05
3.466733323875814676e-05
7.444556104019284248e-05
7.694755913689732552e-05
3.972518024966120720e-04
4.176591392024420202e-05
3.190061761415563524e-05
1.905602584884036332e-05
3.971866317442618310e-05
9.701913768367376179e-06
1.538015494588762522e-04
3.153292709612287581e-05
1.236779207829385996e-04
8.913576493796426803e-06
7.953379827085882425e-05
3.006547049153596163e-04
3.770072362385690212e-05
2.349416172364726663e-05
9.392492211190983653e-05
4.800198439625091851e-05
8.366822294192388654e-05
1.709091884549707174e-04
2.211256833106745034e-05
2.822798342094756663e-05
2.520065754652023315e-04
1.318012164119863883e-05
1.179869013867573813e-05
5.719108230550773442e-05
1.212650822708383203e-04
9.183557995129376650e-05
2.468532693455927074e-05
4.885544694843702018e-05
4.400077887112274766e-05
4.740742588182911277e-05
1.506460648670326918e-05
2.096374009852297604e-05
1.676536921877413988e-04
9.730354213388636708e-05
1.326545898336917162e-04
2.741498974501155317e-05
1.623805379495024681e-03
4.052735166624188423e-04
5.471626063808798790e-04
3.677336499094963074e-04
2.203708572778850794e-04
2.326106186956167221e-03
4.846883239224553108e-04
4.191973712295293808e-04
5.708504002541303635e-03
1.336049608653411269e-04
1.773713738657534122e-04
8.135258685797452927e-04
1.403851667419075966e-03
1.331300474703311920e-03
4.905781825073063374e-04
4.405304789543151855e-04
6.021293229423463345e-04
1.185426395386457443e-02
6.573947146534919739e-03
8.949755690991878510e-03
2.235366264358162880e-03
7.326820632442831993e-04
2.450076164677739143e-03
1.562377810478210449e-02
1.580107782501727343e-04
7.163636037148535252e-04
8.208092767745256424e-04
3.226394765079021454e-03
2.047407999634742737e-02
1.043411437422037125e-02
1.046037115156650543e-02
2.491583290975540876e-04
1.032727025449275970e-02
1.701977918855845928e-03
4.302735906094312668e-03
3.122036717832088470e-02
3.975631203502416611e-03
8.745240047574043274e-03
1.160149578936398029e-03
7.737399544566869736e-03
1.349900569766759872e-02
2.438138425350189209e-02
2.771923877298831940e-02
7.025935221463441849e-03
3.142586210742592812e-04
1.687102718278765678e-03
1.510436180979013443e-03
5.132714752107858658e-03
7.556035416200757027e-04
1.024935394525527954e-03
2.468012506142258644e-03
2.915276400744915009e-02
1.204935717396438122e-03
5.056612193584442139e-03
3.429121861699968576e-04
7.195389480330049992e-04
3.329564933665096760e-04
7.467911345884203911e-04
4.203264834359288216e-04
2.075170341413468122e-04
1.437579048797488213e-04
6.515190470963716507e-04
1.421714841853827238e-04
5.695150466635823250e-04
5.360892828321084380e-05
6.559248431585729122e-04
7.296216208487749100e-04
1.474191201850771904e-03
1.043633325025439262e-03
1.123342476785182953e-02
6.092826952226459980e-04
3.133356338366866112e-03
2.590633812360465527e-04
9.832645300775766373e-04
1.802032929845154285e-04
5.349613260477781296e-03
7.324139587581157684e-04
1.984184607863426208e-02
2.222081384388729930e-04
4.462279321160167456e-04
7.468742318451404572e-03
1.126157678663730621e-02
2.363926469115540385e-04
1.608283258974552155e-02
2.217545174062252045e-03
5.746214883401989937e-04
5.715399165637791157e-04
4.496138077229261398e-03
2.148701576516032219e-03
3.734417259693145752e-03
