1.965000000000000080e-01
7.850000000000000311e-01
8.340999999999999526e-01
8.998000000000000442e-01
9.594000000000000306e-01
9.526999999999999913e-01
9.527999999999999803e-01
9.570999999999999508e-01
9.569999999999999618e-01
9.580999999999999517e-01
9.532000000000000473e-01
9.659999999999999698e-01
9.497999999999999776e-01
9.744000000000000439e-01
9.675000000000000266e-01
9.631999999999999451e-01
9.649999999999999689e-01
9.665000000000000258e-01
9.667999999999999927e-01
9.508999999999999675e-01
9.653000000000000469e-01
9.720999999999999641e-01
9.488999999999999657e-01
9.645000000000000240e-01
9.599999999999999645e-01
9.344999999999999973e-01
9.631999999999999451e-01
9.686000000000000165e-01
9.494000000000000217e-01
9.697999999999999954e-01
9.677000000000000046e-01
9.654000000000000359e-01
9.698999999999999844e-01
9.755000000000000338e-01
9.604000000000000314e-01
9.718999999999999861e-01
9.731999999999999540e-01
9.737999999999999989e-01
9.715000000000000302e-01
9.697999999999999954e-01
9.721999999999999531e-01
9.749999999999999778e-01
9.754000000000000448e-01
9.744000000000000439e-01
9.653000000000000469e-01
9.740999999999999659e-01
9.699999999999999734e-01
9.733000000000000540e-01
9.747000000000000108e-01
9.747000000000000108e-01
