2.306054353713989258e+00
2.053442955017089844e+00
1.803633570671081543e+00
1.673938274383544922e+00
1.450114250183105469e+00
1.216533899307250977e+00
1.921700596809387207e+00
1.619556903839111328e+00
1.427084326744079590e+00
1.264419794082641602e+00
1.165453672409057617e+00
1.089255213737487793e+00
1.537847399711608887e+00
1.206351637840270996e+00
1.025602221488952637e+00
8.329973220825195312e-01
8.569511771202087402e-01
7.151198387145996094e-01
1.146352887153625488e+00
9.276152849197387695e-01
8.256050348281860352e-01
8.035160899162292480e-01
6.209149956703186035e-01
5.941430330276489258e-01
9.392749667167663574e-01
6.025745868682861328e-01
5.722014307975769043e-01
4.652065932750701904e-01
8.138743042945861816e-01
5.522388815879821777e-01
6.813726425170898438e-01
4.469420015811920166e-01
4.636316597461700439e-01
4.834097921848297119e-01
3.603973686695098877e-01
3.540540933609008789e-01
5.815795063972473145e-01
3.516800105571746826e-01
3.312304615974426270e-01
3.146684169769287109e-01
2.235849946737289429e-01
2.645615041255950928e-01
4.250550270080566406e-01
3.586947619915008545e-01
2.903501689434051514e-01
2.720333933830261230e-01
3.263066411018371582e-01
2.648638486862182617e-01
3.514004945755004883e-01
2.727717757225036621e-01
2.757361531257629395e-01
2.127023041248321533e-01
2.230369746685028076e-01
2.325332611799240112e-01
2.237558811902999878e-01
2.718250453472137451e-01
3.608128428459167480e-01
2.213302254676818848e-01
1.796388328075408936e-01
2.341718822717666626e-01
3.158795833587646484e-01
2.489727288484573364e-01
1.411485075950622559e-01
2.067402899265289307e-01
1.816436946392059326e-01
1.597095876932144165e-01
2.477893531322479248e-01
1.223303526639938354e-01
1.365719884634017944e-01
1.794781535863876343e-01
1.474280953407287598e-01
1.371635049581527710e-01
1.440796256065368652e-01
1.951431930065155029e-01
1.941232383251190186e-01
1.708368360996246338e-01
1.575556695461273193e-01
1.517516821622848511e-01
2.134248763322830200e-01
1.341810375452041626e-01
1.254266053438186646e-01
1.631991267204284668e-01
1.433799564838409424e-01
1.134166792035102844e-01
2.170447707176208496e-01
1.579267829656600952e-01
1.272686272859573364e-01
1.240255981683731079e-01
1.245269849896430969e-01
1.821229010820388794e-01
1.822890043258666992e-01
1.164196878671646118e-01
7.417754083871841431e-02
1.725816726684570312e-01
1.086250692605972290e-01
1.889489442110061646e-01
1.177708953619003296e-01
1.229379698634147644e-01
1.291397958993911743e-01
1.203827410936355591e-01
1.081210076808929443e-01
1.985518038272857666e-01
1.490361541509628296e-01
9.060861170291900635e-02
6.034790351986885071e-02
1.290297806262969971e-01
1.286768615245819092e-01
1.081340312957763672e-01
1.939238607883453369e-01
7.544651627540588379e-02
1.021368056535720825e-01
6.083054468035697937e-02
1.367748528718948364e-01
2.230638414621353149e-01
1.525271385908126831e-01
8.508354425430297852e-02
1.061383038759231567e-01
5.706961825489997864e-02
1.010577827692031860e-01
1.327411532402038574e-01
2.157777845859527588e-01
8.289691060781478882e-02
1.119414418935775757e-01
1.434459984302520752e-01
7.695976644754409790e-02
1.034040972590446472e-01
9.488645941019058228e-02
1.160382404923439026e-01
5.688973888754844666e-02
4.648281261324882507e-02
4.897318780422210693e-02
7.147143036127090454e-02
8.883465826511383057e-02
8.405037224292755127e-02
5.784933269023895264e-02
6.183721125125885010e-02
1.652938127517700195e-01
8.282687515020370483e-02
1.242767274379730225e-01
8.437652885913848877e-02
1.440493315458297729e-01
4.173445329070091248e-02
4.361011087894439697e-02
1.236211583018302917e-01
1.274201273918151855e-01
5.732958763837814331e-02
4.856880754232406616e-02
7.582399994134902954e-02
6.698840111494064331e-02
1.011287569999694824e-01
9.975121170282363892e-02
7.836166024208068848e-02
1.088563054800033569e-01
6.869743019342422485e-02
5.697249621152877808e-02
4.873199388384819031e-02
1.292597800493240356e-01
1.231972202658653259e-01
4.414330050349235535e-02
6.370203942060470581e-02
6.346120685338973999e-02
8.724889904260635376e-02
1.937016993761062622e-01
9.509634971618652344e-02
4.954214394092559814e-02
6.476837396621704102e-02
7.982694357633590698e-02
8.295263350009918213e-02
1.397649347782135010e-01
5.066093429923057556e-02
5.962245166301727295e-02
3.469575196504592896e-02
1.174594163894653320e-01
4.391548410058021545e-02
6.748159229755401611e-02
5.359832197427749634e-02
5.812526494264602661e-02
4.684707522392272949e-02
8.939314633607864380e-02
1.492079347372055054e-01
7.364553213119506836e-02
6.775412708520889282e-02
2.492072246968746185e-02
5.855822563171386719e-02
4.846693575382232666e-02
5.916570127010345459e-02
1.511932909488677979e-01
1.238946169614791870e-01
4.348821192979812622e-02
8.473205566406250000e-02
2.087269872426986694e-01
1.040081828832626343e-01
1.111918836832046509e-01
1.289827972650527954e-01
3.643796220421791077e-02
7.892920076847076416e-02
1.134467050433158875e-01
6.792410463094711304e-02
6.147610396146774292e-02
3.290279954671859741e-02
7.137456536293029785e-02
9.596694260835647583e-02
3.993098437786102295e-02
1.270448714494705200e-01
1.290838420391082764e-01
8.591351658105850220e-02
4.449910670518875122e-02
7.378505170345306396e-02
5.611792951822280884e-02
5.416949465870857239e-02
7.870037108659744263e-02
6.541620939970016479e-02
1.979835703969001770e-02
2.705337665975093842e-02
1.786322891712188721e-02
8.513309061527252197e-02
6.498058140277862549e-02
1.210609376430511475e-01
5.969575047492980957e-02
4.770931228995323181e-02
2.781989797949790955e-02
6.638989597558975220e-02
1.526520103216171265e-01
1.726089715957641602e-01
5.575049296021461487e-02
7.113538682460784912e-02
6.766977161169052124e-02
3.894313797354698181e-02
7.883105427026748657e-02
7.859133929014205933e-02
7.337783277034759521e-02
8.323876559734344482e-02
1.258467435836791992e-01
4.970500990748405457e-02
4.746300727128982544e-02
4.743562638759613037e-02
4.913656413555145264e-02
6.297954171895980835e-02
2.755550481379032135e-02
3.292531520128250122e-02
1.275644153356552124e-01
5.049126967787742615e-02
3.983359783887863159e-02
7.422421872615814209e-02
4.536380618810653687e-02
8.173368126153945923e-02
1.139458939433097839e-01
7.769832015037536621e-02
5.651208013296127319e-02
2.703037485480308533e-02
1.068346574902534485e-01
2.135377004742622375e-02
7.924583554267883301e-02
2.304959483444690704e-02
3.983294218778610229e-02
7.588846981525421143e-02
6.682464480400085449e-02
6.850171089172363281e-02
9.137332439422607422e-02
6.274505704641342163e-02
9.049772471189498901e-02
4.997576400637626648e-02
3.200232982635498047e-02
5.541411042213439941e-02
7.735256850719451904e-02
6.043954938650131226e-02
9.953327476978302002e-02
3.105213306844234467e-02
1.736250892281532288e-02
3.993340209126472473e-02
5.043609812855720520e-02
5.291103199124336243e-02
4.194033518433570862e-02
3.586937859654426575e-02
7.034614682197570801e-02
2.202987670898437500e-02
9.254191815853118896e-02
5.868706852197647095e-02
2.622281014919281006e-02
2.261195331811904907e-02
6.753762811422348022e-02
1.797054521739482880e-02
7.943709939718246460e-02
3.782524541020393372e-02
2.095600217580795288e-02
8.472076803445816040e-02
1.166907474398612976e-01
1.559085100889205933e-01
7.420825213193893433e-02
5.376874655485153198e-02
4.695250466465950012e-02
1.180114075541496277e-01
4.467451572418212891e-02
4.991925880312919617e-02
6.815588474273681641e-02
5.043399706482887268e-02
6.372055411338806152e-02
4.198241978883743286e-02
3.690457716584205627e-02
3.823795169591903687e-02
2.149174362421035767e-02
5.158535018563270569e-02
2.635940723121166229e-02
1.499521080404520035e-02
1.218183059245347977e-02
5.536273494362831116e-02
7.245943695306777954e-02
5.404603108763694763e-02
2.617750316858291626e-02
4.989477246999740601e-02
3.218108788132667542e-02
2.274545654654502869e-02
2.661169879138469696e-02
7.087893784046173096e-02
3.245919570326805115e-02
2.744449302554130554e-02
6.852953135967254639e-02
3.603322058916091919e-02
4.695418104529380798e-02
2.718257531523704529e-02
1.954694651067256927e-02
2.252868004143238068e-02
2.398570068180561066e-02
3.569925948977470398e-02
5.666530877351760864e-02
4.678669199347496033e-02
1.505029760301113129e-02
2.345734462141990662e-02
2.337205037474632263e-02
5.071988329291343689e-02
5.486663430929183960e-02
2.633897773921489716e-02
2.580453269183635712e-02
8.016925305128097534e-02
1.215152628719806671e-02
1.221349239349365234e-01
8.011703938245773315e-02
7.394123822450637817e-02
4.797128587961196899e-02
5.464584007859230042e-02
3.007900714874267578e-02
1.404694765806198120e-01
1.391521245241165161e-01
5.514274537563323975e-02
2.859825827181339264e-02
1.852382533252239227e-02
2.690885029733181000e-02
4.010894149541854858e-02
7.947208732366561890e-02
6.955434381961822510e-02
1.801221445202827454e-02
2.897304482758045197e-02
3.464002534747123718e-02
3.320090472698211670e-02
5.258229374885559082e-02
7.651387900114059448e-02
2.530990168452262878e-02
4.579403251409530640e-02
1.113809645175933838e-01
6.186346337199211121e-02
6.091916561126708984e-02
7.693677395582199097e-02
1.310307625681161880e-02
1.987289823591709137e-02
4.343103617429733276e-02
2.168742194771766663e-02
2.001190185546875000e-02
2.295846864581108093e-02
1.719000004231929779e-02
2.253331057727336884e-02
1.642424054443836212e-02
6.534346938133239746e-02
4.572064802050590515e-02
2.039353363215923309e-02
4.021369293332099915e-02
2.596187032759189606e-02
1.097987685352563858e-02
1.278205774724483490e-02
5.552886426448822021e-02
1.840240135788917542e-02
3.816629946231842041e-02
6.031419709324836731e-02
1.085742376744747162e-02
3.531932830810546875e-02
2.499429509043693542e-02
3.604098781943321228e-02
5.016340315341949463e-02
2.510271035134792328e-02
1.988653279840946198e-02
4.093538224697113037e-02
6.333488225936889648e-02
1.119055598974227905e-02
9.220436960458755493e-02
2.328174747526645660e-02
1.624265499413013458e-02
5.838740244507789612e-02
8.172742277383804321e-02
3.243856132030487061e-02
2.234705351293087006e-02
3.313092142343521118e-02
3.732565790414810181e-02
8.859714120626449585e-02
8.680845052003860474e-02
4.310117289423942566e-02
1.786712557077407837e-02
1.019533630460500717e-02
2.164612524211406708e-02
2.251302637159824371e-02
8.558244258165359497e-02
3.727973252534866333e-02
9.111343882977962494e-03
2.318490669131278992e-02
5.284822359681129456e-02
2.751869522035121918e-02
3.336295112967491150e-02
2.263301052153110504e-02
2.279997803270816803e-02
6.049078330397605896e-02
5.063125491142272949e-02
2.783740311861038208e-02
2.868857793509960175e-02
2.618044801056385040e-02
4.948083311319351196e-02
1.542808301746845245e-02
1.142955571413040161e-02
2.787403576076030731e-02
8.603028953075408936e-02
8.251451700925827026e-02
1.759569719433784485e-02
1.220269221812486649e-02
6.032115593552589417e-02
3.898149728775024414e-02
8.357977867126464844e-02
2.748732641339302063e-02
1.241293456405401230e-02
1.413938589394092560e-02
5.652870237827301025e-02
2.731235511600971222e-02
1.050636097788810730e-01
5.142923817038536072e-02
1.362216752022504807e-02
3.781256079673767090e-02
1.728160865604877472e-02
9.413338452577590942e-02
4.955082759261131287e-02
5.264857038855552673e-02
2.524260804057121277e-02
1.421915143728256226e-01
2.001284994184970856e-02
1.384099014103412628e-02
2.198148332536220551e-02
2.855902910232543945e-02
1.007354333996772766e-01
2.050915360450744629e-02
4.619184881448745728e-02
2.283244207501411438e-02
5.243456363677978516e-02
1.307098567485809326e-02
2.852839231491088867e-02
1.777796447277069092e-02
3.483780100941658020e-02
4.157066345214843750e-02
1.425973176956176758e-01
3.454781696200370789e-02
5.473880097270011902e-02
6.268864870071411133e-02
2.914551086723804474e-02
2.056282944977283478e-02
2.799879759550094604e-02
1.498796325176954269e-02
5.193968489766120911e-02
2.263285778462886810e-02
2.532940544188022614e-02
2.792868204414844513e-02
8.138640224933624268e-02
7.961169816553592682e-03
3.767616674304008484e-02
4.666354972869157791e-03
5.693421699106693268e-03
2.303487248718738556e-02
1.489921193569898605e-02
1.903581805527210236e-02
7.160054054111242294e-03
1.259284652769565582e-02
9.836676530539989471e-03
1.625490933656692505e-02
3.962370008230209351e-02
2.793001011013984680e-02
2.604074217379093170e-02
4.132807627320289612e-02
1.066978741437196732e-02
2.391013875603675842e-02
3.968769684433937073e-02
3.214066848158836365e-02
4.225522652268409729e-02
1.694340631365776062e-02
3.368947282433509827e-02
1.177510339766740799e-02
8.984709531068801880e-02
2.425985038280487061e-02
1.296262443065643311e-02
1.002280041575431824e-02
2.913302183151245117e-02
9.046826511621475220e-03
2.545206435024738312e-02
2.616073749959468842e-02
1.494767144322395325e-02
1.141155790537595749e-02
1.390242669731378555e-02
1.266927737742662430e-02
4.488078504800796509e-02
1.499982550740242004e-02
7.006168365478515625e-03
2.693409100174903870e-02
6.959877442568540573e-03
1.356607303023338318e-02
2.076260186731815338e-02
7.627640850841999054e-03
5.091091617941856384e-03
1.216876879334449768e-02
2.063563093543052673e-02
2.811370044946670532e-02
5.096075683832168579e-02
1.769873127341270447e-02
2.981493063271045685e-02
3.032248280942440033e-02
1.695375330746173859e-02
4.540557786822319031e-02
3.228420391678810120e-02
2.969335392117500305e-02
2.582044899463653564e-02
1.342808157205581665e-01
1.331824529916048050e-02
2.058962732553482056e-02
4.527401924133300781e-02
8.677947334945201874e-03
8.879426866769790649e-03
1.733724214136600494e-02
4.086567834019660950e-02
4.701036214828491211e-02
4.926747456192970276e-02
2.781855314970016479e-02
8.939053863286972046e-03
3.952993825078010559e-02
1.027120836079120636e-02
9.545792639255523682e-02
2.730238065123558044e-02
4.661182314157485962e-02
2.204347215592861176e-02
1.263458933681249619e-02
2.101300098001956940e-02
2.676285058259963989e-02
6.937883049249649048e-02
2.831612154841423035e-02
7.927793078124523163e-03
1.037110574543476105e-02
1.958306878805160522e-02
4.542078077793121338e-02
2.090726047754287720e-02
1.985828392207622528e-02
1.283434592187404633e-02
2.963091246783733368e-02
4.555634222924709320e-03
7.475451566278934479e-03
1.397992018610239029e-02
1.531487144529819489e-02
7.390740327537059784e-03
7.616590708494186401e-03
1.111597381532192230e-02
5.652892868965864182e-03
9.198530577123165131e-03
4.638872295618057251e-02
6.600179709494113922e-03
5.749418865889310837e-03
2.446794882416725159e-02
2.345804870128631592e-02
3.361172229051589966e-02
1.052222494035959244e-02
9.807200171053409576e-03
2.676531672477722168e-02
6.865729391574859619e-02
1.264094933867454529e-02
1.559125352650880814e-02
3.850120678544044495e-02
4.805569723248481750e-02
1.294611860066652298e-02
4.584188759326934814e-02
3.115762025117874146e-02
5.089405551552772522e-02
1.040749624371528625e-02
1.646264828741550446e-02
3.219361975789070129e-02
2.459825389087200165e-02
6.509814411401748657e-02
1.582568325102329254e-02
6.393156480044126511e-03
3.612810000777244568e-02
1.939115300774574280e-02
8.418349549174308777e-03
5.893665552139282227e-02
1.463396567851305008e-02
7.612983137369155884e-02
1.998847909271717072e-02
2.706866152584552765e-02
4.201952368021011353e-02
8.447507023811340332e-02
8.738400042057037354e-02
8.391521871089935303e-03
6.763536017388105392e-03
2.580720745027065277e-02
5.067138001322746277e-02
1.560283917933702469e-02
9.850187227129936218e-03
1.171637605875730515e-02
2.587761171162128448e-02
8.417573757469654083e-03
1.947322674095630646e-02
4.314227402210235596e-02
2.303628250956535339e-02
8.884490467607975006e-03
5.994789768010377884e-03
1.125352829694747925e-02
3.643654286861419678e-02
4.554185643792152405e-02
2.951269783079624176e-02
6.828255020081996918e-03
2.475045062601566315e-02
1.238293759524822235e-02
6.144182290881872177e-03
8.659716695547103882e-03
4.277727380394935608e-02
9.500974789261817932e-03
3.893057256937026978e-02
5.494389683008193970e-03
1.509753894060850143e-02
7.635372690856456757e-03
1.789110153913497925e-02
2.505036629736423492e-02
5.542492028325796127e-03
5.139708984643220901e-03
8.656336925923824310e-03
6.583178043365478516e-02
3.514040634036064148e-02
3.553402796387672424e-02
1.160697173327207565e-02
5.034432746469974518e-03
1.413612347096204758e-02
5.093736574053764343e-03
5.173422768712043762e-02
1.890852674841880798e-02
6.594552192836999893e-03
6.912418641149997711e-03
2.121330611407756805e-02
1.508473232388496399e-02
2.550767362117767334e-02
1.591729372739791870e-02
6.123711355030536652e-03
2.331159450113773346e-02
5.424218252301216125e-03
7.075331639498472214e-03
1.131063625216484070e-01
1.267088111490011215e-02
5.882374476641416550e-03
9.553627669811248779e-02
1.407948043197393417e-02
5.727574229240417480e-03
1.600807532668113708e-02
2.311391383409500122e-02
1.431763172149658203e-02
8.763205260038375854e-03
3.997546434402465820e-02
2.178795821964740753e-02
2.270030416548252106e-02
8.506671525537967682e-03
1.713087037205696106e-02
1.600917987525463104e-02
6.234785076230764389e-03
6.277009099721908569e-02
4.331825301051139832e-02
1.049619168043136597e-02
8.750459179282188416e-03
4.454773850739002228e-03
2.150110714137554169e-02
5.185088887810707092e-02
1.832389272749423981e-02
6.494547706097364426e-03
3.873017616569995880e-03
1.177170127630233765e-02
3.770489478483796120e-03
4.077357798814773560e-02
4.726659506559371948e-02
6.727211177349090576e-03
4.229924827814102173e-02
9.044128470122814178e-03
1.326356083154678345e-02
2.364249341189861298e-02
4.463059082627296448e-02
6.079086102545261383e-03
4.939191509038209915e-03
4.172616638243198395e-03
8.275315165519714355e-03
5.171186290681362152e-03
7.625752687454223633e-02
2.091987431049346924e-02
7.285797502845525742e-03
8.215368539094924927e-02
5.423338338732719421e-02
2.435113303363323212e-02
7.791571319103240967e-02
2.812534570693969727e-02
6.832047365605831146e-03
2.012618072330951691e-02
5.645881593227386475e-02
4.396477714180946350e-02
6.294056773185729980e-03
1.630800403654575348e-02
2.015333250164985657e-02
1.084102503955364227e-02
1.189550291746854782e-02
2.526962943375110626e-02
2.159099467098712921e-02
2.152293361723423004e-02
3.388620214536786079e-03
1.406180206686258316e-02
7.765743881464004517e-03
6.114288233220577240e-03
1.437216065824031830e-02
7.089350838214159012e-03
2.345164678990840912e-02
9.740323759615421295e-03
3.879304276779294014e-03
6.115773692727088928e-03
6.093871314078569412e-03
9.012596681714057922e-03
1.107815559953451157e-02
1.809334568679332733e-02
1.247483119368553162e-02
1.198849733918905258e-02
2.333826012909412384e-02
3.014196082949638367e-02
1.584517769515514374e-02
5.224856361746788025e-02
1.450558286160230637e-02
2.511502243578433990e-02
6.222128123044967651e-02
8.762716315686702728e-03
7.583511527627706528e-03
1.710976287722587585e-02
5.670802202075719833e-03
1.408302634954452515e-01
8.039094507694244385e-03
5.408873409032821655e-02
6.156137678772211075e-03
3.887525061145424843e-03
1.074270345270633698e-02
5.188914947211742401e-03
2.323170006275177002e-02
5.861338227987289429e-03
1.046449877321720123e-02
4.740718286484479904e-03
5.951201077550649643e-03
7.321836892515420914e-03
9.365726262331008911e-03
1.555273402482271194e-02
4.570796154439449310e-03
1.326242741197347641e-02
6.291729863733053207e-03
2.851732773706316948e-03
1.024654973298311234e-02
2.610687399283051491e-03
5.562985781580209732e-03
1.017187908291816711e-02
4.989941138774156570e-03
4.121492151170969009e-03
1.248093880712985992e-02
4.605205729603767395e-03
4.394465684890747070e-02
3.835615469142794609e-03
6.317235995084047318e-03
2.359147742390632629e-02
7.307368796318769455e-03
4.931644070893526077e-03
2.419610507786273956e-02
5.484796594828367233e-03
1.153021678328514099e-02
1.797145791351795197e-02
1.316744461655616760e-02
1.342628896236419678e-02
1.312743034213781357e-02
3.157715778797864914e-03
4.877890460193157196e-03
4.925831686705350876e-03
4.448020830750465393e-03
1.634608767926692963e-02
1.728760451078414917e-02
8.672714233398437500e-03
2.851765044033527374e-02
8.274591527879238129e-03
3.146893903613090515e-02
1.789250969886779785e-02
9.186893701553344727e-03
4.146054387092590332e-03
1.449203211814165115e-02
3.280733525753021240e-02
5.908663850277662277e-03
8.135983720421791077e-03
4.555092006921768188e-02
2.035867981612682343e-02
1.677373796701431274e-02
4.881009925156831741e-03
2.518234960734844208e-02
6.534860935062170029e-03
5.352181848138570786e-03
3.054606728255748749e-03
1.276750769466161728e-02
2.365199150517582893e-03
1.933171786367893219e-02
1.356326416134834290e-02
7.833880372345447540e-03
3.867191728204488754e-03
2.164206095039844513e-02
8.094739168882369995e-03
1.675879955291748047e-02
6.891944259405136108e-02
8.696123026311397552e-03
6.054822355508804321e-03
7.592684123665094376e-03
4.498120862990617752e-03
1.412289310246706009e-02
2.322274632751941681e-02
5.043301265686750412e-03
2.892669523134827614e-03
2.403781050816178322e-03
1.374324690550565720e-02
1.047308743000030518e-02
8.608458936214447021e-02
6.852503400295972824e-03
1.180273108184337616e-02
3.505394980311393738e-02
7.555717974901199341e-02
1.393898762762546539e-02
2.132308855652809143e-02
3.492961637675762177e-03
2.231164649128913879e-02
3.557733073830604553e-02
6.465896498411893845e-03
6.066011637449264526e-02
4.870655480772256851e-03
1.614896021783351898e-02
3.781120292842388153e-03
8.898784406483173370e-03
1.086399145424365997e-02
1.910353451967239380e-02
1.635683514177799225e-02
1.693736203014850616e-02
1.071802154183387756e-02
2.569298725575208664e-03
1.614679023623466492e-02
1.755003631114959717e-02
8.853790350258350372e-03
1.525616366416215897e-02
5.307139363139867783e-03
7.997404783964157104e-03
1.826076209545135498e-02
5.049099773168563843e-02
9.043601341545581818e-03
1.400067564100027084e-02
3.500318899750709534e-02
2.154973149299621582e-02
6.601351313292980194e-03
7.829160429537296295e-03
4.441763740032911301e-03
4.874015692621469498e-03
3.410899639129638672e-02
1.283255126327276230e-02
5.638841167092323303e-02
7.090144604444503784e-02
2.553085237741470337e-02
8.383579552173614502e-03
6.236727349460124969e-03
3.553953766822814941e-02
5.530602764338254929e-03
1.604362204670906067e-02
4.709262400865554810e-03
2.933744806796312332e-03
1.994250714778900146e-02
3.191736992448568344e-03
9.179109707474708557e-03
2.281424403190612793e-02
1.299692783504724503e-02
1.842384785413742065e-02
5.640428978949785233e-03
1.445121876895427704e-02
1.404561009258031845e-02
2.288412302732467651e-02
9.480372071266174316e-03
2.902304381132125854e-02
1.272812765091657639e-02
1.724829780869185925e-03
6.006890442222356796e-03
1.271909940987825394e-02
3.410588204860687256e-02
3.805027343332767487e-03
3.449886571615934372e-03
1.435898710042238235e-02
8.282358944416046143e-02
1.742082275450229645e-02
4.081125557422637939e-02
1.880854368209838867e-02
5.819173529744148254e-03
2.072206698358058929e-02
1.006091199815273285e-02
4.159128293395042419e-03
3.802479431033134460e-02
5.900085438042879105e-03
1.000887900590896606e-02
8.067384362220764160e-03
4.398041870445013046e-03
4.386135190725326538e-02
1.696314848959445953e-02
2.125463215634226799e-03
3.247808199375867844e-03
2.926963847130537033e-03
4.468224942684173584e-03
7.539923768490552902e-03
3.622039221227169037e-03
4.973175935447216034e-03
4.623545333743095398e-03
1.231891382485628128e-02
4.487144295126199722e-03
3.002232685685157776e-02
5.328785162419080734e-03
9.349832311272621155e-03
6.194673944264650345e-03
5.303226411342620850e-03
7.973701693117618561e-03
9.802657179534435272e-03
8.443866856396198273e-03
8.193513378500938416e-03
3.843701444566249847e-03
3.683802671730518341e-03
1.173182483762502670e-02
1.239131391048431396e-02
7.754144724458456039e-03
9.223163127899169922e-03
3.894489025697112083e-03
1.903187856078147888e-02
3.274072427302598953e-03
1.751713082194328308e-02
1.237581670284271240e-02
2.553304098546504974e-02
5.131199955940246582e-03
1.955747604370117188e-02
5.480604246258735657e-03
2.905401587486267090e-02
4.216675180941820145e-03
7.368378341197967529e-03
3.649245481938123703e-03
2.068495377898216248e-03
6.090864911675453186e-02
9.998277761042118073e-03
1.374423597007989883e-02
2.409745473414659500e-03
6.288325414061546326e-03
7.648795843124389648e-03
8.920870721340179443e-03
2.807638235390186310e-02
9.135544300079345703e-03
2.780000213533639908e-03
4.341953434050083160e-03
2.164025977253913879e-02
1.876502181403338909e-03
1.938759908080101013e-02
3.668791800737380981e-02
6.188539322465658188e-03
1.683145994320511818e-03
2.520026173442602158e-03
2.222944423556327820e-02
1.738162152469158173e-02
2.285985508933663368e-03
1.891484856605529785e-02
2.195648849010467529e-03
2.553687430918216705e-03
6.222698371857404709e-03
1.594749838113784790e-02
3.088473156094551086e-02
1.920507056638598442e-03
1.904367120005190372e-03
9.162227623164653778e-03
4.676262848079204559e-03
5.976863205432891846e-02
7.135369349271059036e-03
2.178670838475227356e-02
4.319571889936923981e-03
4.247796535491943359e-02
6.608350574970245361e-02
4.284700751304626465e-02
4.043473862111568451e-03
8.465920574963092804e-03
3.617530921474099159e-03
1.597138494253158569e-02
4.845037590712308884e-03
6.830330006778240204e-03
4.287851229310035706e-02
1.433184556663036346e-02
4.397678654640913010e-03
1.034863013774156570e-02
2.983336104080080986e-03
3.135856613516807556e-02
7.214534562081098557e-03
1.991512998938560486e-02
9.945552796125411987e-02
4.508564248681068420e-03
1.001050546765327454e-01
4.735340923070907593e-02
4.519691225141286850e-03
4.095273092389106750e-02
1.738767325878143311e-02
3.716382384300231934e-02
7.771259546279907227e-02
5.278399959206581116e-02
6.275488529354333878e-03
9.203480556607246399e-03
5.118677765130996704e-02
6.138809397816658020e-02
1.425937265157699585e-01
1.190394815057516098e-02
3.246119990944862366e-02
5.652723833918571472e-03
5.754769779741764069e-03
4.958613216876983643e-02
1.498264167457818985e-02
5.235054995864629745e-03
1.852952688932418823e-02
3.489243797957897186e-03
7.758175954222679138e-03
4.619899671524763107e-03
3.819283563643693924e-03
7.612443529069423676e-03
3.593494882807135582e-03
3.041047602891921997e-03
4.337013699114322662e-03
4.609942436218261719e-02
6.636617239564657211e-03
1.070418488234281540e-02
1.473351661115884781e-02
6.173430010676383972e-03
4.811879247426986694e-03
2.450732979923486710e-03
1.054096501320600510e-02
1.839089766144752502e-02
8.835589513182640076e-03
8.616778999567031860e-03
5.292111076414585114e-03
4.454052541404962540e-03
5.149271339178085327e-03
5.216612666845321655e-02
2.260027220472693443e-03
2.460771938785910606e-03
1.272537931799888611e-02
5.112472455948591232e-03
1.407641544938087463e-02
4.144493490457534790e-03
1.848546415567398071e-02
7.141087204217910767e-03
6.153110880404710770e-03
2.198474016040563583e-03
4.033031407743692398e-03
1.224816031754016876e-02
4.696640372276306152e-02
9.068255312740802765e-03
1.933404430747032166e-02
2.638777019456028938e-03
3.018621169030666351e-02
5.333441309630870819e-03
9.292745031416416168e-03
3.154167905449867249e-03
3.014651359990239143e-03
1.036339811980724335e-02
2.356640622019767761e-02
4.315986484289169312e-02
8.132392540574073792e-03
3.480755258351564407e-03
1.375296525657176971e-02
5.188264697790145874e-02
3.985930979251861572e-02
7.991524413228034973e-03
1.112329028546810150e-02
6.106025539338588715e-03
2.512311935424804688e-02
9.164661169052124023e-03
2.723979763686656952e-03
1.095284149050712585e-02
6.886908318847417831e-03
3.116708248853683472e-03
3.974035382270812988e-03
4.224507138133049011e-03
5.151318386197090149e-03
1.468410994857549667e-02
2.012252621352672577e-02
1.235309895128011703e-02
3.685719100758433342e-03
6.590161472558975220e-03
5.766344722360372543e-03
6.941994652152061462e-03
9.175492450594902039e-03
3.759723622351884842e-03
6.533405743539333344e-03
1.876584603451192379e-03
2.263001399114727974e-03
4.063530638813972473e-02
3.920155391097068787e-02
4.790407605469226837e-03
7.969267666339874268e-03
1.508501637727022171e-02
7.613325864076614380e-02
2.126983366906642914e-02
4.029397387057542801e-03
8.459036238491535187e-03
1.055650319904088974e-02
1.424969080835580826e-02
3.584966761991381645e-03
9.756863117218017578e-03
4.834201652556657791e-03
9.674316272139549255e-03
2.053415169939398766e-03
5.840652622282505035e-03
4.425072111189365387e-03
3.428421448916196823e-03
7.159241475164890289e-03
8.099267259240150452e-03
1.663194503635168076e-03
2.830527955666184425e-03
9.791647084057331085e-03
2.737860940396785736e-02
1.236228854395449162e-03
7.323452737182378769e-03
7.079775910824537277e-03
2.288428507745265961e-02
9.823635220527648926e-03
9.975184686481952667e-03
4.386551212519407272e-03
1.835253648459911346e-02
2.164008282124996185e-02
1.062212139368057251e-01
6.418669596314430237e-03
7.896976545453071594e-03
5.255656316876411438e-02
3.063618438318371773e-03
1.051630079746246338e-02
5.040366202592849731e-03
2.170146675780415535e-03
9.244159795343875885e-03
2.432019682601094246e-03
2.904291497543454170e-03
1.580071449279785156e-02
1.215124037116765976e-02
7.820304483175277710e-03
2.685419097542762756e-02
2.327245194464921951e-03
3.018630901351571083e-03
1.721278182230889797e-03
4.088827595114707947e-02
6.011783145368099213e-03
4.653432872146368027e-03
2.748491009697318077e-03
2.004126086831092834e-03
1.914822612889111042e-03
4.454676061868667603e-03
7.650529965758323669e-03
3.005241416394710541e-02
3.075019689276814461e-03
4.661164712160825729e-03
1.635046675801277161e-03
3.837064607068896294e-03
2.642280654981732368e-03
2.709207870066165924e-02
1.475211512297391891e-02
2.964806044474244118e-03
2.603064989671111107e-03
1.070074038580060005e-03
1.707689277827739716e-02
7.270588539540767670e-03
7.614263799041509628e-03
1.059837755747139454e-03
1.350733218714594841e-03
7.525579538196325302e-03
2.566851442679762840e-03
2.335607074201107025e-02
4.135451745241880417e-03
2.440138487145304680e-03
2.280843676999211311e-03
3.996833693236112595e-03
3.442823421210050583e-03
7.626923266798257828e-03
3.776713041588664055e-03
3.008742816746234894e-03
6.344875786453485489e-03
1.106003019958734512e-02
4.430236294865608215e-02
4.202988930046558380e-03
4.208583384752273560e-02
2.053229371085762978e-03
2.611401956528425217e-03
1.381409354507923126e-02
2.628499176353216171e-03
3.419339889660477638e-03
6.010756362229585648e-03
1.503997016698122025e-02
4.464294295758008957e-03
1.887436374090611935e-03
2.784746931865811348e-03
1.911683822982013226e-03
2.425871323794126511e-03
5.093013402074575424e-03
1.663589384406805038e-03
3.846543142572045326e-03
1.778203528374433517e-03
7.226393371820449829e-02
5.756083875894546509e-03
7.549574133008718491e-03
3.073077183216810226e-03
5.914237815886735916e-03
2.796942181885242462e-02
6.855872925370931625e-03
9.978995658457279205e-03
2.057736972346901894e-03
2.099959645420312881e-03
7.095170672982931137e-03
3.631523577496409416e-03
3.993771597743034363e-02
2.318059559911489487e-03
1.789822941645979881e-03
4.454110562801361084e-02
7.916024886071681976e-03
2.173023996874690056e-03
5.849444121122360229e-02
2.688890788704156876e-03
4.920486360788345337e-03
2.779782935976982117e-02
9.924168884754180908e-02
5.622509494423866272e-02
2.532352693378925323e-03
4.505409393459558487e-03
9.219904430210590363e-03
6.488909013569355011e-03
8.029709570109844208e-03
2.115615457296371460e-02
2.391486056149005890e-02
3.261822275817394257e-03
9.009012952446937561e-03
6.032485514879226685e-03
7.205783389508724213e-03
3.231384325772523880e-03
6.788746453821659088e-03
2.295654499903321266e-03
1.798890181817114353e-03
7.284222170710563660e-03
3.617026377469301224e-03
2.118589589372277260e-03
4.092464596033096313e-02
2.118893666192889214e-03
4.406700376421213150e-03
1.707922853529453278e-02
2.286222530528903008e-03
4.002671223133802414e-03
5.856235511600971222e-03
3.146080300211906433e-03
5.502057261765003204e-03
1.266898005269467831e-03
4.567280877381563187e-03
1.846235245466232300e-03
1.596099697053432465e-02
1.895152265205979347e-03
3.886455437168478966e-03
2.461174270138144493e-03
1.921849325299263000e-03
3.140497952699661255e-03
2.238347940146923065e-02
4.952501505613327026e-02
2.187815262004733086e-03
1.882761251181364059e-03
2.389321569353342056e-03
2.838697051629424095e-03
7.602575235068798065e-03
5.683222785592079163e-03
2.469856757670640945e-03
1.641059643588960171e-03
2.680156379938125610e-03
3.218732308596372604e-03
4.177853465080261230e-03
1.668528653681278229e-02
2.104637213051319122e-03
6.102233193814754486e-03
5.649316590279340744e-03
1.317117130383849144e-03
9.848874993622303009e-03
8.784782141447067261e-03
3.367412602528929710e-03
3.516077529639005661e-03
1.858804840594530106e-03
3.322447650134563446e-03
1.809718273580074310e-02
1.785407029092311859e-02
1.876313984394073486e-02
4.348807968199253082e-03
1.313763670623302460e-02
4.085033014416694641e-02
6.533205043524503708e-03
8.762330748140811920e-03
2.688788622617721558e-02
2.137501258403062820e-03
6.607013940811157227e-02
1.655266433954238892e-02
9.917028248310089111e-03
2.676206640899181366e-03
1.469564437866210938e-02
6.409816909581422806e-03
1.026623882353305817e-02
4.259265959262847900e-03
1.069679297506809235e-02
2.424106467515230179e-03
4.229732323437929153e-03
2.102464903146028519e-03
1.501947361975908279e-02
2.019761502742767334e-02
1.806155079975724220e-03
2.008250914514064789e-03
1.195320766419172287e-02
3.618334885686635971e-03
2.299180021509528160e-03
1.708317920565605164e-02
3.073621308431029320e-03
7.816975936293601990e-03
6.912093143910169601e-03
5.213676486164331436e-03
1.872747205197811127e-02
5.203592590987682343e-03
3.876832127571105957e-02
1.698356308043003082e-02
4.110802896320819855e-03
1.085025351494550705e-02
2.979654818773269653e-03
2.958919620141386986e-03
6.557278335094451904e-03
1.059450558386743069e-03
1.817000843584537506e-02
3.729472868144512177e-03
4.982494283467531204e-03
3.250181907787919044e-03
1.424351707100868225e-03
1.937959715723991394e-02
2.498614136129617691e-03
7.060138508677482605e-03
1.999691361561417580e-03
1.620437484234571457e-03
1.612504012882709503e-02
2.329952083528041840e-03
9.757026098668575287e-03
1.496359240263700485e-03
1.683138869702816010e-02
3.051296994090080261e-02
7.629014085978269577e-03
2.861800137907266617e-03
2.918766811490058899e-03
2.185316523537039757e-03
1.464719534851610661e-03
5.881391093134880066e-02
4.039171617478132248e-03
3.306056838482618332e-03
1.090900320559740067e-02
1.160427811555564404e-03
5.081817042082548141e-03
4.592448007315397263e-03
6.464117672294378281e-03
8.358782157301902771e-03
3.039417089894413948e-03
1.339713227935135365e-03
1.040695817209780216e-03
4.812862258404493332e-03
