2.266229867935180664e+00
2.132945299148559570e+00
1.856721401214599609e+00
1.541237592697143555e+00
1.573085904121398926e+00
1.571834206581115723e+00
1.844155311584472656e+00
1.534482479095458984e+00
1.320432543754577637e+00
1.234849810600280762e+00
1.111954689025878906e+00
9.664834737777709961e-01
1.284915924072265625e+00
1.003913760185241699e+00
9.037197232246398926e-01
8.215428590774536133e-01
7.149070501327514648e-01
7.274674773216247559e-01
9.455887675285339355e-01
7.617961168289184570e-01
6.052139401435852051e-01
5.685762166976928711e-01
5.772261619567871094e-01
5.282550454139709473e-01
5.862454175949096680e-01
5.444676876068115234e-01
4.154020547866821289e-01
4.066497683525085449e-01
5.756258964538574219e-01
4.451225996017456055e-01
5.351632237434387207e-01
4.023919999599456787e-01
3.362315595149993896e-01
3.431726992130279541e-01
3.641583621501922607e-01
3.773675858974456787e-01
3.620953559875488281e-01
3.852459788322448730e-01
2.553739547729492188e-01
2.761229574680328369e-01
2.436949908733367920e-01
3.247604966163635254e-01
3.383443355560302734e-01
1.952912956476211548e-01
2.507164180278778076e-01
2.590507268905639648e-01
1.524081081151962280e-01
2.123200744390487671e-01
2.591960132122039795e-01
2.221366018056869507e-01
1.601196229457855225e-01
1.895354986190795898e-01
1.701235622167587280e-01
1.352729350328445435e-01
1.769717633724212646e-01
1.988887339830398560e-01
1.751825660467147827e-01
1.584744006395339966e-01
2.192325294017791748e-01
1.537608057260513306e-01
2.850013971328735352e-01
1.576418578624725342e-01
1.193742901086807251e-01
1.200516000390052795e-01
1.415175646543502808e-01
1.241588741540908813e-01
1.925452798604965210e-01
2.087754011154174805e-01
1.208232492208480835e-01
9.951218962669372559e-02
1.742082238197326660e-01
1.389347165822982788e-01
1.585764437913894653e-01
1.311691105365753174e-01
9.578476846218109131e-02
1.048490703105926514e-01
9.436980634927749634e-02
1.054067760705947876e-01
1.627744138240814209e-01
1.063477173447608948e-01
1.359491795301437378e-01
9.092073142528533936e-02
1.755668371915817261e-01
9.319657832384109497e-02
1.360307484865188599e-01
1.305419504642486572e-01
1.231820434331893921e-01
6.738997250795364380e-02
8.962213993072509766e-02
1.282802224159240723e-01
2.197264730930328369e-01
1.191193461418151855e-01
5.599289014935493469e-02
7.172864675521850586e-02
6.869707256555557251e-02
6.640990823507308960e-02
8.798595517873764038e-02
1.255461275577545166e-01
7.246452569961547852e-02
1.177239865064620972e-01
1.327420324087142944e-01
1.811686605215072632e-01
1.447238326072692871e-01
8.591566979885101318e-02
6.030222773551940918e-02
8.385089039802551270e-02
1.388412863016128540e-01
9.707984328269958496e-02
8.669313788414001465e-02
1.328902691602706909e-01
1.141239330172538757e-01
5.657337978482246399e-02
7.652057707309722900e-02
6.422318518161773682e-02
5.048505961894989014e-02
4.012569412589073181e-02
4.828743636608123779e-02
7.961945980787277222e-02
4.743031784892082214e-02
4.763242974877357483e-02
1.070916429162025452e-01
1.281862109899520874e-01
4.358959197998046875e-02
5.772361904382705688e-02
4.932510852813720703e-02
9.929117560386657715e-02
6.535268574953079224e-02
9.688561409711837769e-02
6.660357117652893066e-02
6.710459291934967041e-02
1.119054183363914490e-01
9.191790223121643066e-02
1.747703254222869873e-01
6.335417926311492920e-02
5.504282936453819275e-02
5.389266461133956909e-02
6.614158302545547485e-02
1.173474416136741638e-01
6.878506392240524292e-02
3.444363549351692200e-02
1.379007846117019653e-01
1.430742740631103516e-01
2.516712062060832977e-02
5.980659648776054382e-02
7.789698988199234009e-02
4.707023501396179199e-02
3.081751614809036255e-02
4.313446953892707825e-02
1.099608913064002991e-01
7.543491572141647339e-02
6.073788180947303772e-02
5.359129980206489563e-02
5.004399642348289490e-02
3.034412860870361328e-02
5.204465240240097046e-02
9.566788375377655029e-02
6.599140912294387817e-02
4.415257647633552551e-02
7.303803414106369019e-02
4.585812985897064209e-02
9.753281623125076294e-02
6.928490847349166870e-02
1.416167914867401123e-01
4.741884768009185791e-02
1.355186849832534790e-01
3.221581876277923584e-02
9.293348342180252075e-02
6.354267150163650513e-02
6.437972187995910645e-02
9.309430420398712158e-02
3.295692801475524902e-02
6.534034758806228638e-02
3.538925573229789734e-02
5.954853445291519165e-02
1.517350673675537109e-01
7.181110233068466187e-02
4.945297911763191223e-02
3.363986313343048096e-02
3.916813805699348450e-02
6.264583021402359009e-02
1.040579006075859070e-01
7.985109835863113403e-02
1.731533557176589966e-02
4.435823857784271240e-02
3.687559813261032104e-02
3.569302335381507874e-02
9.864751994609832764e-02
4.265383630990982056e-02
6.033618748188018799e-02
2.767702564597129822e-02
3.063733316957950592e-02
9.776259213685989380e-02
4.737243428826332092e-02
7.824869453907012939e-02
1.039746776223182678e-01
1.078127697110176086e-01
2.780131064355373383e-02
6.310058385133743286e-02
1.510160118341445923e-01
4.244886338710784912e-02
1.000331416726112366e-01
7.369507849216461182e-02
8.256635069847106934e-02
9.497983753681182861e-02
6.651672720909118652e-02
3.191253542900085449e-02
3.368933126330375671e-02
8.192910254001617432e-02
7.319270819425582886e-02
6.524278223514556885e-02
4.634296521544456482e-02
6.606257706880569458e-02
4.427895322442054749e-02
5.157816037535667419e-02
6.881072372198104858e-02
5.169514566659927368e-02
3.052865527570247650e-02
2.066627703607082367e-02
2.864023484289646149e-02
2.625454775989055634e-02
3.743438050150871277e-02
3.187216073274612427e-02
5.027456581592559814e-02
1.522964797914028168e-02
4.873143136501312256e-02
5.668095871806144714e-02
2.451198548078536987e-02
1.385659258812665939e-02
7.095902413129806519e-02
6.767167896032333374e-02
2.223861962556838989e-02
5.996805056929588318e-02
5.733687430620193481e-02
3.450145572423934937e-02
4.901318252086639404e-02
4.934457689523696899e-02
2.058295719325542450e-02
2.829704433679580688e-02
7.323560118675231934e-02
7.262032479047775269e-02
4.816259443759918213e-02
4.218161851167678833e-02
1.738006994128227234e-02
4.846457019448280334e-02
6.512434035539627075e-02
1.041763946413993835e-01
6.588256359100341797e-02
3.978752717375755310e-02
4.933537542819976807e-02
5.648981034755706787e-02
6.837595999240875244e-02
4.012124985456466675e-02
1.595285534858703613e-02
2.130608260631561279e-02
3.755877539515495300e-02
1.467904727905988693e-02
2.895862609148025513e-02
7.871430367231369019e-02
4.339349642395973206e-02
1.597189903259277344e-02
1.929132081568241119e-02
3.590598702430725098e-02
3.347421064972877502e-02
3.754377737641334534e-02
5.877118930220603943e-02
2.835625037550926208e-02
4.521106928586959839e-02
3.532703593373298645e-02
5.206177011132240295e-02
9.756832569837570190e-02
4.408527910709381104e-02
9.879925847053527832e-02
2.069728448987007141e-02
1.275043468922376633e-02
2.062073908746242523e-02
8.350551128387451172e-02
1.420225799083709717e-01
3.481120988726615906e-02
1.799512654542922974e-02
8.350460790097713470e-03
3.207690641283988953e-02
3.048474341630935669e-02
6.387624889612197876e-02
4.404255375266075134e-02
1.228964794427156448e-02
9.555651806294918060e-03
4.304827004671096802e-02
6.512899696826934814e-02
6.711327284574508667e-02
6.038767844438552856e-02
1.653514057397842407e-02
2.013253234326839447e-02
9.798725135624408722e-03
1.944801397621631622e-02
4.532498866319656372e-02
4.681897163391113281e-02
3.279769793152809143e-02
1.589196920394897461e-02
2.280557341873645782e-02
1.242138147354125977e-01
2.630807645618915558e-02
3.665988519787788391e-02
2.990729548037052155e-02
3.481531888246536255e-02
2.336833626031875610e-02
1.067658700048923492e-02
2.032393962144851685e-02
1.089997962117195129e-02
4.065523296594619751e-02
4.263500496745109558e-02
9.808761067688465118e-03
4.719781130552291870e-02
2.779737487435340881e-02
2.967910096049308777e-02
1.996296830475330353e-02
1.541284099221229553e-02
2.054229378700256348e-02
3.787958621978759766e-02
6.845088303089141846e-02
1.158553920686244965e-02
2.889609709382057190e-02
1.112873852252960205e-02
9.508068673312664032e-03
2.915824018418788910e-02
5.620215460658073425e-02
4.802221432328224182e-02
1.473854389041662216e-02
2.963610552251338959e-02
9.652731940150260925e-03
2.349834144115447998e-02
7.866267114877700806e-02
2.261436358094215393e-02
1.227291207760572433e-02
6.320592761039733887e-02
6.982956081628799438e-02
1.415880862623453140e-02
2.689510770142078400e-02
1.837225444614887238e-02
1.506015937775373459e-02
1.723407953977584839e-02
2.072126232087612152e-02
1.033124793320894241e-02
4.244946688413619995e-02
1.759168878197669983e-02
2.906356565654277802e-02
1.073414366692304611e-02
7.158539444208145142e-02
5.560868978500366211e-02
5.575028061866760254e-02
2.464884333312511444e-02
1.466912683099508286e-02
1.065749581903219223e-02
1.235159672796726227e-02
1.785458438098430634e-02
3.136008977890014648e-02
2.543184347450733185e-02
1.462864782661199570e-02
6.456027179956436157e-02
1.497917994856834412e-02
2.051880583167076111e-02
2.172032371163368225e-02
1.849479787051677704e-02
6.765743717551231384e-03
1.371416449546813965e-02
6.035644933581352234e-02
1.640842109918594360e-02
2.759764529764652252e-02
2.111891284584999084e-02
1.248936913907527924e-02
7.332073897123336792e-02
4.210010170936584473e-02
6.920956075191497803e-02
3.204209730029106140e-02
1.164387166500091553e-02
1.953970827162265778e-02
3.700800612568855286e-02
8.761369436979293823e-02
7.417589426040649414e-02
1.077430229634046555e-02
5.718586966395378113e-02
3.028078563511371613e-02
2.688663080334663391e-02
5.877709388732910156e-02
1.317935623228549957e-02
1.515373773872852325e-02
8.369831368327140808e-03
1.875915750861167908e-02
9.577683173120021820e-03
7.430803962051868439e-03
1.122425030916929245e-02
4.389958828687667847e-02
1.982281543314456940e-02
1.432519219815731049e-02
1.064352691173553467e-02
3.192268311977386475e-02
2.169960178434848785e-02
1.596164144575595856e-02
1.070626080036163330e-02
2.614481374621391296e-02
1.899226009845733643e-02
1.821747049689292908e-02
1.162983756512403488e-02
4.322350397706031799e-02
1.090638153254985809e-02
2.216365560889244080e-02
1.125014945864677429e-02
1.784192584455013275e-02
4.669879376888275146e-02
2.139531448483467102e-02
1.162406895309686661e-02
2.367617934942245483e-02
2.923218905925750732e-02
6.556531041860580444e-02
4.565978422760963440e-02
3.320151194930076599e-02
1.545123569667339325e-02
8.331272751092910767e-02
3.820057213306427002e-02
1.522320881485939026e-02
8.390655741095542908e-03
1.058769505470991135e-02
2.065926417708396912e-02
8.004150353372097015e-03
9.769562631845474243e-03
1.193284615874290466e-02
2.823562547564506531e-02
4.875447601079940796e-02
1.400123909115791321e-02
2.123893424868583679e-02
2.218138054013252258e-02
3.937863186001777649e-02
3.412454575300216675e-02
3.671564534306526184e-02
6.769419461488723755e-02
9.463891386985778809e-03
1.096909195184707642e-01
2.066110074520111084e-02
8.293542079627513885e-03
4.110403358936309814e-02
7.914791814982891083e-03
2.149443142116069794e-02
4.768060054630041122e-03
1.343547459691762924e-02
1.489981357008218765e-02
2.191321179270744324e-02
2.654918469488620758e-02
8.648697286844253540e-03
7.331423927098512650e-03
2.675179392099380493e-02
1.627597585320472717e-02
5.468156188726425171e-02
1.402101851999759674e-02
6.334059871733188629e-03
1.494393032044172287e-02
6.641515344381332397e-02
4.347218200564384460e-02
1.631913706660270691e-02
3.647977858781814575e-02
8.079289458692073822e-03
7.888803258538246155e-03
7.946333847939968109e-03
6.348059978336095810e-03
2.097090892493724823e-02
4.605878144502639771e-03
2.150327339768409729e-02
9.122939780354499817e-03
4.091547057032585144e-02
1.845997758209705353e-02
2.626628242433071136e-02
2.652311511337757111e-02
4.624425619840621948e-02
1.066291853785514832e-01
6.866133213043212891e-02
2.338735945522785187e-02
6.955609470605850220e-02
9.070120751857757568e-03
9.916704148054122925e-02
4.621476400643587112e-03
8.260948583483695984e-03
5.743727087974548340e-02
4.013550281524658203e-02
7.816730998456478119e-03
6.133551243692636490e-03
1.339426450431346893e-02
3.264808282256126404e-02
1.735473237931728363e-02
1.368011906743049622e-02
5.610990338027477264e-03
2.178465574979782104e-02
9.108959697186946869e-03
4.420376382768154144e-03
3.148427605628967285e-02
1.268293522298336029e-02
1.349560357630252838e-02
1.798168569803237915e-02
8.363173343241214752e-03
1.802070997655391693e-02
1.356424298137426376e-02
3.816296532750129700e-02
2.523199655115604401e-02
3.446098184213042259e-03
2.875983901321887970e-02
5.010472610592842102e-03
8.768018335103988647e-03
7.004679739475250244e-02
5.443812347948551178e-03
5.435275379568338394e-03
5.851622670888900757e-03
6.275529507547616959e-03
3.072158992290496826e-02
6.086611654609441757e-03
1.059517078101634979e-02
6.480708252638578415e-03
2.031706646084785461e-02
6.088196765631437302e-03
8.823963813483715057e-03
4.223220422863960266e-02
9.927679784595966339e-03
1.298924908041954041e-02
1.302519720047712326e-02
1.548342108726501465e-01
2.126358263194561005e-02
1.537739299237728119e-02
2.217989042401313782e-02
4.222450777888298035e-03
1.553653832525014877e-02
9.146743454039096832e-03
2.157812006771564484e-02
2.089651115238666534e-02
2.612022496759891510e-02
9.977423585951328278e-03
3.766650799661874771e-03
2.589095942676067352e-02
1.341557689011096954e-02
1.146480813622474670e-02
1.085869595408439636e-02
1.954156346619129181e-02
9.086842648684978485e-03
8.250242099165916443e-03
2.704361267387866974e-02
1.154614798724651337e-02
4.833363927900791168e-03
1.798521541059017181e-02
4.168312996625900269e-03
1.663098298013210297e-02
1.906426437199115753e-02
1.457490585744380951e-02
6.547106057405471802e-02
1.504344865679740906e-02
2.880326844751834869e-02
7.540842983871698380e-03
1.576135866343975067e-02
3.646739944815635681e-02
1.065998431295156479e-02
5.968485027551651001e-03
6.647382862865924835e-03
1.365275401622056961e-02
7.945714518427848816e-03
7.427405565977096558e-02
3.622349351644515991e-02
1.640764065086841583e-02
7.335254922509193420e-03
7.985172793269157410e-03
1.972752064466476440e-01
7.476242259144783020e-03
1.834202744066715240e-02
4.836890846490859985e-03
3.084916854277253151e-03
2.591072395443916321e-02
1.785941235721111298e-02
1.345958653837442398e-02
3.323471918702125549e-02
2.617990411818027496e-02
1.442323438823223114e-02
2.313454635441303253e-02
4.236787185072898865e-02
1.126996707171201706e-02
2.178739756345748901e-02
3.933433443307876587e-02
7.936717011034488678e-03
1.749317348003387451e-02
2.245943248271942139e-02
1.180318277329206467e-02
6.212934385985136032e-03
2.252512238919734955e-02
9.848495945334434509e-03
1.416917890310287476e-02
2.630897238850593567e-02
1.469524577260017395e-02
1.376006752252578735e-02
5.940400529652833939e-03
8.194434456527233124e-03
5.389817804098129272e-02
4.363036714494228363e-03
3.748613595962524414e-02
6.786707788705825806e-03
5.118581000715494156e-03
6.730366963893175125e-03
1.648124866187572479e-02
2.565329335629940033e-02
6.759053561836481094e-03
7.336793001741170883e-03
6.912508048117160797e-03
6.538475397974252701e-03
1.632060296833515167e-02
2.891931682825088501e-03
3.000444546341896057e-02
1.162024587392807007e-02
9.074728935956954956e-03
1.896689087152481079e-02
5.970817990601062775e-03
6.602886598557233810e-03
1.909027248620986938e-02
4.307819530367851257e-03
4.473603330552577972e-03
7.364854216575622559e-02
1.534538529813289642e-02
4.122802522033452988e-03
2.070148847997188568e-02
2.444082871079444885e-02
3.319051582366228104e-03
1.246052235364913940e-02
7.432058919221162796e-03
1.491972804069519043e-02
1.770645752549171448e-02
1.192558184266090393e-02
4.868648573756217957e-02
4.010561387985944748e-03
4.641330242156982422e-02
5.182442720979452133e-03
1.306330598890781403e-02
2.393475919961929321e-02
2.167468145489692688e-02
4.629544168710708618e-02
1.331793330609798431e-02
7.965901866555213928e-03
3.498171269893646240e-02
1.206179615110158920e-02
1.115701254457235336e-02
1.303745806217193604e-02
3.725075721740722656e-02
2.659085579216480255e-02
1.188364066183567047e-02
2.138095796108245850e-01
9.848657995462417603e-03
3.241020441055297852e-02
4.470688290894031525e-03
2.980509959161281586e-02
1.143850479274988174e-02
4.333764314651489258e-03
2.462169900536537170e-02
2.409685961902141571e-02
9.896811097860336304e-03
1.726431958377361298e-02
2.609127573668956757e-02
3.888825420290231705e-03
1.938151195645332336e-02
2.318156883120536804e-03
3.086267272010445595e-03
6.835120730102062225e-03
5.673533305525779724e-02
5.329430103302001953e-03
1.314283069223165512e-02
1.103057432919740677e-02
1.213815435767173767e-02
1.086218189448118210e-02
1.287398301064968109e-02
3.872937709093093872e-02
1.140705682337284088e-02
4.325379617512226105e-03
1.880218833684921265e-02
9.773152880370616913e-03
4.562165122479200363e-03
3.409031545743346214e-03
8.123779669404029846e-03
2.577490406110882759e-03
4.001621156930923462e-03
2.690004650503396988e-03
6.055798381567001343e-02
1.041836198419332504e-02
1.929039950482547283e-03
9.828368201851844788e-03
2.579414984211325645e-03
1.143770199269056320e-02
2.376850880682468414e-02
7.016242947429418564e-03
3.433256410062313080e-03
2.067003864794969559e-03
5.334827303886413574e-02
4.975975304841995239e-02
1.006903219968080521e-02
1.407980825752019882e-02
1.219890173524618149e-02
7.075414061546325684e-03
2.235001325607299805e-02
1.293698977679014206e-02
1.033043675124645233e-02
6.064942106604576111e-03
3.412746638059616089e-02
5.057347938418388367e-03
3.605807200074195862e-02
1.242134999483823776e-02
5.049828812479972839e-02
9.530055336654186249e-03
2.225716412067413330e-02
5.600871052592992783e-03
1.380670536309480667e-02
6.715885829180479050e-03
6.147387623786926270e-02
1.315462868660688400e-02
3.383581060916185379e-03
3.162414953112602234e-02
9.493780322372913361e-03
2.131549268960952759e-02
7.704075891524553299e-03
1.201163325458765030e-02
5.220456048846244812e-03
3.910876810550689697e-03
3.325162455439567566e-03
1.754846796393394470e-02
4.944736603647470474e-03
6.580017041414976120e-03
1.750037819147109985e-02
2.024962753057479858e-02
3.607767168432474136e-03
2.366248890757560730e-02
5.427096504718065262e-03
2.132155746221542358e-02
1.307500805705785751e-02
4.935487639158964157e-03
2.071274071931838989e-02
4.606319125741720200e-03
9.262155741453170776e-03
8.372762240469455719e-03
8.099277503788471222e-03
1.626218855381011963e-02
4.499812610447406769e-03
1.092074345797300339e-02
1.040553301572799683e-02
2.563179470598697662e-03
4.077198356389999390e-02
7.301894482225179672e-03
4.965692758560180664e-03
1.240166369825601578e-02
4.595600534230470657e-03
4.837164189666509628e-03
5.340676289051771164e-03
1.231227070093154907e-02
2.806562464684247971e-03
8.970825001597404480e-03
1.139826048165559769e-02
3.364690346643328667e-03
1.453199889510869980e-02
6.542026065289974213e-03
4.208999220281839371e-03
1.800383557565510273e-03
2.139162644743919373e-02
2.654955163598060608e-02
6.194890011101961136e-03
3.953770734369754791e-03
7.941417396068572998e-03
1.801308616995811462e-02
1.279127597808837891e-02
4.424519371241331100e-03
2.814124524593353271e-02
2.653190400451421738e-03
9.448569267988204956e-03
1.199078746140003204e-02
3.228283673524856567e-02
2.494245534762740135e-03
3.404209157451987267e-03
1.316610909998416901e-02
3.746241331100463867e-03
5.038297548890113831e-02
1.992041990160942078e-02
1.732881739735603333e-02
1.179486978799104691e-02
1.047384273260831833e-02
9.901332668960094452e-03
1.123825833201408386e-01
5.720302462577819824e-02
3.419814165681600571e-03
3.757065907120704651e-02
2.625689376145601273e-03
1.249868143349885941e-02
9.468417614698410034e-03
2.176209539175033569e-02
2.089611068367958069e-02
7.194576784968376160e-03
1.948260888457298279e-02
6.645903456956148148e-03
1.988380774855613708e-02
2.692913403734564781e-03
3.650227328762412071e-03
1.124893594533205032e-02
3.061006544157862663e-03
1.364136580377817154e-02
4.169216845184564590e-03
4.155592992901802063e-03
4.487676918506622314e-02
6.019657477736473083e-03
2.122514648362994194e-03
4.886286333203315735e-03
5.387330055236816406e-02
4.276642948389053345e-02
6.152751389890909195e-03
6.861153058707714081e-03
4.968857858330011368e-03
4.715563729405403137e-03
3.358328016474843025e-03
7.176502142101526260e-03
2.410159679129719734e-03
1.051448751240968704e-02
5.169741343706846237e-03
8.532472886145114899e-03
6.632638163864612579e-03
5.533496383577585220e-03
2.436326816678047180e-03
3.802197286859154701e-03
5.363436415791511536e-03
3.740588668733835220e-03
1.522816368378698826e-03
3.582051396369934082e-02
3.595994086936116219e-03
1.934448722749948502e-03
8.007682859897613525e-03
3.330286592245101929e-03
3.677094727754592896e-02
2.185051701962947845e-02
8.106150664389133453e-03
5.721938330680131912e-03
3.410085104405879974e-03
2.515809796750545502e-02
1.910087838768959045e-02
5.999224260449409485e-03
3.224921878427267075e-03
9.527795948088169098e-03
1.730824122205376625e-03
2.186283655464649200e-02
1.729309931397438049e-02
9.329595603048801422e-03
3.413238795474171638e-03
1.759627647697925568e-02
5.289961583912372589e-03
1.688643172383308411e-02
6.743717473000288010e-03
8.182850666344165802e-03
3.317386656999588013e-02
3.047101665288209915e-03
1.420989818871021271e-02
2.293185517191886902e-02
3.640650305896997452e-03
5.612019915133714676e-03
2.782205585390329361e-03
1.465394441038370132e-02
2.916117943823337555e-02
1.625356264412403107e-02
4.819327220320701599e-02
1.770164258778095245e-02
1.852407120168209076e-03
1.119129732251167297e-02
2.405837923288345337e-02
8.929952047765254974e-03
1.614421792328357697e-02
4.116459190845489502e-02
1.199769414961338043e-02
1.178478077054023743e-02
1.743740774691104889e-02
1.464713178575038910e-02
6.517457216978073120e-02
1.245959009975194931e-02
3.475490026175975800e-03
2.241665264591574669e-03
6.941996049135923386e-03
7.160291541367769241e-03
7.159012369811534882e-03
6.148272193968296051e-03
7.053076755255460739e-03
1.984863076359033585e-03
2.933149924501776695e-03
2.655046992003917694e-03
3.206257475540041924e-03
4.122115671634674072e-02
4.239428322762250900e-03
3.566030180081725121e-03
3.934804350137710571e-03
5.169905722141265869e-02
2.152797998860478401e-03
1.531465072184801102e-02
1.537651661783456802e-02
1.616796106100082397e-02
8.480031974613666534e-03
7.098726462572813034e-03
6.189504172652959824e-03
8.612222038209438324e-03
2.344162901863455772e-03
2.217695303261280060e-02
2.827648306265473366e-03
2.332406351342797279e-03
2.238241583108901978e-02
5.967893637716770172e-03
3.489552438259124756e-02
6.329717580229043961e-03
3.471038071438670158e-03
5.957063753157854080e-03
4.612577147781848907e-03
4.679371137171983719e-03
3.035927889868617058e-03
3.100327681750059128e-03
4.647766239941120148e-03
3.244106192141771317e-03
4.513524007052183151e-03
1.914271339774131775e-02
3.010361222550272942e-03
8.749626576900482178e-03
2.150506339967250824e-02
6.718081887811422348e-03
3.411421552300453186e-03
1.701116375625133514e-02
3.497622162103652954e-02
7.447847630828619003e-03
1.566237886436283588e-03
2.173689659684896469e-03
7.464152295142412186e-03
2.581860125064849854e-02
3.075991757214069366e-03
5.723251495510339737e-03
2.606753492727875710e-03
2.651000395417213440e-03
3.016775706782937050e-03
3.512098919600248337e-03
4.083864856511354446e-03
2.396885305643081665e-03
6.993853021413087845e-03
1.259222440421581268e-02
3.231900930404663086e-02
4.446090199053287506e-03
2.357882447540760040e-02
2.468591788783669472e-03
3.836000571027398109e-03
4.614252597093582153e-03
1.143907476216554642e-02
7.943767122924327850e-03
2.177480142563581467e-03
7.831846363842487335e-03
4.821892362087965012e-03
3.607652615755796432e-03
1.615738682448863983e-02
2.449356950819492340e-02
1.013924181461334229e-02
7.314930204302072525e-03
1.172380708158016205e-02
3.302441444247961044e-03
6.961864884942770004e-03
1.081830449402332306e-02
1.259707007557153702e-02
1.821781275793910027e-03
4.690150171518325806e-02
4.082927014678716660e-03
3.248875029385089874e-03
1.996259903535246849e-03
1.592415943741798401e-02
2.580321393907070160e-03
1.709025586023926735e-03
2.807846758514642715e-03
1.134049240499734879e-02
1.863016746938228607e-02
9.010450914502143860e-03
2.539644250646233559e-03
4.148697014898061752e-03
9.143632836639881134e-03
4.821554943919181824e-02
2.508211415261030197e-03
4.033989086747169495e-02
1.929008960723876953e-02
2.009626850485801697e-02
1.250614039599895477e-02
3.681029891595244408e-03
6.471272092312574387e-03
1.292474940419197083e-02
5.021371878683567047e-03
2.376728458330035210e-03
1.978194806724786758e-03
4.264338407665491104e-03
3.631340106949210167e-03
3.772956086322665215e-03
2.437171759083867073e-03
1.435476075857877731e-02
4.699707031250000000e-03
3.264912171289324760e-03
2.296560443937778473e-02
4.665886051952838898e-03
9.218734689056873322e-03
2.407789696007966995e-03
3.345528384670615196e-03
3.929057717323303223e-02
2.882710425183176994e-03
3.993785008788108826e-03
1.895562000572681427e-02
2.422823803499341011e-03
8.847870863974094391e-03
7.717843167483806610e-03
3.335181158035993576e-03
3.028894774615764618e-03
4.749025218188762665e-03
2.885920926928520203e-03
9.941278025507926941e-03
1.321115414611995220e-03
7.324027363210916519e-03
5.239441990852355957e-02
4.503806587308645248e-03
3.007239662110805511e-03
3.914840519428253174e-03
5.068742670118808746e-03
4.150587134063243866e-03
3.134678676724433899e-02
1.591708511114120483e-03
2.313813427463173866e-03
2.759330207481980324e-03
3.887748718261718750e-02
4.337714519351720810e-03
7.649856619536876678e-03
5.499009974300861359e-03
8.399526588618755341e-03
5.514520220458507538e-03
2.943855710327625275e-02
1.160219963639974594e-02
4.364531021565198898e-03
1.539765740744769573e-03
2.515496872365474701e-02
4.412320442497730255e-03
1.306634279899299145e-03
5.917061585932970047e-03
7.103722076863050461e-03
5.333082284778356552e-03
9.385481826029717922e-04
4.453252535313367844e-03
1.749552669934928417e-03
3.460821881890296936e-02
2.050713263452053070e-02
4.260803572833538055e-03
1.860370277427136898e-03
2.574621001258492470e-03
1.533250417560338974e-02
2.809447422623634338e-02
2.498660003766417503e-03
3.571256762370467186e-03
2.278296975418925285e-03
1.362422946840524673e-03
5.104981362819671631e-03
2.226263657212257385e-02
9.098450653254985809e-03
2.258759690448641777e-03
9.298987686634063721e-03
2.273568417876958847e-03
2.263985108584165573e-03
9.520743042230606079e-02
2.616406884044408798e-03
2.717562718316912651e-03
1.178764738142490387e-02
2.070589363574981689e-02
2.601136453449726105e-03
1.999247586354613304e-03
3.084304044023156166e-03
4.747522994875907898e-03
2.233150647953152657e-03
2.821648726239800453e-03
3.741861553862690926e-03
1.593283563852310181e-02
3.103186376392841339e-03
1.520736515522003174e-02
2.149342186748981476e-02
2.607997041195631027e-03
3.314956557005643845e-03
1.097713038325309753e-02
3.224814077839255333e-03
2.280438318848609924e-03
6.678646896034479141e-03
1.173414988443255424e-03
1.232964103110134602e-03
9.286272339522838593e-03
2.041987515985965729e-02
1.692133396863937378e-02
1.987687079235911369e-03
2.716756425797939301e-03
7.476688362658023834e-03
5.949546117335557938e-03
3.445577342063188553e-03
6.185739766806364059e-03
1.831004745326936245e-03
2.941209822893142700e-03
3.750295937061309814e-02
5.896775983273983002e-03
3.954430669546127319e-02
4.520040936768054962e-03
3.472123760730028152e-03
2.103447541594505310e-02
7.989268749952316284e-02
4.226904362440109253e-03
4.721846897155046463e-03
1.978685148060321808e-03
2.317401347681879997e-03
3.656274173408746719e-03
2.501097740605473518e-03
2.266908809542655945e-02
7.990654557943344116e-03
2.476345049217343330e-03
1.109382137656211853e-03
4.040037747472524643e-03
2.625748049467802048e-03
6.937409285455942154e-03
1.815799158066511154e-03
2.231415361166000366e-03
3.168487548828125000e-02
4.497076850384473801e-03
2.367982268333435059e-02
5.064228083938360214e-03
5.194828379899263382e-03
6.578679196536540985e-03
1.617388916201889515e-03
4.201865289360284805e-03
1.008277386426925659e-02
8.339245803654193878e-03
3.401517868041992188e-03
2.529765479266643524e-03
8.352453820407390594e-03
4.905224591493606567e-02
4.317738115787506104e-03
4.843271337449550629e-03
2.575384452939033508e-03
1.056463178247213364e-02
1.792590832337737083e-03
2.676608972251415253e-03
4.276306834071874619e-03
7.752213161438703537e-03
1.336394110694527626e-03
5.016054026782512665e-03
4.172770772129297256e-03
2.165813697502017021e-03
2.748565981164574623e-03
9.769944474101066589e-03
2.840182743966579437e-03
2.710223197937011719e-03
1.851001405157148838e-03
3.548219101503491402e-03
7.459597545675933361e-04
8.473330177366733551e-03
3.142707794904708862e-02
5.421053152531385422e-03
1.120947301387786865e-03
2.832223288714885712e-02
5.378533154726028442e-03
5.596946924924850464e-03
2.555063227191567421e-03
4.748152568936347961e-03
4.940759390592575073e-02
5.345408804714679718e-03
3.474041447043418884e-02
1.819615950807929039e-03
6.472798530012369156e-03
3.944993484765291214e-03
1.808796823024749756e-02
1.602718047797679901e-02
3.462959080934524536e-03
6.318468600511550903e-03
2.853945363312959671e-03
3.508729394525289536e-03
1.143199391663074493e-03
4.386818036437034607e-03
1.441028248518705368e-02
1.081740763038396835e-02
5.371730774641036987e-03
5.905177909880876541e-03
2.469331212341785431e-02
4.033674020320177078e-03
4.154219757765531540e-03
3.858109563589096069e-02
5.856868345290422440e-03
4.731023218482732773e-03
2.186618745326995850e-02
1.623319834470748901e-02
5.090183392167091370e-02
7.929080165922641754e-03
2.465640660375356674e-03
3.666328731924295425e-03
1.568687520921230316e-02
3.488834481686353683e-03
2.728906460106372833e-02
2.479285933077335358e-03
4.511766135692596436e-03
2.859452739357948303e-03
1.906914520077407360e-03
3.313292283564805984e-03
1.787531306035816669e-03
3.560246201232075691e-03
3.158237412571907043e-02
1.381796039640903473e-02
1.564671169035136700e-03
1.187288202345371246e-02
2.277558436617255211e-03
8.854865096509456635e-03
1.580758602358400822e-03
1.999605912715196609e-03
3.705825656652450562e-03
1.539750117808580399e-02
2.480996539816260338e-03
2.455240860581398010e-02
1.757355523295700550e-03
1.658273162320256233e-03
2.968254964798688889e-03
9.511159732937812805e-03
7.637204136699438095e-03
1.151592563837766647e-02
3.393222810700535774e-03
7.448579650372266769e-03
2.990488195791840553e-03
2.620281185954809189e-03
1.199858379550278187e-03
5.443421006202697754e-02
1.195877674035727978e-03
1.889161416329443455e-03
6.506327539682388306e-03
2.063278341665863991e-03
1.259506400674581528e-02
5.836366675794124603e-03
1.050172839313745499e-02
2.732126507908105850e-03
7.693707942962646484e-03
3.166843904182314873e-03
2.041355008259415627e-03
2.788015874102711678e-03
8.004860021173954010e-03
2.738193608820438385e-03
5.187958851456642151e-02
1.549068489111959934e-03
2.544484334066510201e-03
1.101733092218637466e-02
1.961692795157432556e-02
5.629003979265689850e-03
3.516943892464041710e-03
2.295992104336619377e-03
5.959046073257923126e-03
3.079397138208150864e-03
1.290501840412616730e-02
1.612900057807564735e-03
1.121034380048513412e-03
5.938715767115354538e-03
3.965090960264205933e-03
1.199656748212873936e-03
4.946775268763303757e-03
2.108372980728745461e-03
1.153869787231087685e-03
7.422619033604860306e-03
2.260643988847732544e-03
3.438923275098204613e-03
3.544666105881333351e-03
1.685137744061648846e-03
4.159433767199516296e-03
3.063637996092438698e-03
6.680999416857957840e-03
5.642686970531940460e-03
3.152575343847274780e-03
9.978351183235645294e-03
6.289293989539146423e-03
1.730992808006703854e-03
6.675177719444036484e-03
4.339863080531358719e-03
3.266214206814765930e-02
3.955052699893712997e-03
3.104157280176877975e-03
2.090676454827189445e-03
9.749083546921610832e-04
7.646281737834215164e-03
1.972848549485206604e-03
4.536063410341739655e-03
4.372504539787769318e-03
8.519162656739354134e-04
1.848289044573903084e-03
7.155027240514755249e-03
1.682964153587818146e-03
8.348439820110797882e-03
9.643572266213595867e-04
2.815236570313572884e-03
2.276648068800568581e-03
3.484535031020641327e-03
6.701105739921331406e-03
1.062925066798925400e-02
6.404871237464249134e-04
1.498752390034496784e-03
3.156560240313410759e-03
1.515637710690498352e-02
2.151531632989645004e-03
1.382945338264107704e-03
3.303614212200045586e-03
2.814787440001964569e-03
1.488056615926325321e-03
3.884510369971394539e-03
5.621122196316719055e-03
3.908780403435230255e-03
6.292621605098247528e-03
2.840256318449974060e-03
3.860060125589370728e-02
1.126933377236127853e-03
3.468728624284267426e-03
1.906991004943847656e-03
1.388490200042724609e-03
4.844124428927898407e-03
1.363425236195325851e-02
3.779968712478876114e-03
6.811119616031646729e-03
1.226078439503908157e-02
1.198767684400081635e-03
2.210756530985236168e-03
3.854590654373168945e-02
1.626119250431656837e-03
1.147502567619085312e-03
2.978496020659804344e-03
1.932701282203197479e-02
5.770054180175065994e-03
6.281521171331405640e-03
1.082101254723966122e-03
1.448449213057756424e-03
7.370634004473686218e-03
6.531252525746822357e-03
1.740028150379657745e-03
2.281884429976344109e-03
5.079312715679407120e-03
1.935921050608158112e-02
4.932311363518238068e-03
8.965421468019485474e-03
2.571848453953862190e-03
2.638996765017509460e-02
1.027435250580310822e-02
3.215492703020572662e-03
1.995855756103992462e-02
2.558144507929682732e-03
7.998868823051452637e-03
2.831982448697090149e-02
1.279395911842584610e-02
1.715940795838832855e-02
7.405811920762062073e-03
3.981427475810050964e-02
3.797775600105524063e-03
2.035218989476561546e-03
5.019628908485174179e-03
2.392926253378391266e-03
1.424522371962666512e-03
3.854462178424000740e-03
7.534110452979803085e-03
1.943348208442330360e-03
1.122699677944183350e-02
1.134380511939525604e-02
1.886062673293054104e-03
1.274428982287645340e-02
2.798451343551278114e-03
1.730168238282203674e-02
2.711556851863861084e-03
2.396916504949331284e-03
9.882192825898528099e-04
1.215289067476987839e-02
3.614780027419328690e-03
1.632739324122667313e-03
7.896617753431200981e-04
3.594043664634227753e-03
2.303561894223093987e-03
5.131037905812263489e-03
3.105951473116874695e-03
3.721149405464529991e-03
1.365913194604218006e-03
1.214746758341789246e-02
3.844562219455838203e-03
2.178454026579856873e-02
1.571112778037786484e-03
1.185646979138255119e-03
9.167602285742759705e-03
2.169286459684371948e-02
1.071925857104361057e-03
3.583183279260993004e-03
3.097075968980789185e-03
9.196499595418572426e-04
