6.848126888275146484e+00
5.864688873291015625e+00
4.928968429565429688e+00
3.791413545608520508e+00
2.859941959381103516e+00
2.493662118911743164e+00
2.266136646270751953e+00
2.042150497436523438e+00
1.998851895332336426e+00
2.031190156936645508e+00
2.176253557205200195e+00
2.114489078521728516e+00
2.009491682052612305e+00
1.938823699951171875e+00
1.985610365867614746e+00
2.022064685821533203e+00
1.840704202651977539e+00
2.001555442810058594e+00
1.930577874183654785e+00
1.978949189186096191e+00
1.897282481193542480e+00
1.775844335556030273e+00
1.945419311523437500e+00
1.814637541770935059e+00
1.749589204788208008e+00
1.861333131790161133e+00
1.863094091415405273e+00
1.912262439727783203e+00
1.942246675491333008e+00
1.732966423034667969e+00
1.747036933898925781e+00
1.844100713729858398e+00
1.899111270904541016e+00
1.698306560516357422e+00
1.756314754486083984e+00
1.625870108604431152e+00
1.794979929924011230e+00
1.591382145881652832e+00
1.631395697593688965e+00
1.658316373825073242e+00
1.726051807403564453e+00
1.810612678527832031e+00
1.694720268249511719e+00
1.577617406845092773e+00
1.711550116539001465e+00
1.673548698425292969e+00
1.857478141784667969e+00
1.636384010314941406e+00
1.599214196205139160e+00
1.960044860839843750e+00
1.664676070213317871e+00
1.619628071784973145e+00
1.661916017532348633e+00
1.616972208023071289e+00
1.635923981666564941e+00
1.537672400474548340e+00
1.701217889785766602e+00
1.541567444801330566e+00
1.704831838607788086e+00
1.629905581474304199e+00
1.634300589561462402e+00
1.556467533111572266e+00
1.760169506072998047e+00
1.680923700332641602e+00
1.671445488929748535e+00
1.588343858718872070e+00
1.618197083473205566e+00
1.698214769363403320e+00
1.711729168891906738e+00
1.693540215492248535e+00
1.764054179191589355e+00
1.469582319259643555e+00
1.508333206176757812e+00
1.428310155868530273e+00
1.217992663383483887e+00
1.434506416320800781e+00
1.565921902656555176e+00
1.331263780593872070e+00
1.339792966842651367e+00
1.441367745399475098e+00
1.596300005912780762e+00
1.596423983573913574e+00
1.470031380653381348e+00
1.508228778839111328e+00
1.509391903877258301e+00
1.437033414840698242e+00
1.380787253379821777e+00
1.405395388603210449e+00
1.462434172630310059e+00
1.498791337013244629e+00
1.622943520545959473e+00
1.437752962112426758e+00
1.549221277236938477e+00
1.519043445587158203e+00
1.395443320274353027e+00
1.552865505218505859e+00
1.666907668113708496e+00
1.522562980651855469e+00
1.614163160324096680e+00
1.505335927009582520e+00
1.420849204063415527e+00
1.470028042793273926e+00
1.374763250350952148e+00
1.324334979057312012e+00
1.443117260932922363e+00
1.526078939437866211e+00
1.299886941909790039e+00
1.511946678161621094e+00
1.304681062698364258e+00
1.435879707336425781e+00
1.493668794631958008e+00
1.482774853706359863e+00
1.416338443756103516e+00
1.572134137153625488e+00
1.333027124404907227e+00
1.220962405204772949e+00
1.313711881637573242e+00
1.293468475341796875e+00
1.335008502006530762e+00
1.403195381164550781e+00
1.445846915245056152e+00
1.530698299407958984e+00
1.345312118530273438e+00
1.236870288848876953e+00
1.580087065696716309e+00
1.209330677986145020e+00
1.212433815002441406e+00
1.306964278221130371e+00
1.325844049453735352e+00
1.424629926681518555e+00
1.390155076980590820e+00
1.346732974052429199e+00
1.445770740509033203e+00
1.263272523880004883e+00
1.353399038314819336e+00
1.261627912521362305e+00
1.427442550659179688e+00
1.469305515289306641e+00
1.222286820411682129e+00
1.385741710662841797e+00
1.336729884147644043e+00
1.399341464042663574e+00
1.281480669975280762e+00
1.414364218711853027e+00
1.267050981521606445e+00
1.407414317131042480e+00
1.306910991668701172e+00
1.208897233009338379e+00
1.346971035003662109e+00
1.194686651229858398e+00
9.971962571144104004e-01
1.240059018135070801e+00
1.096271157264709473e+00
1.240299224853515625e+00
1.094683647155761719e+00
1.116488099098205566e+00
1.255080580711364746e+00
1.152166962623596191e+00
9.827146530151367188e-01
1.014613986015319824e+00
1.241418480873107910e+00
1.235715508460998535e+00
1.073736429214477539e+00
1.143785238265991211e+00
1.141834855079650879e+00
1.235916972160339355e+00
1.342679023742675781e+00
1.302321672439575195e+00
1.301766395568847656e+00
1.176026225090026855e+00
1.105473518371582031e+00
1.280970692634582520e+00
1.266845703125000000e+00
1.429314136505126953e+00
1.659518003463745117e+00
9.177817106246948242e-01
1.216187000274658203e+00
1.181595087051391602e+00
1.171942949295043945e+00
1.162111282348632812e+00
1.110562324523925781e+00
1.095215320587158203e+00
1.165578722953796387e+00
1.134826302528381348e+00
1.162943482398986816e+00
1.210927248001098633e+00
1.192214965820312500e+00
9.064793586730957031e-01
1.055704712867736816e+00
1.248220086097717285e+00
1.050555348396301270e+00
1.147296071052551270e+00
1.132670521736145020e+00
1.159276723861694336e+00
1.143732666969299316e+00
1.241607308387756348e+00
1.096914529800415039e+00
1.210229754447937012e+00
1.041415572166442871e+00
9.927189350128173828e-01
8.946408629417419434e-01
9.007722139358520508e-01
9.498515129089355469e-01
8.515598773956298828e-01
9.233109951019287109e-01
9.701431393623352051e-01
1.123603820800781250e+00
1.017279267311096191e+00
1.019704222679138184e+00
1.145045995712280273e+00
1.020165085792541504e+00
9.740320444107055664e-01
1.050793528556823730e+00
1.053907752037048340e+00
1.035462498664855957e+00
9.423043727874755859e-01
1.052208662033081055e+00
9.502881765365600586e-01
9.214417934417724609e-01
1.071125864982604980e+00
9.331353902816772461e-01
1.165379405021667480e+00
1.297179579734802246e+00
1.034329652786254883e+00
1.245895624160766602e+00
8.873627185821533203e-01
8.531000614166259766e-01
1.021276593208312988e+00
8.661674261093139648e-01
8.362994194030761719e-01
1.075332760810852051e+00
1.026025533676147461e+00
1.051275730133056641e+00
8.943377733230590820e-01
8.398416638374328613e-01
9.740182161331176758e-01
9.098049402236938477e-01
9.992673397064208984e-01
7.736918330192565918e-01
8.374626040458679199e-01
9.361503124237060547e-01
8.583151698112487793e-01
7.774419188499450684e-01
9.442089200019836426e-01
8.394509553909301758e-01
9.579820632934570312e-01
8.694615364074707031e-01
1.018162608146667480e+00
7.799517512321472168e-01
1.108066678047180176e+00
7.999911308288574219e-01
8.679166436195373535e-01
7.943413853645324707e-01
7.711238861083984375e-01
6.580305099487304688e-01
6.472482681274414062e-01
8.641842603683471680e-01
8.221272826194763184e-01
7.212870121002197266e-01
8.307362198829650879e-01
7.449193596839904785e-01
7.734602689743041992e-01
9.108869433403015137e-01
9.168854355812072754e-01
8.885010480880737305e-01
6.373372077941894531e-01
1.029197931289672852e+00
9.041360616683959961e-01
7.518483996391296387e-01
8.328000307083129883e-01
8.720889091491699219e-01
8.086579442024230957e-01
8.860166668891906738e-01
1.069609761238098145e+00
7.247697114944458008e-01
7.737275958061218262e-01
7.004091143608093262e-01
7.221716046333312988e-01
6.078569293022155762e-01
7.539824843406677246e-01
6.217014789581298828e-01
6.071177721023559570e-01
9.134593009948730469e-01
6.122469305992126465e-01
6.601869463920593262e-01
6.835883855819702148e-01
5.661939978599548340e-01
6.607353091239929199e-01
5.649471879005432129e-01
5.982647538185119629e-01
5.801485776901245117e-01
5.378409028053283691e-01
6.602799892425537109e-01
6.478853225708007812e-01
6.297210454940795898e-01
5.928345322608947754e-01
7.138298153877258301e-01
5.595902204513549805e-01
5.886373519897460938e-01
5.070400238037109375e-01
4.183082580566406250e-01
4.376465976238250732e-01
4.685005247592926025e-01
6.036140322685241699e-01
4.646086692810058594e-01
6.487627029418945312e-01
6.015623807907104492e-01
4.835132062435150146e-01
4.103589951992034912e-01
7.750099897384643555e-01
6.692115068435668945e-01
5.086354613304138184e-01
6.926020979881286621e-01
5.233336091041564941e-01
5.635976195335388184e-01
5.134763121604919434e-01
6.907318234443664551e-01
6.496506929397583008e-01
6.558884382247924805e-01
5.312505960464477539e-01
5.390690565109252930e-01
5.740714669227600098e-01
6.165234446525573730e-01
5.462328195571899414e-01
3.281312882900238037e-01
4.954876303672790527e-01
3.786011934280395508e-01
5.993442535400390625e-01
4.505417346954345703e-01
5.385351777076721191e-01
3.836427927017211914e-01
3.626899719238281250e-01
4.669398963451385498e-01
4.070554375648498535e-01
3.614157438278198242e-01
4.024371802806854248e-01
4.432042241096496582e-01
3.500026762485504150e-01
4.472448825836181641e-01
3.551461398601531982e-01
4.093994498252868652e-01
4.345270693302154541e-01
5.399613380432128906e-01
3.208831548690795898e-01
3.328935801982879639e-01
4.265657365322113037e-01
6.108884811401367188e-01
4.898492991924285889e-01
5.827948451042175293e-01
5.192722082138061523e-01
3.123803734779357910e-01
4.277550578117370605e-01
3.813922703266143799e-01
4.750738143920898438e-01
5.396803021430969238e-01
3.347319364547729492e-01
4.379206597805023193e-01
5.377169847488403320e-01
5.197482705116271973e-01
4.383469820022583008e-01
5.683740973472595215e-01
4.246095120906829834e-01
4.264945089817047119e-01
4.211813509464263916e-01
4.889175295829772949e-01
4.594001173973083496e-01
3.548129200935363770e-01
4.592277705669403076e-01
4.289343059062957764e-01
5.054195523262023926e-01
5.133175849914550781e-01
3.655781745910644531e-01
4.865805208683013916e-01
3.707226812839508057e-01
6.859062910079956055e-01
3.778752386569976807e-01
4.476409554481506348e-01
4.875818192958831787e-01
4.405360817909240723e-01
5.812556147575378418e-01
5.039740204811096191e-01
4.587540328502655029e-01
5.787358880043029785e-01
7.280334234237670898e-01
5.150519013404846191e-01
2.989720106124877930e-01
3.731634318828582764e-01
4.972546100616455078e-01
4.711913764476776123e-01
6.023234128952026367e-01
3.866720497608184814e-01
3.761937916278839111e-01
3.064133226871490479e-01
3.749583363533020020e-01
3.351652920246124268e-01
4.649082422256469727e-01
4.247874617576599121e-01
3.551512658596038818e-01
4.935558438301086426e-01
7.299071550369262695e-01
2.153273522853851318e-01
1.923944652080535889e-01
1.983263790607452393e-01
4.581297636032104492e-01
3.908977806568145752e-01
3.624224960803985596e-01
4.591199755668640137e-01
3.206980526447296143e-01
2.176366448402404785e-01
3.632073402404785156e-01
3.093944191932678223e-01
3.063400685787200928e-01
3.002951443195343018e-01
2.829322218894958496e-01
2.186329364776611328e-01
2.999921441078186035e-01
2.329440563917160034e-01
3.102765083312988281e-01
2.715324759483337402e-01
3.614962995052337646e-01
2.934573292732238770e-01
4.535478949546813965e-01
1.941148787736892700e-01
1.974222362041473389e-01
4.393921792507171631e-01
1.528497636318206787e-01
1.045320406556129456e-01
1.439077407121658325e-01
1.847887337207794189e-01
2.733632922172546387e-01
3.065911829471588135e-01
2.151398956775665283e-01
1.228230446577072144e-01
1.391717791557312012e-01
1.597183644771575928e-01
2.210405617952346802e-01
2.216275930404663086e-01
1.800452768802642822e-01
1.805944740772247314e-01
9.073496609926223755e-02
2.697880566120147705e-01
1.532922685146331787e-01
1.897287815809249878e-01
2.158168107271194458e-01
2.357912361621856689e-01
2.787837982177734375e-01
1.334229260683059692e-01
8.135317265987396240e-02
1.464286893606185913e-01
2.995255589485168457e-01
1.413922011852264404e-01
1.614006310701370239e-01
1.833853423595428467e-01
1.007033661007881165e-01
2.028221040964126587e-01
9.640641510486602783e-02
2.184961587190628052e-01
1.743457019329071045e-01
2.429262399673461914e-01
2.554070353507995605e-01
2.102748304605484009e-01
2.174767404794692993e-01
1.648914813995361328e-01
2.820659875869750977e-01
1.863210201263427734e-01
1.610978841781616211e-01
2.931420207023620605e-01
1.743698567152023315e-01
2.829962968826293945e-01
1.944581121206283569e-01
2.675118744373321533e-01
2.172202020883560181e-01
2.624952197074890137e-01
1.548355519771575928e-01
8.753553777933120728e-02
3.217959403991699219e-01
1.433252543210983276e-01
1.666476875543594360e-01
1.699394881725311279e-01
1.925612688064575195e-01
1.583482474088668823e-01
2.097968310117721558e-01
1.873109191656112671e-01
2.138365358114242554e-01
1.583709269762039185e-01
1.847992241382598877e-01
1.747457683086395264e-01
8.163479715585708618e-02
1.460794210433959961e-01
1.341624706983566284e-01
2.057603597640991211e-01
1.783828139305114746e-01
2.610040903091430664e-01
2.217577248811721802e-01
1.203885525465011597e-01
2.049315273761749268e-01
2.871776819229125977e-01
1.895190477371215820e-01
1.731788665056228638e-01
3.442879915237426758e-01
1.282402873039245605e-01
1.685007363557815552e-01
1.571174114942550659e-01
2.121217995882034302e-01
3.748476207256317139e-01
2.307322472333908081e-01
2.336015105247497559e-01
2.698827385902404785e-01
2.394313067197799683e-01
8.993691205978393555e-02
1.314326077699661255e-01
1.042197272181510925e-01
2.686258852481842041e-01
2.291336357593536377e-01
2.147927135229110718e-01
2.106157541275024414e-01
1.953720301389694214e-01
1.277410089969635010e-01
2.013761252164840698e-01
1.980597525835037231e-01
1.299663782119750977e-01
8.376193791627883911e-02
1.219759434461593628e-01
2.352683693170547485e-01
3.276448547840118408e-01
9.656870365142822266e-02
1.210408881306648254e-01
2.431299686431884766e-01
1.509893834590911865e-01
1.348671317100524902e-01
8.183892816305160522e-02
9.195090830326080322e-02
2.768517136573791504e-01
1.181763112545013428e-01
9.231547266244888306e-02
8.390048891305923462e-02
1.196468919515609741e-01
1.367859542369842529e-01
8.569805324077606201e-02
1.852122992277145386e-01
1.933774948120117188e-01
1.229289844632148743e-01
1.250667124986648560e-01
1.453000754117965698e-01
2.249338775873184204e-01
1.394877284765243530e-01
6.351052969694137573e-02
9.822180122137069702e-02
1.427899897098541260e-01
1.698949187994003296e-01
9.508069604635238647e-02
1.853395253419876099e-01
9.643878787755966187e-02
2.386578321456909180e-01
7.232957333326339722e-02
9.604319930076599121e-02
1.063374131917953491e-01
1.108222007751464844e-01
9.860897064208984375e-02
1.178180873394012451e-01
2.459614425897598267e-01
1.287664920091629028e-01
1.252515017986297607e-01
1.403061598539352417e-01
8.259685337543487549e-02
8.997714519500732422e-02
9.845247119665145874e-02
1.543508917093276978e-01
6.785811483860015869e-02
3.564349561929702759e-02
7.235179841518402100e-02
6.947983056306838989e-02
1.124761998653411865e-01
7.418724894523620605e-02
2.488067746162414551e-01
7.183982431888580322e-02
1.484037041664123535e-01
1.313154548406600952e-01
3.387466073036193848e-01
2.844448387622833252e-01
1.305653601884841919e-01
3.507996797561645508e-01
2.593120336532592773e-01
2.556790113449096680e-01
1.917079985141754150e-01
1.616969853639602661e-01
1.835889816284179688e-01
1.277918666601181030e-01
3.433043360710144043e-01
2.380829751491546631e-01
1.159623041749000549e-01
2.467314600944519043e-01
1.394124776124954224e-01
2.273171395063400269e-01
1.503029465675354004e-01
1.256550103425979614e-01
7.089335471391677856e-02
1.043675616383552551e-01
2.088478803634643555e-01
2.403971552848815918e-01
8.467273414134979248e-02
9.738373011350631714e-02
2.194110453128814697e-01
3.473277390003204346e-01
1.281505823135375977e-01
1.428169310092926025e-01
2.578629255294799805e-01
1.712961643934249878e-01
2.138757705688476562e-01
1.447638571262359619e-01
1.623527705669403076e-01
1.594736576080322266e-01
1.504658758640289307e-01
1.300066262483596802e-01
2.478188872337341309e-01
1.556268185377120972e-01
1.980911195278167725e-01
2.672176063060760498e-01
1.976508051156997681e-01
1.867524236440658569e-01
1.869660317897796631e-01
1.707420945167541504e-01
8.785861730575561523e-02
1.510280668735504150e-01
2.921696901321411133e-01
1.069691330194473267e-01
1.557800024747848511e-01
3.246366977691650391e-01
1.955843418836593628e-01
1.256183683872222900e-01
5.290825963020324707e-01
2.870172560214996338e-01
1.038442105054855347e-01
2.064824849367141724e-01
1.411418020725250244e-01
2.053299248218536377e-01
3.105932772159576416e-01
2.820427417755126953e-01
2.093615829944610596e-01
1.409187465906143188e-01
1.533701717853546143e-01
1.535676717758178711e-01
1.374760270118713379e-01
6.373877823352813721e-02
1.105665639042854309e-01
1.755425035953521729e-01
2.007570713758468628e-01
1.761206984519958496e-01
1.500900983810424805e-01
1.811812967061996460e-01
1.379821151494979858e-01
4.485328122973442078e-02
9.699061512947082520e-02
1.208180040121078491e-01
1.311778873205184937e-01
1.042543649673461914e-01
1.305657029151916504e-01
8.742041885852813721e-02
1.542497426271438599e-01
6.728008389472961426e-02
1.100994646549224854e-01
7.469311356544494629e-02
5.347943678498268127e-02
1.383560150861740112e-01
1.412998139858245850e-01
5.431534349918365479e-02
9.833828359842300415e-02
9.571953117847442627e-02
3.189387917518615723e-02
9.379684180021286011e-02
7.846530526876449585e-02
4.585098475217819214e-02
5.104850977659225464e-02
3.651563450694084167e-02
1.103566437959671021e-01
2.940310165286064148e-02
4.063542187213897705e-02
4.402027651667594910e-02
1.398607641458511353e-01
2.049862220883369446e-02
1.368158459663391113e-01
5.138777941465377808e-02
3.747129440307617188e-02
3.982193768024444580e-02
5.991989001631736755e-02
5.655895173549652100e-02
7.953998446464538574e-02
1.546607911586761475e-01
3.164982795715332031e-02
6.370809674263000488e-02
3.790272399783134460e-02
4.769965261220932007e-02
5.672980844974517822e-02
7.367975264787673950e-02
8.369744569063186646e-02
6.969301402568817139e-02
3.635935857892036438e-02
1.104651298373937607e-02
6.958444416522979736e-02
6.595542430877685547e-01
2.367860823869705200e-02
6.068623065948486328e-02
1.223373785614967346e-01
8.492743968963623047e-02
1.273844093084335327e-01
2.582389712333679199e-01
2.572999000549316406e-01
2.806454896926879883e-01
1.690310537815093994e-01
3.036302924156188965e-01
1.084794998168945312e-01
4.777442663908004761e-02
1.058994457125663757e-01
1.422252953052520752e-01
1.167778968811035156e-01
1.181136369705200195e-01
1.867144703865051270e-01
1.507476717233657837e-01
1.637444794178009033e-01
1.529785543680191040e-01
1.556654423475265503e-01
8.395865559577941895e-02
1.765898615121841431e-01
1.081149727106094360e-01
2.593856155872344971e-01
6.056888401508331299e-02
1.647772043943405151e-01
8.049703389406204224e-02
7.117869704961776733e-02
1.212777718901634216e-01
1.746517717838287354e-01
1.449393630027770996e-01
1.743218749761581421e-01
1.813675910234451294e-01
9.165122359991073608e-02
4.500941187143325806e-02
9.521525353193283081e-02
8.688443899154663086e-02
1.193746700882911682e-01
8.669864386320114136e-02
6.816449761390686035e-02
1.764325425028800964e-02
9.963282197713851929e-02
8.975332975387573242e-02
1.180282831192016602e-01
8.050105720758438110e-02
4.805611073970794678e-02
5.990988016128540039e-02
1.489882618188858032e-01
1.549765169620513916e-01
2.915237285196781158e-02
1.222457066178321838e-01
4.730711132287979126e-02
1.476839482784271240e-01
7.133972644805908203e-02
7.597731053829193115e-02
2.275586724281311035e-01
5.117192864418029785e-02
6.881802529096603394e-02
3.182112053036689758e-02
7.731179147958755493e-02
6.488264352083206177e-02
5.897622555494308472e-02
1.061478406190872192e-01
2.438683062791824341e-02
3.963667526841163635e-02
7.965075224637985229e-02
3.597700223326683044e-02
3.613352775573730469e-02
4.307948052883148193e-02
6.300923973321914673e-02
9.168761223554611206e-02
9.272989630699157715e-02
1.303698122501373291e-01
2.792415395379066467e-02
2.225838042795658112e-02
4.842818155884742737e-02
2.362055703997612000e-02
3.361433744430541992e-02
3.502448648214340210e-02
4.130633547902107239e-02
4.052345454692840576e-02
4.476317018270492554e-02
2.827354148030281067e-02
6.574012339115142822e-02
7.336782664060592651e-02
2.333102189004421234e-02
4.692380130290985107e-02
1.780701056122779846e-02
2.386346831917762756e-02
6.243256386369466782e-03
1.018175017088651657e-02
2.449847571551799774e-02
9.126952290534973145e-02
2.082476206123828888e-02
2.703811973333358765e-02
3.771619498729705811e-02
3.008170425891876221e-02
5.746901407837867737e-02
6.904996931552886963e-02
1.195741631090641022e-02
3.924417868256568909e-02
2.571143768727779388e-02
7.369060814380645752e-02
1.372077316045761108e-01
8.061240613460540771e-02
4.387458413839340210e-02
2.003569155931472778e-02
1.134619954973459244e-02
9.741488844156265259e-02
5.463525652885437012e-02
3.727597370743751526e-02
3.669919073581695557e-02
7.863593846559524536e-02
3.729228675365447998e-02
2.869890257716178894e-02
3.871471434831619263e-02
1.087416335940361023e-02
9.696214646100997925e-02
5.787536129355430603e-02
1.025856360793113708e-01
2.629751898348331451e-02
5.938392132520675659e-02
2.428760193288326263e-02
1.978547275066375732e-01
1.911432854831218719e-02
3.265852108597755432e-02
1.672255061566829681e-02
2.756732329726219177e-02
2.253229171037673950e-02
1.857400313019752502e-02
2.233275622129440308e-01
3.069180995225906372e-02
4.847019165754318237e-02
2.575812637805938721e-01
5.624760314822196960e-02
6.622429192066192627e-02
5.089073628187179565e-02
8.031870424747467041e-02
5.972005799412727356e-02
4.467145726084709167e-02
8.059944957494735718e-02
5.899557098746299744e-02
6.217428669333457947e-02
4.137842357158660889e-02
1.017629578709602356e-01
4.779793694615364075e-02
9.256931394338607788e-02
4.356838762760162354e-02
3.857671618461608887e-01
3.407038748264312744e-02
4.137377813458442688e-02
4.922795668244361877e-02
1.670273095369338989e-01
1.879098266363143921e-01
1.517840474843978882e-01
2.711746096611022949e-01
1.182726994156837463e-01
1.479991674423217773e-01
8.880510926246643066e-02
1.435004323720932007e-01
2.851197421550750732e-01
1.151575297117233276e-01
2.297592014074325562e-01
1.797567456960678101e-01
1.059544831514358521e-01
1.501406133174896240e-01
6.874519586563110352e-02
1.721568107604980469e-01
2.254828363656997681e-01
1.547757983207702637e-01
9.605417400598526001e-02
1.018113121390342712e-01
1.475730985403060913e-01
5.206573382019996643e-02
3.764252364635467529e-02
1.136486679315567017e-01
8.897600322961807251e-02
3.870682790875434875e-02
1.733293682336807251e-01
6.947399675846099854e-02
1.336119323968887329e-01
7.761022448539733887e-02
4.771712794899940491e-02
1.205936372280120850e-01
4.561440274119377136e-02
1.103112101554870605e-01
2.159922420978546143e-01
1.018040105700492859e-01
1.693165153264999390e-01
9.326438605785369873e-02
5.280443280935287476e-02
9.712795913219451904e-02
7.720775902271270752e-02
6.141703948378562927e-02
6.269701570272445679e-02
9.520086646080017090e-02
3.565323725342750549e-02
2.610560692846775055e-02
6.894936412572860718e-02
5.448536947369575500e-02
1.741107739508152008e-02
1.188130304217338562e-01
3.987342119216918945e-02
6.280981749296188354e-02
8.361593633890151978e-02
1.866451278328895569e-02
3.918525949120521545e-02
8.086576126515865326e-03
2.623720280826091766e-02
3.181676939129829407e-02
5.138152092695236206e-02
6.248075887560844421e-02
5.500255897641181946e-02
2.358622103929519653e-02
3.912470117211341858e-02
6.481479108333587646e-02
1.517649739980697632e-02
3.492178022861480713e-02
1.690915785729885101e-02
3.476670011878013611e-02
2.547701448202133179e-02
3.456740453839302063e-02
2.271581441164016724e-02
1.112663820385932922e-01
1.311958115547895432e-02
1.720679737627506256e-02
6.645669043064117432e-02
1.312628202140331268e-02
3.384520485997200012e-02
5.687747150659561157e-02
4.073219746351242065e-02
6.990844011306762695e-02
2.572881430387496948e-02
1.971080340445041656e-02
3.730549663305282593e-02
4.210485890507698059e-02
3.731413930654525757e-02
2.814507856965065002e-02
7.500919699668884277e-02
2.525303512811660767e-02
3.809659928083419800e-02
1.426442526280879974e-02
3.578741475939750671e-02
8.421313017606735229e-02
3.623032942414283752e-02
3.233234630897641182e-03
2.929173409938812256e-02
6.642065010964870453e-03
1.225248537957668304e-02
1.061795558780431747e-02
9.653422981500625610e-03
1.123844366520643234e-02
2.200593426823616028e-02
1.601704210042953491e-02
2.607747167348861694e-02
2.902203425765037537e-02
2.789542824029922485e-02
6.313153076916933060e-03
1.223553717136383057e-02
4.077434539794921875e-02
9.432219900190830231e-03
1.224002614617347717e-02
2.497473545372486115e-02
4.760588053613901138e-03
2.356147579848766327e-02
1.876480691134929657e-02
2.802179194986820221e-02
3.703400865197181702e-02
3.580233454704284668e-02
4.222868476063013077e-03
3.110857680439949036e-03
2.403390407562255859e-02
5.667057819664478302e-03
4.782390967011451721e-02
2.509421203285455704e-03
2.091083908453583717e-03
6.411315500736236572e-02
1.925736665725708008e-02
3.353841602802276611e-03
5.890008062124252319e-02
5.347511731088161469e-03
1.061687245965003967e-02
2.237336523830890656e-02
1.917848177254199982e-02
1.192317064851522446e-02
5.794221162796020508e-02
6.791778653860092163e-02
9.881356731057167053e-03
3.701874986290931702e-02
1.750425063073635101e-02
9.173425287008285522e-02
2.266812138259410858e-02
2.201492898166179657e-02
6.216434296220541000e-03
2.950864657759666443e-02
7.237662561237812042e-03
2.983569912612438202e-02
3.451083973050117493e-02
6.642454303801059723e-03
3.035939671099185944e-02
4.490448627620935440e-03
2.186837047338485718e-01
3.916929662227630615e-02
6.192235276103019714e-02
1.256662234663963318e-02
3.300251206383109093e-03
4.053650889545679092e-03
7.910493761301040649e-03
4.405721649527549744e-02
2.170464210212230682e-02
3.329057618975639343e-02
5.769070237874984741e-02
3.290858492255210876e-02
8.016079664230346680e-03
2.949625067412853241e-02
2.283374033868312836e-02
2.187288552522659302e-02
5.720466841012239456e-03
3.264016285538673401e-02
4.402885958552360535e-02
3.096661344170570374e-02
9.678819216787815094e-03
1.015791296958923340e-02
5.966940894722938538e-02
2.072889730334281921e-02
1.774471625685691833e-02
8.836575783789157867e-03
1.026305556297302246e-01
3.422150760889053345e-02
1.762146055698394775e-01
7.608275115489959717e-02
2.568947710096836090e-02
7.393499463796615601e-02
2.465537935495376587e-02
4.005664214491844177e-02
6.795856170356273651e-03
2.050323411822319031e-02
2.298266999423503876e-02
7.337578386068344116e-02
7.993170619010925293e-02
9.208267554640769958e-03
2.956954017281532288e-02
1.929822005331516266e-02
2.391208522021770477e-02
9.977830573916435242e-03
3.815911710262298584e-02
5.871918983757495880e-03
9.131982922554016113e-03
9.471510350704193115e-02
1.522216573357582092e-02
4.604503512382507324e-02
4.183487966656684875e-02
1.258572936058044434e-01
3.525402024388313293e-02
1.196478307247161865e-02
9.045231342315673828e-02
6.673025339841842651e-02
8.352471888065338135e-02
2.532888390123844147e-02
1.399303507059812546e-02
3.448639810085296631e-02
3.365131840109825134e-02
2.045460604131221771e-02
1.747336983680725098e-02
7.502371910959482193e-03
3.263371810317039490e-02
1.009433902800083160e-02
9.268432855606079102e-02
7.989481091499328613e-02
1.059351675212383270e-02
1.395368762314319611e-02
2.527941763401031494e-02
3.102328628301620483e-02
1.667052693665027618e-02
1.574074663221836090e-02
2.779531292617321014e-02
1.518728118389844894e-02
1.412163861095905304e-02
8.489182218909263611e-03
1.683966256678104401e-02
1.793338917195796967e-02
9.453298524022102356e-03
1.843280717730522156e-02
6.910161580890417099e-03
9.556910023093223572e-03
9.417598135769367218e-03
1.292738504707813263e-02
1.218382082879543304e-02
1.331194583326578140e-02
1.155165489763021469e-02
1.237359363585710526e-02
4.270038101822137833e-03
9.058753028512001038e-03
2.385919680818915367e-03
3.628204390406608582e-02
1.248518936336040497e-02
1.250850595533847809e-02
2.262657321989536285e-02
2.581916749477386475e-02
1.880112336948513985e-03
8.789279498159885406e-03
1.038473937660455704e-02
1.542146410793066025e-02
2.162457443773746490e-03
1.656146720051765442e-03
6.262687966227531433e-03
2.494686050340533257e-03
3.309403313323855400e-03
5.106411874294281006e-02
1.385119929909706116e-02
1.212957222014665604e-02
2.722472650930285454e-03
7.313498295843601227e-03
5.345517769455909729e-03
3.008127678185701370e-03
1.113397628068923950e-02
4.271608218550682068e-02
2.338658645749092102e-02
1.150806806981563568e-02
3.911084961146116257e-03
9.052920155227184296e-03
1.115753594785928726e-02
4.525370895862579346e-03
3.308846149593591690e-03
1.338920462876558304e-02
7.026862818747758865e-03
2.522464841604232788e-03
1.799125224351882935e-03
2.234404906630516052e-03
2.184929698705673218e-02
3.414054960012435913e-02
1.494004856795072556e-02
4.575001075863838196e-03
2.067926339805126190e-02
4.995497409254312515e-03
1.871067681349813938e-03
1.184264570474624634e-02
1.007505785673856735e-02
1.387322507798671722e-02
6.063554435968399048e-03
4.081948194652795792e-03
5.714102182537317276e-03
1.653889426961541176e-03
3.110826574265956879e-02
1.430810987949371338e-02
3.425374254584312439e-02
2.697310643270611763e-03
4.160481970757246017e-03
8.972235955297946930e-03
2.485745353624224663e-03
4.398877266794443130e-03
2.440692391246557236e-03
4.779702052474021912e-03
5.037549417465925217e-03
4.533575847744941711e-02
3.499856591224670410e-02
5.532718263566493988e-03
3.784045809879899025e-03
5.876492708921432495e-02
1.476014778017997742e-02
9.849133901298046112e-03
1.464840257540345192e-03
1.252908725291490555e-02
3.848604112863540649e-02
2.004557475447654724e-02
3.694743616506457329e-03
1.569030433893203735e-02
1.466304156929254532e-02
8.091035299003124237e-03
2.522116899490356445e-02
5.262559652328491211e-02
2.038674429059028625e-02
4.577907733619213104e-03
8.048709132708609104e-04
2.738383132964372635e-03
3.008131869137287140e-03
4.444817081093788147e-03
1.020623487420380116e-03
1.637005247175693512e-03
1.842133142054080963e-02
1.298364601098001003e-03
4.184953402727842331e-03
1.991137862205505371e-02
4.529321566224098206e-02
4.240076988935470581e-03
4.554158076643943787e-03
9.483375470153987408e-04
3.025440964847803116e-03
2.331653237342834473e-02
1.561347045935690403e-03
8.577181957662105560e-03
3.407157957553863525e-03
1.666049286723136902e-02
1.039266586303710938e-02
5.239744205027818680e-03
1.353785279206931591e-03
4.781009629368782043e-03
9.459030814468860626e-03
1.181389465928077698e-01
4.270454868674278259e-03
2.014207839965820312e-02
2.490440942347049713e-02
5.654667317867279053e-02
9.793902188539505005e-02
1.229333132505416870e-01
1.086609512567520142e-01
6.690892577171325684e-02
6.778042018413543701e-02
6.878469139337539673e-03
1.567891426384449005e-02
3.425450250506401062e-02
5.351525545120239258e-02
1.153799369931221008e-01
2.046691626310348511e-01
4.688477516174316406e-02
6.443819962441921234e-03
3.080107830464839935e-02
1.160928606986999512e-01
5.130549892783164978e-02
4.339331015944480896e-02
1.465559452772140503e-01
6.278535723686218262e-02
8.163092285394668579e-02
1.491404138505458832e-02
5.958979204297065735e-02
4.777005687355995178e-02
3.016390651464462280e-02
4.127034544944763184e-02
1.090801954269409180e-01
1.874466054141521454e-02
1.779235713183879852e-02
6.109339743852615356e-02
1.052297651767730713e-02
5.499064549803733826e-02
2.167767472565174103e-02
7.217425107955932617e-02
2.222492173314094543e-02
6.460469961166381836e-02
6.372965872287750244e-02
3.221578523516654968e-02
2.098696306347846985e-02
6.599114090204238892e-02
3.906330466270446777e-02
7.870464771986007690e-02
7.617907226085662842e-02
3.187395632266998291e-02
5.197003949433565140e-03
3.390137851238250732e-02
5.347674340009689331e-02
1.157296001911163330e-01
5.106556415557861328e-02
3.760189190506935120e-02
4.430604632943868637e-03
2.911007590591907501e-02
5.882326140999794006e-02
3.695040196180343628e-02
4.835512116551399231e-02
4.229017347097396851e-02
1.529856771230697632e-02
3.431107848882675171e-02
3.269269317388534546e-02
5.155423656105995178e-02
2.920822426676750183e-02
5.525788292288780212e-02
3.170649707317352295e-02
5.217006057500839233e-02
6.523701548576354980e-02
3.815745934844017029e-02
9.283113479614257812e-02
6.039968132972717285e-02
2.946628630161285400e-02
7.210199255496263504e-03
9.470775723457336426e-03
2.257853746414184570e-01
2.724988386034965515e-02
1.160786207765340805e-02
1.188685521483421326e-01
4.417106509208679199e-02
1.133928075432777405e-01
4.043311625719070435e-02
8.327376842498779297e-02
1.068983078002929688e-01
3.682641312479972839e-02
2.017834782600402832e-01
3.038919903337955475e-02
5.498889833688735962e-02
1.817980706691741943e-01
1.593443006277084351e-01
5.882099643349647522e-02
1.076957434415817261e-01
6.460688263177871704e-02
8.081232756376266479e-02
3.021804988384246826e-02
4.944222420454025269e-02
9.490827471017837524e-02
8.280701935291290283e-02
1.075789108872413635e-01
9.681017696857452393e-02
1.730529963970184326e-02
3.598764911293983459e-02
4.381281137466430664e-02
3.431780263781547546e-02
4.749882593750953674e-02
9.126075357198715210e-02
8.462691307067871094e-02
2.039708755910396576e-02
8.391930907964706421e-02
2.961206063628196716e-02
6.383740901947021484e-02
4.174182191491127014e-02
9.520134329795837402e-02
1.339055150747299194e-01
3.973183780908584595e-02
7.826155424118041992e-02
5.322033911943435669e-02
5.158371850848197937e-02
3.802308440208435059e-02
4.995557665824890137e-02
1.446244567632675171e-01
1.071832403540611267e-01
2.001997455954551697e-02
1.312049943953752518e-02
1.309263892471790314e-02
1.767966337502002716e-02
2.413726039230823517e-02
5.289952829480171204e-02
1.309548504650592804e-02
2.310352958738803864e-02
9.663850814104080200e-02
1.774863600730895996e-01
7.768588513135910034e-02
1.545176282525062561e-02
6.056058406829833984e-02
4.379715770483016968e-02
1.390468329191207886e-02
4.244249314069747925e-02
1.610456109046936035e-01
1.024574637413024902e-01
9.684559702873229980e-02
3.210226073861122131e-02
4.371316730976104736e-02
1.993840746581554413e-02
2.222732454538345337e-02
4.319635778665542603e-02
7.299599051475524902e-02
3.717636689543724060e-02
1.474584043025970459e-01
2.133794687688350677e-02
3.422704525291919708e-03
4.341009072959423065e-03
2.825892157852649689e-02
7.926928810775279999e-03
3.779408335685729980e-02
8.402720093727111816e-02
4.491086117923259735e-03
6.307590287178754807e-03
3.027410432696342468e-02
1.691082678735256195e-02
4.212209954857826233e-02
4.446918144822120667e-03
2.671118266880512238e-02
1.712589524686336517e-02
1.589275524020195007e-02
1.621707715094089508e-02
1.938427425920963287e-02
1.466180663555860519e-02
1.022140309214591980e-02
5.999183654785156250e-02
1.686001196503639221e-02
1.492983475327491760e-02
1.161172892898321152e-02
4.651383683085441589e-02
4.832584876567125320e-03
1.837240159511566162e-01
3.285875916481018066e-02
1.231679692864418030e-03
1.789573952555656433e-02
1.438480149954557419e-02
4.011899605393409729e-02
9.666880965232849121e-02
1.507964637130498886e-02
4.846280068159103394e-02
6.619379669427871704e-02
4.293768480420112610e-02
9.634608030319213867e-02
4.565932601690292358e-02
1.566812396049499512e-01
9.848004579544067383e-02
9.631243348121643066e-02
2.208309061825275421e-02
2.102577872574329376e-02
5.577852949500083923e-02
8.048801124095916748e-02
2.203704044222831726e-02
3.505536913871765137e-02
3.503818809986114502e-02
4.578232020139694214e-02
9.186564385890960693e-02
8.307626843452453613e-02
6.262242794036865234e-02
3.609820455312728882e-02
1.619410961866378784e-01
5.770002678036689758e-02
7.146933674812316895e-02
1.118791401386260986e-01
1.565480418503284454e-02
1.079016085714101791e-02
9.633947163820266724e-02
1.514988671988248825e-02
2.467812970280647278e-02
2.121605910360813141e-02
1.442553699016571045e-01
9.194734692573547363e-02
2.570221759378910065e-02
4.924144595861434937e-02
3.446255251765251160e-02
4.673077538609504700e-02
1.605115830898284912e-01
5.242150649428367615e-02
2.487344667315483093e-02
9.128391742706298828e-02
4.378155618906021118e-02
1.808144152164459229e-02
2.453562766313552856e-01
1.165101025253534317e-02
4.074283316731452942e-02
4.071355238556861877e-02
1.301590632647275925e-02
8.706156164407730103e-02
2.063618600368499756e-01
6.228700652718544006e-02
3.655882552266120911e-02
8.559904247522354126e-02
1.962585002183914185e-01
7.553597539663314819e-02
7.525298744440078735e-02
1.070280745625495911e-01
3.298126906156539917e-02
5.373010039329528809e-02
4.299013316631317139e-02
8.525555580854415894e-02
1.516620218753814697e-01
4.135037213563919067e-02
5.813162028789520264e-02
1.312806606292724609e-01
1.374115943908691406e-01
3.769578784704208374e-02
1.687981002032756805e-02
5.623716861009597778e-02
2.369309589266777039e-02
8.931337296962738037e-02
1.202918030321598053e-02
2.876799926161766052e-02
5.329744890332221985e-02
1.129910647869110107e-01
1.327655464410781860e-01
7.001890242099761963e-02
9.815495461225509644e-02
1.060492098331451416e-01
4.877393320202827454e-02
1.180130317807197571e-01
2.497171610593795776e-02
2.333554439246654510e-02
7.618619129061698914e-03
3.410666435956954956e-02
3.187664225697517395e-02
5.927229672670364380e-02
3.035006299614906311e-02
5.831295251846313477e-02
1.360101904720067978e-02
9.035703726112842560e-03
5.284358933568000793e-02
9.008306264877319336e-02
3.695653751492500305e-02
1.048916671425104141e-02
6.875731982290744781e-03
1.307397615164518356e-02
1.449513901025056839e-02
3.336558863520622253e-02
4.581516981124877930e-02
2.410776726901531219e-02
4.718200117349624634e-02
8.980835229158401489e-02
2.659642510116100311e-02
2.869659848511219025e-02
1.205015648156404495e-02
6.239286810159683228e-02
8.114673197269439697e-02
7.703159004449844360e-02
4.618973284959793091e-02
7.980118505656719208e-03
1.408470328897237778e-02
2.666767686605453491e-02
4.050348699092864990e-02
2.461652504280209541e-03
1.986443623900413513e-02
7.070410996675491333e-02
1.729468628764152527e-02
3.466561138629913330e-01
2.519496344029903412e-02
1.257897913455963135e-02
6.520314514636993408e-02
5.956308916211128235e-02
1.671988517045974731e-01
2.289838045835494995e-01
1.224020048975944519e-01
1.955138891935348511e-01
1.551471054553985596e-01
3.512501120567321777e-01
1.524557769298553467e-01
7.338155806064605713e-02
1.117005348205566406e-01
9.276546537876129150e-02
1.132409870624542236e-01
2.211211062967777252e-02
1.798538118600845337e-01
1.664857864379882812e-01
1.619419306516647339e-01
8.452733606100082397e-02
1.148149520158767700e-01
9.936834871768951416e-02
9.112229943275451660e-02
7.037680596113204956e-02
1.292000263929367065e-01
8.059465885162353516e-02
7.744355499744415283e-02
7.074617594480514526e-02
1.209899112582206726e-01
9.214945137500762939e-02
5.916217342019081116e-02
2.190768346190452576e-02
7.458090782165527344e-02
4.057064279913902283e-02
7.903913408517837524e-02
1.115386486053466797e-01
3.981695324182510376e-02
9.319153428077697754e-02
6.587450951337814331e-02
6.592164933681488037e-02
1.390668898820877075e-01
4.382228106260299683e-02
5.462633818387985229e-02
9.768252074718475342e-02
1.989696361124515533e-02
6.465246528387069702e-02
2.385023050010204315e-02
6.129053980112075806e-02
7.479045540094375610e-02
4.637518897652626038e-02
2.559479326009750366e-02
5.332628730684518814e-03
9.211729466915130615e-02
2.956141345202922821e-02
1.254172530025243759e-02
5.541294068098068237e-02
6.020326167345046997e-02
3.497565165162086487e-02
3.685669600963592529e-02
3.324084356427192688e-02
3.644368052482604980e-02
1.305081229656934738e-02
3.539007529616355896e-02
4.029199481010437012e-02
1.148204430937767029e-01
7.205294072628021240e-02
1.047640852630138397e-02
3.162879124283790588e-02
2.295545116066932678e-02
3.417748957872390747e-02
1.123283989727497101e-02
2.956169471144676208e-02
1.859879493713378906e-02
7.533551659435033798e-03
1.077951514162123203e-03
9.522020816802978516e-03
5.632526054978370667e-02
9.512778371572494507e-03
9.679404087364673615e-03
1.201699953526258469e-02
1.651207543909549713e-02
3.619294986128807068e-02
4.564100876450538635e-02
6.445328705012798309e-03
1.155536994338035583e-02
3.003928810358047485e-03
1.262860931456089020e-02
4.780679009854793549e-03
3.924955148249864578e-03
1.159403473138809204e-02
1.999581465497612953e-03
9.816577658057212830e-03
5.645840894430875778e-03
4.662371240556240082e-03
1.223119441419839859e-02
1.761204004287719727e-02
4.367431625723838806e-02
1.173550914973020554e-02
3.763515129685401917e-02
5.393752828240394592e-02
4.058993421494960785e-03
4.020189400762319565e-03
1.438057888299226761e-02
6.631105206906795502e-03
1.492567174136638641e-02
1.717157214879989624e-01
1.005928739905357361e-01
6.202747114002704620e-03
2.697913534939289093e-02
1.782422140240669250e-02
1.674899458885192871e-02
4.633194766938686371e-03
7.149059325456619263e-03
1.648707664571702480e-03
2.614474156871438026e-03
1.052510365843772888e-02
1.415262464433908463e-02
2.258245833218097687e-02
4.869813099503517151e-02
3.238420933485031128e-02
7.588710170239210129e-03
1.082513015717267990e-03
1.033803354948759079e-02
2.948385290801525116e-02
3.114134632050991058e-02
5.329137668013572693e-03
6.272785831242799759e-03
9.151168167591094971e-03
4.358559846878051758e-03
1.074495608918368816e-03
3.669796045869588852e-03
1.355299493297934532e-03
3.268028609454631805e-03
5.122464150190353394e-03
5.474641919136047363e-03
4.805692471563816071e-03
9.794122539460659027e-03
2.880221977829933167e-02
5.859585013240575790e-03
2.143661724403500557e-03
9.590834379196166992e-03
4.932755138725042343e-03
7.719615008682012558e-03
1.945187570527195930e-03
2.172328345477581024e-02
8.193362504243850708e-03
5.019850563257932663e-03
1.568471454083919525e-02
8.081433363258838654e-03
3.263490041717886925e-03
1.772594638168811798e-03
1.151192234829068184e-03
1.456266175955533981e-02
5.448570474982261658e-03
2.154788002371788025e-03
7.831672206521034241e-03
5.640649702399969101e-03
1.124108559451997280e-03
3.886580234393477440e-04
1.437082886695861816e-03
3.471614560112357140e-03
2.716589486226439476e-03
1.678548008203506470e-02
1.814055838622152805e-03
2.026000060141086578e-03
6.341137923300266266e-03
1.312559354119002819e-03
7.999178953468799591e-03
1.360975671559572220e-03
3.039201954379677773e-03
4.854305298067629337e-04
4.283644666429609060e-04
1.854002242907881737e-03
1.453986507840454578e-03
3.188061714172363281e-02
1.459766761399805546e-03
9.167662356048822403e-04
1.061179791577160358e-03
6.371244671754539013e-04
9.776439983397722244e-04
2.261502202600240707e-03
1.485417480580508709e-03
3.759201848879456520e-03
1.477469224482774734e-02
2.255567535758018494e-02
1.408881274983286858e-03
1.261797035112977028e-03
2.705314429476857185e-03
2.747373888269066811e-03
1.346608856692910194e-03
8.361490909010171890e-04
1.874663634225726128e-03
1.176606048829853535e-03
1.968593802303075790e-03
8.698180899955332279e-04
2.345679327845573425e-03
5.524265021085739136e-02
1.099265180528163910e-02
1.826244755648076534e-03
1.311523932963609695e-02
7.987366989254951477e-04
1.067129056900739670e-02
8.271415135823190212e-04
9.318511583842337132e-04
5.702347843907773495e-04
6.471382221207022667e-04
8.012695470824837685e-04
1.277985749766230583e-03
1.280184369534254074e-03
4.820998013019561768e-02
3.217068035155534744e-03
3.549242392182350159e-03
1.444795355200767517e-02
2.697554649785161018e-03
1.172898104414343834e-03
2.613424556329846382e-03
1.429013675078749657e-03
3.632272128015756607e-03
1.233103033155202866e-02
8.985237800516188145e-04
4.664737731218338013e-02
6.277873762883245945e-04
6.019977736286818981e-04
1.031414838507771492e-03
9.378025308251380920e-03
7.286819163709878922e-04
1.167320646345615387e-03
1.420943182893097401e-03
2.035531401634216309e-02
1.828276435844600201e-03
4.754585679620504379e-03
1.326091820374131203e-03
7.209663745015859604e-04
4.141121357679367065e-02
2.201291173696517944e-02
1.445597736164927483e-03
1.446444424800574780e-03
5.011395551264286041e-04
2.239104593172669411e-03
9.846109896898269653e-04
1.363209681585431099e-03
1.561715034767985344e-03
3.863678080961108208e-03
4.959687357768416405e-04
5.603645462542772293e-03
2.367629902437329292e-03
4.784563090652227402e-03
1.061045331880450249e-03
9.179619955830276012e-04
1.250226497650146484e-01
1.676944782957434654e-03
1.653818646445870399e-03
1.438845298252999783e-03
7.800556253641843796e-03
1.512878574430942535e-03
8.166009560227394104e-03
2.481921762228012085e-02
3.666336461901664734e-02
1.946317404508590698e-02
1.984781958162784576e-02
9.307776577770709991e-03
1.643279008567333221e-02
1.056032255291938782e-01
2.030536346137523651e-02
1.163791567087173462e-01
1.133998483419418335e-01
4.536286368966102600e-02
5.476760677993297577e-03
8.979884907603263855e-03
4.651422053575515747e-02
1.454706024378538132e-02
1.107533201575279236e-01
2.654538676142692566e-02
1.760990731418132782e-02
1.311680115759372711e-02
2.470983006060123444e-02
3.181107714772224426e-02
1.210128795355558395e-02
1.761799491941928864e-02
8.823697455227375031e-03
4.098212346434593201e-03
9.811809659004211426e-02
9.304836392402648926e-03
5.648101214319467545e-03
3.866576030850410461e-02
6.394184380769729614e-02
6.986542791128158569e-02
1.211337652057409286e-02
4.238554835319519043e-02
5.658193957060575485e-03
4.440856631845235825e-03
2.308439277112483978e-02
9.949008375406265259e-02
5.205584317445755005e-02
1.545123197138309479e-02
6.284096837043762207e-02
1.240620505996048450e-03
2.087245881557464600e-02
8.773507922887802124e-02
9.448594413697719574e-03
1.361334603279829025e-02
8.438028395175933838e-03
6.364682316780090332e-02
2.594774775207042694e-02
8.876454085111618042e-03
1.877231895923614502e-02
1.050934288650751114e-02
7.801643572747707367e-03
3.989157080650329590e-02
2.465745434165000916e-02
5.597878247499465942e-03
1.715348847210407257e-02
2.441004477441310883e-02
2.128923684358596802e-02
7.301609963178634644e-02
8.568759076297283173e-03
5.647974554449319839e-03
1.199974399060010910e-02
2.706798352301120758e-02
3.830429166555404663e-03
1.268287189304828644e-02
2.191627398133277893e-03
1.555586047470569611e-02
1.798006007447838783e-03
8.840234018862247467e-03
1.222256571054458618e-03
1.596378395333886147e-03
4.255165345966815948e-03
6.498796399682760239e-03
2.331532770767807961e-03
1.582620106637477875e-02
1.410319469869136810e-02
5.566808395087718964e-03
5.669650156050920486e-03
1.455842400901019573e-03
3.742728149518370628e-03
2.886768896132707596e-03
4.265675786882638931e-03
2.233607461676001549e-03
5.579493939876556396e-03
1.640059985220432281e-02
9.146817028522491455e-03
1.761997351422905922e-03
3.220919519662857056e-03
7.173311314545571804e-04
1.043370692059397697e-03
1.861063763499259949e-02
5.631576059386134148e-04
1.359540619887411594e-03
4.405847750604152679e-03
8.983915904536843300e-04
2.193404361605644226e-03
8.449516026303172112e-04
7.063110242597758770e-04
6.247456767596304417e-04
1.238058204762637615e-03
3.935424610972404480e-03
5.183856002986431122e-03
9.179176995530724525e-04
6.176527822390198708e-04
3.833685303106904030e-03
1.383155817165970802e-03
1.505768625065684319e-03
1.057314686477184296e-03
1.719864085316658020e-03
7.028568652458488941e-04
1.034590648487210274e-03
1.365880947560071945e-03
7.344052195549011230e-03
1.410324941389262676e-03
1.900006434880197048e-03
1.031521940603852272e-03
9.078031871467828751e-04
2.876219223253428936e-04
1.641626507043838501e-01
3.889275249093770981e-04
3.952404949814081192e-03
5.831278115510940552e-02
2.302501164376735687e-02
1.695128232240676880e-01
8.355955034494400024e-02
7.699809223413467407e-02
7.990839332342147827e-02
6.426015496253967285e-02
1.633058041334152222e-01
6.053095683455467224e-02
5.610818043351173401e-02
3.250246495008468628e-02
1.756873726844787598e-02
1.240430548787117004e-01
7.869482785463333130e-02
7.301160693168640137e-02
1.855802163481712341e-02
8.955089002847671509e-02
8.226497471332550049e-02
2.568067610263824463e-02
2.770096063613891602e-02
5.066540464758872986e-02
5.260026454925537109e-02
3.503061532974243164e-01
9.823492169380187988e-02
1.615973375737667084e-02
2.391489036381244659e-02
7.869439572095870972e-02
4.912449792027473450e-02
2.771887183189392090e-02
3.578590229153633118e-02
9.961555898189544678e-02
1.588323265314102173e-01
1.136390939354896545e-01
1.894299127161502838e-02
1.432297378778457642e-01
3.604473173618316650e-02
1.690619438886642456e-01
1.164628267288208008e-01
4.447260871529579163e-02
2.840388715267181396e-01
8.919222652912139893e-02
6.984367221593856812e-02
8.112447708845138550e-02
3.770557790994644165e-02
6.767404079437255859e-02
1.946983486413955688e-02
6.563254445791244507e-02
1.666074693202972412e-01
8.880848996341228485e-03
4.072569310665130615e-02
1.021833270788192749e-01
1.029819175601005554e-01
4.773381724953651428e-02
9.077334403991699219e-02
7.015994936227798462e-02
8.205627650022506714e-02
1.123455911874771118e-01
9.807417541742324829e-02
8.434651046991348267e-02
5.850932374596595764e-02
7.954016327857971191e-02
4.653778672218322754e-02
4.381189122796058655e-02
8.925550431013107300e-02
1.821386441588401794e-02
1.051222458481788635e-01
4.642666131258010864e-02
3.560624644160270691e-02
3.593166917562484741e-02
5.419361963868141174e-02
5.527047812938690186e-02
1.199387833476066589e-01
2.239102125167846680e-01
5.120607092976570129e-03
8.558356761932373047e-02
1.803890801966190338e-02
2.461691498756408691e-01
1.408277004957199097e-01
1.203999817371368408e-01
1.798630505800247192e-01
6.244512274861335754e-02
3.583358228206634521e-02
8.402007818222045898e-02
1.702543795108795166e-01
8.458965271711349487e-02
4.790586605668067932e-02
7.324685901403427124e-02
1.048717647790908813e-01
6.664296984672546387e-02
5.408735573291778564e-02
8.648727089166641235e-02
9.456707537174224854e-02
5.412306636571884155e-02
1.377931535243988037e-01
6.122392043471336365e-02
8.710066974163055420e-02
1.124475598335266113e-01
1.242006942629814148e-01
2.858322113752365112e-02
4.552035406231880188e-02
7.822903245687484741e-02
5.541813373565673828e-02
3.098106011748313904e-02
1.200161948800086975e-01
6.340157240629196167e-02
3.654798492789268494e-02
6.328675150871276855e-02
5.536905303597450256e-02
3.641494363546371460e-02
1.558751892298460007e-02
1.277489215135574341e-02
3.877452760934829712e-02
3.857912123203277588e-02
8.423714339733123779e-02
8.191583305597305298e-02
2.579703181982040405e-02
1.196033582091331482e-01
3.449188917875289917e-02
6.218614429235458374e-02
1.836026832461357117e-02
6.350238621234893799e-02
1.454447507858276367e-01
5.798487365245819092e-02
2.965501323342323303e-02
5.037288181483745575e-03
7.483409345149993896e-02
6.030889227986335754e-02
8.294319361448287964e-02
4.565380513668060303e-02
1.195512153208255768e-02
1.191502250730991364e-02
4.773153737187385559e-02
8.768095634877681732e-03
3.466132655739784241e-02
2.488041110336780548e-02
4.519117623567581177e-02
2.217780053615570068e-02
7.067430019378662109e-02
3.308839723467826843e-02
2.527500502765178680e-02
2.627180330455303192e-02
8.525267243385314941e-03
2.152428776025772095e-02
1.436319481581449509e-02
5.894405767321586609e-03
4.888917505741119385e-02
1.435840781778097153e-02
1.047413237392902374e-02
2.835179679095745087e-03
3.480006475001573563e-03
2.811352489516139030e-03
2.564081177115440369e-02
1.781082339584827423e-02
3.189290687441825867e-02
8.531496860086917877e-03
2.050008624792098999e-02
4.208049736917018890e-03
4.440482705831527710e-03
2.609241381287574768e-02
1.511275861412286758e-02
2.047313563525676727e-02
7.375269196927547455e-03
4.622699692845344543e-03
1.576083153486251831e-02
3.250398207455873489e-03
7.110925856977701187e-03
2.832223195582628250e-03
5.275095812976360321e-03
5.558494944125413895e-03
1.568699628114700317e-02
5.721253529191017151e-02
3.494772128760814667e-03
6.434791535139083862e-02
1.512425858527421951e-02
4.268214572221040726e-03
4.225686192512512207e-03
2.624990185722708702e-03
1.995122060179710388e-03
8.377945050597190857e-03
6.394206080585718155e-03
2.590308897197246552e-03
6.349870935082435608e-03
2.549390867352485657e-02
3.335814177989959717e-02
2.195305377244949341e-02
1.327370665967464447e-02
4.491899907588958740e-02
8.912433870136737823e-03
1.604408584535121918e-02
6.968834437429904938e-03
7.586468011140823364e-02
5.095463246107101440e-02
7.940647006034851074e-02
1.337478752247989178e-03
1.209958363324403763e-02
3.019342385232448578e-02
4.670270904898643494e-02
3.230874612927436829e-02
1.340073067694902420e-03
7.399180904030799866e-04
1.749754999764263630e-03
1.062709605321288109e-03
1.284179184585809708e-02
1.146921422332525253e-02
8.413105271756649017e-03
2.506148070096969604e-02
2.037329971790313721e-02
5.354075133800506592e-02
4.541975632309913635e-02
4.495495464652776718e-03
2.446537837386131287e-02
5.954742431640625000e-03
1.017978601157665253e-02
1.304074190557003021e-02
4.635438323020935059e-02
3.155371872708201408e-03
1.946610771119594574e-02
4.130148794502019882e-03
4.585033282637596130e-03
3.961693868041038513e-02
2.574211219325661659e-03
1.284112501889467239e-02
7.103069685399532318e-03
4.463411867618560791e-02
1.779545797035098076e-03
2.479547075927257538e-02
1.084698829799890518e-02
4.731382243335247040e-03
2.543488331139087677e-02
8.633255027234554291e-03
2.924306131899356842e-02
1.747041568160057068e-02
5.680659785866737366e-03
1.290470268577337265e-02
4.980909638106822968e-03
1.701551303267478943e-02
1.036551687866449356e-02
4.540134593844413757e-02
1.193695119582116604e-03
6.372245959937572479e-03
2.907882211729884148e-03
1.859418675303459167e-02
2.483037486672401428e-02
1.631632447242736816e-02
1.645430549979209900e-02
4.934852570295333862e-02
7.371569052338600159e-03
1.791186281479895115e-03
1.148539129644632339e-02
3.628209466114640236e-03
2.975252456963062286e-03
2.562076784670352936e-03
1.070562982931733131e-03
5.107864737510681152e-02
2.789007965475320816e-03
1.289873267523944378e-03
1.822373643517494202e-02
8.744492195546627045e-03
3.907219041138887405e-03
1.738529070280492306e-03
2.460828982293605804e-03
9.324665181338787079e-03
8.852049708366394043e-03
1.083247130736708641e-03
4.292637109756469727e-03
1.518829725682735443e-03
4.773497581481933594e-03
1.578926923684775829e-03
7.070265128277242184e-04
8.836071938276290894e-03
1.387916156090795994e-03
9.374581859447062016e-04
1.829914450645446777e-01
2.501973509788513184e-02
2.032056637108325958e-02
2.100610639899969101e-03
1.051767822355031967e-02
2.949535474181175232e-02
1.275778934359550476e-02
5.749727413058280945e-02
8.016201108694076538e-02
5.067162681370973587e-03
4.408177919685840607e-03
1.646465063095092773e-02
7.321694493293762207e-02
8.415998518466949463e-02
1.980448141694068909e-02
4.688593000173568726e-02
7.245817035436630249e-02
2.934030629694461823e-02
6.089357286691665649e-02
9.785736352205276489e-02
2.975533343851566315e-02
9.873196482658386230e-02
5.218016356229782104e-02
6.238562520593404770e-03
5.383308511227369308e-03
1.358330156654119492e-02
1.702800765633583069e-02
4.575952887535095215e-03
9.762228466570377350e-03
3.395450534299015999e-03
1.332097686827182770e-02
1.640633866190910339e-02
3.982961643487215042e-03
3.968271985650062561e-02
5.514379590749740601e-03
2.304217778146266937e-02
4.923640564084053040e-02
2.414801344275474548e-02
1.538881286978721619e-02
2.250576578080654144e-02
2.575973048806190491e-03
6.183292716741561890e-03
7.534524425864219666e-03
3.905391320586204529e-03
7.884800434112548828e-02
3.062504110857844353e-03
1.259179320186376572e-03
1.222390308976173401e-02
4.335193708539009094e-02
5.626900494098663330e-02
4.634014070034027100e-01
7.331139408051967621e-03
1.422467641532421112e-02
8.662156760692596436e-03
6.147650629281997681e-02
1.274209320545196533e-01
1.840756088495254517e-01
7.017979025840759277e-02
6.692522764205932617e-02
3.625687956809997559e-02
2.450432814657688141e-02
1.181026771664619446e-01
1.124284714460372925e-01
1.944482885301113129e-02
1.098168417811393738e-01
2.481922358274459839e-01
7.074823975563049316e-02
4.317422583699226379e-02
2.033592201769351959e-02
1.441959142684936523e-01
2.283175587654113770e-01
1.126578971743583679e-01
9.349444508552551270e-02
4.328151419758796692e-02
3.693271055817604065e-02
3.637555614113807678e-02
1.189190149307250977e-02
8.469988405704498291e-02
2.605134807527065277e-02
3.966113924980163574e-02
4.286539927124977112e-02
3.018863685429096222e-02
7.362780719995498657e-02
8.786063641309738159e-02
1.818272471427917480e-02
5.066850408911705017e-02
1.317390054464340210e-01
2.994421683251857758e-02
2.506897412240505219e-02
2.525323070585727692e-02
1.423519570380449295e-02
3.712503984570503235e-02
3.959623724222183228e-02
4.445030167698860168e-02
3.740072250366210938e-02
1.848793961107730865e-02
3.325505182147026062e-02
1.272664777934551239e-02
8.737481385469436646e-02
2.890024520456790924e-02
1.719260811805725098e-01
1.898761093616485596e-02
1.937387697398662567e-02
3.231304511427879333e-02
2.842871285974979401e-02
2.662245333194732666e-01
3.761592507362365723e-02
1.090760976076126099e-01
2.188089191913604736e-01
9.032964706420898438e-02
7.076015323400497437e-02
4.741974174976348877e-02
1.053021103143692017e-01
5.356743186712265015e-02
1.155739091336727142e-02
2.380849234759807587e-02
9.296707808971405029e-02
9.575793147087097168e-02
4.809534922242164612e-02
5.596083030104637146e-02
4.417530074715614319e-02
5.291209369897842407e-02
1.088118180632591248e-01
7.447843253612518311e-02
1.026958227157592773e-01
7.458762824535369873e-02
4.485118761658668518e-02
3.642157465219497681e-02
1.956483721733093262e-02
5.780835822224617004e-02
1.584872044622898102e-02
8.249366283416748047e-02
1.272915303707122803e-02
1.425534337759017944e-01
5.989754199981689453e-02
2.651527151465415955e-02
1.845929399132728577e-02
4.701584205031394958e-02
4.948175325989723206e-02
6.739500910043716431e-02
2.989004366099834442e-02
6.027685850858688354e-02
2.337783016264438629e-02
7.538267411291599274e-03
3.826308622956275940e-02
2.912648394703865051e-02
6.312691420316696167e-02
6.462634354829788208e-02
3.614474460482597351e-02
2.529753558337688446e-02
3.567586839199066162e-02
6.422021426260471344e-03
5.417686887085437775e-03
1.861622557044029236e-02
7.800819817930459976e-03
1.996191963553428650e-02
1.240905653685331345e-02
3.372665122151374817e-02
1.330378055572509766e-01
4.601533990353345871e-03
1.980121480301022530e-03
2.752165123820304871e-02
2.535157464444637299e-02
5.975615233182907104e-03
5.613406188786029816e-03
4.701998550444841385e-03
6.554004270583391190e-03
3.294474910944700241e-03
8.891881443560123444e-03
3.124048560857772827e-02
2.502627670764923096e-03
2.169851446524262428e-03
8.809289894998073578e-03
2.785398857668042183e-03
8.389783091843128204e-03
2.226424030959606171e-02
3.742057364434003830e-03
6.168378517031669617e-03
5.248654168099164963e-03
7.574530784040689468e-03
6.132243573665618896e-02
2.134723961353302002e-02
1.023177523165941238e-02
4.630688112229108810e-03
2.211202168837189674e-03
2.978185657411813736e-03
9.509380906820297241e-03
2.934918366372585297e-02
4.206642042845487595e-03
1.115389019250869751e-01
3.425724804401397705e-02
3.503025276586413383e-03
1.175588741898536682e-02
5.574932787567377090e-03
1.227765693329274654e-03
7.116258144378662109e-03
1.112533849664032459e-03
8.453649468719959259e-03
5.749514326453208923e-03
5.476221442222595215e-03
2.334517054259777069e-02
9.367995662614703178e-04
1.329718856140971184e-03
2.631377661600708961e-03
1.989126903936266899e-03
1.955287717282772064e-02
1.010548439808189869e-03
4.266929347068071365e-03
5.076637491583824158e-03
2.040294930338859558e-02
2.293326193466782570e-03
2.544521121308207512e-03
6.752510555088520050e-03
2.510428428649902344e-03
1.693697064183652401e-03
5.241395905613899231e-03
1.310063409619033337e-03
1.128471363335847855e-02
4.900281317532062531e-03
8.028011652640998363e-04
2.193322405219078064e-03
1.068311277776956558e-03
1.507758512161672115e-03
1.774068688973784447e-03
1.773318042978644371e-03
1.334686279296875000e-01
1.442224369384348392e-03
8.876621723175048828e-04
1.288528181612491608e-02
1.129776611924171448e-02
3.102225484326481819e-03
4.679888859391212463e-02
8.161132782697677612e-02
8.185536414384841919e-02
1.305555924773216248e-03
9.910743683576583862e-02
1.423532981425523758e-02
1.076566334813833237e-02
1.620091148652136326e-03
3.041456919163465500e-03
4.536540806293487549e-02
1.369252055883407593e-01
7.138599455356597900e-02
6.383851915597915649e-02
6.535198539495468140e-03
8.875478059053421021e-03
1.254567410796880722e-02
4.740985576063394547e-03
2.902375906705856323e-02
3.107294812798500061e-02
2.088405005633831024e-02
3.636460378766059875e-02
7.209692150354385376e-03
2.554767578840255737e-02
9.326741099357604980e-03
4.133903421461582184e-03
2.091675065457820892e-03
6.012983620166778564e-02
8.932827040553092957e-03
3.882377175614237785e-03
2.163511514663696289e-02
5.026981234550476074e-03
2.682903315871953964e-03
2.095021540299057961e-03
2.208599820733070374e-02
1.196053251624107361e-02
1.540723489597439766e-03
8.143654093146324158e-03
1.826992491260170937e-03
3.699193010106682777e-03
1.308184117078781128e-02
2.001184504479169846e-03
9.038579650223255157e-03
5.728914961218833923e-02
7.785608526319265366e-03
2.422187477350234985e-02
1.660065259784460068e-03
2.747321035712957382e-03
1.060163415968418121e-02
4.810183867812156677e-02
4.607620835304260254e-02
5.154790356755256653e-03
3.860566299408674240e-03
1.320829382166266441e-03
1.521174795925617218e-03
9.892396628856658936e-03
9.669711813330650330e-03
1.828274573199450970e-03
3.737318795174360275e-03
5.886620376259088516e-03
3.220278071239590645e-03
1.255017239600419998e-02
3.087638411670923233e-03
6.775168003514409065e-04
2.441012300550937653e-03
1.234290190041065216e-02
7.260450627654790878e-03
1.629408821463584900e-02
3.294886322692036629e-03
1.652453676797449589e-03
1.028931047767400742e-02
1.063987729139626026e-03
2.510747173801064491e-03
2.575082145631313324e-02
4.443925805389881134e-03
6.472591194324195385e-04
5.213193362578749657e-04
6.809150334447622299e-03
1.108595728874206543e-02
3.905595978721976280e-03
6.766756065189838409e-03
1.904628798365592957e-02
4.090816713869571686e-03
1.039910363033413887e-03
5.935241933912038803e-03
1.062985858879983425e-03
4.869826138019561768e-03
8.540864102542400360e-03
3.012844827026128769e-03
2.441597636789083481e-03
7.267588516697287560e-04
1.616013702005147934e-03
9.794442448765039444e-04
1.010131789371371269e-03
4.518665373325347900e-04
2.321331761777400970e-03
8.640763117000460625e-04
1.454731822013854980e-02
1.124593522399663925e-02
1.074922038242220879e-03
1.782624516636133194e-03
6.106036016717553139e-04
1.368228811770677567e-03
8.526552701368927956e-04
1.874026283621788025e-02
1.693472452461719513e-02
1.610942650586366653e-03
1.675725565291941166e-03
8.717432501725852489e-04
3.977895248681306839e-03
2.594402991235256195e-03
