1.000000000000000056e-01
2.833999999999999853e-01
5.238000000000000433e-01
5.850999999999999535e-01
6.162999999999999590e-01
6.333999999999999631e-01
6.503999999999999782e-01
6.673999999999999932e-01
6.697999999999999510e-01
6.866999999999999771e-01
7.054000000000000270e-01
7.043000000000000371e-01
7.156000000000000139e-01
6.971000000000000529e-01
7.112000000000000544e-01
7.126000000000000112e-01
7.307000000000000162e-01
7.246000000000000218e-01
7.108999999999999764e-01
7.297000000000000153e-01
7.334000000000000519e-01
7.334000000000000519e-01
7.280999999999999694e-01
7.257000000000000117e-01
7.125000000000000222e-01
7.312999999999999501e-01
7.277000000000000135e-01
7.180999999999999606e-01
7.288999999999999924e-01
7.331999999999999629e-01
7.278000000000000025e-01
7.316000000000000281e-01
7.295000000000000373e-01
7.334000000000000519e-01
7.380999999999999783e-01
7.377000000000000224e-01
7.282999999999999474e-01
7.355000000000000426e-01
7.385000000000000453e-01
7.274000000000000465e-01
7.374000000000000554e-01
7.330999999999999739e-01
7.408000000000000140e-01
7.301999999999999602e-01
7.370999999999999774e-01
7.315000000000000391e-01
7.318999999999999950e-01
7.321999999999999620e-01
7.380999999999999783e-01
7.376000000000000334e-01
7.391999999999999682e-01
7.358000000000000096e-01
7.419000000000000039e-01
7.399999999999999911e-01
7.383999999999999453e-01
7.408000000000000140e-01
7.400999999999999801e-01
7.381999999999999673e-01
7.395000000000000462e-01
7.376000000000000334e-01
7.356000000000000316e-01
7.366000000000000325e-01
7.327000000000000179e-01
7.411999999999999700e-01
7.392999999999999572e-01
7.399000000000000021e-01
7.345000000000000417e-01
7.407000000000000250e-01
7.396000000000000352e-01
7.446000000000000396e-01
7.449000000000000066e-01
7.449000000000000066e-01
7.437000000000000277e-01
7.420999999999999819e-01
7.392999999999999572e-01
7.387000000000000233e-01
7.342999999999999527e-01
7.402999999999999581e-01
7.352999999999999536e-01
7.300999999999999712e-01
7.392999999999999572e-01
7.350999999999999757e-01
7.389000000000000012e-01
7.405000000000000471e-01
7.452999999999999625e-01
7.442999999999999616e-01
7.399999999999999911e-01
7.435000000000000497e-01
7.460999999999999854e-01
7.440999999999999837e-01
7.453999999999999515e-01
7.468000000000000194e-01
7.479000000000000092e-01
7.483999999999999542e-01
7.415000000000000480e-01
7.425000000000000488e-01
7.407000000000000250e-01
7.399000000000000021e-01
7.377000000000000224e-01
7.388000000000000123e-01
