1.756999999999999951e-01
3.694000000000000061e-01
4.082000000000000073e-01
4.230999999999999761e-01
4.178000000000000047e-01
4.600000000000000200e-01
4.904000000000000026e-01
4.682000000000000051e-01
4.588999999999999746e-01
4.676000000000000156e-01
4.868000000000000105e-01
4.855999999999999761e-01
5.018000000000000238e-01
4.615000000000000213e-01
4.958000000000000185e-01
5.117000000000000437e-01
4.974999999999999978e-01
5.171999999999999931e-01
5.051999999999999824e-01
5.049000000000000155e-01
4.953000000000000180e-01
5.248000000000000442e-01
5.245999999999999552e-01
5.275999999999999579e-01
5.131999999999999895e-01
5.159000000000000252e-01
5.228000000000000425e-01
5.241999999999999993e-01
5.285999999999999588e-01
4.923000000000000154e-01
5.159000000000000252e-01
5.020999999999999908e-01
5.288000000000000478e-01
5.147000000000000464e-01
4.908000000000000140e-01
5.238000000000000433e-01
5.255999999999999561e-01
5.268000000000000460e-01
5.315999999999999615e-01
5.201000000000000068e-01
5.293999999999999817e-01
5.224999999999999645e-01
5.339000000000000412e-01
5.308000000000000496e-01
5.399000000000000465e-01
5.353999999999999870e-01
5.309000000000000385e-01
5.240000000000000213e-01
5.272999999999999909e-01
5.298000000000000487e-01
5.068000000000000282e-01
5.181999999999999940e-01
5.254999999999999671e-01
5.070000000000000062e-01
5.210000000000000187e-01
5.120000000000000107e-01
5.066000000000000503e-01
5.250000000000000222e-01
5.325999999999999623e-01
5.385999999999999677e-01
5.272999999999999909e-01
5.258000000000000451e-01
5.325999999999999623e-01
5.351000000000000201e-01
5.229000000000000314e-01
5.303999999999999826e-01
5.314999999999999725e-01
5.253999999999999782e-01
5.253999999999999782e-01
5.253999999999999782e-01
5.225999999999999535e-01
5.224999999999999645e-01
4.934999999999999942e-01
5.262000000000000011e-01
5.138000000000000345e-01
5.265999999999999570e-01
5.194999999999999618e-01
5.315999999999999615e-01
5.352999999999999980e-01
5.421000000000000263e-01
5.341000000000000192e-01
5.392000000000000126e-01
5.394999999999999796e-01
5.412000000000000144e-01
5.412000000000000144e-01
5.420000000000000373e-01
5.433999999999999941e-01
5.437999999999999501e-01
5.463999999999999968e-01
5.462000000000000188e-01
5.470000000000000417e-01
5.454999999999999849e-01
5.456999999999999629e-01
5.469000000000000528e-01
5.475999999999999757e-01
5.453000000000000069e-01
5.416999999999999593e-01
5.403000000000000025e-01
5.427999999999999492e-01
5.299000000000000377e-01
