6.392408370971679688e+00
1.614165306091308594e-02
1.465630531311035156e-02
1.216673851013183594e-02
7.042169570922851562e-03
7.383346557617187500e-03
7.351636886596679688e-03
9.978294372558593750e-03
8.221864700317382812e-03
8.446931838989257812e-03
8.195638656616210938e-03
8.785486221313476562e-03
7.652759552001953125e-03
7.228851318359375000e-03
7.250547409057617188e-03
7.416009902954101562e-03
7.433176040649414062e-03
7.261037826538085938e-03
7.485151290893554688e-03
7.165431976318359375e-03
5.701780319213867188e-03
5.651950836181640625e-03
5.587100982666015625e-03
5.651950836181640625e-03
5.673885345458984375e-03
5.642414093017578125e-03
5.603313446044921875e-03
5.468130111694335938e-03
5.910158157348632812e-03
5.963802337646484375e-03
5.700349807739257812e-03
5.673408508300781250e-03
5.764722824096679688e-03
5.713462829589843750e-03
5.691051483154296875e-03
5.711317062377929688e-03
5.661010742187500000e-03
5.624771118164062500e-03
5.633592605590820312e-03
5.706548690795898438e-03
5.681037902832031250e-03
5.656719207763671875e-03
5.605220794677734375e-03
5.622625350952148438e-03
5.604982376098632812e-03
6.678104400634765625e-03
8.318901062011718750e-03
7.959365844726562500e-03
7.871866226196289062e-03
8.224964141845703125e-03
7.485389709472656250e-03
7.318735122680664062e-03
7.985591888427734375e-03
5.734682083129882812e-03
2.982497215270996094e-02
1.953721046447753906e-02
1.576113700866699219e-02
1.032161712646484375e-02
7.340908050537109375e-03
8.919954299926757812e-03
8.463859558105468750e-03
7.922887802124023438e-03
6.172895431518554688e-03
6.123542785644531250e-03
6.158113479614257812e-03
5.739450454711914062e-03
5.733013153076171875e-03
5.728960037231445312e-03
5.734682083129882812e-03
5.726337432861328125e-03
5.745887756347656250e-03
5.664825439453125000e-03
5.652189254760742188e-03
5.672693252563476562e-03
5.689620971679687500e-03
5.697250366210937500e-03
5.616903305053710938e-03
8.121728897094726562e-03
8.002281188964843750e-03
8.562326431274414062e-03
1.027727127075195312e-02
1.078748703002929688e-02
1.080656051635742188e-02
1.073026657104492188e-02
1.365160942077636719e-02
8.292198181152343750e-03
7.392883300781250000e-03
7.177829742431640625e-03
6.050348281860351562e-03
5.674839019775390625e-03
1.012611389160156250e-02
9.983301162719726562e-03
9.855747222900390625e-03
9.586572647094726562e-03
8.026599884033203125e-03
8.549213409423828125e-03
7.490158081054687500e-03
7.265806198120117188e-03
7.240056991577148438e-03
7.228136062622070312e-03
7.048606872558593750e-03
7.212162017822265625e-03
5.727529525756835938e-03
5.687952041625976562e-03
5.567789077758789062e-03
5.635023117065429688e-03
5.612611770629882812e-03
5.669593811035156250e-03
5.630254745483398438e-03
5.442619323730468750e-03
1.953005790710449219e-02
1.579952239990234375e-02
1.005458831787109375e-02
7.399559020996093750e-03
8.816242218017578125e-03
8.860588073730468750e-03
8.820533752441406250e-03
7.803916931152343750e-03
6.873607635498046875e-03
7.249593734741210938e-03
7.912635803222656250e-03
7.491588592529296875e-03
7.505893707275390625e-03
7.093667984008789062e-03
7.176399230957031250e-03
7.570981979370117188e-03
7.477283477783203125e-03
6.859064102172851562e-03
7.774114608764648438e-03
7.568597793579101562e-03
7.544279098510742188e-03
7.333040237426757812e-03
6.755590438842773438e-03
7.120609283447265625e-03
7.312536239624023438e-03
7.152318954467773438e-03
5.725860595703125000e-03
5.597352981567382812e-03
5.699634552001953125e-03
5.615711212158203125e-03
5.624532699584960938e-03
5.611658096313476562e-03
5.627393722534179688e-03
5.672931671142578125e-03
5.660295486450195312e-03
5.630731582641601562e-03
5.629539489746093750e-03
5.649328231811523438e-03
5.643606185913085938e-03
5.876541137695312500e-03
6.499528884887695312e-03
7.010459899902343750e-03
7.113695144653320312e-03
8.563995361328125000e-03
8.511543273925781250e-03
7.517337799072265625e-03
7.321119308471679688e-03
7.071256637573242188e-03
6.394624710083007812e-03
6.449222564697265625e-03
6.726026535034179688e-03
7.066726684570312500e-03
7.009267807006835938e-03
6.806850433349609375e-03
5.581855773925781250e-03
1.813054084777832031e-02
1.537156105041503906e-02
1.003789901733398438e-02
8.441686630249023438e-03
8.523941040039062500e-03
7.448196411132812500e-03
7.815122604370117188e-03
7.860898971557617188e-03
7.774353027343750000e-03
7.796525955200195312e-03
7.478237152099609375e-03
7.508993148803710938e-03
7.486581802368164062e-03
7.507562637329101562e-03
6.122112274169921875e-03
8.608102798461914062e-03
7.784605026245117188e-03
7.386445999145507812e-03
7.405519485473632812e-03
7.386684417724609375e-03
7.447004318237304688e-03
6.843090057373046875e-03
7.245302200317382812e-03
7.448911666870117188e-03
7.288932800292968750e-03
5.644798278808593750e-03
5.998849868774414062e-03
5.646467208862304688e-03
5.644321441650390625e-03
5.610466003417968750e-03
5.632638931274414062e-03
5.657911300659179688e-03
5.655288696289062500e-03
5.647897720336914062e-03
5.622148513793945312e-03
5.642175674438476562e-03
5.668163299560546875e-03
5.590677261352539062e-03
5.638837814331054688e-03
5.611181259155273438e-03
5.671977996826171875e-03
5.642414093017578125e-03
5.642652511596679688e-03
5.616188049316406250e-03
5.959749221801757812e-03
5.722999572753906250e-03
5.680799484252929688e-03
5.733251571655273438e-03
5.621433258056640625e-03
5.639076232910156250e-03
8.856773376464843750e-03
8.591651916503906250e-03
8.510589599609375000e-03
5.639791488647460938e-03
5.409955978393554688e-03
1.807761192321777344e-02
1.226425170898437500e-02
8.908987045288085938e-03
8.640289306640625000e-03
8.771181106567382812e-03
8.760213851928710938e-03
8.724689483642578125e-03
8.727550506591796875e-03
8.116960525512695312e-03
8.180141448974609375e-03
8.177518844604492188e-03
8.189916610717773438e-03
8.692264556884765625e-03
7.232904434204101562e-03
7.520675659179687500e-03
7.519245147705078125e-03
7.224559783935546875e-03
5.712509155273437500e-03
5.639076232910156250e-03
5.883932113647460938e-03
5.793094635009765625e-03
5.657672882080078125e-03
5.649328231811523438e-03
5.733251571655273438e-03
5.644559860229492188e-03
5.714654922485351562e-03
5.699396133422851562e-03
5.637884140014648438e-03
5.652666091918945312e-03
5.660295486450195312e-03
5.639076232910156250e-03
5.635023117065429688e-03
5.627155303955078125e-03
5.693912506103515625e-03
5.645751953125000000e-03
5.646705627441406250e-03
5.635738372802734375e-03
5.594730377197265625e-03
5.666971206665039062e-03
5.611896514892578125e-03
5.588054656982421875e-03
5.604267120361328125e-03
5.642414093017578125e-03
5.631685256958007812e-03
5.628585815429687500e-03
5.665302276611328125e-03
5.621910095214843750e-03
5.611419677734375000e-03
5.616664886474609375e-03
6.010532379150390625e-03
5.761146545410156250e-03
5.680084228515625000e-03
5.689382553100585938e-03
8.548974990844726562e-03
5.486726760864257812e-03
1.832723617553710938e-02
1.488447189331054688e-02
1.442170143127441406e-02
1.310968399047851562e-02
1.311039924621582031e-02
1.078820228576660156e-02
8.594036102294921875e-03
9.078979492187500000e-03
8.180618286132812500e-03
8.211851119995117188e-03
9.220838546752929688e-03
7.866144180297851562e-03
8.773088455200195312e-03
7.375717163085937500e-03
7.386207580566406250e-03
7.302999496459960938e-03
7.310152053833007812e-03
7.297754287719726562e-03
7.112503051757812500e-03
7.474899291992187500e-03
8.431434631347656250e-03
7.401704788208007812e-03
5.653381347656250000e-03
5.898714065551757812e-03
5.981683731079101562e-03
7.050991058349609375e-03
7.302761077880859375e-03
7.257938385009765625e-03
7.253885269165039062e-03
5.768060684204101562e-03
8.049964904785156250e-03
8.659601211547851562e-03
7.784366607666015625e-03
5.611658096313476562e-03
5.762815475463867188e-03
8.143424987792968750e-03
8.127450942993164062e-03
7.255077362060546875e-03
7.374763488769531250e-03
9.435176849365234375e-03
6.659984588623046875e-03
8.059740066528320312e-03
8.580207824707031250e-03
7.545471191406250000e-03
7.345199584960937500e-03
7.251024246215820312e-03
5.755186080932617188e-03
8.107423782348632812e-03
8.459091186523437500e-03
7.354736328125000000e-03
7.375478744506835938e-03
7.146835327148437500e-03
5.949258804321289062e-03
5.778312683105468750e-03
5.513191223144531250e-03
1.828026771545410156e-02
1.335430145263671875e-02
1.075124740600585938e-02
8.825778961181640625e-03
8.209228515625000000e-03
7.717609405517578125e-03
6.376028060913085938e-03
6.322383880615234375e-03
6.306648254394531250e-03
5.749702453613281250e-03
5.740165710449218750e-03
5.713939666748046875e-03
5.729436874389648438e-03
5.724430084228515625e-03
5.759239196777343750e-03
5.657434463500976562e-03
5.753278732299804688e-03
8.285284042358398438e-03
7.968187332153320312e-03
8.612632751464843750e-03
7.373094558715820312e-03
7.208347320556640625e-03
7.181644439697265625e-03
7.174968719482421875e-03
7.176876068115234375e-03
7.154703140258789062e-03
7.261753082275390625e-03
8.566617965698242188e-03
6.246089935302734375e-03
5.881071090698242188e-03
5.644321441650390625e-03
5.689382553100585938e-03
5.641937255859375000e-03
5.654096603393554688e-03
5.647897720336914062e-03
5.623102188110351562e-03
5.753278732299804688e-03
5.624771118164062500e-03
5.684614181518554688e-03
5.652189254760742188e-03
5.636692047119140625e-03
5.673885345458984375e-03
5.680561065673828125e-03
5.685806274414062500e-03
5.639553070068359375e-03
5.655527114868164062e-03
5.523920059204101562e-03
5.694627761840820312e-03
5.631923675537109375e-03
5.669593811035156250e-03
5.610227584838867188e-03
5.634307861328125000e-03
5.648612976074218750e-03
5.682229995727539062e-03
5.729675292968750000e-03
1.612639427185058594e-02
1.232838630676269531e-02
9.906530380249023438e-03
8.822679519653320312e-03
8.815765380859375000e-03
1.000261306762695312e-02
8.500814437866210938e-03
8.249282836914062500e-03
9.086132049560546875e-03
8.802652359008789062e-03
9.566545486450195312e-03
8.367061614990234375e-03
8.397102355957031250e-03
7.725477218627929688e-03
7.711648941040039062e-03
7.620811462402343750e-03
7.636070251464843750e-03
7.621288299560546875e-03
7.139205932617187500e-03
7.135152816772460938e-03
7.145404815673828125e-03
7.123708724975585938e-03
7.078409194946289062e-03
7.292747497558593750e-03
7.296323776245117188e-03
7.448196411132812500e-03
6.662130355834960938e-03
7.088899612426757812e-03
7.084846496582031250e-03
5.706310272216796875e-03
5.649089813232421875e-03
5.623579025268554688e-03
5.646944046020507812e-03
5.904674530029296875e-03
5.876064300537109375e-03
6.776332855224609375e-03
8.160352706909179688e-03
7.996559143066406250e-03
8.061170578002929688e-03
8.347272872924804688e-03
8.508920669555664062e-03
8.692264556884765625e-03
7.915973663330078125e-03
7.194519042968750000e-03
7.150650024414062500e-03
7.058620452880859375e-03
5.749940872192382812e-03
5.671262741088867188e-03
5.617141723632812500e-03
5.495309829711914062e-03
5.678415298461914062e-03
5.646467208862304688e-03
5.630493164062500000e-03
6.399154663085937500e-03
5.415201187133789062e-03
1.850247383117675781e-02
1.039314270019531250e-02
7.352828979492187500e-03
8.924961090087890625e-03
8.849859237670898438e-03
8.874177932739257812e-03
8.877038955688476562e-03
6.113767623901367188e-03
6.141662597656250000e-03
5.892038345336914062e-03
5.906820297241210938e-03
5.746841430664062500e-03
5.780935287475585938e-03
5.718708038330078125e-03
5.753993988037109375e-03
5.724906921386718750e-03
5.674600601196289062e-03
5.741357803344726562e-03
5.610466003417968750e-03
5.662918090820312500e-03
5.472898483276367188e-03
6.792068481445312500e-03
7.988929748535156250e-03
7.356882095336914062e-03
7.334232330322265625e-03
7.481336593627929688e-03
5.744218826293945312e-03
5.618810653686523438e-03
5.677223205566406250e-03
5.665302276611328125e-03
6.770133972167968750e-03
7.795572280883789062e-03
7.482290267944335938e-03
6.777286529541015625e-03
7.485389709472656250e-03
7.076978683471679688e-03
7.741212844848632812e-03
7.270336151123046875e-03
7.121801376342773438e-03
7.276296615600585938e-03
7.067680358886718750e-03
7.781028747558593750e-03
7.128477096557617188e-03
7.326364517211914062e-03
7.241249084472656250e-03
5.693435668945312500e-03
5.667924880981445312e-03
5.704402923583984375e-03
5.646467208862304688e-03
5.672454833984375000e-03
5.649566650390625000e-03
6.384611129760742188e-03
5.641698837280273438e-03
5.668640136718750000e-03
5.447387695312500000e-03
1.861882209777832031e-02
1.467943191528320312e-02
1.319074630737304688e-02
1.040196418762207031e-02
8.538246154785156250e-03
8.536815643310546875e-03
8.504867553710937500e-03
8.562326431274414062e-03
8.470058441162109375e-03
8.456707000732421875e-03
8.277416229248046875e-03
8.243560791015625000e-03
8.249998092651367188e-03
8.134841918945312500e-03
8.878469467163085938e-03
8.926630020141601562e-03
8.717536926269531250e-03
7.635116577148437500e-03
7.483959197998046875e-03
7.452964782714843750e-03
6.711244583129882812e-03
5.972623825073242188e-03
5.750656127929687500e-03
5.728483200073242188e-03
5.772590637207031250e-03
5.631208419799804688e-03
5.599975585937500000e-03
5.647659301757812500e-03
5.661487579345703125e-03
5.603790283203125000e-03
5.658388137817382812e-03
5.623817443847656250e-03
5.632400512695312500e-03
5.642175674438476562e-03
5.632877349853515625e-03
5.566596984863281250e-03
5.538463592529296875e-03
5.630493164062500000e-03
5.647659301757812500e-03
5.646228790283203125e-03
5.784988403320312500e-03
5.659341812133789062e-03
5.663156509399414062e-03
5.603790283203125000e-03
5.858659744262695312e-03
5.757331848144531250e-03
5.671024322509765625e-03
5.641222000122070312e-03
5.655288696289062500e-03
5.649566650390625000e-03
5.614280700683593750e-03
5.686998367309570312e-03
5.655527114868164062e-03
7.723808288574218750e-03
5.511045455932617188e-03
1.849532127380371094e-02
1.339626312255859375e-02
1.082491874694824219e-02
9.610176086425781250e-03
8.845090866088867188e-03
8.645296096801757812e-03
7.104873657226562500e-03
8.260011672973632812e-03
7.791519165039062500e-03
7.698059082031250000e-03
6.555080413818359375e-03
6.906509399414062500e-03
7.091045379638671875e-03
7.302761077880859375e-03
7.300138473510742188e-03
7.223367691040039062e-03
7.138967514038085938e-03
7.093429565429687500e-03
5.692005157470703125e-03
5.952119827270507812e-03
7.275342941284179688e-03
7.091045379638671875e-03
7.117986679077148438e-03
7.148027420043945312e-03
7.133483886718750000e-03
6.217002868652343750e-03
5.653858184814453125e-03
5.640745162963867188e-03
5.601882934570312500e-03
5.656003952026367188e-03
5.624055862426757812e-03
5.667924880981445312e-03
5.654096603393554688e-03
5.683183670043945312e-03
5.643844604492187500e-03
5.601406097412109375e-03
5.630970001220703125e-03
5.657672882080078125e-03
5.645275115966796875e-03
5.666017532348632812e-03
5.643844604492187500e-03
5.640029907226562500e-03
5.716800689697265625e-03
5.636930465698242188e-03
5.620479583740234375e-03
5.635023117065429688e-03
5.663394927978515625e-03
5.637884140014648438e-03
8.839368820190429688e-03
5.949735641479492188e-03
1.083278656005859375e-02
5.731821060180664062e-03
6.894826889038085938e-03
5.721807479858398438e-03
5.642890930175781250e-03
1.616406440734863281e-02
1.224613189697265625e-02
9.663105010986328125e-03
8.470058441162109375e-03
6.184816360473632812e-03
6.159543991088867188e-03
5.784273147583007812e-03
5.781173706054687500e-03
5.749702453613281250e-03
5.756855010986328125e-03
5.730390548706054688e-03
5.712985992431640625e-03
5.697250366210937500e-03
6.497621536254882812e-03
6.857156753540039062e-03
7.189989089965820312e-03
7.115125656127929688e-03
7.143020629882812500e-03
7.157564163208007812e-03
7.112026214599609375e-03
7.117986679077148438e-03
7.314682006835937500e-03
7.282972335815429688e-03
5.677461624145507812e-03
5.892038345336914062e-03
5.798816680908203125e-03
7.091999053955078125e-03
7.314205169677734375e-03
7.489204406738281250e-03
6.340503692626953125e-03
5.723476409912109375e-03
5.650281906127929688e-03
5.636930465698242188e-03
5.677223205566406250e-03
5.655288696289062500e-03
5.690574645996093750e-03
5.671501159667968750e-03
5.662918090820312500e-03
5.695343017578125000e-03
5.753755569458007812e-03
5.647897720336914062e-03
5.666255950927734375e-03
5.692243576049804688e-03
5.689620971679687500e-03
5.667686462402343750e-03
5.630016326904296875e-03
5.679845809936523438e-03
5.690813064575195312e-03
8.082866668701171875e-03
8.000373840332031250e-03
7.989168167114257812e-03
7.872819900512695312e-03
8.289098739624023438e-03
5.854129791259765625e-03
5.981683731079101562e-03
1.700305938720703125e-02
1.220178604125976562e-02
9.005784988403320312e-03
8.430004119873046875e-03
7.981300354003906250e-03
6.747484207153320312e-03
5.807161331176757812e-03
5.862712860107421875e-03
7.128238677978515625e-03
7.686376571655273438e-03
7.167339324951171875e-03
8.501768112182617188e-03
7.360696792602539062e-03
7.339954376220703125e-03
7.134914398193359375e-03
7.149219512939453125e-03
7.120370864868164062e-03
7.081270217895507812e-03
5.665063858032226562e-03
5.645751953125000000e-03
5.671977996826171875e-03
5.706548690795898438e-03
5.689382553100585938e-03
5.652427673339843750e-03
5.668163299560546875e-03
5.659103393554687500e-03
5.625724792480468750e-03
5.705118179321289062e-03
5.668878555297851562e-03
5.935192108154296875e-03
1.044726371765136719e-02
1.107382774353027344e-02
1.008534431457519531e-02
8.174419403076171875e-03
6.565809249877929688e-03
9.406566619873046875e-03
9.026288986206054688e-03
8.199691772460937500e-03
7.145643234252929688e-03
7.136821746826171875e-03
7.098674774169921875e-03
7.119417190551757812e-03
7.191181182861328125e-03
7.174253463745117188e-03
6.813049316406250000e-03
7.067918777465820312e-03
5.639076232910156250e-03
5.689144134521484375e-03
5.626916885375976562e-03
5.697250366210937500e-03
5.836248397827148438e-03
5.652904510498046875e-03
5.731344223022460938e-03
1.074457168579101562e-02
5.437850952148437500e-03
1.487231254577636719e-02
9.001970291137695312e-03
7.378339767456054688e-03
8.865118026733398438e-03
8.501529693603515625e-03
6.271839141845703125e-03
6.150007247924804688e-03
6.086826324462890625e-03
6.097078323364257812e-03
6.090402603149414062e-03
5.967140197753906250e-03
5.955696105957031250e-03
5.917549133300781250e-03
5.911350250244140625e-03
5.972385406494140625e-03
5.689859390258789062e-03
5.744457244873046875e-03
5.767822265625000000e-03
5.736589431762695312e-03
5.691289901733398438e-03
5.644083023071289062e-03
5.641222000122070312e-03
5.661010742187500000e-03
5.637168884277343750e-03
5.611181259155273438e-03
5.636215209960937500e-03
5.616903305053710938e-03
5.653381347656250000e-03
5.650758743286132812e-03
5.638122558593750000e-03
5.772829055786132812e-03
8.179187774658203125e-03
8.122920989990234375e-03
1.077795028686523438e-02
5.798339843750000000e-03
1.065349578857421875e-02
1.052165031433105469e-02
1.061058044433593750e-02
1.078796386718750000e-02
1.082873344421386719e-02
1.078510284423828125e-02
1.081275939941406250e-02
1.080131530761718750e-02
1.062941551208496094e-02
1.059389114379882812e-02
1.070308685302734375e-02
1.082205772399902344e-02
1.079106330871582031e-02
1.105451583862304688e-02
1.079082489013671875e-02
1.085591316223144531e-02
1.084637641906738281e-02
1.057839393615722656e-02
6.949424743652343750e-03
5.524635314941406250e-03
1.741647720336914062e-02
1.226472854614257812e-02
9.712696075439453125e-03
8.840560913085937500e-03
8.462190628051757812e-03
7.987499237060546875e-03
7.898092269897460938e-03
8.710145950317382812e-03
8.460760116577148438e-03
7.020473480224609375e-03
5.938529968261718750e-03
5.741119384765625000e-03
5.752086639404296875e-03
5.600214004516601562e-03
5.739927291870117188e-03
5.726814270019531250e-03
5.766391754150390625e-03
5.861759185791015625e-03
5.603313446044921875e-03
5.691528320312500000e-03
5.739450454711914062e-03
5.647897720336914062e-03
5.684614181518554688e-03
5.686521530151367188e-03
5.612134933471679688e-03
5.659341812133789062e-03
5.616188049316406250e-03
5.669593811035156250e-03
5.657672882080078125e-03
5.606651306152343750e-03
5.637168884277343750e-03
5.511522293090820312e-03
5.659818649291992188e-03
5.734443664550781250e-03
6.030321121215820312e-03
8.016586303710937500e-03
7.941961288452148438e-03
7.241487503051757812e-03
5.758762359619140625e-03
5.966186523437500000e-03
8.314371109008789062e-03
5.725383758544921875e-03
5.683898925781250000e-03
5.701780319213867188e-03
5.688667297363281250e-03
5.665063858032226562e-03
5.761623382568359375e-03
5.760431289672851562e-03
5.614519119262695312e-03
5.644559860229492188e-03
5.655765533447265625e-03
6.559371948242187500e-03
7.990837097167968750e-03
5.629301071166992188e-03
5.255699157714843750e-03
1.449942588806152344e-02
1.041984558105468750e-02
7.395267486572265625e-03
9.251832962036132812e-03
8.980035781860351562e-03
8.888721466064453125e-03
7.515430450439453125e-03
7.507562637329101562e-03
7.525205612182617188e-03
7.462501525878906250e-03
7.459640502929687500e-03
7.071495056152343750e-03
5.638599395751953125e-03
5.618572235107421875e-03
6.028413772583007812e-03
5.765914916992187500e-03
5.647897720336914062e-03
5.794525146484375000e-03
5.643844604492187500e-03
5.620718002319335938e-03
5.637645721435546875e-03
5.666494369506835938e-03
5.637168884277343750e-03
5.623579025268554688e-03
5.646467208862304688e-03
5.646228790283203125e-03
5.631923675537109375e-03
5.625486373901367188e-03
5.695104598999023438e-03
5.631685256958007812e-03
5.594968795776367188e-03
5.632162094116210938e-03
5.634307861328125000e-03
5.685567855834960938e-03
8.148431777954101562e-03
8.222818374633789062e-03
8.428335189819335938e-03
6.787061691284179688e-03
5.981445312500000000e-03
5.717992782592773438e-03
8.405685424804687500e-03
1.006579399108886719e-02
6.993055343627929688e-03
8.180141448974609375e-03
6.015777587890625000e-03
7.556676864624023438e-03
7.393360137939453125e-03
9.677648544311523438e-03
9.032726287841796875e-03
8.533477783203125000e-03
8.307218551635742188e-03
7.383584976196289062e-03
6.804943084716796875e-03
5.626678466796875000e-03
5.619525909423828125e-03
1.620030403137207031e-02
1.226639747619628906e-02
9.510993957519531250e-03
8.431911468505859375e-03
8.392095565795898438e-03
7.621765136718750000e-03
7.592678070068359375e-03
7.930994033813476562e-03
7.813215255737304688e-03
7.815122604370117188e-03
7.138013839721679688e-03
7.108926773071289062e-03
7.131576538085937500e-03
7.144451141357421875e-03
7.106781005859375000e-03
7.060050964355468750e-03
5.659580230712890625e-03
5.667924880981445312e-03
5.665779113769531250e-03
6.066560745239257812e-03
5.766630172729492188e-03
5.759239196777343750e-03
5.686283111572265625e-03
5.699396133422851562e-03
5.666255950927734375e-03
5.675077438354492188e-03
5.653381347656250000e-03
5.684614181518554688e-03
5.662202835083007812e-03
5.647897720336914062e-03
5.690336227416992188e-03
5.672454833984375000e-03
5.676746368408203125e-03
5.631446838378906250e-03
5.655765533447265625e-03
5.638837814331054688e-03
5.600690841674804688e-03
5.639553070068359375e-03
5.671501159667968750e-03
5.647897720336914062e-03
5.661010742187500000e-03
5.658864974975585938e-03
5.655050277709960938e-03
5.573272705078125000e-03
5.715847015380859375e-03
8.095979690551757812e-03
8.375406265258789062e-03
7.216215133666992188e-03
7.109403610229492188e-03
5.773544311523437500e-03
5.725383758544921875e-03
5.637168884277343750e-03
5.660295486450195312e-03
5.677700042724609375e-03
5.451202392578125000e-03
1.833868026733398438e-02
1.472282409667968750e-02
1.225423812866210938e-02
7.385492324829101562e-03
7.370710372924804688e-03
9.637832641601562500e-03
8.755683898925781250e-03
8.228302001953125000e-03
8.098363876342773438e-03
7.497787475585937500e-03
7.503032684326171875e-03
7.535934448242187500e-03
7.138967514038085938e-03
7.113218307495117188e-03
7.119178771972656250e-03
7.227182388305664062e-03
5.781888961791992188e-03
5.644321441650390625e-03
5.675077438354492188e-03
5.634307861328125000e-03
5.646705627441406250e-03
5.635261535644531250e-03
5.648612976074218750e-03
5.901336669921875000e-03
5.868911743164062500e-03
5.749940872192382812e-03
5.656719207763671875e-03
5.716800689697265625e-03
5.765438079833984375e-03
5.676031112670898438e-03
5.669355392456054688e-03
5.751132965087890625e-03
6.711483001708984375e-03
6.862878799438476562e-03
6.923198699951171875e-03
6.800413131713867188e-03
6.796360015869140625e-03
6.778001785278320312e-03
6.806135177612304688e-03
6.739854812622070312e-03
6.681442260742187500e-03
6.753444671630859375e-03
6.839036941528320312e-03
6.877899169921875000e-03
7.121562957763671875e-03
7.107734680175781250e-03
7.168054580688476562e-03
7.145404815673828125e-03
7.124423980712890625e-03
7.097482681274414062e-03
7.117033004760742188e-03
7.088661193847656250e-03
7.091522216796875000e-03
7.092237472534179688e-03
5.864143371582031250e-03
1.561880111694335938e-02
1.032686233520507812e-02
7.427215576171875000e-03
8.788824081420898438e-03
8.852005004882812500e-03
8.861541748046875000e-03
6.166458129882812500e-03
5.715608596801757812e-03
5.651712417602539062e-03
5.718469619750976562e-03
5.749225616455078125e-03
5.712032318115234375e-03
7.113218307495117188e-03
7.156848907470703125e-03
7.795810699462890625e-03
7.333993911743164062e-03
7.519721984863281250e-03
7.512807846069335938e-03
7.230758666992187500e-03
7.342815399169921875e-03
7.451295852661132812e-03
7.097005844116210938e-03
7.339954376220703125e-03
7.055282592773437500e-03
5.730628967285156250e-03
5.554437637329101562e-03
6.807804107666015625e-03
7.104873657226562500e-03
7.321596145629882812e-03
7.466554641723632812e-03
6.458997726440429688e-03
5.732536315917968750e-03
7.133722305297851562e-03
8.466243743896484375e-03
7.513761520385742188e-03
7.091760635375976562e-03
5.750179290771484375e-03
6.701707839965820312e-03
7.787466049194335938e-03
5.756378173828125000e-03
5.670309066772460938e-03
5.660533905029296875e-03
5.663871765136718750e-03
5.655288696289062500e-03
5.638837814331054688e-03
5.535125732421875000e-03
5.659341812133789062e-03
5.622386932373046875e-03
5.728960037231445312e-03
5.494356155395507812e-03
5.656957626342773438e-03
5.638360977172851562e-03
5.684852600097656250e-03
6.336927413940429688e-03
5.414009094238281250e-03
1.739406585693359375e-02
1.192998886108398438e-02
9.885787963867187500e-03
8.822917938232421875e-03
8.350610733032226562e-03
7.521867752075195312e-03
7.451057434082031250e-03
7.966756820678710938e-03
5.952596664428710938e-03
6.015539169311523438e-03
5.972385406494140625e-03
5.937337875366210938e-03
5.930900573730468750e-03
5.662202835083007812e-03
5.676269531250000000e-03
5.660772323608398438e-03
5.647420883178710938e-03
5.707740783691406250e-03
5.631685256958007812e-03
5.540609359741210938e-03
5.667448043823242188e-03
5.619287490844726562e-03
5.659103393554687500e-03
5.711317062377929688e-03
5.664825439453125000e-03
5.667209625244140625e-03
5.635738372802734375e-03
5.619049072265625000e-03
5.657911300659179688e-03
5.686998367309570312e-03
5.659103393554687500e-03
5.641698837280273438e-03
5.666255950927734375e-03
5.659103393554687500e-03
5.718708038330078125e-03
7.976055145263671875e-03
8.384704589843750000e-03
7.516860961914062500e-03
7.102966308593750000e-03
6.912469863891601562e-03
9.394645690917968750e-03
6.948232650756835938e-03
8.021831512451171875e-03
9.950637817382812500e-03
8.034229278564453125e-03
7.190465927124023438e-03
7.186412811279296875e-03
7.166862487792968750e-03
7.152080535888671875e-03
6.803750991821289062e-03
7.181167602539062500e-03
7.219791412353515625e-03
1.012468338012695312e-02
5.688190460205078125e-03
5.404949188232421875e-03
1.749181747436523438e-02
1.180744171142578125e-02
9.874105453491210938e-03
8.737087249755859375e-03
6.479024887084960938e-03
6.185293197631835938e-03
6.161928176879882812e-03
6.184101104736328125e-03
5.763769149780273438e-03
6.847143173217773438e-03
7.560491561889648438e-03
7.527828216552734375e-03
7.528305053710937500e-03
7.577657699584960938e-03
7.507324218750000000e-03
1.100921630859375000e-02
8.463621139526367188e-03
8.113384246826171875e-03
1.059365272521972656e-02
8.053064346313476562e-03
8.472442626953125000e-03
7.841110229492187500e-03
7.188558578491210938e-03
7.182359695434570312e-03
7.158517837524414062e-03
8.378028869628906250e-03
7.470130920410156250e-03
7.154464721679687500e-03
7.143735885620117188e-03
7.163763046264648438e-03
7.190465927124023438e-03
7.128953933715820312e-03
5.757570266723632812e-03
5.708456039428710938e-03
5.664110183715820312e-03
5.666494369506835938e-03
5.736351013183593750e-03
5.689620971679687500e-03
5.934715270996093750e-03
5.912780761718750000e-03
5.762815475463867188e-03
5.735158920288085938e-03
5.748271942138671875e-03
5.656242370605468750e-03
5.746126174926757812e-03
5.675077438354492188e-03
5.661249160766601562e-03
5.723953247070312500e-03
5.670785903930664062e-03
5.673170089721679688e-03
5.679607391357421875e-03
5.645513534545898438e-03
5.599498748779296875e-03
5.685091018676757812e-03
5.613565444946289062e-03
1.594114303588867188e-02
1.230454444885253906e-02
9.976387023925781250e-03
8.877515792846679688e-03
8.471250534057617188e-03
7.979631423950195312e-03
8.015871047973632812e-03
6.169795989990234375e-03
6.064414978027343750e-03
5.667209625244140625e-03
5.762100219726562500e-03
5.739688873291015625e-03
5.751132965087890625e-03
5.750894546508789062e-03
6.077289581298828125e-03
6.696462631225585938e-03
6.730318069458007812e-03
6.643056869506835938e-03
8.279800415039062500e-03
8.099079132080078125e-03
8.549213409423828125e-03
7.560968399047851562e-03
7.384777069091796875e-03
7.374525070190429688e-03
7.140874862670898438e-03
7.179498672485351562e-03
7.105350494384765625e-03
5.650281906127929688e-03
5.695104598999023438e-03
5.671977996826171875e-03
5.677223205566406250e-03
5.696535110473632812e-03
5.697011947631835938e-03
6.769418716430664062e-03
7.128953933715820312e-03
7.180929183959960938e-03
7.145881652832031250e-03
7.167577743530273438e-03
7.159471511840820312e-03
7.199048995971679688e-03
7.157087326049804688e-03
7.169961929321289062e-03
7.159709930419921875e-03
7.120370864868164062e-03
5.977630615234375000e-03
5.749702453613281250e-03
5.769491195678710938e-03
5.691528320312500000e-03
5.722284317016601562e-03
5.668640136718750000e-03
5.636215209960937500e-03
5.705118179321289062e-03
5.671501159667968750e-03
5.785226821899414062e-03
5.479574203491210938e-03
1.851677894592285156e-02
1.040220260620117188e-02
7.407426834106445312e-03
8.861064910888671875e-03
8.424282073974609375e-03
7.956027984619140625e-03
6.148815155029296875e-03
5.759000778198242188e-03
5.757570266723632812e-03
5.772829055786132812e-03
5.755186080932617188e-03
5.769729614257812500e-03
5.731582641601562500e-03
5.667686462402343750e-03
5.795717239379882812e-03
5.764722824096679688e-03
5.536079406738281250e-03
5.513906478881835938e-03
5.694627761840820312e-03
6.040096282958984375e-03
8.195877075195312500e-03
8.194923400878906250e-03
7.549285888671875000e-03
7.120132446289062500e-03
5.706548690795898438e-03
5.671977996826171875e-03
5.658388137817382812e-03
5.678415298461914062e-03
5.778789520263671875e-03
6.827116012573242188e-03
7.675170898437500000e-03
7.184267044067382812e-03
7.178544998168945312e-03
7.153987884521484375e-03
7.815837860107421875e-03
7.525444030761718750e-03
5.768299102783203125e-03
5.782365798950195312e-03
5.681753158569335938e-03
5.675315856933593750e-03
5.679607391357421875e-03
5.714654922485351562e-03
5.790948867797851562e-03
5.717039108276367188e-03
5.674123764038085938e-03
5.666017532348632812e-03
5.728244781494140625e-03
5.655765533447265625e-03
5.674362182617187500e-03
6.170511245727539062e-03
7.549047470092773438e-03
6.677865982055664062e-03
8.276700973510742188e-03
5.689620971679687500e-03
5.518913269042968750e-03
1.695704460144042969e-02
1.229858398437500000e-02
9.840726852416992188e-03
8.872270584106445312e-03
8.472204208374023438e-03
7.935762405395507812e-03
8.132457733154296875e-03
5.781173706054687500e-03
5.752801895141601562e-03
5.758762359619140625e-03
5.740165710449218750e-03
5.842924118041992188e-03
7.060050964355468750e-03
7.667303085327148438e-03
7.188558578491210938e-03
7.152557373046875000e-03
7.132291793823242188e-03
7.131099700927734375e-03
7.166385650634765625e-03
7.168769836425781250e-03
7.188320159912109375e-03
6.772041320800781250e-03
6.890773773193359375e-03
5.695104598999023438e-03
5.966901779174804688e-03
5.797147750854492188e-03
5.740642547607421875e-03
5.731105804443359375e-03
5.726814270019531250e-03
5.718946456909179688e-03
5.671262741088867188e-03
5.779743194580078125e-03
5.681514739990234375e-03
5.693674087524414062e-03
5.667686462402343750e-03
5.735874176025390625e-03
8.287429809570312500e-03
8.515834808349609375e-03
7.368326187133789062e-03
7.187604904174804688e-03
7.194042205810546875e-03
7.157564163208007812e-03
7.178068161010742188e-03
7.153987884521484375e-03
7.081985473632812500e-03
5.687952041625976562e-03
5.697488784790039062e-03
5.628585815429687500e-03
5.680322647094726562e-03
5.680561065673828125e-03
5.500793457031250000e-03
5.638837814331054688e-03
5.658149719238281250e-03
5.817651748657226562e-03
6.022214889526367188e-03
1.477360725402832031e-02
1.482295989990234375e-02
9.592771530151367188e-03
8.550167083740234375e-03
7.967233657836914062e-03
7.943868637084960938e-03
6.170272827148437500e-03
5.767583847045898438e-03
5.727291107177734375e-03
5.772590637207031250e-03
5.697250366210937500e-03
5.737066268920898438e-03
5.667686462402343750e-03
5.701065063476562500e-03
5.660295486450195312e-03
5.643129348754882812e-03
5.694866180419921875e-03
5.818128585815429688e-03
8.219718933105468750e-03
7.946252822875976562e-03
8.166790008544921875e-03
8.176088333129882812e-03
8.779525756835937500e-03
5.732297897338867188e-03
5.704402923583984375e-03
5.682229995727539062e-03
5.614280700683593750e-03
5.567073822021484375e-03
5.672693252563476562e-03
6.080627441406250000e-03
7.810115814208984375e-03
7.372856140136718750e-03
7.125616073608398438e-03
5.682706832885742188e-03
5.770921707153320312e-03
5.710840225219726562e-03
5.685329437255859375e-03
5.676746368408203125e-03
5.680084228515625000e-03
5.682229995727539062e-03
5.696296691894531250e-03
5.710601806640625000e-03
5.649089813232421875e-03
5.693912506103515625e-03
5.672454833984375000e-03
5.655527114868164062e-03
5.655527114868164062e-03
5.632162094116210938e-03
5.628108978271484375e-03
5.546092987060546875e-03
5.675077438354492188e-03
5.674600601196289062e-03
5.658864974975585938e-03
5.706071853637695312e-03
5.466222763061523438e-03
1.693177223205566406e-02
1.223254203796386719e-02
9.615659713745117188e-03
8.917570114135742188e-03
8.852720260620117188e-03
6.234884262084960938e-03
6.159782409667968750e-03
6.210327148437500000e-03
6.104469299316406250e-03
6.116628646850585938e-03
6.135463714599609375e-03
5.887031555175781250e-03
5.713701248168945312e-03
5.745410919189453125e-03
5.682468414306640625e-03
5.700111389160156250e-03
5.683660507202148438e-03
5.725860595703125000e-03
5.722284317016601562e-03
5.646705627441406250e-03
5.712032318115234375e-03
5.695819854736328125e-03
5.682468414306640625e-03
5.692481994628906250e-03
5.614519119262695312e-03
5.629301071166992188e-03
5.651950836181640625e-03
5.640983581542968750e-03
5.679130554199218750e-03
5.646705627441406250e-03
5.625724792480468750e-03
5.664587020874023438e-03
5.680084228515625000e-03
5.576372146606445312e-03
6.036043167114257812e-03
7.912397384643554688e-03
7.194757461547851562e-03
7.410049438476562500e-03
7.447957992553710938e-03
7.493257522583007812e-03
7.235050201416015625e-03
7.265806198120117188e-03
7.476329803466796875e-03
7.388114929199218750e-03
7.376670837402343750e-03
7.541179656982421875e-03
7.387638092041015625e-03
7.477760314941406250e-03
5.655288696289062500e-03
5.663871765136718750e-03
5.631923675537109375e-03
5.659580230712890625e-03
5.716562271118164062e-03
7.792472839355468750e-03
5.418539047241210938e-03
1.259946823120117188e-02
1.101565361022949219e-02
6.928682327270507812e-03
7.422685623168945312e-03
7.513046264648437500e-03
7.087707519531250000e-03
5.767583847045898438e-03
5.809545516967773438e-03
5.827665328979492188e-03
6.276845932006835938e-03
1.162981986999511719e-02
1.040935516357421875e-02
7.617235183715820312e-03
8.104801177978515625e-03
7.638931274414062500e-03
7.225513458251953125e-03
7.249355316162109375e-03
7.216930389404296875e-03
7.381916046142578125e-03
7.156372070312500000e-03
5.802392959594726562e-03
5.641937255859375000e-03
5.651473999023437500e-03
5.667924880981445312e-03
5.631446838378906250e-03
5.641698837280273438e-03
5.663871765136718750e-03
5.640506744384765625e-03
5.668878555297851562e-03
5.646705627441406250e-03
5.630731582641601562e-03
5.568504333496093750e-03
5.625724792480468750e-03
5.645275115966796875e-03
5.639314651489257812e-03
5.672693252563476562e-03
5.635023117065429688e-03
5.709171295166015625e-03
5.811452865600585938e-03
5.808830261230468750e-03
6.766080856323242188e-03
6.005764007568359375e-03
8.138656616210937500e-03
7.880449295043945312e-03
8.070230484008789062e-03
8.297681808471679688e-03
8.167982101440429688e-03
8.136749267578125000e-03
8.115768432617187500e-03
8.165836334228515625e-03
8.221387863159179688e-03
6.719350814819335938e-03
5.758523941040039062e-03
6.222486495971679688e-03
5.467414855957031250e-03
1.733970642089843750e-02
1.508975028991699219e-02
8.458614349365234375e-03
8.438110351562500000e-03
8.888244628906250000e-03
8.866786956787109375e-03
8.994579315185546875e-03
8.930444717407226562e-03
1.089525222778320312e-02
5.769729614257812500e-03
6.676435470581054688e-03
8.609056472778320312e-03
7.817268371582031250e-03
5.925178527832031250e-03
5.980968475341796875e-03
8.328676223754882812e-03
7.588624954223632812e-03
7.213115692138671875e-03
7.412195205688476562e-03
7.413864135742187500e-03
7.297515869140625000e-03
5.739450454711914062e-03
5.777597427368164062e-03
8.121490478515625000e-03
5.826711654663085938e-03
8.311510086059570312e-03
8.056402206420898438e-03
8.415460586547851562e-03
8.626461029052734375e-03
8.116483688354492188e-03
5.714654922485351562e-03
5.814313888549804688e-03
5.655527114868164062e-03
5.640506744384765625e-03
5.622625350952148438e-03
5.651950836181640625e-03
5.658388137817382812e-03
5.667924880981445312e-03
5.685091018676757812e-03
5.640745162963867188e-03
5.530357360839843750e-03
5.704164505004882812e-03
5.658626556396484375e-03
8.303880691528320312e-03
5.857467651367187500e-03
1.252102851867675781e-02
9.865999221801757812e-03
5.637884140014648438e-03
5.673885345458984375e-03
5.808353424072265625e-03
5.806922912597656250e-03
8.186101913452148438e-03
5.754947662353515625e-03
5.672693252563476562e-03
5.598783493041992188e-03
1.861643791198730469e-02
1.502943038940429688e-02
1.426935195922851562e-02
1.347160339355468750e-02
1.178884506225585938e-02
8.886814117431640625e-03
6.093740463256835938e-03
6.040573120117187500e-03
6.031036376953125000e-03
5.694627761840820312e-03
5.770206451416015625e-03
6.900548934936523438e-03
7.208824157714843750e-03
7.294654846191406250e-03
7.282972335815429688e-03
8.657932281494140625e-03
7.497310638427734375e-03
7.283687591552734375e-03
6.821155548095703125e-03
5.933284759521484375e-03
6.110429763793945312e-03
5.803108215332031250e-03
5.681037902832031250e-03
5.688667297363281250e-03
5.739212036132812500e-03
5.682468414306640625e-03
5.641460418701171875e-03
5.632400512695312500e-03
5.666732788085937500e-03
5.681514739990234375e-03
5.663394927978515625e-03
5.663633346557617188e-03
5.707502365112304688e-03
5.677938461303710938e-03
8.848428726196289062e-03
8.529424667358398438e-03
7.538080215454101562e-03
7.578611373901367188e-03
7.139205932617187500e-03
5.704402923583984375e-03
5.622625350952148438e-03
5.668163299560546875e-03
5.656003952026367188e-03
5.693912506103515625e-03
5.639553070068359375e-03
5.631208419799804688e-03
5.652666091918945312e-03
5.623817443847656250e-03
5.887985229492187500e-03
5.993127822875976562e-03
7.159709930419921875e-03
7.120370864868164062e-03
7.186174392700195312e-03
5.751371383666992188e-03
5.439043045043945312e-03
1.864290237426757812e-02
1.042652130126953125e-02
7.361888885498046875e-03
8.749723434448242188e-03
8.526086807250976562e-03
8.481502532958984375e-03
8.512973785400390625e-03
8.440017700195312500e-03
8.429050445556640625e-03
7.155418395996093750e-03
7.313489913940429688e-03
5.815029144287109375e-03
5.679607391357421875e-03
5.623340606689453125e-03
5.667924880981445312e-03
5.653858184814453125e-03
5.692481994628906250e-03
5.688190460205078125e-03
5.630016326904296875e-03
5.492448806762695312e-03
5.687713623046875000e-03
5.823850631713867188e-03
6.776571273803710938e-03
7.168769836425781250e-03
8.118867874145507812e-03
5.745887756347656250e-03
5.670309066772460938e-03
5.671977996826171875e-03
5.684137344360351562e-03
5.723714828491210938e-03
5.692481994628906250e-03
5.697965621948242188e-03
5.645513534545898438e-03
5.630731582641601562e-03
5.711793899536132812e-03
5.619049072265625000e-03
5.691289901733398438e-03
5.671024322509765625e-03
5.617380142211914062e-03
5.645990371704101562e-03
5.652666091918945312e-03
5.621910095214843750e-03
5.681276321411132812e-03
5.666732788085937500e-03
5.645990371704101562e-03
5.651950836181640625e-03
5.641698837280273438e-03
5.663633346557617188e-03
5.623817443847656250e-03
5.630016326904296875e-03
5.649805068969726562e-03
5.611658096313476562e-03
5.650758743286132812e-03
5.677938461303710938e-03
5.710363388061523438e-03
1.835250854492187500e-02
1.497411727905273438e-02
1.199102401733398438e-02
9.476423263549804688e-03
8.849859237670898438e-03
8.616924285888671875e-03
8.635997772216796875e-03
1.128935813903808594e-02
8.115053176879882812e-03
8.277416229248046875e-03
8.018970489501953125e-03
7.144451141357421875e-03
7.541894912719726562e-03
7.521152496337890625e-03
7.516622543334960938e-03
7.470846176147460938e-03
7.499933242797851562e-03
8.476734161376953125e-03
7.688760757446289062e-03
8.558273315429687500e-03
7.533788681030273438e-03
5.701303482055664062e-03
5.645275115966796875e-03
5.649089813232421875e-03
5.578279495239257812e-03
5.664587020874023438e-03
5.687952041625976562e-03
5.631208419799804688e-03
5.687475204467773438e-03
6.048440933227539062e-03
5.771636962890625000e-03
5.643367767333984375e-03
5.741357803344726562e-03
5.788326263427734375e-03
5.736589431762695312e-03
5.686521530151367188e-03
5.669355392456054688e-03
5.501508712768554688e-03
5.763053894042968750e-03
5.710363388061523438e-03
5.679607391357421875e-03
5.671977996826171875e-03
5.786418914794921875e-03
6.446361541748046875e-03
6.393909454345703125e-03
6.841897964477539062e-03
7.187604904174804688e-03
7.160902023315429688e-03
5.709886550903320312e-03
5.664110183715820312e-03
5.502700805664062500e-03
5.527019500732421875e-03
5.671739578247070312e-03
5.684137344360351562e-03
5.466222763061523438e-03
1.696491241455078125e-02
1.221513748168945312e-02
9.537696838378906250e-03
8.432388305664062500e-03
8.022546768188476562e-03
6.233215332031250000e-03
6.163597106933593750e-03
6.125926971435546875e-03
6.038904190063476562e-03
6.082773208618164062e-03
5.791664123535156250e-03
5.812883377075195312e-03
5.785465240478515625e-03
5.790233612060546875e-03
5.765438079833984375e-03
5.670547485351562500e-03
5.679130554199218750e-03
5.659103393554687500e-03
5.635976791381835938e-03
5.610227584838867188e-03
5.652427673339843750e-03
5.702972412109375000e-03
5.611181259155273438e-03
5.625724792480468750e-03
5.688190460205078125e-03
5.666732788085937500e-03
5.662441253662109375e-03
5.774736404418945312e-03
5.640983581542968750e-03
5.625486373901367188e-03
5.633115768432617188e-03
5.623340606689453125e-03
5.695343017578125000e-03
5.642652511596679688e-03
5.974531173706054688e-03
5.707263946533203125e-03
5.665540695190429688e-03
5.633831024169921875e-03
5.669355392456054688e-03
5.678653717041015625e-03
5.660772323608398438e-03
5.673646926879882812e-03
5.693435668945312500e-03
5.650043487548828125e-03
5.676269531250000000e-03
6.495952606201171875e-03
7.163047790527343750e-03
7.167816162109375000e-03
5.734920501708984375e-03
5.668163299560546875e-03
5.646228790283203125e-03
5.657196044921875000e-03
5.648136138916015625e-03
6.354331970214843750e-03
5.277395248413085938e-03
1.724624633789062500e-02
1.285266876220703125e-02
9.976148605346679688e-03
8.860588073730468750e-03
8.550405502319335938e-03
8.326053619384765625e-03
8.598089218139648438e-03
8.491992950439453125e-03
7.155418395996093750e-03
7.335662841796875000e-03
5.896329879760742188e-03
5.737543106079101562e-03
5.781888961791992188e-03
5.723953247070312500e-03
5.725383758544921875e-03
5.703210830688476562e-03
5.716800689697265625e-03
5.653381347656250000e-03
5.656242370605468750e-03
5.649566650390625000e-03
5.533695220947265625e-03
5.595445632934570312e-03
5.671024322509765625e-03
5.641460418701171875e-03
5.637407302856445312e-03
5.652189254760742188e-03
5.657434463500976562e-03
5.622148513793945312e-03
5.640029907226562500e-03
5.649566650390625000e-03
5.621910095214843750e-03
5.649089813232421875e-03
5.633354187011718750e-03
5.608797073364257812e-03
5.676269531250000000e-03
5.638837814331054688e-03
5.609273910522460938e-03
5.639553070068359375e-03
5.642652511596679688e-03
5.854845046997070312e-03
5.677700042724609375e-03
5.678892135620117188e-03
5.663871765136718750e-03
5.663156509399414062e-03
5.665540695190429688e-03
5.760431289672851562e-03
5.676031112670898438e-03
5.661249160766601562e-03
5.671739578247070312e-03
5.566835403442382812e-03
5.530357360839843750e-03
5.625009536743164062e-03
5.664348602294921875e-03
6.016254425048828125e-03
5.450725555419921875e-03
1.817464828491210938e-02
1.269865036010742188e-02
8.481979370117187500e-03
8.090734481811523438e-03
7.966518402099609375e-03
6.806373596191406250e-03
7.217407226562500000e-03
7.482051849365234375e-03
7.479906082153320312e-03
7.494211196899414062e-03
7.087945938110351562e-03
5.800724029541015625e-03
5.655527114868164062e-03
5.518436431884765625e-03
5.863666534423828125e-03
6.107091903686523438e-03
6.220817565917968750e-03
6.315708160400390625e-03
6.177186965942382812e-03
6.192922592163085938e-03
6.262779235839843750e-03
6.353378295898437500e-03
6.245613098144531250e-03
6.255388259887695312e-03
6.256341934204101562e-03
6.255149841308593750e-03
6.284713745117187500e-03
6.244897842407226562e-03
6.281137466430664062e-03
6.219387054443359375e-03
6.212472915649414062e-03
6.246328353881835938e-03
6.352186203002929688e-03
6.222963333129882812e-03
6.301641464233398438e-03
6.391525268554687500e-03
6.238460540771484375e-03
6.231546401977539062e-03
6.222009658813476562e-03
6.245851516723632812e-03
6.256103515625000000e-03
6.186485290527343750e-03
6.237506866455078125e-03
6.233692169189453125e-03
6.240129470825195312e-03
9.363889694213867188e-03
8.397340774536132812e-03
7.547378540039062500e-03
7.574319839477539062e-03
7.350683212280273438e-03
7.185220718383789062e-03
6.820678710937500000e-03
7.126331329345703125e-03
7.180452346801757812e-03
5.928039550781250000e-03
1.737046241760253906e-02
1.239466667175292969e-02
8.533716201782226562e-03
8.976221084594726562e-03
9.567260742187500000e-03
8.848428726196289062e-03
8.875370025634765625e-03
8.344411849975585938e-03
7.609605789184570312e-03
7.415771484375000000e-03
7.346153259277343750e-03
7.553815841674804688e-03
7.371425628662109375e-03
7.364273071289062500e-03
7.128477096557617188e-03
5.755662918090820312e-03
5.630970001220703125e-03
5.654573440551757812e-03
5.655527114868164062e-03
5.991458892822265625e-03
5.747318267822265625e-03
5.714178085327148438e-03
5.747556686401367188e-03
5.719900131225585938e-03
5.677938461303710938e-03
5.644083023071289062e-03
5.717277526855468750e-03
5.645036697387695312e-03
5.622148513793945312e-03
5.662202835083007812e-03
5.667924880981445312e-03
5.692005157470703125e-03
5.546092987060546875e-03
5.661725997924804688e-03
5.637168884277343750e-03
5.636692047119140625e-03
5.492210388183593750e-03
5.667924880981445312e-03
5.665063858032226562e-03
5.754470825195312500e-03
8.749246597290039062e-03
8.606195449829101562e-03
7.604122161865234375e-03
7.129669189453125000e-03
5.767345428466796875e-03
5.773782730102539062e-03
5.662679672241210938e-03
5.733013153076171875e-03
5.791664123535156250e-03
5.924940109252929688e-03
7.865190505981445312e-03
1.916551589965820312e-02
5.630731582641601562e-03
7.731676101684570312e-03
5.406379699707031250e-03
1.720476150512695312e-02
1.213526725769042969e-02
7.006883621215820312e-03
7.668733596801757812e-03
7.407903671264648438e-03
7.498502731323242188e-03
7.389783859252929688e-03
5.998373031616210938e-03
5.760908126831054688e-03
5.831480026245117188e-03
8.144855499267578125e-03
8.168458938598632812e-03
8.061885833740234375e-03
5.992412567138671875e-03
8.300304412841796875e-03
8.105754852294921875e-03
7.976055145263671875e-03
8.062362670898437500e-03
8.340597152709960938e-03
7.596015930175781250e-03
7.385730743408203125e-03
7.370233535766601562e-03
7.127523422241210938e-03
6.474018096923828125e-03
6.155729293823242188e-03
5.787611007690429688e-03
5.852460861206054688e-03
5.722999572753906250e-03
5.700826644897460938e-03
5.669116973876953125e-03
5.788564682006835938e-03
6.556272506713867188e-03
6.793737411499023438e-03
6.913900375366210938e-03
6.814002990722656250e-03
7.196187973022460938e-03
7.995843887329101562e-03
7.145643234252929688e-03
7.157087326049804688e-03
7.149934768676757812e-03
7.153034210205078125e-03
7.163763046264648438e-03
5.707979202270507812e-03
5.709409713745117188e-03
5.736589431762695312e-03
5.654811859130859375e-03
5.673885345458984375e-03
5.529165267944335938e-03
5.663156509399414062e-03
5.622625350952148438e-03
5.693912506103515625e-03
5.543947219848632812e-03
7.652759552001953125e-03
8.629560470581054688e-03
6.166458129882812500e-03
1.704359054565429688e-02
1.488780975341796875e-02
1.393342018127441406e-02
7.471561431884765625e-03
7.411241531372070312e-03
9.762048721313476562e-03
8.596897125244140625e-03
8.677721023559570312e-03
8.632183074951171875e-03
8.856773376464843750e-03
7.435560226440429688e-03
7.451534271240234375e-03
7.389783859252929688e-03
7.450342178344726562e-03
7.176637649536132812e-03
7.192373275756835938e-03
7.191896438598632812e-03
7.181882858276367188e-03
7.188081741333007812e-03
7.166147232055664062e-03
7.157564163208007812e-03
7.144451141357421875e-03
7.171154022216796875e-03
7.209062576293945312e-03
7.148742675781250000e-03
7.170438766479492188e-03
7.163763046264648438e-03
7.153749465942382812e-03
7.163763046264648438e-03
5.969047546386718750e-03
8.141994476318359375e-03
7.996797561645507812e-03
8.446455001831054688e-03
7.106542587280273438e-03
5.762577056884765625e-03
5.699396133422851562e-03
5.686521530151367188e-03
5.683422088623046875e-03
5.686759948730468750e-03
5.664348602294921875e-03
6.385087966918945312e-03
7.132530212402343750e-03
5.685567855834960938e-03
5.650520324707031250e-03
5.671501159667968750e-03
5.604505538940429688e-03
5.537509918212890625e-03
5.649805068969726562e-03
5.638122558593750000e-03
5.670309066772460938e-03
5.643606185913085938e-03
5.684852600097656250e-03
5.673170089721679688e-03
5.678176879882812500e-03
5.479812622070312500e-03
1.558899879455566406e-02
1.035881042480468750e-02
7.336378097534179688e-03
8.781909942626953125e-03
8.623838424682617188e-03
6.229639053344726562e-03
6.207704544067382812e-03
6.152629852294921875e-03
6.149530410766601562e-03
6.445169448852539062e-03
6.414651870727539062e-03
5.903720855712890625e-03
8.340835571289062500e-03
8.243083953857421875e-03
8.364200592041015625e-03
7.282018661499023438e-03
6.824016571044921875e-03
6.842851638793945312e-03
6.828546524047851562e-03
6.859302520751953125e-03
6.723880767822265625e-03
5.688428878784179688e-03
5.672693252563476562e-03
5.671977996826171875e-03
5.637884140014648438e-03
5.694389343261718750e-03
5.645513534545898438e-03
5.682706832885742188e-03
5.707263946533203125e-03
5.635738372802734375e-03
5.668401718139648438e-03
5.662679672241210938e-03
5.627870559692382812e-03
5.869865417480468750e-03
5.996465682983398438e-03
6.468772888183593750e-03
5.710601806640625000e-03
5.715847015380859375e-03
5.674362182617187500e-03
5.742788314819335938e-03
5.772590637207031250e-03
5.662918090820312500e-03
5.667448043823242188e-03
5.682229995727539062e-03
5.742788314819335938e-03
5.653858184814453125e-03
5.673646926879882812e-03
5.671977996826171875e-03
5.712509155273437500e-03
5.591630935668945312e-03
5.737781524658203125e-03
5.673646926879882812e-03
7.957458496093750000e-03
5.675077438354492188e-03
5.480527877807617188e-03
1.495337486267089844e-02
1.274204254150390625e-02
8.905649185180664062e-03
8.476495742797851562e-03
6.165981292724609375e-03
6.155252456665039062e-03
6.156682968139648438e-03
6.178379058837890625e-03
5.743741989135742188e-03
5.878210067749023438e-03
7.067441940307617188e-03
7.498979568481445312e-03
7.509231567382812500e-03
7.488727569580078125e-03
7.492780685424804688e-03
7.450103759765625000e-03
5.905151367187500000e-03
5.665779113769531250e-03
5.662918090820312500e-03
5.657672882080078125e-03
5.686998367309570312e-03
5.673408508300781250e-03
5.783319473266601562e-03
6.751060485839843750e-03
7.159709930419921875e-03
7.275104522705078125e-03
6.777524948120117188e-03
6.391048431396484375e-03
7.185935974121093750e-03
7.396459579467773438e-03
7.343053817749023438e-03
7.391214370727539062e-03
7.371425628662109375e-03
7.394552230834960938e-03
7.363319396972656250e-03
7.252693176269531250e-03
5.767822265625000000e-03
5.610704421997070312e-03
5.633115768432617188e-03
6.150484085083007812e-03
5.733966827392578125e-03
5.645513534545898438e-03
5.736351013183593750e-03
5.716085433959960938e-03
5.681514739990234375e-03
5.658626556396484375e-03
5.635261535644531250e-03
5.649566650390625000e-03
5.649566650390625000e-03
5.690574645996093750e-03
5.636930465698242188e-03
5.612134933471679688e-03
5.684852600097656250e-03
8.521795272827148438e-03
5.399465560913085938e-03
1.840949058532714844e-02
1.470780372619628906e-02
1.212739944458007812e-02
7.043123245239257812e-03
7.480859756469726562e-03
7.887363433837890625e-03
1.001834869384765625e-02
8.503198623657226562e-03
8.276939392089843750e-03
8.390903472900390625e-03
8.233547210693359375e-03
8.335113525390625000e-03
8.301258087158203125e-03
8.522987365722656250e-03
5.922555923461914062e-03
5.684852600097656250e-03
5.806446075439453125e-03
5.761623382568359375e-03
5.620718002319335938e-03
5.717277526855468750e-03
5.672216415405273438e-03
5.693197250366210938e-03
5.695581436157226562e-03
5.665779113769531250e-03
5.491495132446289062e-03
5.675792694091796875e-03
5.627632141113281250e-03
5.666732788085937500e-03
5.658388137817382812e-03
5.658388137817382812e-03
5.684614181518554688e-03
6.771087646484375000e-03
7.126808166503906250e-03
7.362604141235351562e-03
7.335186004638671875e-03
7.131099700927734375e-03
5.795717239379882812e-03
5.772352218627929688e-03
5.722999572753906250e-03
7.140159606933593750e-03
7.363796234130859375e-03
7.346391677856445312e-03
7.561683654785156250e-03
7.380485534667968750e-03
5.661964416503906250e-03
9.608983993530273438e-03
5.804300308227539062e-03
6.448745727539062500e-03
6.429910659790039062e-03
5.762577056884765625e-03
6.481170654296875000e-03
6.455183029174804688e-03
6.824731826782226562e-03
5.801916122436523438e-03
5.413532257080078125e-03
1.249599456787109375e-02
1.369428634643554688e-02
1.112365722656250000e-02
7.507801055908203125e-03
7.487058639526367188e-03
7.437467575073242188e-03
5.942583084106445312e-03
5.824804306030273438e-03
5.629062652587890625e-03
5.920171737670898438e-03
6.968736648559570312e-03
8.745670318603515625e-03
8.467912673950195312e-03
7.310628890991210938e-03
6.859779357910156250e-03
7.143259048461914062e-03
7.084608078002929688e-03
5.793333053588867188e-03
5.882263183593750000e-03
6.038188934326171875e-03
5.820751190185546875e-03
8.842229843139648438e-03
8.001089096069335938e-03
7.371425628662109375e-03
7.119178771972656250e-03
7.171630859375000000e-03
7.104873657226562500e-03
7.100343704223632812e-03
5.769491195678710938e-03
5.868911743164062500e-03
5.696296691894531250e-03
5.681991577148437500e-03
5.687236785888671875e-03
5.659341812133789062e-03
5.658149719238281250e-03
5.676507949829101562e-03
5.713224411010742188e-03
5.661010742187500000e-03
5.680799484252929688e-03
5.680084228515625000e-03
5.685091018676757812e-03
5.685806274414062500e-03
5.740642547607421875e-03
8.682489395141601562e-03
8.502721786499023438e-03
7.380723953247070312e-03
7.151842117309570312e-03
7.132530212402343750e-03
5.695104598999023438e-03
7.611751556396484375e-03
7.991075515747070312e-03
8.310794830322265625e-03
7.289409637451171875e-03
5.754947662353515625e-03
5.455255508422851562e-03
1.831960678100585938e-02
1.005053520202636719e-02
7.372617721557617188e-03
8.854389190673828125e-03
8.862495422363281250e-03
7.544994354248046875e-03
7.554292678833007812e-03
7.497549057006835938e-03
7.476329803466796875e-03
7.501602172851562500e-03
7.100820541381835938e-03
5.684852600097656250e-03
5.581378936767578125e-03
5.741119384765625000e-03
5.657434463500976562e-03
5.644083023071289062e-03
5.661249160766601562e-03
5.637645721435546875e-03
5.666017532348632812e-03
5.643367767333984375e-03
5.671024322509765625e-03
5.668640136718750000e-03
5.679845809936523438e-03
5.635261535644531250e-03
5.959033966064453125e-03
8.681058883666992188e-03
8.363962173461914062e-03
7.576942443847656250e-03
7.125377655029296875e-03
5.769968032836914062e-03
5.743026733398437500e-03
5.635023117065429688e-03
5.647420883178710938e-03
5.658149719238281250e-03
5.723476409912109375e-03
5.663633346557617188e-03
5.704879760742187500e-03
5.687475204467773438e-03
6.468534469604492188e-03
6.509780883789062500e-03
6.819009780883789062e-03
7.154941558837890625e-03
7.146358489990234375e-03
7.164955139160156250e-03
7.189750671386718750e-03
7.185220718383789062e-03
7.177114486694335938e-03
7.155418395996093750e-03
7.171869277954101562e-03
7.119655609130859375e-03
5.645513534545898438e-03
5.623340606689453125e-03
5.627393722534179688e-03
5.690097808837890625e-03
5.855083465576171875e-03
1.508378982543945312e-02
1.041793823242187500e-02
7.290363311767578125e-03
8.822441101074218750e-03
8.879899978637695312e-03
7.794141769409179688e-03
7.834672927856445312e-03
7.815122604370117188e-03
7.680416107177734375e-03
7.825374603271484375e-03
7.208108901977539062e-03
7.097482681274414062e-03
5.755901336669921875e-03
5.685329437255859375e-03
5.645751953125000000e-03
5.653858184814453125e-03
5.622148513793945312e-03
5.656242370605468750e-03
5.641698837280273438e-03
5.627393722534179688e-03
5.633831024169921875e-03
5.661725997924804688e-03
5.664110183715820312e-03
5.682706832885742188e-03
5.721330642700195312e-03
5.632638931274414062e-03
5.636215209960937500e-03
5.654573440551757812e-03
5.650520324707031250e-03
5.975008010864257812e-03
6.980895996093750000e-03
5.958795547485351562e-03
6.249666213989257812e-03
6.187915802001953125e-03
5.995750427246093750e-03
6.248712539672851562e-03
6.261110305786132812e-03
6.266117095947265625e-03
6.198883056640625000e-03
8.496284484863281250e-03
8.521795272827148438e-03
7.355451583862304688e-03
7.339000701904296875e-03
7.134199142456054688e-03
5.722045898437500000e-03
5.660295486450195312e-03
5.699157714843750000e-03
5.656003952026367188e-03
5.642890930175781250e-03
5.640745162963867188e-03
5.644083023071289062e-03
5.641460418701171875e-03
5.657196044921875000e-03
8.025169372558593750e-03
5.419731140136718750e-03
1.569604873657226562e-02
1.058459281921386719e-02
7.405042648315429688e-03
8.721351623535156250e-03
8.053541183471679688e-03
7.261276245117187500e-03
5.871772766113281250e-03
5.882024765014648438e-03
5.859613418579101562e-03
5.910158157348632812e-03
5.897045135498046875e-03
5.902767181396484375e-03
5.933523178100585938e-03
5.734205245971679688e-03
5.700111389160156250e-03
5.853891372680664062e-03
5.696296691894531250e-03
5.654096603393554688e-03
5.887746810913085938e-03
5.688905715942382812e-03
5.710124969482421875e-03
5.690574645996093750e-03
5.651712417602539062e-03
5.648374557495117188e-03
5.671262741088867188e-03
5.664348602294921875e-03
5.682706832885742188e-03
5.667448043823242188e-03
5.662679672241210938e-03
5.640268325805664062e-03
5.675077438354492188e-03
5.652904510498046875e-03
5.640029907226562500e-03
5.633115768432617188e-03
5.919933319091796875e-03
5.795478820800781250e-03
8.090019226074218750e-03
8.038282394409179688e-03
8.116483688354492188e-03
8.105278015136718750e-03
8.675813674926757812e-03
8.693933486938476562e-03
8.328914642333984375e-03
8.003711700439453125e-03
8.543014526367187500e-03
7.364273071289062500e-03
7.357597351074218750e-03
7.167816162109375000e-03
7.165193557739257812e-03
7.164478302001953125e-03
5.772113800048828125e-03
5.621433258056640625e-03
5.665779113769531250e-03
1.007485389709472656e-02
5.602836608886718750e-03
1.787328720092773438e-02
1.313638687133789062e-02
9.995222091674804688e-03
8.449316024780273438e-03
7.919549942016601562e-03
6.180524826049804688e-03
5.817890167236328125e-03
5.837440490722656250e-03
5.782365798950195312e-03
6.070375442504882812e-03
8.416891098022460938e-03
9.151697158813476562e-03
8.359670639038085938e-03
7.880687713623046875e-03
1.052212715148925781e-02
8.301019668579101562e-03
1.219701766967773438e-02
1.107740402221679688e-02
1.090884208679199219e-02
1.045346260070800781e-02
9.550571441650390625e-03
7.187843322753906250e-03
7.440090179443359375e-03
7.417440414428710938e-03
7.404088973999023438e-03
7.409334182739257812e-03
7.415533065795898438e-03
7.408142089843750000e-03
7.407188415527343750e-03
7.207393646240234375e-03
7.484674453735351562e-03
7.445096969604492188e-03
7.373094558715820312e-03
7.114648818969726562e-03
5.641937255859375000e-03
5.678653717041015625e-03
5.712270736694335938e-03
5.623340606689453125e-03
5.859613418579101562e-03
5.852699279785156250e-03
7.872104644775390625e-03
5.677461624145507812e-03
5.703210830688476562e-03
5.756139755249023438e-03
5.685091018676757812e-03
5.730152130126953125e-03
5.702018737792968750e-03
5.686283111572265625e-03
5.673646926879882812e-03
5.699157714843750000e-03
5.717992782592773438e-03
5.665063858032226562e-03
8.087158203125000000e-03
5.667686462402343750e-03
5.436897277832031250e-03
1.735806465148925781e-02
1.279020309448242188e-02
8.983850479125976562e-03
8.830547332763671875e-03
8.875131607055664062e-03
8.837461471557617188e-03
7.464647293090820312e-03
7.517337799072265625e-03
7.455348968505859375e-03
7.452726364135742188e-03
7.450819015502929688e-03
7.172346115112304688e-03
7.158279418945312500e-03
5.800962448120117188e-03
6.108522415161132812e-03
8.616685867309570312e-03
7.542610168457031250e-03
7.147789001464843750e-03
7.475614547729492188e-03
7.255315780639648438e-03
7.248640060424804688e-03
7.214546203613281250e-03
7.359743118286132812e-03
5.665779113769531250e-03
5.652189254760742188e-03
5.620241165161132812e-03
5.638122558593750000e-03
5.647420883178710938e-03
5.619525909423828125e-03
5.662441253662109375e-03
5.663633346557617188e-03
5.619764328002929688e-03
5.650520324707031250e-03
5.675077438354492188e-03
5.653381347656250000e-03
5.672693252563476562e-03
5.661725997924804688e-03
5.647897720336914062e-03
5.669355392456054688e-03
5.665540695190429688e-03
5.677223205566406250e-03
5.618810653686523438e-03
5.656242370605468750e-03
5.640745162963867188e-03
5.969047546386718750e-03
6.649017333984375000e-03
5.760192871093750000e-03
8.148908615112304688e-03
8.122920989990234375e-03
8.077859878540039062e-03
5.789041519165039062e-03
5.726337432861328125e-03
5.656003952026367188e-03
1.013445854187011719e-02
5.453109741210937500e-03
1.778030395507812500e-02
1.274418830871582031e-02
9.887456893920898438e-03
8.913040161132812500e-03
8.399963378906250000e-03
6.156444549560546875e-03
6.184101104736328125e-03
6.181001663208007812e-03
5.771160125732421875e-03
5.711078643798828125e-03
5.750417709350585938e-03
5.719184875488281250e-03
5.734682083129882812e-03
5.659580230712890625e-03
6.862401962280273438e-03
6.943464279174804688e-03
6.942033767700195312e-03
6.996631622314453125e-03
6.902456283569335938e-03
8.234024047851562500e-03
7.915973663330078125e-03
7.838726043701171875e-03
7.235765457153320312e-03
7.210969924926757812e-03
7.150888442993164062e-03
7.152080535888671875e-03
7.184743881225585938e-03
7.141113281250000000e-03
7.163286209106445312e-03
7.142543792724609375e-03
5.705833435058593750e-03
5.647659301757812500e-03
5.607604980468750000e-03
5.633831024169921875e-03
5.507469177246093750e-03
5.660772323608398438e-03
5.724191665649414062e-03
5.646467208862304688e-03
5.656003952026367188e-03
5.654811859130859375e-03
5.662918090820312500e-03
5.664348602294921875e-03
5.668401718139648438e-03
5.737781524658203125e-03
8.352518081665039062e-03
7.362365722656250000e-03
7.377386093139648438e-03
7.090330123901367188e-03
7.152080535888671875e-03
5.844116210937500000e-03
8.707761764526367188e-03
8.073806762695312500e-03
5.980730056762695312e-03
5.656242370605468750e-03
5.443334579467773438e-03
1.829910278320312500e-02
1.478648185729980469e-02
1.224756240844726562e-02
7.538557052612304688e-03
7.362842559814453125e-03
7.660865783691406250e-03
1.007246971130371094e-02
9.138584136962890625e-03
8.131265640258789062e-03
8.190155029296875000e-03
8.691072463989257812e-03
7.986068725585937500e-03
7.996559143066406250e-03
7.162094116210937500e-03
7.092714309692382812e-03
5.682706832885742188e-03
5.727291107177734375e-03
5.599260330200195312e-03
5.661487579345703125e-03
5.635023117065429688e-03
5.703926086425781250e-03
5.656957626342773438e-03
5.614042282104492188e-03
5.935668945312500000e-03
5.995988845825195312e-03
5.772829055786132812e-03
5.774497985839843750e-03
5.702018737792968750e-03
5.666494369506835938e-03
5.746364593505859375e-03
5.693674087524414062e-03
5.671501159667968750e-03
6.533384323120117188e-03
7.069587707519531250e-03
5.733728408813476562e-03
5.657196044921875000e-03
5.654811859130859375e-03
5.692243576049804688e-03
5.696058273315429688e-03
5.662679672241210938e-03
5.666255950927734375e-03
5.628824234008789062e-03
5.820751190185546875e-03
8.800268173217773438e-03
8.127689361572265625e-03
7.154941558837890625e-03
7.180929183959960938e-03
7.234811782836914062e-03
7.188558578491210938e-03
7.228136062622070312e-03
7.155179977416992188e-03
6.837844848632812500e-03
9.327173233032226562e-03
5.974054336547851562e-03
5.761384963989257812e-03
1.484489440917968750e-02
1.048302650451660156e-02
7.438898086547851562e-03
8.774995803833007812e-03
8.810758590698242188e-03
8.773088455200195312e-03
8.799076080322265625e-03
8.435010910034179688e-03
8.281230926513671875e-03
7.291316986083984375e-03
7.462501525878906250e-03
7.499933242797851562e-03
7.432699203491210938e-03
7.432699203491210938e-03
8.061885833740234375e-03
7.384538650512695312e-03
7.386207580566406250e-03
7.391452789306640625e-03
7.369041442871093750e-03
7.372856140136718750e-03
7.374286651611328125e-03
7.300376892089843750e-03
7.147073745727539062e-03
7.389783859252929688e-03
7.375240325927734375e-03
7.360696792602539062e-03
7.369995117187500000e-03
7.375478744506835938e-03
7.392168045043945312e-03
7.532358169555664062e-03
5.775928497314453125e-03
5.635499954223632812e-03
5.681037902832031250e-03
5.623102188110351562e-03
5.661487579345703125e-03
5.782365798950195312e-03
5.661010742187500000e-03
5.652427673339843750e-03
5.769252777099609375e-03
5.660295486450195312e-03
5.752086639404296875e-03
5.738973617553710938e-03
5.715608596801757812e-03
7.057905197143554688e-03
7.980823516845703125e-03
5.675315856933593750e-03
5.660057067871093750e-03
5.635023117065429688e-03
5.652666091918945312e-03
5.689144134521484375e-03
5.638360977172851562e-03
5.652427673339843750e-03
5.642175674438476562e-03
5.707263946533203125e-03
5.431890487670898438e-03
1.833701133728027344e-02
1.501441001892089844e-02
1.077556610107421875e-02
8.966684341430664062e-03
8.856058120727539062e-03
6.050348281860351562e-03
5.953311920166015625e-03
5.848407745361328125e-03
5.925178527832031250e-03
5.930900573730468750e-03
5.914211273193359375e-03
5.923748016357421875e-03
5.923032760620117188e-03
5.888938903808593750e-03
5.694627761840820312e-03
5.509376525878906250e-03
5.699396133422851562e-03
5.671977996826171875e-03
5.721330642700195312e-03
5.654811859130859375e-03
5.617856979370117188e-03
5.644083023071289062e-03
5.630016326904296875e-03
5.664110183715820312e-03
5.782842636108398438e-03
5.658388137817382812e-03
5.647897720336914062e-03
5.546092987060546875e-03
5.664825439453125000e-03
5.645275115966796875e-03
5.637884140014648438e-03
6.693601608276367188e-03
8.054733276367187500e-03
8.538484573364257812e-03
5.672454833984375000e-03
