2.430450201034545898e+00
2.284986972808837891e+00
2.117960691452026367e+00
1.972068548202514648e+00
1.877223849296569824e+00
1.802261590957641602e+00
1.748873233795166016e+00
1.655653953552246094e+00
1.584054946899414062e+00
1.297906517982482910e+00
1.175586342811584473e+00
1.099329948425292969e+00
1.040439248085021973e+00
9.711846709251403809e-01
8.939412832260131836e-01
7.742822766304016113e-01
7.398234605789184570e-01
6.563110947608947754e-01
6.812289953231811523e-01
5.862580537796020508e-01
5.045325160026550293e-01
5.195104479789733887e-01
4.769559800624847412e-01
4.794879257678985596e-01
4.099066853523254395e-01
3.504803478717803955e-01
4.071979224681854248e-01
2.813527584075927734e-01
3.852978348731994629e-01
3.426986038684844971e-01
2.909815013408660889e-01
2.802580296993255615e-01
2.786086499691009521e-01
2.862551212310791016e-01
2.479401081800460815e-01
3.004485368728637695e-01
2.094580531120300293e-01
2.576017975807189941e-01
1.776369214057922363e-01
2.208094596862792969e-01
2.324200868606567383e-01
2.807503640651702881e-01
1.832257807254791260e-01
1.371568590402603149e-01
2.375414222478866577e-01
1.250411719083786011e-01
1.130793020129203796e-01
1.756399273872375488e-01
1.590815633535385132e-01
1.050139516592025757e-01
1.494717299938201904e-01
1.381979882717132568e-01
1.417989283800125122e-01
1.360965818166732788e-01
9.582118690013885498e-02
1.468225866556167603e-01
7.938915491104125977e-02
1.444772481918334961e-01
8.063422143459320068e-02
1.894711703062057495e-01
1.326092630624771118e-01
1.359207034111022949e-01
1.308752745389938354e-01
9.824391454458236694e-02
1.321952939033508301e-01
1.303358078002929688e-01
8.452522754669189453e-02
4.187356308102607727e-02
8.826618641614913940e-02
1.115347072482109070e-01
1.064940020442008972e-01
1.031979471445083618e-01
5.747338756918907166e-02
8.055069297552108765e-02
9.533766657114028931e-02
8.153045177459716797e-02
8.470486104488372803e-02
1.485756337642669678e-01
3.717199712991714478e-02
1.229048222303390503e-01
8.520431071519851685e-02
1.250747740268707275e-01
1.458010375499725342e-01
1.222691833972930908e-01
6.170956417918205261e-02
5.882631614804267883e-02
8.066459000110626221e-02
1.063873097300529480e-01
1.098013594746589661e-01
9.962294995784759521e-02
5.940893664956092834e-02
5.512923374772071838e-02
8.580115437507629395e-02
5.194094777107238770e-02
1.001082286238670349e-01
9.030549973249435425e-02
4.604809731245040894e-02
3.357370570302009583e-02
7.132439315319061279e-02
9.005371481180191040e-02
6.469731777906417847e-02
1.628319323062896729e-01
7.963096350431442261e-02
6.221102923154830933e-02
1.094295158982276917e-01
6.679084897041320801e-02
1.189167127013206482e-01
3.310044109821319580e-02
8.873005211353302002e-02
8.908612281084060669e-02
4.844535142183303833e-02
6.698329746723175049e-02
3.879740089178085327e-02
7.462432980537414551e-02
4.996535181999206543e-02
2.759934775531291962e-02
9.045168757438659668e-02
2.229722589254379272e-02
9.951130300760269165e-02
6.274938583374023438e-02
7.835174351930618286e-02
4.519559070467948914e-02
9.789886325597763062e-02
7.114529609680175781e-02
7.813023030757904053e-02
5.817904695868492126e-02
2.459018491208553314e-02
1.387985795736312866e-01
9.601426869630813599e-02
5.105495825409889221e-02
3.918528184294700623e-02
7.360081374645233154e-02
2.256010286509990692e-02
4.506564140319824219e-02
3.350922465324401855e-02
4.361621290445327759e-02
8.389620482921600342e-02
7.003603130578994751e-02
5.930689349770545959e-02
4.988363012671470642e-02
7.908483594655990601e-02
3.538485616445541382e-02
5.704623833298683167e-02
2.592724747955799103e-02
7.489251345396041870e-02
3.927783295512199402e-02
2.479512430727481842e-02
2.104936726391315460e-02
5.705133825540542603e-02
6.163486465811729431e-02
2.371093258261680603e-02
4.944362863898277283e-02
5.181536078453063965e-02
1.884702220559120178e-02
5.526563525199890137e-02
1.066475659608840942e-01
3.154721111059188843e-02
2.394857443869113922e-02
6.756998598575592041e-02
2.498482167720794678e-02
6.868354231119155884e-02
7.701276242733001709e-02
2.650689147412776947e-02
2.618542872369289398e-02
3.580315783619880676e-02
2.070454880595207214e-02
3.269347921013832092e-02
5.746319144964218140e-02
4.601772874593734741e-02
4.715771973133087158e-02
6.436462700366973877e-02
2.548352815210819244e-02
6.951240450143814087e-02
7.613373547792434692e-02
3.465032204985618591e-02
7.457626610994338989e-02
9.776196628808975220e-02
1.834109984338283539e-02
3.360142186284065247e-02
9.244521707296371460e-02
4.452069848775863647e-02
7.112082839012145996e-02
1.002777665853500366e-01
4.082486778497695923e-02
3.876969218254089355e-02
3.067711554467678070e-02
1.433099340647459030e-02
4.708176106214523315e-02
2.783540822565555573e-02
3.919719532132148743e-02
7.150212675333023071e-02
5.183577165007591248e-02
3.918618336319923401e-02
2.050682343542575836e-02
6.889579445123672485e-02
1.192313060164451599e-01
6.728237122297286987e-02
1.008110344409942627e-01
2.064407244324684143e-02
1.043833326548337936e-02
2.781501784920692444e-02
1.598898693919181824e-02
3.172462806105613708e-02
2.701466716825962067e-02
2.565106377005577087e-02
2.047413773834705353e-02
4.772288352251052856e-02
4.993489384651184082e-02
1.719444058835506439e-02
1.131162866950035095e-01
4.723427072167396545e-02
1.814378425478935242e-02
5.302326753735542297e-02
1.907656155526638031e-02
3.025316633284091949e-02
2.600173838436603546e-02
8.694721013307571411e-02
5.030310153961181641e-02
2.546801418066024780e-02
4.200440645217895508e-02
4.290861636400222778e-02
2.085391245782375336e-02
3.464821353554725647e-02
9.710859507322311401e-03
1.032824348658323288e-02
5.002201721072196960e-02
2.932423539459705353e-02
5.094783008098602295e-02
3.675405681133270264e-02
2.985585108399391174e-02
3.891611471772193909e-02
2.672693878412246704e-02
5.923463404178619385e-02
6.297677010297775269e-02
2.014166861772537231e-02
4.187267273664474487e-02
1.580199413001537323e-02
3.735539317131042480e-02
3.445843234658241272e-02
4.774826020002365112e-02
3.449603170156478882e-02
1.382805500179529190e-02
7.963789626955986023e-03
6.588658690452575684e-02
4.884469136595726013e-02
4.219766706228256226e-02
4.129894077777862549e-03
3.522214666008949280e-02
2.357670851051807404e-02
4.552546888589859009e-02
3.201885521411895752e-02
4.388177767395973206e-02
1.021539885550737381e-02
3.756595030426979065e-02
1.117998734116554260e-02
4.188426211476325989e-02
4.274674504995346069e-02
4.820102453231811523e-02
1.623761467635631561e-02
1.607352867722511292e-02
4.526338726282119751e-02
3.748743981122970581e-02
3.382075950503349304e-02
2.990291081368923187e-02
9.177002124488353729e-03
2.962357737123966217e-02
3.827357292175292969e-02
4.287735000252723694e-02
6.622412055730819702e-02
2.367786318063735962e-02
3.590818122029304504e-02
1.468253415077924728e-02
3.568913787603378296e-02
5.257421173155307770e-03
8.002094179391860962e-02
1.830850914120674133e-02
4.726307094097137451e-02
9.286813437938690186e-03
2.491070888936519623e-02
1.563774794340133667e-02
5.331002548336982727e-02
1.248665899038314819e-02
5.480427294969558716e-02
4.704387858510017395e-02
8.933452889323234558e-03
2.258475683629512787e-02
4.644640907645225525e-02
4.515614360570907593e-02
1.096109487116336823e-02
3.147038817405700684e-02
3.082773275673389435e-02
4.417440295219421387e-02
3.597692772746086121e-02
2.361122518777847290e-02
3.863792493939399719e-02
3.598315268754959106e-02
6.924731284379959106e-02
3.230585530400276184e-02
4.148450866341590881e-02
3.309789299964904785e-02
1.312962919473648071e-02
2.647948823869228363e-02
2.412633970379829407e-02
1.374539453536272049e-02
3.724706545472145081e-02
2.588435448706150055e-02
4.118892922997474670e-02
9.640449658036231995e-03
6.660589016973972321e-03
2.415720000863075256e-02
1.000168640166521072e-02
2.547037415206432343e-02
1.067217532545328140e-02
1.554707065224647522e-02
3.116531670093536377e-02
2.297028712928295135e-02
8.477230370044708252e-02
3.580034896731376648e-02
1.448208186775445938e-02
7.856671698391437531e-03
3.933202475309371948e-03
2.342222258448600769e-02
8.503902703523635864e-02
1.740395464003086090e-02
4.318178631365299225e-03
2.619554474949836731e-02
2.370051480829715729e-02
5.584693327546119690e-02
5.958725232630968094e-03
4.684261977672576904e-02
4.169457405805587769e-02
4.003332927823066711e-03
2.946531958878040314e-02
2.842386625707149506e-02
4.680369421839714050e-02
1.524663250893354416e-02
4.297434817999601364e-03
7.807466387748718262e-02
7.130876928567886353e-02
1.820969581604003906e-02
2.352496609091758728e-02
8.139753341674804688e-02
8.090796880424022675e-03
3.129871934652328491e-02
1.922496221959590912e-02
2.935944870114326477e-02
1.424513012170791626e-02
1.433219201862812042e-02
1.863191463053226471e-02
3.363501979038119316e-03
6.288607418537139893e-02
5.558137595653533936e-02
4.858479835093021393e-03
2.040340937674045563e-02
4.412138462066650391e-02
1.680450141429901123e-02
6.292219460010528564e-02
2.214415930211544037e-02
4.968498274683952332e-02
1.552983559668064117e-02
2.341653779149055481e-02
9.614274837076663971e-03
8.792346343398094177e-03
7.165976334363222122e-03
1.971737109124660492e-02
3.274856135249137878e-02
3.501808643341064453e-02
2.622000873088836670e-02
7.864959537982940674e-03
3.084358200430870056e-02
6.176289170980453491e-03
5.247353389859199524e-02
5.171784199774265289e-03
7.900324650108814240e-03
1.783351972699165344e-02
2.071631699800491333e-02
2.267354540526866913e-02
8.149035274982452393e-02
2.493519894778728485e-02
1.711213029921054840e-02
1.889368519186973572e-02
3.123545274138450623e-02
8.951950818300247192e-03
4.335346445441246033e-02
8.513052016496658325e-03
1.760367862880229950e-02
4.277094826102256775e-02
2.705627121031284332e-02
1.545552909374237061e-02
5.540585611015558243e-03
4.644040390849113464e-02
3.732269257307052612e-02
4.491776973009109497e-02
2.342803217470645905e-02
2.215245552361011505e-02
1.376009825617074966e-02
1.700262539088726044e-02
4.222642164677381516e-03
1.369300950318574905e-02
1.539418473839759827e-02
2.064258977770805359e-02
3.814239986240863800e-03
1.892727916128933430e-03
4.983181599527597427e-03
3.737722989171743393e-03
3.663798794150352478e-03
7.065414637327194214e-02
8.631154894828796387e-03
9.639559313654899597e-03
2.533716335892677307e-02
6.158922333270311356e-03
1.416646689176559448e-02
2.539842575788497925e-02
9.762804023921489716e-03
1.011786609888076782e-02
2.385338954627513885e-02
1.623149216175079346e-02
3.320736810564994812e-02
3.735286742448806763e-02
3.378341719508171082e-02
8.125620894134044647e-03
1.507384981960058212e-02
4.265039041638374329e-02
1.961651444435119629e-02
1.113043539226055145e-02
1.866090483963489532e-02
1.622296497225761414e-02
2.119620330631732941e-02
5.384950712323188782e-02
5.194050818681716919e-02
8.480789139866828918e-03
8.599220775067806244e-03
3.882127581164240837e-03
1.833134144544601440e-02
2.860283851623535156e-02
5.788793042302131653e-02
1.619256101548671722e-02
2.243009209632873535e-02
1.403148658573627472e-02
1.241889875382184982e-02
1.748418807983398438e-02
4.253004211932420731e-03
3.571679443120956421e-02
3.441035747528076172e-02
6.149142049252986908e-03
1.853533461689949036e-02
9.829365648329257965e-03
1.033983472734689713e-02
1.498984917998313904e-02
2.545005083084106445e-02
9.263130836188793182e-03
2.646223176270723343e-03
2.325052581727504730e-02
2.934297174215316772e-02
2.454440481960773468e-02
7.389730960130691528e-02
7.600974291563034058e-03
7.543263025581836700e-03
1.635497808456420898e-02
1.792505010962486267e-02
2.571459673345088959e-02
7.919701747596263885e-03
9.261398576200008392e-03
1.782620511949062347e-02
1.638264581561088562e-02
2.282535471022129059e-02
4.381991177797317505e-02
2.611940912902355194e-02
6.162649020552635193e-02
1.946797035634517670e-02
1.428216602653264999e-02
1.280216034501791000e-02
6.244502589106559753e-02
2.426378801465034485e-02
8.694125339388847351e-03
7.548991125077009201e-03
2.109491080045700073e-02
3.443889319896697998e-02
4.577665124088525772e-03
8.778783492743968964e-03
2.337787486612796783e-02
6.474615633487701416e-02
4.031691327691078186e-02
1.378767658025026321e-02
3.048112988471984863e-02
1.324654463678598404e-02
1.266944501549005508e-02
6.827694829553365707e-03
7.973779924213886261e-03
9.487857110798358917e-03
1.391530595719814301e-02
3.293398767709732056e-02
1.375772524625062943e-02
6.592744030058383942e-03
1.667261822149157524e-03
3.247021883726119995e-02
6.410649977624416351e-03
1.574406214058399200e-02
1.278443261981010437e-02
7.782435975968837738e-03
2.064351458102464676e-03
6.052985042333602905e-02
1.156906783580780029e-02
4.944356903433799744e-02
1.000471506267786026e-02
4.145894199609756470e-03
1.945224031805992126e-02
6.578410509973764420e-03
5.817220732569694519e-02
4.904705658555030823e-02
2.476787194609642029e-02
2.352290228009223938e-02
4.942583385854959488e-03
1.142712030559778214e-02
3.109730221331119537e-02
1.311486512422561646e-01
1.090696360915899277e-02
5.114678293466567993e-03
2.342751435935497284e-02
2.426042966544628143e-02
1.582930982112884521e-02
1.191131863743066788e-02
5.644021555781364441e-03
1.385398395359516144e-02
1.951942220330238342e-02
3.129296749830245972e-02
6.813593208789825439e-03
2.381474897265434265e-02
4.095517098903656006e-03
2.939765527844429016e-02
7.848019711673259735e-03
1.867380551993846893e-02
8.171209134161472321e-03
7.133981585502624512e-02
9.258716367185115814e-03
6.513238698244094849e-02
4.916555713862180710e-03
5.509915761649608612e-03
3.091851714998483658e-03
5.927482154220342636e-03
6.047465372830629349e-03
5.829015374183654785e-02
1.040699798613786697e-02
1.857475563883781433e-02
8.044707588851451874e-03
2.301019057631492615e-02
5.966207012534141541e-03
5.432505160570144653e-03
9.460359811782836914e-03
3.919888287782669067e-03
1.392581150867044926e-03
8.632554672658443451e-03
6.232218816876411438e-03
1.561036799103021622e-03
7.578483317047357559e-03
4.415955394506454468e-03
2.139474637806415558e-02
6.077574566006660461e-02
3.404675982892513275e-03
2.144780009984970093e-02
1.258614193648099899e-02
3.626627847552299500e-02
1.658649742603302002e-02
1.735796220600605011e-02
7.395954802632331848e-03
2.623660489916801453e-03
1.804615953005850315e-03
3.219631686806678772e-02
7.127749733626842499e-03
3.145344089716672897e-03
3.189615532755851746e-02
4.482434596866369247e-03
1.213311683386564255e-02
3.389790188521146774e-03
2.379731461405754089e-02
8.636033162474632263e-03
1.078044343739748001e-02
9.307544678449630737e-03
8.557544089853763580e-03
4.171451088041067123e-03
7.021280471235513687e-03
2.975585684180259705e-02
2.154077216982841492e-02
1.620385237038135529e-02
2.615110948681831360e-02
8.095573633909225464e-03
2.263002097606658936e-02
1.300585642457008362e-02
8.277949877083301544e-03
4.549040459096431732e-03
2.181166317313909531e-03
6.906729936599731445e-02
9.448749013245105743e-03
1.278988178819417953e-02
4.690664354711771011e-03
9.089407511055469513e-03
1.410581264644861221e-02
1.310486625880002975e-02
2.602451015263795853e-03
4.383572377264499664e-03
1.021985244005918503e-02
7.078911177814006805e-03
1.115352194756269455e-02
2.898056432604789734e-02
7.459470536559820175e-03
7.638526149094104767e-03
2.906154654920101166e-02
4.864384420216083527e-03
1.007422339171171188e-02
4.892513528466224670e-02
6.930782459676265717e-03
8.196451701223850250e-03
6.653965916484594345e-03
1.934111816808581352e-03
3.279668977484107018e-03
6.641887594014406204e-03
1.281286869198083878e-02
6.363368034362792969e-02
2.606005640700459480e-03
1.775408978573977947e-03
2.938210032880306244e-03
2.025673165917396545e-02
2.932350896298885345e-02
1.196237560361623764e-02
1.481701387092471123e-03
3.984697163105010986e-03
4.782036878168582916e-03
9.353574365377426147e-03
8.787312544882297516e-03
3.775344043970108032e-02
1.870859530754387379e-03
1.187502173706889153e-03
4.896494559943675995e-03
6.154276430606842041e-02
1.275089662522077560e-02
3.994345664978027344e-02
5.731288343667984009e-03
3.821517527103424072e-02
1.294179074466228485e-02
2.106761373579502106e-02
5.860790237784385681e-02
2.115240879356861115e-02
6.741733523085713387e-04
7.945212535560131073e-03
8.098013699054718018e-03
5.085381865501403809e-02
1.764780282974243164e-02
8.564150333404541016e-02
2.345810458064079285e-02
4.806995391845703125e-03
3.053131327033042908e-02
7.847361266613006592e-03
4.267405252903699875e-03
8.860069327056407928e-03
2.380471117794513702e-02
4.724802449345588684e-03
1.004049740731716156e-02
8.957086130976676941e-03
6.388581357896327972e-03
1.225518342107534409e-02
4.466509912163019180e-03
5.301301833242177963e-03
1.779451384209096432e-03
6.536333356052637100e-03
1.373949367552995682e-02
3.291257889941334724e-03
2.068700734525918961e-03
2.855705330148339272e-03
6.377473007887601852e-03
6.004535593092441559e-03
3.117213025689125061e-02
3.028895519673824310e-02
3.081006463617086411e-03
3.760548308491706848e-02
1.132244896143674850e-02
2.322215773165225983e-02
4.172635078430175781e-02
3.213526308536529541e-02
5.929440725594758987e-03
2.204006304964423180e-03
5.534931086003780365e-03
5.529746413230895996e-03
6.757208146154880524e-03
4.041777178645133972e-02
1.326174102723598480e-02
4.916866775602102280e-03
5.020091310143470764e-02
3.185165347531437874e-03
1.881079631857573986e-03
1.716225221753120422e-02
6.446710787713527679e-03
7.546584121882915497e-03
7.587457075715065002e-03
1.049873605370521545e-02
1.584927178919315338e-02
9.432070888578891754e-03
1.580345095135271549e-03
4.576141480356454849e-03
1.002577715553343296e-03
5.471179727464914322e-03
8.022739551961421967e-03
3.619975876063108444e-03
5.857778713107109070e-02
2.947130799293518066e-02
6.725152023136615753e-03
1.707917265594005585e-02
4.227900132536888123e-02
1.867784420028328896e-03
9.438658133149147034e-03
1.253498811274766922e-02
8.700086735188961029e-03
2.027187496423721313e-02
8.958608843386173248e-03
1.190946553833782673e-03
3.406108822673559189e-03
1.863882131874561310e-02
1.450733933597803116e-02
1.376919634640216827e-02
1.570360269397497177e-03
8.276073262095451355e-03
3.804045263677835464e-03
8.834238396957516670e-04
1.425268407911062241e-02
5.521358922123908997e-03
5.222025327384471893e-03
9.157614782452583313e-03
3.175997640937566757e-03
1.052872557193040848e-02
1.033956184983253479e-03
4.140227660536766052e-02
2.481371397152543068e-03
4.372584167867898941e-03
4.386700689792633057e-03
3.349340287968516350e-03
3.115056641399860382e-02
1.389243081212043762e-02
9.180195629596710205e-03
4.480998497456312180e-03
5.382071249186992645e-03
2.117223804816603661e-03
9.404497686773538589e-04
5.842188838869333267e-03
5.624233279377222061e-03
2.567284507676959038e-03
1.421399647369980812e-03
5.293167196214199066e-03
4.790128674358129501e-03
9.057154878973960876e-03
4.954750649631023407e-03
3.976745996624231339e-03
2.770661376416683197e-03
1.377820037305355072e-03
4.151244182139635086e-03
8.823718875646591187e-03
1.236000284552574158e-02
1.124624442309141159e-02
1.433777040801942348e-03
2.936127362772822380e-03
1.124202553182840347e-02
4.177463240921497345e-03
2.028703503310680389e-02
1.606772840023040771e-02
5.127897951751947403e-03
1.088889408856630325e-02
7.781772874295711517e-03
3.058214206248521805e-03
1.357807032763957977e-02
1.001276448369026184e-02
1.330503029748797417e-03
4.894943442195653915e-03
4.535390064120292664e-03
2.743797190487384796e-02
2.419500797986984253e-02
2.490113023668527603e-03
4.523468203842639923e-03
2.378783933818340302e-02
1.075205625966191292e-03
4.752381239086389542e-03
5.407322663813829422e-03
6.444566883146762848e-03
2.620861865580081940e-03
3.277829382568597794e-03
1.009315438568592072e-02
8.782382356002926826e-04
2.493299916386604309e-02
1.436446234583854675e-02
1.105621922761201859e-03
1.994103565812110901e-02
1.318776793777942657e-02
9.640051983296871185e-03
7.384461909532546997e-02
3.915268927812576294e-02
3.522268729284405708e-03
2.638610079884529114e-02
1.455629244446754456e-03
2.418855018913745880e-02
1.726229302585124969e-02
1.994361355900764465e-02
4.575458355247974396e-03
2.899853512644767761e-03
1.302921446040272713e-03
6.714080274105072021e-02
1.968561671674251556e-02
5.151111260056495667e-02
1.017157733440399170e-02
6.318409461528062820e-03
3.362582530826330185e-03
3.467968106269836426e-02
4.189344123005867004e-02
1.799606345593929291e-02
4.427244421094655991e-03
1.150167454034090042e-02
4.358381032943725586e-03
2.041660249233245850e-02
4.532977938652038574e-03
2.580763399600982666e-02
1.111355982720851898e-02
4.978570155799388885e-03
1.557202450931072235e-02
7.212196011096239090e-03
3.929760772734880447e-03
7.656867150217294693e-03
3.711195429787039757e-03
1.641682116314768791e-03
4.763056058436632156e-03
3.183338092640042305e-03
3.179894527420401573e-03
9.056830313056707382e-04
1.340444851666688919e-02
1.475559780374169350e-03
3.263234393671154976e-03
3.064516466110944748e-03
4.877638071775436401e-03
1.719707623124122620e-02
6.957292091101408005e-03
2.671045251190662384e-03
3.758267499506473541e-03
4.186745733022689819e-03
5.115629173815250397e-03
1.834232010878622532e-03
1.642208173871040344e-02
2.674213843420147896e-03
2.781638642773032188e-03
6.307013332843780518e-03
7.822030782699584961e-02
9.313184767961502075e-03
2.019622130319476128e-03
2.163953846320509911e-03
4.542055539786815643e-03
4.807254299521446228e-03
2.110736817121505737e-02
8.995074778795242310e-03
1.094541698694229126e-02
1.027697976678609848e-02
1.951496349647641182e-03
4.272840917110443115e-03
1.608629710972309113e-02
3.076719120144844055e-02
3.194181248545646667e-03
7.973956875503063202e-03
1.294749672524631023e-03
1.625377684831619263e-02
5.691800266504287720e-03
3.050582110881805420e-02
1.537565514445304871e-02
1.688761985860764980e-03
8.107353001832962036e-03
3.836128860712051392e-03
2.012300072237849236e-03
3.451436758041381836e-02
2.548536984249949455e-03
5.966553930193185806e-03
7.828024681657552719e-04
2.454735571518540382e-03
2.144665643572807312e-02
5.289004370570182800e-02
1.951339468359947205e-02
1.906424388289451599e-02
2.612002659589052200e-03
1.667143078520894051e-03
2.261954592540860176e-03
3.009399399161338806e-03
7.432034704834222794e-03
5.277365911751985550e-03
1.105014700442552567e-02
7.550020818598568439e-04
1.320657879114151001e-02
4.906165413558483124e-03
1.952151209115982056e-02
8.415361517108976841e-04
6.427153944969177246e-03
1.218536868691444397e-03
1.863063080236315727e-03
5.172980483621358871e-03
2.566803712397813797e-03
2.426102524623274803e-03
9.158134460449218750e-03
1.918845064938068390e-02
2.411044947803020477e-02
1.275463588535785675e-02
1.415605936199426651e-02
1.636035507544875145e-03
2.244489267468452454e-03
1.332833897322416306e-02
1.655291765928268433e-03
7.688301149755716324e-03
1.493125408887863159e-02
6.444198638200759888e-02
2.873479155823588371e-03
1.294466201215982437e-02
8.087157271802425385e-03
1.601854898035526276e-02
1.743263192474842072e-02
2.704890444874763489e-03
1.058811973780393600e-02
1.179030723869800568e-02
1.800256222486495972e-02
2.293688990175724030e-02
1.498997956514358521e-02
2.442151540890336037e-03
2.688778378069400787e-02
1.497005927376449108e-03
1.937054796144366264e-03
7.273227907717227936e-03
1.684273709543049335e-03
2.967198379337787628e-03
2.227119868621230125e-03
5.434880498796701431e-03
1.018964103423058987e-03
2.701042965054512024e-02
6.095957476645708084e-03
8.498660172335803509e-04
3.175060963258147240e-03
8.918312378227710724e-04
2.578401006758213043e-03
3.982278576586395502e-04
9.955447167158126831e-03
4.064287990331649780e-03
6.933094933629035950e-03
1.025472651235759258e-03
1.980622997507452965e-03
7.765862159430980682e-03
2.266907505691051483e-02
3.645419492386281490e-04
1.537443138659000397e-02
2.875185944139957428e-02
2.529415301978588104e-03
1.496758963912725449e-02
8.943643770180642605e-04
3.788059810176491737e-03
4.925444722175598145e-03
3.366785356774926186e-03
3.951224964112043381e-03
4.266154486685991287e-03
4.732693079859018326e-03
2.009064331650733948e-02
1.022600289434194565e-02
3.669355064630508423e-03
2.783270552754402161e-03
1.646282384172081947e-03
5.507663823664188385e-03
6.425416213460266590e-04
8.490347303450107574e-03
1.422299537807703018e-03
8.418757468461990356e-02
2.338749356567859650e-03
6.991559173911809921e-03
4.440349061042070389e-03
6.771460175514221191e-03
1.069431426003575325e-03
1.445098593831062317e-02
1.667209528386592865e-02
9.242033702321350574e-04
1.441178563982248306e-02
2.184838056564331055e-03
1.646687090396881104e-02
3.581915050745010376e-03
3.034635679796338081e-03
1.169909257441759109e-02
6.036666687577962875e-03
2.107310807332396507e-03
1.704530208371579647e-03
6.173188798129558563e-03
7.821219973266124725e-03
5.436074919998645782e-03
1.182183437049388885e-02
1.130766817368566990e-03
5.939437076449394226e-03
2.469196915626525879e-03
3.451092913746833801e-02
2.501600421965122223e-03
7.715017418377101421e-04
2.429114421829581261e-03
2.193110994994640350e-03
3.195108100771903992e-02
4.146327823400497437e-02
2.973393071442842484e-03
1.390504068695008755e-03
1.593194715678691864e-02
8.477199007757008076e-04
2.787938900291919708e-02
2.094710059463977814e-02
1.392219448462128639e-03
1.167190726846456528e-03
2.537086373195052147e-03
4.450369626283645630e-03
1.186598464846611023e-02
6.994532793760299683e-02
1.191982417367398739e-03
3.860367694869637489e-03
9.019965073093771935e-04
1.892305724322795868e-02
1.114608137868344784e-03
3.980781883001327515e-02
4.900597035884857178e-03
1.436549238860607147e-02
1.319325901567935944e-02
1.122374669648706913e-03
2.699047327041625977e-02
1.510964930057525635e-01
4.333885735832154751e-04
4.386357590556144714e-02
1.585431024432182312e-02
7.364290207624435425e-02
1.386011112481355667e-02
7.661479711532592773e-02
5.857890937477350235e-03
3.196994075551629066e-03
9.665126912295818329e-03
1.773753762245178223e-02
2.180447615683078766e-02
1.465909834951162338e-02
2.038554986938834190e-03
2.142015844583511353e-03
1.735948584973812103e-02
1.760108629241585732e-03
1.423218753188848495e-02
1.081717433407902718e-03
7.283941376954317093e-04
8.820524672046303749e-04
9.500089217908680439e-04
5.844694678671658039e-04
3.399077570065855980e-03
3.209179732948541641e-03
3.065180964767932892e-02
6.299156229943037033e-04
4.520161543041467667e-03
2.558614686131477356e-02
9.005253086797893047e-04
3.667844925075769424e-03
1.893206848762929440e-03
1.408992684446275234e-03
6.613681092858314514e-03
2.535696607083082199e-03
2.465811744332313538e-02
2.817031461745500565e-03
1.013879384845495224e-02
9.885749313980340958e-04
6.854917854070663452e-03
1.052326150238513947e-02
5.517232231795787811e-03
6.802372634410858154e-03
1.449474017135798931e-03
6.322846747934818268e-03
2.356059150770306587e-03
3.869595704600214958e-03
5.372611922211945057e-04
1.080025918781757355e-02
3.689674660563468933e-03
2.139450516551733017e-03
2.169974148273468018e-03
5.346997641026973724e-04
2.118499716743826866e-03
1.011581858620047569e-03
2.588317729532718658e-02
2.442401833832263947e-03
9.387847967445850372e-03
2.604077802971005440e-03
8.415648713707923889e-03
5.309391394257545471e-02
7.495699683204293251e-04
5.255242809653282166e-03
2.903283340856432915e-03
5.956714507192373276e-03
1.732578617520630360e-03
1.013414375483989716e-02
1.599612995050847530e-03
1.652686041779816151e-03
8.029072778299450874e-04
9.475955739617347717e-03
8.067639544606208801e-03
3.243999928236007690e-02
8.392102899961173534e-04
1.339345704764127731e-03
3.860049648210406303e-03
1.121864281594753265e-02
9.834036463871598244e-04
3.725031390786170959e-03
6.084420252591371536e-03
3.766347467899322510e-02
2.376975025981664658e-03
3.105544717982411385e-03
6.145192310214042664e-04
4.589335061609745026e-03
6.327340845018625259e-03
2.201437950134277344e-03
1.117293140850961208e-03
9.122415212914347649e-04
2.767818281427025795e-03
3.363230451941490173e-02
1.541250734589993954e-03
1.572157372720539570e-03
1.994875259697437286e-03
2.486637793481349945e-03
2.432661596685647964e-03
1.192444190382957458e-02
3.612662479281425476e-02
3.567756619304418564e-03
3.282840829342603683e-03
5.189669784158468246e-03
1.305228215642273426e-03
6.606545299291610718e-02
1.190124545246362686e-03
2.798364963382482529e-03
5.691012833267450333e-03
1.542831305414438248e-03
9.415371343493461609e-03
2.146647684276103973e-02
9.099912713281810284e-04
1.448205020278692245e-02
2.055875491350889206e-03
6.077235098928213120e-03
2.472477965056896210e-03
1.290538348257541656e-02
1.232775626704096794e-03
1.052139699459075928e-02
7.325368933379650116e-04
5.435855593532323837e-03
2.641585422679781914e-03
3.227944253012537956e-03
1.011228188872337341e-03
4.639825783669948578e-03
4.754975438117980957e-03
1.610014354810118675e-03
2.346917055547237396e-03
2.846405841410160065e-02
4.276038613170385361e-03
6.947019137442111969e-03
2.208484103903174400e-03
5.979437846690416336e-04
1.775015518069267273e-02
4.684505052864551544e-03
5.762818036600947380e-04
2.830485254526138306e-02
3.274822980165481567e-02
4.837212909478694201e-04
4.767173901200294495e-03
1.723334938287734985e-02
1.320634502917528152e-03
7.297624368220567703e-03
1.389619079418480396e-03
6.079434417188167572e-03
5.532299634069204330e-03
6.930975615978240967e-02
1.625578291714191437e-02
1.590870786458253860e-03
5.009351763874292374e-03
3.463239874690771103e-03
2.357045933604240417e-02
4.474788904190063477e-02
1.662248978391289711e-03
7.781607564538717270e-03
3.911770880222320557e-03
1.342330942861735821e-03
2.756409347057342529e-02
1.433566305786371231e-02
1.305359415709972382e-03
2.067569643259048462e-03
2.185693383216857910e-02
2.302328124642372131e-02
7.027208339422941208e-04
3.035947680473327637e-03
7.539931102655827999e-04
9.658685885369777679e-03
2.163265086710453033e-02
1.182724628597497940e-02
7.792434655129909515e-03
3.183031221851706505e-03
1.442563952878117561e-03
7.013692986220121384e-03
3.922405093908309937e-02
1.374333444982767105e-02
6.507125217467546463e-04
9.049627929925918579e-03
5.347492406144738197e-04
1.233345828950405121e-02
6.718455348163843155e-03
1.046050456352531910e-03
1.214730460196733475e-02
1.705127395689487457e-02
1.458111568354070187e-03
5.097650573588907719e-04
1.007259823381900787e-02
2.806319622322916985e-03
9.344500489532947540e-03
2.374803647398948669e-03
9.707732126116752625e-03
1.926107890903949738e-02
4.681039426941424608e-04
9.480289882048964500e-04
7.423035567626357079e-04
3.466544440016150475e-04
5.832819733768701553e-03
1.209460315294563770e-03
3.349741687998175621e-03
2.437361516058444977e-03
1.818269025534391403e-03
2.046418143436312675e-03
6.717192474752664566e-03
5.848316359333693981e-04
9.505567140877246857e-04
3.650466678664088249e-03
5.435399361886084080e-04
3.020227304659783840e-04
2.011904958635568619e-03
3.452900797128677368e-03
4.235129745211452246e-04
2.137261210009455681e-03
2.365681342780590057e-03
1.006406964734196663e-03
5.876001436263322830e-03
2.753561129793524742e-03
9.210661984980106354e-03
6.050218828022480011e-03
8.352710865437984467e-04
2.099231118336319923e-03
1.380549650639295578e-02
1.367061119526624680e-02
5.828914698213338852e-03
5.524817388504743576e-03
1.417222525924444199e-02
2.457057358697056770e-03
7.646011654287576675e-04
3.534367773681879044e-03
3.740292740985751152e-03
5.151271820068359375e-03
2.072351519018411636e-03
1.640428090468049049e-03
3.631758270785212517e-03
2.740425057709217072e-03
1.137712388299405575e-03
8.180779987014830112e-04
3.661045059561729431e-02
4.325340967625379562e-03
1.833822811022400856e-03
2.223607711493968964e-02
1.334924716502428055e-02
2.970891771838068962e-03
1.134057529270648956e-02
2.301864791661500931e-03
5.695049185305833817e-03
1.959025394171476364e-03
1.720375730656087399e-03
2.806732431054115295e-03
2.779833157546818256e-04
7.328199571929872036e-04
1.928391749970614910e-03
1.337058935314416885e-02
6.607532501220703125e-03
2.751333173364400864e-03
4.376905562821775675e-04
1.259024138562381268e-03
1.437879167497158051e-02
6.605881499126553535e-04
4.217905458062887192e-03
5.794364027678966522e-03
2.150653628632426262e-03
8.997997501865029335e-04
1.748933573253452778e-03
1.494587119668722153e-02
5.180768668651580811e-03
4.839151632040739059e-03
5.246075801551342010e-03
5.053320527076721191e-02
1.242329599335789680e-03
6.595074199140071869e-03
3.371551400050520897e-03
8.157392032444477081e-03
1.736284350045025349e-03
4.144966660533100367e-04
1.814490882679820061e-03
1.890548504889011383e-03
8.841085946187376976e-04
6.456784321926534176e-04
3.241988306399434805e-04
1.692033000290393829e-02
6.990113179199397564e-04
1.336667593568563461e-02
6.551308557391166687e-03
4.795443965122103691e-04
1.401265896856784821e-02
2.141858916729688644e-03
7.895954768173396587e-04
9.369884617626667023e-03
9.204442612826824188e-03
1.636016555130481720e-02
4.037728067487478256e-03
1.773803960531949997e-03
1.155626494437456131e-03
2.437075041234493256e-02
8.888933807611465454e-03
1.956494152545928955e-02
3.198807826265692711e-03
7.100278045982122421e-03
2.125499537214636803e-03
4.879938787780702114e-04
1.686391886323690414e-03
8.820026414468884468e-04
5.491466727107763290e-03
1.703120418824255466e-03
4.404156468808650970e-03
1.415042439475655556e-03
1.374022453092038631e-03
9.887712076306343079e-04
4.056023433804512024e-03
6.172182038426399231e-04
7.592916488647460938e-03
2.447742037475109100e-02
1.071343198418617249e-03
5.057885777205228806e-03
3.844330087304115295e-03
4.436688963323831558e-03
8.686124347150325775e-04
5.794211174361407757e-04
1.008982956409454346e-02
1.680387882515788078e-03
1.891548861749470234e-03
6.561731453984975815e-03
2.259931527078151703e-03
7.840472273528575897e-03
7.520841900259256363e-03
6.860517896711826324e-03
1.492475625127553940e-03
1.648511621169745922e-03
6.459895521402359009e-03
4.053082317113876343e-03
7.418935419991612434e-04
1.136332377791404724e-02
2.131825080141425133e-03
1.729297218844294548e-03
1.289931591600179672e-03
1.083662640303373337e-02
1.424025278538465500e-03
4.232574719935655594e-03
2.683443482965230942e-03
2.822533948346972466e-03
1.970508368685841560e-03
2.664821455255150795e-03
1.995430095121264458e-03
8.162015583366155624e-04
1.100501627661287785e-03
3.298339433968067169e-03
7.469236152246594429e-04
4.483636294025927782e-04
4.576770588755607605e-03
3.669081954285502434e-03
1.115558785386383533e-03
1.727466937154531479e-03
3.526528133079409599e-03
8.717277669347822666e-04
4.148977808654308319e-03
3.102657850831747055e-03
4.487617698032408953e-04
6.159791722893714905e-03
2.369642024859786034e-03
3.047597594559192657e-03
7.531473529525101185e-04
1.825694926083087921e-04
7.518285419791936874e-04
1.182766514830291271e-03
8.149025961756706238e-04
2.442504628561437130e-04
4.600254469551146030e-04
2.240923931822180748e-03
2.980503253638744354e-03
1.476922334404662251e-04
2.686052466742694378e-04
6.958031444810330868e-04
1.739409985020756721e-03
6.736145587638020515e-04
2.540695481002330780e-03
5.008071893826127052e-04
1.393119711428880692e-02
6.696485215798020363e-04
1.040225499309599400e-03
5.206657806411385536e-04
1.912861503660678864e-02
4.617302119731903076e-02
5.762830376625061035e-03
1.210239436477422714e-02
1.288620289415121078e-02
3.359256777912378311e-03
6.038598367013037205e-04
2.360782586038112640e-02
1.399902161210775375e-03
9.582013008184731007e-04
6.125733722001314163e-03
4.961718805134296417e-03
5.274241324514150620e-03
2.104867482557892799e-03
3.689508885145187378e-03
8.742056088522076607e-04
1.068523619323968887e-03
1.035311166197061539e-02
7.727030199021100998e-03
5.191351287066936493e-03
1.346711302176117897e-03
4.612557124346494675e-03
2.254017395898699760e-03
1.329905586317181587e-03
4.385013133287429810e-03
9.008701890707015991e-03
1.406453084200620651e-03
4.085253458470106125e-03
5.602155579254031181e-04
2.151992230210453272e-04
5.121651920489966869e-04
2.113941300194710493e-04
3.387072309851646423e-02
5.367338308133184910e-04
3.862314857542514801e-03
6.409439374692738056e-04
1.465038768947124481e-02
6.744045531377196312e-04
6.320828571915626526e-03
5.374774336814880371e-04
7.409399375319480896e-03
2.839694730937480927e-03
8.646962232887744904e-03
6.812235224060714245e-04
2.794477913994342089e-04
2.280892105773091316e-03
1.978191314265131950e-03
1.165548618882894516e-02
1.408426440320909023e-03
3.204411640763282776e-02
2.722833596635609865e-04
2.434401540085673332e-03
2.135481126606464386e-02
2.427024533972144127e-03
4.177554510533809662e-03
1.271233428269624710e-03
4.863328649662435055e-04
1.338126719929277897e-03
2.212269697338342667e-03
6.960735772736370564e-04
1.249419152736663818e-02
1.483786385506391525e-02
9.417406399734318256e-04
5.738270701840519905e-04
1.714901183731853962e-03
7.708336692303419113e-03
2.631058159749954939e-04
1.349333859980106354e-02
7.317301351577043533e-04
7.343759643845260143e-04
4.051739233545958996e-04
9.783455170691013336e-04
1.100310869514942169e-02
4.672098439186811447e-03
1.291602151468396187e-03
5.766961839981377125e-04
5.703054368495941162e-03
2.369881694903597236e-04
1.233651419170200825e-03
1.765086315572261810e-03
1.376888994127511978e-02
1.285605947487056255e-03
3.754285350441932678e-02
3.185258712619543076e-03
1.004689652472734451e-02
8.919498650357127190e-04
2.370441361563280225e-04
2.614913973957300186e-04
8.556440006941556931e-04
7.325897924602031708e-03
7.436402956955134869e-04
2.463231794536113739e-02
3.798566176556050777e-04
6.451334338635206223e-04
3.821065649390220642e-03
5.245371721684932709e-03
2.229741541668772697e-03
2.813841775059700012e-02
3.488939837552607059e-04
7.567632477730512619e-03
5.993804079480469227e-04
4.767260514199733734e-03
6.683509051799774170e-02
1.964068599045276642e-02
1.161849708296358585e-03
4.505573771893978119e-03
8.462579920887947083e-03
6.192186265252530575e-04
2.920800261199474335e-02
9.139712783508002758e-04
4.324048757553100586e-03
9.791214251890778542e-04
5.128997727297246456e-04
4.967958200722932816e-03
3.196836635470390320e-02
9.821855463087558746e-03
5.659169517457485199e-03
1.288835483137518167e-04
3.237428609281778336e-03
9.519036975689232349e-04
1.485723443329334259e-02
8.431433700025081635e-03
2.746643871068954468e-02
2.852855250239372253e-03
9.249307913705706596e-04
9.292314643971621990e-04
2.247296506538987160e-03
2.661911956965923309e-02
1.038542296737432480e-02
3.956639266107231379e-04
1.644329284317791462e-03
7.804721128195524216e-03
4.804409109055995941e-03
2.826769836246967316e-02
1.287998282350599766e-03
3.405873198062181473e-03
1.666343421675264835e-03
2.121230401098728180e-02
2.152411267161369324e-03
1.855674781836569309e-03
9.831833885982632637e-04
2.836248278617858887e-02
3.529741195961833000e-03
1.846275757998228073e-03
5.949574406258761883e-04
1.840082928538322449e-03
2.859342843294143677e-02
2.266810974106192589e-03
3.139968030154705048e-04
8.766731480136513710e-04
5.659781163558363914e-04
3.700837027281522751e-03
3.602365730330348015e-03
2.609075745567679405e-03
1.583870325703173876e-04
4.812707193195819855e-03
1.939800567924976349e-02
3.412092337384819984e-03
2.555618761107325554e-03
1.010686974041163921e-03
2.856913488358259201e-03
2.419221680611371994e-03
6.640685256570577621e-03
2.599393017590045929e-03
1.201886218041181564e-03
1.341779367066919804e-03
8.880138630047440529e-04
9.513822733424603939e-04
1.869862666353583336e-03
7.259240373969078064e-04
5.834141047671437263e-04
1.708698458969593048e-03
1.467720372602343559e-03
6.124614737927913666e-04
9.121442213654518127e-03
1.479521160945296288e-03
4.093337804079055786e-03
3.516632830724120140e-03
1.523293904028832912e-03
5.427719443105161190e-04
3.153949510306119919e-03
5.093704443424940109e-03
6.757898954674601555e-04
4.154900088906288147e-03
2.584695466794073582e-04
2.388117864029482007e-04
1.595964306034147739e-03
1.329421764239668846e-03
1.129811047576367855e-03
6.929447874426841736e-03
8.894801139831542969e-04
1.846774481236934662e-02
1.114088576287031174e-03
9.427520562894642353e-04
1.497980859130620956e-02
1.138599473051726818e-03
2.873083343729376793e-03
1.137483399361371994e-03
1.182848936878144741e-03
1.218159683048725128e-03
3.865020349621772766e-02
5.546133616007864475e-04
2.046990673989057541e-03
5.933843785896897316e-04
6.749745458364486694e-03
1.800694037228822708e-03
1.125426264479756355e-03
2.328578149899840355e-03
2.360042184591293335e-03
2.267206000396981835e-04
1.977062085643410683e-03
6.709878332912921906e-03
3.183665126562118530e-02
1.558620482683181763e-03
3.922070376574993134e-03
5.193409044295549393e-03
1.499843900091946125e-03
1.309256907552480698e-02
6.560951936990022659e-03
4.689255263656377792e-03
9.212305303663015366e-04
1.665497571229934692e-02
5.123824346810579300e-03
2.512850426137447357e-02
2.629091264680027962e-03
1.134103746153414249e-03
6.796911358833312988e-03
1.640512724407017231e-03
1.622955751372501254e-04
1.178761594928801060e-03
1.127318479120731354e-03
3.887287108227610588e-03
3.875898837577551603e-04
8.910321630537509918e-04
3.606018377467989922e-03
6.807285826653242111e-03
1.735284342430531979e-03
4.176535177975893021e-03
9.604674996808171272e-04
9.154871106147766113e-03
7.618267554789781570e-03
1.828146632760763168e-03
5.886470316909253597e-04
1.647512079216539860e-03
2.744101174175739288e-02
4.342315660323947668e-04
1.053424901328980923e-03
1.225603744387626648e-03
8.982241852208971977e-04
1.635795808397233486e-03
8.840034133754670620e-04
3.799932543188333511e-03
2.341543731745332479e-04
4.661431303247809410e-04
3.804187290370464325e-03
1.123448251746594906e-03
5.055079702287912369e-03
6.610971759073436260e-04
1.350108650512993336e-03
4.857001185882836580e-04
1.997713989112526178e-04
2.248858945677056909e-04
8.214412955567240715e-04
4.607991140801459551e-04
4.202919371891766787e-04
6.531583494506776333e-04
4.466427490115165710e-03
8.981061400845646858e-04
5.200860905461013317e-04
1.591342035681009293e-03
1.903308555483818054e-03
1.769627910107374191e-03
1.431985106319189072e-02
2.636770950630307198e-04
5.364295095205307007e-03
1.749271759763360023e-03
1.016244944185018539e-02
8.242195472121238708e-03
1.047398545779287815e-03
1.278165436815470457e-04
6.382278632372617722e-03
1.620390452444553375e-03
2.184187527745962143e-03
2.453551394864916801e-03
2.829071832820773125e-03
8.788853883743286133e-04
2.302643377333879471e-03
8.578851120546460152e-04
2.913529751822352409e-04
5.919492105022072792e-04
1.176938647404313087e-03
1.635343651287257671e-03
4.808407276868820190e-03
2.212627418339252472e-02
2.332909207325428724e-04
3.252195892855525017e-04
3.692846745252609253e-03
1.093983463943004608e-02
1.078621950000524521e-02
5.252808914519846439e-04
1.542465470265597105e-04
9.251378476619720459e-02
1.275814604014158249e-03
1.002099737524986267e-02
4.672418348491191864e-03
1.988465897738933563e-03
1.586477272212505341e-02
5.401822738349437714e-03
9.250806178897619247e-04
1.831278350437059999e-04
1.284484635107219219e-03
3.077345434576272964e-03
4.205458797514438629e-03
5.117289838381111622e-04
1.809123205021023750e-03
1.347960811108350754e-02
2.745123347267508507e-03
2.670980175025761127e-04
2.390927838860079646e-04
2.247071126475930214e-03
1.670385536272078753e-04
6.812464562244713306e-04
1.013935077935457230e-02
6.774984765797853470e-03
1.674425229430198669e-02
2.925670938566327095e-03
7.369793020188808441e-04
1.892870350275188684e-04
8.595922845415771008e-04
1.157084945589303970e-03
3.529655514284968376e-03
7.533495314419269562e-03
2.116385847330093384e-03
1.352328341454267502e-03
1.664612325839698315e-03
9.848845656961202621e-04
1.038479735143482685e-03
1.830211491324007511e-03
2.126661827787756920e-03
5.921349395066499710e-03
3.172358032315969467e-03
2.241832553409039974e-04
1.612809865036979318e-04
7.295014220289885998e-04
1.257096300832927227e-03
4.433352500200271606e-03
6.610944401472806931e-04
5.185688496567308903e-04
2.982250181958079338e-03
2.420696197077631950e-03
9.131203987635672092e-04
2.020450308918952942e-03
3.024023957550525665e-02
4.622303531505167484e-04
3.480656014289706945e-04
1.870751031674444675e-03
4.418634343892335892e-04
4.424015060067176819e-03
1.673482125625014305e-03
3.385922871530056000e-03
8.248301222920417786e-03
4.724917467683553696e-03
2.820714376866817474e-03
6.627289694733917713e-04
7.083264179527759552e-03
5.120381247252225876e-04
1.103961491025984287e-03
5.073421634733676910e-04
2.707310777623206377e-04
9.232431184500455856e-04
2.888629445806145668e-03
5.294602829962968826e-03
7.052661967463791370e-04
9.475332917645573616e-04
1.460713893175125122e-02
5.487204762175679207e-04
2.152648958144709468e-04
1.929129241034388542e-03
4.055459576193243265e-04
1.931410079123452306e-04
2.821715315803885460e-04
1.289737061597406864e-03
2.172028471250087023e-04
3.846449835691601038e-04
9.566348977386951447e-03
2.554263337515294552e-04
3.046906786039471626e-04
2.842834964394569397e-02
1.399669144302606583e-02
3.468345617875456810e-03
1.421424094587564468e-03
1.872058771550655365e-02
1.236253301613032818e-04
2.274465514346957207e-03
1.081423182040452957e-02
3.947960678488016129e-03
4.977412521839141846e-03
8.190042339265346527e-03
6.092444993555545807e-03
4.184615972917526960e-04
5.094634834676980972e-04
4.372526891529560089e-03
9.439267450943589211e-04
7.554141338914632797e-04
5.781704676337540150e-04
3.219820209778845310e-04
3.808033652603626251e-04
2.667926019057631493e-03
5.650266073644161224e-03
1.546778366900980473e-03
9.909743443131446838e-03
3.626066725701093674e-03
9.724298724904656410e-04
7.075286470353603363e-03
1.232942380011081696e-02
7.969599100761115551e-04
8.359889034181833267e-04
5.581239238381385803e-04
3.852576192002743483e-04
7.613394409418106079e-04
2.915743098128587008e-04
5.536173703148961067e-04
3.614663332700729370e-02
3.759523096960037947e-04
2.345848333789035678e-04
2.982991002500057220e-02
9.708198485895991325e-04
2.439915761351585388e-02
2.075545489788055420e-04
2.355934120714664459e-03
2.232940401881933212e-03
1.210650894790887833e-03
1.340532768517732620e-02
1.170091214589774609e-03
4.415161383803933859e-04
2.667699754238128662e-02
2.065218053758144379e-03
2.585290372371673584e-02
3.003168094437569380e-04
5.328895640559494495e-04
1.393810031004250050e-03
2.899195300415158272e-03
1.056869863532483578e-03
3.176133381202816963e-03
2.633718028664588928e-02
3.125753626227378845e-02
1.308825012529268861e-04
1.786446315236389637e-03
2.774104475975036621e-03
2.806774340569972992e-02
1.712417230010032654e-02
6.948456168174743652e-02
4.471680149435997009e-04
6.525397766381502151e-04
9.041082230396568775e-04
7.428561220876872540e-04
3.026915015652775764e-03
1.975405728444457054e-03
6.058541475795209408e-04
1.129090320318937302e-03
9.501305175945162773e-04
2.372911199927330017e-03
1.708001084625720978e-02
1.831927947932854295e-04
5.621831514872610569e-04
7.526745321229100227e-04
7.628776365891098976e-04
2.537354826927185059e-03
8.068988681770861149e-04
1.424156012944877148e-03
1.675279228948056698e-03
3.999279346317052841e-03
3.698776417877525091e-04
2.931944327428936958e-03
6.352292839437723160e-04
6.385543383657932281e-04
1.880713272839784622e-03
1.808853819966316223e-03
3.714447666425257921e-04
2.476623049005866051e-04
1.115594152361154556e-02
4.078567435499280691e-04
2.673754934221506119e-03
3.012533416040241718e-04
1.079456228762865067e-02
2.713866997510194778e-03
3.598081530071794987e-04
6.629112176597118378e-03
1.096976455301046371e-03
3.420413937419652939e-03
5.363146308809518814e-03
2.471458574291318655e-04
6.444058963097631931e-04
1.344806863926351070e-03
8.714136783964931965e-04
2.186606405302882195e-03
1.778256992110982537e-04
2.122239209711551666e-03
5.757851176895201206e-04
1.371605321764945984e-03
4.153283371124416590e-04
2.756947884336113930e-03
1.329696620814502239e-03
1.601438416400924325e-04
7.725687464699149132e-04
1.588314189575612545e-03
1.361868227832019329e-03
1.001063938019797206e-04
1.947303826455026865e-04
4.178647417575120926e-03
5.070741754025220871e-04
5.911526386626064777e-04
2.569755306467413902e-04
3.703781112562865019e-04
8.931217715144157410e-03
1.342822506558150053e-04
3.986923256888985634e-04
1.885644014691933990e-04
2.553433924913406372e-02
2.108780201524496078e-03
5.169014330022037029e-04
1.327969483099877834e-03
1.461371080949902534e-03
4.197967355139553547e-04
6.105110514909029007e-04
2.032408956438302994e-04
1.336475135758519173e-03
7.241481216624379158e-04
8.134080562740564346e-04
8.080892264842987061e-03
1.189944450743496418e-03
8.333865553140640259e-04
9.220081381499767303e-03
1.535561867058277130e-03
9.466682095080614090e-04
8.689676411449909210e-03
1.517384807812049985e-04
3.166376554872840643e-04
4.791064711753278971e-04
7.952855667099356651e-04
3.350848855916410685e-04
2.069928217679262161e-03
6.137358141131699085e-04
9.326355648227035999e-04
2.039798069745302200e-03
2.242805203422904015e-04
2.757705806288868189e-04
2.150082873413339257e-04
6.086240173317492008e-04
6.835501990281045437e-04
6.607588846236467361e-03
8.367324480786919594e-04
1.096173364203423262e-04
4.930531140416860580e-04
2.855180355254560709e-04
5.392247112467885017e-04
9.682474774308502674e-04
3.476611454971134663e-04
1.168597227660939097e-04
3.486378991510719061e-04
1.201532431878149509e-04
3.757139900699257851e-03
1.519862678833305836e-03
3.091662365477532148e-04
1.014188863337039948e-03
2.159057767130434513e-04
2.141653001308441162e-02
1.496421173214912415e-03
2.703780680894851685e-02
1.275519258342683315e-03
5.500541068613529205e-03
6.272032111883163452e-02
2.618719357997179031e-03
6.433172966353595257e-04
8.762500947341322899e-04
6.633855402469635010e-03
4.883384332060813904e-02
2.892945427447557449e-03
3.650897415354847908e-04
4.179858136922121048e-03
2.399324672296643257e-03
1.460498105734586716e-02
3.976101987063884735e-03
2.545590512454509735e-02
3.419445129111409187e-04
1.299600489437580109e-02
5.027701612561941147e-03
1.192272757180035114e-03
1.327989506535232067e-03
4.960510879755020142e-02
2.957766992039978504e-04
2.349615329876542091e-03
5.832189694046974182e-02
1.963925315067172050e-03
2.383121289312839508e-02
1.307673379778862000e-02
5.437290528789162636e-04
4.464000463485717773e-03
1.771860697772353888e-04
1.143624726682901382e-02
1.045358367264270782e-02
2.221835777163505554e-03
6.886670016683638096e-04
8.544683805666863918e-04
1.407142844982445240e-03
1.835723407566547394e-03
1.746361702680587769e-02
7.292778464034199715e-04
6.532050902023911476e-04
9.261061786673963070e-04
1.336948596872389317e-03
2.384124556556344032e-03
2.219164278358221054e-03
2.615996263921260834e-02
1.990191638469696045e-02
2.901755273342132568e-03
2.167445840314030647e-03
4.225248121656477451e-04
1.121509703807532787e-04
1.822356833145022392e-03
2.280365442857146263e-03
9.394135558977723122e-04
2.294499892741441727e-03
2.945414744317531586e-03
1.538070733658969402e-03
1.554541103541851044e-02
3.445202717557549477e-03
3.358177200425416231e-04
3.979132510721683502e-03
2.546798810362815857e-02
1.055802800692617893e-03
6.035008467733860016e-03
1.300698495469987392e-03
1.466282643377780914e-03
1.211361144669353962e-03
3.799584880471229553e-02
2.582989819347858429e-02
2.000653184950351715e-02
1.658562570810317993e-03
1.845542574301362038e-03
2.588126808404922485e-04
5.034120008349418640e-02
1.086884061805903912e-03
1.639001537114381790e-03
2.527192700654268265e-04
1.574012800119817257e-03
4.961890517733991146e-04
4.437144380062818527e-04
1.040766946971416473e-03
2.696300670504570007e-02
7.404610514640808105e-04
4.034161102026700974e-04
3.696373023558408022e-04
1.777334255166351795e-04
3.193357726559042931e-03
5.302592646330595016e-03
2.473692293278872967e-04
1.538754673674702644e-03
6.263626273721456528e-04
5.694582359865307808e-04
5.840358790010213852e-04
2.919696853496134281e-04
6.102507468312978745e-04
3.271950990892946720e-04
3.795438387896865606e-04
7.363017648458480835e-04
2.683104830794036388e-04
3.411449433770030737e-04
7.105639670044183731e-04
1.763518957886844873e-04
2.856672508642077446e-04
2.767083642538636923e-04
6.771109183318912983e-04
1.101191970519721508e-03
2.049386966973543167e-04
1.542902318760752678e-04
1.294866902753710747e-03
6.142274942249059677e-04
4.375385760795325041e-04
4.039099439978599548e-04
2.188725164160132408e-03
1.136574661359190941e-03
1.806685235351324081e-03
1.489077601581811905e-02
3.265526320319622755e-04
3.523584746289998293e-04
6.658789352513849735e-04
3.782133862841874361e-04
1.033619884401559830e-02
5.693456041626632214e-04
1.048438157886266708e-02
4.300785437226295471e-02
6.327590090222656727e-04
1.284878671867772937e-04
1.972856931388378143e-03
2.865830669179558754e-03
3.906918223947286606e-03
8.356309845112264156e-04
3.647682315204292536e-04
1.696597901172935963e-04
1.111817546188831329e-03
1.237938995473086834e-03
4.724016471300274134e-04
1.505865366198122501e-03
6.194448098540306091e-03
1.303760800510644913e-03
3.179104765877127647e-03
6.657221820205450058e-03
8.628342766314744949e-04
2.312998287379741669e-02
9.694282780401408672e-04
3.597558476030826569e-03
2.476929221302270889e-04
2.856658829841762781e-04
1.718404237180948257e-03
3.689684963319450617e-04
9.529848583042621613e-03
1.202593324705958366e-03
1.968684373423457146e-04
3.392175305634737015e-03
1.253173570148646832e-03
1.402211375534534454e-03
2.015945938182994723e-04
2.879498642869293690e-04
7.466217502951622009e-04
1.773845986463129520e-03
2.362351864576339722e-03
1.115458202548325062e-03
2.260044857393950224e-04
1.538199139758944511e-03
8.001105161383748055e-04
1.707153132883831859e-04
4.370491951704025269e-04
9.152894926955923438e-05
1.442788261920213699e-02
7.867174572311341763e-04
1.329633960267528892e-04
5.326045211404561996e-04
1.761473342776298523e-02
3.960612812079489231e-04
3.751327749341726303e-04
1.689941994845867157e-02
5.489605246111750603e-04
1.683673588559031487e-03
1.662080176174640656e-03
9.333941270597279072e-04
1.782536320388317108e-02
7.272761431522667408e-04
2.293337020091712475e-04
8.676516590639948845e-04
2.007158240303397179e-03
1.284064957872033119e-03
1.571867032907903194e-04
5.327038234099745750e-04
1.668703393079340458e-03
1.756109704729169607e-04
5.280275642871856689e-02
5.537204560823738575e-04
2.594071556814014912e-04
6.557496264576911926e-03
3.403669688850641251e-03
1.544041559100151062e-03
3.452634904533624649e-03
3.589667612686753273e-03
5.038136732764542103e-04
3.137242980301380157e-03
5.337223774404264987e-05
1.964552560821175575e-03
9.683645912446081638e-04
3.685394767671823502e-04
4.033924487885087729e-04
1.551570487208664417e-03
1.087569631636142731e-02
3.793302166741341352e-04
1.520140096545219421e-03
3.257513162679970264e-04
1.187659334391355515e-03
1.634656335227191448e-03
4.743665922433137894e-04
1.632064668228849769e-04
1.796676078811287880e-03
3.769341274164617062e-04
8.443901606369763613e-05
2.558792766649276018e-04
7.885646773502230644e-04
3.571577602997422218e-03
4.128050524741411209e-03
2.608065959066152573e-03
6.632342701777815819e-04
4.441630444489419460e-04
1.744871493428945541e-03
1.019052579067647457e-03
1.059557311236858368e-03
5.945725832134485245e-03
3.379893023520708084e-04
6.399521953426301479e-04
1.509987516328692436e-03
1.805492793209850788e-03
9.482161840423941612e-04
3.528788802213966846e-04
4.567784490063786507e-04
9.333240450359880924e-05
9.704190306365489960e-04
3.289433952886611223e-04
5.084800068289041519e-04
3.718195948749780655e-04
2.084544976241886616e-04
4.842336056753993034e-04
1.235367613844573498e-03
3.620997013058513403e-04
8.996414835564792156e-04
1.900790957733988762e-03
3.949147067032754421e-04
4.273266531527042389e-04
1.055071968585252762e-02
4.323949106037616730e-04
2.795685722958296537e-04
2.598417922854423523e-02
1.847108069341629744e-04
7.140433881431818008e-04
1.067267658072523773e-04
2.024122950388118625e-04
3.988886601291596889e-04
3.933858242817223072e-04
1.487949484726414084e-04
9.042342193424701691e-03
2.719374606385827065e-04
1.914141903398558497e-04
1.689173397608101368e-03
1.978384971152991056e-04
1.190028036944568157e-03
1.719490275718271732e-03
3.134507220238447189e-03
1.638663467019796371e-03
2.408824802841991186e-04
8.266286458820104599e-04
2.416763454675674438e-03
8.355991914868354797e-03
3.846879990305751562e-04
3.954632848035544157e-04
8.725838415557518601e-05
3.414530307054519653e-02
4.115639021620154381e-04
3.688098804559558630e-04
1.595561392605304718e-03
8.008828735910356045e-04
9.478133288212120533e-04
1.665593311190605164e-02
1.239662524312734604e-03
9.058873169124126434e-03
4.340501909609884024e-04
1.256828894838690758e-03
6.895499676465988159e-02
4.747648723423480988e-03
2.645410713739693165e-04
2.744870726019144058e-04
1.845896802842617035e-02
1.082273200154304504e-03
5.174423754215240479e-02
3.721005341503769159e-04
4.301555454730987549e-04
3.644104581326246262e-04
1.819847733713686466e-03
7.020728080533444881e-04
1.923400675877928734e-03
9.328595548868179321e-02
5.138025735504925251e-04
1.380344270728528500e-03
1.537532079964876175e-03
7.980642840266227722e-04
9.402155876159667969e-03
2.610403485596179962e-02
1.342334435321390629e-04
4.186699225101619959e-04
3.253921633586287498e-03
2.915843506343662739e-04
4.916670732200145721e-03
3.732280747499316931e-04
2.253242710139602423e-04
1.264719199389219284e-02
1.103056565625593066e-04
1.634244062006473541e-02
6.105644279159605503e-04
6.274930667132139206e-03
6.124218925833702087e-04
4.231441416777670383e-04
3.417894942685961723e-03
9.990034159272909164e-04
4.940301645547151566e-03
1.252318732440471649e-03
1.048309961333870888e-03
1.004190067760646343e-03
7.097822381183505058e-04
4.953084513545036316e-03
3.331097250338643789e-04
2.173574466723948717e-04
6.161947385407984257e-04
2.434851415455341339e-02
9.729593992233276367e-03
5.233419360592961311e-04
3.019217692781239748e-04
2.797708439175039530e-04
6.778200040571391582e-04
6.866276817163452506e-05
9.306861087679862976e-03
5.966391414403915405e-03
4.551509045995771885e-04
2.775195799767971039e-02
8.943621069192886353e-03
3.708926495164632797e-03
3.491904819384217262e-03
4.535576328635215759e-03
3.977757878601551056e-03
7.864646613597869873e-04
1.748651382513344288e-03
6.699132500216364861e-04
3.769738250412046909e-04
2.387640706729143858e-04
4.763796925544738770e-03
1.017138361930847168e-03
7.263854495249688625e-04
7.148280856199562550e-04
3.013686509802937508e-04
4.947511479258537292e-04
6.494145374745130539e-03
1.705881790257990360e-03
6.223308737389743328e-04
1.409863820299506187e-03
2.452409244142472744e-04
5.629704537568613887e-05
4.826075455639511347e-04
1.939120120368897915e-04
1.483143889345228672e-03
1.920333481393754482e-03
3.812581067904829979e-03
1.397797022946178913e-04
4.890221753157675266e-04
1.141157699748873711e-03
2.811711281538009644e-03
2.256838791072368622e-02
3.437544510234147310e-04
1.452722586691379547e-03
4.145518410950899124e-03
6.111089605838060379e-03
1.606843550689518452e-03
2.676834352314472198e-03
7.337119895964860916e-04
7.226857356727123260e-03
1.906797289848327637e-03
6.272705504670739174e-04
4.557376727461814880e-03
2.523100120015442371e-04
2.911824558395892382e-04
1.740177627652883530e-03
2.815455896779894829e-03
2.372475108131766319e-03
1.363818155368790030e-04
2.156830450985580683e-04
1.425828784704208374e-03
1.936764921993017197e-03
9.244278044207021594e-05
1.132589415647089481e-03
8.817554917186498642e-04
1.698224805295467377e-04
1.960003282874822617e-04
2.105580060742795467e-04
2.455697953701019287e-02
1.965519913937896490e-04
3.736147482413798571e-04
2.814732491970062256e-03
1.013895589858293533e-02
2.717852359637618065e-03
8.351590076927095652e-05
4.729295615106821060e-04
3.095664433203637600e-04
1.302227174164727330e-04
1.062389928847551346e-03
6.269897567108273506e-04
1.328835729509592056e-03
6.855474319308996201e-03
1.413140853401273489e-04
6.666712579317390919e-04
6.123960483819246292e-04
5.516555975191295147e-04
2.179406117647886276e-03
5.960324197076261044e-04
5.459346721181645989e-05
9.309825691161677241e-05
2.073769923299551010e-03
2.534287632443010807e-04
1.677546097198501229e-04
3.198968479409813881e-04
4.379890393465757370e-03
1.910190097987651825e-03
5.722187343053519726e-04
2.782491792459040880e-04
1.790422538761049509e-04
3.257157732150517404e-05
2.597498532850295305e-04
5.059717805124819279e-04
2.730803680606186390e-04
9.320188546553254128e-04
9.695615153759717941e-04
3.388370678294450045e-04
8.048198069445788860e-04
4.800251044798642397e-04
8.163193706423044205e-04
4.301608714740723372e-04
2.654962590895593166e-04
5.271787522360682487e-04
2.022696862695738673e-04
4.280176945030689240e-04
3.174204030074179173e-04
9.740624227561056614e-04
8.553137886337935925e-04
1.694797654636204243e-03
2.530807978473603725e-04
5.951970349997282028e-03
1.069866237230598927e-03
7.467973628081381321e-04
6.775514688342809677e-03
3.577138297259807587e-03
6.216094334376975894e-05
3.562220663297921419e-04
2.212020335718989372e-03
3.189561539329588413e-04
2.148288767784833908e-04
2.123430313076823950e-04
2.309481613337993622e-03
1.413389923982322216e-03
3.122097114101052284e-04
3.564439481124281883e-03
6.644706591032445431e-04
7.129018777050077915e-04
1.469114562496542931e-03
1.574509660713374615e-04
4.603774752467870712e-03
1.572795299580320716e-04
1.418304163962602615e-04
4.638051614165306091e-04
1.380555477226153016e-04
1.143980625784024596e-04
2.981798606924712658e-04
1.262666628463193774e-04
9.498938452452421188e-04
5.610628286376595497e-04
3.076267021242529154e-04
2.372662420384585857e-04
5.027415230870246887e-03
1.596656162291765213e-03
4.079108766745775938e-04
1.176767837023362517e-04
1.342492760159075260e-04
1.617769594304263592e-03
1.814495772123336792e-03
9.230216033756732941e-03
9.289791923947632313e-04
1.260265707969665527e-03
1.523727551102638245e-04
1.345760538242757320e-04
1.952394959516823292e-04
8.776370086707174778e-04
5.810026777908205986e-04
1.328028738498687744e-04
6.899204890942201018e-05
2.327548107132315636e-03
7.318292628042399883e-04
2.131684450432658195e-03
6.867745105409994721e-05
3.643500676844269037e-04
1.224041188834235072e-04
6.186615210026502609e-04
5.192444077692925930e-04
3.810338384937494993e-04
2.181413769721984863e-02
2.222592884209007025e-04
5.696762236766517162e-04
5.653039552271366119e-04
1.559269585413858294e-04
2.053198113571852446e-04
1.387343218084424734e-04
4.237388784531503916e-04
2.133210748434066772e-02
1.341110910288989544e-04
2.242402406409382820e-04
1.883258484303951263e-02
2.305475296452641487e-03
1.590539468452334404e-03
9.825876913964748383e-04
6.109415553510189056e-04
5.182344466447830200e-04
2.472304913681000471e-04
2.272877609357237816e-04
7.723353337496519089e-04
4.619223065674304962e-03
2.272849204018712044e-03
2.480441238731145859e-03
3.080367809161543846e-03
1.364476862363517284e-03
7.931184954941272736e-03
2.278216124977916479e-04
1.276303827762603760e-02
5.731496494263410568e-04
8.403048559557646513e-05
9.937288239598274231e-03
1.527902088128030300e-03
4.336031852290034294e-04
4.011627752333879471e-03
6.939513841643929482e-04
3.205656306818127632e-03
2.047268790192902088e-04
1.344238407909870148e-04
4.202503478154540062e-04
3.261248930357396603e-04
2.190990373492240906e-03
1.555023365654051304e-03
2.371069742366671562e-03
4.781947936862707138e-04
2.521860296837985516e-04
8.218897855840623379e-04
1.248062908416613936e-04
4.152360197622328997e-04
7.761382148601114750e-04
4.974418552592396736e-04
3.864919417537748814e-04
1.116219442337751389e-02
6.641892832703888416e-04
3.769204486161470413e-04
1.359504531137645245e-03
1.146994531154632568e-03
1.148908995673991740e-04
1.047089317580685019e-04
4.094930482096970081e-04
2.392194292042404413e-04
1.361710892524570227e-04
5.769299605162814260e-05
6.234497413970530033e-04
5.301523953676223755e-03
9.068282088264822960e-05
9.188443800667300820e-05
1.043581170961260796e-03
4.631854244507849216e-04
1.719416031846776605e-04
6.228582060430198908e-05
3.055261186091229320e-05
7.946609403006732464e-04
6.634732126258313656e-04
4.624030552804470062e-04
1.491737784817814827e-04
1.256607210962101817e-04
1.361619943054392934e-04
1.843679492594674230e-04
2.181862480938434601e-03
6.910746451467275620e-03
6.063114851713180542e-04
2.176920883357524872e-03
5.145359784364700317e-03
1.405695918947458267e-03
3.598051553126424551e-04
4.927397822029888630e-04
1.568911829963326454e-03
1.362916198559105396e-03
1.767091453075408936e-04
2.716698683798313141e-03
1.487653888761997223e-02
3.893225267529487610e-02
4.090802685823291540e-04
1.965131377801299095e-04
7.178883242886513472e-05
9.569460526108741760e-03
1.353342924267053604e-02
5.606938619166612625e-03
8.164733881130814552e-04
1.197399105876684189e-04
1.727224141359329224e-02
1.620584807824343443e-04
3.481348231434822083e-02
2.246796339750289917e-02
3.509051457513123751e-04
4.697627737186849117e-04
1.219462370499968529e-03
2.375893527641892433e-03
4.160264134407043457e-02
2.134342910721898079e-03
4.619554965756833553e-04
8.268377278000116348e-04
1.743444823659956455e-03
3.688231809064745903e-04
3.407675831113010645e-04
4.093548632226884365e-04
3.018087940290570259e-03
3.238042409066110849e-04
8.134726522257551551e-05
1.894384738989174366e-03
6.218187976628541946e-03
3.438705205917358398e-02
5.661674309521913528e-03
6.246604956686496735e-03
6.397594115696847439e-04
3.534850664436817169e-03
1.710167527198791504e-02
2.840678789652884007e-04
1.695216633379459381e-04
2.849997207522392273e-02
2.744742669165134430e-03
2.190223708748817444e-02
1.262223720550537109e-02
9.529212489724159241e-03
6.446614861488342285e-04
1.191822957480326295e-04
1.104697398841381073e-02
1.697107509244233370e-04
1.766744098858907819e-04
2.200910821557044983e-04
3.776797384489327669e-04
8.852325117914006114e-05
2.212671388406306505e-04
2.777980873361229897e-03
1.084763789549469948e-03
3.239055722951889038e-02
2.362038940191268921e-04
1.813890121411532164e-04
4.013891448266804218e-04
3.908193670213222504e-03
3.865107428282499313e-03
1.438362617045640945e-02
1.393475686199963093e-04
2.213079249486327171e-03
2.061116043478250504e-03
4.201452829875051975e-04
3.450475167483091354e-03
2.403085236437618732e-04
5.568349268287420273e-03
1.613889326108619571e-04
1.636229222640395164e-03
8.119551930576562881e-04
1.220800168812274933e-02
1.894126617116853595e-04
1.006014645099639893e-04
8.652598626213148236e-05
1.610033650649711490e-04
1.080564252333715558e-04
9.761458262801170349e-03
7.354386034421622753e-04
2.213018713518977165e-03
2.089056652039289474e-04
2.327066846191883087e-03
1.817935705184936523e-02
2.524446230381727219e-03
5.427823867648839951e-03
9.668752900324761868e-04
1.201182417571544647e-02
4.900346393696963787e-04
1.247129216790199280e-02
5.038259769207797945e-05
5.756821017712354660e-03
2.135564136551693082e-04
9.995349682867527008e-04
2.136405673809349537e-04
1.321320421993732452e-03
1.530168461613357067e-03
5.986704491078853607e-04
2.397560019744560122e-04
5.432515172287821770e-04
8.059440180659294128e-03
3.945201751776039600e-04
5.554682575166225433e-04
1.391707221046090126e-03
2.020814921706914902e-03
1.232699141837656498e-04
8.904726564651355147e-05
1.145143978646956384e-04
7.925084210000932217e-04
1.638526009628549218e-04
6.738337833667173982e-05
1.895009889267385006e-03
1.261010300368070602e-02
7.784187910147011280e-04
1.442843815311789513e-03
6.087871151976287365e-04
5.850460729561746120e-04
1.611572923138737679e-03
1.002607634291052818e-03
1.417329418472945690e-03
7.105421973392367363e-04
9.576980373822152615e-04
9.135464206337928772e-04
6.587595271412283182e-05
4.852900747209787369e-03
4.728463827632367611e-04
1.799077144823968410e-04
5.960318958386778831e-04
2.299254760146141052e-03
1.206220942549407482e-03
1.935898908413946629e-03
2.951573405880481005e-04
1.016550115309655666e-03
3.429761854931712151e-04
7.756640843581408262e-05
2.183161210268735886e-03
9.064094774657860398e-05
4.415390081703662872e-03
8.441557292826473713e-04
1.256183953955769539e-03
1.217234879732131958e-03
6.173407193273305893e-03
1.611183106433600187e-04
3.888244973495602608e-04
1.826295338105410337e-04
1.336320955306291580e-02
4.808004887308925390e-04
9.130893158726394176e-05
6.559274345636367798e-02
3.458804218098521233e-03
8.560807327739894390e-04
1.233939174562692642e-02
1.174879493191838264e-03
4.011203127447515726e-04
2.841355162672698498e-04
1.356761716306209564e-02
1.983070542337372899e-04
8.880498260259628296e-02
1.527218410046771169e-04
2.010577300097793341e-04
3.929327940568327904e-04
1.514165382832288742e-02
3.629770502448081970e-02
1.460648491047322750e-03
4.687695181928575039e-04
4.422083147801458836e-04
5.007251165807247162e-04
1.080634421668946743e-03
1.226503681391477585e-02
9.131136175710707903e-05
