6.691000000000000281e-01
7.855999999999999650e-01
7.814999999999999725e-01
7.813999999999999835e-01
7.870000000000000329e-01
7.882000000000000117e-01
7.772999999999999909e-01
7.822000000000000064e-01
7.852000000000000091e-01
7.850000000000000311e-01
7.897999999999999465e-01
7.901000000000000245e-01
7.891000000000000236e-01
7.848000000000000531e-01
7.913999999999999924e-01
7.873999999999999888e-01
7.905999999999999694e-01
7.711000000000000076e-01
7.872000000000000108e-01
7.860000000000000320e-01
7.899000000000000465e-01
7.897999999999999465e-01
7.904999999999999805e-01
7.900000000000000355e-01
7.920000000000000373e-01
7.973000000000000087e-01
7.983000000000000096e-01
7.950000000000000400e-01
7.989000000000000545e-01
7.973999999999999977e-01
8.017999999999999572e-01
7.869000000000000439e-01
7.961000000000000298e-01
7.933000000000000052e-01
7.930000000000000382e-01
7.913000000000000034e-01
7.952000000000000179e-01
7.961000000000000298e-01
7.885999999999999677e-01
7.904999999999999805e-01
7.872000000000000108e-01
7.936999999999999611e-01
7.894999999999999796e-01
7.953000000000000069e-01
8.014000000000000012e-01
7.974999999999999867e-01
7.973000000000000087e-01
8.013000000000000123e-01
7.985999999999999766e-01
7.986999999999999655e-01
