2.883810997009277344e-01
2.804970741271972656e-01
2.794201374053955078e-01
2.795684337615966797e-01
2.712790966033935547e-01
2.187604904174804688e-01
2.191386222839355469e-01
2.872669696807861328e-01
2.892479896545410156e-01
2.799673080444335938e-01
2.725501060485839844e-01
1.703023910522460938e-01
2.129478454589843750e-01
2.877559661865234375e-01
2.851583957672119141e-01
2.818057537078857422e-01
2.743282318115234375e-01
2.090518474578857422e-01
2.179393768310546875e-01
2.907118797302246094e-01
2.335512638092041016e-01
2.782618999481201172e-01
1.126582622528076172e-01
9.905481338500976562e-02
2.210690975189208984e-01
2.884004116058349609e-01
2.903146743774414062e-01
2.782785892486572266e-01
2.751617431640625000e-01
1.296818256378173828e-01
2.896292209625244141e-01
2.705354690551757812e-01
2.744593620300292969e-01
2.789237499237060547e-01
2.779469490051269531e-01
1.699306964874267578e-01
1.864242553710937500e-02
1.879770755767822266e-01
2.424821853637695312e-01
2.680821418762207031e-01
2.734141349792480469e-01
2.561182975769042969e-01
2.809245586395263672e-01
2.660236358642578125e-01
2.790336608886718750e-01
2.747428417205810547e-01
1.288862228393554688e-01
7.385325431823730469e-02
2.130863666534423828e-01
2.839043140411376953e-01
2.796442508697509766e-01
2.707080841064453125e-01
2.729156017303466797e-01
1.974067687988281250e-01
2.193684577941894531e-01
2.507021427154541016e-01
2.617032527923583984e-01
2.678894996643066406e-01
2.783133983612060547e-01
1.667246818542480469e-01
1.683166027069091797e-01
1.674628257751464844e-01
1.954472064971923828e-01
2.108132839202880859e-01
1.233110427856445312e-01
8.123064041137695312e-02
2.156558036804199219e-01
2.929718494415283203e-01
2.836403846740722656e-01
2.752227783203125000e-01
2.785601615905761719e-01
1.905763149261474609e-01
2.164967060089111328e-01
5.924558639526367188e-02
2.653360366821289062e-01
2.792654037475585938e-01
2.847826480865478516e-01
2.742311954498291016e-01
2.198116779327392578e-01
2.924990653991699219e-01
2.865440845489501953e-01
2.785832881927490234e-01
2.854533195495605469e-01
1.096632480621337891e-01
2.747063636779785156e-01
2.701342105865478516e-01
2.881655693054199219e-01
2.792079448699951172e-01
1.188015937805175781e-01
7.385039329528808594e-02
2.298486232757568359e-01
2.937309741973876953e-01
2.957348823547363281e-01
2.773575782775878906e-01
2.776384353637695312e-01
2.103426456451416016e-01
2.252845764160156250e-01
2.860319614410400391e-01
2.583353519439697266e-01
2.099459171295166016e-01
2.226040363311767578e-01
2.408404350280761719e-01
2.287864685058593750e-01
2.869379520416259766e-01
2.702004909515380859e-01
2.246911525726318359e-01
2.638843059539794922e-01
2.785978317260742188e-01
2.261576652526855469e-01
2.933273315429687500e-01
5.786991119384765625e-02
2.542934417724609375e-01
2.927744388580322266e-01
2.948253154754638672e-01
2.194008827209472656e-01
2.948601245880126953e-01
2.926323413848876953e-01
2.929983139038085938e-01
2.835493087768554688e-01
1.872611045837402344e-01
2.313647270202636719e-01
2.588040828704833984e-01
2.772233486175537109e-01
2.911901473999023438e-01
2.639262676239013672e-01
2.316081523895263672e-01
2.528500556945800781e-01
2.984495162963867188e-01
2.717528343200683594e-01
2.741138935089111328e-01
2.788560390472412109e-01
1.706089973449707031e-01
2.253916263580322266e-01
2.981114387512207031e-01
2.899551391601562500e-01
2.878079414367675781e-01
2.900700569152832031e-01
2.201344966888427734e-01
2.265484333038330078e-01
2.837889194488525391e-01
3.012962341308593750e-01
2.919781208038330078e-01
3.001017570495605469e-01
1.177468299865722656e-01
2.270743846893310547e-01
2.913055419921875000e-01
2.659528255462646484e-01
7.454919815063476562e-02
2.206325531005859375e-01
2.612316608428955078e-01
2.340667247772216797e-01
2.905824184417724609e-01
2.980322837829589844e-01
2.822012901306152344e-01
2.757289409637451172e-01
2.262163162231445312e-01
2.146723270416259766e-01
2.880597114562988281e-01
2.925546169281005859e-01
2.829327583312988281e-01
2.852892875671386719e-01
1.991038322448730469e-01
2.231855392456054688e-01
2.998054027557373047e-01
2.941017150878906250e-01
2.885775566101074219e-01
2.583770751953125000e-01
2.022688388824462891e-01
1.922121047973632812e-01
1.923627853393554688e-01
2.694737911224365234e-01
2.817869186401367188e-01
2.861468791961669922e-01
2.457587718963623047e-01
2.194147109985351562e-01
2.920403480529785156e-01
2.916893959045410156e-01
3.019225597381591797e-01
2.838971614837646484e-01
1.040070056915283203e-01
2.180559635162353516e-01
2.903387546539306641e-01
2.963371276855468750e-01
2.811074256896972656e-01
8.663463592529296875e-02
2.592186927795410156e-01
2.174615859985351562e-01
2.846920490264892578e-01
2.389750480651855469e-01
1.307930946350097656e-01
7.441830635070800781e-02
7.441306114196777344e-02
2.195725440979003906e-01
2.897636890411376953e-01
2.975091934204101562e-01
2.851736545562744141e-01
2.382836341857910156e-01
1.011283397674560547e-01
2.167732715606689453e-01
2.835886478424072266e-01
2.878606319427490234e-01
2.901151180267333984e-01
2.747988700866699219e-01
1.801319122314453125e-01
2.205786705017089844e-01
2.804396152496337891e-01
2.923996448516845703e-01
2.945814132690429688e-01
2.708208560943603516e-01
1.894135475158691406e-01
2.380270957946777344e-01
2.912313938140869141e-01
2.910113334655761719e-01
2.931616306304931641e-01
3.067476749420166016e-01
2.478928565979003906e-01
2.225296497344970703e-01
2.491703033447265625e-01
2.712326049804687500e-01
2.822620868682861328e-01
2.671127319335937500e-01
6.807613372802734375e-02
2.174720764160156250e-01
2.813837528228759766e-01
2.788374423980712891e-01
2.740805149078369141e-01
2.538411617279052734e-01
1.402111053466796875e-01
2.189781665802001953e-01
2.943449020385742188e-01
2.345283031463623047e-01
2.822477817535400391e-01
2.758383750915527344e-01
1.380119323730468750e-01
2.222845554351806641e-01
2.936813831329345703e-01
2.907876968383789062e-01
2.804512977600097656e-01
2.765192985534667969e-01
1.827273368835449219e-01
2.303581237792968750e-01
2.996587753295898438e-01
2.784879207611083984e-01
2.871754169464111328e-01
2.743694782257080078e-01
1.258351802825927734e-01
2.203671932220458984e-01
2.478189468383789062e-01
2.702238559722900391e-01
2.781805992126464844e-01
2.775008678436279297e-01
1.289181709289550781e-01
2.772028446197509766e-01
2.776317596435546875e-01
2.888231277465820312e-01
2.938010692596435547e-01
1.985681056976318359e-01
9.943628311157226562e-02
1.803064346313476562e-02
2.137794494628906250e-01
2.338650226593017578e-01
2.630991935729980469e-01
2.776196002960205078e-01
2.667469978332519531e-01
2.293171882629394531e-01
2.525968551635742188e-01
2.737207412719726562e-01
2.782056331634521484e-01
2.716884613037109375e-01
2.195944786071777344e-01
2.250750064849853516e-01
2.822232246398925781e-01
2.613468170166015625e-01
1.802952289581298828e-01
2.271983623504638672e-01
2.503256797790527344e-01
2.241408824920654297e-01
2.795727252960205078e-01
2.922682762145996094e-01
2.532744407653808594e-01
2.609870433807373047e-01
2.027337551116943359e-01
2.284934520721435547e-01
2.547752857208251953e-01
2.822699546813964844e-01
2.914242744445800781e-01
2.852520942687988281e-01
1.995553970336914062e-01
2.273287773132324219e-01
2.505476474761962891e-01
2.737758159637451172e-01
2.689507007598876953e-01
2.818932533264160156e-01
2.437362670898437500e-01
1.807463169097900391e-01
7.959723472595214844e-02
2.255985736846923828e-01
2.785329818725585938e-01
2.617423534393310547e-01
2.678182125091552734e-01
2.258341312408447266e-01
2.810747623443603516e-01
2.967503070831298828e-01
2.853829860687255859e-01
2.460608482360839844e-01
1.776747703552246094e-01
2.244946956634521484e-01
1.705491542816162109e-01
2.281656265258789062e-01
2.561941146850585938e-01
2.520451545715332031e-01
2.696571350097656250e-01
2.190370559692382812e-01
2.955281734466552734e-01
2.744107246398925781e-01
1.785283088684082031e-01
1.881508827209472656e-01
2.904782295227050781e-01
2.263419628143310547e-01
2.870917320251464844e-01
2.846570014953613281e-01
2.954101562500000000e-01
2.842402458190917969e-01
1.878237724304199219e-01
2.255623340606689453e-01
2.942178249359130859e-01
2.852253913879394531e-01
2.869501113891601562e-01
2.156867980957031250e-01
1.590213775634765625e-01
2.240254878997802734e-01
2.802615165710449219e-01
6.578993797302246094e-02
2.818384170532226562e-01
2.785446643829345703e-01
2.883002758026123047e-01
1.900348663330078125e-01
2.680404186248779297e-01
2.850508689880371094e-01
2.865402698516845703e-01
2.870204448699951172e-01
2.777836322784423828e-01
2.245545387268066406e-01
3.009285926818847656e-01
3.009200096130371094e-01
2.869567871093750000e-01
2.924787998199462891e-01
1.765818595886230469e-01
2.280907630920410156e-01
2.973906993865966797e-01
2.771792411804199219e-01
2.893521785736083984e-01
2.556192874908447266e-01
2.319865226745605469e-01
2.216401100158691406e-01
3.003518581390380859e-01
2.487628459930419922e-01
1.873557567596435547e-01
2.469594478607177734e-01
2.562830448150634766e-01
2.249503135681152344e-01
2.906107902526855469e-01
2.912573814392089844e-01
2.557196617126464844e-01
2.625205516815185547e-01
1.943082809448242188e-01
2.258000373840332031e-01
2.871222496032714844e-01
2.884879112243652344e-01
6.878972053527832031e-02
2.630705833435058594e-01
2.918417453765869141e-01
2.247884273529052734e-01
2.454082965850830078e-01
2.363338470458984375e-01
2.100913524627685547e-01
2.203149795532226562e-01
2.479150295257568359e-01
1.758041381835937500e-01
2.706320285797119141e-01
2.768299579620361328e-01
2.537016868591308594e-01
2.368872165679931641e-01
2.562422752380371094e-01
2.265365123748779297e-01
2.804331779479980469e-01
2.865235805511474609e-01
2.863285541534423828e-01
2.765765190124511719e-01
2.243525981903076172e-01
2.230825424194335938e-01
2.749590873718261719e-01
2.745964527130126953e-01
2.753827571868896484e-01
2.680983543395996094e-01
1.453406810760498047e-01
2.251024246215820312e-01
2.835783958435058594e-01
2.607374191284179688e-01
1.357049942016601562e-01
2.123563289642333984e-01
2.121543884277343750e-01
2.246043682098388672e-01
2.918612957000732422e-01
2.913458347320556641e-01
2.934727668762207031e-01
5.882453918457031250e-02
2.732584476470947266e-01
2.276442050933837891e-01
2.937836647033691406e-01
2.912886142730712891e-01
2.901945114135742188e-01
2.707443237304687500e-01
2.328529357910156250e-01
2.263114452362060547e-01
2.828838825225830078e-01
2.786092758178710938e-01
2.380561828613281250e-01
2.100245952606201172e-01
2.054703235626220703e-01
2.782690525054931641e-01
2.670769691467285156e-01
2.606117725372314453e-01
2.745659351348876953e-01
1.205220222473144531e-01
7.414340972900390625e-02
2.248127460479736328e-01
2.839064598083496094e-01
2.786362171173095703e-01
2.786984443664550781e-01
2.877390384674072266e-01
2.407240867614746094e-01
2.239878177642822266e-01
2.938890457153320312e-01
2.795052528381347656e-01
2.742500305175781250e-01
2.761468887329101562e-01
2.666583061218261719e-01
2.260975837707519531e-01
2.794609069824218750e-01
2.038128376007080078e-01
1.447298526763916016e-01
1.478941440582275391e-01
7.607603073120117188e-02
2.246267795562744141e-01
2.864696979522705078e-01
2.814228534698486328e-01
2.407014369964599609e-01
2.609446048736572266e-01
2.332260608673095703e-01
2.215716838836669922e-01
2.796549797058105469e-01
2.801971435546875000e-01
2.600319385528564453e-01
2.787978649139404297e-01
2.530305385589599609e-01
2.158966064453125000e-01
2.754149436950683594e-01
2.387855052947998047e-01
2.311930656433105469e-01
2.450356483459472656e-01
2.380435466766357422e-01
1.312689781188964844e-01
1.897101402282714844e-01
2.802317142486572266e-01
2.732839584350585938e-01
2.523584365844726562e-01
2.684586048126220703e-01
2.229878902435302734e-01
2.808933258056640625e-01
2.910187244415283203e-01
2.830696105957031250e-01
2.858502864837646484e-01
2.245879173278808594e-01
2.254528999328613281e-01
2.736089229583740234e-01
2.756397724151611328e-01
2.814841270446777344e-01
2.715740203857421875e-01
1.847052574157714844e-01
1.797771453857421875e-02
2.163817882537841797e-01
2.236905097961425781e-01
1.530437469482421875e-01
2.234363555908203125e-01
2.531397342681884766e-01
2.260010242462158203e-01
2.833631038665771484e-01
3.009548187255859375e-01
2.916188240051269531e-01
2.783610820770263672e-01
2.117438316345214844e-01
2.257833480834960938e-01
2.928662300109863281e-01
2.913200855255126953e-01
2.884383201599121094e-01
2.678315639495849609e-01
1.987783908843994141e-01
2.243084907531738281e-01
2.843604087829589844e-01
2.803230285644531250e-01
2.867224216461181641e-01
2.943947315216064453e-01
1.486964225769042969e-01
1.489670276641845703e-01
2.532098293304443359e-01
2.771196365356445312e-01
2.750840187072753906e-01
2.686645984649658203e-01
2.523880004882812500e-01
2.242131233215332031e-01
2.880938053131103516e-01
2.994482517242431641e-01
2.933337688446044922e-01
2.795903682708740234e-01
1.994998455047607422e-01
2.278206348419189453e-01
1.808929443359375000e-02
2.698690891265869141e-01
2.913572788238525391e-01
2.851521968841552734e-01
2.842690944671630859e-01
2.247745990753173828e-01
3.043417930603027344e-01
2.455911636352539062e-01
2.523198127746582031e-01
2.889065742492675781e-01
1.973230838775634766e-01
2.305505275726318359e-01
2.983217239379882812e-01
3.033564090728759766e-01
2.818849086761474609e-01
2.795088291168212891e-01
1.289548873901367188e-01
2.317492961883544922e-01
2.999169826507568359e-01
2.843816280364990234e-01
2.948129177093505859e-01
2.789595127105712891e-01
1.970725059509277344e-01
2.311480045318603516e-01
2.465007305145263672e-01
2.848436832427978516e-01
2.880718708038330078e-01
2.899656295776367188e-01
2.437953948974609375e-01
2.658100128173828125e-01
2.434947490692138672e-01
2.723248004913330078e-01
2.926099300384521484e-01
2.808678150177001953e-01
1.866331100463867188e-01
2.251234054565429688e-01
2.808225154876708984e-01
8.689093589782714844e-02
2.699792385101318359e-01
2.675654888153076172e-01
2.803051471710205078e-01
2.272248268127441406e-01
2.650766372680664062e-01
2.477281093597412109e-01
2.454693317413330078e-01
2.487978935241699219e-01
2.164008617401123047e-01
2.269577980041503906e-01
2.904365062713623047e-01
2.712025642395019531e-01
2.467808723449707031e-01
2.917737960815429688e-01
2.404894828796386719e-01
2.313830852508544922e-01
2.868914604187011719e-01
2.939162254333496094e-01
2.993867397308349609e-01
2.871677875518798828e-01
1.422824859619140625e-01
2.280535697937011719e-01
2.975730895996093750e-01
2.931885719299316406e-01
2.877480983734130859e-01
2.825708389282226562e-01
1.915514469146728516e-01
2.283394336700439453e-01
2.970747947692871094e-01
3.035509586334228516e-01
2.825345993041992188e-01
2.935419082641601562e-01
1.352925300598144531e-01
2.641496658325195312e-01
2.672364711761474609e-01
2.845685482025146484e-01
9.604358673095703125e-02
2.781248092651367188e-01
2.530696392059326172e-01
2.282900810241699219e-01
2.919726371765136719e-01
3.018939495086669922e-01
2.830181121826171875e-01
2.776648998260498047e-01
1.990723609924316406e-01
2.228846549987792969e-01
2.786421775817871094e-01
2.940146923065185547e-01
2.991116046905517578e-01
2.871184349060058594e-01
2.039055824279785156e-01
2.327103614807128906e-01
2.846682071685791016e-01
2.611877918243408203e-01
2.603507041931152344e-01
2.864897251129150391e-01
2.363431453704833984e-01
2.313585281372070312e-01
2.984621524810791016e-01
2.780852317810058594e-01
2.928144931793212891e-01
2.975895404815673828e-01
1.060056686401367188e-01
2.298305034637451172e-01
2.907729148864746094e-01
2.858829498291015625e-01
2.841894626617431641e-01
2.887127399444580078e-01
2.333278656005859375e-01
2.332208156585693359e-01
2.885243892669677734e-01
2.989363670349121094e-01
2.909111976623535156e-01
8.700323104858398438e-02
2.774419784545898438e-01
2.381794452667236328e-01
2.910983562469482422e-01
2.801616191864013672e-01
2.819769382476806641e-01
2.896702289581298828e-01
2.850887775421142578e-01
2.277352809906005859e-01
2.938654422760009766e-01
2.893307209014892578e-01
2.904014587402343750e-01
2.814829349517822266e-01
1.297216415405273438e-01
2.274684906005859375e-01
2.837636470794677734e-01
2.927088737487792969e-01
2.877614498138427734e-01
2.864437103271484375e-01
1.448001861572265625e-01
2.285010814666748047e-01
2.897522449493408203e-01
2.647039890289306641e-01
2.551651000976562500e-01
2.741184234619140625e-01
2.560832500457763672e-01
2.266323566436767578e-01
3.029806613922119141e-01
3.022100925445556641e-01
2.916018962860107422e-01
2.292120456695556641e-01
1.810092926025390625e-01
2.287745475769042969e-01
2.935771942138671875e-01
2.894852161407470703e-01
2.803552150726318359e-01
2.988226413726806641e-01
7.672476768493652344e-02
2.235512733459472656e-01
2.962193489074707031e-01
2.917633056640625000e-01
2.895879745483398438e-01
2.867479324340820312e-01
1.384496688842773438e-01
2.431397438049316406e-01
2.829549312591552734e-01
2.918322086334228516e-01
2.985436916351318359e-01
2.811653614044189453e-01
1.996223926544189453e-01
2.271564006805419922e-01
2.930843830108642578e-01
2.859954833984375000e-01
2.881417274475097656e-01
2.569334506988525391e-01
2.183091640472412109e-01
2.240808010101318359e-01
2.929787635803222656e-01
2.957866191864013672e-01
2.886254787445068359e-01
2.802326679229736328e-01
2.292199134826660156e-01
2.268579006195068359e-01
2.453701496124267578e-01
2.369465827941894531e-01
2.409365177154541016e-01
2.874472141265869141e-01
2.514142990112304688e-01
2.276384830474853516e-01
2.896618843078613281e-01
3.011868000030517578e-01
2.769048213958740234e-01
2.726163864135742188e-01
1.765460968017578125e-01
1.813435554504394531e-02
2.131345272064208984e-01
2.617588043212890625e-01
2.906510829925537109e-01
2.649426460266113281e-01
2.809374332427978516e-01
2.253196239471435547e-01
2.966904640197753906e-01
2.937798500061035156e-01
2.839598655700683594e-01
2.859449386596679688e-01
1.864638328552246094e-01
2.693424224853515625e-01
2.916336059570312500e-01
2.767426967620849609e-01
2.844638824462890625e-01
2.789399623870849609e-01
2.499763965606689453e-01
2.262756824493408203e-01
2.832174301147460938e-01
2.896654605865478516e-01
2.964770793914794922e-01
2.673122882843017578e-01
2.186138629913330078e-01
2.287709712982177734e-01
2.889146804809570312e-01
2.957229614257812500e-01
2.739362716674804688e-01
2.729303836822509766e-01
1.292273998260498047e-01
2.283337116241455078e-01
2.987182140350341797e-01
2.918603420257568359e-01
2.469558715820312500e-01
2.852594852447509766e-01
2.373943328857421875e-01
2.171335220336914062e-01
6.630158424377441406e-02
2.616767883300781250e-01
2.622818946838378906e-01
2.761304378509521484e-01
2.771792411804199219e-01
2.283740043640136719e-01
2.844617366790771484e-01
2.915816307067871094e-01
3.011770248413085938e-01
2.954425811767578125e-01
2.070543766021728516e-01
2.240037918090820312e-01
2.915303707122802734e-01
2.919864654541015625e-01
2.854456901550292969e-01
2.873382568359375000e-01
1.407201290130615234e-01
2.474355697631835938e-01
2.927081584930419922e-01
2.819747924804687500e-01
2.774891853332519531e-01
2.796797752380371094e-01
2.112276554107666016e-01
2.294628620147705078e-01
2.917945384979248047e-01
2.916390895843505859e-01
2.979762554168701172e-01
2.843842506408691406e-01
2.218103408813476562e-01
2.336988449096679688e-01
2.932195663452148438e-01
2.881968021392822266e-01
2.930562496185302734e-01
2.824423313140869141e-01
1.522583961486816406e-01
2.307155132293701172e-01
2.930543422698974609e-01
7.706856727600097656e-02
2.145917415618896484e-01
2.721581459045410156e-01
2.551736831665039062e-01
2.323503494262695312e-01
2.896573543548583984e-01
2.958056926727294922e-01
2.933299541473388672e-01
2.985031604766845703e-01
1.261570453643798828e-01
2.300498485565185547e-01
2.871942520141601562e-01
2.863080501556396484e-01
2.904338836669921875e-01
2.477462291717529297e-01
2.094655036926269531e-01
2.284123897552490234e-01
2.948970794677734375e-01
2.941560745239257812e-01
2.768397331237792969e-01
2.988772392272949219e-01
2.056639194488525391e-01
2.548618316650390625e-01
2.815537452697753906e-01
2.928724288940429688e-01
2.876071929931640625e-01
3.013055324554443359e-01
2.023119926452636719e-01
2.316577434539794922e-01
2.858090400695800781e-01
2.786893844604492188e-01
2.945485115051269531e-01
2.952837944030761719e-01
2.490749359130859375e-01
2.238664627075195312e-01
2.821640968322753906e-01
2.792901992797851562e-01
3.212857246398925781e-02
2.926778793334960938e-01
2.516999244689941406e-01
2.204356193542480469e-01
2.858543395996093750e-01
2.807903289794921875e-01
1.219217777252197266e-01
1.898834705352783203e-01
2.217388153076171875e-01
2.226450443267822266e-01
2.832562923431396484e-01
2.823066711425781250e-01
2.899563312530517578e-01
2.798242568969726562e-01
2.301900386810302734e-01
2.242441177368164062e-01
2.901492118835449219e-01
3.021240234375000000e-01
2.953162193298339844e-01
2.858908176422119141e-01
2.314426898956298828e-01
2.245979309082031250e-01
2.459557056427001953e-01
2.475368976593017578e-01
2.393193244934082031e-01
2.502093315124511719e-01
2.238583564758300781e-01
1.127202510833740234e-01
1.156105995178222656e-01
2.473614215850830078e-01
2.850496768951416016e-01
2.757258415222167969e-01
2.806723117828369141e-01
2.222704887390136719e-01
2.850725650787353516e-01
2.826335430145263672e-01
2.931263446807861328e-01
7.883810997009277344e-02
2.806038856506347656e-01
2.239570617675781250e-01
2.834763526916503906e-01
2.809481620788574219e-01
2.746441364288330078e-01
2.714066505432128906e-01
2.097377777099609375e-01
2.252173423767089844e-01
2.857108116149902344e-01
2.627274990081787109e-01
1.250717639923095703e-01
2.266190052032470703e-01
2.753012180328369141e-01
2.241964340209960938e-01
2.881500720977783203e-01
2.928109169006347656e-01
2.796244621276855469e-01
2.259297370910644531e-01
1.856896877288818359e-01
2.084212303161621094e-01
2.558391094207763672e-01
2.751719951629638672e-01
2.357327938079833984e-01
2.334611415863037109e-01
2.182321548461914062e-01
2.194311618804931641e-01
2.920348644256591797e-01
2.921957969665527344e-01
2.931945323944091797e-01
2.846591472625732422e-01
2.098767757415771484e-01
1.503126621246337891e-01
2.025053501129150391e-01
2.303500175476074219e-01
2.572119235992431641e-01
2.601869106292724609e-01
1.063427925109863281e-01
2.248673439025878906e-01
2.882709503173828125e-01
2.757818698883056641e-01
2.814664840698242188e-01
2.709486484527587891e-01
2.278530597686767578e-01
2.167601585388183594e-01
2.712538242340087891e-01
2.558326721191406250e-01
2.466111183166503906e-01
2.230162620544433594e-01
2.253973484039306641e-01
2.552149295806884766e-01
2.277588844299316406e-01
2.685341835021972656e-01
2.300026416778564453e-01
2.792732715606689453e-01
2.872312068939208984e-01
2.270050048828125000e-01
2.874734401702880859e-01
2.927284240722656250e-01
2.930359840393066406e-01
2.811982631683349609e-01
2.105681896209716797e-01
2.303955554962158203e-01
3.051726818084716797e-01
2.935833930969238281e-01
2.917449474334716797e-01
2.977676391601562500e-01
2.079727649688720703e-01
2.298414707183837891e-01
2.838199138641357422e-01
2.893035411834716797e-01
2.950351238250732422e-01
2.506015300750732422e-01
1.411151885986328125e-01
7.701420783996582031e-02
2.472596168518066406e-01
2.720355987548828125e-01
2.609970569610595703e-01
2.499794960021972656e-01
2.623245716094970703e-01
2.313325405120849609e-01
2.878398895263671875e-01
2.881844043731689453e-01
2.884657382965087891e-01
2.923283576965332031e-01
1.847543716430664062e-01
2.293164730072021484e-01
3.020169734954833984e-01
2.835202217102050781e-01
2.930245399475097656e-01
2.767579555511474609e-01
2.027733325958251953e-01
2.269635200500488281e-01
2.954638004302978516e-01
2.464964389801025391e-01
2.574732303619384766e-01
2.959852218627929688e-01
2.163488864898681641e-01
2.332181930541992188e-01
2.869677543640136719e-01
2.979521751403808594e-01
2.584569454193115234e-01
2.553722858428955078e-01
2.020316123962402344e-01
2.293462753295898438e-01
2.893445491790771484e-01
2.978599071502685547e-01
2.935044765472412109e-01
2.947866916656494141e-01
1.974737644195556641e-01
2.280220985412597656e-01
2.054142951965332031e-02
2.230949401855468750e-01
2.420239448547363281e-01
2.658348083496093750e-01
2.865526676177978516e-01
2.567164897918701172e-01
3.011264801025390625e-01
2.906601428985595703e-01
2.949640750885009766e-01
3.015685081481933594e-01
2.087826728820800781e-01
2.310438156127929688e-01
2.955553531646728516e-01
2.994658946990966797e-01
2.974877357482910156e-01
2.820007801055908203e-01
1.928377151489257812e-01
2.317090034484863281e-01
2.851982116699218750e-01
2.842249870300292969e-01
2.982883453369140625e-01
2.844367027282714844e-01
1.269431114196777344e-01
2.284147739410400391e-01
2.892589569091796875e-01
2.625937461853027344e-01
2.593040466308593750e-01
2.697868347167968750e-01
2.174799442291259766e-01
2.851355075836181641e-01
2.681009769439697266e-01
2.729010581970214844e-01
2.812476158142089844e-01
2.761828899383544922e-01
1.952707767486572266e-01
2.237226963043212891e-01
2.917089462280273438e-01
7.840824127197265625e-02
2.775781154632568359e-01
2.945663928985595703e-01
2.868573665618896484e-01
2.285552024841308594e-01
2.490270137786865234e-01
2.787001132965087891e-01
2.712001800537109375e-01
2.919356822967529297e-01
1.536257266998291016e-01
2.489876747131347656e-01
2.624146938323974609e-01
2.695996761322021484e-01
2.740089893341064453e-01
2.747187614440917969e-01
2.326631546020507812e-01
2.323102951049804688e-01
2.915940284729003906e-01
3.014161586761474609e-01
2.926518917083740234e-01
2.795586585998535156e-01
1.974353790283203125e-01
2.275075912475585938e-01
2.357327938079833984e-01
2.865223884582519531e-01
2.888047695159912109e-01
2.992529869079589844e-01
2.580411434173583984e-01
2.307608127593994141e-01
2.935192584991455078e-01
2.569458484649658203e-01
2.608625888824462891e-01
2.356088161468505859e-01
2.303066253662109375e-01
2.311654090881347656e-01
2.859268188476562500e-01
2.893183231353759766e-01
2.907729148864746094e-02
2.864394187927246094e-01
2.994127273559570312e-01
2.300903797149658203e-01
2.843508720397949219e-01
3.011314868927001953e-01
2.961211204528808594e-01
2.798092365264892578e-01
1.927864551544189453e-01
2.315340042114257812e-01
2.881116867065429688e-01
2.941968441009521484e-01
2.973072528839111328e-01
2.913262844085693359e-01
2.001137733459472656e-01
2.808897495269775391e-01
2.707712650299072266e-01
2.806754112243652344e-01
2.623450756072998047e-01
2.622175216674804688e-01
2.009675502777099609e-01
2.297842502593994141e-01
2.988960742950439453e-01
2.962911128997802734e-01
2.955243587493896484e-01
2.918767929077148438e-01
1.822533607482910156e-01
2.308235168457031250e-01
2.786457538604736328e-01
2.806317806243896484e-01
2.906281948089599609e-01
2.658207416534423828e-01
1.503458023071289062e-01
2.275931835174560547e-01
2.911064624786376953e-01
2.695527076721191406e-01
2.581076622009277344e-01
5.998873710632324219e-02
2.698400020599365234e-01
2.291018962860107422e-01
2.894206047058105469e-01
2.977025508880615234e-01
2.998404502868652344e-01
2.934591770172119141e-01
2.143180370330810547e-01
2.305274009704589844e-01
2.934477329254150391e-01
2.908530235290527344e-01
2.842261791229248047e-01
2.815158367156982422e-01
2.081820964813232422e-01
2.260951995849609375e-01
2.953984737396240234e-01
3.004429340362548828e-01
2.946624755859375000e-01
2.965471744537353516e-01
1.291999816894531250e-01
2.668344974517822266e-01
2.741725444793701172e-01
2.903902530670166016e-01
2.979304790496826172e-01
2.780044078826904297e-01
2.109653949737548828e-01
2.254071235656738281e-01
2.776658535003662109e-01
2.583193778991699219e-01
2.549474239349365234e-01
2.648146152496337891e-01
2.270164489746093750e-01
2.249574661254882812e-01
2.921509742736816406e-01
2.985506057739257812e-01
2.853424549102783203e-01
2.658715248107910156e-01
5.089855194091796875e-02
2.308008670806884766e-01
2.969498634338378906e-01
2.577335834503173828e-01
2.231199741363525391e-01
2.506361007690429688e-01
2.486152648925781250e-01
2.313599586486816406e-01
3.011190891265869141e-01
3.039717674255371094e-01
2.903409004211425781e-01
2.418782711029052734e-01
1.242713928222656250e-01
2.246115207672119141e-01
3.022780418395996094e-01
3.016459941864013672e-01
2.933859825134277344e-01
2.810578346252441406e-01
2.009432315826416016e-01
2.236847877502441406e-01
2.857825756072998047e-01
2.884285449981689453e-01
2.915685176849365234e-01
2.920207977294921875e-01
2.099256515502929688e-01
2.315552234649658203e-01
2.740144729614257812e-01
2.738180160522460938e-01
2.841148376464843750e-01
2.858324050903320312e-01
2.592394351959228516e-01
2.171781063079833984e-01
2.558381557464599609e-01
2.680757045745849609e-01
2.758171558380126953e-01
2.779283523559570312e-01
1.794223785400390625e-01
1.856350898742675781e-02
2.077786922454833984e-01
2.207140922546386719e-01
2.605891227722167969e-01
2.733533382415771484e-01
2.717034816741943359e-01
2.191972732543945312e-01
2.854800224304199219e-01
2.525804042816162109e-01
2.739467620849609375e-01
2.723419666290283203e-01
1.218311786651611328e-01
2.169699668884277344e-01
2.883832454681396484e-01
2.910623550415039062e-01
2.924392223358154297e-01
2.832021713256835938e-01
1.671218872070312500e-01
2.261867523193359375e-01
2.911555767059326172e-01
2.864844799041748047e-01
2.877502441406250000e-01
2.907559871673583984e-01
1.411552429199218750e-01
2.227196693420410156e-01
2.902343273162841797e-01
2.847259044647216797e-01
2.950909137725830078e-01
2.895767688751220703e-01
1.322016716003417969e-01
2.399914264678955078e-01
2.908184528350830078e-01
2.874474525451660156e-01
2.867457866668701172e-01
2.735791206359863281e-01
2.752752304077148438e-01
2.296886444091796875e-01
4.276394844055175781e-02
2.548289299011230469e-01
2.772719860076904297e-01
2.904767990112304688e-01
2.442004680633544922e-01
2.295219898223876953e-01
2.901682853698730469e-01
2.948851585388183594e-01
2.895495891571044922e-01
2.852735519409179688e-01
2.044870853424072266e-01
2.292633056640625000e-01
2.908253669738769531e-01
2.626726627349853516e-01
2.520439624786376953e-01
2.708985805511474609e-01
2.739682197570800781e-01
2.317931652069091797e-01
2.281324863433837891e-01
2.947013378143310547e-01
2.695252895355224609e-01
2.714047431945800781e-01
1.596798896789550781e-01
2.304704189300537109e-01
2.923619747161865234e-01
2.874286174774169922e-01
3.030407428741455078e-01
2.955374717712402344e-01
1.569182872772216797e-01
2.327086925506591797e-01
2.990994453430175781e-01
2.974104881286621094e-01
2.935390472412109375e-01
2.930302619934082031e-01
2.083263397216796875e-01
2.478926181793212891e-01
1.901810169219970703e-01
5.405783653259277344e-02
2.961070537567138672e-01
2.813606262207031250e-01
2.817158699035644531e-01
2.293028831481933594e-01
2.925510406494140625e-01
2.899880409240722656e-01
2.955951690673828125e-01
3.002009391784667969e-01
2.201976776123046875e-01
2.308297157287597656e-01
2.044622898101806641e-01
2.409284114837646484e-01
2.534897327423095703e-01
2.656030654907226562e-01
1.911547183990478516e-01
2.324147224426269531e-01
2.985377311706542969e-01
2.487232685089111328e-01
8.603930473327636719e-02
7.412862777709960938e-02
2.372312545776367188e-01
2.262504100799560547e-01
3.007280826568603516e-01
2.901539802551269531e-01
2.921481132507324219e-01
2.853195667266845703e-01
2.122530937194824219e-01
2.247385978698730469e-01
2.938194274902343750e-01
3.015911579132080078e-01
2.827084064483642578e-01
2.284297943115234375e-01
1.821310520172119141e-01
2.259812355041503906e-01
2.919600009918212891e-01
2.856991291046142578e-01
5.422091484069824219e-02
2.806811332702636719e-01
3.036828041076660156e-01
2.275824546813964844e-01
2.827131748199462891e-01
2.699251174926757812e-01
2.697770595550537109e-01
2.760477066040039062e-01
2.726063728332519531e-01
2.297785282135009766e-01
2.957484722137451172e-01
2.974758148193359375e-01
3.064854145050048828e-01
2.832915782928466797e-01
1.957414150238037109e-01
2.262737751007080078e-01
2.910361289978027344e-01
2.966604232788085938e-01
2.858757972717285156e-01
2.772831916809082031e-01
1.965031623840332031e-01
2.293279170989990234e-01
2.796626091003417969e-01
2.701480388641357422e-01
2.637178897857666016e-01
3.040184974670410156e-01
2.177503108978271484e-01
2.300806045532226562e-01
3.015034198760986328e-01
3.057930469512939453e-01
3.029608726501464844e-01
2.891919612884521484e-01
1.960682868957519531e-01
2.272775173187255859e-01
2.870833873748779297e-01
2.941205501556396484e-01
2.951200008392333984e-01
9.574484825134277344e-02
2.664163112640380859e-01
2.309887409210205078e-01
2.916374206542968750e-01
2.930707931518554688e-01
2.882382869720458984e-01
2.813041210174560547e-01
1.243624687194824219e-01
2.356159687042236328e-01
2.708499431610107422e-01
2.561633586883544922e-01
2.468535900115966797e-01
2.631659507751464844e-01
2.676415443420410156e-01
2.206847667694091797e-01
2.868528366088867188e-01
2.857315540313720703e-01
2.975254058837890625e-01
2.989079952239990234e-01
2.287857532501220703e-01
2.325117588043212891e-01
2.946581840515136719e-01
2.964737415313720703e-01
2.962586879730224609e-01
2.469758987426757812e-01
1.471219062805175781e-01
2.186784744262695312e-01
2.769551277160644531e-01
2.753751277923583984e-01
2.050034999847412109e-01
2.539703845977783203e-01
2.525858879089355469e-01
2.238688468933105469e-01
2.943756580352783203e-01
2.998864650726318359e-01
3.058085441589355469e-01
2.967894077301025391e-01
8.886218070983886719e-02
2.263545989990234375e-01
2.854566574096679688e-01
2.903451919555664062e-01
2.805221080780029297e-01
2.750668525695800781e-01
2.165429592132568359e-01
2.224810123443603516e-01
2.857086658477783203e-01
2.793710231781005859e-01
2.299132347106933594e-01
2.012612819671630859e-01
2.162504196166992188e-01
1.444962024688720703e-01
1.777834892272949219e-01
2.891492843627929688e-01
2.887787818908691406e-01
2.811651229858398438e-01
2.693674564361572266e-01
2.252743244171142578e-01
2.914845943450927734e-01
2.796061038970947266e-01
2.710678577423095703e-01
2.567441463470458984e-01
2.062532901763916016e-01
2.217390537261962891e-01
2.896385192871093750e-01
2.902696132659912109e-01
2.958016395568847656e-01
3.012523651123046875e-01
2.251784801483154297e-01
2.234485149383544922e-01
2.597019672393798828e-01
1.793665885925292969e-01
2.012214660644531250e-01
2.130572795867919922e-01
2.860152721405029297e-01
1.804614067077636719e-02
2.301504611968994141e-01
2.377822399139404297e-01
2.868497371673583984e-01
2.614667415618896484e-01
2.750542163848876953e-01
2.209546566009521484e-01
2.865395545959472656e-01
2.904868125915527344e-01
2.972729206085205078e-01
3.008265495300292969e-01
2.242176532745361328e-01
2.247076034545898438e-01
2.816660404205322266e-01
2.840535640716552734e-01
2.857067584991455078e-01
2.632465362548828125e-01
2.043466567993164062e-01
1.173713207244873047e-01
1.984515190124511719e-01
2.847013473510742188e-01
2.820429801940917969e-01
2.763247489929199219e-01
2.907421588897705078e-01
2.257781028747558594e-01
2.871332168579101562e-01
2.853147983551025391e-01
3.018288612365722656e-01
3.013134002685546875e-01
2.143645286560058594e-01
2.237060070037841797e-01
2.787809371948242188e-01
2.704522609710693359e-01
2.860825061798095703e-01
2.823200225830078125e-01
1.768240928649902344e-01
2.252001762390136719e-01
1.932907104492187500e-02
2.755239009857177734e-01
1.638960838317871094e-01
2.246456146240234375e-01
2.739095687866210938e-01
2.251467704772949219e-01
2.973668575286865234e-01
3.039283752441406250e-01
2.978575229644775391e-01
2.947559356689453125e-01
2.248954772949218750e-01
2.263972759246826172e-01
2.935388088226318359e-01
2.961969375610351562e-01
2.894444465637207031e-01
2.600533962249755859e-01
1.783556938171386719e-01
2.244443893432617188e-01
2.885615825653076172e-01
2.861831188201904297e-01
2.740583419799804688e-01
2.523608207702636719e-01
1.990635395050048828e-01
2.436716556549072266e-01
2.812354564666748047e-01
2.904071807861328125e-01
2.985489368438720703e-01
2.779519557952880859e-01
2.211670875549316406e-01
2.309596538543701172e-01
2.896122932434082031e-01
3.037335872650146484e-01
2.908890247344970703e-01
2.906389236450195312e-01
1.992595195770263672e-01
2.218348979949951172e-01
2.857015132904052734e-01
9.205055236816406250e-02
2.401108741760253906e-01
2.556900978088378906e-01
2.651944160461425781e-01
2.300100326538085938e-01
2.967576980590820312e-01
2.651753425598144531e-01
2.494828701019287109e-01
2.729978561401367188e-01
2.045931816101074219e-01
2.278869152069091797e-01
2.915062904357910156e-01
2.898671627044677734e-01
2.540063858032226562e-01
2.723863124847412109e-01
1.889333724975585938e-01
2.309961318969726562e-01
2.980480194091796875e-01
3.023712635040283203e-01
2.875845432281494141e-01
2.807822227478027344e-01
1.964597702026367188e-01
2.286942005157470703e-01
2.858471870422363281e-01
2.966051101684570312e-01
2.941026687622070312e-01
2.925591468811035156e-01
2.005779743194580078e-01
2.549345493316650391e-01
2.930357456207275391e-01
2.793693542480468750e-01
2.755122184753417969e-01
2.719109058380126953e-01
1.692924499511718750e-01
2.310326099395751953e-01
2.969839572906494141e-01
2.997219562530517578e-01
8.461451530456542969e-02
2.829737663269042969e-01
2.766528129577636719e-01
2.325158119201660156e-01
2.705454826354980469e-01
2.779426574707031250e-01
2.878334522247314453e-01
2.979857921600341797e-01
1.478576660156250000e-01
2.298703193664550781e-01
2.928423881530761719e-01
2.604639530181884766e-01
2.545728683471679688e-01
2.792558670043945312e-01
2.670054435729980469e-01
2.232456207275390625e-01
2.855305671691894531e-01
2.854936122894287109e-01
2.856256961822509766e-01
2.791266441345214844e-01
1.652927398681640625e-01
2.288215160369873047e-01
2.893917560577392578e-01
3.007485866546630859e-01
2.947511672973632812e-01
2.939176559448242188e-01
1.996598243713378906e-01
2.287039756774902344e-01
2.960147857666015625e-01
2.954740524291992188e-01
2.903165817260742188e-01
2.889676094055175781e-01
1.316957473754882812e-01
2.525904178619384766e-01
2.904124259948730469e-01
2.853806018829345703e-01
2.848684787750244141e-01
1.069815158843994141e-01
2.148208618164062500e-01
2.284946441650390625e-01
2.890663146972656250e-01
2.963280677795410156e-01
2.903420925140380859e-01
2.880425453186035156e-01
2.057690620422363281e-01
2.301180362701416016e-01
2.937526702880859375e-01
2.963483333587646484e-01
2.832965850830078125e-01
2.833237648010253906e-01
2.046768665313720703e-01
2.278683185577392578e-01
2.912638187408447266e-01
2.683696746826171875e-01
2.619276046752929688e-01
2.857258319854736328e-01
2.845580577850341797e-01
2.337160110473632812e-01
2.899560928344726562e-01
2.935628890991210938e-01
2.862439155578613281e-01
2.838439941406250000e-01
1.095902919769287109e-01
2.294859886169433594e-01
2.969293594360351562e-01
2.879204750061035156e-01
2.909095287322998047e-01
2.961905002593994141e-01
1.816499233245849609e-01
2.272336483001708984e-01
2.923007011413574219e-01
2.812957763671875000e-01
2.701575756072998047e-01
2.963387966156005859e-01
9.708094596862792969e-02
2.655069828033447266e-01
2.812943458557128906e-01
2.833957672119140625e-01
2.797935009002685547e-01
2.855460643768310547e-01
2.510306835174560547e-01
2.270445823669433594e-01
2.582988739013671875e-01
2.824449539184570312e-01
2.882878780364990234e-01
2.855679988861083984e-01
2.024385929107666016e-01
2.311475276947021484e-01
2.859685420989990234e-01
3.009779453277587891e-01
2.912876605987548828e-01
2.739255428314208984e-01
1.746282577514648438e-01
2.260143756866455078e-01
2.918417453765869141e-01
2.646322250366210938e-01
2.080185413360595703e-01
2.154049873352050781e-01
2.966318130493164062e-01
2.337422370910644531e-01
3.025233745574951172e-01
2.986726760864257812e-01
2.791724205017089844e-01
2.777082920074462891e-01
2.129833698272705078e-01
2.311370372772216797e-01
3.011481761932373047e-01
2.974193096160888672e-01
2.950897216796875000e-01
2.965078353881835938e-01
2.861566543579101562e-01
1.903176307678222656e-02
2.135181427001953125e-01
2.914199829101562500e-01
2.833733558654785156e-01
2.840981483459472656e-01
2.873666286468505859e-01
2.526717185974121094e-01
2.958009243011474609e-01
2.962045669555664062e-01
2.976787090301513672e-01
3.015663623809814453e-01
2.538654804229736328e-01
2.208640575408935547e-01
2.874493598937988281e-01
2.759568691253662109e-01
2.873997688293457031e-01
2.855153083801269531e-01
1.458685398101806641e-01
2.203974723815917969e-01
2.874090671539306641e-01
2.785637378692626953e-01
2.885177135467529297e-01
2.709753513336181641e-01
1.933388710021972656e-01
2.213053703308105469e-01
2.834835052490234375e-01
2.546145915985107422e-01
2.724843025207519531e-01
2.062211036682128906e-01
7.450962066650390625e-02
2.293756008148193359e-01
2.858994007110595703e-01
2.817850112915039062e-01
2.908067703247070312e-01
2.932140827178955078e-01
1.362223625183105469e-01
2.150998115539550781e-01
5.742311477661132812e-02
2.812037467956542969e-01
2.789857387542724609e-01
2.673983573913574219e-01
2.709126472473144531e-01
2.141284942626953125e-01
2.822868824005126953e-01
2.790584564208984375e-01
2.901475429534912109e-01
2.854750156402587891e-01
1.986730098724365234e-01
2.752401828765869141e-01
2.926359176635742188e-01
2.772934436798095703e-01
2.789635658264160156e-01
1.802923679351806641e-01
7.458782196044921875e-02
2.194335460662841797e-01
2.932403087615966797e-01
2.880401611328125000e-01
2.773115634918212891e-01
2.280473709106445312e-01
2.022087574005126953e-01
2.221035957336425781e-01
2.988350391387939453e-01
2.766575813293457031e-01
2.811975479125976562e-01
2.798542976379394531e-01
1.409547328948974609e-01
2.122066020965576172e-01
2.907345294952392578e-01
2.506525516510009766e-01
2.815833091735839844e-01
1.588723659515380859e-01
1.322181224822998047e-01
2.218389511108398438e-01
2.899041175842285156e-01
8.386516571044921875e-02
2.251071929931640625e-01
2.337543964385986328e-01
2.611715793609619141e-01
2.183005809783935547e-01
2.904434204101562500e-01
2.738287448883056641e-01
2.790555953979492188e-01
2.812964916229248047e-01
1.624667644500732422e-01
2.222058773040771484e-01
2.924699783325195312e-01
2.852206230163574219e-01
2.754805088043212891e-01
2.803542613983154297e-01
1.221807003021240234e-01
2.210333347320556641e-01
2.400701045989990234e-01
2.562615871429443359e-01
2.731809616088867188e-01
2.795519828796386719e-01
2.856655120849609375e-01
2.309069633483886719e-01
3.022985458374023438e-01
2.952535152435302734e-01
2.941467761993408203e-01
2.843205928802490234e-01
1.942472457885742188e-01
2.295701503753662109e-01
2.841136455535888672e-01
2.864835262298583984e-01
2.868728637695312500e-01
2.783224582672119141e-01
2.040765285491943359e-01
2.275233268737792969e-01
2.905080318450927734e-01
2.623333930969238281e-01
7.711267471313476562e-02
1.754088401794433594e-01
2.676835060119628906e-01
2.308685779571533203e-01
2.965002059936523438e-01
3.030087947845458984e-01
2.723164558410644531e-01
2.553658485412597656e-01
1.724529266357421875e-01
2.259795665740966797e-01
2.258064746856689453e-01
2.954566478729248047e-01
2.915341854095458984e-01
2.869617938995361328e-01
2.274386882781982422e-01
2.275614738464355469e-01
2.915236949920654297e-01
2.777707576751708984e-01
2.134165763854980469e-01
2.036666870117187500e-01
2.346305847167968750e-01
1.998980045318603516e-01
2.908575534820556641e-01
2.906014919281005859e-01
2.756347656250000000e-01
2.830905914306640625e-01
2.447030544281005859e-01
2.279541492462158203e-01
2.983198165893554688e-01
2.781310081481933594e-01
2.287580966949462891e-01
2.515830993652343750e-01
2.551198005676269531e-01
2.321608066558837891e-01
2.896697521209716797e-01
2.545614242553710938e-01
2.505216598510742188e-01
8.414316177368164062e-02
2.655975818634033203e-01
2.328228950500488281e-01
2.869999408721923828e-01
2.832300662994384766e-01
1.971659660339355469e-01
2.565045356750488281e-01
2.203636169433593750e-01
2.249543666839599609e-01
2.929666042327880859e-01
2.986555099487304688e-01
2.935817241668701172e-01
2.813954353332519531e-01
1.879761219024658203e-01
2.313895225524902344e-01
3.015561103820800781e-01
2.893700599670410156e-01
2.844338417053222656e-01
2.779285907745361328e-01
2.411029338836669922e-01
2.281208038330078125e-01
2.824375629425048828e-01
2.945342063903808594e-01
2.848131656646728516e-01
2.670862674713134766e-01
1.402122974395751953e-01
1.889827251434326172e-01
2.256412506103515625e-01
2.256553173065185547e-01
2.235653400421142578e-01
2.583165168762207031e-01
2.339880466461181641e-01
1.556429862976074219e-01
2.418694496154785156e-01
2.892358303070068359e-01
2.810776233673095703e-01
2.865841388702392578e-01
9.083271026611328125e-02
2.200913429260253906e-01
2.830252647399902344e-01
2.891480922698974609e-01
2.803089618682861328e-01
2.331137657165527344e-01
2.047853469848632812e-01
2.213072776794433594e-01
2.920346260070800781e-01
2.403068542480468750e-01
2.795467376708984375e-01
2.226841449737548828e-01
1.317679882049560547e-01
2.203457355499267578e-01
2.809870243072509766e-01
2.891428470611572266e-01
2.731535434722900391e-01
2.615263462066650391e-01
1.335694789886474609e-01
2.172496318817138672e-01
2.987029552459716797e-01
2.884047031402587891e-01
2.795920372009277344e-01
2.830760478973388672e-01
1.944015026092529297e-01
2.145698070526123047e-01
2.909419536590576172e-01
2.733218669891357422e-01
2.815964221954345703e-01
2.740311622619628906e-01
2.136480808258056641e-01
2.717835903167724609e-01
2.780320644378662109e-01
2.794294357299804688e-01
2.633941173553466797e-01
1.183824539184570312e-01
8.302664756774902344e-02
1.779389381408691406e-02
2.124998569488525391e-01
2.320656776428222656e-01
2.725543975830078125e-01
2.814748287200927734e-01
2.849156856536865234e-01
2.305593490600585938e-01
2.865076065063476562e-01
2.795317173004150391e-01
2.859146595001220703e-01
2.759015560150146484e-01
1.459879875183105469e-01
2.326521873474121094e-01
2.925803661346435547e-01
2.106051445007324219e-01
2.233469486236572266e-01
2.539896965026855469e-01
2.452733516693115234e-01
2.277092933654785156e-01
2.888302803039550781e-01
2.943041324615478516e-01
3.051435947418212891e-01
2.850847244262695312e-01
1.941332817077636719e-01
2.322165966033935547e-01
2.947123050689697266e-01
2.880949974060058594e-01
2.837693691253662109e-01
2.899012565612792969e-01
2.216486930847167969e-01
2.278232574462890625e-01
2.972517013549804688e-01
3.021094799041748047e-01
2.872562408447265625e-01
2.198340892791748047e-01
1.283590793609619141e-01
2.673666477203369141e-01
9.309983253479003906e-02
2.783796787261962891e-01
2.679398059844970703e-01
2.741441726684570312e-01
2.692222595214843750e-01
2.275838851928710938e-01
2.905275821685791016e-01
2.938823699951171875e-01
2.980382442474365234e-01
2.905905246734619141e-01
2.104732990264892578e-01
2.179245948791503906e-01
2.828676700592041016e-01
2.885513305664062500e-01
2.893810272216796875e-01
2.868027687072753906e-01
2.075812816619873047e-01
2.286629676818847656e-01
2.935175895690917969e-01
2.550845146179199219e-01
2.556860446929931641e-01
2.857484817504882812e-01
2.041893005371093750e-01
2.307376861572265625e-01
2.996339797973632812e-01
3.028094768524169922e-01
2.810714244842529297e-01
2.683391571044921875e-01
1.405889987945556641e-01
2.329351902008056641e-01
2.988629341125488281e-01
2.963759899139404297e-01
2.938547134399414062e-01
2.862198352813720703e-01
1.828808784484863281e-01
2.299039363861083984e-01
2.963588237762451172e-01
9.252500534057617188e-02
2.718880176544189453e-01
2.673294544219970703e-01
2.742440700531005859e-01
2.289326190948486328e-01
2.702181339263916016e-01
2.854838371276855469e-01
2.799568176269531250e-01
2.855734825134277344e-01
2.258915901184082031e-01
2.330708503723144531e-01
2.957379817962646484e-01
2.940423488616943359e-01
2.954416275024414062e-01
2.958648204803466797e-01
2.148046493530273438e-01
2.270863056182861328e-01
2.835726737976074219e-01
2.932472229003906250e-01
2.900760173797607422e-01
2.804532051086425781e-01
1.576731204986572266e-01
2.308905124664306641e-01
2.961399555206298828e-01
2.675037384033203125e-01
2.635748386383056641e-01
2.852566242218017578e-01
2.166435718536376953e-01
2.276458740234375000e-01
2.989447116851806641e-01
2.959961891174316406e-01
2.926456928253173828e-01
2.906258106231689453e-01
2.020277976989746094e-01
2.268881797790527344e-01
2.835578918457031250e-01
2.705044746398925781e-01
1.074442863464355469e-01
2.770626544952392578e-01
2.682256698608398438e-01
2.221965789794921875e-01
2.925062179565429688e-01
2.865905761718750000e-01
2.793180942535400391e-01
2.740986347198486328e-01
1.148056983947753906e-01
2.921051979064941406e-01
2.959399223327636719e-01
2.591245174407958984e-01
2.806711196899414062e-01
1.675400733947753906e-01
1.345231533050537109e-01
2.223124504089355469e-01
2.928829193115234375e-01
2.941453456878662109e-01
2.832667827606201172e-01
2.826335430145263672e-01
1.652808189392089844e-01
2.147223949432373047e-01
2.970948219299316406e-01
2.771022319793701172e-01
2.784230709075927734e-01
2.808759212493896484e-01
1.823630332946777344e-01
2.152123451232910156e-01
2.275662422180175781e-01
2.112867832183837891e-01
2.737636566162109375e-01
2.339642047882080078e-01
1.459572315216064453e-01
2.187461853027343750e-01
2.916629314422607422e-01
2.862620353698730469e-01
2.846550941467285156e-01
7.977342605590820312e-02
2.308406829833984375e-01
2.122695446014404297e-01
2.913262844085693359e-01
2.793667316436767578e-01
2.766375541687011719e-01
2.763297557830810547e-01
1.966812610626220703e-01
2.237975597381591797e-01
2.415010929107666016e-01
2.660374641418457031e-01
2.692267894744873047e-01
2.808089256286621094e-01
2.323184013366699219e-01
2.850043773651123047e-01
2.905211448669433594e-01
2.779967784881591797e-01
2.610871791839599609e-01
1.823177337646484375e-01
7.420158386230468750e-02
2.222545146942138672e-01
2.883241176605224609e-01
2.838490009307861328e-01
2.837877273559570312e-01
2.754032611846923828e-01
1.647045612335205078e-01
2.236356735229492188e-01
2.757318019866943359e-01
2.849364280700683594e-01
2.775449752807617188e-01
2.827215194702148438e-01
1.405208110809326172e-01
2.178156375885009766e-01
2.921702861785888672e-01
2.396948337554931641e-01
2.940835952758789062e-01
1.631867885589599609e-01
4.996395111083984375e-02
2.163133621215820312e-01
2.909913063049316406e-01
2.714617252349853516e-01
2.865505218505859375e-01
2.830545902252197266e-01
1.950368881225585938e-01
2.149450778961181641e-01
2.855126857757568359e-01
2.897865772247314453e-01
2.833147048950195312e-01
2.746219635009765625e-01
1.885159015655517578e-01
2.241652011871337891e-01
2.935163974761962891e-01
2.991905212402343750e-01
3.002474308013916016e-01
2.960278987884521484e-01
1.373727321624755859e-01
2.212352752685546875e-01
2.875611782073974609e-01
2.837860584259033203e-01
2.836503982543945312e-01
2.780778408050537109e-01
2.408158779144287109e-01
2.185013294219970703e-01
2.749125957489013672e-01
2.513103485107421875e-01
2.383916378021240234e-01
2.473003864288330078e-01
2.200603485107421875e-01
2.210636138916015625e-01
2.899484634399414062e-01
2.838699817657470703e-01
2.790105342864990234e-01
2.505517005920410156e-01
2.200350761413574219e-01
1.792812347412109375e-02
2.117173671722412109e-01
2.412030696868896484e-01
1.805095672607421875e-01
2.031140327453613281e-01
2.398934364318847656e-01
2.275795936584472656e-01
2.828915119171142578e-01
2.857627868652343750e-01
2.724483013153076172e-01
2.719199657440185547e-01
1.342673301696777344e-01
2.310094833374023438e-01
3.000295162200927734e-01
2.913069725036621094e-01
2.861559391021728516e-01
2.902343273162841797e-01
2.990009784698486328e-01
2.252013683319091797e-01
2.905020713806152344e-01
2.753648757934570312e-01
2.301251888275146484e-01
2.101314067840576172e-01
2.276277542114257812e-01
1.796953678131103516e-01
1.851317882537841797e-01
2.147283554077148438e-01
2.338600158691406250e-01
2.861235141754150391e-01
2.980737686157226562e-01
2.309298515319824219e-01
3.013114929199218750e-01
2.936472892761230469e-01
2.501280307769775391e-01
2.640707492828369141e-01
2.392027378082275391e-01
2.321734428405761719e-01
3.239393234252929688e-02
2.510957717895507812e-01
2.769083976745605469e-01
2.690517902374267578e-01
2.810955047607421875e-01
2.319490909576416016e-01
3.008267879486083984e-01
2.877323627471923828e-01
2.082571983337402344e-01
2.837951183319091797e-01
2.759792804718017578e-01
2.309420108795166016e-01
3.034133911132812500e-01
3.036420345306396484e-01
2.920794486999511719e-01
2.864608764648437500e-01
2.802526950836181641e-01
2.342040538787841797e-01
2.922425270080566406e-01
2.877531051635742188e-01
2.890088558197021484e-01
2.870819568634033203e-01
1.693406105041503906e-01
2.328574657440185547e-01
3.061735630035400391e-01
2.898271083831787109e-01
2.873966693878173828e-01
2.597987651824951172e-01
1.998026371002197266e-01
